	.text
	.syntax unified
	.eabi_attribute	67, "2.09"	@ Tag_conformance
	.cpu	cortex-m7
	.eabi_attribute	6, 13	@ Tag_CPU_arch
	.eabi_attribute	7, 77	@ Tag_CPU_arch_profile
	.eabi_attribute	8, 0	@ Tag_ARM_ISA_use
	.eabi_attribute	9, 2	@ Tag_THUMB_ISA_use
	.fpu	fpv5-d16
	.eabi_attribute	36, 1	@ Tag_FP_HP_extension
	.eabi_attribute	34, 1	@ Tag_CPU_unaligned_access
	.eabi_attribute	17, 1	@ Tag_ABI_PCS_GOT_use
	.eabi_attribute	20, 2	@ Tag_ABI_FP_denormal
	.eabi_attribute	21, 0	@ Tag_ABI_FP_exceptions
	.eabi_attribute	23, 1	@ Tag_ABI_FP_number_model
	.eabi_attribute	24, 1	@ Tag_ABI_align_needed
	.eabi_attribute	25, 1	@ Tag_ABI_align_preserved
	.eabi_attribute	28, 1	@ Tag_ABI_VFP_args
	.eabi_attribute	38, 1	@ Tag_ABI_FP_16bit_format
	.eabi_attribute	18, 2	@ Tag_ABI_PCS_wchar_t
	.eabi_attribute	26, 1	@ Tag_ABI_enum_size
	.eabi_attribute	14, 0	@ Tag_ABI_PCS_R9_use
	.file	"cJSON_util.c"
	.section	.text.cJSON_free,"ax",%progbits
	.hidden	cJSON_free                      @ -- Begin function cJSON_free
	.globl	cJSON_free
	.p2align	3
	.type	cJSON_free,%function
	.code	16                              @ @cJSON_free
	.thumb_func
cJSON_free:
.Lfunc_begin0:
	.file	1 "E:\\Smart-access-control\\Hardware\\CODE" "packages/cJSON-v1.0.2/cJSON_util.c"
	.loc	1 12 0                          @ packages/cJSON-v1.0.2/cJSON_util.c:12:0
	.fnstart
	.cfi_sections .debug_frame
	.cfi_startproc
@ %bb.0:
	@DEBUG_VALUE: cJSON_free:ptr <- $r0
	@DEBUG_VALUE: cJSON_free:ptr <- $r0
	@DEBUG_VALUE: cJSON_free:ptr <- $r0
	.save	{r7, lr}
	push	{r7, lr}
	.cfi_def_cfa_offset 8
	.cfi_offset lr, -4
	.cfi_offset r7, -8
.Ltmp0:
	.loc	1 13 5 prologue_end             @ packages/cJSON-v1.0.2/cJSON_util.c:13:5
	bl	rt_free
.Ltmp1:
	@DEBUG_VALUE: cJSON_free:ptr <- [DW_OP_LLVM_entry_value 1] $r0
	.loc	1 14 1                          @ packages/cJSON-v1.0.2/cJSON_util.c:14:1
	pop	{r7, pc}
.Ltmp2:
.Lfunc_end0:
	.size	cJSON_free, .Lfunc_end0-cJSON_free
	.cfi_endproc
	.cantunwind
	.fnend
                                        @ -- End function
	.section	.text.cJSON_item_get_string,"ax",%progbits
	.hidden	cJSON_item_get_string           @ -- Begin function cJSON_item_get_string
	.globl	cJSON_item_get_string
	.p2align	3
	.type	cJSON_item_get_string,%function
	.code	16                              @ @cJSON_item_get_string
	.thumb_func
cJSON_item_get_string:
.Lfunc_begin1:
	.loc	1 17 0                          @ packages/cJSON-v1.0.2/cJSON_util.c:17:0
	.fnstart
	.cfi_startproc
@ %bb.0:
	@DEBUG_VALUE: cJSON_item_get_string:object <- $r0
	@DEBUG_VALUE: cJSON_item_get_string:object <- $r0
	@DEBUG_VALUE: cJSON_item_get_string:item_name <- $r1
	@DEBUG_VALUE: cJSON_item_get_string:item_name <- $r1
	@DEBUG_VALUE: cJSON_item_get_string:item_name <- $r1
	@DEBUG_VALUE: cJSON_item_get_string:object <- $r0
	.save	{r7, lr}
	push	{r7, lr}
	.cfi_def_cfa_offset 8
	.cfi_offset lr, -4
	.cfi_offset r7, -8
.Ltmp3:
	.loc	1 21 12 prologue_end            @ packages/cJSON-v1.0.2/cJSON_util.c:21:12
	bl	cJSON_GetObjectItem
.Ltmp4:
	@DEBUG_VALUE: cJSON_item_get_string:item_name <- [DW_OP_LLVM_entry_value 1] $r1
	@DEBUG_VALUE: cJSON_item_get_string:object <- [DW_OP_LLVM_entry_value 1] $r0
	@DEBUG_VALUE: cJSON_item_get_string:item <- $r0
	.loc	1 23 8                          @ packages/cJSON-v1.0.2/cJSON_util.c:23:8
	cbz	r0, .LBB1_3
.Ltmp5:
@ %bb.1:
	@DEBUG_VALUE: cJSON_item_get_string:item <- $r0
	@DEBUG_VALUE: cJSON_item_get_string:item_name <- [DW_OP_LLVM_entry_value 1] $r1
	@DEBUG_VALUE: cJSON_item_get_string:object <- [DW_OP_LLVM_entry_value 1] $r0
	.loc	1 26 16                         @ packages/cJSON-v1.0.2/cJSON_util.c:26:16
	ldr	r1, [r0, #12]
	.loc	1 26 38 is_stmt 0               @ packages/cJSON-v1.0.2/cJSON_util.c:26:38
	bic	r2, r1, #1
	cmp	r2, #4
	bne	.LBB1_3
.Ltmp6:
@ %bb.2:
	@DEBUG_VALUE: cJSON_item_get_string:item <- $r0
	@DEBUG_VALUE: cJSON_item_get_string:item_name <- [DW_OP_LLVM_entry_value 1] $r1
	@DEBUG_VALUE: cJSON_item_get_string:object <- [DW_OP_LLVM_entry_value 1] $r0
	.loc	1 29 8 is_stmt 1                @ packages/cJSON-v1.0.2/cJSON_util.c:29:8
	cmp	r1, #5
.Ltmp7:
	.loc	1 30 22                         @ packages/cJSON-v1.0.2/cJSON_util.c:30:22
	it	eq
	ldreq	r0, [r0, #8]
.Ltmp8:
	.loc	1 0 0 is_stmt 0                 @ packages/cJSON-v1.0.2/cJSON_util.c:0:0
	ldr	r0, [r0, #16]
	.loc	1 33 1 is_stmt 1                @ packages/cJSON-v1.0.2/cJSON_util.c:33:1
	pop	{r7, pc}
.Ltmp9:
.LBB1_3:
	@DEBUG_VALUE: cJSON_item_get_string:item <- $r0
	@DEBUG_VALUE: cJSON_item_get_string:item_name <- [DW_OP_LLVM_entry_value 1] $r1
	@DEBUG_VALUE: cJSON_item_get_string:object <- [DW_OP_LLVM_entry_value 1] $r0
	.loc	1 0 1 is_stmt 0                 @ packages/cJSON-v1.0.2/cJSON_util.c:0:1
	movs	r0, #0
.Ltmp10:
	.loc	1 33 1                          @ packages/cJSON-v1.0.2/cJSON_util.c:33:1
	pop	{r7, pc}
.Ltmp11:
.Lfunc_end1:
	.size	cJSON_item_get_string, .Lfunc_end1-cJSON_item_get_string
	.cfi_endproc
	.cantunwind
	.fnend
                                        @ -- End function
	.section	.text.cJSON_item_get_number,"ax",%progbits
	.hidden	cJSON_item_get_number           @ -- Begin function cJSON_item_get_number
	.globl	cJSON_item_get_number
	.p2align	3
	.type	cJSON_item_get_number,%function
	.code	16                              @ @cJSON_item_get_number
	.thumb_func
cJSON_item_get_number:
.Lfunc_begin2:
	.loc	1 36 0 is_stmt 1                @ packages/cJSON-v1.0.2/cJSON_util.c:36:0
	.fnstart
	.cfi_startproc
@ %bb.0:
	@DEBUG_VALUE: cJSON_item_get_number:object <- $r0
	@DEBUG_VALUE: cJSON_item_get_number:item_name <- $r1
	@DEBUG_VALUE: cJSON_item_get_number:result <- $r2
	.save	{r4, lr}
	push	{r4, lr}
	.cfi_def_cfa_offset 8
	.cfi_offset lr, -4
	.cfi_offset r4, -8
	mov	r4, r2
.Ltmp12:
	@DEBUG_VALUE: cJSON_item_get_number:result <- $r4
	@DEBUG_VALUE: cJSON_item_get_number:result <- $r4
	@DEBUG_VALUE: cJSON_item_get_number:item_name <- $r1
	@DEBUG_VALUE: cJSON_item_get_number:object <- $r0
	@DEBUG_VALUE: cJSON_item_get_number:item_name <- $r1
	@DEBUG_VALUE: cJSON_item_get_number:object <- $r0
	.loc	1 40 12 prologue_end            @ packages/cJSON-v1.0.2/cJSON_util.c:40:12
	bl	cJSON_GetObjectItem
.Ltmp13:
	@DEBUG_VALUE: cJSON_item_get_number:item_name <- [DW_OP_LLVM_entry_value 1] $r1
	@DEBUG_VALUE: cJSON_item_get_number:object <- [DW_OP_LLVM_entry_value 1] $r0
	@DEBUG_VALUE: cJSON_item_get_number:item <- $r0
	.loc	1 42 8                          @ packages/cJSON-v1.0.2/cJSON_util.c:42:8
	cbz	r0, .LBB2_4
.Ltmp14:
@ %bb.1:
	@DEBUG_VALUE: cJSON_item_get_number:result <- $r4
	@DEBUG_VALUE: cJSON_item_get_number:item <- $r0
	@DEBUG_VALUE: cJSON_item_get_number:item_name <- [DW_OP_LLVM_entry_value 1] $r1
	@DEBUG_VALUE: cJSON_item_get_number:object <- [DW_OP_LLVM_entry_value 1] $r0
	.loc	1 45 14                         @ packages/cJSON-v1.0.2/cJSON_util.c:45:14
	ldr	r1, [r0, #12]
.Ltmp15:
	.loc	1 45 8 is_stmt 0                @ packages/cJSON-v1.0.2/cJSON_util.c:45:8
	cmp	r1, #3
	bne	.LBB2_4
.Ltmp16:
@ %bb.2:
	@DEBUG_VALUE: cJSON_item_get_number:result <- $r4
	@DEBUG_VALUE: cJSON_item_get_number:item <- $r0
	@DEBUG_VALUE: cJSON_item_get_number:item_name <- [DW_OP_LLVM_entry_value 1] $r1
	@DEBUG_VALUE: cJSON_item_get_number:object <- [DW_OP_LLVM_entry_value 1] $r0
	.loc	1 48 8 is_stmt 1                @ packages/cJSON-v1.0.2/cJSON_util.c:48:8
	cbz	r4, .LBB2_5
.Ltmp17:
@ %bb.3:
	@DEBUG_VALUE: cJSON_item_get_number:result <- $r4
	@DEBUG_VALUE: cJSON_item_get_number:item <- $r0
	@DEBUG_VALUE: cJSON_item_get_number:item_name <- [DW_OP_LLVM_entry_value 1] $r1
	@DEBUG_VALUE: cJSON_item_get_number:object <- [DW_OP_LLVM_entry_value 1] $r0
	.loc	1 49 25                         @ packages/cJSON-v1.0.2/cJSON_util.c:49:25
	ldr	r0, [r0, #20]
.Ltmp18:
	.loc	1 49 17 is_stmt 0               @ packages/cJSON-v1.0.2/cJSON_util.c:49:17
	str	r0, [r4]
	movs	r0, #0
.Ltmp19:
	.loc	1 52 1 is_stmt 1                @ packages/cJSON-v1.0.2/cJSON_util.c:52:1
	pop	{r4, pc}
.Ltmp20:
.LBB2_4:
	@DEBUG_VALUE: cJSON_item_get_number:result <- $r4
	@DEBUG_VALUE: cJSON_item_get_number:item <- $r0
	@DEBUG_VALUE: cJSON_item_get_number:item_name <- [DW_OP_LLVM_entry_value 1] $r1
	@DEBUG_VALUE: cJSON_item_get_number:object <- [DW_OP_LLVM_entry_value 1] $r0
	.loc	1 0 1 is_stmt 0                 @ packages/cJSON-v1.0.2/cJSON_util.c:0:1
	mov.w	r0, #-1
.Ltmp21:
	.loc	1 52 1                          @ packages/cJSON-v1.0.2/cJSON_util.c:52:1
	pop	{r4, pc}
.Ltmp22:
.LBB2_5:
	@DEBUG_VALUE: cJSON_item_get_number:result <- $r4
	@DEBUG_VALUE: cJSON_item_get_number:item <- $r0
	@DEBUG_VALUE: cJSON_item_get_number:item_name <- [DW_OP_LLVM_entry_value 1] $r1
	@DEBUG_VALUE: cJSON_item_get_number:object <- [DW_OP_LLVM_entry_value 1] $r0
	.loc	1 0 1                           @ packages/cJSON-v1.0.2/cJSON_util.c:0:1
	movs	r0, #0
.Ltmp23:
	.loc	1 52 1                          @ packages/cJSON-v1.0.2/cJSON_util.c:52:1
	pop	{r4, pc}
.Ltmp24:
.Lfunc_end2:
	.size	cJSON_item_get_number, .Lfunc_end2-cJSON_item_get_number
	.cfi_endproc
	.cantunwind
	.fnend
                                        @ -- End function
	.section	.text.cJSON_AddInteger2StringToObject,"ax",%progbits
	.hidden	cJSON_AddInteger2StringToObject @ -- Begin function cJSON_AddInteger2StringToObject
	.globl	cJSON_AddInteger2StringToObject
	.p2align	3
	.type	cJSON_AddInteger2StringToObject,%function
	.code	16                              @ @cJSON_AddInteger2StringToObject
	.thumb_func
cJSON_AddInteger2StringToObject:
.Lfunc_begin3:
	.loc	1 55 0 is_stmt 1                @ packages/cJSON-v1.0.2/cJSON_util.c:55:0
	.fnstart
	.cfi_startproc
@ %bb.0:
	@DEBUG_VALUE: cJSON_AddInteger2StringToObject:object <- $r0
	@DEBUG_VALUE: cJSON_AddInteger2StringToObject:name <- $r1
	@DEBUG_VALUE: cJSON_AddInteger2StringToObject:i <- $r2
	.save	{r4, r5, r6, lr}
	push	{r4, r5, r6, lr}
	.cfi_def_cfa_offset 16
	.cfi_offset lr, -4
	.cfi_offset r6, -8
	.cfi_offset r5, -12
	.cfi_offset r4, -16
	.pad	#16
	sub	sp, #16
	.cfi_def_cfa_offset 32
	add	r6, sp, #4
	mov	r4, r1
.Ltmp25:
	@DEBUG_VALUE: cJSON_AddInteger2StringToObject:name <- $r4
	mov	r5, r0
.Ltmp26:
	@DEBUG_VALUE: cJSON_AddInteger2StringToObject:object <- $r5
	@DEBUG_VALUE: cJSON_AddInteger2StringToObject:i <- $r2
	@DEBUG_VALUE: cJSON_AddInteger2StringToObject:name <- $r4
	@DEBUG_VALUE: cJSON_AddInteger2StringToObject:object <- $r5
	.loc	1 58 5 prologue_end             @ packages/cJSON-v1.0.2/cJSON_util.c:58:5
	adr	r1, .LCPI3_0
	mov	r0, r6
	@DEBUG_VALUE: cJSON_AddInteger2StringToObject:i <- $r2
	bl	__2sprintf
.Ltmp27:
	@DEBUG_VALUE: cJSON_AddInteger2StringToObject:i <- [DW_OP_LLVM_entry_value 1] $r2
	.loc	1 59 5                          @ packages/cJSON-v1.0.2/cJSON_util.c:59:5
	mov	r0, r6
	bl	cJSON_CreateString
	mov	r2, r0
	mov	r0, r5
.Ltmp28:
	@DEBUG_VALUE: cJSON_AddInteger2StringToObject:object <- $r0
	mov	r1, r4
.Ltmp29:
	@DEBUG_VALUE: cJSON_AddInteger2StringToObject:name <- $r1
	bl	cJSON_AddItemToObject
.Ltmp30:
	.loc	1 60 1                          @ packages/cJSON-v1.0.2/cJSON_util.c:60:1
	add	sp, #16
	pop	{r4, r5, r6, pc}
.Ltmp31:
	.p2align	2
@ %bb.1:
	.loc	1 0 1 is_stmt 0                 @ packages/cJSON-v1.0.2/cJSON_util.c:0:1
.LCPI3_0:
.L.str:
	.asciz	"%d\000"
.Lfunc_end3:
	.size	cJSON_AddInteger2StringToObject, .Lfunc_end3-cJSON_AddInteger2StringToObject
	.cfi_endproc
	.cantunwind
	.fnend
                                        @ -- End function
	.globl	_printf_percent
	.globl	_printf_d
	.globl	_printf_int_dec
	.hidden	_printf_percent
	.hidden	_printf_d
	.hidden	_printf_int_dec
	.file	2 "E:\\Smart-access-control\\Hardware\\CODE" "./packages/cJSON-v1.0.2/cJSON.h"
	.section	.debug_loc,"",%progbits
.Ldebug_loc0:
	.long	-1
	.long	.Lfunc_begin0                   @   base address
	.long	.Lfunc_begin0-.Lfunc_begin0
	.long	.Ltmp1-.Lfunc_begin0
	.short	1                               @ Loc expr size
	.byte	80                              @ DW_OP_reg0
	.long	.Ltmp1-.Lfunc_begin0
	.long	.Lfunc_end0-.Lfunc_begin0
	.short	3                               @ Loc expr size
	.byte	163                             @ DW_OP_entry_value
	.byte	1                               @ 1
	.byte	80                              @ DW_OP_reg0
	.long	0
	.long	0
.Ldebug_loc1:
	.long	-1
	.long	.Lfunc_begin1                   @   base address
	.long	.Lfunc_begin1-.Lfunc_begin1
	.long	.Ltmp4-.Lfunc_begin1
	.short	1                               @ Loc expr size
	.byte	80                              @ DW_OP_reg0
	.long	.Ltmp4-.Lfunc_begin1
	.long	.Lfunc_end1-.Lfunc_begin1
	.short	3                               @ Loc expr size
	.byte	163                             @ DW_OP_entry_value
	.byte	1                               @ 1
	.byte	80                              @ DW_OP_reg0
	.long	0
	.long	0
.Ldebug_loc2:
	.long	-1
	.long	.Lfunc_begin1                   @   base address
	.long	.Lfunc_begin1-.Lfunc_begin1
	.long	.Ltmp4-.Lfunc_begin1
	.short	1                               @ Loc expr size
	.byte	81                              @ DW_OP_reg1
	.long	.Ltmp4-.Lfunc_begin1
	.long	.Lfunc_end1-.Lfunc_begin1
	.short	3                               @ Loc expr size
	.byte	163                             @ DW_OP_entry_value
	.byte	1                               @ 1
	.byte	81                              @ DW_OP_reg1
	.long	0
	.long	0
.Ldebug_loc3:
	.long	-1
	.long	.Lfunc_begin1                   @   base address
	.long	.Ltmp4-.Lfunc_begin1
	.long	.Ltmp8-.Lfunc_begin1
	.short	1                               @ Loc expr size
	.byte	80                              @ DW_OP_reg0
	.long	.Ltmp9-.Lfunc_begin1
	.long	.Ltmp10-.Lfunc_begin1
	.short	1                               @ Loc expr size
	.byte	80                              @ DW_OP_reg0
	.long	0
	.long	0
.Ldebug_loc4:
	.long	-1
	.long	.Lfunc_begin2                   @   base address
	.long	.Lfunc_begin2-.Lfunc_begin2
	.long	.Ltmp13-.Lfunc_begin2
	.short	1                               @ Loc expr size
	.byte	80                              @ DW_OP_reg0
	.long	.Ltmp13-.Lfunc_begin2
	.long	.Lfunc_end2-.Lfunc_begin2
	.short	3                               @ Loc expr size
	.byte	163                             @ DW_OP_entry_value
	.byte	1                               @ 1
	.byte	80                              @ DW_OP_reg0
	.long	0
	.long	0
.Ldebug_loc5:
	.long	-1
	.long	.Lfunc_begin2                   @   base address
	.long	.Lfunc_begin2-.Lfunc_begin2
	.long	.Ltmp13-.Lfunc_begin2
	.short	1                               @ Loc expr size
	.byte	81                              @ DW_OP_reg1
	.long	.Ltmp13-.Lfunc_begin2
	.long	.Lfunc_end2-.Lfunc_begin2
	.short	3                               @ Loc expr size
	.byte	163                             @ DW_OP_entry_value
	.byte	1                               @ 1
	.byte	81                              @ DW_OP_reg1
	.long	0
	.long	0
.Ldebug_loc6:
	.long	-1
	.long	.Lfunc_begin2                   @   base address
	.long	.Lfunc_begin2-.Lfunc_begin2
	.long	.Ltmp12-.Lfunc_begin2
	.short	1                               @ Loc expr size
	.byte	82                              @ DW_OP_reg2
	.long	.Ltmp12-.Lfunc_begin2
	.long	.Ltmp24-.Lfunc_begin2
	.short	1                               @ Loc expr size
	.byte	84                              @ DW_OP_reg4
	.long	0
	.long	0
.Ldebug_loc7:
	.long	-1
	.long	.Lfunc_begin2                   @   base address
	.long	.Ltmp13-.Lfunc_begin2
	.long	.Ltmp18-.Lfunc_begin2
	.short	1                               @ Loc expr size
	.byte	80                              @ DW_OP_reg0
	.long	.Ltmp20-.Lfunc_begin2
	.long	.Ltmp21-.Lfunc_begin2
	.short	1                               @ Loc expr size
	.byte	80                              @ DW_OP_reg0
	.long	.Ltmp22-.Lfunc_begin2
	.long	.Ltmp23-.Lfunc_begin2
	.short	1                               @ Loc expr size
	.byte	80                              @ DW_OP_reg0
	.long	0
	.long	0
.Ldebug_loc8:
	.long	-1
	.long	.Lfunc_begin3                   @   base address
	.long	.Lfunc_begin3-.Lfunc_begin3
	.long	.Ltmp26-.Lfunc_begin3
	.short	1                               @ Loc expr size
	.byte	80                              @ DW_OP_reg0
	.long	.Ltmp26-.Lfunc_begin3
	.long	.Ltmp28-.Lfunc_begin3
	.short	1                               @ Loc expr size
	.byte	85                              @ DW_OP_reg5
	.long	.Ltmp28-.Lfunc_begin3
	.long	.Ltmp30-.Lfunc_begin3
	.short	1                               @ Loc expr size
	.byte	80                              @ DW_OP_reg0
	.long	0
	.long	0
.Ldebug_loc9:
	.long	-1
	.long	.Lfunc_begin3                   @   base address
	.long	.Lfunc_begin3-.Lfunc_begin3
	.long	.Ltmp25-.Lfunc_begin3
	.short	1                               @ Loc expr size
	.byte	81                              @ DW_OP_reg1
	.long	.Ltmp25-.Lfunc_begin3
	.long	.Ltmp29-.Lfunc_begin3
	.short	1                               @ Loc expr size
	.byte	84                              @ DW_OP_reg4
	.long	.Ltmp29-.Lfunc_begin3
	.long	.Ltmp30-.Lfunc_begin3
	.short	1                               @ Loc expr size
	.byte	81                              @ DW_OP_reg1
	.long	0
	.long	0
.Ldebug_loc10:
	.long	-1
	.long	.Lfunc_begin3                   @   base address
	.long	.Lfunc_begin3-.Lfunc_begin3
	.long	.Ltmp27-.Lfunc_begin3
	.short	1                               @ Loc expr size
	.byte	82                              @ DW_OP_reg2
	.long	.Ltmp27-.Lfunc_begin3
	.long	.Ltmp31-.Lfunc_begin3
	.short	3                               @ Loc expr size
	.byte	163                             @ DW_OP_entry_value
	.byte	1                               @ 1
	.byte	82                              @ DW_OP_reg2
	.long	0
	.long	0
	.section	.debug_abbrev,"",%progbits
	.byte	1                               @ Abbreviation Code
	.byte	17                              @ DW_TAG_compile_unit
	.byte	1                               @ DW_CHILDREN_yes
	.byte	37                              @ DW_AT_producer
	.byte	14                              @ DW_FORM_strp
	.byte	19                              @ DW_AT_language
	.byte	5                               @ DW_FORM_data2
	.byte	3                               @ DW_AT_name
	.byte	14                              @ DW_FORM_strp
	.byte	16                              @ DW_AT_stmt_list
	.byte	6                               @ DW_FORM_data4
	.byte	27                              @ DW_AT_comp_dir
	.byte	14                              @ DW_FORM_strp
	.byte	17                              @ DW_AT_low_pc
	.byte	1                               @ DW_FORM_addr
	.byte	85                              @ DW_AT_ranges
	.byte	6                               @ DW_FORM_data4
	.byte	0                               @ EOM(1)
	.byte	0                               @ EOM(2)
	.byte	2                               @ Abbreviation Code
	.byte	46                              @ DW_TAG_subprogram
	.byte	1                               @ DW_CHILDREN_yes
	.byte	17                              @ DW_AT_low_pc
	.byte	1                               @ DW_FORM_addr
	.byte	18                              @ DW_AT_high_pc
	.byte	1                               @ DW_FORM_addr
	.byte	64                              @ DW_AT_frame_base
	.byte	10                              @ DW_FORM_block1
	.byte	3                               @ DW_AT_name
	.byte	14                              @ DW_FORM_strp
	.byte	58                              @ DW_AT_decl_file
	.byte	11                              @ DW_FORM_data1
	.byte	59                              @ DW_AT_decl_line
	.byte	11                              @ DW_FORM_data1
	.byte	39                              @ DW_AT_prototyped
	.byte	12                              @ DW_FORM_flag
	.byte	63                              @ DW_AT_external
	.byte	12                              @ DW_FORM_flag
	.byte	0                               @ EOM(1)
	.byte	0                               @ EOM(2)
	.byte	3                               @ Abbreviation Code
	.byte	5                               @ DW_TAG_formal_parameter
	.byte	0                               @ DW_CHILDREN_no
	.byte	2                               @ DW_AT_location
	.byte	6                               @ DW_FORM_data4
	.byte	3                               @ DW_AT_name
	.byte	14                              @ DW_FORM_strp
	.byte	58                              @ DW_AT_decl_file
	.byte	11                              @ DW_FORM_data1
	.byte	59                              @ DW_AT_decl_line
	.byte	11                              @ DW_FORM_data1
	.byte	73                              @ DW_AT_type
	.byte	19                              @ DW_FORM_ref4
	.byte	0                               @ EOM(1)
	.byte	0                               @ EOM(2)
	.byte	4                               @ Abbreviation Code
	.byte	46                              @ DW_TAG_subprogram
	.byte	1                               @ DW_CHILDREN_yes
	.byte	17                              @ DW_AT_low_pc
	.byte	1                               @ DW_FORM_addr
	.byte	18                              @ DW_AT_high_pc
	.byte	1                               @ DW_FORM_addr
	.byte	64                              @ DW_AT_frame_base
	.byte	10                              @ DW_FORM_block1
	.byte	3                               @ DW_AT_name
	.byte	14                              @ DW_FORM_strp
	.byte	58                              @ DW_AT_decl_file
	.byte	11                              @ DW_FORM_data1
	.byte	59                              @ DW_AT_decl_line
	.byte	11                              @ DW_FORM_data1
	.byte	39                              @ DW_AT_prototyped
	.byte	12                              @ DW_FORM_flag
	.byte	73                              @ DW_AT_type
	.byte	19                              @ DW_FORM_ref4
	.byte	63                              @ DW_AT_external
	.byte	12                              @ DW_FORM_flag
	.byte	0                               @ EOM(1)
	.byte	0                               @ EOM(2)
	.byte	5                               @ Abbreviation Code
	.byte	52                              @ DW_TAG_variable
	.byte	0                               @ DW_CHILDREN_no
	.byte	2                               @ DW_AT_location
	.byte	6                               @ DW_FORM_data4
	.byte	3                               @ DW_AT_name
	.byte	14                              @ DW_FORM_strp
	.byte	58                              @ DW_AT_decl_file
	.byte	11                              @ DW_FORM_data1
	.byte	59                              @ DW_AT_decl_line
	.byte	11                              @ DW_FORM_data1
	.byte	73                              @ DW_AT_type
	.byte	19                              @ DW_FORM_ref4
	.byte	0                               @ EOM(1)
	.byte	0                               @ EOM(2)
	.byte	6                               @ Abbreviation Code
	.byte	52                              @ DW_TAG_variable
	.byte	0                               @ DW_CHILDREN_no
	.byte	2                               @ DW_AT_location
	.byte	10                              @ DW_FORM_block1
	.byte	3                               @ DW_AT_name
	.byte	14                              @ DW_FORM_strp
	.byte	58                              @ DW_AT_decl_file
	.byte	11                              @ DW_FORM_data1
	.byte	59                              @ DW_AT_decl_line
	.byte	11                              @ DW_FORM_data1
	.byte	73                              @ DW_AT_type
	.byte	19                              @ DW_FORM_ref4
	.byte	0                               @ EOM(1)
	.byte	0                               @ EOM(2)
	.byte	7                               @ Abbreviation Code
	.byte	15                              @ DW_TAG_pointer_type
	.byte	0                               @ DW_CHILDREN_no
	.byte	73                              @ DW_AT_type
	.byte	19                              @ DW_FORM_ref4
	.byte	0                               @ EOM(1)
	.byte	0                               @ EOM(2)
	.byte	8                               @ Abbreviation Code
	.byte	38                              @ DW_TAG_const_type
	.byte	0                               @ DW_CHILDREN_no
	.byte	73                              @ DW_AT_type
	.byte	19                              @ DW_FORM_ref4
	.byte	0                               @ EOM(1)
	.byte	0                               @ EOM(2)
	.byte	9                               @ Abbreviation Code
	.byte	36                              @ DW_TAG_base_type
	.byte	0                               @ DW_CHILDREN_no
	.byte	3                               @ DW_AT_name
	.byte	14                              @ DW_FORM_strp
	.byte	62                              @ DW_AT_encoding
	.byte	11                              @ DW_FORM_data1
	.byte	11                              @ DW_AT_byte_size
	.byte	11                              @ DW_FORM_data1
	.byte	0                               @ EOM(1)
	.byte	0                               @ EOM(2)
	.byte	10                              @ Abbreviation Code
	.byte	15                              @ DW_TAG_pointer_type
	.byte	0                               @ DW_CHILDREN_no
	.byte	0                               @ EOM(1)
	.byte	0                               @ EOM(2)
	.byte	11                              @ Abbreviation Code
	.byte	22                              @ DW_TAG_typedef
	.byte	0                               @ DW_CHILDREN_no
	.byte	73                              @ DW_AT_type
	.byte	19                              @ DW_FORM_ref4
	.byte	3                               @ DW_AT_name
	.byte	14                              @ DW_FORM_strp
	.byte	58                              @ DW_AT_decl_file
	.byte	11                              @ DW_FORM_data1
	.byte	59                              @ DW_AT_decl_line
	.byte	11                              @ DW_FORM_data1
	.byte	0                               @ EOM(1)
	.byte	0                               @ EOM(2)
	.byte	12                              @ Abbreviation Code
	.byte	19                              @ DW_TAG_structure_type
	.byte	1                               @ DW_CHILDREN_yes
	.byte	3                               @ DW_AT_name
	.byte	14                              @ DW_FORM_strp
	.byte	11                              @ DW_AT_byte_size
	.byte	11                              @ DW_FORM_data1
	.byte	58                              @ DW_AT_decl_file
	.byte	11                              @ DW_FORM_data1
	.byte	59                              @ DW_AT_decl_line
	.byte	11                              @ DW_FORM_data1
	.byte	0                               @ EOM(1)
	.byte	0                               @ EOM(2)
	.byte	13                              @ Abbreviation Code
	.byte	13                              @ DW_TAG_member
	.byte	0                               @ DW_CHILDREN_no
	.byte	3                               @ DW_AT_name
	.byte	14                              @ DW_FORM_strp
	.byte	73                              @ DW_AT_type
	.byte	19                              @ DW_FORM_ref4
	.byte	58                              @ DW_AT_decl_file
	.byte	11                              @ DW_FORM_data1
	.byte	59                              @ DW_AT_decl_line
	.byte	11                              @ DW_FORM_data1
	.byte	56                              @ DW_AT_data_member_location
	.byte	11                              @ DW_FORM_data1
	.byte	0                               @ EOM(1)
	.byte	0                               @ EOM(2)
	.byte	14                              @ Abbreviation Code
	.byte	1                               @ DW_TAG_array_type
	.byte	1                               @ DW_CHILDREN_yes
	.byte	73                              @ DW_AT_type
	.byte	19                              @ DW_FORM_ref4
	.byte	0                               @ EOM(1)
	.byte	0                               @ EOM(2)
	.byte	15                              @ Abbreviation Code
	.byte	33                              @ DW_TAG_subrange_type
	.byte	0                               @ DW_CHILDREN_no
	.byte	73                              @ DW_AT_type
	.byte	19                              @ DW_FORM_ref4
	.byte	55                              @ DW_AT_count
	.byte	11                              @ DW_FORM_data1
	.byte	0                               @ EOM(1)
	.byte	0                               @ EOM(2)
	.byte	16                              @ Abbreviation Code
	.byte	36                              @ DW_TAG_base_type
	.byte	0                               @ DW_CHILDREN_no
	.byte	3                               @ DW_AT_name
	.byte	14                              @ DW_FORM_strp
	.byte	11                              @ DW_AT_byte_size
	.byte	11                              @ DW_FORM_data1
	.byte	62                              @ DW_AT_encoding
	.byte	11                              @ DW_FORM_data1
	.byte	0                               @ EOM(1)
	.byte	0                               @ EOM(2)
	.byte	0                               @ EOM(3)
	.section	.debug_info,"",%progbits
.Lcu_begin0:
	.long	.Ldebug_info_end0-.Ldebug_info_start0 @ Length of Unit
.Ldebug_info_start0:
	.short	3                               @ DWARF version number
	.long	.debug_abbrev                   @ Offset Into Abbrev. Section
	.byte	4                               @ Address Size (in bytes)
	.byte	1                               @ Abbrev [1] 0xb:0x1e2 DW_TAG_compile_unit
	.long	.Linfo_string0                  @ DW_AT_producer
	.short	12                              @ DW_AT_language
	.long	.Linfo_string1                  @ DW_AT_name
	.long	.Lline_table_start0             @ DW_AT_stmt_list
	.long	.Linfo_string2                  @ DW_AT_comp_dir
	.long	0                               @ DW_AT_low_pc
	.long	.Ldebug_ranges0                 @ DW_AT_ranges
	.byte	2                               @ Abbrev [2] 0x26:0x23 DW_TAG_subprogram
	.long	.Lfunc_begin0                   @ DW_AT_low_pc
	.long	.Lfunc_end0                     @ DW_AT_high_pc
	.byte	1                               @ DW_AT_frame_base
	.byte	93
	.long	.Linfo_string3                  @ DW_AT_name
	.byte	1                               @ DW_AT_decl_file
	.byte	11                              @ DW_AT_decl_line
	.byte	1                               @ DW_AT_prototyped
	.byte	1                               @ DW_AT_external
	.byte	3                               @ Abbrev [3] 0x39:0xf DW_TAG_formal_parameter
	.long	.Ldebug_loc0                    @ DW_AT_location
	.long	.Linfo_string9                  @ DW_AT_name
	.byte	1                               @ DW_AT_decl_file
	.byte	11                              @ DW_AT_decl_line
	.long	329                             @ DW_AT_type
	.byte	0                               @ End Of Children Mark
	.byte	4                               @ Abbrev [4] 0x49:0x45 DW_TAG_subprogram
	.long	.Lfunc_begin1                   @ DW_AT_low_pc
	.long	.Lfunc_end1                     @ DW_AT_high_pc
	.byte	1                               @ DW_AT_frame_base
	.byte	93
	.long	.Linfo_string4                  @ DW_AT_name
	.byte	1                               @ DW_AT_decl_file
	.byte	16                              @ DW_AT_decl_line
	.byte	1                               @ DW_AT_prototyped
	.long	305                             @ DW_AT_type
	.byte	1                               @ DW_AT_external
	.byte	3                               @ Abbrev [3] 0x60:0xf DW_TAG_formal_parameter
	.long	.Ldebug_loc1                    @ DW_AT_location
	.long	.Linfo_string10                 @ DW_AT_name
	.byte	1                               @ DW_AT_decl_file
	.byte	16                              @ DW_AT_decl_line
	.long	330                             @ DW_AT_type
	.byte	3                               @ Abbrev [3] 0x6f:0xf DW_TAG_formal_parameter
	.long	.Ldebug_loc2                    @ DW_AT_location
	.long	.Linfo_string21                 @ DW_AT_name
	.byte	1                               @ DW_AT_decl_file
	.byte	16                              @ DW_AT_decl_line
	.long	305                             @ DW_AT_type
	.byte	5                               @ Abbrev [5] 0x7e:0xf DW_TAG_variable
	.long	.Ldebug_loc3                    @ DW_AT_location
	.long	.Linfo_string22                 @ DW_AT_name
	.byte	1                               @ DW_AT_decl_file
	.byte	18                              @ DW_AT_decl_line
	.long	330                             @ DW_AT_type
	.byte	0                               @ End Of Children Mark
	.byte	4                               @ Abbrev [4] 0x8e:0x54 DW_TAG_subprogram
	.long	.Lfunc_begin2                   @ DW_AT_low_pc
	.long	.Lfunc_end2                     @ DW_AT_high_pc
	.byte	1                               @ DW_AT_frame_base
	.byte	93
	.long	.Linfo_string6                  @ DW_AT_name
	.byte	1                               @ DW_AT_decl_file
	.byte	35                              @ DW_AT_decl_line
	.byte	1                               @ DW_AT_prototyped
	.long	322                             @ DW_AT_type
	.byte	1                               @ DW_AT_external
	.byte	3                               @ Abbrev [3] 0xa5:0xf DW_TAG_formal_parameter
	.long	.Ldebug_loc4                    @ DW_AT_location
	.long	.Linfo_string10                 @ DW_AT_name
	.byte	1                               @ DW_AT_decl_file
	.byte	35                              @ DW_AT_decl_line
	.long	330                             @ DW_AT_type
	.byte	3                               @ Abbrev [3] 0xb4:0xf DW_TAG_formal_parameter
	.long	.Ldebug_loc5                    @ DW_AT_location
	.long	.Linfo_string21                 @ DW_AT_name
	.byte	1                               @ DW_AT_decl_file
	.byte	35                              @ DW_AT_decl_line
	.long	305                             @ DW_AT_type
	.byte	3                               @ Abbrev [3] 0xc3:0xf DW_TAG_formal_parameter
	.long	.Ldebug_loc6                    @ DW_AT_location
	.long	.Linfo_string23                 @ DW_AT_name
	.byte	1                               @ DW_AT_decl_file
	.byte	35                              @ DW_AT_decl_line
	.long	468                             @ DW_AT_type
	.byte	5                               @ Abbrev [5] 0xd2:0xf DW_TAG_variable
	.long	.Ldebug_loc7                    @ DW_AT_location
	.long	.Linfo_string22                 @ DW_AT_name
	.byte	1                               @ DW_AT_decl_file
	.byte	37                              @ DW_AT_decl_line
	.long	330                             @ DW_AT_type
	.byte	0                               @ End Of Children Mark
	.byte	2                               @ Abbrev [2] 0xe2:0x4f DW_TAG_subprogram
	.long	.Lfunc_begin3                   @ DW_AT_low_pc
	.long	.Lfunc_end3                     @ DW_AT_high_pc
	.byte	1                               @ DW_AT_frame_base
	.byte	93
	.long	.Linfo_string8                  @ DW_AT_name
	.byte	1                               @ DW_AT_decl_file
	.byte	54                              @ DW_AT_decl_line
	.byte	1                               @ DW_AT_prototyped
	.byte	1                               @ DW_AT_external
	.byte	3                               @ Abbrev [3] 0xf5:0xf DW_TAG_formal_parameter
	.long	.Ldebug_loc8                    @ DW_AT_location
	.long	.Linfo_string10                 @ DW_AT_name
	.byte	1                               @ DW_AT_decl_file
	.byte	54                              @ DW_AT_decl_line
	.long	330                             @ DW_AT_type
	.byte	3                               @ Abbrev [3] 0x104:0xf DW_TAG_formal_parameter
	.long	.Ldebug_loc9                    @ DW_AT_location
	.long	.Linfo_string26                 @ DW_AT_name
	.byte	1                               @ DW_AT_decl_file
	.byte	54                              @ DW_AT_decl_line
	.long	305                             @ DW_AT_type
	.byte	3                               @ Abbrev [3] 0x113:0xf DW_TAG_formal_parameter
	.long	.Ldebug_loc10                   @ DW_AT_location
	.long	.Linfo_string27                 @ DW_AT_name
	.byte	1                               @ DW_AT_decl_file
	.byte	54                              @ DW_AT_decl_line
	.long	322                             @ DW_AT_type
	.byte	6                               @ Abbrev [6] 0x122:0xe DW_TAG_variable
	.byte	2                               @ DW_AT_location
	.byte	145
	.byte	4
	.long	.Linfo_string24                 @ DW_AT_name
	.byte	1                               @ DW_AT_decl_file
	.byte	56                              @ DW_AT_decl_line
	.long	473                             @ DW_AT_type
	.byte	0                               @ End Of Children Mark
	.byte	7                               @ Abbrev [7] 0x131:0x5 DW_TAG_pointer_type
	.long	310                             @ DW_AT_type
	.byte	8                               @ Abbrev [8] 0x136:0x5 DW_TAG_const_type
	.long	315                             @ DW_AT_type
	.byte	9                               @ Abbrev [9] 0x13b:0x7 DW_TAG_base_type
	.long	.Linfo_string5                  @ DW_AT_name
	.byte	6                               @ DW_AT_encoding
	.byte	1                               @ DW_AT_byte_size
	.byte	9                               @ Abbrev [9] 0x142:0x7 DW_TAG_base_type
	.long	.Linfo_string7                  @ DW_AT_name
	.byte	5                               @ DW_AT_encoding
	.byte	4                               @ DW_AT_byte_size
	.byte	10                              @ Abbrev [10] 0x149:0x1 DW_TAG_pointer_type
	.byte	7                               @ Abbrev [7] 0x14a:0x5 DW_TAG_pointer_type
	.long	335                             @ DW_AT_type
	.byte	11                              @ Abbrev [11] 0x14f:0xb DW_TAG_typedef
	.long	346                             @ DW_AT_type
	.long	.Linfo_string20                 @ DW_AT_name
	.byte	2                               @ DW_AT_decl_file
	.byte	55                              @ DW_AT_decl_line
	.byte	12                              @ Abbrev [12] 0x15a:0x69 DW_TAG_structure_type
	.long	.Linfo_string20                 @ DW_AT_name
	.byte	40                              @ DW_AT_byte_size
	.byte	2                               @ DW_AT_decl_file
	.byte	44                              @ DW_AT_decl_line
	.byte	13                              @ Abbrev [13] 0x162:0xc DW_TAG_member
	.long	.Linfo_string11                 @ DW_AT_name
	.long	451                             @ DW_AT_type
	.byte	2                               @ DW_AT_decl_file
	.byte	45                              @ DW_AT_decl_line
	.byte	0                               @ DW_AT_data_member_location
	.byte	13                              @ Abbrev [13] 0x16e:0xc DW_TAG_member
	.long	.Linfo_string12                 @ DW_AT_name
	.long	451                             @ DW_AT_type
	.byte	2                               @ DW_AT_decl_file
	.byte	45                              @ DW_AT_decl_line
	.byte	4                               @ DW_AT_data_member_location
	.byte	13                              @ Abbrev [13] 0x17a:0xc DW_TAG_member
	.long	.Linfo_string13                 @ DW_AT_name
	.long	451                             @ DW_AT_type
	.byte	2                               @ DW_AT_decl_file
	.byte	46                              @ DW_AT_decl_line
	.byte	8                               @ DW_AT_data_member_location
	.byte	13                              @ Abbrev [13] 0x186:0xc DW_TAG_member
	.long	.Linfo_string14                 @ DW_AT_name
	.long	322                             @ DW_AT_type
	.byte	2                               @ DW_AT_decl_file
	.byte	48                              @ DW_AT_decl_line
	.byte	12                              @ DW_AT_data_member_location
	.byte	13                              @ Abbrev [13] 0x192:0xc DW_TAG_member
	.long	.Linfo_string15                 @ DW_AT_name
	.long	456                             @ DW_AT_type
	.byte	2                               @ DW_AT_decl_file
	.byte	50                              @ DW_AT_decl_line
	.byte	16                              @ DW_AT_data_member_location
	.byte	13                              @ Abbrev [13] 0x19e:0xc DW_TAG_member
	.long	.Linfo_string16                 @ DW_AT_name
	.long	322                             @ DW_AT_type
	.byte	2                               @ DW_AT_decl_file
	.byte	51                              @ DW_AT_decl_line
	.byte	20                              @ DW_AT_data_member_location
	.byte	13                              @ Abbrev [13] 0x1aa:0xc DW_TAG_member
	.long	.Linfo_string17                 @ DW_AT_name
	.long	461                             @ DW_AT_type
	.byte	2                               @ DW_AT_decl_file
	.byte	52                              @ DW_AT_decl_line
	.byte	24                              @ DW_AT_data_member_location
	.byte	13                              @ Abbrev [13] 0x1b6:0xc DW_TAG_member
	.long	.Linfo_string19                 @ DW_AT_name
	.long	456                             @ DW_AT_type
	.byte	2                               @ DW_AT_decl_file
	.byte	54                              @ DW_AT_decl_line
	.byte	32                              @ DW_AT_data_member_location
	.byte	0                               @ End Of Children Mark
	.byte	7                               @ Abbrev [7] 0x1c3:0x5 DW_TAG_pointer_type
	.long	346                             @ DW_AT_type
	.byte	7                               @ Abbrev [7] 0x1c8:0x5 DW_TAG_pointer_type
	.long	315                             @ DW_AT_type
	.byte	9                               @ Abbrev [9] 0x1cd:0x7 DW_TAG_base_type
	.long	.Linfo_string18                 @ DW_AT_name
	.byte	4                               @ DW_AT_encoding
	.byte	8                               @ DW_AT_byte_size
	.byte	7                               @ Abbrev [7] 0x1d4:0x5 DW_TAG_pointer_type
	.long	322                             @ DW_AT_type
	.byte	14                              @ Abbrev [14] 0x1d9:0xc DW_TAG_array_type
	.long	315                             @ DW_AT_type
	.byte	15                              @ Abbrev [15] 0x1de:0x6 DW_TAG_subrange_type
	.long	485                             @ DW_AT_type
	.byte	12                              @ DW_AT_count
	.byte	0                               @ End Of Children Mark
	.byte	16                              @ Abbrev [16] 0x1e5:0x7 DW_TAG_base_type
	.long	.Linfo_string25                 @ DW_AT_name
	.byte	8                               @ DW_AT_byte_size
	.byte	7                               @ DW_AT_encoding
	.byte	0                               @ End Of Children Mark
.Ldebug_info_end0:
	.section	.debug_ranges,"",%progbits
.Ldebug_ranges0:
	.long	.Lfunc_begin0
	.long	.Lfunc_end0
	.long	.Lfunc_begin1
	.long	.Lfunc_end1
	.long	.Lfunc_begin2
	.long	.Lfunc_end2
	.long	.Lfunc_begin3
	.long	.Lfunc_end3
	.long	0
	.long	0
	.section	.debug_str,"MS",%progbits,1
.Linfo_string0:
	.asciz	"Component: ARM Compiler 6.16 Tool: armclang [5dfeb700]" @ string offset=0
.Linfo_string1:
	.asciz	"packages/cJSON-v1.0.2\\cJSON_util.c" @ string offset=55
.Linfo_string2:
	.asciz	"E:\\Smart-access-control\\Hardware\\CODE" @ string offset=90
.Linfo_string3:
	.asciz	"cJSON_free"                    @ string offset=128
.Linfo_string4:
	.asciz	"cJSON_item_get_string"         @ string offset=139
.Linfo_string5:
	.asciz	"char"                          @ string offset=161
.Linfo_string6:
	.asciz	"cJSON_item_get_number"         @ string offset=166
.Linfo_string7:
	.asciz	"int"                           @ string offset=188
.Linfo_string8:
	.asciz	"cJSON_AddInteger2StringToObject" @ string offset=192
.Linfo_string9:
	.asciz	"ptr"                           @ string offset=224
.Linfo_string10:
	.asciz	"object"                        @ string offset=228
.Linfo_string11:
	.asciz	"next"                          @ string offset=235
.Linfo_string12:
	.asciz	"prev"                          @ string offset=240
.Linfo_string13:
	.asciz	"child"                         @ string offset=245
.Linfo_string14:
	.asciz	"type"                          @ string offset=251
.Linfo_string15:
	.asciz	"valuestring"                   @ string offset=256
.Linfo_string16:
	.asciz	"valueint"                      @ string offset=268
.Linfo_string17:
	.asciz	"valuedouble"                   @ string offset=277
.Linfo_string18:
	.asciz	"double"                        @ string offset=289
.Linfo_string19:
	.asciz	"string"                        @ string offset=296
.Linfo_string20:
	.asciz	"cJSON"                         @ string offset=303
.Linfo_string21:
	.asciz	"item_name"                     @ string offset=309
.Linfo_string22:
	.asciz	"item"                          @ string offset=319
.Linfo_string23:
	.asciz	"result"                        @ string offset=324
.Linfo_string24:
	.asciz	"str_buf"                       @ string offset=331
.Linfo_string25:
	.asciz	"__ARRAY_SIZE_TYPE__"           @ string offset=339
.Linfo_string26:
	.asciz	"name"                          @ string offset=359
.Linfo_string27:
	.asciz	"i"                             @ string offset=364
	.ident	"Component: ARM Compiler 6.16 Tool: armclang [5dfeb700]"
	.section	".note.GNU-stack","",%progbits
	.eabi_attribute	30, 1	@ Tag_ABI_optimization_goals
	.ARM_attribute	16, 1	@ Tag_AV_eba
	.section	.debug_line,"",%progbits
.Lline_table_start0:
