	.text
	.syntax unified
	.eabi_attribute	67, "2.09"	@ Tag_conformance
	.cpu	cortex-m7
	.eabi_attribute	6, 13	@ Tag_CPU_arch
	.eabi_attribute	7, 77	@ Tag_CPU_arch_profile
	.eabi_attribute	8, 0	@ Tag_ARM_ISA_use
	.eabi_attribute	9, 2	@ Tag_THUMB_ISA_use
	.fpu	fpv5-d16
	.eabi_attribute	36, 1	@ Tag_FP_HP_extension
	.eabi_attribute	34, 1	@ Tag_CPU_unaligned_access
	.eabi_attribute	17, 1	@ Tag_ABI_PCS_GOT_use
	.eabi_attribute	20, 2	@ Tag_ABI_FP_denormal
	.eabi_attribute	21, 0	@ Tag_ABI_FP_exceptions
	.eabi_attribute	23, 1	@ Tag_ABI_FP_number_model
	.eabi_attribute	24, 1	@ Tag_ABI_align_needed
	.eabi_attribute	25, 1	@ Tag_ABI_align_preserved
	.eabi_attribute	28, 1	@ Tag_ABI_VFP_args
	.eabi_attribute	38, 1	@ Tag_ABI_FP_16bit_format
	.eabi_attribute	18, 2	@ Tag_ABI_PCS_wchar_t
	.eabi_attribute	26, 1	@ Tag_ABI_enum_size
	.eabi_attribute	14, 0	@ Tag_ABI_PCS_R9_use
	.file	"completion.c"
	.file	1 "E:\\STM32\\Learning\\STM32H750_ART_PI_RGBLCD" "rt-thread/include\\rtdef.h"
	.section	.text.rt_completion_init,"ax",%progbits
	.hidden	rt_completion_init              @ -- Begin function rt_completion_init
	.globl	rt_completion_init
	.p2align	3
	.type	rt_completion_init,%function
	.code	16                              @ @rt_completion_init
	.thumb_func
rt_completion_init:
.Lfunc_begin0:
	.file	2 "E:\\STM32\\Learning\\STM32H750_ART_PI_RGBLCD" "rt-thread/components/drivers/src/completion.c"
	.loc	2 19 0                          @ rt-thread/components/drivers/src/completion.c:19:0
	.fnstart
	.cfi_sections .debug_frame
	.cfi_startproc
@ %bb.0:
	.save	{r7, lr}
	push	{r7, lr}
	.cfi_def_cfa_offset 8
	.cfi_offset lr, -4
	.cfi_offset r7, -8
	.pad	#8
	sub	sp, #8
	.cfi_def_cfa_offset 16
	str	r0, [sp, #4]
.Ltmp0:
	.loc	2 21 5 prologue_end             @ rt-thread/components/drivers/src/completion.c:21:5
	ldr	r0, [sp, #4]
.Ltmp1:
	.loc	2 21 5 is_stmt 0                @ rt-thread/components/drivers/src/completion.c:21:5
	cbnz	r0, .LBB0_2
	b	.LBB0_1
.LBB0_1:
.Ltmp2:
	.loc	2 21 5                          @ rt-thread/components/drivers/src/completion.c:21:5
	movw	r0, :lower16:.L.str
	movt	r0, :upper16:.L.str
	movw	r1, :lower16:.L__FUNCTION__.rt_completion_init
	movt	r1, :upper16:.L__FUNCTION__.rt_completion_init
	movs	r2, #21
	bl	rt_assert_handler
	b	.LBB0_2
.Ltmp3:
.LBB0_2:
	.loc	2 23 13 is_stmt 1               @ rt-thread/components/drivers/src/completion.c:23:13
	bl	rt_hw_interrupt_disable
	.loc	2 23 11 is_stmt 0               @ rt-thread/components/drivers/src/completion.c:23:11
	str	r0, [sp]
	.loc	2 24 5 is_stmt 1                @ rt-thread/components/drivers/src/completion.c:24:5
	ldr	r1, [sp, #4]
	movs	r0, #0
	.loc	2 24 22 is_stmt 0               @ rt-thread/components/drivers/src/completion.c:24:22
	str	r0, [r1]
	.loc	2 25 19 is_stmt 1               @ rt-thread/components/drivers/src/completion.c:25:19
	ldr	r0, [sp, #4]
	.loc	2 25 31 is_stmt 0               @ rt-thread/components/drivers/src/completion.c:25:31
	adds	r0, #4
	.loc	2 25 5                          @ rt-thread/components/drivers/src/completion.c:25:5
	bl	rt_list_init
	.loc	2 26 28 is_stmt 1               @ rt-thread/components/drivers/src/completion.c:26:28
	ldr	r0, [sp]
	.loc	2 26 5 is_stmt 0                @ rt-thread/components/drivers/src/completion.c:26:5
	bl	rt_hw_interrupt_enable
	.loc	2 27 1 is_stmt 1                @ rt-thread/components/drivers/src/completion.c:27:1
	add	sp, #8
	pop	{r7, pc}
.Ltmp4:
.Lfunc_end0:
	.size	rt_completion_init, .Lfunc_end0-rt_completion_init
	.cfi_endproc
	.cantunwind
	.fnend
                                        @ -- End function
	.section	.text.rt_list_init,"ax",%progbits
	.p2align	3                               @ -- Begin function rt_list_init
	.type	rt_list_init,%function
	.code	16                              @ @rt_list_init
	.thumb_func
rt_list_init:
.Lfunc_begin1:
	.file	3 "E:\\STM32\\Learning\\STM32H750_ART_PI_RGBLCD" "rt-thread/include\\rtservice.h"
	.loc	3 48 0                          @ rt-thread/include\rtservice.h:48:0
	.fnstart
	.cfi_startproc
@ %bb.0:
	.pad	#4
	sub	sp, #4
	.cfi_def_cfa_offset 4
	str	r0, [sp]
.Ltmp5:
	.loc	3 49 25 prologue_end            @ rt-thread/include\rtservice.h:49:25
	ldr	r0, [sp]
	.loc	3 49 23 is_stmt 0               @ rt-thread/include\rtservice.h:49:23
	str	r0, [r0, #4]
	.loc	3 49 5                          @ rt-thread/include\rtservice.h:49:5
	ldr	r1, [sp]
	.loc	3 49 13                         @ rt-thread/include\rtservice.h:49:13
	str	r0, [r1]
	.loc	3 50 1 is_stmt 1                @ rt-thread/include\rtservice.h:50:1
	add	sp, #4
	bx	lr
.Ltmp6:
.Lfunc_end1:
	.size	rt_list_init, .Lfunc_end1-rt_list_init
	.cfi_endproc
	.cantunwind
	.fnend
                                        @ -- End function
	.section	.text.rt_completion_wait,"ax",%progbits
	.hidden	rt_completion_wait              @ -- Begin function rt_completion_wait
	.globl	rt_completion_wait
	.p2align	3
	.type	rt_completion_wait,%function
	.code	16                              @ @rt_completion_wait
	.thumb_func
rt_completion_wait:
.Lfunc_begin2:
	.loc	2 32 0                          @ rt-thread/components/drivers/src/completion.c:32:0
	.fnstart
	.cfi_startproc
@ %bb.0:
	.save	{r7, lr}
	push	{r7, lr}
	.cfi_def_cfa_offset 8
	.cfi_offset lr, -4
	.cfi_offset r7, -8
	.pad	#24
	sub	sp, #24
	.cfi_def_cfa_offset 32
	str	r0, [sp, #20]
	str	r1, [sp, #16]
.Ltmp7:
	.loc	2 36 5 prologue_end             @ rt-thread/components/drivers/src/completion.c:36:5
	ldr	r0, [sp, #20]
.Ltmp8:
	.loc	2 36 5 is_stmt 0                @ rt-thread/components/drivers/src/completion.c:36:5
	cbnz	r0, .LBB2_2
	b	.LBB2_1
.LBB2_1:
.Ltmp9:
	.loc	2 36 5                          @ rt-thread/components/drivers/src/completion.c:36:5
	movw	r0, :lower16:.L.str
	movt	r0, :upper16:.L.str
	movw	r1, :lower16:.L__FUNCTION__.rt_completion_wait
	movt	r1, :upper16:.L__FUNCTION__.rt_completion_wait
	movs	r2, #36
	bl	rt_assert_handler
	b	.LBB2_2
.Ltmp10:
.LBB2_2:
	.loc	2 0 5                           @ rt-thread/components/drivers/src/completion.c:0:5
	movs	r0, #0
	.loc	2 38 12 is_stmt 1               @ rt-thread/components/drivers/src/completion.c:38:12
	str	r0, [sp, #12]
	.loc	2 39 14                         @ rt-thread/components/drivers/src/completion.c:39:14
	bl	rt_thread_self
	.loc	2 39 12 is_stmt 0               @ rt-thread/components/drivers/src/completion.c:39:12
	str	r0, [sp, #4]
	.loc	2 41 13 is_stmt 1               @ rt-thread/components/drivers/src/completion.c:41:13
	bl	rt_hw_interrupt_disable
	.loc	2 41 11 is_stmt 0               @ rt-thread/components/drivers/src/completion.c:41:11
	str	r0, [sp, #8]
.Ltmp11:
	.loc	2 42 9 is_stmt 1                @ rt-thread/components/drivers/src/completion.c:42:9
	ldr	r0, [sp, #20]
	.loc	2 42 21 is_stmt 0               @ rt-thread/components/drivers/src/completion.c:42:21
	ldr	r0, [r0]
.Ltmp12:
	.loc	2 42 9                          @ rt-thread/components/drivers/src/completion.c:42:9
	cmp	r0, #1
	beq	.LBB2_15
	b	.LBB2_3
.LBB2_3:
.Ltmp13:
	.loc	2 45 9 is_stmt 1                @ rt-thread/components/drivers/src/completion.c:45:9
	ldr	r0, [sp, #20]
	adds	r0, #4
	bl	rt_list_isempty
.Ltmp14:
	.loc	2 45 9 is_stmt 0                @ rt-thread/components/drivers/src/completion.c:45:9
	cbnz	r0, .LBB2_5
	b	.LBB2_4
.LBB2_4:
.Ltmp15:
	.loc	2 45 9                          @ rt-thread/components/drivers/src/completion.c:45:9
	movw	r0, :lower16:.L.str.1
	movt	r0, :upper16:.L.str.1
	movw	r1, :lower16:.L__FUNCTION__.rt_completion_wait
	movt	r1, :upper16:.L__FUNCTION__.rt_completion_wait
	movs	r2, #45
	bl	rt_assert_handler
	b	.LBB2_5
.Ltmp16:
.LBB2_5:
	.loc	2 47 13 is_stmt 1               @ rt-thread/components/drivers/src/completion.c:47:13
	ldr	r0, [sp, #16]
.Ltmp17:
	.loc	2 47 13 is_stmt 0               @ rt-thread/components/drivers/src/completion.c:47:13
	cbnz	r0, .LBB2_7
	b	.LBB2_6
.LBB2_6:
	.loc	2 0 13                          @ rt-thread/components/drivers/src/completion.c:0:13
	mvn	r0, #1
.Ltmp18:
	.loc	2 49 20 is_stmt 1               @ rt-thread/components/drivers/src/completion.c:49:20
	str	r0, [sp, #12]
	.loc	2 50 13                         @ rt-thread/components/drivers/src/completion.c:50:13
	b	.LBB2_16
.Ltmp19:
.LBB2_7:
	.loc	2 55 13                         @ rt-thread/components/drivers/src/completion.c:55:13
	ldr	r1, [sp, #4]
	movs	r0, #0
	.loc	2 55 27 is_stmt 0               @ rt-thread/components/drivers/src/completion.c:55:27
	str	r0, [r1, #48]
	.loc	2 58 31 is_stmt 1               @ rt-thread/components/drivers/src/completion.c:58:31
	ldr	r0, [sp, #4]
	.loc	2 58 13 is_stmt 0               @ rt-thread/components/drivers/src/completion.c:58:13
	bl	rt_thread_suspend
	.loc	2 60 37 is_stmt 1               @ rt-thread/components/drivers/src/completion.c:60:37
	ldr	r0, [sp, #20]
	.loc	2 60 49 is_stmt 0               @ rt-thread/components/drivers/src/completion.c:60:49
	adds	r0, #4
	.loc	2 61 37 is_stmt 1               @ rt-thread/components/drivers/src/completion.c:61:37
	ldr	r1, [sp, #4]
	.loc	2 61 45 is_stmt 0               @ rt-thread/components/drivers/src/completion.c:61:45
	adds	r1, #20
	.loc	2 60 13 is_stmt 1               @ rt-thread/components/drivers/src/completion.c:60:13
	bl	rt_list_insert_before
	.loc	2 64 13                         @ rt-thread/components/drivers/src/completion.c:64:13
	b	.LBB2_8
.LBB2_8:
.Ltmp20:
	.loc	2 64 13 is_stmt 0               @ rt-thread/components/drivers/src/completion.c:64:13
	bl	rt_hw_interrupt_disable
	str	r0, [sp]
.Ltmp21:
	.loc	2 64 13                         @ rt-thread/components/drivers/src/completion.c:64:13
	bl	rt_interrupt_get_nest
.Ltmp22:
	.loc	2 64 13                         @ rt-thread/components/drivers/src/completion.c:64:13
	cbz	r0, .LBB2_10
	b	.LBB2_9
.LBB2_9:
.Ltmp23:
	.loc	2 64 13                         @ rt-thread/components/drivers/src/completion.c:64:13
	movw	r0, :lower16:.L.str.2
	movt	r0, :upper16:.L.str.2
	movw	r1, :lower16:.L__FUNCTION__.rt_completion_wait
	movt	r1, :upper16:.L__FUNCTION__.rt_completion_wait
	movs	r2, #64
	bl	rt_assert_handler
.Ltmp24:
	.loc	2 64 13                         @ rt-thread/components/drivers/src/completion.c:64:13
	b	.LBB2_10
.Ltmp25:
.LBB2_10:
	.loc	2 64 13                         @ rt-thread/components/drivers/src/completion.c:64:13
	ldr	r0, [sp]
	bl	rt_hw_interrupt_enable
	b	.LBB2_11
.Ltmp26:
.LBB2_11:
	.loc	2 67 17 is_stmt 1               @ rt-thread/components/drivers/src/completion.c:67:17
	ldr	r0, [sp, #16]
.Ltmp27:
	.loc	2 67 17 is_stmt 0               @ rt-thread/components/drivers/src/completion.c:67:17
	cmp	r0, #1
	blt	.LBB2_13
	b	.LBB2_12
.LBB2_12:
.Ltmp28:
	.loc	2 70 36 is_stmt 1               @ rt-thread/components/drivers/src/completion.c:70:36
	ldr	r0, [sp, #4]
	.loc	2 70 44 is_stmt 0               @ rt-thread/components/drivers/src/completion.c:70:44
	adds	r0, #76
	movs	r1, #0
	add	r2, sp, #16
	.loc	2 70 17                         @ rt-thread/components/drivers/src/completion.c:70:17
	bl	rt_timer_control
	.loc	2 73 34 is_stmt 1               @ rt-thread/components/drivers/src/completion.c:73:34
	ldr	r0, [sp, #4]
	.loc	2 73 42 is_stmt 0               @ rt-thread/components/drivers/src/completion.c:73:42
	adds	r0, #76
	.loc	2 73 17                         @ rt-thread/components/drivers/src/completion.c:73:17
	bl	rt_timer_start
	.loc	2 74 13 is_stmt 1               @ rt-thread/components/drivers/src/completion.c:74:13
	b	.LBB2_13
.Ltmp29:
.LBB2_13:
	.loc	2 76 36                         @ rt-thread/components/drivers/src/completion.c:76:36
	ldr	r0, [sp, #8]
	.loc	2 76 13 is_stmt 0               @ rt-thread/components/drivers/src/completion.c:76:13
	bl	rt_hw_interrupt_enable
	.loc	2 79 13 is_stmt 1               @ rt-thread/components/drivers/src/completion.c:79:13
	bl	rt_schedule
	.loc	2 82 22                         @ rt-thread/components/drivers/src/completion.c:82:22
	ldr	r0, [sp, #4]
	.loc	2 82 30 is_stmt 0               @ rt-thread/components/drivers/src/completion.c:82:30
	ldr	r0, [r0, #48]
	.loc	2 82 20                         @ rt-thread/components/drivers/src/completion.c:82:20
	str	r0, [sp, #12]
	.loc	2 84 21 is_stmt 1               @ rt-thread/components/drivers/src/completion.c:84:21
	bl	rt_hw_interrupt_disable
	.loc	2 84 19 is_stmt 0               @ rt-thread/components/drivers/src/completion.c:84:19
	str	r0, [sp, #8]
	b	.LBB2_14
.Ltmp30:
.LBB2_14:
	.loc	2 86 5 is_stmt 1                @ rt-thread/components/drivers/src/completion.c:86:5
	b	.LBB2_15
.Ltmp31:
.LBB2_15:
	.loc	2 88 5                          @ rt-thread/components/drivers/src/completion.c:88:5
	ldr	r1, [sp, #20]
	movs	r0, #0
	.loc	2 88 22 is_stmt 0               @ rt-thread/components/drivers/src/completion.c:88:22
	str	r0, [r1]
	.loc	2 88 5                          @ rt-thread/components/drivers/src/completion.c:88:5
	b	.LBB2_16
.LBB2_16:
.Ltmp32:
	@DEBUG_LABEL: rt_completion_wait:__exit
	.loc	2 91 28 is_stmt 1               @ rt-thread/components/drivers/src/completion.c:91:28
	ldr	r0, [sp, #8]
	.loc	2 91 5 is_stmt 0                @ rt-thread/components/drivers/src/completion.c:91:5
	bl	rt_hw_interrupt_enable
	.loc	2 93 12 is_stmt 1               @ rt-thread/components/drivers/src/completion.c:93:12
	ldr	r0, [sp, #12]
	.loc	2 93 5 is_stmt 0                @ rt-thread/components/drivers/src/completion.c:93:5
	add	sp, #24
	pop	{r7, pc}
.Ltmp33:
.Lfunc_end2:
	.size	rt_completion_wait, .Lfunc_end2-rt_completion_wait
	.cfi_endproc
	.cantunwind
	.fnend
                                        @ -- End function
	.section	.text.rt_list_isempty,"ax",%progbits
	.p2align	3                               @ -- Begin function rt_list_isempty
	.type	rt_list_isempty,%function
	.code	16                              @ @rt_list_isempty
	.thumb_func
rt_list_isempty:
.Lfunc_begin3:
	.loc	3 99 0 is_stmt 1                @ rt-thread/include\rtservice.h:99:0
	.fnstart
	.cfi_startproc
@ %bb.0:
	.pad	#4
	sub	sp, #4
	.cfi_def_cfa_offset 4
	str	r0, [sp]
.Ltmp34:
	.loc	3 100 12 prologue_end           @ rt-thread/include\rtservice.h:100:12
	ldr	r1, [sp]
	.loc	3 100 15 is_stmt 0              @ rt-thread/include\rtservice.h:100:15
	ldr	r0, [r1]
	.loc	3 100 20                        @ rt-thread/include\rtservice.h:100:20
	subs	r0, r0, r1
	clz	r0, r0
	lsrs	r0, r0, #5
	.loc	3 100 5                         @ rt-thread/include\rtservice.h:100:5
	add	sp, #4
	bx	lr
.Ltmp35:
.Lfunc_end3:
	.size	rt_list_isempty, .Lfunc_end3-rt_list_isempty
	.cfi_endproc
	.cantunwind
	.fnend
                                        @ -- End function
	.section	.text.rt_list_insert_before,"ax",%progbits
	.p2align	3                               @ -- Begin function rt_list_insert_before
	.type	rt_list_insert_before,%function
	.code	16                              @ @rt_list_insert_before
	.thumb_func
rt_list_insert_before:
.Lfunc_begin4:
	.loc	3 74 0 is_stmt 1                @ rt-thread/include\rtservice.h:74:0
	.fnstart
	.cfi_startproc
@ %bb.0:
	.pad	#8
	sub	sp, #8
	.cfi_def_cfa_offset 8
	str	r0, [sp, #4]
	str	r1, [sp]
.Ltmp36:
	.loc	3 75 21 prologue_end            @ rt-thread/include\rtservice.h:75:21
	ldr	r0, [sp]
	.loc	3 75 5 is_stmt 0                @ rt-thread/include\rtservice.h:75:5
	ldr	r1, [sp, #4]
	.loc	3 75 8                          @ rt-thread/include\rtservice.h:75:8
	ldr	r1, [r1, #4]
	.loc	3 75 19                         @ rt-thread/include\rtservice.h:75:19
	str	r0, [r1]
	.loc	3 76 15 is_stmt 1               @ rt-thread/include\rtservice.h:76:15
	ldr	r0, [sp, #4]
	.loc	3 76 18 is_stmt 0               @ rt-thread/include\rtservice.h:76:18
	ldr	r0, [r0, #4]
	.loc	3 76 5                          @ rt-thread/include\rtservice.h:76:5
	ldr	r1, [sp]
	.loc	3 76 13                         @ rt-thread/include\rtservice.h:76:13
	str	r0, [r1, #4]
	.loc	3 78 15 is_stmt 1               @ rt-thread/include\rtservice.h:78:15
	ldr	r0, [sp]
	.loc	3 78 5 is_stmt 0                @ rt-thread/include\rtservice.h:78:5
	ldr	r1, [sp, #4]
	.loc	3 78 13                         @ rt-thread/include\rtservice.h:78:13
	str	r0, [r1, #4]
	.loc	3 79 15 is_stmt 1               @ rt-thread/include\rtservice.h:79:15
	ldr	r0, [sp, #4]
	.loc	3 79 5 is_stmt 0                @ rt-thread/include\rtservice.h:79:5
	ldr	r1, [sp]
	.loc	3 79 13                         @ rt-thread/include\rtservice.h:79:13
	str	r0, [r1]
	.loc	3 80 1 is_stmt 1                @ rt-thread/include\rtservice.h:80:1
	add	sp, #8
	bx	lr
.Ltmp37:
.Lfunc_end4:
	.size	rt_list_insert_before, .Lfunc_end4-rt_list_insert_before
	.cfi_endproc
	.cantunwind
	.fnend
                                        @ -- End function
	.section	.text.rt_completion_done,"ax",%progbits
	.hidden	rt_completion_done              @ -- Begin function rt_completion_done
	.globl	rt_completion_done
	.p2align	3
	.type	rt_completion_done,%function
	.code	16                              @ @rt_completion_done
	.thumb_func
rt_completion_done:
.Lfunc_begin5:
	.loc	2 98 0                          @ rt-thread/components/drivers/src/completion.c:98:0
	.fnstart
	.cfi_startproc
@ %bb.0:
	.save	{r7, lr}
	push	{r7, lr}
	.cfi_def_cfa_offset 8
	.cfi_offset lr, -4
	.cfi_offset r7, -8
	.pad	#16
	sub	sp, #16
	.cfi_def_cfa_offset 24
	str	r0, [sp, #12]
.Ltmp38:
	.loc	2 100 5 prologue_end            @ rt-thread/components/drivers/src/completion.c:100:5
	ldr	r0, [sp, #12]
.Ltmp39:
	.loc	2 100 5 is_stmt 0               @ rt-thread/components/drivers/src/completion.c:100:5
	cbnz	r0, .LBB5_2
	b	.LBB5_1
.LBB5_1:
.Ltmp40:
	.loc	2 100 5                         @ rt-thread/components/drivers/src/completion.c:100:5
	movw	r0, :lower16:.L.str
	movt	r0, :upper16:.L.str
	movw	r1, :lower16:.L__FUNCTION__.rt_completion_done
	movt	r1, :upper16:.L__FUNCTION__.rt_completion_done
	movs	r2, #100
	bl	rt_assert_handler
	b	.LBB5_2
.Ltmp41:
.LBB5_2:
	.loc	2 102 9 is_stmt 1               @ rt-thread/components/drivers/src/completion.c:102:9
	ldr	r0, [sp, #12]
	.loc	2 102 21 is_stmt 0              @ rt-thread/components/drivers/src/completion.c:102:21
	ldr	r0, [r0]
.Ltmp42:
	.loc	2 102 9                         @ rt-thread/components/drivers/src/completion.c:102:9
	cmp	r0, #1
	bne	.LBB5_4
	b	.LBB5_3
.LBB5_3:
.Ltmp43:
	.loc	2 103 9 is_stmt 1               @ rt-thread/components/drivers/src/completion.c:103:9
	b	.LBB5_7
.Ltmp44:
.LBB5_4:
	.loc	2 105 13                        @ rt-thread/components/drivers/src/completion.c:105:13
	bl	rt_hw_interrupt_disable
	.loc	2 105 11 is_stmt 0              @ rt-thread/components/drivers/src/completion.c:105:11
	str	r0, [sp, #8]
	.loc	2 106 5 is_stmt 1               @ rt-thread/components/drivers/src/completion.c:106:5
	ldr	r1, [sp, #12]
	movs	r0, #1
	.loc	2 106 22 is_stmt 0              @ rt-thread/components/drivers/src/completion.c:106:22
	str	r0, [r1]
.Ltmp45:
	.loc	2 108 28 is_stmt 1              @ rt-thread/components/drivers/src/completion.c:108:28
	ldr	r0, [sp, #12]
	.loc	2 108 40 is_stmt 0              @ rt-thread/components/drivers/src/completion.c:108:40
	adds	r0, #4
	.loc	2 108 10                        @ rt-thread/components/drivers/src/completion.c:108:10
	bl	rt_list_isempty
.Ltmp46:
	.loc	2 108 9                         @ rt-thread/components/drivers/src/completion.c:108:9
	cbnz	r0, .LBB5_6
	b	.LBB5_5
.LBB5_5:
.Ltmp47:
	.loc	2 114 18 is_stmt 1              @ rt-thread/components/drivers/src/completion.c:114:18
	ldr	r0, [sp, #12]
	ldr	r0, [r0, #4]
	subs	r0, #20
	.loc	2 114 16 is_stmt 0              @ rt-thread/components/drivers/src/completion.c:114:16
	str	r0, [sp, #4]
	.loc	2 119 26 is_stmt 1              @ rt-thread/components/drivers/src/completion.c:119:26
	ldr	r0, [sp, #4]
	.loc	2 119 9 is_stmt 0               @ rt-thread/components/drivers/src/completion.c:119:9
	bl	rt_thread_resume
	.loc	2 120 32 is_stmt 1              @ rt-thread/components/drivers/src/completion.c:120:32
	ldr	r0, [sp, #8]
	.loc	2 120 9 is_stmt 0               @ rt-thread/components/drivers/src/completion.c:120:9
	bl	rt_hw_interrupt_enable
	.loc	2 123 9 is_stmt 1               @ rt-thread/components/drivers/src/completion.c:123:9
	bl	rt_schedule
	.loc	2 124 5                         @ rt-thread/components/drivers/src/completion.c:124:5
	b	.LBB5_7
.Ltmp48:
.LBB5_6:
	.loc	2 127 32                        @ rt-thread/components/drivers/src/completion.c:127:32
	ldr	r0, [sp, #8]
	.loc	2 127 9 is_stmt 0               @ rt-thread/components/drivers/src/completion.c:127:9
	bl	rt_hw_interrupt_enable
	b	.LBB5_7
.Ltmp49:
.LBB5_7:
	.loc	2 129 1 is_stmt 1               @ rt-thread/components/drivers/src/completion.c:129:1
	add	sp, #16
	pop	{r7, pc}
.Ltmp50:
.Lfunc_end5:
	.size	rt_completion_done, .Lfunc_end5-rt_completion_done
	.cfi_endproc
	.cantunwind
	.fnend
                                        @ -- End function
	.type	.L.str,%object                  @ @.str
	.section	.rodata.str1.1,"aMS",%progbits,1
.L.str:
	.asciz	"completion != RT_NULL"
	.size	.L.str, 22

	.type	.L__FUNCTION__.rt_completion_init,%object @ @__FUNCTION__.rt_completion_init
.L__FUNCTION__.rt_completion_init:
	.asciz	"rt_completion_init"
	.size	.L__FUNCTION__.rt_completion_init, 19

	.type	.L__FUNCTION__.rt_completion_wait,%object @ @__FUNCTION__.rt_completion_wait
.L__FUNCTION__.rt_completion_wait:
	.asciz	"rt_completion_wait"
	.size	.L__FUNCTION__.rt_completion_wait, 19

	.type	.L.str.1,%object                @ @.str.1
.L.str.1:
	.asciz	"rt_list_isempty(&(completion->suspended_list))"
	.size	.L.str.1, 47

	.type	.L.str.2,%object                @ @.str.2
.L.str.2:
	.asciz	"0"
	.size	.L.str.2, 2

	.type	.L__FUNCTION__.rt_completion_done,%object @ @__FUNCTION__.rt_completion_done
.L__FUNCTION__.rt_completion_done:
	.asciz	"rt_completion_done"
	.size	.L__FUNCTION__.rt_completion_done, 19

	.file	4 "E:\\STM32\\Learning\\STM32H750_ART_PI_RGBLCD" "rt-thread/components/drivers/include/ipc/completion.h"
	.section	.debug_abbrev,"",%progbits
	.byte	1                               @ Abbreviation Code
	.byte	17                              @ DW_TAG_compile_unit
	.byte	1                               @ DW_CHILDREN_yes
	.byte	37                              @ DW_AT_producer
	.byte	14                              @ DW_FORM_strp
	.byte	19                              @ DW_AT_language
	.byte	5                               @ DW_FORM_data2
	.byte	3                               @ DW_AT_name
	.byte	14                              @ DW_FORM_strp
	.byte	16                              @ DW_AT_stmt_list
	.byte	6                               @ DW_FORM_data4
	.byte	27                              @ DW_AT_comp_dir
	.byte	14                              @ DW_FORM_strp
	.byte	17                              @ DW_AT_low_pc
	.byte	1                               @ DW_FORM_addr
	.byte	85                              @ DW_AT_ranges
	.byte	6                               @ DW_FORM_data4
	.byte	0                               @ EOM(1)
	.byte	0                               @ EOM(2)
	.byte	2                               @ Abbreviation Code
	.byte	15                              @ DW_TAG_pointer_type
	.byte	0                               @ DW_CHILDREN_no
	.byte	73                              @ DW_AT_type
	.byte	19                              @ DW_FORM_ref4
	.byte	0                               @ EOM(1)
	.byte	0                               @ EOM(2)
	.byte	3                               @ Abbreviation Code
	.byte	19                              @ DW_TAG_structure_type
	.byte	1                               @ DW_CHILDREN_yes
	.byte	3                               @ DW_AT_name
	.byte	14                              @ DW_FORM_strp
	.byte	11                              @ DW_AT_byte_size
	.byte	11                              @ DW_FORM_data1
	.byte	58                              @ DW_AT_decl_file
	.byte	11                              @ DW_FORM_data1
	.byte	59                              @ DW_AT_decl_line
	.byte	5                               @ DW_FORM_data2
	.byte	0                               @ EOM(1)
	.byte	0                               @ EOM(2)
	.byte	4                               @ Abbreviation Code
	.byte	13                              @ DW_TAG_member
	.byte	0                               @ DW_CHILDREN_no
	.byte	3                               @ DW_AT_name
	.byte	14                              @ DW_FORM_strp
	.byte	73                              @ DW_AT_type
	.byte	19                              @ DW_FORM_ref4
	.byte	58                              @ DW_AT_decl_file
	.byte	11                              @ DW_FORM_data1
	.byte	59                              @ DW_AT_decl_line
	.byte	5                               @ DW_FORM_data2
	.byte	56                              @ DW_AT_data_member_location
	.byte	11                              @ DW_FORM_data1
	.byte	0                               @ EOM(1)
	.byte	0                               @ EOM(2)
	.byte	5                               @ Abbreviation Code
	.byte	1                               @ DW_TAG_array_type
	.byte	1                               @ DW_CHILDREN_yes
	.byte	73                              @ DW_AT_type
	.byte	19                              @ DW_FORM_ref4
	.byte	0                               @ EOM(1)
	.byte	0                               @ EOM(2)
	.byte	6                               @ Abbreviation Code
	.byte	33                              @ DW_TAG_subrange_type
	.byte	0                               @ DW_CHILDREN_no
	.byte	73                              @ DW_AT_type
	.byte	19                              @ DW_FORM_ref4
	.byte	55                              @ DW_AT_count
	.byte	11                              @ DW_FORM_data1
	.byte	0                               @ EOM(1)
	.byte	0                               @ EOM(2)
	.byte	7                               @ Abbreviation Code
	.byte	36                              @ DW_TAG_base_type
	.byte	0                               @ DW_CHILDREN_no
	.byte	3                               @ DW_AT_name
	.byte	14                              @ DW_FORM_strp
	.byte	62                              @ DW_AT_encoding
	.byte	11                              @ DW_FORM_data1
	.byte	11                              @ DW_AT_byte_size
	.byte	11                              @ DW_FORM_data1
	.byte	0                               @ EOM(1)
	.byte	0                               @ EOM(2)
	.byte	8                               @ Abbreviation Code
	.byte	36                              @ DW_TAG_base_type
	.byte	0                               @ DW_CHILDREN_no
	.byte	3                               @ DW_AT_name
	.byte	14                              @ DW_FORM_strp
	.byte	11                              @ DW_AT_byte_size
	.byte	11                              @ DW_FORM_data1
	.byte	62                              @ DW_AT_encoding
	.byte	11                              @ DW_FORM_data1
	.byte	0                               @ EOM(1)
	.byte	0                               @ EOM(2)
	.byte	9                               @ Abbreviation Code
	.byte	22                              @ DW_TAG_typedef
	.byte	0                               @ DW_CHILDREN_no
	.byte	73                              @ DW_AT_type
	.byte	19                              @ DW_FORM_ref4
	.byte	3                               @ DW_AT_name
	.byte	14                              @ DW_FORM_strp
	.byte	58                              @ DW_AT_decl_file
	.byte	11                              @ DW_FORM_data1
	.byte	59                              @ DW_AT_decl_line
	.byte	11                              @ DW_FORM_data1
	.byte	0                               @ EOM(1)
	.byte	0                               @ EOM(2)
	.byte	10                              @ Abbreviation Code
	.byte	22                              @ DW_TAG_typedef
	.byte	0                               @ DW_CHILDREN_no
	.byte	73                              @ DW_AT_type
	.byte	19                              @ DW_FORM_ref4
	.byte	3                               @ DW_AT_name
	.byte	14                              @ DW_FORM_strp
	.byte	58                              @ DW_AT_decl_file
	.byte	11                              @ DW_FORM_data1
	.byte	59                              @ DW_AT_decl_line
	.byte	5                               @ DW_FORM_data2
	.byte	0                               @ EOM(1)
	.byte	0                               @ EOM(2)
	.byte	11                              @ Abbreviation Code
	.byte	15                              @ DW_TAG_pointer_type
	.byte	0                               @ DW_CHILDREN_no
	.byte	0                               @ EOM(1)
	.byte	0                               @ EOM(2)
	.byte	12                              @ Abbreviation Code
	.byte	21                              @ DW_TAG_subroutine_type
	.byte	1                               @ DW_CHILDREN_yes
	.byte	39                              @ DW_AT_prototyped
	.byte	12                              @ DW_FORM_flag
	.byte	0                               @ EOM(1)
	.byte	0                               @ EOM(2)
	.byte	13                              @ Abbreviation Code
	.byte	5                               @ DW_TAG_formal_parameter
	.byte	0                               @ DW_CHILDREN_no
	.byte	73                              @ DW_AT_type
	.byte	19                              @ DW_FORM_ref4
	.byte	0                               @ EOM(1)
	.byte	0                               @ EOM(2)
	.byte	14                              @ Abbreviation Code
	.byte	46                              @ DW_TAG_subprogram
	.byte	1                               @ DW_CHILDREN_yes
	.byte	17                              @ DW_AT_low_pc
	.byte	1                               @ DW_FORM_addr
	.byte	18                              @ DW_AT_high_pc
	.byte	1                               @ DW_FORM_addr
	.byte	64                              @ DW_AT_frame_base
	.byte	10                              @ DW_FORM_block1
	.byte	3                               @ DW_AT_name
	.byte	14                              @ DW_FORM_strp
	.byte	58                              @ DW_AT_decl_file
	.byte	11                              @ DW_FORM_data1
	.byte	59                              @ DW_AT_decl_line
	.byte	11                              @ DW_FORM_data1
	.byte	39                              @ DW_AT_prototyped
	.byte	12                              @ DW_FORM_flag
	.byte	63                              @ DW_AT_external
	.byte	12                              @ DW_FORM_flag
	.byte	0                               @ EOM(1)
	.byte	0                               @ EOM(2)
	.byte	15                              @ Abbreviation Code
	.byte	5                               @ DW_TAG_formal_parameter
	.byte	0                               @ DW_CHILDREN_no
	.byte	2                               @ DW_AT_location
	.byte	10                              @ DW_FORM_block1
	.byte	3                               @ DW_AT_name
	.byte	14                              @ DW_FORM_strp
	.byte	58                              @ DW_AT_decl_file
	.byte	11                              @ DW_FORM_data1
	.byte	59                              @ DW_AT_decl_line
	.byte	11                              @ DW_FORM_data1
	.byte	73                              @ DW_AT_type
	.byte	19                              @ DW_FORM_ref4
	.byte	0                               @ EOM(1)
	.byte	0                               @ EOM(2)
	.byte	16                              @ Abbreviation Code
	.byte	52                              @ DW_TAG_variable
	.byte	0                               @ DW_CHILDREN_no
	.byte	2                               @ DW_AT_location
	.byte	10                              @ DW_FORM_block1
	.byte	3                               @ DW_AT_name
	.byte	14                              @ DW_FORM_strp
	.byte	58                              @ DW_AT_decl_file
	.byte	11                              @ DW_FORM_data1
	.byte	59                              @ DW_AT_decl_line
	.byte	11                              @ DW_FORM_data1
	.byte	73                              @ DW_AT_type
	.byte	19                              @ DW_FORM_ref4
	.byte	0                               @ EOM(1)
	.byte	0                               @ EOM(2)
	.byte	17                              @ Abbreviation Code
	.byte	46                              @ DW_TAG_subprogram
	.byte	1                               @ DW_CHILDREN_yes
	.byte	17                              @ DW_AT_low_pc
	.byte	1                               @ DW_FORM_addr
	.byte	18                              @ DW_AT_high_pc
	.byte	1                               @ DW_FORM_addr
	.byte	64                              @ DW_AT_frame_base
	.byte	10                              @ DW_FORM_block1
	.byte	3                               @ DW_AT_name
	.byte	14                              @ DW_FORM_strp
	.byte	58                              @ DW_AT_decl_file
	.byte	11                              @ DW_FORM_data1
	.byte	59                              @ DW_AT_decl_line
	.byte	11                              @ DW_FORM_data1
	.byte	39                              @ DW_AT_prototyped
	.byte	12                              @ DW_FORM_flag
	.byte	0                               @ EOM(1)
	.byte	0                               @ EOM(2)
	.byte	18                              @ Abbreviation Code
	.byte	46                              @ DW_TAG_subprogram
	.byte	1                               @ DW_CHILDREN_yes
	.byte	17                              @ DW_AT_low_pc
	.byte	1                               @ DW_FORM_addr
	.byte	18                              @ DW_AT_high_pc
	.byte	1                               @ DW_FORM_addr
	.byte	64                              @ DW_AT_frame_base
	.byte	10                              @ DW_FORM_block1
	.byte	3                               @ DW_AT_name
	.byte	14                              @ DW_FORM_strp
	.byte	58                              @ DW_AT_decl_file
	.byte	11                              @ DW_FORM_data1
	.byte	59                              @ DW_AT_decl_line
	.byte	11                              @ DW_FORM_data1
	.byte	39                              @ DW_AT_prototyped
	.byte	12                              @ DW_FORM_flag
	.byte	73                              @ DW_AT_type
	.byte	19                              @ DW_FORM_ref4
	.byte	63                              @ DW_AT_external
	.byte	12                              @ DW_FORM_flag
	.byte	0                               @ EOM(1)
	.byte	0                               @ EOM(2)
	.byte	19                              @ Abbreviation Code
	.byte	10                              @ DW_TAG_label
	.byte	0                               @ DW_CHILDREN_no
	.byte	3                               @ DW_AT_name
	.byte	14                              @ DW_FORM_strp
	.byte	58                              @ DW_AT_decl_file
	.byte	11                              @ DW_FORM_data1
	.byte	59                              @ DW_AT_decl_line
	.byte	11                              @ DW_FORM_data1
	.byte	17                              @ DW_AT_low_pc
	.byte	1                               @ DW_FORM_addr
	.byte	0                               @ EOM(1)
	.byte	0                               @ EOM(2)
	.byte	20                              @ Abbreviation Code
	.byte	11                              @ DW_TAG_lexical_block
	.byte	1                               @ DW_CHILDREN_yes
	.byte	17                              @ DW_AT_low_pc
	.byte	1                               @ DW_FORM_addr
	.byte	18                              @ DW_AT_high_pc
	.byte	1                               @ DW_FORM_addr
	.byte	0                               @ EOM(1)
	.byte	0                               @ EOM(2)
	.byte	21                              @ Abbreviation Code
	.byte	46                              @ DW_TAG_subprogram
	.byte	1                               @ DW_CHILDREN_yes
	.byte	17                              @ DW_AT_low_pc
	.byte	1                               @ DW_FORM_addr
	.byte	18                              @ DW_AT_high_pc
	.byte	1                               @ DW_FORM_addr
	.byte	64                              @ DW_AT_frame_base
	.byte	10                              @ DW_FORM_block1
	.byte	3                               @ DW_AT_name
	.byte	14                              @ DW_FORM_strp
	.byte	58                              @ DW_AT_decl_file
	.byte	11                              @ DW_FORM_data1
	.byte	59                              @ DW_AT_decl_line
	.byte	11                              @ DW_FORM_data1
	.byte	39                              @ DW_AT_prototyped
	.byte	12                              @ DW_FORM_flag
	.byte	73                              @ DW_AT_type
	.byte	19                              @ DW_FORM_ref4
	.byte	0                               @ EOM(1)
	.byte	0                               @ EOM(2)
	.byte	22                              @ Abbreviation Code
	.byte	19                              @ DW_TAG_structure_type
	.byte	1                               @ DW_CHILDREN_yes
	.byte	3                               @ DW_AT_name
	.byte	14                              @ DW_FORM_strp
	.byte	11                              @ DW_AT_byte_size
	.byte	11                              @ DW_FORM_data1
	.byte	58                              @ DW_AT_decl_file
	.byte	11                              @ DW_FORM_data1
	.byte	59                              @ DW_AT_decl_line
	.byte	11                              @ DW_FORM_data1
	.byte	0                               @ EOM(1)
	.byte	0                               @ EOM(2)
	.byte	23                              @ Abbreviation Code
	.byte	13                              @ DW_TAG_member
	.byte	0                               @ DW_CHILDREN_no
	.byte	3                               @ DW_AT_name
	.byte	14                              @ DW_FORM_strp
	.byte	73                              @ DW_AT_type
	.byte	19                              @ DW_FORM_ref4
	.byte	58                              @ DW_AT_decl_file
	.byte	11                              @ DW_FORM_data1
	.byte	59                              @ DW_AT_decl_line
	.byte	11                              @ DW_FORM_data1
	.byte	56                              @ DW_AT_data_member_location
	.byte	11                              @ DW_FORM_data1
	.byte	0                               @ EOM(1)
	.byte	0                               @ EOM(2)
	.byte	24                              @ Abbreviation Code
	.byte	38                              @ DW_TAG_const_type
	.byte	0                               @ DW_CHILDREN_no
	.byte	73                              @ DW_AT_type
	.byte	19                              @ DW_FORM_ref4
	.byte	0                               @ EOM(1)
	.byte	0                               @ EOM(2)
	.byte	0                               @ EOM(3)
	.section	.debug_info,"",%progbits
.Lcu_begin0:
	.long	.Ldebug_info_end0-.Ldebug_info_start0 @ Length of Unit
.Ldebug_info_start0:
	.short	3                               @ DWARF version number
	.long	.debug_abbrev                   @ Offset Into Abbrev. Section
	.byte	4                               @ Address Size (in bytes)
	.byte	1                               @ Abbrev [1] 0xb:0x479 DW_TAG_compile_unit
	.long	.Linfo_string0                  @ DW_AT_producer
	.short	12                              @ DW_AT_language
	.long	.Linfo_string1                  @ DW_AT_name
	.long	.Lline_table_start0             @ DW_AT_stmt_list
	.long	.Linfo_string2                  @ DW_AT_comp_dir
	.long	0                               @ DW_AT_low_pc
	.long	.Ldebug_ranges0                 @ DW_AT_ranges
	.byte	2                               @ Abbrev [2] 0x26:0x5 DW_TAG_pointer_type
	.long	43                              @ DW_AT_type
	.byte	3                               @ Abbrev [3] 0x2b:0x128 DW_TAG_structure_type
	.long	.Linfo_string48                 @ DW_AT_name
	.byte	128                             @ DW_AT_byte_size
	.byte	1                               @ DW_AT_decl_file
	.short	553                             @ DW_AT_decl_line
	.byte	4                               @ Abbrev [4] 0x34:0xd DW_TAG_member
	.long	.Linfo_string3                  @ DW_AT_name
	.long	339                             @ DW_AT_type
	.byte	1                               @ DW_AT_decl_file
	.short	556                             @ DW_AT_decl_line
	.byte	0                               @ DW_AT_data_member_location
	.byte	4                               @ Abbrev [4] 0x41:0xd DW_TAG_member
	.long	.Linfo_string6                  @ DW_AT_name
	.long	365                             @ DW_AT_type
	.byte	1                               @ DW_AT_decl_file
	.short	557                             @ DW_AT_decl_line
	.byte	8                               @ DW_AT_data_member_location
	.byte	4                               @ Abbrev [4] 0x4e:0xd DW_TAG_member
	.long	.Linfo_string9                  @ DW_AT_name
	.long	365                             @ DW_AT_type
	.byte	1                               @ DW_AT_decl_file
	.short	558                             @ DW_AT_decl_line
	.byte	9                               @ DW_AT_data_member_location
	.byte	4                               @ Abbrev [4] 0x5b:0xd DW_TAG_member
	.long	.Linfo_string10                 @ DW_AT_name
	.long	383                             @ DW_AT_type
	.byte	1                               @ DW_AT_decl_file
	.short	564                             @ DW_AT_decl_line
	.byte	12                              @ DW_AT_data_member_location
	.byte	4                               @ Abbrev [4] 0x68:0xd DW_TAG_member
	.long	.Linfo_string15                 @ DW_AT_name
	.long	383                             @ DW_AT_type
	.byte	1                               @ DW_AT_decl_file
	.short	565                             @ DW_AT_decl_line
	.byte	20                              @ DW_AT_data_member_location
	.byte	4                               @ Abbrev [4] 0x75:0xd DW_TAG_member
	.long	.Linfo_string16                 @ DW_AT_name
	.long	436                             @ DW_AT_type
	.byte	1                               @ DW_AT_decl_file
	.short	568                             @ DW_AT_decl_line
	.byte	28                              @ DW_AT_data_member_location
	.byte	4                               @ Abbrev [4] 0x82:0xd DW_TAG_member
	.long	.Linfo_string17                 @ DW_AT_name
	.long	436                             @ DW_AT_type
	.byte	1                               @ DW_AT_decl_file
	.short	569                             @ DW_AT_decl_line
	.byte	32                              @ DW_AT_data_member_location
	.byte	4                               @ Abbrev [4] 0x8f:0xd DW_TAG_member
	.long	.Linfo_string18                 @ DW_AT_name
	.long	436                             @ DW_AT_type
	.byte	1                               @ DW_AT_decl_file
	.short	570                             @ DW_AT_decl_line
	.byte	36                              @ DW_AT_data_member_location
	.byte	4                               @ Abbrev [4] 0x9c:0xd DW_TAG_member
	.long	.Linfo_string19                 @ DW_AT_name
	.long	436                             @ DW_AT_type
	.byte	1                               @ DW_AT_decl_file
	.short	571                             @ DW_AT_decl_line
	.byte	40                              @ DW_AT_data_member_location
	.byte	4                               @ Abbrev [4] 0xa9:0xd DW_TAG_member
	.long	.Linfo_string20                 @ DW_AT_name
	.long	437                             @ DW_AT_type
	.byte	1                               @ DW_AT_decl_file
	.short	572                             @ DW_AT_decl_line
	.byte	44                              @ DW_AT_data_member_location
	.byte	4                               @ Abbrev [4] 0xb6:0xd DW_TAG_member
	.long	.Linfo_string23                 @ DW_AT_name
	.long	455                             @ DW_AT_type
	.byte	1                               @ DW_AT_decl_file
	.short	575                             @ DW_AT_decl_line
	.byte	48                              @ DW_AT_data_member_location
	.byte	4                               @ Abbrev [4] 0xc3:0xd DW_TAG_member
	.long	.Linfo_string27                 @ DW_AT_name
	.long	365                             @ DW_AT_type
	.byte	1                               @ DW_AT_decl_file
	.short	577                             @ DW_AT_decl_line
	.byte	52                              @ DW_AT_data_member_location
	.byte	4                               @ Abbrev [4] 0xd0:0xd DW_TAG_member
	.long	.Linfo_string28                 @ DW_AT_name
	.long	365                             @ DW_AT_type
	.byte	1                               @ DW_AT_decl_file
	.short	589                             @ DW_AT_decl_line
	.byte	53                              @ DW_AT_data_member_location
	.byte	4                               @ Abbrev [4] 0xdd:0xd DW_TAG_member
	.long	.Linfo_string29                 @ DW_AT_name
	.long	365                             @ DW_AT_type
	.byte	1                               @ DW_AT_decl_file
	.short	590                             @ DW_AT_decl_line
	.byte	54                              @ DW_AT_data_member_location
	.byte	4                               @ Abbrev [4] 0xea:0xd DW_TAG_member
	.long	.Linfo_string30                 @ DW_AT_name
	.long	437                             @ DW_AT_type
	.byte	1                               @ DW_AT_decl_file
	.short	595                             @ DW_AT_decl_line
	.byte	56                              @ DW_AT_data_member_location
	.byte	4                               @ Abbrev [4] 0xf7:0xd DW_TAG_member
	.long	.Linfo_string31                 @ DW_AT_name
	.long	437                             @ DW_AT_type
	.byte	1                               @ DW_AT_decl_file
	.short	599                             @ DW_AT_decl_line
	.byte	60                              @ DW_AT_data_member_location
	.byte	4                               @ Abbrev [4] 0x104:0xd DW_TAG_member
	.long	.Linfo_string32                 @ DW_AT_name
	.long	365                             @ DW_AT_type
	.byte	1                               @ DW_AT_decl_file
	.short	600                             @ DW_AT_decl_line
	.byte	64                              @ DW_AT_data_member_location
	.byte	4                               @ Abbrev [4] 0x111:0xd DW_TAG_member
	.long	.Linfo_string33                 @ DW_AT_name
	.long	484                             @ DW_AT_type
	.byte	1                               @ DW_AT_decl_file
	.short	614                             @ DW_AT_decl_line
	.byte	68                              @ DW_AT_data_member_location
	.byte	4                               @ Abbrev [4] 0x11e:0xd DW_TAG_member
	.long	.Linfo_string36                 @ DW_AT_name
	.long	484                             @ DW_AT_type
	.byte	1                               @ DW_AT_decl_file
	.short	615                             @ DW_AT_decl_line
	.byte	72                              @ DW_AT_data_member_location
	.byte	4                               @ Abbrev [4] 0x12b:0xd DW_TAG_member
	.long	.Linfo_string37                 @ DW_AT_name
	.long	502                             @ DW_AT_type
	.byte	1                               @ DW_AT_decl_file
	.short	617                             @ DW_AT_decl_line
	.byte	76                              @ DW_AT_data_member_location
	.byte	4                               @ Abbrev [4] 0x138:0xd DW_TAG_member
	.long	.Linfo_string46                 @ DW_AT_name
	.long	688                             @ DW_AT_type
	.byte	1                               @ DW_AT_decl_file
	.short	619                             @ DW_AT_decl_line
	.byte	120                             @ DW_AT_data_member_location
	.byte	4                               @ Abbrev [4] 0x145:0xd DW_TAG_member
	.long	.Linfo_string47                 @ DW_AT_name
	.long	484                             @ DW_AT_type
	.byte	1                               @ DW_AT_decl_file
	.short	626                             @ DW_AT_decl_line
	.byte	124                             @ DW_AT_data_member_location
	.byte	0                               @ End Of Children Mark
	.byte	5                               @ Abbrev [5] 0x153:0xc DW_TAG_array_type
	.long	351                             @ DW_AT_type
	.byte	6                               @ Abbrev [6] 0x158:0x6 DW_TAG_subrange_type
	.long	358                             @ DW_AT_type
	.byte	8                               @ DW_AT_count
	.byte	0                               @ End Of Children Mark
	.byte	7                               @ Abbrev [7] 0x15f:0x7 DW_TAG_base_type
	.long	.Linfo_string4                  @ DW_AT_name
	.byte	6                               @ DW_AT_encoding
	.byte	1                               @ DW_AT_byte_size
	.byte	8                               @ Abbrev [8] 0x166:0x7 DW_TAG_base_type
	.long	.Linfo_string5                  @ DW_AT_name
	.byte	8                               @ DW_AT_byte_size
	.byte	7                               @ DW_AT_encoding
	.byte	9                               @ Abbrev [9] 0x16d:0xb DW_TAG_typedef
	.long	376                             @ DW_AT_type
	.long	.Linfo_string8                  @ DW_AT_name
	.byte	1                               @ DW_AT_decl_file
	.byte	67                              @ DW_AT_decl_line
	.byte	7                               @ Abbrev [7] 0x178:0x7 DW_TAG_base_type
	.long	.Linfo_string7                  @ DW_AT_name
	.byte	8                               @ DW_AT_encoding
	.byte	1                               @ DW_AT_byte_size
	.byte	10                              @ Abbrev [10] 0x17f:0xc DW_TAG_typedef
	.long	395                             @ DW_AT_type
	.long	.Linfo_string14                 @ DW_AT_name
	.byte	1                               @ DW_AT_decl_file
	.short	318                             @ DW_AT_decl_line
	.byte	3                               @ Abbrev [3] 0x18b:0x24 DW_TAG_structure_type
	.long	.Linfo_string13                 @ DW_AT_name
	.byte	8                               @ DW_AT_byte_size
	.byte	1                               @ DW_AT_decl_file
	.short	313                             @ DW_AT_decl_line
	.byte	4                               @ Abbrev [4] 0x194:0xd DW_TAG_member
	.long	.Linfo_string11                 @ DW_AT_name
	.long	431                             @ DW_AT_type
	.byte	1                               @ DW_AT_decl_file
	.short	315                             @ DW_AT_decl_line
	.byte	0                               @ DW_AT_data_member_location
	.byte	4                               @ Abbrev [4] 0x1a1:0xd DW_TAG_member
	.long	.Linfo_string12                 @ DW_AT_name
	.long	431                             @ DW_AT_type
	.byte	1                               @ DW_AT_decl_file
	.short	316                             @ DW_AT_decl_line
	.byte	4                               @ DW_AT_data_member_location
	.byte	0                               @ End Of Children Mark
	.byte	2                               @ Abbrev [2] 0x1af:0x5 DW_TAG_pointer_type
	.long	395                             @ DW_AT_type
	.byte	11                              @ Abbrev [11] 0x1b4:0x1 DW_TAG_pointer_type
	.byte	9                               @ Abbrev [9] 0x1b5:0xb DW_TAG_typedef
	.long	448                             @ DW_AT_type
	.long	.Linfo_string22                 @ DW_AT_name
	.byte	1                               @ DW_AT_decl_file
	.byte	69                              @ DW_AT_decl_line
	.byte	7                               @ Abbrev [7] 0x1c0:0x7 DW_TAG_base_type
	.long	.Linfo_string21                 @ DW_AT_name
	.byte	7                               @ DW_AT_encoding
	.byte	4                               @ DW_AT_byte_size
	.byte	9                               @ Abbrev [9] 0x1c7:0xb DW_TAG_typedef
	.long	466                             @ DW_AT_type
	.long	.Linfo_string26                 @ DW_AT_name
	.byte	1                               @ DW_AT_decl_file
	.byte	84                              @ DW_AT_decl_line
	.byte	9                               @ Abbrev [9] 0x1d2:0xb DW_TAG_typedef
	.long	477                             @ DW_AT_type
	.long	.Linfo_string25                 @ DW_AT_name
	.byte	1                               @ DW_AT_decl_file
	.byte	81                              @ DW_AT_decl_line
	.byte	7                               @ Abbrev [7] 0x1dd:0x7 DW_TAG_base_type
	.long	.Linfo_string24                 @ DW_AT_name
	.byte	5                               @ DW_AT_encoding
	.byte	4                               @ DW_AT_byte_size
	.byte	9                               @ Abbrev [9] 0x1e4:0xb DW_TAG_typedef
	.long	495                             @ DW_AT_type
	.long	.Linfo_string35                 @ DW_AT_name
	.byte	1                               @ DW_AT_decl_file
	.byte	82                              @ DW_AT_decl_line
	.byte	7                               @ Abbrev [7] 0x1ef:0x7 DW_TAG_base_type
	.long	.Linfo_string34                 @ DW_AT_name
	.byte	7                               @ DW_AT_encoding
	.byte	4                               @ DW_AT_byte_size
	.byte	3                               @ Abbrev [3] 0x1f6:0x58 DW_TAG_structure_type
	.long	.Linfo_string45                 @ DW_AT_name
	.byte	44                              @ DW_AT_byte_size
	.byte	1                               @ DW_AT_decl_file
	.short	448                             @ DW_AT_decl_line
	.byte	4                               @ Abbrev [4] 0x1ff:0xd DW_TAG_member
	.long	.Linfo_string38                 @ DW_AT_name
	.long	590                             @ DW_AT_type
	.byte	1                               @ DW_AT_decl_file
	.short	450                             @ DW_AT_decl_line
	.byte	0                               @ DW_AT_data_member_location
	.byte	4                               @ Abbrev [4] 0x20c:0xd DW_TAG_member
	.long	.Linfo_string41                 @ DW_AT_name
	.long	652                             @ DW_AT_type
	.byte	1                               @ DW_AT_decl_file
	.short	452                             @ DW_AT_decl_line
	.byte	20                              @ DW_AT_data_member_location
	.byte	4                               @ Abbrev [4] 0x219:0xd DW_TAG_member
	.long	.Linfo_string42                 @ DW_AT_name
	.long	664                             @ DW_AT_type
	.byte	1                               @ DW_AT_decl_file
	.short	454                             @ DW_AT_decl_line
	.byte	28                              @ DW_AT_data_member_location
	.byte	4                               @ Abbrev [4] 0x226:0xd DW_TAG_member
	.long	.Linfo_string18                 @ DW_AT_name
	.long	436                             @ DW_AT_type
	.byte	1                               @ DW_AT_decl_file
	.short	455                             @ DW_AT_decl_line
	.byte	32                              @ DW_AT_data_member_location
	.byte	4                               @ Abbrev [4] 0x233:0xd DW_TAG_member
	.long	.Linfo_string33                 @ DW_AT_name
	.long	677                             @ DW_AT_type
	.byte	1                               @ DW_AT_decl_file
	.short	457                             @ DW_AT_decl_line
	.byte	36                              @ DW_AT_data_member_location
	.byte	4                               @ Abbrev [4] 0x240:0xd DW_TAG_member
	.long	.Linfo_string44                 @ DW_AT_name
	.long	677                             @ DW_AT_type
	.byte	1                               @ DW_AT_decl_file
	.short	458                             @ DW_AT_decl_line
	.byte	40                              @ DW_AT_data_member_location
	.byte	0                               @ End Of Children Mark
	.byte	3                               @ Abbrev [3] 0x24e:0x3e DW_TAG_structure_type
	.long	.Linfo_string40                 @ DW_AT_name
	.byte	20                              @ DW_AT_byte_size
	.byte	1                               @ DW_AT_decl_file
	.short	343                             @ DW_AT_decl_line
	.byte	4                               @ Abbrev [4] 0x257:0xd DW_TAG_member
	.long	.Linfo_string3                  @ DW_AT_name
	.long	339                             @ DW_AT_type
	.byte	1                               @ DW_AT_decl_file
	.short	345                             @ DW_AT_decl_line
	.byte	0                               @ DW_AT_data_member_location
	.byte	4                               @ Abbrev [4] 0x264:0xd DW_TAG_member
	.long	.Linfo_string6                  @ DW_AT_name
	.long	365                             @ DW_AT_type
	.byte	1                               @ DW_AT_decl_file
	.short	346                             @ DW_AT_decl_line
	.byte	8                               @ DW_AT_data_member_location
	.byte	4                               @ Abbrev [4] 0x271:0xd DW_TAG_member
	.long	.Linfo_string39                 @ DW_AT_name
	.long	365                             @ DW_AT_type
	.byte	1                               @ DW_AT_decl_file
	.short	347                             @ DW_AT_decl_line
	.byte	9                               @ DW_AT_data_member_location
	.byte	4                               @ Abbrev [4] 0x27e:0xd DW_TAG_member
	.long	.Linfo_string10                 @ DW_AT_name
	.long	383                             @ DW_AT_type
	.byte	1                               @ DW_AT_decl_file
	.short	352                             @ DW_AT_decl_line
	.byte	12                              @ DW_AT_data_member_location
	.byte	0                               @ End Of Children Mark
	.byte	5                               @ Abbrev [5] 0x28c:0xc DW_TAG_array_type
	.long	383                             @ DW_AT_type
	.byte	6                               @ Abbrev [6] 0x291:0x6 DW_TAG_subrange_type
	.long	358                             @ DW_AT_type
	.byte	1                               @ DW_AT_count
	.byte	0                               @ End Of Children Mark
	.byte	2                               @ Abbrev [2] 0x298:0x5 DW_TAG_pointer_type
	.long	669                             @ DW_AT_type
	.byte	12                              @ Abbrev [12] 0x29d:0x8 DW_TAG_subroutine_type
	.byte	1                               @ DW_AT_prototyped
	.byte	13                              @ Abbrev [13] 0x29f:0x5 DW_TAG_formal_parameter
	.long	436                             @ DW_AT_type
	.byte	0                               @ End Of Children Mark
	.byte	9                               @ Abbrev [9] 0x2a5:0xb DW_TAG_typedef
	.long	437                             @ DW_AT_type
	.long	.Linfo_string43                 @ DW_AT_name
	.byte	1                               @ DW_AT_decl_file
	.byte	86                              @ DW_AT_decl_line
	.byte	2                               @ Abbrev [2] 0x2b0:0x5 DW_TAG_pointer_type
	.long	693                             @ DW_AT_type
	.byte	12                              @ Abbrev [12] 0x2b5:0x8 DW_TAG_subroutine_type
	.byte	1                               @ DW_AT_prototyped
	.byte	13                              @ Abbrev [13] 0x2b7:0x5 DW_TAG_formal_parameter
	.long	38                              @ DW_AT_type
	.byte	0                               @ End Of Children Mark
	.byte	2                               @ Abbrev [2] 0x2bd:0x5 DW_TAG_pointer_type
	.long	351                             @ DW_AT_type
	.byte	14                              @ Abbrev [14] 0x2c2:0x30 DW_TAG_subprogram
	.long	.Lfunc_begin0                   @ DW_AT_low_pc
	.long	.Lfunc_end0                     @ DW_AT_high_pc
	.byte	1                               @ DW_AT_frame_base
	.byte	93
	.long	.Linfo_string49                 @ DW_AT_name
	.byte	2                               @ DW_AT_decl_file
	.byte	18                              @ DW_AT_decl_line
	.byte	1                               @ DW_AT_prototyped
	.byte	1                               @ DW_AT_external
	.byte	15                              @ Abbrev [15] 0x2d5:0xe DW_TAG_formal_parameter
	.byte	2                               @ DW_AT_location
	.byte	145
	.byte	4
	.long	.Linfo_string56                 @ DW_AT_name
	.byte	2                               @ DW_AT_decl_file
	.byte	18                              @ DW_AT_decl_line
	.long	1079                            @ DW_AT_type
	.byte	16                              @ Abbrev [16] 0x2e3:0xe DW_TAG_variable
	.byte	2                               @ DW_AT_location
	.byte	145
	.byte	0
	.long	.Linfo_string59                 @ DW_AT_name
	.byte	2                               @ DW_AT_decl_file
	.byte	20                              @ DW_AT_decl_line
	.long	466                             @ DW_AT_type
	.byte	0                               @ End Of Children Mark
	.byte	17                              @ Abbrev [17] 0x2f2:0x21 DW_TAG_subprogram
	.long	.Lfunc_begin1                   @ DW_AT_low_pc
	.long	.Lfunc_end1                     @ DW_AT_high_pc
	.byte	1                               @ DW_AT_frame_base
	.byte	93
	.long	.Linfo_string50                 @ DW_AT_name
	.byte	3                               @ DW_AT_decl_file
	.byte	47                              @ DW_AT_decl_line
	.byte	1                               @ DW_AT_prototyped
	.byte	15                              @ Abbrev [15] 0x304:0xe DW_TAG_formal_parameter
	.byte	2                               @ DW_AT_location
	.byte	145
	.byte	0
	.long	.Linfo_string60                 @ DW_AT_name
	.byte	3                               @ DW_AT_decl_file
	.byte	47                              @ DW_AT_decl_line
	.long	1117                            @ DW_AT_type
	.byte	0                               @ End Of Children Mark
	.byte	18                              @ Abbrev [18] 0x313:0x81 DW_TAG_subprogram
	.long	.Lfunc_begin2                   @ DW_AT_low_pc
	.long	.Lfunc_end2                     @ DW_AT_high_pc
	.byte	1                               @ DW_AT_frame_base
	.byte	93
	.long	.Linfo_string51                 @ DW_AT_name
	.byte	2                               @ DW_AT_decl_file
	.byte	30                              @ DW_AT_decl_line
	.byte	1                               @ DW_AT_prototyped
	.long	455                             @ DW_AT_type
	.byte	1                               @ DW_AT_external
	.byte	15                              @ Abbrev [15] 0x32a:0xe DW_TAG_formal_parameter
	.byte	2                               @ DW_AT_location
	.byte	145
	.byte	20
	.long	.Linfo_string56                 @ DW_AT_name
	.byte	2                               @ DW_AT_decl_file
	.byte	30                              @ DW_AT_decl_line
	.long	1079                            @ DW_AT_type
	.byte	15                              @ Abbrev [15] 0x338:0xe DW_TAG_formal_parameter
	.byte	2                               @ DW_AT_location
	.byte	145
	.byte	16
	.long	.Linfo_string61                 @ DW_AT_name
	.byte	2                               @ DW_AT_decl_file
	.byte	31                              @ DW_AT_decl_line
	.long	1122                            @ DW_AT_type
	.byte	16                              @ Abbrev [16] 0x346:0xe DW_TAG_variable
	.byte	2                               @ DW_AT_location
	.byte	145
	.byte	12
	.long	.Linfo_string63                 @ DW_AT_name
	.byte	2                               @ DW_AT_decl_file
	.byte	33                              @ DW_AT_decl_line
	.long	455                             @ DW_AT_type
	.byte	16                              @ Abbrev [16] 0x354:0xe DW_TAG_variable
	.byte	2                               @ DW_AT_location
	.byte	145
	.byte	8
	.long	.Linfo_string59                 @ DW_AT_name
	.byte	2                               @ DW_AT_decl_file
	.byte	34                              @ DW_AT_decl_line
	.long	466                             @ DW_AT_type
	.byte	16                              @ Abbrev [16] 0x362:0xe DW_TAG_variable
	.byte	2                               @ DW_AT_location
	.byte	145
	.byte	4
	.long	.Linfo_string64                 @ DW_AT_name
	.byte	2                               @ DW_AT_decl_file
	.byte	35                              @ DW_AT_decl_line
	.long	1133                            @ DW_AT_type
	.byte	19                              @ Abbrev [19] 0x370:0xb DW_TAG_label
	.long	.Linfo_string66                 @ DW_AT_name
	.byte	2                               @ DW_AT_decl_file
	.byte	90                              @ DW_AT_decl_line
	.long	.Ltmp32                         @ DW_AT_low_pc
	.byte	20                              @ Abbrev [20] 0x37b:0x18 DW_TAG_lexical_block
	.long	.Ltmp20                         @ DW_AT_low_pc
	.long	.Ltmp26                         @ DW_AT_high_pc
	.byte	16                              @ Abbrev [16] 0x384:0xe DW_TAG_variable
	.byte	2                               @ DW_AT_location
	.byte	145
	.byte	0
	.long	.Linfo_string59                 @ DW_AT_name
	.byte	2                               @ DW_AT_decl_file
	.byte	64                              @ DW_AT_decl_line
	.long	466                             @ DW_AT_type
	.byte	0                               @ End Of Children Mark
	.byte	0                               @ End Of Children Mark
	.byte	21                              @ Abbrev [21] 0x394:0x25 DW_TAG_subprogram
	.long	.Lfunc_begin3                   @ DW_AT_low_pc
	.long	.Lfunc_end3                     @ DW_AT_high_pc
	.byte	1                               @ DW_AT_frame_base
	.byte	93
	.long	.Linfo_string52                 @ DW_AT_name
	.byte	3                               @ DW_AT_decl_file
	.byte	98                              @ DW_AT_decl_line
	.byte	1                               @ DW_AT_prototyped
	.long	1072                            @ DW_AT_type
	.byte	15                              @ Abbrev [15] 0x3aa:0xe DW_TAG_formal_parameter
	.byte	2                               @ DW_AT_location
	.byte	145
	.byte	0
	.long	.Linfo_string60                 @ DW_AT_name
	.byte	3                               @ DW_AT_decl_file
	.byte	98                              @ DW_AT_decl_line
	.long	1145                            @ DW_AT_type
	.byte	0                               @ End Of Children Mark
	.byte	17                              @ Abbrev [17] 0x3b9:0x2f DW_TAG_subprogram
	.long	.Lfunc_begin4                   @ DW_AT_low_pc
	.long	.Lfunc_end4                     @ DW_AT_high_pc
	.byte	1                               @ DW_AT_frame_base
	.byte	93
	.long	.Linfo_string54                 @ DW_AT_name
	.byte	3                               @ DW_AT_decl_file
	.byte	73                              @ DW_AT_decl_line
	.byte	1                               @ DW_AT_prototyped
	.byte	15                              @ Abbrev [15] 0x3cb:0xe DW_TAG_formal_parameter
	.byte	2                               @ DW_AT_location
	.byte	145
	.byte	4
	.long	.Linfo_string60                 @ DW_AT_name
	.byte	3                               @ DW_AT_decl_file
	.byte	73                              @ DW_AT_decl_line
	.long	1117                            @ DW_AT_type
	.byte	15                              @ Abbrev [15] 0x3d9:0xe DW_TAG_formal_parameter
	.byte	2                               @ DW_AT_location
	.byte	145
	.byte	0
	.long	.Linfo_string67                 @ DW_AT_name
	.byte	3                               @ DW_AT_decl_file
	.byte	73                              @ DW_AT_decl_line
	.long	1117                            @ DW_AT_type
	.byte	0                               @ End Of Children Mark
	.byte	14                              @ Abbrev [14] 0x3e8:0x48 DW_TAG_subprogram
	.long	.Lfunc_begin5                   @ DW_AT_low_pc
	.long	.Lfunc_end5                     @ DW_AT_high_pc
	.byte	1                               @ DW_AT_frame_base
	.byte	93
	.long	.Linfo_string55                 @ DW_AT_name
	.byte	2                               @ DW_AT_decl_file
	.byte	97                              @ DW_AT_decl_line
	.byte	1                               @ DW_AT_prototyped
	.byte	1                               @ DW_AT_external
	.byte	15                              @ Abbrev [15] 0x3fb:0xe DW_TAG_formal_parameter
	.byte	2                               @ DW_AT_location
	.byte	145
	.byte	12
	.long	.Linfo_string56                 @ DW_AT_name
	.byte	2                               @ DW_AT_decl_file
	.byte	97                              @ DW_AT_decl_line
	.long	1079                            @ DW_AT_type
	.byte	16                              @ Abbrev [16] 0x409:0xe DW_TAG_variable
	.byte	2                               @ DW_AT_location
	.byte	145
	.byte	8
	.long	.Linfo_string59                 @ DW_AT_name
	.byte	2                               @ DW_AT_decl_file
	.byte	99                              @ DW_AT_decl_line
	.long	466                             @ DW_AT_type
	.byte	20                              @ Abbrev [20] 0x417:0x18 DW_TAG_lexical_block
	.long	.Ltmp47                         @ DW_AT_low_pc
	.long	.Ltmp48                         @ DW_AT_high_pc
	.byte	16                              @ Abbrev [16] 0x420:0xe DW_TAG_variable
	.byte	2                               @ DW_AT_location
	.byte	145
	.byte	4
	.long	.Linfo_string64                 @ DW_AT_name
	.byte	2                               @ DW_AT_decl_file
	.byte	111                             @ DW_AT_decl_line
	.long	38                              @ DW_AT_type
	.byte	0                               @ End Of Children Mark
	.byte	0                               @ End Of Children Mark
	.byte	7                               @ Abbrev [7] 0x430:0x7 DW_TAG_base_type
	.long	.Linfo_string53                 @ DW_AT_name
	.byte	5                               @ DW_AT_encoding
	.byte	4                               @ DW_AT_byte_size
	.byte	2                               @ Abbrev [2] 0x437:0x5 DW_TAG_pointer_type
	.long	1084                            @ DW_AT_type
	.byte	22                              @ Abbrev [22] 0x43c:0x21 DW_TAG_structure_type
	.long	.Linfo_string58                 @ DW_AT_name
	.byte	12                              @ DW_AT_byte_size
	.byte	4                               @ DW_AT_decl_file
	.byte	18                              @ DW_AT_decl_line
	.byte	23                              @ Abbrev [23] 0x444:0xc DW_TAG_member
	.long	.Linfo_string39                 @ DW_AT_name
	.long	437                             @ DW_AT_type
	.byte	4                               @ DW_AT_decl_file
	.byte	20                              @ DW_AT_decl_line
	.byte	0                               @ DW_AT_data_member_location
	.byte	23                              @ Abbrev [23] 0x450:0xc DW_TAG_member
	.long	.Linfo_string57                 @ DW_AT_name
	.long	383                             @ DW_AT_type
	.byte	4                               @ DW_AT_decl_file
	.byte	23                              @ DW_AT_decl_line
	.byte	4                               @ DW_AT_data_member_location
	.byte	0                               @ End Of Children Mark
	.byte	2                               @ Abbrev [2] 0x45d:0x5 DW_TAG_pointer_type
	.long	383                             @ DW_AT_type
	.byte	9                               @ Abbrev [9] 0x462:0xb DW_TAG_typedef
	.long	1072                            @ DW_AT_type
	.long	.Linfo_string62                 @ DW_AT_name
	.byte	1                               @ DW_AT_decl_file
	.byte	66                              @ DW_AT_decl_line
	.byte	10                              @ Abbrev [10] 0x46d:0xc DW_TAG_typedef
	.long	38                              @ DW_AT_type
	.long	.Linfo_string65                 @ DW_AT_name
	.byte	1                               @ DW_AT_decl_file
	.short	628                             @ DW_AT_decl_line
	.byte	2                               @ Abbrev [2] 0x479:0x5 DW_TAG_pointer_type
	.long	1150                            @ DW_AT_type
	.byte	24                              @ Abbrev [24] 0x47e:0x5 DW_TAG_const_type
	.long	383                             @ DW_AT_type
	.byte	0                               @ End Of Children Mark
.Ldebug_info_end0:
	.section	.debug_ranges,"",%progbits
.Ldebug_ranges0:
	.long	.Lfunc_begin0
	.long	.Lfunc_end0
	.long	.Lfunc_begin1
	.long	.Lfunc_end1
	.long	.Lfunc_begin2
	.long	.Lfunc_end2
	.long	.Lfunc_begin3
	.long	.Lfunc_end3
	.long	.Lfunc_begin4
	.long	.Lfunc_end4
	.long	.Lfunc_begin5
	.long	.Lfunc_end5
	.long	0
	.long	0
	.section	.debug_str,"MS",%progbits,1
.Linfo_string0:
	.asciz	"Component: ARM Compiler 6.16 Tool: armclang [5dfeb700]" @ string offset=0
.Linfo_string1:
	.asciz	"rt-thread/components/drivers/src\\completion.c" @ string offset=55
.Linfo_string2:
	.asciz	"E:\\STM32\\Learning\\STM32H750_ART_PI_RGBLCD" @ string offset=101
.Linfo_string3:
	.asciz	"name"                          @ string offset=143
.Linfo_string4:
	.asciz	"char"                          @ string offset=148
.Linfo_string5:
	.asciz	"__ARRAY_SIZE_TYPE__"           @ string offset=153
.Linfo_string6:
	.asciz	"type"                          @ string offset=173
.Linfo_string7:
	.asciz	"unsigned char"                 @ string offset=178
.Linfo_string8:
	.asciz	"rt_uint8_t"                    @ string offset=192
.Linfo_string9:
	.asciz	"flags"                         @ string offset=203
.Linfo_string10:
	.asciz	"list"                          @ string offset=209
.Linfo_string11:
	.asciz	"next"                          @ string offset=214
.Linfo_string12:
	.asciz	"prev"                          @ string offset=219
.Linfo_string13:
	.asciz	"rt_list_node"                  @ string offset=224
.Linfo_string14:
	.asciz	"rt_list_t"                     @ string offset=237
.Linfo_string15:
	.asciz	"tlist"                         @ string offset=247
.Linfo_string16:
	.asciz	"sp"                            @ string offset=253
.Linfo_string17:
	.asciz	"entry"                         @ string offset=256
.Linfo_string18:
	.asciz	"parameter"                     @ string offset=262
.Linfo_string19:
	.asciz	"stack_addr"                    @ string offset=272
.Linfo_string20:
	.asciz	"stack_size"                    @ string offset=283
.Linfo_string21:
	.asciz	"unsigned int"                  @ string offset=294
.Linfo_string22:
	.asciz	"rt_uint32_t"                   @ string offset=307
.Linfo_string23:
	.asciz	"error"                         @ string offset=319
.Linfo_string24:
	.asciz	"long int"                      @ string offset=325
.Linfo_string25:
	.asciz	"rt_base_t"                     @ string offset=334
.Linfo_string26:
	.asciz	"rt_err_t"                      @ string offset=344
.Linfo_string27:
	.asciz	"stat"                          @ string offset=353
.Linfo_string28:
	.asciz	"current_priority"              @ string offset=358
.Linfo_string29:
	.asciz	"init_priority"                 @ string offset=375
.Linfo_string30:
	.asciz	"number_mask"                   @ string offset=389
.Linfo_string31:
	.asciz	"event_set"                     @ string offset=401
.Linfo_string32:
	.asciz	"event_info"                    @ string offset=411
.Linfo_string33:
	.asciz	"init_tick"                     @ string offset=422
.Linfo_string34:
	.asciz	"long unsigned int"             @ string offset=432
.Linfo_string35:
	.asciz	"rt_ubase_t"                    @ string offset=450
.Linfo_string36:
	.asciz	"remaining_tick"                @ string offset=461
.Linfo_string37:
	.asciz	"thread_timer"                  @ string offset=476
.Linfo_string38:
	.asciz	"parent"                        @ string offset=489
.Linfo_string39:
	.asciz	"flag"                          @ string offset=496
.Linfo_string40:
	.asciz	"rt_object"                     @ string offset=501
.Linfo_string41:
	.asciz	"row"                           @ string offset=511
.Linfo_string42:
	.asciz	"timeout_func"                  @ string offset=515
.Linfo_string43:
	.asciz	"rt_tick_t"                     @ string offset=528
.Linfo_string44:
	.asciz	"timeout_tick"                  @ string offset=538
.Linfo_string45:
	.asciz	"rt_timer"                      @ string offset=551
.Linfo_string46:
	.asciz	"cleanup"                       @ string offset=560
.Linfo_string47:
	.asciz	"user_data"                     @ string offset=568
.Linfo_string48:
	.asciz	"rt_thread"                     @ string offset=578
.Linfo_string49:
	.asciz	"rt_completion_init"            @ string offset=588
.Linfo_string50:
	.asciz	"rt_list_init"                  @ string offset=607
.Linfo_string51:
	.asciz	"rt_completion_wait"            @ string offset=620
.Linfo_string52:
	.asciz	"rt_list_isempty"               @ string offset=639
.Linfo_string53:
	.asciz	"int"                           @ string offset=655
.Linfo_string54:
	.asciz	"rt_list_insert_before"         @ string offset=659
.Linfo_string55:
	.asciz	"rt_completion_done"            @ string offset=681
.Linfo_string56:
	.asciz	"completion"                    @ string offset=700
.Linfo_string57:
	.asciz	"suspended_list"                @ string offset=711
.Linfo_string58:
	.asciz	"rt_completion"                 @ string offset=726
.Linfo_string59:
	.asciz	"level"                         @ string offset=740
.Linfo_string60:
	.asciz	"l"                             @ string offset=746
.Linfo_string61:
	.asciz	"timeout"                       @ string offset=748
.Linfo_string62:
	.asciz	"rt_int32_t"                    @ string offset=756
.Linfo_string63:
	.asciz	"result"                        @ string offset=767
.Linfo_string64:
	.asciz	"thread"                        @ string offset=774
.Linfo_string65:
	.asciz	"rt_thread_t"                   @ string offset=781
.Linfo_string66:
	.asciz	"__exit"                        @ string offset=793
.Linfo_string67:
	.asciz	"n"                             @ string offset=800
	.ident	"Component: ARM Compiler 6.16 Tool: armclang [5dfeb700]"
	.section	".note.GNU-stack","",%progbits
	.eabi_attribute	30, 6	@ Tag_ABI_optimization_goals
	.ARM_attribute	16, 1	@ Tag_AV_eba
	.section	.debug_line,"",%progbits
.Lline_table_start0:
