	.text
	.syntax unified
	.eabi_attribute	67, "2.09"	@ Tag_conformance
	.cpu	cortex-m7
	.eabi_attribute	6, 13	@ Tag_CPU_arch
	.eabi_attribute	7, 77	@ Tag_CPU_arch_profile
	.eabi_attribute	8, 0	@ Tag_ARM_ISA_use
	.eabi_attribute	9, 2	@ Tag_THUMB_ISA_use
	.fpu	fpv5-d16
	.eabi_attribute	36, 1	@ Tag_FP_HP_extension
	.eabi_attribute	34, 1	@ Tag_CPU_unaligned_access
	.eabi_attribute	17, 1	@ Tag_ABI_PCS_GOT_use
	.eabi_attribute	20, 2	@ Tag_ABI_FP_denormal
	.eabi_attribute	21, 0	@ Tag_ABI_FP_exceptions
	.eabi_attribute	23, 1	@ Tag_ABI_FP_number_model
	.eabi_attribute	24, 1	@ Tag_ABI_align_needed
	.eabi_attribute	25, 1	@ Tag_ABI_align_preserved
	.eabi_attribute	28, 1	@ Tag_ABI_VFP_args
	.eabi_attribute	38, 1	@ Tag_ABI_FP_16bit_format
	.eabi_attribute	18, 2	@ Tag_ABI_PCS_wchar_t
	.eabi_attribute	26, 1	@ Tag_ABI_enum_size
	.eabi_attribute	14, 0	@ Tag_ABI_PCS_R9_use
	.file	"components.c"
	.file	1 "E:\\Smart-access-control\\Hardware\\CODE" "rt-thread/include\\rtdef.h"
	.file	2 "E:\\Smart-access-control\\Hardware\\CODE" "rt-thread/src/components.c"
	.section	.text.rti_start,"ax",%progbits
	.p2align	3                               @ -- Begin function rti_start
	.type	rti_start,%function
	.code	16                              @ @rti_start
	.thumb_func
rti_start:
.Lfunc_begin0:
	.loc	2 57 0                          @ rt-thread/src/components.c:57:0
	.fnstart
	.cfi_sections .debug_frame
	.cfi_startproc
@ %bb.0:
	.loc	2 58 5 prologue_end             @ rt-thread/src/components.c:58:5
	movs	r0, #0
	bx	lr
.Ltmp0:
.Lfunc_end0:
	.size	rti_start, .Lfunc_end0-rti_start
	.cfi_endproc
	.cantunwind
	.fnend
                                        @ -- End function
	.section	.text.rti_board_start,"ax",%progbits
	.p2align	3                               @ -- Begin function rti_board_start
	.type	rti_board_start,%function
	.code	16                              @ @rti_board_start
	.thumb_func
rti_board_start:
.Lfunc_begin1:
	.loc	2 63 0                          @ rt-thread/src/components.c:63:0
	.fnstart
	.cfi_startproc
@ %bb.0:
	.loc	2 64 5 prologue_end             @ rt-thread/src/components.c:64:5
	movs	r0, #0
	bx	lr
.Ltmp1:
.Lfunc_end1:
	.size	rti_board_start, .Lfunc_end1-rti_board_start
	.cfi_endproc
	.cantunwind
	.fnend
                                        @ -- End function
	.section	.text.rti_board_end,"ax",%progbits
	.p2align	3                               @ -- Begin function rti_board_end
	.type	rti_board_end,%function
	.code	16                              @ @rti_board_end
	.thumb_func
rti_board_end:
.Lfunc_begin2:
	.loc	2 69 0                          @ rt-thread/src/components.c:69:0
	.fnstart
	.cfi_startproc
@ %bb.0:
	.loc	2 70 5 prologue_end             @ rt-thread/src/components.c:70:5
	movs	r0, #0
	bx	lr
.Ltmp2:
.Lfunc_end2:
	.size	rti_board_end, .Lfunc_end2-rti_board_end
	.cfi_endproc
	.cantunwind
	.fnend
                                        @ -- End function
	.section	.text.rti_end,"ax",%progbits
	.p2align	3                               @ -- Begin function rti_end
	.type	rti_end,%function
	.code	16                              @ @rti_end
	.thumb_func
rti_end:
.Lfunc_begin3:
	.loc	2 75 0                          @ rt-thread/src/components.c:75:0
	.fnstart
	.cfi_startproc
@ %bb.0:
	.loc	2 76 5 prologue_end             @ rt-thread/src/components.c:76:5
	movs	r0, #0
	bx	lr
.Ltmp3:
.Lfunc_end3:
	.size	rti_end, .Lfunc_end3-rti_end
	.cfi_endproc
	.cantunwind
	.fnend
                                        @ -- End function
	.section	.text.rt_components_board_init,"ax",%progbits
	.hidden	rt_components_board_init        @ -- Begin function rt_components_board_init
	.globl	rt_components_board_init
	.p2align	3
	.type	rt_components_board_init,%function
	.code	16                              @ @rt_components_board_init
	.thumb_func
rt_components_board_init:
.Lfunc_begin4:
	.loc	2 84 0                          @ rt-thread/src/components.c:84:0
	.fnstart
	.cfi_startproc
@ %bb.0:
	.save	{r4, r5, r7, lr}
	push	{r4, r5, r7, lr}
	.cfi_def_cfa_offset 16
	.cfi_offset lr, -4
	.cfi_offset r7, -8
	.cfi_offset r5, -12
	.cfi_offset r4, -16
.Ltmp4:
	.loc	2 97 5 prologue_end             @ rt-thread/src/components.c:97:5
	movw	r4, :lower16:__rt_init_rti_board_end
	movw	r0, :lower16:__rt_init_rti_board_start
	movt	r4, :upper16:__rt_init_rti_board_end
	movt	r0, :upper16:__rt_init_rti_board_start
.Ltmp5:
	@DEBUG_VALUE: rt_components_board_init:fn_ptr <- $r0
	cmp	r0, r4
.Ltmp6:
	.loc	2 102 1                         @ rt-thread/src/components.c:102:1
	it	hs
	pophs	{r4, r5, r7, pc}
.Ltmp7:
.LBB4_1:
	@DEBUG_VALUE: rt_components_board_init:fn_ptr <- $r0
	.loc	2 0 1 is_stmt 0                 @ rt-thread/src/components.c:0:1
	movw	r5, :lower16:__rt_init_rti_board_start
	movt	r5, :upper16:__rt_init_rti_board_start
.Ltmp8:
	.p2align	2
.LBB4_2:                                @ =>This Inner Loop Header: Depth=1
	@DEBUG_VALUE: rt_components_board_init:fn_ptr <- $r5
	.loc	2 99 10 is_stmt 1               @ rt-thread/src/components.c:99:10
	ldr	r0, [r5], #4
.Ltmp9:
	.loc	2 99 9 is_stmt 0                @ rt-thread/src/components.c:99:9
	blx	r0
.Ltmp10:
	@DEBUG_VALUE: rt_components_board_init:fn_ptr <- $r5
	.loc	2 97 5 is_stmt 1                @ rt-thread/src/components.c:97:5
	cmp	r5, r4
	blo	.LBB4_2
.Ltmp11:
@ %bb.3:
	@DEBUG_VALUE: rt_components_board_init:fn_ptr <- $r5
	.loc	2 102 1                         @ rt-thread/src/components.c:102:1
	pop	{r4, r5, r7, pc}
.Ltmp12:
.Lfunc_end4:
	.size	rt_components_board_init, .Lfunc_end4-rt_components_board_init
	.cfi_endproc
	.cantunwind
	.fnend
                                        @ -- End function
	.section	.text.rt_components_init,"ax",%progbits
	.hidden	rt_components_init              @ -- Begin function rt_components_init
	.globl	rt_components_init
	.p2align	3
	.type	rt_components_init,%function
	.code	16                              @ @rt_components_init
	.thumb_func
rt_components_init:
.Lfunc_begin5:
	.loc	2 108 0                         @ rt-thread/src/components.c:108:0
	.fnstart
	.cfi_startproc
@ %bb.0:
	.save	{r4, r5, r7, lr}
	push	{r4, r5, r7, lr}
	.cfi_def_cfa_offset 16
	.cfi_offset lr, -4
	.cfi_offset r7, -8
	.cfi_offset r5, -12
	.cfi_offset r4, -16
.Ltmp13:
	.loc	2 123 5 prologue_end            @ rt-thread/src/components.c:123:5
	movw	r4, :lower16:__rt_init_rti_end
	movw	r0, :lower16:__rt_init_rti_board_end
	movt	r4, :upper16:__rt_init_rti_end
	movt	r0, :upper16:__rt_init_rti_board_end
.Ltmp14:
	@DEBUG_VALUE: rt_components_init:fn_ptr <- $r0
	cmp	r0, r4
.Ltmp15:
	.loc	2 128 1                         @ rt-thread/src/components.c:128:1
	it	hs
	pophs	{r4, r5, r7, pc}
.Ltmp16:
.LBB5_1:
	@DEBUG_VALUE: rt_components_init:fn_ptr <- $r0
	.loc	2 0 1 is_stmt 0                 @ rt-thread/src/components.c:0:1
	movw	r5, :lower16:__rt_init_rti_board_end
	movt	r5, :upper16:__rt_init_rti_board_end
.Ltmp17:
	.p2align	2
.LBB5_2:                                @ =>This Inner Loop Header: Depth=1
	@DEBUG_VALUE: rt_components_init:fn_ptr <- $r5
	.loc	2 125 10 is_stmt 1              @ rt-thread/src/components.c:125:10
	ldr	r0, [r5], #4
.Ltmp18:
	.loc	2 125 9 is_stmt 0               @ rt-thread/src/components.c:125:9
	blx	r0
.Ltmp19:
	@DEBUG_VALUE: rt_components_init:fn_ptr <- $r5
	.loc	2 123 5 is_stmt 1               @ rt-thread/src/components.c:123:5
	cmp	r5, r4
	blo	.LBB5_2
.Ltmp20:
@ %bb.3:
	@DEBUG_VALUE: rt_components_init:fn_ptr <- $r5
	.loc	2 128 1                         @ rt-thread/src/components.c:128:1
	pop	{r4, r5, r7, pc}
.Ltmp21:
.Lfunc_end5:
	.size	rt_components_init, .Lfunc_end5-rt_components_init
	.cfi_endproc
	.cantunwind
	.fnend
                                        @ -- End function
	.section	".text.$Sub$$main","ax",%progbits
	.hidden	$Sub$$main                      @ -- Begin function $Sub$$main
	.globl	$Sub$$main
	.p2align	3
	.type	$Sub$$main,%function
	.code	16                              @ @"$Sub$$main"
	.thumb_func
$Sub$$main:
.Lfunc_begin6:
	.loc	2 141 0                         @ rt-thread/src/components.c:141:0
	.fnstart
	.cfi_startproc
@ %bb.0:
	.save	{r7, lr}
	push	{r7, lr}
	.cfi_def_cfa_offset 8
	.cfi_offset lr, -4
	.cfi_offset r7, -8
.Ltmp22:
	.loc	2 142 5 prologue_end            @ rt-thread/src/components.c:142:5
	bl	rtthread_startup
	.loc	2 143 5                         @ rt-thread/src/components.c:143:5
	movs	r0, #0
	pop	{r7, pc}
.Ltmp23:
.Lfunc_end6:
	.size	$Sub$$main, .Lfunc_end6-($Sub$$main)
	.cfi_endproc
	.cantunwind
	.fnend
                                        @ -- End function
	.section	.text.rtthread_startup,"ax",%progbits
	.hidden	rtthread_startup                @ -- Begin function rtthread_startup
	.globl	rtthread_startup
	.p2align	3
	.type	rtthread_startup,%function
	.code	16                              @ @rtthread_startup
	.thumb_func
rtthread_startup:
.Lfunc_begin7:
	.loc	2 217 0                         @ rt-thread/src/components.c:217:0
	.fnstart
	.cfi_startproc
@ %bb.0:
	.save	{r7, lr}
	push	{r7, lr}
	.cfi_def_cfa_offset 8
	.cfi_offset lr, -4
	.cfi_offset r7, -8
.Ltmp24:
	.loc	2 218 5 prologue_end            @ rt-thread/src/components.c:218:5
	bl	rt_hw_interrupt_disable
	.loc	2 223 5                         @ rt-thread/src/components.c:223:5
	bl	rt_hw_board_init
	.loc	2 226 5                         @ rt-thread/src/components.c:226:5
	bl	rt_show_version
	.loc	2 229 5                         @ rt-thread/src/components.c:229:5
	bl	rt_system_timer_init
	.loc	2 232 5                         @ rt-thread/src/components.c:232:5
	bl	rt_system_scheduler_init
	.loc	2 240 5                         @ rt-thread/src/components.c:240:5
	bl	rt_application_init
	.loc	2 243 5                         @ rt-thread/src/components.c:243:5
	bl	rt_system_timer_thread_init
	.loc	2 246 5                         @ rt-thread/src/components.c:246:5
	bl	rt_thread_idle_init
	.loc	2 253 5                         @ rt-thread/src/components.c:253:5
	bl	rt_system_scheduler_start
	.loc	2 256 5                         @ rt-thread/src/components.c:256:5
	movs	r0, #0
	pop	{r7, pc}
.Ltmp25:
.Lfunc_end7:
	.size	rtthread_startup, .Lfunc_end7-rtthread_startup
	.cfi_endproc
	.cantunwind
	.fnend
                                        @ -- End function
	.section	.text.main_thread_entry,"ax",%progbits
	.hidden	main_thread_entry               @ -- Begin function main_thread_entry
	.globl	main_thread_entry
	.p2align	3
	.type	main_thread_entry,%function
	.code	16                              @ @main_thread_entry
	.thumb_func
main_thread_entry:
.Lfunc_begin8:
	.loc	2 174 0                         @ rt-thread/src/components.c:174:0
	.fnstart
	.cfi_startproc
@ %bb.0:
	@DEBUG_VALUE: main_thread_entry:parameter <- undef
	.save	{r7, lr}
	push	{r7, lr}
	.cfi_def_cfa_offset 8
	.cfi_offset lr, -4
	.cfi_offset r7, -8
.Ltmp26:
	.loc	2 180 5 prologue_end            @ rt-thread/src/components.c:180:5
	bl	rt_components_init
	.loc	2 187 5                         @ rt-thread/src/components.c:187:5
	bl	($Super$$main)
	.loc	2 191 1                         @ rt-thread/src/components.c:191:1
	pop	{r7, pc}
.Ltmp27:
.Lfunc_end8:
	.size	main_thread_entry, .Lfunc_end8-main_thread_entry
	.cfi_endproc
	.cantunwind
	.fnend
                                        @ -- End function
	.section	.text.rt_application_init,"ax",%progbits
	.hidden	rt_application_init             @ -- Begin function rt_application_init
	.globl	rt_application_init
	.p2align	3
	.type	rt_application_init,%function
	.code	16                              @ @rt_application_init
	.thumb_func
rt_application_init:
.Lfunc_begin9:
	.loc	2 194 0                         @ rt-thread/src/components.c:194:0
	.fnstart
	.cfi_startproc
@ %bb.0:
	.save	{r4, lr}
	push	{r4, lr}
	.cfi_def_cfa_offset 8
	.cfi_offset lr, -4
	.cfi_offset r4, -8
	.pad	#8
	sub	sp, #8
	.cfi_def_cfa_offset 16
.Ltmp28:
	.loc	2 198 11 prologue_end           @ rt-thread/src/components.c:198:11
	movw	r1, :lower16:main_thread_entry
	movs	r0, #10
	str	r0, [sp]
	adr	r0, .LCPI9_0
	movt	r1, :upper16:main_thread_entry
	movs	r2, #0
	mov.w	r3, #2048
	movs	r4, #20
	str	r4, [sp, #4]
	bl	rt_thread_create
	mov	r4, r0
.Ltmp29:
	@DEBUG_VALUE: rt_application_init:tid <- $r4
	.loc	2 200 5                         @ rt-thread/src/components.c:200:5
	cbnz	r0, .LBB9_2
.Ltmp30:
@ %bb.1:
	@DEBUG_VALUE: rt_application_init:tid <- $r4
	.loc	2 200 5 is_stmt 0               @ rt-thread/src/components.c:200:5
	adr	r0, .LCPI9_1
	adr	r1, .LCPI9_2
	movs	r2, #200
	bl	rt_assert_handler
.Ltmp31:
.LBB9_2:
	@DEBUG_VALUE: rt_application_init:tid <- $r4
	.loc	2 213 5 is_stmt 1               @ rt-thread/src/components.c:213:5
	mov	r0, r4
	bl	rt_thread_startup
	.loc	2 214 1                         @ rt-thread/src/components.c:214:1
	add	sp, #8
	pop	{r4, pc}
.Ltmp32:
	.p2align	2
@ %bb.3:
	.loc	2 0 1 is_stmt 0                 @ rt-thread/src/components.c:0:1
.LCPI9_0:
.L.str:
	.asciz	"main\000\000\000"
.LCPI9_1:
.L.str.1:
	.asciz	"tid != RT_NULL\000"
.LCPI9_2:
.L__FUNCTION__.rt_application_init:
	.asciz	"rt_application_init"
.Lfunc_end9:
	.size	rt_application_init, .Lfunc_end9-rt_application_init
	.cfi_endproc
	.cantunwind
	.fnend
                                        @ -- End function
	.hidden	__rt_init_rti_start             @ @__rt_init_rti_start
	.type	__rt_init_rti_start,%object
	.section	.rti_fn.0,"a",%progbits
	.globl	__rt_init_rti_start
	.p2align	2
__rt_init_rti_start:
__tagsym$$used.0:
	.long	rti_start
	.size	__rt_init_rti_start, 4

	.hidden	__rt_init_rti_board_start       @ @__rt_init_rti_board_start
	.type	__rt_init_rti_board_start,%object
	.section	.rti_fn.0.end,"a",%progbits
	.globl	__rt_init_rti_board_start
	.p2align	2
__rt_init_rti_board_start:
__tagsym$$used.1:
	.long	rti_board_start
	.size	__rt_init_rti_board_start, 4

	.hidden	__rt_init_rti_board_end         @ @__rt_init_rti_board_end
	.type	__rt_init_rti_board_end,%object
	.section	.rti_fn.1.end,"a",%progbits
	.globl	__rt_init_rti_board_end
	.p2align	2
__rt_init_rti_board_end:
__tagsym$$used.2:
	.long	rti_board_end
	.size	__rt_init_rti_board_end, 4

	.hidden	__rt_init_rti_end               @ @__rt_init_rti_end
	.type	__rt_init_rti_end,%object
	.section	.rti_fn.6.end,"a",%progbits
	.globl	__rt_init_rti_end
	.p2align	2
__rt_init_rti_end:
__tagsym$$used.3:
	.long	rti_end
	.size	__rt_init_rti_end, 4

	.globl	__rt_init_rti_board_end
	.globl	__rt_init_rti_board_start
	.globl	__rt_init_rti_end
	.globl	__rt_init_rti_start
	.section	.debug_loc,"",%progbits
.Ldebug_loc0:
	.long	-1
	.long	.Lfunc_begin4                   @   base address
	.long	.Ltmp5-.Lfunc_begin4
	.long	.Ltmp8-.Lfunc_begin4
	.short	1                               @ Loc expr size
	.byte	80                              @ DW_OP_reg0
	.long	.Ltmp8-.Lfunc_begin4
	.long	.Ltmp9-.Lfunc_begin4
	.short	1                               @ Loc expr size
	.byte	85                              @ DW_OP_reg5
	.long	.Ltmp10-.Lfunc_begin4
	.long	.Ltmp12-.Lfunc_begin4
	.short	1                               @ Loc expr size
	.byte	85                              @ DW_OP_reg5
	.long	0
	.long	0
.Ldebug_loc1:
	.long	-1
	.long	.Lfunc_begin5                   @   base address
	.long	.Ltmp14-.Lfunc_begin5
	.long	.Ltmp17-.Lfunc_begin5
	.short	1                               @ Loc expr size
	.byte	80                              @ DW_OP_reg0
	.long	.Ltmp17-.Lfunc_begin5
	.long	.Ltmp18-.Lfunc_begin5
	.short	1                               @ Loc expr size
	.byte	85                              @ DW_OP_reg5
	.long	.Ltmp19-.Lfunc_begin5
	.long	.Ltmp21-.Lfunc_begin5
	.short	1                               @ Loc expr size
	.byte	85                              @ DW_OP_reg5
	.long	0
	.long	0
.Ldebug_loc2:
	.long	-1
	.long	.Lfunc_begin9                   @   base address
	.long	.Ltmp29-.Lfunc_begin9
	.long	.Ltmp32-.Lfunc_begin9
	.short	1                               @ Loc expr size
	.byte	84                              @ DW_OP_reg4
	.long	0
	.long	0
	.section	.debug_abbrev,"",%progbits
	.byte	1                               @ Abbreviation Code
	.byte	17                              @ DW_TAG_compile_unit
	.byte	1                               @ DW_CHILDREN_yes
	.byte	37                              @ DW_AT_producer
	.byte	14                              @ DW_FORM_strp
	.byte	19                              @ DW_AT_language
	.byte	5                               @ DW_FORM_data2
	.byte	3                               @ DW_AT_name
	.byte	14                              @ DW_FORM_strp
	.byte	16                              @ DW_AT_stmt_list
	.byte	6                               @ DW_FORM_data4
	.byte	27                              @ DW_AT_comp_dir
	.byte	14                              @ DW_FORM_strp
	.byte	17                              @ DW_AT_low_pc
	.byte	1                               @ DW_FORM_addr
	.byte	85                              @ DW_AT_ranges
	.byte	6                               @ DW_FORM_data4
	.byte	0                               @ EOM(1)
	.byte	0                               @ EOM(2)
	.byte	2                               @ Abbreviation Code
	.byte	52                              @ DW_TAG_variable
	.byte	0                               @ DW_CHILDREN_no
	.byte	3                               @ DW_AT_name
	.byte	14                              @ DW_FORM_strp
	.byte	73                              @ DW_AT_type
	.byte	19                              @ DW_FORM_ref4
	.byte	63                              @ DW_AT_external
	.byte	12                              @ DW_FORM_flag
	.byte	58                              @ DW_AT_decl_file
	.byte	11                              @ DW_FORM_data1
	.byte	59                              @ DW_AT_decl_line
	.byte	11                              @ DW_FORM_data1
	.byte	2                               @ DW_AT_location
	.byte	10                              @ DW_FORM_block1
	.byte	0                               @ EOM(1)
	.byte	0                               @ EOM(2)
	.byte	3                               @ Abbreviation Code
	.byte	38                              @ DW_TAG_const_type
	.byte	0                               @ DW_CHILDREN_no
	.byte	73                              @ DW_AT_type
	.byte	19                              @ DW_FORM_ref4
	.byte	0                               @ EOM(1)
	.byte	0                               @ EOM(2)
	.byte	4                               @ Abbreviation Code
	.byte	22                              @ DW_TAG_typedef
	.byte	0                               @ DW_CHILDREN_no
	.byte	73                              @ DW_AT_type
	.byte	19                              @ DW_FORM_ref4
	.byte	3                               @ DW_AT_name
	.byte	14                              @ DW_FORM_strp
	.byte	58                              @ DW_AT_decl_file
	.byte	11                              @ DW_FORM_data1
	.byte	59                              @ DW_AT_decl_line
	.byte	11                              @ DW_FORM_data1
	.byte	0                               @ EOM(1)
	.byte	0                               @ EOM(2)
	.byte	5                               @ Abbreviation Code
	.byte	15                              @ DW_TAG_pointer_type
	.byte	0                               @ DW_CHILDREN_no
	.byte	73                              @ DW_AT_type
	.byte	19                              @ DW_FORM_ref4
	.byte	0                               @ EOM(1)
	.byte	0                               @ EOM(2)
	.byte	6                               @ Abbreviation Code
	.byte	21                              @ DW_TAG_subroutine_type
	.byte	0                               @ DW_CHILDREN_no
	.byte	73                              @ DW_AT_type
	.byte	19                              @ DW_FORM_ref4
	.byte	39                              @ DW_AT_prototyped
	.byte	12                              @ DW_FORM_flag
	.byte	0                               @ EOM(1)
	.byte	0                               @ EOM(2)
	.byte	7                               @ Abbreviation Code
	.byte	36                              @ DW_TAG_base_type
	.byte	0                               @ DW_CHILDREN_no
	.byte	3                               @ DW_AT_name
	.byte	14                              @ DW_FORM_strp
	.byte	62                              @ DW_AT_encoding
	.byte	11                              @ DW_FORM_data1
	.byte	11                              @ DW_AT_byte_size
	.byte	11                              @ DW_FORM_data1
	.byte	0                               @ EOM(1)
	.byte	0                               @ EOM(2)
	.byte	8                               @ Abbreviation Code
	.byte	46                              @ DW_TAG_subprogram
	.byte	0                               @ DW_CHILDREN_no
	.byte	17                              @ DW_AT_low_pc
	.byte	1                               @ DW_FORM_addr
	.byte	18                              @ DW_AT_high_pc
	.byte	1                               @ DW_FORM_addr
	.byte	64                              @ DW_AT_frame_base
	.byte	10                              @ DW_FORM_block1
	.byte	3                               @ DW_AT_name
	.byte	14                              @ DW_FORM_strp
	.byte	58                              @ DW_AT_decl_file
	.byte	11                              @ DW_FORM_data1
	.byte	59                              @ DW_AT_decl_line
	.byte	11                              @ DW_FORM_data1
	.byte	39                              @ DW_AT_prototyped
	.byte	12                              @ DW_FORM_flag
	.byte	73                              @ DW_AT_type
	.byte	19                              @ DW_FORM_ref4
	.byte	0                               @ EOM(1)
	.byte	0                               @ EOM(2)
	.byte	9                               @ Abbreviation Code
	.byte	46                              @ DW_TAG_subprogram
	.byte	1                               @ DW_CHILDREN_yes
	.byte	17                              @ DW_AT_low_pc
	.byte	1                               @ DW_FORM_addr
	.byte	18                              @ DW_AT_high_pc
	.byte	1                               @ DW_FORM_addr
	.byte	64                              @ DW_AT_frame_base
	.byte	10                              @ DW_FORM_block1
	.byte	3                               @ DW_AT_name
	.byte	14                              @ DW_FORM_strp
	.byte	58                              @ DW_AT_decl_file
	.byte	11                              @ DW_FORM_data1
	.byte	59                              @ DW_AT_decl_line
	.byte	11                              @ DW_FORM_data1
	.byte	39                              @ DW_AT_prototyped
	.byte	12                              @ DW_FORM_flag
	.byte	63                              @ DW_AT_external
	.byte	12                              @ DW_FORM_flag
	.byte	0                               @ EOM(1)
	.byte	0                               @ EOM(2)
	.byte	10                              @ Abbreviation Code
	.byte	52                              @ DW_TAG_variable
	.byte	0                               @ DW_CHILDREN_no
	.byte	2                               @ DW_AT_location
	.byte	6                               @ DW_FORM_data4
	.byte	3                               @ DW_AT_name
	.byte	14                              @ DW_FORM_strp
	.byte	58                              @ DW_AT_decl_file
	.byte	11                              @ DW_FORM_data1
	.byte	59                              @ DW_AT_decl_line
	.byte	11                              @ DW_FORM_data1
	.byte	73                              @ DW_AT_type
	.byte	19                              @ DW_FORM_ref4
	.byte	0                               @ EOM(1)
	.byte	0                               @ EOM(2)
	.byte	11                              @ Abbreviation Code
	.byte	46                              @ DW_TAG_subprogram
	.byte	0                               @ DW_CHILDREN_no
	.byte	17                              @ DW_AT_low_pc
	.byte	1                               @ DW_FORM_addr
	.byte	18                              @ DW_AT_high_pc
	.byte	1                               @ DW_FORM_addr
	.byte	64                              @ DW_AT_frame_base
	.byte	10                              @ DW_FORM_block1
	.byte	3                               @ DW_AT_name
	.byte	14                              @ DW_FORM_strp
	.byte	58                              @ DW_AT_decl_file
	.byte	11                              @ DW_FORM_data1
	.byte	59                              @ DW_AT_decl_line
	.byte	11                              @ DW_FORM_data1
	.byte	39                              @ DW_AT_prototyped
	.byte	12                              @ DW_FORM_flag
	.byte	73                              @ DW_AT_type
	.byte	19                              @ DW_FORM_ref4
	.byte	63                              @ DW_AT_external
	.byte	12                              @ DW_FORM_flag
	.byte	0                               @ EOM(1)
	.byte	0                               @ EOM(2)
	.byte	12                              @ Abbreviation Code
	.byte	5                               @ DW_TAG_formal_parameter
	.byte	0                               @ DW_CHILDREN_no
	.byte	3                               @ DW_AT_name
	.byte	14                              @ DW_FORM_strp
	.byte	58                              @ DW_AT_decl_file
	.byte	11                              @ DW_FORM_data1
	.byte	59                              @ DW_AT_decl_line
	.byte	11                              @ DW_FORM_data1
	.byte	73                              @ DW_AT_type
	.byte	19                              @ DW_FORM_ref4
	.byte	0                               @ EOM(1)
	.byte	0                               @ EOM(2)
	.byte	13                              @ Abbreviation Code
	.byte	53                              @ DW_TAG_volatile_type
	.byte	0                               @ DW_CHILDREN_no
	.byte	73                              @ DW_AT_type
	.byte	19                              @ DW_FORM_ref4
	.byte	0                               @ EOM(1)
	.byte	0                               @ EOM(2)
	.byte	14                              @ Abbreviation Code
	.byte	15                              @ DW_TAG_pointer_type
	.byte	0                               @ DW_CHILDREN_no
	.byte	0                               @ EOM(1)
	.byte	0                               @ EOM(2)
	.byte	15                              @ Abbreviation Code
	.byte	22                              @ DW_TAG_typedef
	.byte	0                               @ DW_CHILDREN_no
	.byte	73                              @ DW_AT_type
	.byte	19                              @ DW_FORM_ref4
	.byte	3                               @ DW_AT_name
	.byte	14                              @ DW_FORM_strp
	.byte	58                              @ DW_AT_decl_file
	.byte	11                              @ DW_FORM_data1
	.byte	59                              @ DW_AT_decl_line
	.byte	5                               @ DW_FORM_data2
	.byte	0                               @ EOM(1)
	.byte	0                               @ EOM(2)
	.byte	16                              @ Abbreviation Code
	.byte	19                              @ DW_TAG_structure_type
	.byte	1                               @ DW_CHILDREN_yes
	.byte	3                               @ DW_AT_name
	.byte	14                              @ DW_FORM_strp
	.byte	11                              @ DW_AT_byte_size
	.byte	11                              @ DW_FORM_data1
	.byte	58                              @ DW_AT_decl_file
	.byte	11                              @ DW_FORM_data1
	.byte	59                              @ DW_AT_decl_line
	.byte	5                               @ DW_FORM_data2
	.byte	0                               @ EOM(1)
	.byte	0                               @ EOM(2)
	.byte	17                              @ Abbreviation Code
	.byte	13                              @ DW_TAG_member
	.byte	0                               @ DW_CHILDREN_no
	.byte	3                               @ DW_AT_name
	.byte	14                              @ DW_FORM_strp
	.byte	73                              @ DW_AT_type
	.byte	19                              @ DW_FORM_ref4
	.byte	58                              @ DW_AT_decl_file
	.byte	11                              @ DW_FORM_data1
	.byte	59                              @ DW_AT_decl_line
	.byte	5                               @ DW_FORM_data2
	.byte	56                              @ DW_AT_data_member_location
	.byte	11                              @ DW_FORM_data1
	.byte	0                               @ EOM(1)
	.byte	0                               @ EOM(2)
	.byte	18                              @ Abbreviation Code
	.byte	1                               @ DW_TAG_array_type
	.byte	1                               @ DW_CHILDREN_yes
	.byte	73                              @ DW_AT_type
	.byte	19                              @ DW_FORM_ref4
	.byte	0                               @ EOM(1)
	.byte	0                               @ EOM(2)
	.byte	19                              @ Abbreviation Code
	.byte	33                              @ DW_TAG_subrange_type
	.byte	0                               @ DW_CHILDREN_no
	.byte	73                              @ DW_AT_type
	.byte	19                              @ DW_FORM_ref4
	.byte	55                              @ DW_AT_count
	.byte	11                              @ DW_FORM_data1
	.byte	0                               @ EOM(1)
	.byte	0                               @ EOM(2)
	.byte	20                              @ Abbreviation Code
	.byte	36                              @ DW_TAG_base_type
	.byte	0                               @ DW_CHILDREN_no
	.byte	3                               @ DW_AT_name
	.byte	14                              @ DW_FORM_strp
	.byte	11                              @ DW_AT_byte_size
	.byte	11                              @ DW_FORM_data1
	.byte	62                              @ DW_AT_encoding
	.byte	11                              @ DW_FORM_data1
	.byte	0                               @ EOM(1)
	.byte	0                               @ EOM(2)
	.byte	21                              @ Abbreviation Code
	.byte	21                              @ DW_TAG_subroutine_type
	.byte	1                               @ DW_CHILDREN_yes
	.byte	39                              @ DW_AT_prototyped
	.byte	12                              @ DW_FORM_flag
	.byte	0                               @ EOM(1)
	.byte	0                               @ EOM(2)
	.byte	22                              @ Abbreviation Code
	.byte	5                               @ DW_TAG_formal_parameter
	.byte	0                               @ DW_CHILDREN_no
	.byte	73                              @ DW_AT_type
	.byte	19                              @ DW_FORM_ref4
	.byte	0                               @ EOM(1)
	.byte	0                               @ EOM(2)
	.byte	0                               @ EOM(3)
	.section	.debug_info,"",%progbits
.Lcu_begin0:
	.long	.Ldebug_info_end0-.Ldebug_info_start0 @ Length of Unit
.Ldebug_info_start0:
	.short	3                               @ DWARF version number
	.long	.debug_abbrev                   @ Offset Into Abbrev. Section
	.byte	4                               @ Address Size (in bytes)
	.byte	1                               @ Abbrev [1] 0xb:0x446 DW_TAG_compile_unit
	.long	.Linfo_string0                  @ DW_AT_producer
	.short	12                              @ DW_AT_language
	.long	.Linfo_string1                  @ DW_AT_name
	.long	.Lline_table_start0             @ DW_AT_stmt_list
	.long	.Linfo_string2                  @ DW_AT_comp_dir
	.long	0                               @ DW_AT_low_pc
	.long	.Ldebug_ranges0                 @ DW_AT_ranges
	.byte	2                               @ Abbrev [2] 0x26:0x12 DW_TAG_variable
	.long	.Linfo_string3                  @ DW_AT_name
	.long	56                              @ DW_AT_type
	.byte	1                               @ DW_AT_external
	.byte	2                               @ DW_AT_decl_file
	.byte	60                              @ DW_AT_decl_line
	.byte	5                               @ DW_AT_location
	.byte	3
	.long	__rt_init_rti_start
	.byte	3                               @ Abbrev [3] 0x38:0x5 DW_TAG_const_type
	.long	61                              @ DW_AT_type
	.byte	4                               @ Abbrev [4] 0x3d:0xb DW_TAG_typedef
	.long	72                              @ DW_AT_type
	.long	.Linfo_string5                  @ DW_AT_name
	.byte	1                               @ DW_AT_decl_file
	.byte	192                             @ DW_AT_decl_line
	.byte	5                               @ Abbrev [5] 0x48:0x5 DW_TAG_pointer_type
	.long	77                              @ DW_AT_type
	.byte	6                               @ Abbrev [6] 0x4d:0x6 DW_TAG_subroutine_type
	.long	83                              @ DW_AT_type
	.byte	1                               @ DW_AT_prototyped
	.byte	7                               @ Abbrev [7] 0x53:0x7 DW_TAG_base_type
	.long	.Linfo_string4                  @ DW_AT_name
	.byte	5                               @ DW_AT_encoding
	.byte	4                               @ DW_AT_byte_size
	.byte	2                               @ Abbrev [2] 0x5a:0x12 DW_TAG_variable
	.long	.Linfo_string6                  @ DW_AT_name
	.long	56                              @ DW_AT_type
	.byte	1                               @ DW_AT_external
	.byte	2                               @ DW_AT_decl_file
	.byte	66                              @ DW_AT_decl_line
	.byte	5                               @ DW_AT_location
	.byte	3
	.long	__rt_init_rti_board_start
	.byte	2                               @ Abbrev [2] 0x6c:0x12 DW_TAG_variable
	.long	.Linfo_string7                  @ DW_AT_name
	.long	56                              @ DW_AT_type
	.byte	1                               @ DW_AT_external
	.byte	2                               @ DW_AT_decl_file
	.byte	72                              @ DW_AT_decl_line
	.byte	5                               @ DW_AT_location
	.byte	3
	.long	__rt_init_rti_board_end
	.byte	2                               @ Abbrev [2] 0x7e:0x12 DW_TAG_variable
	.long	.Linfo_string8                  @ DW_AT_name
	.long	56                              @ DW_AT_type
	.byte	1                               @ DW_AT_external
	.byte	2                               @ DW_AT_decl_file
	.byte	78                              @ DW_AT_decl_line
	.byte	5                               @ DW_AT_location
	.byte	3
	.long	__rt_init_rti_end
	.byte	8                               @ Abbrev [8] 0x90:0x16 DW_TAG_subprogram
	.long	.Lfunc_begin0                   @ DW_AT_low_pc
	.long	.Lfunc_end0                     @ DW_AT_high_pc
	.byte	1                               @ DW_AT_frame_base
	.byte	93
	.long	.Linfo_string9                  @ DW_AT_name
	.byte	2                               @ DW_AT_decl_file
	.byte	56                              @ DW_AT_decl_line
	.byte	1                               @ DW_AT_prototyped
	.long	83                              @ DW_AT_type
	.byte	8                               @ Abbrev [8] 0xa6:0x16 DW_TAG_subprogram
	.long	.Lfunc_begin1                   @ DW_AT_low_pc
	.long	.Lfunc_end1                     @ DW_AT_high_pc
	.byte	1                               @ DW_AT_frame_base
	.byte	93
	.long	.Linfo_string10                 @ DW_AT_name
	.byte	2                               @ DW_AT_decl_file
	.byte	62                              @ DW_AT_decl_line
	.byte	1                               @ DW_AT_prototyped
	.long	83                              @ DW_AT_type
	.byte	8                               @ Abbrev [8] 0xbc:0x16 DW_TAG_subprogram
	.long	.Lfunc_begin2                   @ DW_AT_low_pc
	.long	.Lfunc_end2                     @ DW_AT_high_pc
	.byte	1                               @ DW_AT_frame_base
	.byte	93
	.long	.Linfo_string11                 @ DW_AT_name
	.byte	2                               @ DW_AT_decl_file
	.byte	68                              @ DW_AT_decl_line
	.byte	1                               @ DW_AT_prototyped
	.long	83                              @ DW_AT_type
	.byte	8                               @ Abbrev [8] 0xd2:0x16 DW_TAG_subprogram
	.long	.Lfunc_begin3                   @ DW_AT_low_pc
	.long	.Lfunc_end3                     @ DW_AT_high_pc
	.byte	1                               @ DW_AT_frame_base
	.byte	93
	.long	.Linfo_string12                 @ DW_AT_name
	.byte	2                               @ DW_AT_decl_file
	.byte	74                              @ DW_AT_decl_line
	.byte	1                               @ DW_AT_prototyped
	.long	83                              @ DW_AT_type
	.byte	9                               @ Abbrev [9] 0xe8:0x23 DW_TAG_subprogram
	.long	.Lfunc_begin4                   @ DW_AT_low_pc
	.long	.Lfunc_end4                     @ DW_AT_high_pc
	.byte	1                               @ DW_AT_frame_base
	.byte	93
	.long	.Linfo_string13                 @ DW_AT_name
	.byte	2                               @ DW_AT_decl_file
	.byte	83                              @ DW_AT_decl_line
	.byte	1                               @ DW_AT_prototyped
	.byte	1                               @ DW_AT_external
	.byte	10                              @ Abbrev [10] 0xfb:0xf DW_TAG_variable
	.long	.Ldebug_loc0                    @ DW_AT_location
	.long	.Linfo_string19                 @ DW_AT_name
	.byte	2                               @ DW_AT_decl_file
	.byte	95                              @ DW_AT_decl_line
	.long	414                             @ DW_AT_type
	.byte	0                               @ End Of Children Mark
	.byte	9                               @ Abbrev [9] 0x10b:0x23 DW_TAG_subprogram
	.long	.Lfunc_begin5                   @ DW_AT_low_pc
	.long	.Lfunc_end5                     @ DW_AT_high_pc
	.byte	1                               @ DW_AT_frame_base
	.byte	93
	.long	.Linfo_string14                 @ DW_AT_name
	.byte	2                               @ DW_AT_decl_file
	.byte	107                             @ DW_AT_decl_line
	.byte	1                               @ DW_AT_prototyped
	.byte	1                               @ DW_AT_external
	.byte	10                              @ Abbrev [10] 0x11e:0xf DW_TAG_variable
	.long	.Ldebug_loc1                    @ DW_AT_location
	.long	.Linfo_string19                 @ DW_AT_name
	.byte	2                               @ DW_AT_decl_file
	.byte	121                             @ DW_AT_decl_line
	.long	414                             @ DW_AT_type
	.byte	0                               @ End Of Children Mark
	.byte	11                              @ Abbrev [11] 0x12e:0x17 DW_TAG_subprogram
	.long	.Lfunc_begin6                   @ DW_AT_low_pc
	.long	.Lfunc_end6                     @ DW_AT_high_pc
	.byte	1                               @ DW_AT_frame_base
	.byte	93
	.long	.Linfo_string15                 @ DW_AT_name
	.byte	2                               @ DW_AT_decl_file
	.byte	140                             @ DW_AT_decl_line
	.byte	1                               @ DW_AT_prototyped
	.long	83                              @ DW_AT_type
	.byte	1                               @ DW_AT_external
	.byte	11                              @ Abbrev [11] 0x145:0x17 DW_TAG_subprogram
	.long	.Lfunc_begin7                   @ DW_AT_low_pc
	.long	.Lfunc_end7                     @ DW_AT_high_pc
	.byte	1                               @ DW_AT_frame_base
	.byte	93
	.long	.Linfo_string16                 @ DW_AT_name
	.byte	2                               @ DW_AT_decl_file
	.byte	216                             @ DW_AT_decl_line
	.byte	1                               @ DW_AT_prototyped
	.long	83                              @ DW_AT_type
	.byte	1                               @ DW_AT_external
	.byte	9                               @ Abbrev [9] 0x15c:0x1f DW_TAG_subprogram
	.long	.Lfunc_begin8                   @ DW_AT_low_pc
	.long	.Lfunc_end8                     @ DW_AT_high_pc
	.byte	1                               @ DW_AT_frame_base
	.byte	93
	.long	.Linfo_string17                 @ DW_AT_name
	.byte	2                               @ DW_AT_decl_file
	.byte	173                             @ DW_AT_decl_line
	.byte	1                               @ DW_AT_prototyped
	.byte	1                               @ DW_AT_external
	.byte	12                              @ Abbrev [12] 0x16f:0xb DW_TAG_formal_parameter
	.long	.Linfo_string20                 @ DW_AT_name
	.byte	2                               @ DW_AT_decl_file
	.byte	173                             @ DW_AT_decl_line
	.long	429                             @ DW_AT_type
	.byte	0                               @ End Of Children Mark
	.byte	9                               @ Abbrev [9] 0x17b:0x23 DW_TAG_subprogram
	.long	.Lfunc_begin9                   @ DW_AT_low_pc
	.long	.Lfunc_end9                     @ DW_AT_high_pc
	.byte	1                               @ DW_AT_frame_base
	.byte	93
	.long	.Linfo_string18                 @ DW_AT_name
	.byte	2                               @ DW_AT_decl_file
	.byte	193                             @ DW_AT_decl_line
	.byte	1                               @ DW_AT_prototyped
	.byte	1                               @ DW_AT_external
	.byte	10                              @ Abbrev [10] 0x18e:0xf DW_TAG_variable
	.long	.Ldebug_loc2                    @ DW_AT_location
	.long	.Linfo_string21                 @ DW_AT_name
	.byte	2                               @ DW_AT_decl_file
	.byte	195                             @ DW_AT_decl_line
	.long	430                             @ DW_AT_type
	.byte	0                               @ End Of Children Mark
	.byte	5                               @ Abbrev [5] 0x19e:0x5 DW_TAG_pointer_type
	.long	419                             @ DW_AT_type
	.byte	3                               @ Abbrev [3] 0x1a3:0x5 DW_TAG_const_type
	.long	424                             @ DW_AT_type
	.byte	13                              @ Abbrev [13] 0x1a8:0x5 DW_TAG_volatile_type
	.long	61                              @ DW_AT_type
	.byte	14                              @ Abbrev [14] 0x1ad:0x1 DW_TAG_pointer_type
	.byte	15                              @ Abbrev [15] 0x1ae:0xc DW_TAG_typedef
	.long	442                             @ DW_AT_type
	.long	.Linfo_string67                 @ DW_AT_name
	.byte	1                               @ DW_AT_decl_file
	.short	628                             @ DW_AT_decl_line
	.byte	5                               @ Abbrev [5] 0x1ba:0x5 DW_TAG_pointer_type
	.long	447                             @ DW_AT_type
	.byte	16                              @ Abbrev [16] 0x1bf:0x128 DW_TAG_structure_type
	.long	.Linfo_string66                 @ DW_AT_name
	.byte	128                             @ DW_AT_byte_size
	.byte	1                               @ DW_AT_decl_file
	.short	553                             @ DW_AT_decl_line
	.byte	17                              @ Abbrev [17] 0x1c8:0xd DW_TAG_member
	.long	.Linfo_string22                 @ DW_AT_name
	.long	743                             @ DW_AT_type
	.byte	1                               @ DW_AT_decl_file
	.short	556                             @ DW_AT_decl_line
	.byte	0                               @ DW_AT_data_member_location
	.byte	17                              @ Abbrev [17] 0x1d5:0xd DW_TAG_member
	.long	.Linfo_string25                 @ DW_AT_name
	.long	769                             @ DW_AT_type
	.byte	1                               @ DW_AT_decl_file
	.short	557                             @ DW_AT_decl_line
	.byte	8                               @ DW_AT_data_member_location
	.byte	17                              @ Abbrev [17] 0x1e2:0xd DW_TAG_member
	.long	.Linfo_string28                 @ DW_AT_name
	.long	769                             @ DW_AT_type
	.byte	1                               @ DW_AT_decl_file
	.short	558                             @ DW_AT_decl_line
	.byte	9                               @ DW_AT_data_member_location
	.byte	17                              @ Abbrev [17] 0x1ef:0xd DW_TAG_member
	.long	.Linfo_string29                 @ DW_AT_name
	.long	787                             @ DW_AT_type
	.byte	1                               @ DW_AT_decl_file
	.short	564                             @ DW_AT_decl_line
	.byte	12                              @ DW_AT_data_member_location
	.byte	17                              @ Abbrev [17] 0x1fc:0xd DW_TAG_member
	.long	.Linfo_string34                 @ DW_AT_name
	.long	787                             @ DW_AT_type
	.byte	1                               @ DW_AT_decl_file
	.short	565                             @ DW_AT_decl_line
	.byte	20                              @ DW_AT_data_member_location
	.byte	17                              @ Abbrev [17] 0x209:0xd DW_TAG_member
	.long	.Linfo_string35                 @ DW_AT_name
	.long	429                             @ DW_AT_type
	.byte	1                               @ DW_AT_decl_file
	.short	568                             @ DW_AT_decl_line
	.byte	28                              @ DW_AT_data_member_location
	.byte	17                              @ Abbrev [17] 0x216:0xd DW_TAG_member
	.long	.Linfo_string36                 @ DW_AT_name
	.long	429                             @ DW_AT_type
	.byte	1                               @ DW_AT_decl_file
	.short	569                             @ DW_AT_decl_line
	.byte	32                              @ DW_AT_data_member_location
	.byte	17                              @ Abbrev [17] 0x223:0xd DW_TAG_member
	.long	.Linfo_string20                 @ DW_AT_name
	.long	429                             @ DW_AT_type
	.byte	1                               @ DW_AT_decl_file
	.short	570                             @ DW_AT_decl_line
	.byte	36                              @ DW_AT_data_member_location
	.byte	17                              @ Abbrev [17] 0x230:0xd DW_TAG_member
	.long	.Linfo_string37                 @ DW_AT_name
	.long	429                             @ DW_AT_type
	.byte	1                               @ DW_AT_decl_file
	.short	571                             @ DW_AT_decl_line
	.byte	40                              @ DW_AT_data_member_location
	.byte	17                              @ Abbrev [17] 0x23d:0xd DW_TAG_member
	.long	.Linfo_string38                 @ DW_AT_name
	.long	840                             @ DW_AT_type
	.byte	1                               @ DW_AT_decl_file
	.short	572                             @ DW_AT_decl_line
	.byte	44                              @ DW_AT_data_member_location
	.byte	17                              @ Abbrev [17] 0x24a:0xd DW_TAG_member
	.long	.Linfo_string41                 @ DW_AT_name
	.long	858                             @ DW_AT_type
	.byte	1                               @ DW_AT_decl_file
	.short	575                             @ DW_AT_decl_line
	.byte	48                              @ DW_AT_data_member_location
	.byte	17                              @ Abbrev [17] 0x257:0xd DW_TAG_member
	.long	.Linfo_string45                 @ DW_AT_name
	.long	769                             @ DW_AT_type
	.byte	1                               @ DW_AT_decl_file
	.short	577                             @ DW_AT_decl_line
	.byte	52                              @ DW_AT_data_member_location
	.byte	17                              @ Abbrev [17] 0x264:0xd DW_TAG_member
	.long	.Linfo_string46                 @ DW_AT_name
	.long	769                             @ DW_AT_type
	.byte	1                               @ DW_AT_decl_file
	.short	589                             @ DW_AT_decl_line
	.byte	53                              @ DW_AT_data_member_location
	.byte	17                              @ Abbrev [17] 0x271:0xd DW_TAG_member
	.long	.Linfo_string47                 @ DW_AT_name
	.long	769                             @ DW_AT_type
	.byte	1                               @ DW_AT_decl_file
	.short	590                             @ DW_AT_decl_line
	.byte	54                              @ DW_AT_data_member_location
	.byte	17                              @ Abbrev [17] 0x27e:0xd DW_TAG_member
	.long	.Linfo_string48                 @ DW_AT_name
	.long	840                             @ DW_AT_type
	.byte	1                               @ DW_AT_decl_file
	.short	595                             @ DW_AT_decl_line
	.byte	56                              @ DW_AT_data_member_location
	.byte	17                              @ Abbrev [17] 0x28b:0xd DW_TAG_member
	.long	.Linfo_string49                 @ DW_AT_name
	.long	840                             @ DW_AT_type
	.byte	1                               @ DW_AT_decl_file
	.short	599                             @ DW_AT_decl_line
	.byte	60                              @ DW_AT_data_member_location
	.byte	17                              @ Abbrev [17] 0x298:0xd DW_TAG_member
	.long	.Linfo_string50                 @ DW_AT_name
	.long	769                             @ DW_AT_type
	.byte	1                               @ DW_AT_decl_file
	.short	600                             @ DW_AT_decl_line
	.byte	64                              @ DW_AT_data_member_location
	.byte	17                              @ Abbrev [17] 0x2a5:0xd DW_TAG_member
	.long	.Linfo_string51                 @ DW_AT_name
	.long	887                             @ DW_AT_type
	.byte	1                               @ DW_AT_decl_file
	.short	614                             @ DW_AT_decl_line
	.byte	68                              @ DW_AT_data_member_location
	.byte	17                              @ Abbrev [17] 0x2b2:0xd DW_TAG_member
	.long	.Linfo_string54                 @ DW_AT_name
	.long	887                             @ DW_AT_type
	.byte	1                               @ DW_AT_decl_file
	.short	615                             @ DW_AT_decl_line
	.byte	72                              @ DW_AT_data_member_location
	.byte	17                              @ Abbrev [17] 0x2bf:0xd DW_TAG_member
	.long	.Linfo_string55                 @ DW_AT_name
	.long	905                             @ DW_AT_type
	.byte	1                               @ DW_AT_decl_file
	.short	617                             @ DW_AT_decl_line
	.byte	76                              @ DW_AT_data_member_location
	.byte	17                              @ Abbrev [17] 0x2cc:0xd DW_TAG_member
	.long	.Linfo_string64                 @ DW_AT_name
	.long	1091                            @ DW_AT_type
	.byte	1                               @ DW_AT_decl_file
	.short	619                             @ DW_AT_decl_line
	.byte	120                             @ DW_AT_data_member_location
	.byte	17                              @ Abbrev [17] 0x2d9:0xd DW_TAG_member
	.long	.Linfo_string65                 @ DW_AT_name
	.long	887                             @ DW_AT_type
	.byte	1                               @ DW_AT_decl_file
	.short	626                             @ DW_AT_decl_line
	.byte	124                             @ DW_AT_data_member_location
	.byte	0                               @ End Of Children Mark
	.byte	18                              @ Abbrev [18] 0x2e7:0xc DW_TAG_array_type
	.long	755                             @ DW_AT_type
	.byte	19                              @ Abbrev [19] 0x2ec:0x6 DW_TAG_subrange_type
	.long	762                             @ DW_AT_type
	.byte	8                               @ DW_AT_count
	.byte	0                               @ End Of Children Mark
	.byte	7                               @ Abbrev [7] 0x2f3:0x7 DW_TAG_base_type
	.long	.Linfo_string23                 @ DW_AT_name
	.byte	6                               @ DW_AT_encoding
	.byte	1                               @ DW_AT_byte_size
	.byte	20                              @ Abbrev [20] 0x2fa:0x7 DW_TAG_base_type
	.long	.Linfo_string24                 @ DW_AT_name
	.byte	8                               @ DW_AT_byte_size
	.byte	7                               @ DW_AT_encoding
	.byte	4                               @ Abbrev [4] 0x301:0xb DW_TAG_typedef
	.long	780                             @ DW_AT_type
	.long	.Linfo_string27                 @ DW_AT_name
	.byte	1                               @ DW_AT_decl_file
	.byte	67                              @ DW_AT_decl_line
	.byte	7                               @ Abbrev [7] 0x30c:0x7 DW_TAG_base_type
	.long	.Linfo_string26                 @ DW_AT_name
	.byte	8                               @ DW_AT_encoding
	.byte	1                               @ DW_AT_byte_size
	.byte	15                              @ Abbrev [15] 0x313:0xc DW_TAG_typedef
	.long	799                             @ DW_AT_type
	.long	.Linfo_string33                 @ DW_AT_name
	.byte	1                               @ DW_AT_decl_file
	.short	318                             @ DW_AT_decl_line
	.byte	16                              @ Abbrev [16] 0x31f:0x24 DW_TAG_structure_type
	.long	.Linfo_string32                 @ DW_AT_name
	.byte	8                               @ DW_AT_byte_size
	.byte	1                               @ DW_AT_decl_file
	.short	313                             @ DW_AT_decl_line
	.byte	17                              @ Abbrev [17] 0x328:0xd DW_TAG_member
	.long	.Linfo_string30                 @ DW_AT_name
	.long	835                             @ DW_AT_type
	.byte	1                               @ DW_AT_decl_file
	.short	315                             @ DW_AT_decl_line
	.byte	0                               @ DW_AT_data_member_location
	.byte	17                              @ Abbrev [17] 0x335:0xd DW_TAG_member
	.long	.Linfo_string31                 @ DW_AT_name
	.long	835                             @ DW_AT_type
	.byte	1                               @ DW_AT_decl_file
	.short	316                             @ DW_AT_decl_line
	.byte	4                               @ DW_AT_data_member_location
	.byte	0                               @ End Of Children Mark
	.byte	5                               @ Abbrev [5] 0x343:0x5 DW_TAG_pointer_type
	.long	799                             @ DW_AT_type
	.byte	4                               @ Abbrev [4] 0x348:0xb DW_TAG_typedef
	.long	851                             @ DW_AT_type
	.long	.Linfo_string40                 @ DW_AT_name
	.byte	1                               @ DW_AT_decl_file
	.byte	69                              @ DW_AT_decl_line
	.byte	7                               @ Abbrev [7] 0x353:0x7 DW_TAG_base_type
	.long	.Linfo_string39                 @ DW_AT_name
	.byte	7                               @ DW_AT_encoding
	.byte	4                               @ DW_AT_byte_size
	.byte	4                               @ Abbrev [4] 0x35a:0xb DW_TAG_typedef
	.long	869                             @ DW_AT_type
	.long	.Linfo_string44                 @ DW_AT_name
	.byte	1                               @ DW_AT_decl_file
	.byte	84                              @ DW_AT_decl_line
	.byte	4                               @ Abbrev [4] 0x365:0xb DW_TAG_typedef
	.long	880                             @ DW_AT_type
	.long	.Linfo_string43                 @ DW_AT_name
	.byte	1                               @ DW_AT_decl_file
	.byte	81                              @ DW_AT_decl_line
	.byte	7                               @ Abbrev [7] 0x370:0x7 DW_TAG_base_type
	.long	.Linfo_string42                 @ DW_AT_name
	.byte	5                               @ DW_AT_encoding
	.byte	4                               @ DW_AT_byte_size
	.byte	4                               @ Abbrev [4] 0x377:0xb DW_TAG_typedef
	.long	898                             @ DW_AT_type
	.long	.Linfo_string53                 @ DW_AT_name
	.byte	1                               @ DW_AT_decl_file
	.byte	82                              @ DW_AT_decl_line
	.byte	7                               @ Abbrev [7] 0x382:0x7 DW_TAG_base_type
	.long	.Linfo_string52                 @ DW_AT_name
	.byte	7                               @ DW_AT_encoding
	.byte	4                               @ DW_AT_byte_size
	.byte	16                              @ Abbrev [16] 0x389:0x58 DW_TAG_structure_type
	.long	.Linfo_string63                 @ DW_AT_name
	.byte	44                              @ DW_AT_byte_size
	.byte	1                               @ DW_AT_decl_file
	.short	448                             @ DW_AT_decl_line
	.byte	17                              @ Abbrev [17] 0x392:0xd DW_TAG_member
	.long	.Linfo_string56                 @ DW_AT_name
	.long	993                             @ DW_AT_type
	.byte	1                               @ DW_AT_decl_file
	.short	450                             @ DW_AT_decl_line
	.byte	0                               @ DW_AT_data_member_location
	.byte	17                              @ Abbrev [17] 0x39f:0xd DW_TAG_member
	.long	.Linfo_string59                 @ DW_AT_name
	.long	1055                            @ DW_AT_type
	.byte	1                               @ DW_AT_decl_file
	.short	452                             @ DW_AT_decl_line
	.byte	20                              @ DW_AT_data_member_location
	.byte	17                              @ Abbrev [17] 0x3ac:0xd DW_TAG_member
	.long	.Linfo_string60                 @ DW_AT_name
	.long	1067                            @ DW_AT_type
	.byte	1                               @ DW_AT_decl_file
	.short	454                             @ DW_AT_decl_line
	.byte	28                              @ DW_AT_data_member_location
	.byte	17                              @ Abbrev [17] 0x3b9:0xd DW_TAG_member
	.long	.Linfo_string20                 @ DW_AT_name
	.long	429                             @ DW_AT_type
	.byte	1                               @ DW_AT_decl_file
	.short	455                             @ DW_AT_decl_line
	.byte	32                              @ DW_AT_data_member_location
	.byte	17                              @ Abbrev [17] 0x3c6:0xd DW_TAG_member
	.long	.Linfo_string51                 @ DW_AT_name
	.long	1080                            @ DW_AT_type
	.byte	1                               @ DW_AT_decl_file
	.short	457                             @ DW_AT_decl_line
	.byte	36                              @ DW_AT_data_member_location
	.byte	17                              @ Abbrev [17] 0x3d3:0xd DW_TAG_member
	.long	.Linfo_string62                 @ DW_AT_name
	.long	1080                            @ DW_AT_type
	.byte	1                               @ DW_AT_decl_file
	.short	458                             @ DW_AT_decl_line
	.byte	40                              @ DW_AT_data_member_location
	.byte	0                               @ End Of Children Mark
	.byte	16                              @ Abbrev [16] 0x3e1:0x3e DW_TAG_structure_type
	.long	.Linfo_string58                 @ DW_AT_name
	.byte	20                              @ DW_AT_byte_size
	.byte	1                               @ DW_AT_decl_file
	.short	343                             @ DW_AT_decl_line
	.byte	17                              @ Abbrev [17] 0x3ea:0xd DW_TAG_member
	.long	.Linfo_string22                 @ DW_AT_name
	.long	743                             @ DW_AT_type
	.byte	1                               @ DW_AT_decl_file
	.short	345                             @ DW_AT_decl_line
	.byte	0                               @ DW_AT_data_member_location
	.byte	17                              @ Abbrev [17] 0x3f7:0xd DW_TAG_member
	.long	.Linfo_string25                 @ DW_AT_name
	.long	769                             @ DW_AT_type
	.byte	1                               @ DW_AT_decl_file
	.short	346                             @ DW_AT_decl_line
	.byte	8                               @ DW_AT_data_member_location
	.byte	17                              @ Abbrev [17] 0x404:0xd DW_TAG_member
	.long	.Linfo_string57                 @ DW_AT_name
	.long	769                             @ DW_AT_type
	.byte	1                               @ DW_AT_decl_file
	.short	347                             @ DW_AT_decl_line
	.byte	9                               @ DW_AT_data_member_location
	.byte	17                              @ Abbrev [17] 0x411:0xd DW_TAG_member
	.long	.Linfo_string29                 @ DW_AT_name
	.long	787                             @ DW_AT_type
	.byte	1                               @ DW_AT_decl_file
	.short	352                             @ DW_AT_decl_line
	.byte	12                              @ DW_AT_data_member_location
	.byte	0                               @ End Of Children Mark
	.byte	18                              @ Abbrev [18] 0x41f:0xc DW_TAG_array_type
	.long	787                             @ DW_AT_type
	.byte	19                              @ Abbrev [19] 0x424:0x6 DW_TAG_subrange_type
	.long	762                             @ DW_AT_type
	.byte	1                               @ DW_AT_count
	.byte	0                               @ End Of Children Mark
	.byte	5                               @ Abbrev [5] 0x42b:0x5 DW_TAG_pointer_type
	.long	1072                            @ DW_AT_type
	.byte	21                              @ Abbrev [21] 0x430:0x8 DW_TAG_subroutine_type
	.byte	1                               @ DW_AT_prototyped
	.byte	22                              @ Abbrev [22] 0x432:0x5 DW_TAG_formal_parameter
	.long	429                             @ DW_AT_type
	.byte	0                               @ End Of Children Mark
	.byte	4                               @ Abbrev [4] 0x438:0xb DW_TAG_typedef
	.long	840                             @ DW_AT_type
	.long	.Linfo_string61                 @ DW_AT_name
	.byte	1                               @ DW_AT_decl_file
	.byte	86                              @ DW_AT_decl_line
	.byte	5                               @ Abbrev [5] 0x443:0x5 DW_TAG_pointer_type
	.long	1096                            @ DW_AT_type
	.byte	21                              @ Abbrev [21] 0x448:0x8 DW_TAG_subroutine_type
	.byte	1                               @ DW_AT_prototyped
	.byte	22                              @ Abbrev [22] 0x44a:0x5 DW_TAG_formal_parameter
	.long	442                             @ DW_AT_type
	.byte	0                               @ End Of Children Mark
	.byte	0                               @ End Of Children Mark
.Ldebug_info_end0:
	.section	.debug_ranges,"",%progbits
.Ldebug_ranges0:
	.long	.Lfunc_begin0
	.long	.Lfunc_end0
	.long	.Lfunc_begin1
	.long	.Lfunc_end1
	.long	.Lfunc_begin2
	.long	.Lfunc_end2
	.long	.Lfunc_begin3
	.long	.Lfunc_end3
	.long	.Lfunc_begin4
	.long	.Lfunc_end4
	.long	.Lfunc_begin5
	.long	.Lfunc_end5
	.long	.Lfunc_begin6
	.long	.Lfunc_end6
	.long	.Lfunc_begin7
	.long	.Lfunc_end7
	.long	.Lfunc_begin8
	.long	.Lfunc_end8
	.long	.Lfunc_begin9
	.long	.Lfunc_end9
	.long	0
	.long	0
	.section	.debug_str,"MS",%progbits,1
.Linfo_string0:
	.asciz	"Component: ARM Compiler 6.16 Tool: armclang [5dfeb700]" @ string offset=0
.Linfo_string1:
	.asciz	"rt-thread/src\\components.c"   @ string offset=55
.Linfo_string2:
	.asciz	"E:\\Smart-access-control\\Hardware\\CODE" @ string offset=82
.Linfo_string3:
	.asciz	"__rt_init_rti_start"           @ string offset=120
.Linfo_string4:
	.asciz	"int"                           @ string offset=140
.Linfo_string5:
	.asciz	"init_fn_t"                     @ string offset=144
.Linfo_string6:
	.asciz	"__rt_init_rti_board_start"     @ string offset=154
.Linfo_string7:
	.asciz	"__rt_init_rti_board_end"       @ string offset=180
.Linfo_string8:
	.asciz	"__rt_init_rti_end"             @ string offset=204
.Linfo_string9:
	.asciz	"rti_start"                     @ string offset=222
.Linfo_string10:
	.asciz	"rti_board_start"               @ string offset=232
.Linfo_string11:
	.asciz	"rti_board_end"                 @ string offset=248
.Linfo_string12:
	.asciz	"rti_end"                       @ string offset=262
.Linfo_string13:
	.asciz	"rt_components_board_init"      @ string offset=270
.Linfo_string14:
	.asciz	"rt_components_init"            @ string offset=295
.Linfo_string15:
	.asciz	"$Sub$$main"                    @ string offset=314
.Linfo_string16:
	.asciz	"rtthread_startup"              @ string offset=325
.Linfo_string17:
	.asciz	"main_thread_entry"             @ string offset=342
.Linfo_string18:
	.asciz	"rt_application_init"           @ string offset=360
.Linfo_string19:
	.asciz	"fn_ptr"                        @ string offset=380
.Linfo_string20:
	.asciz	"parameter"                     @ string offset=387
.Linfo_string21:
	.asciz	"tid"                           @ string offset=397
.Linfo_string22:
	.asciz	"name"                          @ string offset=401
.Linfo_string23:
	.asciz	"char"                          @ string offset=406
.Linfo_string24:
	.asciz	"__ARRAY_SIZE_TYPE__"           @ string offset=411
.Linfo_string25:
	.asciz	"type"                          @ string offset=431
.Linfo_string26:
	.asciz	"unsigned char"                 @ string offset=436
.Linfo_string27:
	.asciz	"rt_uint8_t"                    @ string offset=450
.Linfo_string28:
	.asciz	"flags"                         @ string offset=461
.Linfo_string29:
	.asciz	"list"                          @ string offset=467
.Linfo_string30:
	.asciz	"next"                          @ string offset=472
.Linfo_string31:
	.asciz	"prev"                          @ string offset=477
.Linfo_string32:
	.asciz	"rt_list_node"                  @ string offset=482
.Linfo_string33:
	.asciz	"rt_list_t"                     @ string offset=495
.Linfo_string34:
	.asciz	"tlist"                         @ string offset=505
.Linfo_string35:
	.asciz	"sp"                            @ string offset=511
.Linfo_string36:
	.asciz	"entry"                         @ string offset=514
.Linfo_string37:
	.asciz	"stack_addr"                    @ string offset=520
.Linfo_string38:
	.asciz	"stack_size"                    @ string offset=531
.Linfo_string39:
	.asciz	"unsigned int"                  @ string offset=542
.Linfo_string40:
	.asciz	"rt_uint32_t"                   @ string offset=555
.Linfo_string41:
	.asciz	"error"                         @ string offset=567
.Linfo_string42:
	.asciz	"long int"                      @ string offset=573
.Linfo_string43:
	.asciz	"rt_base_t"                     @ string offset=582
.Linfo_string44:
	.asciz	"rt_err_t"                      @ string offset=592
.Linfo_string45:
	.asciz	"stat"                          @ string offset=601
.Linfo_string46:
	.asciz	"current_priority"              @ string offset=606
.Linfo_string47:
	.asciz	"init_priority"                 @ string offset=623
.Linfo_string48:
	.asciz	"number_mask"                   @ string offset=637
.Linfo_string49:
	.asciz	"event_set"                     @ string offset=649
.Linfo_string50:
	.asciz	"event_info"                    @ string offset=659
.Linfo_string51:
	.asciz	"init_tick"                     @ string offset=670
.Linfo_string52:
	.asciz	"long unsigned int"             @ string offset=680
.Linfo_string53:
	.asciz	"rt_ubase_t"                    @ string offset=698
.Linfo_string54:
	.asciz	"remaining_tick"                @ string offset=709
.Linfo_string55:
	.asciz	"thread_timer"                  @ string offset=724
.Linfo_string56:
	.asciz	"parent"                        @ string offset=737
.Linfo_string57:
	.asciz	"flag"                          @ string offset=744
.Linfo_string58:
	.asciz	"rt_object"                     @ string offset=749
.Linfo_string59:
	.asciz	"row"                           @ string offset=759
.Linfo_string60:
	.asciz	"timeout_func"                  @ string offset=763
.Linfo_string61:
	.asciz	"rt_tick_t"                     @ string offset=776
.Linfo_string62:
	.asciz	"timeout_tick"                  @ string offset=786
.Linfo_string63:
	.asciz	"rt_timer"                      @ string offset=799
.Linfo_string64:
	.asciz	"cleanup"                       @ string offset=808
.Linfo_string65:
	.asciz	"user_data"                     @ string offset=816
.Linfo_string66:
	.asciz	"rt_thread"                     @ string offset=826
.Linfo_string67:
	.asciz	"rt_thread_t"                   @ string offset=836
	.ident	"Component: ARM Compiler 6.16 Tool: armclang [5dfeb700]"
	.section	".note.GNU-stack","",%progbits
	.eabi_attribute	30, 1	@ Tag_ABI_optimization_goals
	.ARM_attribute	16, 1	@ Tag_AV_eba
	.section	.debug_line,"",%progbits
.Lline_table_start0:
