	.text
	.syntax unified
	.eabi_attribute	67, "2.09"	@ Tag_conformance
	.cpu	cortex-m7
	.eabi_attribute	6, 13	@ Tag_CPU_arch
	.eabi_attribute	7, 77	@ Tag_CPU_arch_profile
	.eabi_attribute	8, 0	@ Tag_ARM_ISA_use
	.eabi_attribute	9, 2	@ Tag_THUMB_ISA_use
	.fpu	fpv5-d16
	.eabi_attribute	36, 1	@ Tag_FP_HP_extension
	.eabi_attribute	34, 1	@ Tag_CPU_unaligned_access
	.eabi_attribute	17, 1	@ Tag_ABI_PCS_GOT_use
	.eabi_attribute	20, 2	@ Tag_ABI_FP_denormal
	.eabi_attribute	21, 0	@ Tag_ABI_FP_exceptions
	.eabi_attribute	23, 1	@ Tag_ABI_FP_number_model
	.eabi_attribute	24, 1	@ Tag_ABI_align_needed
	.eabi_attribute	25, 1	@ Tag_ABI_align_preserved
	.eabi_attribute	28, 1	@ Tag_ABI_VFP_args
	.eabi_attribute	38, 1	@ Tag_ABI_FP_16bit_format
	.eabi_attribute	18, 2	@ Tag_ABI_PCS_wchar_t
	.eabi_attribute	26, 1	@ Tag_ABI_enum_size
	.eabi_attribute	14, 0	@ Tag_ABI_PCS_R9_use
	.file	"cpuport.c"
	.file	1 "E:\\Smart-access-control\\Hardware\\CODE" "rt-thread/include\\rtdef.h"
	.file	2 "E:\\Smart-access-control\\Hardware\\CODE" "rt-thread/libcpu/arm/cortex-m7/cpuport.c"
	.section	.text.rt_hw_stack_init,"ax",%progbits
	.hidden	rt_hw_stack_init                @ -- Begin function rt_hw_stack_init
	.globl	rt_hw_stack_init
	.p2align	3
	.type	rt_hw_stack_init,%function
	.code	16                              @ @rt_hw_stack_init
	.thumb_func
rt_hw_stack_init:
.Lfunc_begin0:
	.loc	2 144 0                         @ rt-thread/libcpu/arm/cortex-m7/cpuport.c:144:0
	.fnstart
	.cfi_sections .debug_frame
	.cfi_startproc
@ %bb.0:
	@DEBUG_VALUE: rt_hw_stack_init:tentry <- $r0
	@DEBUG_VALUE: rt_hw_stack_init:parameter <- $r1
	@DEBUG_VALUE: rt_hw_stack_init:stack_addr <- $r2
	@DEBUG_VALUE: rt_hw_stack_init:stack_addr <- $r2
	@DEBUG_VALUE: rt_hw_stack_init:texit <- $r3
	.save	{r4, r5, r6, lr}
	push	{r4, r5, r6, lr}
	.cfi_def_cfa_offset 16
	.cfi_offset lr, -4
	.cfi_offset r6, -8
	.cfi_offset r5, -12
	.cfi_offset r4, -16
.Ltmp0:
	.loc	2 149 23 prologue_end           @ rt-thread/libcpu/arm/cortex-m7/cpuport.c:149:23
	adds	r2, #4
.Ltmp1:
	@DEBUG_VALUE: rt_hw_stack_init:stack_addr <- [DW_OP_LLVM_entry_value 1] $r2
	@DEBUG_VALUE: rt_hw_stack_init:stk <- $r2
	.loc	2 0 23 is_stmt 0                @ rt-thread/libcpu/arm/cortex-m7/cpuport.c:0:23
	movw	r4, #48879
	.loc	2 150 26 is_stmt 1              @ rt-thread/libcpu/arm/cortex-m7/cpuport.c:150:26
	bic	lr, r2, #7
.Ltmp2:
	@DEBUG_VALUE: rt_hw_stack_init:stk <- $lr
	@DEBUG_VALUE: rt_hw_stack_init:texit <- $r3
	@DEBUG_VALUE: rt_hw_stack_init:parameter <- $r1
	.loc	2 0 26 is_stmt 0                @ rt-thread/libcpu/arm/cortex-m7/cpuport.c:0:26
	mov	r12, r0
.Ltmp3:
	@DEBUG_VALUE: rt_hw_stack_init:tentry <- $r12
	.loc	2 151 9 is_stmt 1               @ rt-thread/libcpu/arm/cortex-m7/cpuport.c:151:9
	sub.w	r0, lr, #68
.Ltmp4:
	@DEBUG_VALUE: rt_hw_stack_init:stack_frame <- $r0
	@DEBUG_VALUE: rt_hw_stack_init:stk <- $r0
	.loc	2 0 9 is_stmt 0                 @ rt-thread/libcpu/arm/cortex-m7/cpuport.c:0:9
	mvn	r2, #71
.Ltmp5:
	@DEBUG_VALUE: rt_hw_stack_init:i <- 0
	movt	r4, #57005
.Ltmp6:
	.p2align	2
.LBB0_1:                                @ =>This Inner Loop Header: Depth=1
	@DEBUG_VALUE: rt_hw_stack_init:tentry <- $r12
	@DEBUG_VALUE: rt_hw_stack_init:texit <- $r3
	@DEBUG_VALUE: rt_hw_stack_init:parameter <- $r1
	@DEBUG_VALUE: rt_hw_stack_init:stk <- $r0
	@DEBUG_VALUE: rt_hw_stack_init:stack_frame <- $r0
	@DEBUG_VALUE: rt_hw_stack_init:stack_addr <- [DW_OP_LLVM_entry_value 1] $r2
	@DEBUG_VALUE: rt_hw_stack_init:i <- undef
	.loc	2 158 41 is_stmt 1              @ rt-thread/libcpu/arm/cortex-m7/cpuport.c:158:41
	add.w	r5, lr, r2
.Ltmp7:
	.loc	2 156 19                        @ rt-thread/libcpu/arm/cortex-m7/cpuport.c:156:19
	adds	r2, #4
.Ltmp8:
	.loc	2 156 5 is_stmt 0               @ rt-thread/libcpu/arm/cortex-m7/cpuport.c:156:5
	adds	r6, r2, #4
.Ltmp9:
	.loc	2 158 41 is_stmt 1              @ rt-thread/libcpu/arm/cortex-m7/cpuport.c:158:41
	str	r4, [r5, #4]
.Ltmp10:
	@DEBUG_VALUE: rt_hw_stack_init:i <- [DW_OP_plus_uconst 1, DW_OP_stack_value] undef
	.loc	2 156 5                         @ rt-thread/libcpu/arm/cortex-m7/cpuport.c:156:5
	bne	.LBB0_1
.Ltmp11:
@ %bb.2:
	@DEBUG_VALUE: rt_hw_stack_init:tentry <- $r12
	@DEBUG_VALUE: rt_hw_stack_init:texit <- $r3
	@DEBUG_VALUE: rt_hw_stack_init:parameter <- $r1
	@DEBUG_VALUE: rt_hw_stack_init:stk <- $r0
	@DEBUG_VALUE: rt_hw_stack_init:stack_frame <- $r0
	@DEBUG_VALUE: rt_hw_stack_init:stack_addr <- [DW_OP_LLVM_entry_value 1] $r2
	.loc	2 161 44                        @ rt-thread/libcpu/arm/cortex-m7/cpuport.c:161:44
	str	r1, [lr, #-32]
	movs	r1, #0
.Ltmp12:
	@DEBUG_VALUE: rt_hw_stack_init:parameter <- [DW_OP_LLVM_entry_value 1] $r1
	.loc	2 163 44                        @ rt-thread/libcpu/arm/cortex-m7/cpuport.c:163:44
	strd	r1, r1, [lr, #-28]
	strd	r1, r1, [lr, #-20]
	.loc	2 166 44                        @ rt-thread/libcpu/arm/cortex-m7/cpuport.c:166:44
	strd	r3, r12, [lr, #-12]
	mov.w	r2, #16777216
	.loc	2 168 44                        @ rt-thread/libcpu/arm/cortex-m7/cpuport.c:168:44
	str	r2, [lr, #-4]
	.loc	2 171 23                        @ rt-thread/libcpu/arm/cortex-m7/cpuport.c:171:23
	str	r1, [lr, #-68]
	.loc	2 175 5                         @ rt-thread/libcpu/arm/cortex-m7/cpuport.c:175:5
	pop	{r4, r5, r6, pc}
.Ltmp13:
.Lfunc_end0:
	.size	rt_hw_stack_init, .Lfunc_end0-rt_hw_stack_init
	.cfi_endproc
	.cantunwind
	.fnend
                                        @ -- End function
	.section	.text.rt_hw_exception_install,"ax",%progbits
	.hidden	rt_hw_exception_install         @ -- Begin function rt_hw_exception_install
	.globl	rt_hw_exception_install
	.p2align	3
	.type	rt_hw_exception_install,%function
	.code	16                              @ @rt_hw_exception_install
	.thumb_func
rt_hw_exception_install:
.Lfunc_begin1:
	.loc	2 184 0                         @ rt-thread/libcpu/arm/cortex-m7/cpuport.c:184:0
	.fnstart
	.cfi_startproc
@ %bb.0:
	@DEBUG_VALUE: rt_hw_exception_install:exception_handle <- $r0
	.loc	2 185 23 prologue_end           @ rt-thread/libcpu/arm/cortex-m7/cpuport.c:185:23
	movw	r1, :lower16:rt_exception_hook
	movt	r1, :upper16:rt_exception_hook
	@DEBUG_VALUE: rt_hw_exception_install:exception_handle <- $r0
	str	r0, [r1]
	.loc	2 186 1                         @ rt-thread/libcpu/arm/cortex-m7/cpuport.c:186:1
	bx	lr
.Ltmp14:
.Lfunc_end1:
	.size	rt_hw_exception_install, .Lfunc_end1-rt_hw_exception_install
	.cfi_endproc
	.cantunwind
	.fnend
                                        @ -- End function
	.section	.text.rt_hw_hard_fault_exception,"ax",%progbits
	.hidden	rt_hw_hard_fault_exception      @ -- Begin function rt_hw_hard_fault_exception
	.globl	rt_hw_hard_fault_exception
	.p2align	3
	.type	rt_hw_hard_fault_exception,%function
	.code	16                              @ @rt_hw_hard_fault_exception
	.thumb_func
rt_hw_hard_fault_exception:
.Lfunc_begin2:
	.loc	2 372 0                         @ rt-thread/libcpu/arm/cortex-m7/cpuport.c:372:0
	.fnstart
	.cfi_startproc
@ %bb.0:
	@DEBUG_VALUE: rt_hw_hard_fault_exception:exception_info <- $r0
	.save	{r4, lr}
	push	{r4, lr}
	.cfi_def_cfa_offset 8
	.cfi_offset lr, -4
	.cfi_offset r4, -8
.Ltmp15:
	.loc	2 377 9 prologue_end            @ rt-thread/libcpu/arm/cortex-m7/cpuport.c:377:9
	movw	r1, :lower16:rt_exception_hook
	mov	r4, r0
.Ltmp16:
	@DEBUG_VALUE: rt_hw_hard_fault_exception:exception_info <- $r4
	@DEBUG_VALUE: rt_hw_hard_fault_exception:context <- [DW_OP_plus_uconst 4, DW_OP_stack_value] $r4
	@DEBUG_VALUE: rt_hw_hard_fault_exception:exception_stack <- undef
	@DEBUG_VALUE: rt_hw_hard_fault_exception:exception_info <- $r4
	movt	r1, :upper16:rt_exception_hook
	ldr	r1, [r1]
.Ltmp17:
	.loc	2 377 9 is_stmt 0               @ rt-thread/libcpu/arm/cortex-m7/cpuport.c:377:9
	cbz	r1, .LBB2_2
.Ltmp18:
@ %bb.1:
	@DEBUG_VALUE: rt_hw_hard_fault_exception:context <- [DW_OP_plus_uconst 4, DW_OP_stack_value] $r4
	@DEBUG_VALUE: rt_hw_hard_fault_exception:exception_info <- $r4
	.loc	2 0 0                           @ rt-thread/libcpu/arm/cortex-m7/cpuport.c:0:0
	add.w	r0, r4, #40
.Ltmp19:
	@DEBUG_VALUE: rt_hw_hard_fault_exception:exception_stack <- $r0
	.loc	2 381 18 is_stmt 1              @ rt-thread/libcpu/arm/cortex-m7/cpuport.c:381:18
	blx	r1
.Ltmp20:
	@DEBUG_VALUE: result <- $r0
	.loc	2 0 18 is_stmt 0                @ rt-thread/libcpu/arm/cortex-m7/cpuport.c:0:18
	cmp	r0, #0
.Ltmp21:
	.loc	2 426 1 is_stmt 1               @ rt-thread/libcpu/arm/cortex-m7/cpuport.c:426:1
	it	eq
	popeq	{r4, pc}
.Ltmp22:
.LBB2_2:
	.loc	2 385 5                         @ rt-thread/libcpu/arm/cortex-m7/cpuport.c:385:5
	movw	r0, :lower16:.L.str
	.loc	2 385 64 is_stmt 0              @ rt-thread/libcpu/arm/cortex-m7/cpuport.c:385:64
	ldr	r1, [r4, #68]
	.loc	2 385 5                         @ rt-thread/libcpu/arm/cortex-m7/cpuport.c:385:5
	movt	r0, :upper16:.L.str
	bl	rt_kprintf
	.loc	2 387 5 is_stmt 1               @ rt-thread/libcpu/arm/cortex-m7/cpuport.c:387:5
	movw	r0, :lower16:.L.str.1
	.loc	2 387 64 is_stmt 0              @ rt-thread/libcpu/arm/cortex-m7/cpuport.c:387:64
	ldr	r1, [r4, #40]
	.loc	2 387 5                         @ rt-thread/libcpu/arm/cortex-m7/cpuport.c:387:5
	movt	r0, :upper16:.L.str.1
	bl	rt_kprintf
	.loc	2 388 5 is_stmt 1               @ rt-thread/libcpu/arm/cortex-m7/cpuport.c:388:5
	movw	r0, :lower16:.L.str.2
	.loc	2 388 64 is_stmt 0              @ rt-thread/libcpu/arm/cortex-m7/cpuport.c:388:64
	ldr	r1, [r4, #44]
	.loc	2 388 5                         @ rt-thread/libcpu/arm/cortex-m7/cpuport.c:388:5
	movt	r0, :upper16:.L.str.2
	bl	rt_kprintf
	.loc	2 389 5 is_stmt 1               @ rt-thread/libcpu/arm/cortex-m7/cpuport.c:389:5
	movw	r0, :lower16:.L.str.3
	.loc	2 389 64 is_stmt 0              @ rt-thread/libcpu/arm/cortex-m7/cpuport.c:389:64
	ldr	r1, [r4, #48]
	.loc	2 389 5                         @ rt-thread/libcpu/arm/cortex-m7/cpuport.c:389:5
	movt	r0, :upper16:.L.str.3
	bl	rt_kprintf
	.loc	2 390 5 is_stmt 1               @ rt-thread/libcpu/arm/cortex-m7/cpuport.c:390:5
	movw	r0, :lower16:.L.str.4
	.loc	2 390 64 is_stmt 0              @ rt-thread/libcpu/arm/cortex-m7/cpuport.c:390:64
	ldr	r1, [r4, #52]
	.loc	2 390 5                         @ rt-thread/libcpu/arm/cortex-m7/cpuport.c:390:5
	movt	r0, :upper16:.L.str.4
	bl	rt_kprintf
	.loc	2 391 5 is_stmt 1               @ rt-thread/libcpu/arm/cortex-m7/cpuport.c:391:5
	movw	r0, :lower16:.L.str.5
	.loc	2 391 42 is_stmt 0              @ rt-thread/libcpu/arm/cortex-m7/cpuport.c:391:42
	ldr	r1, [r4, #8]
	.loc	2 391 5                         @ rt-thread/libcpu/arm/cortex-m7/cpuport.c:391:5
	movt	r0, :upper16:.L.str.5
	bl	rt_kprintf
	.loc	2 392 42 is_stmt 1              @ rt-thread/libcpu/arm/cortex-m7/cpuport.c:392:42
	ldr	r1, [r4, #12]
	.loc	2 392 5 is_stmt 0               @ rt-thread/libcpu/arm/cortex-m7/cpuport.c:392:5
	adr	r0, .LCPI2_0
	bl	rt_kprintf
	.loc	2 393 42 is_stmt 1              @ rt-thread/libcpu/arm/cortex-m7/cpuport.c:393:42
	ldr	r1, [r4, #16]
	.loc	2 393 5 is_stmt 0               @ rt-thread/libcpu/arm/cortex-m7/cpuport.c:393:5
	adr	r0, .LCPI2_1
	bl	rt_kprintf
	.loc	2 394 42 is_stmt 1              @ rt-thread/libcpu/arm/cortex-m7/cpuport.c:394:42
	ldr	r1, [r4, #20]
	.loc	2 394 5 is_stmt 0               @ rt-thread/libcpu/arm/cortex-m7/cpuport.c:394:5
	adr	r0, .LCPI2_2
	bl	rt_kprintf
	.loc	2 395 42 is_stmt 1              @ rt-thread/libcpu/arm/cortex-m7/cpuport.c:395:42
	ldr	r1, [r4, #24]
	.loc	2 395 5 is_stmt 0               @ rt-thread/libcpu/arm/cortex-m7/cpuport.c:395:5
	adr	r0, .LCPI2_3
	bl	rt_kprintf
	.loc	2 396 42 is_stmt 1              @ rt-thread/libcpu/arm/cortex-m7/cpuport.c:396:42
	ldr	r1, [r4, #28]
	.loc	2 396 5 is_stmt 0               @ rt-thread/libcpu/arm/cortex-m7/cpuport.c:396:5
	adr	r0, .LCPI2_4
	bl	rt_kprintf
	.loc	2 397 42 is_stmt 1              @ rt-thread/libcpu/arm/cortex-m7/cpuport.c:397:42
	ldr	r1, [r4, #32]
	.loc	2 397 5 is_stmt 0               @ rt-thread/libcpu/arm/cortex-m7/cpuport.c:397:5
	adr	r0, .LCPI2_5
	bl	rt_kprintf
	.loc	2 398 42 is_stmt 1              @ rt-thread/libcpu/arm/cortex-m7/cpuport.c:398:42
	ldr	r1, [r4, #36]
	.loc	2 398 5 is_stmt 0               @ rt-thread/libcpu/arm/cortex-m7/cpuport.c:398:5
	adr	r0, .LCPI2_6
	bl	rt_kprintf
	.loc	2 399 64 is_stmt 1              @ rt-thread/libcpu/arm/cortex-m7/cpuport.c:399:64
	ldr	r1, [r4, #56]
	.loc	2 399 5 is_stmt 0               @ rt-thread/libcpu/arm/cortex-m7/cpuport.c:399:5
	adr	r0, .LCPI2_7
	bl	rt_kprintf
	.loc	2 400 64 is_stmt 1              @ rt-thread/libcpu/arm/cortex-m7/cpuport.c:400:64
	ldr	r1, [r4, #60]
	.loc	2 400 5 is_stmt 0               @ rt-thread/libcpu/arm/cortex-m7/cpuport.c:400:5
	adr	r0, .LCPI2_8
	bl	rt_kprintf
	.loc	2 401 64 is_stmt 1              @ rt-thread/libcpu/arm/cortex-m7/cpuport.c:401:64
	ldr	r1, [r4, #64]
	.loc	2 401 5 is_stmt 0               @ rt-thread/libcpu/arm/cortex-m7/cpuport.c:401:5
	adr	r0, .LCPI2_9
	bl	rt_kprintf
	.loc	2 403 9 is_stmt 1               @ rt-thread/libcpu/arm/cortex-m7/cpuport.c:403:9
	ldrb	r0, [r4]
	lsls	r0, r0, #29
	bmi	.LBB2_4
@ %bb.3:
.Ltmp23:
	.loc	2 413 9                         @ rt-thread/libcpu/arm/cortex-m7/cpuport.c:413:9
	movw	r0, :lower16:.L.str.17
	movt	r0, :upper16:.L.str.17
	bl	rt_kprintf
	b	.LBB2_5
.Ltmp24:
.LBB2_4:
	.loc	2 405 56                        @ rt-thread/libcpu/arm/cortex-m7/cpuport.c:405:56
	bl	rt_thread_self
	mov	r1, r0
	.loc	2 405 9 is_stmt 0               @ rt-thread/libcpu/arm/cortex-m7/cpuport.c:405:9
	movw	r0, :lower16:.L.str.16
	movt	r0, :upper16:.L.str.16
	bl	rt_kprintf
	.loc	2 408 9 is_stmt 1               @ rt-thread/libcpu/arm/cortex-m7/cpuport.c:408:9
	bl	list_thread
.Ltmp25:
.LBB2_5:
	.loc	2 416 10                        @ rt-thread/libcpu/arm/cortex-m7/cpuport.c:416:10
	ldrb	r0, [r4]
	lsls	r0, r0, #27
	bmi	.LBB2_7
@ %bb.6:
.Ltmp26:
	.loc	2 418 9                         @ rt-thread/libcpu/arm/cortex-m7/cpuport.c:418:9
	movw	r0, :lower16:.L.str.18
	movt	r0, :upper16:.L.str.18
	bl	rt_kprintf
.Ltmp27:
.LBB2_7:
	.loc	2 422 5                         @ rt-thread/libcpu/arm/cortex-m7/cpuport.c:422:5
	bl	hard_fault_track
	.p2align	2
.LBB2_8:                                @ =>This Inner Loop Header: Depth=1
	.loc	2 425 5                         @ rt-thread/libcpu/arm/cortex-m7/cpuport.c:425:5
	b	.LBB2_8
.Ltmp28:
	.p2align	2
@ %bb.9:
	.loc	2 0 5 is_stmt 0                 @ rt-thread/libcpu/arm/cortex-m7/cpuport.c:0:5
.LCPI2_0:
.L.str.6:
	.asciz	"r05: 0x%08x\n\000\000\000"
.LCPI2_1:
.L.str.7:
	.asciz	"r06: 0x%08x\n\000\000\000"
.LCPI2_2:
.L.str.8:
	.asciz	"r07: 0x%08x\n\000\000\000"
.LCPI2_3:
.L.str.9:
	.asciz	"r08: 0x%08x\n\000\000\000"
.LCPI2_4:
.L.str.10:
	.asciz	"r09: 0x%08x\n\000\000\000"
.LCPI2_5:
.L.str.11:
	.asciz	"r10: 0x%08x\n\000\000\000"
.LCPI2_6:
.L.str.12:
	.asciz	"r11: 0x%08x\n\000\000\000"
.LCPI2_7:
.L.str.13:
	.asciz	"r12: 0x%08x\n\000\000\000"
.LCPI2_8:
.L.str.14:
	.asciz	" lr: 0x%08x\n\000\000\000"
.LCPI2_9:
.L.str.15:
	.asciz	" pc: 0x%08x\n\000\000\000"
.Lfunc_end2:
	.size	rt_hw_hard_fault_exception, .Lfunc_end2-rt_hw_hard_fault_exception
	.cfi_endproc
	.cantunwind
	.fnend
                                        @ -- End function
	.section	.text.hard_fault_track,"ax",%progbits
	.p2align	3                               @ -- Begin function hard_fault_track
	.type	hard_fault_track,%function
	.code	16                              @ @hard_fault_track
	.thumb_func
hard_fault_track:
.Lfunc_begin3:
	.loc	2 330 0 is_stmt 1               @ rt-thread/libcpu/arm/cortex-m7/cpuport.c:330:0
	.fnstart
	.cfi_startproc
@ %bb.0:
	.save	{r4, lr}
	push	{r4, lr}
	.cfi_def_cfa_offset 8
	.cfi_offset lr, -4
	.cfi_offset r4, -8
	movw	r4, #60716
	movt	r4, #57344
.Ltmp29:
	.loc	2 331 8 prologue_end            @ rt-thread/libcpu/arm/cortex-m7/cpuport.c:331:8
	ldr	r0, [r4]
.Ltmp30:
	.loc	2 331 8 is_stmt 0               @ rt-thread/libcpu/arm/cortex-m7/cpuport.c:331:8
	lsls	r0, r0, #30
	bpl	.LBB3_2
@ %bb.1:
.Ltmp31:
	.loc	2 334 9 is_stmt 1               @ rt-thread/libcpu/arm/cortex-m7/cpuport.c:334:9
	adr	r0, .LCPI3_0
	bl	rt_kprintf
.Ltmp32:
.LBB3_2:
	.loc	2 337 8                         @ rt-thread/libcpu/arm/cortex-m7/cpuport.c:337:8
	ldr	r0, [r4]
.Ltmp33:
	.loc	2 337 8 is_stmt 0               @ rt-thread/libcpu/arm/cortex-m7/cpuport.c:337:8
	lsls	r0, r0, #1
	bpl	.LBB3_9
@ %bb.3:
.Ltmp34:
	.loc	2 341 12 is_stmt 1              @ rt-thread/libcpu/arm/cortex-m7/cpuport.c:341:12
	ldrb	r0, [r4, #-3]
.Ltmp35:
	.loc	2 341 12 is_stmt 0              @ rt-thread/libcpu/arm/cortex-m7/cpuport.c:341:12
	cbz	r0, .LBB3_5
@ %bb.4:
.Ltmp36:
	.loc	2 343 13 is_stmt 1              @ rt-thread/libcpu/arm/cortex-m7/cpuport.c:343:13
	bl	bus_fault_track
.Ltmp37:
.LBB3_5:
	.loc	2 346 12                        @ rt-thread/libcpu/arm/cortex-m7/cpuport.c:346:12
	ldrb	r0, [r4, #-4]
.Ltmp38:
	.loc	2 346 12 is_stmt 0              @ rt-thread/libcpu/arm/cortex-m7/cpuport.c:346:12
	cbz	r0, .LBB3_7
@ %bb.6:
.Ltmp39:
	.loc	2 348 13 is_stmt 1              @ rt-thread/libcpu/arm/cortex-m7/cpuport.c:348:13
	bl	mem_manage_fault_track
.Ltmp40:
.LBB3_7:
	.loc	2 351 12                        @ rt-thread/libcpu/arm/cortex-m7/cpuport.c:351:12
	ldrh	r0, [r4, #-2]
.Ltmp41:
	.loc	2 351 12 is_stmt 0              @ rt-thread/libcpu/arm/cortex-m7/cpuport.c:351:12
	cbz	r0, .LBB3_9
@ %bb.8:
.Ltmp42:
	.loc	2 353 13 is_stmt 1              @ rt-thread/libcpu/arm/cortex-m7/cpuport.c:353:13
	bl	usage_fault_track
.Ltmp43:
.LBB3_9:
	.loc	2 357 8                         @ rt-thread/libcpu/arm/cortex-m7/cpuport.c:357:8
	ldr	r0, [r4]
.Ltmp44:
	.loc	2 357 8 is_stmt 0               @ rt-thread/libcpu/arm/cortex-m7/cpuport.c:357:8
	cmp.w	r0, #-1
	.loc	2 362 1 is_stmt 1               @ rt-thread/libcpu/arm/cortex-m7/cpuport.c:362:1
	it	gt
	popgt	{r4, pc}
.LBB3_10:
.Ltmp45:
	.loc	2 360 9                         @ rt-thread/libcpu/arm/cortex-m7/cpuport.c:360:9
	adr	r0, .LCPI3_1
	bl	rt_kprintf
.Ltmp46:
	.loc	2 362 1                         @ rt-thread/libcpu/arm/cortex-m7/cpuport.c:362:1
	pop	{r4, pc}
.Ltmp47:
	.p2align	2
@ %bb.11:
	.loc	2 0 1 is_stmt 0                 @ rt-thread/libcpu/arm/cortex-m7/cpuport.c:0:1
.LCPI3_0:
.L.str.21:
	.asciz	"failed vector fetch\n\000\000\000"
.LCPI3_1:
.L.str.22:
	.asciz	"debug event\n\000\000\000"
.Lfunc_end3:
	.size	hard_fault_track, .Lfunc_end3-hard_fault_track
	.cfi_endproc
	.cantunwind
	.fnend
                                        @ -- End function
	.section	.text.rt_hw_cpu_shutdown,"ax",%progbits
	.hidden	rt_hw_cpu_shutdown              @ -- Begin function rt_hw_cpu_shutdown
	.globl	rt_hw_cpu_shutdown
	.p2align	3
	.type	rt_hw_cpu_shutdown,%function
	.code	16                              @ @rt_hw_cpu_shutdown
	.thumb_func
rt_hw_cpu_shutdown:
.Lfunc_begin4:
	.loc	2 432 0 is_stmt 1               @ rt-thread/libcpu/arm/cortex-m7/cpuport.c:432:0
	.fnstart
	.cfi_startproc
@ %bb.0:
	.save	{r7, lr}
	push	{r7, lr}
	.cfi_def_cfa_offset 8
	.cfi_offset lr, -4
	.cfi_offset r7, -8
.Ltmp48:
	.loc	2 433 5 prologue_end            @ rt-thread/libcpu/arm/cortex-m7/cpuport.c:433:5
	adr	r0, .LCPI4_0
	bl	rt_kprintf
.Ltmp49:
	.loc	2 435 5                         @ rt-thread/libcpu/arm/cortex-m7/cpuport.c:435:5
	adr	r0, .LCPI4_1
	adr	r1, .LCPI4_2
	movw	r2, #435
	bl	rt_assert_handler
.Ltmp50:
	.loc	2 436 1                         @ rt-thread/libcpu/arm/cortex-m7/cpuport.c:436:1
	pop	{r7, pc}
.Ltmp51:
	.p2align	2
@ %bb.1:
	.loc	2 0 1 is_stmt 0                 @ rt-thread/libcpu/arm/cortex-m7/cpuport.c:0:1
.LCPI4_0:
.L.str.19:
	.asciz	"shutdown...\n\000\000\000"
.LCPI4_1:
.L.str.20:
	.asciz	"0\000\000"
.LCPI4_2:
.L__FUNCTION__.rt_hw_cpu_shutdown:
	.asciz	"rt_hw_cpu_shutdown\000"
.Lfunc_end4:
	.size	rt_hw_cpu_shutdown, .Lfunc_end4-rt_hw_cpu_shutdown
	.cfi_endproc
	.cantunwind
	.fnend
                                        @ -- End function
	.section	.text.rt_hw_cpu_reset,"ax",%progbits
	.hidden	rt_hw_cpu_reset                 @ -- Begin function rt_hw_cpu_reset
	.weak	rt_hw_cpu_reset
	.p2align	3
	.type	rt_hw_cpu_reset,%function
	.code	16                              @ @rt_hw_cpu_reset
	.thumb_func
rt_hw_cpu_reset:
.Lfunc_begin5:
	.loc	2 442 0 is_stmt 1               @ rt-thread/libcpu/arm/cortex-m7/cpuport.c:442:0
	.fnstart
	.cfi_startproc
@ %bb.0:
	movw	r0, #60684
	movs	r1, #4
	movt	r0, #57344
	movt	r1, #1530
.Ltmp52:
	.loc	2 443 15 prologue_end           @ rt-thread/libcpu/arm/cortex-m7/cpuport.c:443:15
	str	r1, [r0]
	.loc	2 444 1                         @ rt-thread/libcpu/arm/cortex-m7/cpuport.c:444:1
	bx	lr
.Ltmp53:
.Lfunc_end5:
	.size	rt_hw_cpu_reset, .Lfunc_end5-rt_hw_cpu_reset
	.cfi_endproc
	.cantunwind
	.fnend
                                        @ -- End function
	.section	.text.__rt_ffs,"ax",%progbits
	.hidden	__rt_ffs                        @ -- Begin function __rt_ffs
	.globl	__rt_ffs
	.p2align	3
	.type	__rt_ffs,%function
	.code	16                              @ @__rt_ffs
	.thumb_func
__rt_ffs:
.Lfunc_begin6:
	.loc	2 472 0                         @ rt-thread/libcpu/arm/cortex-m7/cpuport.c:472:0
	.fnstart
	.cfi_startproc
@ %bb.0:
	@DEBUG_VALUE: __rt_ffs:value <- $r0
	@DEBUG_VALUE: __rt_ffs:value <- $r0
	.loc	2 473 5 prologue_end            @ rt-thread/libcpu/arm/cortex-m7/cpuport.c:473:5
	@APP
	cmp	r0, #0
	beq	.Ltmp54
	rbit	r0, r0
	clz	r0, r0
	adds	r0, r0, #1
.Ltmp54:

	@NO_APP
.Ltmp55:
	@DEBUG_VALUE: __rt_ffs:value <- [DW_OP_LLVM_entry_value 1] $r0
	@DEBUG_VALUE: __rt_ffs:value <- $r0
	.loc	2 486 5                         @ rt-thread/libcpu/arm/cortex-m7/cpuport.c:486:5
	bx	lr
.Ltmp56:
.Lfunc_end6:
	.size	__rt_ffs, .Lfunc_end6-__rt_ffs
	.cfi_endproc
	.cantunwind
	.fnend
                                        @ -- End function
	.section	.text.bus_fault_track,"ax",%progbits
	.p2align	3                               @ -- Begin function bus_fault_track
	.type	bus_fault_track,%function
	.code	16                              @ @bus_fault_track
	.thumb_func
bus_fault_track:
.Lfunc_begin7:
	.loc	2 245 0                         @ rt-thread/libcpu/arm/cortex-m7/cpuport.c:245:0
	.fnstart
	.cfi_startproc
@ %bb.0:
	.save	{r4, lr}
	push	{r4, lr}
	.cfi_def_cfa_offset 8
	.cfi_offset lr, -4
	.cfi_offset r4, -8
	movw	r4, #60713
.Ltmp57:
	.loc	2 246 5 prologue_end            @ rt-thread/libcpu/arm/cortex-m7/cpuport.c:246:5
	adr	r0, .LCPI7_0
	movt	r4, #57344
	bl	rt_kprintf
	.loc	2 247 41                        @ rt-thread/libcpu/arm/cortex-m7/cpuport.c:247:41
	ldrb	r1, [r4]
	.loc	2 247 5 is_stmt 0               @ rt-thread/libcpu/arm/cortex-m7/cpuport.c:247:5
	adr	r0, .LCPI7_1
	bl	rt_kprintf
.Ltmp58:
	.loc	2 249 8 is_stmt 1               @ rt-thread/libcpu/arm/cortex-m7/cpuport.c:249:8
	ldrb	r0, [r4]
.Ltmp59:
	.loc	2 249 8 is_stmt 0               @ rt-thread/libcpu/arm/cortex-m7/cpuport.c:249:8
	lsls	r0, r0, #31
	beq	.LBB7_2
@ %bb.1:
.Ltmp60:
	.loc	2 252 9 is_stmt 1               @ rt-thread/libcpu/arm/cortex-m7/cpuport.c:252:9
	adr	r0, .LCPI7_2
	bl	rt_kprintf
.Ltmp61:
.LBB7_2:
	.loc	2 255 8                         @ rt-thread/libcpu/arm/cortex-m7/cpuport.c:255:8
	ldrb	r0, [r4]
.Ltmp62:
	.loc	2 255 8 is_stmt 0               @ rt-thread/libcpu/arm/cortex-m7/cpuport.c:255:8
	lsls	r0, r0, #30
	bpl	.LBB7_4
@ %bb.3:
.Ltmp63:
	.loc	2 258 9 is_stmt 1               @ rt-thread/libcpu/arm/cortex-m7/cpuport.c:258:9
	adr	r0, .LCPI7_3
	bl	rt_kprintf
.Ltmp64:
.LBB7_4:
	.loc	2 261 8                         @ rt-thread/libcpu/arm/cortex-m7/cpuport.c:261:8
	ldrb	r0, [r4]
.Ltmp65:
	.loc	2 261 8 is_stmt 0               @ rt-thread/libcpu/arm/cortex-m7/cpuport.c:261:8
	lsls	r0, r0, #29
	bpl	.LBB7_6
@ %bb.5:
.Ltmp66:
	.loc	2 264 9 is_stmt 1               @ rt-thread/libcpu/arm/cortex-m7/cpuport.c:264:9
	adr	r0, .LCPI7_4
	bl	rt_kprintf
.Ltmp67:
.LBB7_6:
	.loc	2 267 8                         @ rt-thread/libcpu/arm/cortex-m7/cpuport.c:267:8
	ldrb	r0, [r4]
.Ltmp68:
	.loc	2 267 8 is_stmt 0               @ rt-thread/libcpu/arm/cortex-m7/cpuport.c:267:8
	lsls	r0, r0, #28
	bpl	.LBB7_8
@ %bb.7:
.Ltmp69:
	.loc	2 270 9 is_stmt 1               @ rt-thread/libcpu/arm/cortex-m7/cpuport.c:270:9
	adr	r0, .LCPI7_5
	bl	rt_kprintf
.Ltmp70:
.LBB7_8:
	.loc	2 273 8                         @ rt-thread/libcpu/arm/cortex-m7/cpuport.c:273:8
	ldrb	r0, [r4]
.Ltmp71:
	.loc	2 273 8 is_stmt 0               @ rt-thread/libcpu/arm/cortex-m7/cpuport.c:273:8
	lsls	r0, r0, #27
	bpl	.LBB7_10
@ %bb.9:
.Ltmp72:
	.loc	2 276 9 is_stmt 1               @ rt-thread/libcpu/arm/cortex-m7/cpuport.c:276:9
	adr	r0, .LCPI7_6
	bl	rt_kprintf
.Ltmp73:
.LBB7_10:
	.loc	2 279 8                         @ rt-thread/libcpu/arm/cortex-m7/cpuport.c:279:8
	ldrsb.w	r0, [r4]
.Ltmp74:
	.loc	2 279 8 is_stmt 0               @ rt-thread/libcpu/arm/cortex-m7/cpuport.c:279:8
	cmp.w	r0, #-1
	ble	.LBB7_12
@ %bb.11:
.Ltmp75:
	.loc	2 285 9 is_stmt 1               @ rt-thread/libcpu/arm/cortex-m7/cpuport.c:285:9
	movw	r0, :lower16:.L.str.31
	movt	r0, :upper16:.L.str.31
	bl	rt_kprintf
.Ltmp76:
	.loc	2 287 1                         @ rt-thread/libcpu/arm/cortex-m7/cpuport.c:287:1
	pop	{r4, pc}
.LBB7_12:
.Ltmp77:
	.loc	2 281 40                        @ rt-thread/libcpu/arm/cortex-m7/cpuport.c:281:40
	ldr.w	r1, [r4, #15]
	.loc	2 281 9 is_stmt 0               @ rt-thread/libcpu/arm/cortex-m7/cpuport.c:281:9
	adr	r0, .LCPI7_7
	bl	rt_kprintf
.Ltmp78:
	.loc	2 287 1 is_stmt 1               @ rt-thread/libcpu/arm/cortex-m7/cpuport.c:287:1
	pop	{r4, pc}
.Ltmp79:
	.p2align	2
@ %bb.13:
	.loc	2 0 1 is_stmt 0                 @ rt-thread/libcpu/arm/cortex-m7/cpuport.c:0:1
.LCPI7_0:
.L.str.23:
	.asciz	"bus fault:\n"
.LCPI7_1:
.L.str.24:
	.asciz	"SCB_CFSR_BFSR:0x%02X \000\000"
.LCPI7_2:
.L.str.25:
	.asciz	"IBUSERR \000\000\000"
.LCPI7_3:
.L.str.26:
	.asciz	"PRECISERR \000"
.LCPI7_4:
.L.str.27:
	.asciz	"IMPRECISERR \000\000\000"
.LCPI7_5:
.L.str.28:
	.asciz	"UNSTKERR \000\000"
.LCPI7_6:
.L.str.29:
	.asciz	"STKERR "
.LCPI7_7:
.L.str.30:
	.asciz	"SCB->BFAR:%08X\n"
.Lfunc_end7:
	.size	bus_fault_track, .Lfunc_end7-bus_fault_track
	.cfi_endproc
	.cantunwind
	.fnend
                                        @ -- End function
	.section	.text.mem_manage_fault_track,"ax",%progbits
	.p2align	3                               @ -- Begin function mem_manage_fault_track
	.type	mem_manage_fault_track,%function
	.code	16                              @ @mem_manage_fault_track
	.thumb_func
mem_manage_fault_track:
.Lfunc_begin8:
	.loc	2 290 0 is_stmt 1               @ rt-thread/libcpu/arm/cortex-m7/cpuport.c:290:0
	.fnstart
	.cfi_startproc
@ %bb.0:
	.save	{r4, lr}
	push	{r4, lr}
	.cfi_def_cfa_offset 8
	.cfi_offset lr, -4
	.cfi_offset r4, -8
	movw	r4, #60712
.Ltmp80:
	.loc	2 291 5 prologue_end            @ rt-thread/libcpu/arm/cortex-m7/cpuport.c:291:5
	adr	r0, .LCPI8_0
	movt	r4, #57344
	bl	rt_kprintf
	.loc	2 292 41                        @ rt-thread/libcpu/arm/cortex-m7/cpuport.c:292:41
	ldrb	r1, [r4]
	.loc	2 292 5 is_stmt 0               @ rt-thread/libcpu/arm/cortex-m7/cpuport.c:292:5
	adr	r0, .LCPI8_1
	bl	rt_kprintf
.Ltmp81:
	.loc	2 294 8 is_stmt 1               @ rt-thread/libcpu/arm/cortex-m7/cpuport.c:294:8
	ldrb	r0, [r4]
.Ltmp82:
	.loc	2 294 8 is_stmt 0               @ rt-thread/libcpu/arm/cortex-m7/cpuport.c:294:8
	lsls	r0, r0, #31
	beq	.LBB8_2
@ %bb.1:
.Ltmp83:
	.loc	2 297 9 is_stmt 1               @ rt-thread/libcpu/arm/cortex-m7/cpuport.c:297:9
	adr	r0, .LCPI8_2
	bl	rt_kprintf
.Ltmp84:
.LBB8_2:
	.loc	2 300 8                         @ rt-thread/libcpu/arm/cortex-m7/cpuport.c:300:8
	ldrb	r0, [r4]
.Ltmp85:
	.loc	2 300 8 is_stmt 0               @ rt-thread/libcpu/arm/cortex-m7/cpuport.c:300:8
	lsls	r0, r0, #30
	bpl	.LBB8_4
@ %bb.3:
.Ltmp86:
	.loc	2 303 9 is_stmt 1               @ rt-thread/libcpu/arm/cortex-m7/cpuport.c:303:9
	adr	r0, .LCPI8_3
	bl	rt_kprintf
.Ltmp87:
.LBB8_4:
	.loc	2 306 8                         @ rt-thread/libcpu/arm/cortex-m7/cpuport.c:306:8
	ldrb	r0, [r4]
.Ltmp88:
	.loc	2 306 8 is_stmt 0               @ rt-thread/libcpu/arm/cortex-m7/cpuport.c:306:8
	lsls	r0, r0, #28
	bpl	.LBB8_6
@ %bb.5:
.Ltmp89:
	.loc	2 309 9 is_stmt 1               @ rt-thread/libcpu/arm/cortex-m7/cpuport.c:309:9
	adr	r0, .LCPI8_4
	bl	rt_kprintf
.Ltmp90:
.LBB8_6:
	.loc	2 312 8                         @ rt-thread/libcpu/arm/cortex-m7/cpuport.c:312:8
	ldrb	r0, [r4]
.Ltmp91:
	.loc	2 312 8 is_stmt 0               @ rt-thread/libcpu/arm/cortex-m7/cpuport.c:312:8
	lsls	r0, r0, #27
	bpl	.LBB8_8
@ %bb.7:
.Ltmp92:
	.loc	2 315 9 is_stmt 1               @ rt-thread/libcpu/arm/cortex-m7/cpuport.c:315:9
	adr	r0, .LCPI8_5
	bl	rt_kprintf
.Ltmp93:
.LBB8_8:
	.loc	2 318 8                         @ rt-thread/libcpu/arm/cortex-m7/cpuport.c:318:8
	ldrsb.w	r0, [r4]
.Ltmp94:
	.loc	2 318 8 is_stmt 0               @ rt-thread/libcpu/arm/cortex-m7/cpuport.c:318:8
	cmp.w	r0, #-1
	ble	.LBB8_10
@ %bb.9:
.Ltmp95:
	.loc	2 325 9 is_stmt 1               @ rt-thread/libcpu/arm/cortex-m7/cpuport.c:325:9
	movw	r0, :lower16:.L.str.31
	movt	r0, :upper16:.L.str.31
	bl	rt_kprintf
.Ltmp96:
	.loc	2 327 1                         @ rt-thread/libcpu/arm/cortex-m7/cpuport.c:327:1
	pop	{r4, pc}
.LBB8_10:
.Ltmp97:
	.loc	2 321 40                        @ rt-thread/libcpu/arm/cortex-m7/cpuport.c:321:40
	ldr	r1, [r4, #12]
	.loc	2 321 9 is_stmt 0               @ rt-thread/libcpu/arm/cortex-m7/cpuport.c:321:9
	adr	r0, .LCPI8_6
	bl	rt_kprintf
.Ltmp98:
	.loc	2 327 1 is_stmt 1               @ rt-thread/libcpu/arm/cortex-m7/cpuport.c:327:1
	pop	{r4, pc}
.Ltmp99:
	.p2align	2
@ %bb.11:
	.loc	2 0 1 is_stmt 0                 @ rt-thread/libcpu/arm/cortex-m7/cpuport.c:0:1
.LCPI8_0:
.L.str.32:
	.asciz	"mem manage fault:\n\000"
.LCPI8_1:
.L.str.33:
	.asciz	"SCB_CFSR_MFSR:0x%02X \000\000"
.LCPI8_2:
.L.str.34:
	.asciz	"IACCVIOL \000\000"
.LCPI8_3:
.L.str.35:
	.asciz	"DACCVIOL \000\000"
.LCPI8_4:
.L.str.36:
	.asciz	"MUNSTKERR \000"
.LCPI8_5:
.L.str.37:
	.asciz	"MSTKERR \000\000\000"
.LCPI8_6:
.L.str.38:
	.asciz	"SCB->MMAR:%08X\n"
.Lfunc_end8:
	.size	mem_manage_fault_track, .Lfunc_end8-mem_manage_fault_track
	.cfi_endproc
	.cantunwind
	.fnend
                                        @ -- End function
	.section	.text.usage_fault_track,"ax",%progbits
	.p2align	3                               @ -- Begin function usage_fault_track
	.type	usage_fault_track,%function
	.code	16                              @ @usage_fault_track
	.thumb_func
usage_fault_track:
.Lfunc_begin9:
	.loc	2 201 0 is_stmt 1               @ rt-thread/libcpu/arm/cortex-m7/cpuport.c:201:0
	.fnstart
	.cfi_startproc
@ %bb.0:
	.save	{r4, lr}
	push	{r4, lr}
	.cfi_def_cfa_offset 8
	.cfi_offset lr, -4
	.cfi_offset r4, -8
	movw	r4, #60714
.Ltmp100:
	.loc	2 202 5 prologue_end            @ rt-thread/libcpu/arm/cortex-m7/cpuport.c:202:5
	adr	r0, .LCPI9_0
	movt	r4, #57344
	bl	rt_kprintf
	.loc	2 203 41                        @ rt-thread/libcpu/arm/cortex-m7/cpuport.c:203:41
	ldrh	r1, [r4]
	.loc	2 203 5 is_stmt 0               @ rt-thread/libcpu/arm/cortex-m7/cpuport.c:203:5
	adr	r0, .LCPI9_1
	bl	rt_kprintf
.Ltmp101:
	.loc	2 205 8 is_stmt 1               @ rt-thread/libcpu/arm/cortex-m7/cpuport.c:205:8
	ldrh	r0, [r4]
.Ltmp102:
	.loc	2 205 8 is_stmt 0               @ rt-thread/libcpu/arm/cortex-m7/cpuport.c:205:8
	lsls	r0, r0, #31
	beq	.LBB9_2
@ %bb.1:
.Ltmp103:
	.loc	2 208 9 is_stmt 1               @ rt-thread/libcpu/arm/cortex-m7/cpuport.c:208:9
	adr	r0, .LCPI9_2
	bl	rt_kprintf
.Ltmp104:
.LBB9_2:
	.loc	2 211 8                         @ rt-thread/libcpu/arm/cortex-m7/cpuport.c:211:8
	ldrh	r0, [r4]
.Ltmp105:
	.loc	2 211 8 is_stmt 0               @ rt-thread/libcpu/arm/cortex-m7/cpuport.c:211:8
	lsls	r0, r0, #30
	bpl	.LBB9_4
@ %bb.3:
.Ltmp106:
	.loc	2 214 9 is_stmt 1               @ rt-thread/libcpu/arm/cortex-m7/cpuport.c:214:9
	adr	r0, .LCPI9_3
	bl	rt_kprintf
.Ltmp107:
.LBB9_4:
	.loc	2 217 8                         @ rt-thread/libcpu/arm/cortex-m7/cpuport.c:217:8
	ldrh	r0, [r4]
.Ltmp108:
	.loc	2 217 8 is_stmt 0               @ rt-thread/libcpu/arm/cortex-m7/cpuport.c:217:8
	lsls	r0, r0, #29
	bpl	.LBB9_6
@ %bb.5:
.Ltmp109:
	.loc	2 220 9 is_stmt 1               @ rt-thread/libcpu/arm/cortex-m7/cpuport.c:220:9
	adr	r0, .LCPI9_4
	bl	rt_kprintf
.Ltmp110:
.LBB9_6:
	.loc	2 223 8                         @ rt-thread/libcpu/arm/cortex-m7/cpuport.c:223:8
	ldrh	r0, [r4]
.Ltmp111:
	.loc	2 223 8 is_stmt 0               @ rt-thread/libcpu/arm/cortex-m7/cpuport.c:223:8
	lsls	r0, r0, #28
	bpl	.LBB9_8
@ %bb.7:
.Ltmp112:
	.loc	2 226 9 is_stmt 1               @ rt-thread/libcpu/arm/cortex-m7/cpuport.c:226:9
	adr	r0, .LCPI9_5
	bl	rt_kprintf
.Ltmp113:
.LBB9_8:
	.loc	2 229 8                         @ rt-thread/libcpu/arm/cortex-m7/cpuport.c:229:8
	ldrh	r0, [r4]
.Ltmp114:
	.loc	2 229 8 is_stmt 0               @ rt-thread/libcpu/arm/cortex-m7/cpuport.c:229:8
	lsls	r0, r0, #23
	bpl	.LBB9_10
@ %bb.9:
.Ltmp115:
	.loc	2 232 9 is_stmt 1               @ rt-thread/libcpu/arm/cortex-m7/cpuport.c:232:9
	adr	r0, .LCPI9_6
	bl	rt_kprintf
.Ltmp116:
.LBB9_10:
	.loc	2 235 8                         @ rt-thread/libcpu/arm/cortex-m7/cpuport.c:235:8
	ldrh	r0, [r4]
.Ltmp117:
	.loc	2 235 8 is_stmt 0               @ rt-thread/libcpu/arm/cortex-m7/cpuport.c:235:8
	lsls	r0, r0, #22
	bpl	.LBB9_12
@ %bb.11:
.Ltmp118:
	.loc	2 238 9 is_stmt 1               @ rt-thread/libcpu/arm/cortex-m7/cpuport.c:238:9
	adr	r0, .LCPI9_7
	bl	rt_kprintf
.Ltmp119:
.LBB9_12:
	.loc	2 241 5                         @ rt-thread/libcpu/arm/cortex-m7/cpuport.c:241:5
	movw	r0, :lower16:.L.str.31
	movt	r0, :upper16:.L.str.31
	bl	rt_kprintf
	.loc	2 242 1                         @ rt-thread/libcpu/arm/cortex-m7/cpuport.c:242:1
	pop	{r4, pc}
.Ltmp120:
	.p2align	2
@ %bb.13:
	.loc	2 0 1 is_stmt 0                 @ rt-thread/libcpu/arm/cortex-m7/cpuport.c:0:1
.LCPI9_0:
.L.str.39:
	.asciz	"usage fault:\n\000\000"
.LCPI9_1:
.L.str.40:
	.asciz	"SCB_CFSR_UFSR:0x%02X \000\000"
.LCPI9_2:
.L.str.41:
	.asciz	"UNDEFINSTR "
.LCPI9_3:
.L.str.42:
	.asciz	"INVSTATE \000\000"
.LCPI9_4:
.L.str.43:
	.asciz	"INVPC \000"
.LCPI9_5:
.L.str.44:
	.asciz	"NOCP \000\000"
.LCPI9_6:
.L.str.45:
	.asciz	"UNALIGNED \000"
.LCPI9_7:
.L.str.46:
	.asciz	"DIVBYZERO \000"
.Lfunc_end9:
	.size	usage_fault_track, .Lfunc_end9-usage_fault_track
	.cfi_endproc
	.cantunwind
	.fnend
                                        @ -- End function
	.type	rt_exception_hook,%object       @ @rt_exception_hook
	.section	.bss.rt_exception_hook,"aw",%nobits
	.p2align	2
rt_exception_hook:
	.long	0
	.size	rt_exception_hook, 4

	.type	.L.str,%object                  @ @.str
	.section	.rodata.str1.1,"aMS",%progbits,1
.L.str:
	.asciz	"psr: 0x%08x\n"
	.size	.L.str, 13

	.type	.L.str.1,%object                @ @.str.1
.L.str.1:
	.asciz	"r00: 0x%08x\n"
	.size	.L.str.1, 13

	.type	.L.str.2,%object                @ @.str.2
.L.str.2:
	.asciz	"r01: 0x%08x\n"
	.size	.L.str.2, 13

	.type	.L.str.3,%object                @ @.str.3
.L.str.3:
	.asciz	"r02: 0x%08x\n"
	.size	.L.str.3, 13

	.type	.L.str.4,%object                @ @.str.4
.L.str.4:
	.asciz	"r03: 0x%08x\n"
	.size	.L.str.4, 13

	.type	.L.str.5,%object                @ @.str.5
.L.str.5:
	.asciz	"r04: 0x%08x\n"
	.size	.L.str.5, 13

	.type	.L.str.16,%object               @ @.str.16
.L.str.16:
	.asciz	"hard fault on thread: %s\r\n\r\n"
	.size	.L.str.16, 29

	.type	.L.str.17,%object               @ @.str.17
.L.str.17:
	.asciz	"hard fault on handler\r\n\r\n"
	.size	.L.str.17, 26

	.type	.L.str.18,%object               @ @.str.18
.L.str.18:
	.asciz	"FPU active!\r\n"
	.size	.L.str.18, 14

	.hidden	rt_interrupt_from_thread        @ @rt_interrupt_from_thread
	.type	rt_interrupt_from_thread,%object
	.section	.bss.rt_interrupt_from_thread,"aw",%nobits
	.globl	rt_interrupt_from_thread
	.p2align	2
rt_interrupt_from_thread:
	.long	0                               @ 0x0
	.size	rt_interrupt_from_thread, 4

	.hidden	rt_interrupt_to_thread          @ @rt_interrupt_to_thread
	.type	rt_interrupt_to_thread,%object
	.section	.bss.rt_interrupt_to_thread,"aw",%nobits
	.globl	rt_interrupt_to_thread
	.p2align	2
rt_interrupt_to_thread:
	.long	0                               @ 0x0
	.size	rt_interrupt_to_thread, 4

	.hidden	rt_thread_switch_interrupt_flag @ @rt_thread_switch_interrupt_flag
	.type	rt_thread_switch_interrupt_flag,%object
	.section	.bss.rt_thread_switch_interrupt_flag,"aw",%nobits
	.globl	rt_thread_switch_interrupt_flag
	.p2align	2
rt_thread_switch_interrupt_flag:
	.long	0                               @ 0x0
	.size	rt_thread_switch_interrupt_flag, 4

	.type	.L.str.31,%object               @ @.str.31
	.section	.rodata.str1.1,"aMS",%progbits,1
.L.str.31:
	.asciz	"\n"
	.size	.L.str.31, 2

	.section	.debug_loc,"",%progbits
.Ldebug_loc0:
	.long	-1
	.long	.Lfunc_begin0                   @   base address
	.long	.Lfunc_begin0-.Lfunc_begin0
	.long	.Ltmp3-.Lfunc_begin0
	.short	1                               @ Loc expr size
	.byte	80                              @ DW_OP_reg0
	.long	.Ltmp3-.Lfunc_begin0
	.long	.Lfunc_end0-.Lfunc_begin0
	.short	1                               @ Loc expr size
	.byte	92                              @ DW_OP_reg12
	.long	0
	.long	0
.Ldebug_loc1:
	.long	-1
	.long	.Lfunc_begin0                   @   base address
	.long	.Lfunc_begin0-.Lfunc_begin0
	.long	.Ltmp12-.Lfunc_begin0
	.short	1                               @ Loc expr size
	.byte	81                              @ DW_OP_reg1
	.long	.Ltmp12-.Lfunc_begin0
	.long	.Lfunc_end0-.Lfunc_begin0
	.short	3                               @ Loc expr size
	.byte	163                             @ DW_OP_entry_value
	.byte	1                               @ 1
	.byte	81                              @ DW_OP_reg1
	.long	0
	.long	0
.Ldebug_loc2:
	.long	-1
	.long	.Lfunc_begin0                   @   base address
	.long	.Lfunc_begin0-.Lfunc_begin0
	.long	.Ltmp1-.Lfunc_begin0
	.short	1                               @ Loc expr size
	.byte	82                              @ DW_OP_reg2
	.long	.Ltmp1-.Lfunc_begin0
	.long	.Lfunc_end0-.Lfunc_begin0
	.short	3                               @ Loc expr size
	.byte	163                             @ DW_OP_entry_value
	.byte	1                               @ 1
	.byte	82                              @ DW_OP_reg2
	.long	0
	.long	0
.Ldebug_loc3:
	.long	-1
	.long	.Lfunc_begin0                   @   base address
	.long	.Ltmp1-.Lfunc_begin0
	.long	.Ltmp2-.Lfunc_begin0
	.short	1                               @ Loc expr size
	.byte	82                              @ DW_OP_reg2
	.long	.Ltmp2-.Lfunc_begin0
	.long	.Ltmp4-.Lfunc_begin0
	.short	1                               @ Loc expr size
	.byte	94                              @ DW_OP_reg14
	.long	.Ltmp4-.Lfunc_begin0
	.long	.Lfunc_end0-.Lfunc_begin0
	.short	1                               @ Loc expr size
	.byte	80                              @ DW_OP_reg0
	.long	0
	.long	0
.Ldebug_loc4:
	.long	-1
	.long	.Lfunc_begin0                   @   base address
	.long	.Ltmp4-.Lfunc_begin0
	.long	.Lfunc_end0-.Lfunc_begin0
	.short	1                               @ Loc expr size
	.byte	80                              @ DW_OP_reg0
	.long	0
	.long	0
.Ldebug_loc5:
	.long	-1
	.long	.Lfunc_begin0                   @   base address
	.long	.Ltmp5-.Lfunc_begin0
	.long	.Ltmp6-.Lfunc_begin0
	.short	1                               @ Loc expr size
	.byte	48                              @ DW_OP_lit0
	.long	0
	.long	0
.Ldebug_loc6:
	.long	-1
	.long	.Lfunc_begin2                   @   base address
	.long	.Lfunc_begin2-.Lfunc_begin2
	.long	.Ltmp16-.Lfunc_begin2
	.short	1                               @ Loc expr size
	.byte	80                              @ DW_OP_reg0
	.long	.Ltmp16-.Lfunc_begin2
	.long	.Ltmp22-.Lfunc_begin2
	.short	1                               @ Loc expr size
	.byte	84                              @ DW_OP_reg4
	.long	0
	.long	0
.Ldebug_loc7:
	.long	-1
	.long	.Lfunc_begin2                   @   base address
	.long	.Ltmp19-.Lfunc_begin2
	.long	.Ltmp20-.Lfunc_begin2
	.short	1                               @ Loc expr size
	.byte	80                              @ DW_OP_reg0
	.long	0
	.long	0
.Ldebug_loc8:
	.long	-1
	.long	.Lfunc_begin2                   @   base address
	.long	.Ltmp20-.Lfunc_begin2
	.long	.Ltmp22-.Lfunc_begin2
	.short	1                               @ Loc expr size
	.byte	80                              @ DW_OP_reg0
	.long	0
	.long	0
	.section	.debug_abbrev,"",%progbits
	.byte	1                               @ Abbreviation Code
	.byte	17                              @ DW_TAG_compile_unit
	.byte	1                               @ DW_CHILDREN_yes
	.byte	37                              @ DW_AT_producer
	.byte	14                              @ DW_FORM_strp
	.byte	19                              @ DW_AT_language
	.byte	5                               @ DW_FORM_data2
	.byte	3                               @ DW_AT_name
	.byte	14                              @ DW_FORM_strp
	.byte	16                              @ DW_AT_stmt_list
	.byte	6                               @ DW_FORM_data4
	.byte	27                              @ DW_AT_comp_dir
	.byte	14                              @ DW_FORM_strp
	.byte	17                              @ DW_AT_low_pc
	.byte	1                               @ DW_FORM_addr
	.byte	85                              @ DW_AT_ranges
	.byte	6                               @ DW_FORM_data4
	.byte	0                               @ EOM(1)
	.byte	0                               @ EOM(2)
	.byte	2                               @ Abbreviation Code
	.byte	52                              @ DW_TAG_variable
	.byte	0                               @ DW_CHILDREN_no
	.byte	3                               @ DW_AT_name
	.byte	14                              @ DW_FORM_strp
	.byte	73                              @ DW_AT_type
	.byte	19                              @ DW_FORM_ref4
	.byte	63                              @ DW_AT_external
	.byte	12                              @ DW_FORM_flag
	.byte	58                              @ DW_AT_decl_file
	.byte	11                              @ DW_FORM_data1
	.byte	59                              @ DW_AT_decl_line
	.byte	11                              @ DW_FORM_data1
	.byte	2                               @ DW_AT_location
	.byte	10                              @ DW_FORM_block1
	.byte	0                               @ EOM(1)
	.byte	0                               @ EOM(2)
	.byte	3                               @ Abbreviation Code
	.byte	22                              @ DW_TAG_typedef
	.byte	0                               @ DW_CHILDREN_no
	.byte	73                              @ DW_AT_type
	.byte	19                              @ DW_FORM_ref4
	.byte	3                               @ DW_AT_name
	.byte	14                              @ DW_FORM_strp
	.byte	58                              @ DW_AT_decl_file
	.byte	11                              @ DW_FORM_data1
	.byte	59                              @ DW_AT_decl_line
	.byte	11                              @ DW_FORM_data1
	.byte	0                               @ EOM(1)
	.byte	0                               @ EOM(2)
	.byte	4                               @ Abbreviation Code
	.byte	36                              @ DW_TAG_base_type
	.byte	0                               @ DW_CHILDREN_no
	.byte	3                               @ DW_AT_name
	.byte	14                              @ DW_FORM_strp
	.byte	62                              @ DW_AT_encoding
	.byte	11                              @ DW_FORM_data1
	.byte	11                              @ DW_AT_byte_size
	.byte	11                              @ DW_FORM_data1
	.byte	0                               @ EOM(1)
	.byte	0                               @ EOM(2)
	.byte	5                               @ Abbreviation Code
	.byte	52                              @ DW_TAG_variable
	.byte	0                               @ DW_CHILDREN_no
	.byte	3                               @ DW_AT_name
	.byte	14                              @ DW_FORM_strp
	.byte	73                              @ DW_AT_type
	.byte	19                              @ DW_FORM_ref4
	.byte	58                              @ DW_AT_decl_file
	.byte	11                              @ DW_FORM_data1
	.byte	59                              @ DW_AT_decl_line
	.byte	11                              @ DW_FORM_data1
	.byte	2                               @ DW_AT_location
	.byte	10                              @ DW_FORM_block1
	.byte	0                               @ EOM(1)
	.byte	0                               @ EOM(2)
	.byte	6                               @ Abbreviation Code
	.byte	15                              @ DW_TAG_pointer_type
	.byte	0                               @ DW_CHILDREN_no
	.byte	73                              @ DW_AT_type
	.byte	19                              @ DW_FORM_ref4
	.byte	0                               @ EOM(1)
	.byte	0                               @ EOM(2)
	.byte	7                               @ Abbreviation Code
	.byte	21                              @ DW_TAG_subroutine_type
	.byte	1                               @ DW_CHILDREN_yes
	.byte	73                              @ DW_AT_type
	.byte	19                              @ DW_FORM_ref4
	.byte	39                              @ DW_AT_prototyped
	.byte	12                              @ DW_FORM_flag
	.byte	0                               @ EOM(1)
	.byte	0                               @ EOM(2)
	.byte	8                               @ Abbreviation Code
	.byte	5                               @ DW_TAG_formal_parameter
	.byte	0                               @ DW_CHILDREN_no
	.byte	73                              @ DW_AT_type
	.byte	19                              @ DW_FORM_ref4
	.byte	0                               @ EOM(1)
	.byte	0                               @ EOM(2)
	.byte	9                               @ Abbreviation Code
	.byte	15                              @ DW_TAG_pointer_type
	.byte	0                               @ DW_CHILDREN_no
	.byte	0                               @ EOM(1)
	.byte	0                               @ EOM(2)
	.byte	10                              @ Abbreviation Code
	.byte	19                              @ DW_TAG_structure_type
	.byte	1                               @ DW_CHILDREN_yes
	.byte	3                               @ DW_AT_name
	.byte	14                              @ DW_FORM_strp
	.byte	11                              @ DW_AT_byte_size
	.byte	11                              @ DW_FORM_data1
	.byte	58                              @ DW_AT_decl_file
	.byte	11                              @ DW_FORM_data1
	.byte	59                              @ DW_AT_decl_line
	.byte	11                              @ DW_FORM_data1
	.byte	0                               @ EOM(1)
	.byte	0                               @ EOM(2)
	.byte	11                              @ Abbreviation Code
	.byte	13                              @ DW_TAG_member
	.byte	0                               @ DW_CHILDREN_no
	.byte	3                               @ DW_AT_name
	.byte	14                              @ DW_FORM_strp
	.byte	73                              @ DW_AT_type
	.byte	19                              @ DW_FORM_ref4
	.byte	58                              @ DW_AT_decl_file
	.byte	11                              @ DW_FORM_data1
	.byte	59                              @ DW_AT_decl_line
	.byte	11                              @ DW_FORM_data1
	.byte	56                              @ DW_AT_data_member_location
	.byte	11                              @ DW_FORM_data1
	.byte	0                               @ EOM(1)
	.byte	0                               @ EOM(2)
	.byte	12                              @ Abbreviation Code
	.byte	53                              @ DW_TAG_volatile_type
	.byte	0                               @ DW_CHILDREN_no
	.byte	73                              @ DW_AT_type
	.byte	19                              @ DW_FORM_ref4
	.byte	0                               @ EOM(1)
	.byte	0                               @ EOM(2)
	.byte	13                              @ Abbreviation Code
	.byte	38                              @ DW_TAG_const_type
	.byte	0                               @ DW_CHILDREN_no
	.byte	73                              @ DW_AT_type
	.byte	19                              @ DW_FORM_ref4
	.byte	0                               @ EOM(1)
	.byte	0                               @ EOM(2)
	.byte	14                              @ Abbreviation Code
	.byte	46                              @ DW_TAG_subprogram
	.byte	1                               @ DW_CHILDREN_yes
	.byte	17                              @ DW_AT_low_pc
	.byte	1                               @ DW_FORM_addr
	.byte	18                              @ DW_AT_high_pc
	.byte	1                               @ DW_FORM_addr
	.byte	64                              @ DW_AT_frame_base
	.byte	10                              @ DW_FORM_block1
	.byte	3                               @ DW_AT_name
	.byte	14                              @ DW_FORM_strp
	.byte	58                              @ DW_AT_decl_file
	.byte	11                              @ DW_FORM_data1
	.byte	59                              @ DW_AT_decl_line
	.byte	11                              @ DW_FORM_data1
	.byte	39                              @ DW_AT_prototyped
	.byte	12                              @ DW_FORM_flag
	.byte	73                              @ DW_AT_type
	.byte	19                              @ DW_FORM_ref4
	.byte	63                              @ DW_AT_external
	.byte	12                              @ DW_FORM_flag
	.byte	0                               @ EOM(1)
	.byte	0                               @ EOM(2)
	.byte	15                              @ Abbreviation Code
	.byte	5                               @ DW_TAG_formal_parameter
	.byte	0                               @ DW_CHILDREN_no
	.byte	2                               @ DW_AT_location
	.byte	6                               @ DW_FORM_data4
	.byte	3                               @ DW_AT_name
	.byte	14                              @ DW_FORM_strp
	.byte	58                              @ DW_AT_decl_file
	.byte	11                              @ DW_FORM_data1
	.byte	59                              @ DW_AT_decl_line
	.byte	11                              @ DW_FORM_data1
	.byte	73                              @ DW_AT_type
	.byte	19                              @ DW_FORM_ref4
	.byte	0                               @ EOM(1)
	.byte	0                               @ EOM(2)
	.byte	16                              @ Abbreviation Code
	.byte	5                               @ DW_TAG_formal_parameter
	.byte	0                               @ DW_CHILDREN_no
	.byte	2                               @ DW_AT_location
	.byte	10                              @ DW_FORM_block1
	.byte	3                               @ DW_AT_name
	.byte	14                              @ DW_FORM_strp
	.byte	58                              @ DW_AT_decl_file
	.byte	11                              @ DW_FORM_data1
	.byte	59                              @ DW_AT_decl_line
	.byte	11                              @ DW_FORM_data1
	.byte	73                              @ DW_AT_type
	.byte	19                              @ DW_FORM_ref4
	.byte	0                               @ EOM(1)
	.byte	0                               @ EOM(2)
	.byte	17                              @ Abbreviation Code
	.byte	52                              @ DW_TAG_variable
	.byte	0                               @ DW_CHILDREN_no
	.byte	2                               @ DW_AT_location
	.byte	6                               @ DW_FORM_data4
	.byte	3                               @ DW_AT_name
	.byte	14                              @ DW_FORM_strp
	.byte	58                              @ DW_AT_decl_file
	.byte	11                              @ DW_FORM_data1
	.byte	59                              @ DW_AT_decl_line
	.byte	11                              @ DW_FORM_data1
	.byte	73                              @ DW_AT_type
	.byte	19                              @ DW_FORM_ref4
	.byte	0                               @ EOM(1)
	.byte	0                               @ EOM(2)
	.byte	18                              @ Abbreviation Code
	.byte	46                              @ DW_TAG_subprogram
	.byte	1                               @ DW_CHILDREN_yes
	.byte	17                              @ DW_AT_low_pc
	.byte	1                               @ DW_FORM_addr
	.byte	18                              @ DW_AT_high_pc
	.byte	1                               @ DW_FORM_addr
	.byte	64                              @ DW_AT_frame_base
	.byte	10                              @ DW_FORM_block1
	.byte	3                               @ DW_AT_name
	.byte	14                              @ DW_FORM_strp
	.byte	58                              @ DW_AT_decl_file
	.byte	11                              @ DW_FORM_data1
	.byte	59                              @ DW_AT_decl_line
	.byte	11                              @ DW_FORM_data1
	.byte	39                              @ DW_AT_prototyped
	.byte	12                              @ DW_FORM_flag
	.byte	63                              @ DW_AT_external
	.byte	12                              @ DW_FORM_flag
	.byte	0                               @ EOM(1)
	.byte	0                               @ EOM(2)
	.byte	19                              @ Abbreviation Code
	.byte	46                              @ DW_TAG_subprogram
	.byte	1                               @ DW_CHILDREN_yes
	.byte	17                              @ DW_AT_low_pc
	.byte	1                               @ DW_FORM_addr
	.byte	18                              @ DW_AT_high_pc
	.byte	1                               @ DW_FORM_addr
	.byte	64                              @ DW_AT_frame_base
	.byte	10                              @ DW_FORM_block1
	.byte	3                               @ DW_AT_name
	.byte	14                              @ DW_FORM_strp
	.byte	58                              @ DW_AT_decl_file
	.byte	11                              @ DW_FORM_data1
	.byte	59                              @ DW_AT_decl_line
	.byte	5                               @ DW_FORM_data2
	.byte	39                              @ DW_AT_prototyped
	.byte	12                              @ DW_FORM_flag
	.byte	63                              @ DW_AT_external
	.byte	12                              @ DW_FORM_flag
	.byte	0                               @ EOM(1)
	.byte	0                               @ EOM(2)
	.byte	20                              @ Abbreviation Code
	.byte	5                               @ DW_TAG_formal_parameter
	.byte	0                               @ DW_CHILDREN_no
	.byte	2                               @ DW_AT_location
	.byte	6                               @ DW_FORM_data4
	.byte	3                               @ DW_AT_name
	.byte	14                              @ DW_FORM_strp
	.byte	58                              @ DW_AT_decl_file
	.byte	11                              @ DW_FORM_data1
	.byte	59                              @ DW_AT_decl_line
	.byte	5                               @ DW_FORM_data2
	.byte	73                              @ DW_AT_type
	.byte	19                              @ DW_FORM_ref4
	.byte	0                               @ EOM(1)
	.byte	0                               @ EOM(2)
	.byte	21                              @ Abbreviation Code
	.byte	52                              @ DW_TAG_variable
	.byte	0                               @ DW_CHILDREN_no
	.byte	3                               @ DW_AT_name
	.byte	14                              @ DW_FORM_strp
	.byte	58                              @ DW_AT_decl_file
	.byte	11                              @ DW_FORM_data1
	.byte	59                              @ DW_AT_decl_line
	.byte	5                               @ DW_FORM_data2
	.byte	73                              @ DW_AT_type
	.byte	19                              @ DW_FORM_ref4
	.byte	0                               @ EOM(1)
	.byte	0                               @ EOM(2)
	.byte	22                              @ Abbreviation Code
	.byte	52                              @ DW_TAG_variable
	.byte	0                               @ DW_CHILDREN_no
	.byte	2                               @ DW_AT_location
	.byte	6                               @ DW_FORM_data4
	.byte	3                               @ DW_AT_name
	.byte	14                              @ DW_FORM_strp
	.byte	58                              @ DW_AT_decl_file
	.byte	11                              @ DW_FORM_data1
	.byte	59                              @ DW_AT_decl_line
	.byte	5                               @ DW_FORM_data2
	.byte	73                              @ DW_AT_type
	.byte	19                              @ DW_FORM_ref4
	.byte	0                               @ EOM(1)
	.byte	0                               @ EOM(2)
	.byte	23                              @ Abbreviation Code
	.byte	11                              @ DW_TAG_lexical_block
	.byte	1                               @ DW_CHILDREN_yes
	.byte	17                              @ DW_AT_low_pc
	.byte	1                               @ DW_FORM_addr
	.byte	18                              @ DW_AT_high_pc
	.byte	1                               @ DW_FORM_addr
	.byte	0                               @ EOM(1)
	.byte	0                               @ EOM(2)
	.byte	24                              @ Abbreviation Code
	.byte	46                              @ DW_TAG_subprogram
	.byte	0                               @ DW_CHILDREN_no
	.byte	17                              @ DW_AT_low_pc
	.byte	1                               @ DW_FORM_addr
	.byte	18                              @ DW_AT_high_pc
	.byte	1                               @ DW_FORM_addr
	.byte	64                              @ DW_AT_frame_base
	.byte	10                              @ DW_FORM_block1
	.byte	3                               @ DW_AT_name
	.byte	14                              @ DW_FORM_strp
	.byte	58                              @ DW_AT_decl_file
	.byte	11                              @ DW_FORM_data1
	.byte	59                              @ DW_AT_decl_line
	.byte	5                               @ DW_FORM_data2
	.byte	39                              @ DW_AT_prototyped
	.byte	12                              @ DW_FORM_flag
	.byte	0                               @ EOM(1)
	.byte	0                               @ EOM(2)
	.byte	25                              @ Abbreviation Code
	.byte	46                              @ DW_TAG_subprogram
	.byte	0                               @ DW_CHILDREN_no
	.byte	17                              @ DW_AT_low_pc
	.byte	1                               @ DW_FORM_addr
	.byte	18                              @ DW_AT_high_pc
	.byte	1                               @ DW_FORM_addr
	.byte	64                              @ DW_AT_frame_base
	.byte	10                              @ DW_FORM_block1
	.byte	3                               @ DW_AT_name
	.byte	14                              @ DW_FORM_strp
	.byte	58                              @ DW_AT_decl_file
	.byte	11                              @ DW_FORM_data1
	.byte	59                              @ DW_AT_decl_line
	.byte	5                               @ DW_FORM_data2
	.byte	39                              @ DW_AT_prototyped
	.byte	12                              @ DW_FORM_flag
	.byte	63                              @ DW_AT_external
	.byte	12                              @ DW_FORM_flag
	.byte	0                               @ EOM(1)
	.byte	0                               @ EOM(2)
	.byte	26                              @ Abbreviation Code
	.byte	46                              @ DW_TAG_subprogram
	.byte	1                               @ DW_CHILDREN_yes
	.byte	17                              @ DW_AT_low_pc
	.byte	1                               @ DW_FORM_addr
	.byte	18                              @ DW_AT_high_pc
	.byte	1                               @ DW_FORM_addr
	.byte	64                              @ DW_AT_frame_base
	.byte	10                              @ DW_FORM_block1
	.byte	3                               @ DW_AT_name
	.byte	14                              @ DW_FORM_strp
	.byte	58                              @ DW_AT_decl_file
	.byte	11                              @ DW_FORM_data1
	.byte	59                              @ DW_AT_decl_line
	.byte	5                               @ DW_FORM_data2
	.byte	39                              @ DW_AT_prototyped
	.byte	12                              @ DW_FORM_flag
	.byte	73                              @ DW_AT_type
	.byte	19                              @ DW_FORM_ref4
	.byte	63                              @ DW_AT_external
	.byte	12                              @ DW_FORM_flag
	.byte	0                               @ EOM(1)
	.byte	0                               @ EOM(2)
	.byte	27                              @ Abbreviation Code
	.byte	5                               @ DW_TAG_formal_parameter
	.byte	0                               @ DW_CHILDREN_no
	.byte	2                               @ DW_AT_location
	.byte	10                              @ DW_FORM_block1
	.byte	3                               @ DW_AT_name
	.byte	14                              @ DW_FORM_strp
	.byte	58                              @ DW_AT_decl_file
	.byte	11                              @ DW_FORM_data1
	.byte	59                              @ DW_AT_decl_line
	.byte	5                               @ DW_FORM_data2
	.byte	73                              @ DW_AT_type
	.byte	19                              @ DW_FORM_ref4
	.byte	0                               @ EOM(1)
	.byte	0                               @ EOM(2)
	.byte	28                              @ Abbreviation Code
	.byte	46                              @ DW_TAG_subprogram
	.byte	0                               @ DW_CHILDREN_no
	.byte	17                              @ DW_AT_low_pc
	.byte	1                               @ DW_FORM_addr
	.byte	18                              @ DW_AT_high_pc
	.byte	1                               @ DW_FORM_addr
	.byte	64                              @ DW_AT_frame_base
	.byte	10                              @ DW_FORM_block1
	.byte	3                               @ DW_AT_name
	.byte	14                              @ DW_FORM_strp
	.byte	58                              @ DW_AT_decl_file
	.byte	11                              @ DW_FORM_data1
	.byte	59                              @ DW_AT_decl_line
	.byte	11                              @ DW_FORM_data1
	.byte	39                              @ DW_AT_prototyped
	.byte	12                              @ DW_FORM_flag
	.byte	0                               @ EOM(1)
	.byte	0                               @ EOM(2)
	.byte	29                              @ Abbreviation Code
	.byte	19                              @ DW_TAG_structure_type
	.byte	1                               @ DW_CHILDREN_yes
	.byte	3                               @ DW_AT_name
	.byte	14                              @ DW_FORM_strp
	.byte	11                              @ DW_AT_byte_size
	.byte	11                              @ DW_FORM_data1
	.byte	58                              @ DW_AT_decl_file
	.byte	11                              @ DW_FORM_data1
	.byte	59                              @ DW_AT_decl_line
	.byte	5                               @ DW_FORM_data2
	.byte	0                               @ EOM(1)
	.byte	0                               @ EOM(2)
	.byte	30                              @ Abbreviation Code
	.byte	13                              @ DW_TAG_member
	.byte	0                               @ DW_CHILDREN_no
	.byte	3                               @ DW_AT_name
	.byte	14                              @ DW_FORM_strp
	.byte	73                              @ DW_AT_type
	.byte	19                              @ DW_FORM_ref4
	.byte	58                              @ DW_AT_decl_file
	.byte	11                              @ DW_FORM_data1
	.byte	59                              @ DW_AT_decl_line
	.byte	5                               @ DW_FORM_data2
	.byte	56                              @ DW_AT_data_member_location
	.byte	11                              @ DW_FORM_data1
	.byte	0                               @ EOM(1)
	.byte	0                               @ EOM(2)
	.byte	0                               @ EOM(3)
	.section	.debug_info,"",%progbits
.Lcu_begin0:
	.long	.Ldebug_info_end0-.Ldebug_info_start0 @ Length of Unit
.Ldebug_info_start0:
	.short	3                               @ DWARF version number
	.long	.debug_abbrev                   @ Offset Into Abbrev. Section
	.byte	4                               @ Address Size (in bytes)
	.byte	1                               @ Abbrev [1] 0xb:0x3bd DW_TAG_compile_unit
	.long	.Linfo_string0                  @ DW_AT_producer
	.short	12                              @ DW_AT_language
	.long	.Linfo_string1                  @ DW_AT_name
	.long	.Lline_table_start0             @ DW_AT_stmt_list
	.long	.Linfo_string2                  @ DW_AT_comp_dir
	.long	0                               @ DW_AT_low_pc
	.long	.Ldebug_ranges0                 @ DW_AT_ranges
	.byte	2                               @ Abbrev [2] 0x26:0x12 DW_TAG_variable
	.long	.Linfo_string3                  @ DW_AT_name
	.long	56                              @ DW_AT_type
	.byte	1                               @ DW_AT_external
	.byte	2                               @ DW_AT_decl_file
	.byte	32                              @ DW_AT_decl_line
	.byte	5                               @ DW_AT_location
	.byte	3
	.long	rt_interrupt_from_thread
	.byte	3                               @ Abbrev [3] 0x38:0xb DW_TAG_typedef
	.long	67                              @ DW_AT_type
	.long	.Linfo_string5                  @ DW_AT_name
	.byte	1                               @ DW_AT_decl_file
	.byte	69                              @ DW_AT_decl_line
	.byte	4                               @ Abbrev [4] 0x43:0x7 DW_TAG_base_type
	.long	.Linfo_string4                  @ DW_AT_name
	.byte	7                               @ DW_AT_encoding
	.byte	4                               @ DW_AT_byte_size
	.byte	2                               @ Abbrev [2] 0x4a:0x12 DW_TAG_variable
	.long	.Linfo_string6                  @ DW_AT_name
	.long	56                              @ DW_AT_type
	.byte	1                               @ DW_AT_external
	.byte	2                               @ DW_AT_decl_file
	.byte	33                              @ DW_AT_decl_line
	.byte	5                               @ DW_AT_location
	.byte	3
	.long	rt_interrupt_to_thread
	.byte	2                               @ Abbrev [2] 0x5c:0x12 DW_TAG_variable
	.long	.Linfo_string7                  @ DW_AT_name
	.long	56                              @ DW_AT_type
	.byte	1                               @ DW_AT_external
	.byte	2                               @ DW_AT_decl_file
	.byte	34                              @ DW_AT_decl_line
	.byte	5                               @ DW_AT_location
	.byte	3
	.long	rt_thread_switch_interrupt_flag
	.byte	5                               @ Abbrev [5] 0x6e:0x11 DW_TAG_variable
	.long	.Linfo_string8                  @ DW_AT_name
	.long	127                             @ DW_AT_type
	.byte	2                               @ DW_AT_decl_file
	.byte	36                              @ DW_AT_decl_line
	.byte	5                               @ DW_AT_location
	.byte	3
	.long	rt_exception_hook
	.byte	6                               @ Abbrev [6] 0x7f:0x5 DW_TAG_pointer_type
	.long	132                             @ DW_AT_type
	.byte	7                               @ Abbrev [7] 0x84:0xc DW_TAG_subroutine_type
	.long	144                             @ DW_AT_type
	.byte	1                               @ DW_AT_prototyped
	.byte	8                               @ Abbrev [8] 0x8a:0x5 DW_TAG_formal_parameter
	.long	173                             @ DW_AT_type
	.byte	0                               @ End Of Children Mark
	.byte	3                               @ Abbrev [3] 0x90:0xb DW_TAG_typedef
	.long	155                             @ DW_AT_type
	.long	.Linfo_string11                 @ DW_AT_name
	.byte	1                               @ DW_AT_decl_file
	.byte	84                              @ DW_AT_decl_line
	.byte	3                               @ Abbrev [3] 0x9b:0xb DW_TAG_typedef
	.long	166                             @ DW_AT_type
	.long	.Linfo_string10                 @ DW_AT_name
	.byte	1                               @ DW_AT_decl_file
	.byte	81                              @ DW_AT_decl_line
	.byte	4                               @ Abbrev [4] 0xa6:0x7 DW_TAG_base_type
	.long	.Linfo_string9                  @ DW_AT_name
	.byte	5                               @ DW_AT_encoding
	.byte	4                               @ DW_AT_byte_size
	.byte	9                               @ Abbrev [9] 0xad:0x1 DW_TAG_pointer_type
	.byte	6                               @ Abbrev [6] 0xae:0x5 DW_TAG_pointer_type
	.long	179                             @ DW_AT_type
	.byte	3                               @ Abbrev [3] 0xb3:0xb DW_TAG_typedef
	.long	190                             @ DW_AT_type
	.long	.Linfo_string13                 @ DW_AT_name
	.byte	1                               @ DW_AT_decl_file
	.byte	67                              @ DW_AT_decl_line
	.byte	4                               @ Abbrev [4] 0xbe:0x7 DW_TAG_base_type
	.long	.Linfo_string12                 @ DW_AT_name
	.byte	8                               @ DW_AT_encoding
	.byte	1                               @ DW_AT_byte_size
	.byte	6                               @ Abbrev [6] 0xc5:0x5 DW_TAG_pointer_type
	.long	202                             @ DW_AT_type
	.byte	10                              @ Abbrev [10] 0xca:0x81 DW_TAG_structure_type
	.long	.Linfo_string32                 @ DW_AT_name
	.byte	68                              @ DW_AT_byte_size
	.byte	2                               @ DW_AT_decl_file
	.byte	50                              @ DW_AT_decl_line
	.byte	11                              @ Abbrev [11] 0xd2:0xc DW_TAG_member
	.long	.Linfo_string14                 @ DW_AT_name
	.long	56                              @ DW_AT_type
	.byte	2                               @ DW_AT_decl_file
	.byte	53                              @ DW_AT_decl_line
	.byte	0                               @ DW_AT_data_member_location
	.byte	11                              @ Abbrev [11] 0xde:0xc DW_TAG_member
	.long	.Linfo_string15                 @ DW_AT_name
	.long	56                              @ DW_AT_type
	.byte	2                               @ DW_AT_decl_file
	.byte	57                              @ DW_AT_decl_line
	.byte	4                               @ DW_AT_data_member_location
	.byte	11                              @ Abbrev [11] 0xea:0xc DW_TAG_member
	.long	.Linfo_string16                 @ DW_AT_name
	.long	56                              @ DW_AT_type
	.byte	2                               @ DW_AT_decl_file
	.byte	58                              @ DW_AT_decl_line
	.byte	8                               @ DW_AT_data_member_location
	.byte	11                              @ Abbrev [11] 0xf6:0xc DW_TAG_member
	.long	.Linfo_string17                 @ DW_AT_name
	.long	56                              @ DW_AT_type
	.byte	2                               @ DW_AT_decl_file
	.byte	59                              @ DW_AT_decl_line
	.byte	12                              @ DW_AT_data_member_location
	.byte	11                              @ Abbrev [11] 0x102:0xc DW_TAG_member
	.long	.Linfo_string18                 @ DW_AT_name
	.long	56                              @ DW_AT_type
	.byte	2                               @ DW_AT_decl_file
	.byte	60                              @ DW_AT_decl_line
	.byte	16                              @ DW_AT_data_member_location
	.byte	11                              @ Abbrev [11] 0x10e:0xc DW_TAG_member
	.long	.Linfo_string19                 @ DW_AT_name
	.long	56                              @ DW_AT_type
	.byte	2                               @ DW_AT_decl_file
	.byte	61                              @ DW_AT_decl_line
	.byte	20                              @ DW_AT_data_member_location
	.byte	11                              @ Abbrev [11] 0x11a:0xc DW_TAG_member
	.long	.Linfo_string20                 @ DW_AT_name
	.long	56                              @ DW_AT_type
	.byte	2                               @ DW_AT_decl_file
	.byte	62                              @ DW_AT_decl_line
	.byte	24                              @ DW_AT_data_member_location
	.byte	11                              @ Abbrev [11] 0x126:0xc DW_TAG_member
	.long	.Linfo_string21                 @ DW_AT_name
	.long	56                              @ DW_AT_type
	.byte	2                               @ DW_AT_decl_file
	.byte	63                              @ DW_AT_decl_line
	.byte	28                              @ DW_AT_data_member_location
	.byte	11                              @ Abbrev [11] 0x132:0xc DW_TAG_member
	.long	.Linfo_string22                 @ DW_AT_name
	.long	56                              @ DW_AT_type
	.byte	2                               @ DW_AT_decl_file
	.byte	64                              @ DW_AT_decl_line
	.byte	32                              @ DW_AT_data_member_location
	.byte	11                              @ Abbrev [11] 0x13e:0xc DW_TAG_member
	.long	.Linfo_string23                 @ DW_AT_name
	.long	331                             @ DW_AT_type
	.byte	2                               @ DW_AT_decl_file
	.byte	66                              @ DW_AT_decl_line
	.byte	36                              @ DW_AT_data_member_location
	.byte	0                               @ End Of Children Mark
	.byte	10                              @ Abbrev [10] 0x14b:0x69 DW_TAG_structure_type
	.long	.Linfo_string23                 @ DW_AT_name
	.byte	32                              @ DW_AT_byte_size
	.byte	2                               @ DW_AT_decl_file
	.byte	38                              @ DW_AT_decl_line
	.byte	11                              @ Abbrev [11] 0x153:0xc DW_TAG_member
	.long	.Linfo_string24                 @ DW_AT_name
	.long	56                              @ DW_AT_type
	.byte	2                               @ DW_AT_decl_file
	.byte	40                              @ DW_AT_decl_line
	.byte	0                               @ DW_AT_data_member_location
	.byte	11                              @ Abbrev [11] 0x15f:0xc DW_TAG_member
	.long	.Linfo_string25                 @ DW_AT_name
	.long	56                              @ DW_AT_type
	.byte	2                               @ DW_AT_decl_file
	.byte	41                              @ DW_AT_decl_line
	.byte	4                               @ DW_AT_data_member_location
	.byte	11                              @ Abbrev [11] 0x16b:0xc DW_TAG_member
	.long	.Linfo_string26                 @ DW_AT_name
	.long	56                              @ DW_AT_type
	.byte	2                               @ DW_AT_decl_file
	.byte	42                              @ DW_AT_decl_line
	.byte	8                               @ DW_AT_data_member_location
	.byte	11                              @ Abbrev [11] 0x177:0xc DW_TAG_member
	.long	.Linfo_string27                 @ DW_AT_name
	.long	56                              @ DW_AT_type
	.byte	2                               @ DW_AT_decl_file
	.byte	43                              @ DW_AT_decl_line
	.byte	12                              @ DW_AT_data_member_location
	.byte	11                              @ Abbrev [11] 0x183:0xc DW_TAG_member
	.long	.Linfo_string28                 @ DW_AT_name
	.long	56                              @ DW_AT_type
	.byte	2                               @ DW_AT_decl_file
	.byte	44                              @ DW_AT_decl_line
	.byte	16                              @ DW_AT_data_member_location
	.byte	11                              @ Abbrev [11] 0x18f:0xc DW_TAG_member
	.long	.Linfo_string29                 @ DW_AT_name
	.long	56                              @ DW_AT_type
	.byte	2                               @ DW_AT_decl_file
	.byte	45                              @ DW_AT_decl_line
	.byte	20                              @ DW_AT_data_member_location
	.byte	11                              @ Abbrev [11] 0x19b:0xc DW_TAG_member
	.long	.Linfo_string30                 @ DW_AT_name
	.long	56                              @ DW_AT_type
	.byte	2                               @ DW_AT_decl_file
	.byte	46                              @ DW_AT_decl_line
	.byte	24                              @ DW_AT_data_member_location
	.byte	11                              @ Abbrev [11] 0x1a7:0xc DW_TAG_member
	.long	.Linfo_string31                 @ DW_AT_name
	.long	56                              @ DW_AT_type
	.byte	2                               @ DW_AT_decl_file
	.byte	47                              @ DW_AT_decl_line
	.byte	28                              @ DW_AT_data_member_location
	.byte	0                               @ End Of Children Mark
	.byte	6                               @ Abbrev [6] 0x1b4:0x5 DW_TAG_pointer_type
	.long	56                              @ DW_AT_type
	.byte	4                               @ Abbrev [4] 0x1b9:0x7 DW_TAG_base_type
	.long	.Linfo_string33                 @ DW_AT_name
	.byte	7                               @ DW_AT_encoding
	.byte	4                               @ DW_AT_byte_size
	.byte	6                               @ Abbrev [6] 0x1c0:0x5 DW_TAG_pointer_type
	.long	453                             @ DW_AT_type
	.byte	12                              @ Abbrev [12] 0x1c5:0x5 DW_TAG_volatile_type
	.long	441                             @ DW_AT_type
	.byte	6                               @ Abbrev [6] 0x1ca:0x5 DW_TAG_pointer_type
	.long	463                             @ DW_AT_type
	.byte	13                              @ Abbrev [13] 0x1cf:0x5 DW_TAG_const_type
	.long	468                             @ DW_AT_type
	.byte	12                              @ Abbrev [12] 0x1d4:0x5 DW_TAG_volatile_type
	.long	67                              @ DW_AT_type
	.byte	6                               @ Abbrev [6] 0x1d9:0x5 DW_TAG_pointer_type
	.long	478                             @ DW_AT_type
	.byte	13                              @ Abbrev [13] 0x1de:0x5 DW_TAG_const_type
	.long	483                             @ DW_AT_type
	.byte	12                              @ Abbrev [12] 0x1e3:0x5 DW_TAG_volatile_type
	.long	190                             @ DW_AT_type
	.byte	6                               @ Abbrev [6] 0x1e8:0x5 DW_TAG_pointer_type
	.long	493                             @ DW_AT_type
	.byte	13                              @ Abbrev [13] 0x1ed:0x5 DW_TAG_const_type
	.long	498                             @ DW_AT_type
	.byte	12                              @ Abbrev [12] 0x1f2:0x5 DW_TAG_volatile_type
	.long	503                             @ DW_AT_type
	.byte	4                               @ Abbrev [4] 0x1f7:0x7 DW_TAG_base_type
	.long	.Linfo_string34                 @ DW_AT_name
	.byte	7                               @ DW_AT_encoding
	.byte	2                               @ DW_AT_byte_size
	.byte	14                              @ Abbrev [14] 0x1fe:0x7f DW_TAG_subprogram
	.long	.Lfunc_begin0                   @ DW_AT_low_pc
	.long	.Lfunc_end0                     @ DW_AT_high_pc
	.byte	1                               @ DW_AT_frame_base
	.byte	93
	.long	.Linfo_string35                 @ DW_AT_name
	.byte	2                               @ DW_AT_decl_file
	.byte	140                             @ DW_AT_decl_line
	.byte	1                               @ DW_AT_prototyped
	.long	174                             @ DW_AT_type
	.byte	1                               @ DW_AT_external
	.byte	15                              @ Abbrev [15] 0x215:0xf DW_TAG_formal_parameter
	.long	.Ldebug_loc0                    @ DW_AT_location
	.long	.Linfo_string46                 @ DW_AT_name
	.byte	2                               @ DW_AT_decl_file
	.byte	140                             @ DW_AT_decl_line
	.long	173                             @ DW_AT_type
	.byte	15                              @ Abbrev [15] 0x224:0xf DW_TAG_formal_parameter
	.long	.Ldebug_loc1                    @ DW_AT_location
	.long	.Linfo_string47                 @ DW_AT_name
	.byte	2                               @ DW_AT_decl_file
	.byte	141                             @ DW_AT_decl_line
	.long	173                             @ DW_AT_type
	.byte	15                              @ Abbrev [15] 0x233:0xf DW_TAG_formal_parameter
	.long	.Ldebug_loc2                    @ DW_AT_location
	.long	.Linfo_string48                 @ DW_AT_name
	.byte	2                               @ DW_AT_decl_file
	.byte	142                             @ DW_AT_decl_line
	.long	174                             @ DW_AT_type
	.byte	16                              @ Abbrev [16] 0x242:0xd DW_TAG_formal_parameter
	.byte	1                               @ DW_AT_location
	.byte	83
	.long	.Linfo_string49                 @ DW_AT_name
	.byte	2                               @ DW_AT_decl_file
	.byte	143                             @ DW_AT_decl_line
	.long	173                             @ DW_AT_type
	.byte	17                              @ Abbrev [17] 0x24f:0xf DW_TAG_variable
	.long	.Ldebug_loc3                    @ DW_AT_location
	.long	.Linfo_string50                 @ DW_AT_name
	.byte	2                               @ DW_AT_decl_file
	.byte	146                             @ DW_AT_decl_line
	.long	174                             @ DW_AT_type
	.byte	17                              @ Abbrev [17] 0x25e:0xf DW_TAG_variable
	.long	.Ldebug_loc4                    @ DW_AT_location
	.long	.Linfo_string32                 @ DW_AT_name
	.byte	2                               @ DW_AT_decl_file
	.byte	145                             @ DW_AT_decl_line
	.long	197                             @ DW_AT_type
	.byte	17                              @ Abbrev [17] 0x26d:0xf DW_TAG_variable
	.long	.Ldebug_loc5                    @ DW_AT_location
	.long	.Linfo_string51                 @ DW_AT_name
	.byte	2                               @ DW_AT_decl_file
	.byte	147                             @ DW_AT_decl_line
	.long	441                             @ DW_AT_type
	.byte	0                               @ End Of Children Mark
	.byte	18                              @ Abbrev [18] 0x27d:0x21 DW_TAG_subprogram
	.long	.Lfunc_begin1                   @ DW_AT_low_pc
	.long	.Lfunc_end1                     @ DW_AT_high_pc
	.byte	1                               @ DW_AT_frame_base
	.byte	93
	.long	.Linfo_string36                 @ DW_AT_name
	.byte	2                               @ DW_AT_decl_file
	.byte	183                             @ DW_AT_decl_line
	.byte	1                               @ DW_AT_prototyped
	.byte	1                               @ DW_AT_external
	.byte	16                              @ Abbrev [16] 0x290:0xd DW_TAG_formal_parameter
	.byte	1                               @ DW_AT_location
	.byte	80
	.long	.Linfo_string52                 @ DW_AT_name
	.byte	2                               @ DW_AT_decl_file
	.byte	183                             @ DW_AT_decl_line
	.long	127                             @ DW_AT_type
	.byte	0                               @ End Of Children Mark
	.byte	19                              @ Abbrev [19] 0x29e:0x5b DW_TAG_subprogram
	.long	.Lfunc_begin2                   @ DW_AT_low_pc
	.long	.Lfunc_end2                     @ DW_AT_high_pc
	.byte	1                               @ DW_AT_frame_base
	.byte	93
	.long	.Linfo_string37                 @ DW_AT_name
	.byte	2                               @ DW_AT_decl_file
	.short	371                             @ DW_AT_decl_line
	.byte	1                               @ DW_AT_prototyped
	.byte	1                               @ DW_AT_external
	.byte	20                              @ Abbrev [20] 0x2b2:0x10 DW_TAG_formal_parameter
	.long	.Ldebug_loc6                    @ DW_AT_location
	.long	.Linfo_string53                 @ DW_AT_name
	.byte	2                               @ DW_AT_decl_file
	.short	371                             @ DW_AT_decl_line
	.long	921                             @ DW_AT_type
	.byte	21                              @ Abbrev [21] 0x2c2:0xc DW_TAG_variable
	.long	.Linfo_string55                 @ DW_AT_name
	.byte	2                               @ DW_AT_decl_file
	.short	375                             @ DW_AT_decl_line
	.long	197                             @ DW_AT_type
	.byte	22                              @ Abbrev [22] 0x2ce:0x10 DW_TAG_variable
	.long	.Ldebug_loc7                    @ DW_AT_location
	.long	.Linfo_string56                 @ DW_AT_name
	.byte	2                               @ DW_AT_decl_file
	.short	374                             @ DW_AT_decl_line
	.long	962                             @ DW_AT_type
	.byte	23                              @ Abbrev [23] 0x2de:0x1a DW_TAG_lexical_block
	.long	.Ltmp19                         @ DW_AT_low_pc
	.long	.Ltmp21                         @ DW_AT_high_pc
	.byte	22                              @ Abbrev [22] 0x2e7:0x10 DW_TAG_variable
	.long	.Ldebug_loc8                    @ DW_AT_location
	.long	.Linfo_string57                 @ DW_AT_name
	.byte	2                               @ DW_AT_decl_file
	.short	379                             @ DW_AT_decl_line
	.long	144                             @ DW_AT_type
	.byte	0                               @ End Of Children Mark
	.byte	0                               @ End Of Children Mark
	.byte	24                              @ Abbrev [24] 0x2f9:0x13 DW_TAG_subprogram
	.long	.Lfunc_begin3                   @ DW_AT_low_pc
	.long	.Lfunc_end3                     @ DW_AT_high_pc
	.byte	1                               @ DW_AT_frame_base
	.byte	93
	.long	.Linfo_string38                 @ DW_AT_name
	.byte	2                               @ DW_AT_decl_file
	.short	329                             @ DW_AT_decl_line
	.byte	1                               @ DW_AT_prototyped
	.byte	25                              @ Abbrev [25] 0x30c:0x14 DW_TAG_subprogram
	.long	.Lfunc_begin4                   @ DW_AT_low_pc
	.long	.Lfunc_end4                     @ DW_AT_high_pc
	.byte	1                               @ DW_AT_frame_base
	.byte	93
	.long	.Linfo_string39                 @ DW_AT_name
	.byte	2                               @ DW_AT_decl_file
	.short	431                             @ DW_AT_decl_line
	.byte	1                               @ DW_AT_prototyped
	.byte	1                               @ DW_AT_external
	.byte	25                              @ Abbrev [25] 0x320:0x14 DW_TAG_subprogram
	.long	.Lfunc_begin5                   @ DW_AT_low_pc
	.long	.Lfunc_end5                     @ DW_AT_high_pc
	.byte	1                               @ DW_AT_frame_base
	.byte	93
	.long	.Linfo_string40                 @ DW_AT_name
	.byte	2                               @ DW_AT_decl_file
	.short	441                             @ DW_AT_decl_line
	.byte	1                               @ DW_AT_prototyped
	.byte	1                               @ DW_AT_external
	.byte	26                              @ Abbrev [26] 0x334:0x27 DW_TAG_subprogram
	.long	.Lfunc_begin6                   @ DW_AT_low_pc
	.long	.Lfunc_end6                     @ DW_AT_high_pc
	.byte	1                               @ DW_AT_frame_base
	.byte	93
	.long	.Linfo_string41                 @ DW_AT_name
	.byte	2                               @ DW_AT_decl_file
	.short	471                             @ DW_AT_decl_line
	.byte	1                               @ DW_AT_prototyped
	.long	914                             @ DW_AT_type
	.byte	1                               @ DW_AT_external
	.byte	27                              @ Abbrev [27] 0x34c:0xe DW_TAG_formal_parameter
	.byte	1                               @ DW_AT_location
	.byte	80
	.long	.Linfo_string58                 @ DW_AT_name
	.byte	2                               @ DW_AT_decl_file
	.short	471                             @ DW_AT_decl_line
	.long	914                             @ DW_AT_type
	.byte	0                               @ End Of Children Mark
	.byte	28                              @ Abbrev [28] 0x35b:0x12 DW_TAG_subprogram
	.long	.Lfunc_begin7                   @ DW_AT_low_pc
	.long	.Lfunc_end7                     @ DW_AT_high_pc
	.byte	1                               @ DW_AT_frame_base
	.byte	93
	.long	.Linfo_string43                 @ DW_AT_name
	.byte	2                               @ DW_AT_decl_file
	.byte	244                             @ DW_AT_decl_line
	.byte	1                               @ DW_AT_prototyped
	.byte	24                              @ Abbrev [24] 0x36d:0x13 DW_TAG_subprogram
	.long	.Lfunc_begin8                   @ DW_AT_low_pc
	.long	.Lfunc_end8                     @ DW_AT_high_pc
	.byte	1                               @ DW_AT_frame_base
	.byte	93
	.long	.Linfo_string44                 @ DW_AT_name
	.byte	2                               @ DW_AT_decl_file
	.short	289                             @ DW_AT_decl_line
	.byte	1                               @ DW_AT_prototyped
	.byte	28                              @ Abbrev [28] 0x380:0x12 DW_TAG_subprogram
	.long	.Lfunc_begin9                   @ DW_AT_low_pc
	.long	.Lfunc_end9                     @ DW_AT_high_pc
	.byte	1                               @ DW_AT_frame_base
	.byte	93
	.long	.Linfo_string45                 @ DW_AT_name
	.byte	2                               @ DW_AT_decl_file
	.byte	200                             @ DW_AT_decl_line
	.byte	1                               @ DW_AT_prototyped
	.byte	4                               @ Abbrev [4] 0x392:0x7 DW_TAG_base_type
	.long	.Linfo_string42                 @ DW_AT_name
	.byte	5                               @ DW_AT_encoding
	.byte	4                               @ DW_AT_byte_size
	.byte	6                               @ Abbrev [6] 0x399:0x5 DW_TAG_pointer_type
	.long	926                             @ DW_AT_type
	.byte	29                              @ Abbrev [29] 0x39e:0x24 DW_TAG_structure_type
	.long	.Linfo_string53                 @ DW_AT_name
	.byte	72                              @ DW_AT_byte_size
	.byte	2                               @ DW_AT_decl_file
	.short	365                             @ DW_AT_decl_line
	.byte	30                              @ Abbrev [30] 0x3a7:0xd DW_TAG_member
	.long	.Linfo_string54                 @ DW_AT_name
	.long	56                              @ DW_AT_type
	.byte	2                               @ DW_AT_decl_file
	.short	367                             @ DW_AT_decl_line
	.byte	0                               @ DW_AT_data_member_location
	.byte	30                              @ Abbrev [30] 0x3b4:0xd DW_TAG_member
	.long	.Linfo_string32                 @ DW_AT_name
	.long	202                             @ DW_AT_type
	.byte	2                               @ DW_AT_decl_file
	.short	368                             @ DW_AT_decl_line
	.byte	4                               @ DW_AT_data_member_location
	.byte	0                               @ End Of Children Mark
	.byte	6                               @ Abbrev [6] 0x3c2:0x5 DW_TAG_pointer_type
	.long	331                             @ DW_AT_type
	.byte	0                               @ End Of Children Mark
.Ldebug_info_end0:
	.section	.debug_ranges,"",%progbits
.Ldebug_ranges0:
	.long	.Lfunc_begin0
	.long	.Lfunc_end0
	.long	.Lfunc_begin1
	.long	.Lfunc_end1
	.long	.Lfunc_begin2
	.long	.Lfunc_end2
	.long	.Lfunc_begin3
	.long	.Lfunc_end3
	.long	.Lfunc_begin4
	.long	.Lfunc_end4
	.long	.Lfunc_begin5
	.long	.Lfunc_end5
	.long	.Lfunc_begin6
	.long	.Lfunc_end6
	.long	.Lfunc_begin7
	.long	.Lfunc_end7
	.long	.Lfunc_begin8
	.long	.Lfunc_end8
	.long	.Lfunc_begin9
	.long	.Lfunc_end9
	.long	0
	.long	0
	.section	.debug_str,"MS",%progbits,1
.Linfo_string0:
	.asciz	"Component: ARM Compiler 6.16 Tool: armclang [5dfeb700]" @ string offset=0
.Linfo_string1:
	.asciz	"rt-thread/libcpu/arm/cortex-m7\\cpuport.c" @ string offset=55
.Linfo_string2:
	.asciz	"E:\\Smart-access-control\\Hardware\\CODE" @ string offset=96
.Linfo_string3:
	.asciz	"rt_interrupt_from_thread"      @ string offset=134
.Linfo_string4:
	.asciz	"unsigned int"                  @ string offset=159
.Linfo_string5:
	.asciz	"rt_uint32_t"                   @ string offset=172
.Linfo_string6:
	.asciz	"rt_interrupt_to_thread"        @ string offset=184
.Linfo_string7:
	.asciz	"rt_thread_switch_interrupt_flag" @ string offset=207
.Linfo_string8:
	.asciz	"rt_exception_hook"             @ string offset=239
.Linfo_string9:
	.asciz	"long int"                      @ string offset=257
.Linfo_string10:
	.asciz	"rt_base_t"                     @ string offset=266
.Linfo_string11:
	.asciz	"rt_err_t"                      @ string offset=276
.Linfo_string12:
	.asciz	"unsigned char"                 @ string offset=285
.Linfo_string13:
	.asciz	"rt_uint8_t"                    @ string offset=299
.Linfo_string14:
	.asciz	"flag"                          @ string offset=310
.Linfo_string15:
	.asciz	"r4"                            @ string offset=315
.Linfo_string16:
	.asciz	"r5"                            @ string offset=318
.Linfo_string17:
	.asciz	"r6"                            @ string offset=321
.Linfo_string18:
	.asciz	"r7"                            @ string offset=324
.Linfo_string19:
	.asciz	"r8"                            @ string offset=327
.Linfo_string20:
	.asciz	"r9"                            @ string offset=330
.Linfo_string21:
	.asciz	"r10"                           @ string offset=333
.Linfo_string22:
	.asciz	"r11"                           @ string offset=337
.Linfo_string23:
	.asciz	"exception_stack_frame"         @ string offset=341
.Linfo_string24:
	.asciz	"r0"                            @ string offset=363
.Linfo_string25:
	.asciz	"r1"                            @ string offset=366
.Linfo_string26:
	.asciz	"r2"                            @ string offset=369
.Linfo_string27:
	.asciz	"r3"                            @ string offset=372
.Linfo_string28:
	.asciz	"r12"                           @ string offset=375
.Linfo_string29:
	.asciz	"lr"                            @ string offset=379
.Linfo_string30:
	.asciz	"pc"                            @ string offset=382
.Linfo_string31:
	.asciz	"psr"                           @ string offset=385
.Linfo_string32:
	.asciz	"stack_frame"                   @ string offset=389
.Linfo_string33:
	.asciz	"long unsigned int"             @ string offset=401
.Linfo_string34:
	.asciz	"unsigned short"                @ string offset=419
.Linfo_string35:
	.asciz	"rt_hw_stack_init"              @ string offset=434
.Linfo_string36:
	.asciz	"rt_hw_exception_install"       @ string offset=451
.Linfo_string37:
	.asciz	"rt_hw_hard_fault_exception"    @ string offset=475
.Linfo_string38:
	.asciz	"hard_fault_track"              @ string offset=502
.Linfo_string39:
	.asciz	"rt_hw_cpu_shutdown"            @ string offset=519
.Linfo_string40:
	.asciz	"rt_hw_cpu_reset"               @ string offset=538
.Linfo_string41:
	.asciz	"__rt_ffs"                      @ string offset=554
.Linfo_string42:
	.asciz	"int"                           @ string offset=563
.Linfo_string43:
	.asciz	"bus_fault_track"               @ string offset=567
.Linfo_string44:
	.asciz	"mem_manage_fault_track"        @ string offset=583
.Linfo_string45:
	.asciz	"usage_fault_track"             @ string offset=606
.Linfo_string46:
	.asciz	"tentry"                        @ string offset=624
.Linfo_string47:
	.asciz	"parameter"                     @ string offset=631
.Linfo_string48:
	.asciz	"stack_addr"                    @ string offset=641
.Linfo_string49:
	.asciz	"texit"                         @ string offset=652
.Linfo_string50:
	.asciz	"stk"                           @ string offset=658
.Linfo_string51:
	.asciz	"i"                             @ string offset=662
.Linfo_string52:
	.asciz	"exception_handle"              @ string offset=664
.Linfo_string53:
	.asciz	"exception_info"                @ string offset=681
.Linfo_string54:
	.asciz	"exc_return"                    @ string offset=696
.Linfo_string55:
	.asciz	"context"                       @ string offset=707
.Linfo_string56:
	.asciz	"exception_stack"               @ string offset=715
.Linfo_string57:
	.asciz	"result"                        @ string offset=731
.Linfo_string58:
	.asciz	"value"                         @ string offset=738
	.ident	"Component: ARM Compiler 6.16 Tool: armclang [5dfeb700]"
	.section	".note.GNU-stack","",%progbits
	.eabi_attribute	30, 1	@ Tag_ABI_optimization_goals
	.ARM_attribute	16, 1	@ Tag_AV_eba
	.section	.debug_line,"",%progbits
.Lline_table_start0:
