	.text
	.syntax unified
	.eabi_attribute	67, "2.09"	@ Tag_conformance
	.cpu	cortex-m7
	.eabi_attribute	6, 13	@ Tag_CPU_arch
	.eabi_attribute	7, 77	@ Tag_CPU_arch_profile
	.eabi_attribute	8, 0	@ Tag_ARM_ISA_use
	.eabi_attribute	9, 2	@ Tag_THUMB_ISA_use
	.fpu	fpv5-d16
	.eabi_attribute	36, 1	@ Tag_FP_HP_extension
	.eabi_attribute	34, 1	@ Tag_CPU_unaligned_access
	.eabi_attribute	17, 1	@ Tag_ABI_PCS_GOT_use
	.eabi_attribute	20, 2	@ Tag_ABI_FP_denormal
	.eabi_attribute	21, 0	@ Tag_ABI_FP_exceptions
	.eabi_attribute	23, 1	@ Tag_ABI_FP_number_model
	.eabi_attribute	24, 1	@ Tag_ABI_align_needed
	.eabi_attribute	25, 1	@ Tag_ABI_align_preserved
	.eabi_attribute	28, 1	@ Tag_ABI_VFP_args
	.eabi_attribute	38, 1	@ Tag_ABI_FP_16bit_format
	.eabi_attribute	18, 2	@ Tag_ABI_PCS_wchar_t
	.eabi_attribute	26, 1	@ Tag_ABI_enum_size
	.eabi_attribute	14, 0	@ Tag_ABI_PCS_R9_use
	.file	"def.c"
	.file	1 "D:\\Keil_v5\\ARM\\ARMCLANG\\Bin\\..\\include" "stdint.h"
	.file	2 "E:\\Smart-access-control\\Hardware\\CODE" "./rt-thread/components/net/lwip-2.0.2/src/include\\lwip/arch.h"
	.file	3 "D:\\Keil_v5\\ARM\\ARMCLANG\\Bin\\..\\include" "stddef.h"
	.section	.text.lwip_htons,"ax",%progbits
	.hidden	lwip_htons                      @ -- Begin function lwip_htons
	.globl	lwip_htons
	.p2align	3
	.type	lwip_htons,%function
	.code	16                              @ @lwip_htons
	.thumb_func
lwip_htons:
.Lfunc_begin0:
	.file	4 "E:\\Smart-access-control\\Hardware\\CODE" "rt-thread/components/net/lwip-2.0.2/src/core/def.c"
	.loc	4 77 0                          @ rt-thread/components/net/lwip-2.0.2/src/core/def.c:77:0
	.fnstart
	.cfi_sections .debug_frame
	.cfi_startproc
@ %bb.0:
	@DEBUG_VALUE: lwip_htons:n <- $r0
	@DEBUG_VALUE: lwip_htons:n <- $r0
	rev16	r0, r0
.Ltmp0:
	@DEBUG_VALUE: lwip_htons:n <- [DW_OP_LLVM_entry_value 1] $r0
	.loc	4 78 3 prologue_end             @ rt-thread/components/net/lwip-2.0.2/src/core/def.c:78:3
	bx	lr
.Ltmp1:
.Lfunc_end0:
	.size	lwip_htons, .Lfunc_end0-lwip_htons
	.cfi_endproc
	.cantunwind
	.fnend
                                        @ -- End function
	.section	.text.lwip_htonl,"ax",%progbits
	.hidden	lwip_htonl                      @ -- Begin function lwip_htonl
	.globl	lwip_htonl
	.p2align	3
	.type	lwip_htonl,%function
	.code	16                              @ @lwip_htonl
	.thumb_func
lwip_htonl:
.Lfunc_begin1:
	.loc	4 91 0                          @ rt-thread/components/net/lwip-2.0.2/src/core/def.c:91:0
	.fnstart
	.cfi_startproc
@ %bb.0:
	@DEBUG_VALUE: lwip_htonl:n <- $r0
	@DEBUG_VALUE: lwip_htonl:n <- $r0
	.loc	4 92 17 prologue_end            @ rt-thread/components/net/lwip-2.0.2/src/core/def.c:92:17
	rev	r0, r0
.Ltmp2:
	@DEBUG_VALUE: lwip_htonl:n <- [DW_OP_LLVM_entry_value 1] $r0
	.loc	4 92 3 is_stmt 0                @ rt-thread/components/net/lwip-2.0.2/src/core/def.c:92:3
	bx	lr
.Ltmp3:
.Lfunc_end1:
	.size	lwip_htonl, .Lfunc_end1-lwip_htonl
	.cfi_endproc
	.cantunwind
	.fnend
                                        @ -- End function
	.section	.text.lwip_strnstr,"ax",%progbits
	.hidden	lwip_strnstr                    @ -- Begin function lwip_strnstr
	.globl	lwip_strnstr
	.p2align	3
	.type	lwip_strnstr,%function
	.code	16                              @ @lwip_strnstr
	.thumb_func
lwip_strnstr:
.Lfunc_begin2:
	.loc	4 106 0 is_stmt 1               @ rt-thread/components/net/lwip-2.0.2/src/core/def.c:106:0
	.fnstart
	.cfi_startproc
@ %bb.0:
	@DEBUG_VALUE: lwip_strnstr:buffer <- $r0
	@DEBUG_VALUE: lwip_strnstr:token <- $r1
	@DEBUG_VALUE: lwip_strnstr:n <- $r2
	.save	{r4, r5, r6, r7, lr}
	push	{r4, r5, r6, r7, lr}
	.cfi_def_cfa_offset 20
	.cfi_offset lr, -4
	.cfi_offset r7, -8
	.cfi_offset r6, -12
	.cfi_offset r5, -16
	.cfi_offset r4, -20
	.pad	#4
	sub	sp, #4
	.cfi_def_cfa_offset 24
	mov	r4, r0
.Ltmp4:
	@DEBUG_VALUE: lwip_strnstr:buffer <- $r4
	@DEBUG_VALUE: lwip_strnstr:n <- $r7
	@DEBUG_VALUE: lwip_strnstr:token <- $r5
	@DEBUG_VALUE: lwip_strnstr:buffer <- $r4
	.loc	4 108 21 prologue_end           @ rt-thread/components/net/lwip-2.0.2/src/core/def.c:108:21
	mov	r0, r1
	mov	r7, r2
.Ltmp5:
	.loc	4 0 21 is_stmt 0                @ rt-thread/components/net/lwip-2.0.2/src/core/def.c:0:21
	mov	r5, r1
.Ltmp6:
	.loc	4 108 21                        @ rt-thread/components/net/lwip-2.0.2/src/core/def.c:108:21
	bl	strlen
.Ltmp7:
	@DEBUG_VALUE: lwip_strnstr:tokenlen <- $r0
	.loc	4 109 7 is_stmt 1               @ rt-thread/components/net/lwip-2.0.2/src/core/def.c:109:7
	cbz	r0, .LBB2_10
.Ltmp8:
@ %bb.1:
	@DEBUG_VALUE: lwip_strnstr:buffer <- $r4
	@DEBUG_VALUE: lwip_strnstr:tokenlen <- $r0
	.loc	4 0 0 is_stmt 0                 @ rt-thread/components/net/lwip-2.0.2/src/core/def.c:0:0
	mov	r6, r0
.Ltmp9:
	@DEBUG_VALUE: lwip_strnstr:tokenlen <- $r6
	@DEBUG_VALUE: lwip_strnstr:tokenlen <- $r6
	@DEBUG_VALUE: lwip_strnstr:p <- $r4
	.loc	4 112 20 is_stmt 1              @ rt-thread/components/net/lwip-2.0.2/src/core/def.c:112:20
	ldrb	r0, [r4]
	.loc	4 112 23 is_stmt 0              @ rt-thread/components/net/lwip-2.0.2/src/core/def.c:112:23
	cbz	r0, .LBB2_7
.Ltmp10:
@ %bb.2:
	@DEBUG_VALUE: lwip_strnstr:tokenlen <- $r6
	@DEBUG_VALUE: lwip_strnstr:p <- $r4
	@DEBUG_VALUE: lwip_strnstr:buffer <- $r4
	.loc	4 0 23                          @ rt-thread/components/net/lwip-2.0.2/src/core/def.c:0:23
	add	r7, r4
	b	.LBB2_4
.Ltmp11:
	.p2align	2
.LBB2_3:                                @   in Loop: Header=BB2_4 Depth=1
	@DEBUG_VALUE: lwip_strnstr:tokenlen <- $r6
	@DEBUG_VALUE: lwip_strnstr:p <- $r4
	.loc	4 112 20                        @ rt-thread/components/net/lwip-2.0.2/src/core/def.c:112:20
	ldrb	r0, [r4, #1]!
.Ltmp12:
	@DEBUG_VALUE: lwip_strnstr:p <- $r4
	.loc	4 112 23                        @ rt-thread/components/net/lwip-2.0.2/src/core/def.c:112:23
	cbz	r0, .LBB2_9
.Ltmp13:
.LBB2_4:                                @ =>This Inner Loop Header: Depth=1
	@DEBUG_VALUE: lwip_strnstr:tokenlen <- $r6
	@DEBUG_VALUE: lwip_strnstr:p <- $r4
	@DEBUG_VALUE: lwip_strnstr:p <- $r4
	.loc	4 112 40                        @ rt-thread/components/net/lwip-2.0.2/src/core/def.c:112:40
	adds	r1, r4, r6
.Ltmp14:
	.loc	4 112 3                         @ rt-thread/components/net/lwip-2.0.2/src/core/def.c:112:3
	cmp	r1, r7
	bhi	.LBB2_8
.Ltmp15:
@ %bb.5:                                @   in Loop: Header=BB2_4 Depth=1
	@DEBUG_VALUE: lwip_strnstr:tokenlen <- $r6
	@DEBUG_VALUE: lwip_strnstr:p <- $r4
	.loc	4 113 16 is_stmt 1              @ rt-thread/components/net/lwip-2.0.2/src/core/def.c:113:16
	ldrb	r1, [r5]
	.loc	4 113 24 is_stmt 0              @ rt-thread/components/net/lwip-2.0.2/src/core/def.c:113:24
	cmp	r0, r1
	bne	.LBB2_3
.Ltmp16:
@ %bb.6:                                @   in Loop: Header=BB2_4 Depth=1
	@DEBUG_VALUE: lwip_strnstr:tokenlen <- $r6
	@DEBUG_VALUE: lwip_strnstr:p <- $r4
	.loc	4 113 28                        @ rt-thread/components/net/lwip-2.0.2/src/core/def.c:113:28
	mov	r0, r4
	mov	r1, r5
	mov	r2, r6
	bl	strncmp
.Ltmp17:
	.loc	4 113 9                         @ rt-thread/components/net/lwip-2.0.2/src/core/def.c:113:9
	cmp	r0, #0
	bne	.LBB2_3
	b	.LBB2_10
.Ltmp18:
.LBB2_7:
	@DEBUG_VALUE: lwip_strnstr:tokenlen <- $r6
	@DEBUG_VALUE: lwip_strnstr:p <- $r4
	@DEBUG_VALUE: lwip_strnstr:buffer <- $r4
	.loc	4 0 9                           @ rt-thread/components/net/lwip-2.0.2/src/core/def.c:0:9
	movs	r4, #0
.Ltmp19:
	b	.LBB2_10
.Ltmp20:
.LBB2_8:
	@DEBUG_VALUE: lwip_strnstr:tokenlen <- $r6
	@DEBUG_VALUE: lwip_strnstr:p <- $r4
	movs	r4, #0
.Ltmp21:
	b	.LBB2_10
.Ltmp22:
.LBB2_9:
	@DEBUG_VALUE: lwip_strnstr:tokenlen <- $r6
	@DEBUG_VALUE: lwip_strnstr:p <- $r4
	movs	r4, #0
.Ltmp23:
.LBB2_10:
	.loc	4 118 1 is_stmt 1               @ rt-thread/components/net/lwip-2.0.2/src/core/def.c:118:1
	mov	r0, r4
	add	sp, #4
	pop	{r4, r5, r6, r7, pc}
.Ltmp24:
.Lfunc_end2:
	.size	lwip_strnstr, .Lfunc_end2-lwip_strnstr
	.cfi_endproc
	.cantunwind
	.fnend
                                        @ -- End function
	.section	.text.lwip_stricmp,"ax",%progbits
	.hidden	lwip_stricmp                    @ -- Begin function lwip_stricmp
	.globl	lwip_stricmp
	.p2align	3
	.type	lwip_stricmp,%function
	.code	16                              @ @lwip_stricmp
	.thumb_func
lwip_stricmp:
.Lfunc_begin3:
	.loc	4 129 0                         @ rt-thread/components/net/lwip-2.0.2/src/core/def.c:129:0
	.fnstart
	.cfi_startproc
@ %bb.0:
	@DEBUG_VALUE: lwip_stricmp:str1 <- $r0
	@DEBUG_VALUE: lwip_stricmp:str1 <- $r0
	@DEBUG_VALUE: lwip_stricmp:str2 <- $r1
	@DEBUG_VALUE: lwip_stricmp:str2 <- $r1
	.save	{r4, lr}
	push	{r4, lr}
	.cfi_def_cfa_offset 8
	.cfi_offset lr, -4
	.cfi_offset r4, -8
	mov.w	r12, #1
	b	.LBB3_2
.Ltmp25:
	.p2align	2
.LBB3_1:                                @   in Loop: Header=BB3_2 Depth=1
	@DEBUG_VALUE: lwip_stricmp:str2 <- $r1
	@DEBUG_VALUE: lwip_stricmp:str1 <- $r0
	.loc	4 151 3 prologue_end            @ rt-thread/components/net/lwip-2.0.2/src/core/def.c:151:3
	cbz	r3, .LBB3_6
.Ltmp26:
.LBB3_2:                                @ =>This Inner Loop Header: Depth=1
	@DEBUG_VALUE: lwip_stricmp:str2 <- $r1
	@DEBUG_VALUE: lwip_stricmp:str1 <- $r0
	@DEBUG_VALUE: lwip_stricmp:str1 <- $r0
	@DEBUG_VALUE: lwip_stricmp:str2 <- $r1
	.loc	4 133 10                        @ rt-thread/components/net/lwip-2.0.2/src/core/def.c:133:10
	ldrb	r3, [r0], #1
.Ltmp27:
	@DEBUG_VALUE: lwip_stricmp:str1 <- [DW_OP_LLVM_entry_value 1] $r0
	@DEBUG_VALUE: lwip_stricmp:c1 <- undef
	@DEBUG_VALUE: lwip_stricmp:str1 <- $r0
	.loc	4 134 10                        @ rt-thread/components/net/lwip-2.0.2/src/core/def.c:134:10
	ldrb	lr, [r1], #1
.Ltmp28:
	@DEBUG_VALUE: lwip_stricmp:str2 <- [DW_OP_LLVM_entry_value 1] $r1
	@DEBUG_VALUE: lwip_stricmp:c2 <- undef
	@DEBUG_VALUE: lwip_stricmp:str2 <- $r1
	.loc	4 135 9                         @ rt-thread/components/net/lwip-2.0.2/src/core/def.c:135:9
	cmp	r3, lr
	beq	.LBB3_1
.Ltmp29:
@ %bb.3:                                @   in Loop: Header=BB3_2 Depth=1
	@DEBUG_VALUE: lwip_stricmp:str2 <- $r1
	@DEBUG_VALUE: lwip_stricmp:str1 <- $r0
	.loc	4 136 24                        @ rt-thread/components/net/lwip-2.0.2/src/core/def.c:136:24
	orr	r4, r3, #32
.Ltmp30:
	@DEBUG_VALUE: c1_upc <- $r4
	.loc	4 137 27                        @ rt-thread/components/net/lwip-2.0.2/src/core/def.c:137:27
	sub.w	r2, r4, #97
	cmp	r2, #25
	bhi	.LBB3_5
.Ltmp31:
@ %bb.4:                                @   in Loop: Header=BB3_2 Depth=1
	@DEBUG_VALUE: c1_upc <- $r4
	@DEBUG_VALUE: lwip_stricmp:str2 <- $r1
	@DEBUG_VALUE: lwip_stricmp:str1 <- $r0
	.loc	4 0 27 is_stmt 0                @ rt-thread/components/net/lwip-2.0.2/src/core/def.c:0:27
	orr	r2, lr, #32
	.loc	4 137 27                        @ rt-thread/components/net/lwip-2.0.2/src/core/def.c:137:27
	cmp	r4, r2
	beq	.LBB3_1
.Ltmp32:
.LBB3_5:
	@DEBUG_VALUE: lwip_stricmp:str2 <- $r1
	@DEBUG_VALUE: lwip_stricmp:str1 <- $r0
	.loc	4 153 1 is_stmt 1               @ rt-thread/components/net/lwip-2.0.2/src/core/def.c:153:1
	mov	r0, r12
.Ltmp33:
	@DEBUG_VALUE: lwip_stricmp:str1 <- [DW_OP_LLVM_entry_value 1] $r0
	pop	{r4, pc}
.Ltmp34:
.LBB3_6:
	@DEBUG_VALUE: lwip_stricmp:str2 <- $r1
	@DEBUG_VALUE: lwip_stricmp:str1 <- $r0
	.loc	4 0 1 is_stmt 0                 @ rt-thread/components/net/lwip-2.0.2/src/core/def.c:0:1
	mov.w	r12, #0
	.loc	4 153 1                         @ rt-thread/components/net/lwip-2.0.2/src/core/def.c:153:1
	mov	r0, r12
.Ltmp35:
	@DEBUG_VALUE: lwip_stricmp:str1 <- [DW_OP_LLVM_entry_value 1] $r0
	pop	{r4, pc}
.Ltmp36:
.Lfunc_end3:
	.size	lwip_stricmp, .Lfunc_end3-lwip_stricmp
	.cfi_endproc
	.cantunwind
	.fnend
                                        @ -- End function
	.section	.text.lwip_strnicmp,"ax",%progbits
	.hidden	lwip_strnicmp                   @ -- Begin function lwip_strnicmp
	.globl	lwip_strnicmp
	.p2align	3
	.type	lwip_strnicmp,%function
	.code	16                              @ @lwip_strnicmp
	.thumb_func
lwip_strnicmp:
.Lfunc_begin4:
	.loc	4 164 0 is_stmt 1               @ rt-thread/components/net/lwip-2.0.2/src/core/def.c:164:0
	.fnstart
	.cfi_startproc
@ %bb.0:
	@DEBUG_VALUE: lwip_strnicmp:str1 <- $r0
	@DEBUG_VALUE: lwip_strnicmp:str1 <- $r0
	@DEBUG_VALUE: lwip_strnicmp:str2 <- $r1
	@DEBUG_VALUE: lwip_strnicmp:str2 <- $r1
	@DEBUG_VALUE: lwip_strnicmp:len <- $r2
	@DEBUG_VALUE: lwip_strnicmp:len <- $r2
	.save	{r4, r5, r7, lr}
	push	{r4, r5, r7, lr}
	.cfi_def_cfa_offset 16
	.cfi_offset lr, -4
	.cfi_offset r7, -8
	.cfi_offset r5, -12
	.cfi_offset r4, -16
.Ltmp37:
	.p2align	2
.LBB4_1:                                @ =>This Inner Loop Header: Depth=1
	@DEBUG_VALUE: lwip_strnicmp:str2 <- $r1
	@DEBUG_VALUE: lwip_strnicmp:str1 <- $r0
	@DEBUG_VALUE: lwip_strnicmp:str1 <- $r0
	@DEBUG_VALUE: lwip_strnicmp:str2 <- $r1
	@DEBUG_VALUE: lwip_strnicmp:len <- $r2
	.loc	4 168 10 prologue_end           @ rt-thread/components/net/lwip-2.0.2/src/core/def.c:168:10
	ldrb	r12, [r0], #1
.Ltmp38:
	@DEBUG_VALUE: lwip_strnicmp:str1 <- [DW_OP_LLVM_entry_value 1] $r0
	@DEBUG_VALUE: lwip_strnicmp:str1 <- [DW_OP_LLVM_entry_value 1] $r0
	@DEBUG_VALUE: lwip_strnicmp:c1 <- undef
	@DEBUG_VALUE: lwip_strnicmp:str1 <- $r0
	.loc	4 169 10                        @ rt-thread/components/net/lwip-2.0.2/src/core/def.c:169:10
	ldrb	lr, [r1], #1
.Ltmp39:
	@DEBUG_VALUE: lwip_strnicmp:str2 <- [DW_OP_LLVM_entry_value 1] $r1
	@DEBUG_VALUE: lwip_strnicmp:str2 <- [DW_OP_LLVM_entry_value 1] $r1
	@DEBUG_VALUE: lwip_strnicmp:c2 <- undef
	@DEBUG_VALUE: lwip_strnicmp:str2 <- $r1
	.loc	4 170 9                         @ rt-thread/components/net/lwip-2.0.2/src/core/def.c:170:9
	cmp	r12, lr
	beq	.LBB4_4
.Ltmp40:
@ %bb.2:                                @   in Loop: Header=BB4_1 Depth=1
	@DEBUG_VALUE: lwip_strnicmp:len <- $r2
	@DEBUG_VALUE: lwip_strnicmp:str2 <- $r1
	@DEBUG_VALUE: lwip_strnicmp:str1 <- $r0
	.loc	4 171 24                        @ rt-thread/components/net/lwip-2.0.2/src/core/def.c:171:24
	orr	r5, r12, #32
.Ltmp41:
	@DEBUG_VALUE: c1_upc <- $r5
	.loc	4 172 27                        @ rt-thread/components/net/lwip-2.0.2/src/core/def.c:172:27
	sub.w	r3, r5, #97
	cmp	r3, #25
	mov.w	r3, #1
	bhi	.LBB4_6
.Ltmp42:
@ %bb.3:                                @   in Loop: Header=BB4_1 Depth=1
	@DEBUG_VALUE: c1_upc <- $r5
	@DEBUG_VALUE: lwip_strnicmp:len <- $r2
	@DEBUG_VALUE: lwip_strnicmp:str2 <- $r1
	@DEBUG_VALUE: lwip_strnicmp:str1 <- $r0
	.loc	4 0 27 is_stmt 0                @ rt-thread/components/net/lwip-2.0.2/src/core/def.c:0:27
	orr	r4, lr, #32
	.loc	4 172 27                        @ rt-thread/components/net/lwip-2.0.2/src/core/def.c:172:27
	cmp	r5, r4
	bne	.LBB4_6
.Ltmp43:
.LBB4_4:                                @   in Loop: Header=BB4_1 Depth=1
	@DEBUG_VALUE: lwip_strnicmp:len <- $r2
	@DEBUG_VALUE: lwip_strnicmp:str2 <- $r1
	@DEBUG_VALUE: lwip_strnicmp:str1 <- $r0
	.loc	4 186 15 is_stmt 1              @ rt-thread/components/net/lwip-2.0.2/src/core/def.c:186:15
	subs	r4, r2, #1
	movs	r3, #0
.Ltmp44:
	@DEBUG_VALUE: lwip_strnicmp:len <- $r4
	cmp	r4, r2
.Ltmp45:
	.loc	4 186 3 is_stmt 0               @ rt-thread/components/net/lwip-2.0.2/src/core/def.c:186:3
	bhs	.LBB4_6
.Ltmp46:
@ %bb.5:                                @   in Loop: Header=BB4_1 Depth=1
	@DEBUG_VALUE: lwip_strnicmp:len <- $r4
	@DEBUG_VALUE: lwip_strnicmp:str2 <- $r1
	@DEBUG_VALUE: lwip_strnicmp:str1 <- $r0
	cmp.w	r12, #0
	mov	r2, r4
	bne	.LBB4_1
.Ltmp47:
.LBB4_6:
	@DEBUG_VALUE: lwip_strnicmp:str2 <- $r1
	@DEBUG_VALUE: lwip_strnicmp:str1 <- $r0
	.loc	4 188 1 is_stmt 1               @ rt-thread/components/net/lwip-2.0.2/src/core/def.c:188:1
	mov	r0, r3
.Ltmp48:
	@DEBUG_VALUE: lwip_strnicmp:str1 <- [DW_OP_LLVM_entry_value 1] $r0
	pop	{r4, r5, r7, pc}
.Ltmp49:
.Lfunc_end4:
	.size	lwip_strnicmp, .Lfunc_end4-lwip_strnicmp
	.cfi_endproc
	.cantunwind
	.fnend
                                        @ -- End function
	.section	.text.lwip_itoa,"ax",%progbits
	.hidden	lwip_itoa                       @ -- Begin function lwip_itoa
	.globl	lwip_itoa
	.p2align	3
	.type	lwip_itoa,%function
	.code	16                              @ @lwip_itoa
	.thumb_func
lwip_itoa:
.Lfunc_begin5:
	.loc	4 199 0                         @ rt-thread/components/net/lwip-2.0.2/src/core/def.c:199:0
	.fnstart
	.cfi_startproc
@ %bb.0:
	@DEBUG_VALUE: lwip_itoa:result <- $r0
	@DEBUG_VALUE: lwip_itoa:bufsize <- $r1
	@DEBUG_VALUE: lwip_itoa:number <- $r2
	.save	{r4, r5, r7, lr}
	push	{r4, r5, r7, lr}
	.cfi_def_cfa_offset 16
	.cfi_offset lr, -4
	.cfi_offset r7, -8
	.cfi_offset r5, -12
	.cfi_offset r4, -16
.Ltmp50:
	@DEBUG_VALUE: lwip_itoa:ptr <- $r0
	@DEBUG_VALUE: lwip_itoa:ptr1 <- $r0
	movw	r12, #26215
	movw	lr, :lower16:.L.str
	movt	r12, #26214
	movt	lr, :upper16:.L.str
.Ltmp51:
	@DEBUG_VALUE: lwip_itoa:base <- 10
	@DEBUG_VALUE: lwip_itoa:ptr1 <- $r0
	@DEBUG_VALUE: lwip_itoa:ptr <- $r0
	@DEBUG_VALUE: lwip_itoa:number <- $r2
	@DEBUG_VALUE: lwip_itoa:result <- $r0
	.loc	4 0 0 prologue_end              @ rt-thread/components/net/lwip-2.0.2/src/core/def.c:0:0
	mov	r1, r0
.Ltmp52:
	@DEBUG_VALUE: lwip_itoa:bufsize <- [DW_OP_LLVM_entry_value 1] $r1
	.p2align	2
.LBB5_1:                                @ =>This Inner Loop Header: Depth=1
	@DEBUG_VALUE: lwip_itoa:number <- $r2
	@DEBUG_VALUE: lwip_itoa:ptr1 <- $r0
	@DEBUG_VALUE: lwip_itoa:result <- $r0
	@DEBUG_VALUE: lwip_itoa:bufsize <- [DW_OP_LLVM_entry_value 1] $r1
	@DEBUG_VALUE: lwip_itoa:base <- 10
	mov	r3, r2
.Ltmp53:
	@DEBUG_VALUE: lwip_itoa:tmp_value <- $r3
	@DEBUG_VALUE: lwip_itoa:ptr <- $r1
	@DEBUG_VALUE: lwip_itoa:number <- $r3
	.loc	4 207 12                        @ rt-thread/components/net/lwip-2.0.2/src/core/def.c:207:12
	smmul	r2, r2, r12
	.loc	4 209 3                         @ rt-thread/components/net/lwip-2.0.2/src/core/def.c:209:3
	add.w	r5, r3, #9
	.loc	4 207 12                        @ rt-thread/components/net/lwip-2.0.2/src/core/def.c:207:12
	asrs	r4, r2, #2
	.loc	4 209 3                         @ rt-thread/components/net/lwip-2.0.2/src/core/def.c:209:3
	cmp	r5, #18
	.loc	4 207 12                        @ rt-thread/components/net/lwip-2.0.2/src/core/def.c:207:12
	add.w	r2, r4, r2, lsr #31
.Ltmp54:
	@DEBUG_VALUE: lwip_itoa:number <- $r2
	.loc	4 208 113                       @ rt-thread/components/net/lwip-2.0.2/src/core/def.c:208:113
	add.w	r4, r2, r2, lsl #2
	.loc	4 208 104 is_stmt 0             @ rt-thread/components/net/lwip-2.0.2/src/core/def.c:208:104
	sub.w	r4, r3, r4, lsl #1
	.loc	4 208 91                        @ rt-thread/components/net/lwip-2.0.2/src/core/def.c:208:91
	add	r4, lr
	.loc	4 208 14                        @ rt-thread/components/net/lwip-2.0.2/src/core/def.c:208:14
	ldrb.w	r4, [r4, #35]
	.loc	4 208 12                        @ rt-thread/components/net/lwip-2.0.2/src/core/def.c:208:12
	strb	r4, [r1], #1
.Ltmp55:
	@DEBUG_VALUE: lwip_itoa:ptr <- $r1
	.loc	4 209 3 is_stmt 1               @ rt-thread/components/net/lwip-2.0.2/src/core/def.c:209:3
	bhi	.LBB5_1
.Ltmp56:
@ %bb.2:
	@DEBUG_VALUE: lwip_itoa:tmp_value <- $r3
	@DEBUG_VALUE: lwip_itoa:number <- $r2
	@DEBUG_VALUE: lwip_itoa:ptr <- $r1
	@DEBUG_VALUE: lwip_itoa:ptr1 <- $r0
	@DEBUG_VALUE: lwip_itoa:result <- $r0
	@DEBUG_VALUE: lwip_itoa:bufsize <- [DW_OP_LLVM_entry_value 1] $r1
	@DEBUG_VALUE: lwip_itoa:base <- 10
	.loc	4 212 7                         @ rt-thread/components/net/lwip-2.0.2/src/core/def.c:212:7
	cmp.w	r3, #-1
	bgt	.LBB5_4
.Ltmp57:
@ %bb.3:
	@DEBUG_VALUE: lwip_itoa:tmp_value <- $r3
	@DEBUG_VALUE: lwip_itoa:number <- $r2
	@DEBUG_VALUE: lwip_itoa:ptr <- $r1
	@DEBUG_VALUE: lwip_itoa:ptr1 <- $r0
	@DEBUG_VALUE: lwip_itoa:result <- $r0
	@DEBUG_VALUE: lwip_itoa:bufsize <- [DW_OP_LLVM_entry_value 1] $r1
	@DEBUG_VALUE: lwip_itoa:base <- 10
	@DEBUG_VALUE: lwip_itoa:ptr <- [DW_OP_plus_uconst 2, DW_OP_stack_value] undef
	.loc	4 0 7 is_stmt 0                 @ rt-thread/components/net/lwip-2.0.2/src/core/def.c:0:7
	movs	r2, #45
.Ltmp58:
	.loc	4 213 13 is_stmt 1              @ rt-thread/components/net/lwip-2.0.2/src/core/def.c:213:13
	strb	r2, [r1], #1
.Ltmp59:
.LBB5_4:
	@DEBUG_VALUE: lwip_itoa:tmp_value <- $r3
	@DEBUG_VALUE: lwip_itoa:ptr1 <- $r0
	@DEBUG_VALUE: lwip_itoa:result <- $r0
	@DEBUG_VALUE: lwip_itoa:bufsize <- [DW_OP_LLVM_entry_value 1] $r1
	@DEBUG_VALUE: lwip_itoa:base <- 10
	@DEBUG_VALUE: lwip_itoa:ptr <- [DW_OP_constu 1, DW_OP_minus, DW_OP_stack_value] $r1
	.loc	4 0 13 is_stmt 0                @ rt-thread/components/net/lwip-2.0.2/src/core/def.c:0:13
	movs	r2, #0
	.loc	4 215 10 is_stmt 1              @ rt-thread/components/net/lwip-2.0.2/src/core/def.c:215:10
	strb	r2, [r1], #-1
.Ltmp60:
	@DEBUG_VALUE: lwip_itoa:ptr1 <- $r0
	@DEBUG_VALUE: lwip_itoa:ptr <- $r1
	.loc	4 216 3                         @ rt-thread/components/net/lwip-2.0.2/src/core/def.c:216:3
	cmp	r1, r0
	.loc	4 221 1                         @ rt-thread/components/net/lwip-2.0.2/src/core/def.c:221:1
	it	ls
	popls	{r4, r5, r7, pc}
.Ltmp61:
.LBB5_5:
	@DEBUG_VALUE: lwip_itoa:tmp_value <- $r3
	@DEBUG_VALUE: lwip_itoa:ptr <- $r1
	@DEBUG_VALUE: lwip_itoa:ptr1 <- $r0
	@DEBUG_VALUE: lwip_itoa:result <- $r0
	@DEBUG_VALUE: lwip_itoa:bufsize <- [DW_OP_LLVM_entry_value 1] $r1
	@DEBUG_VALUE: lwip_itoa:base <- 10
	.loc	4 216 3                         @ rt-thread/components/net/lwip-2.0.2/src/core/def.c:216:3
	subs	r0, #1
.Ltmp62:
	@DEBUG_VALUE: lwip_itoa:result <- [DW_OP_LLVM_entry_value 1] $r0
	.p2align	2
.LBB5_6:                                @ =>This Inner Loop Header: Depth=1
	@DEBUG_VALUE: lwip_itoa:ptr <- $r1
	@DEBUG_VALUE: lwip_itoa:result <- [DW_OP_LLVM_entry_value 1] $r0
	@DEBUG_VALUE: lwip_itoa:bufsize <- [DW_OP_LLVM_entry_value 1] $r1
	@DEBUG_VALUE: lwip_itoa:base <- 10
	@DEBUG_VALUE: lwip_itoa:ptr1 <- [DW_OP_plus_uconst 1, DW_OP_stack_value] $r0
	.loc	4 218 13                        @ rt-thread/components/net/lwip-2.0.2/src/core/def.c:218:13
	ldrb	r3, [r0, #1]!
.Ltmp63:
	@DEBUG_VALUE: lwip_itoa:ptr <- [DW_OP_constu 1, DW_OP_minus, DW_OP_stack_value] $r1
	.loc	4 219 13                        @ rt-thread/components/net/lwip-2.0.2/src/core/def.c:219:13
	adds	r5, r0, #1
	.loc	4 217 16                        @ rt-thread/components/net/lwip-2.0.2/src/core/def.c:217:16
	ldrb	r2, [r1]
.Ltmp64:
	@DEBUG_VALUE: lwip_itoa:tmp_char <- $r2
	.loc	4 218 11                        @ rt-thread/components/net/lwip-2.0.2/src/core/def.c:218:11
	strb	r3, [r1], #-1
.Ltmp65:
	@DEBUG_VALUE: lwip_itoa:ptr1 <- [DW_OP_plus_uconst 2, DW_OP_stack_value] $r0
	.loc	4 216 3                         @ rt-thread/components/net/lwip-2.0.2/src/core/def.c:216:3
	cmp	r5, r1
.Ltmp66:
	.loc	4 219 13                        @ rt-thread/components/net/lwip-2.0.2/src/core/def.c:219:13
	strb	r2, [r0]
.Ltmp67:
	@DEBUG_VALUE: lwip_itoa:ptr <- $r1
	.loc	4 216 3                         @ rt-thread/components/net/lwip-2.0.2/src/core/def.c:216:3
	blo	.LBB5_6
.Ltmp68:
@ %bb.7:
	@DEBUG_VALUE: lwip_itoa:tmp_char <- $r2
	@DEBUG_VALUE: lwip_itoa:ptr <- $r1
	@DEBUG_VALUE: lwip_itoa:ptr1 <- [DW_OP_plus_uconst 2, DW_OP_stack_value] $r0
	@DEBUG_VALUE: lwip_itoa:result <- [DW_OP_LLVM_entry_value 1] $r0
	@DEBUG_VALUE: lwip_itoa:bufsize <- [DW_OP_LLVM_entry_value 1] $r1
	@DEBUG_VALUE: lwip_itoa:base <- 10
	.loc	4 221 1                         @ rt-thread/components/net/lwip-2.0.2/src/core/def.c:221:1
	pop	{r4, r5, r7, pc}
.Ltmp69:
.Lfunc_end5:
	.size	lwip_itoa, .Lfunc_end5-lwip_itoa
	.cfi_endproc
	.cantunwind
	.fnend
                                        @ -- End function
	.type	.L.str,%object                  @ @.str
	.section	.rodata.str1.1,"aMS",%progbits,1
.L.str:
	.asciz	"zyxwvutsrqponmlkjihgfedcba9876543210123456789abcdefghijklmnopqrstuvwxyz"
	.size	.L.str, 72

	.file	5 "D:\\Keil_v5\\ARM\\ARMCLANG\\Bin\\..\\include" "stdlib.h"
	.section	.debug_loc,"",%progbits
.Ldebug_loc0:
	.long	-1
	.long	.Lfunc_begin0                   @   base address
	.long	.Lfunc_begin0-.Lfunc_begin0
	.long	.Ltmp0-.Lfunc_begin0
	.short	1                               @ Loc expr size
	.byte	80                              @ DW_OP_reg0
	.long	.Ltmp0-.Lfunc_begin0
	.long	.Lfunc_end0-.Lfunc_begin0
	.short	3                               @ Loc expr size
	.byte	163                             @ DW_OP_entry_value
	.byte	1                               @ 1
	.byte	80                              @ DW_OP_reg0
	.long	0
	.long	0
.Ldebug_loc1:
	.long	-1
	.long	.Lfunc_begin1                   @   base address
	.long	.Lfunc_begin1-.Lfunc_begin1
	.long	.Ltmp2-.Lfunc_begin1
	.short	1                               @ Loc expr size
	.byte	80                              @ DW_OP_reg0
	.long	.Ltmp2-.Lfunc_begin1
	.long	.Lfunc_end1-.Lfunc_begin1
	.short	3                               @ Loc expr size
	.byte	163                             @ DW_OP_entry_value
	.byte	1                               @ 1
	.byte	80                              @ DW_OP_reg0
	.long	0
	.long	0
.Ldebug_loc2:
	.long	-1
	.long	.Lfunc_begin2                   @   base address
	.long	.Lfunc_begin2-.Lfunc_begin2
	.long	.Ltmp4-.Lfunc_begin2
	.short	1                               @ Loc expr size
	.byte	80                              @ DW_OP_reg0
	.long	.Ltmp4-.Lfunc_begin2
	.long	.Ltmp11-.Lfunc_begin2
	.short	1                               @ Loc expr size
	.byte	84                              @ DW_OP_reg4
	.long	.Ltmp18-.Lfunc_begin2
	.long	.Ltmp19-.Lfunc_begin2
	.short	1                               @ Loc expr size
	.byte	84                              @ DW_OP_reg4
	.long	0
	.long	0
.Ldebug_loc3:
	.long	-1
	.long	.Lfunc_begin2                   @   base address
	.long	.Lfunc_begin2-.Lfunc_begin2
	.long	.Ltmp4-.Lfunc_begin2
	.short	1                               @ Loc expr size
	.byte	81                              @ DW_OP_reg1
	.long	.Ltmp4-.Lfunc_begin2
	.long	.Ltmp6-.Lfunc_begin2
	.short	1                               @ Loc expr size
	.byte	85                              @ DW_OP_reg5
	.long	0
	.long	0
.Ldebug_loc4:
	.long	-1
	.long	.Lfunc_begin2                   @   base address
	.long	.Lfunc_begin2-.Lfunc_begin2
	.long	.Ltmp4-.Lfunc_begin2
	.short	1                               @ Loc expr size
	.byte	82                              @ DW_OP_reg2
	.long	.Ltmp4-.Lfunc_begin2
	.long	.Ltmp5-.Lfunc_begin2
	.short	1                               @ Loc expr size
	.byte	87                              @ DW_OP_reg7
	.long	0
	.long	0
.Ldebug_loc5:
	.long	-1
	.long	.Lfunc_begin2                   @   base address
	.long	.Ltmp7-.Lfunc_begin2
	.long	.Ltmp9-.Lfunc_begin2
	.short	1                               @ Loc expr size
	.byte	80                              @ DW_OP_reg0
	.long	.Ltmp9-.Lfunc_begin2
	.long	.Ltmp23-.Lfunc_begin2
	.short	1                               @ Loc expr size
	.byte	86                              @ DW_OP_reg6
	.long	0
	.long	0
.Ldebug_loc6:
	.long	-1
	.long	.Lfunc_begin2                   @   base address
	.long	.Ltmp9-.Lfunc_begin2
	.long	.Ltmp19-.Lfunc_begin2
	.short	1                               @ Loc expr size
	.byte	84                              @ DW_OP_reg4
	.long	.Ltmp20-.Lfunc_begin2
	.long	.Ltmp21-.Lfunc_begin2
	.short	1                               @ Loc expr size
	.byte	84                              @ DW_OP_reg4
	.long	.Ltmp22-.Lfunc_begin2
	.long	.Ltmp23-.Lfunc_begin2
	.short	1                               @ Loc expr size
	.byte	84                              @ DW_OP_reg4
	.long	0
	.long	0
.Ldebug_loc7:
	.long	-1
	.long	.Lfunc_begin3                   @   base address
	.long	.Lfunc_begin3-.Lfunc_begin3
	.long	.Ltmp33-.Lfunc_begin3
	.short	1                               @ Loc expr size
	.byte	80                              @ DW_OP_reg0
	.long	.Ltmp33-.Lfunc_begin3
	.long	.Ltmp34-.Lfunc_begin3
	.short	3                               @ Loc expr size
	.byte	163                             @ DW_OP_entry_value
	.byte	1                               @ 1
	.byte	80                              @ DW_OP_reg0
	.long	.Ltmp34-.Lfunc_begin3
	.long	.Ltmp35-.Lfunc_begin3
	.short	1                               @ Loc expr size
	.byte	80                              @ DW_OP_reg0
	.long	.Ltmp35-.Lfunc_begin3
	.long	.Lfunc_end3-.Lfunc_begin3
	.short	3                               @ Loc expr size
	.byte	163                             @ DW_OP_entry_value
	.byte	1                               @ 1
	.byte	80                              @ DW_OP_reg0
	.long	0
	.long	0
.Ldebug_loc8:
	.long	-1
	.long	.Lfunc_begin3                   @   base address
	.long	.Ltmp30-.Lfunc_begin3
	.long	.Ltmp32-.Lfunc_begin3
	.short	1                               @ Loc expr size
	.byte	84                              @ DW_OP_reg4
	.long	0
	.long	0
.Ldebug_loc9:
	.long	-1
	.long	.Lfunc_begin4                   @   base address
	.long	.Lfunc_begin4-.Lfunc_begin4
	.long	.Ltmp48-.Lfunc_begin4
	.short	1                               @ Loc expr size
	.byte	80                              @ DW_OP_reg0
	.long	.Ltmp48-.Lfunc_begin4
	.long	.Lfunc_end4-.Lfunc_begin4
	.short	3                               @ Loc expr size
	.byte	163                             @ DW_OP_entry_value
	.byte	1                               @ 1
	.byte	80                              @ DW_OP_reg0
	.long	0
	.long	0
.Ldebug_loc10:
	.long	-1
	.long	.Lfunc_begin4                   @   base address
	.long	.Lfunc_begin4-.Lfunc_begin4
	.long	.Ltmp44-.Lfunc_begin4
	.short	1                               @ Loc expr size
	.byte	82                              @ DW_OP_reg2
	.long	.Ltmp44-.Lfunc_begin4
	.long	.Ltmp47-.Lfunc_begin4
	.short	1                               @ Loc expr size
	.byte	84                              @ DW_OP_reg4
	.long	0
	.long	0
.Ldebug_loc11:
	.long	-1
	.long	.Lfunc_begin4                   @   base address
	.long	.Ltmp41-.Lfunc_begin4
	.long	.Ltmp43-.Lfunc_begin4
	.short	1                               @ Loc expr size
	.byte	85                              @ DW_OP_reg5
	.long	0
	.long	0
.Ldebug_loc12:
	.long	-1
	.long	.Lfunc_begin5                   @   base address
	.long	.Lfunc_begin5-.Lfunc_begin5
	.long	.Ltmp62-.Lfunc_begin5
	.short	1                               @ Loc expr size
	.byte	80                              @ DW_OP_reg0
	.long	.Ltmp62-.Lfunc_begin5
	.long	.Lfunc_end5-.Lfunc_begin5
	.short	3                               @ Loc expr size
	.byte	163                             @ DW_OP_entry_value
	.byte	1                               @ 1
	.byte	80                              @ DW_OP_reg0
	.long	0
	.long	0
.Ldebug_loc13:
	.long	-1
	.long	.Lfunc_begin5                   @   base address
	.long	.Lfunc_begin5-.Lfunc_begin5
	.long	.Ltmp52-.Lfunc_begin5
	.short	1                               @ Loc expr size
	.byte	81                              @ DW_OP_reg1
	.long	.Ltmp52-.Lfunc_begin5
	.long	.Lfunc_end5-.Lfunc_begin5
	.short	3                               @ Loc expr size
	.byte	163                             @ DW_OP_entry_value
	.byte	1                               @ 1
	.byte	81                              @ DW_OP_reg1
	.long	0
	.long	0
.Ldebug_loc14:
	.long	-1
	.long	.Lfunc_begin5                   @   base address
	.long	.Lfunc_begin5-.Lfunc_begin5
	.long	.Ltmp53-.Lfunc_begin5
	.short	1                               @ Loc expr size
	.byte	82                              @ DW_OP_reg2
	.long	.Ltmp53-.Lfunc_begin5
	.long	.Ltmp54-.Lfunc_begin5
	.short	1                               @ Loc expr size
	.byte	83                              @ DW_OP_reg3
	.long	.Ltmp54-.Lfunc_begin5
	.long	.Ltmp58-.Lfunc_begin5
	.short	1                               @ Loc expr size
	.byte	82                              @ DW_OP_reg2
	.long	0
	.long	0
.Ldebug_loc15:
	.long	-1
	.long	.Lfunc_begin5                   @   base address
	.long	.Ltmp50-.Lfunc_begin5
	.long	.Ltmp52-.Lfunc_begin5
	.short	1                               @ Loc expr size
	.byte	80                              @ DW_OP_reg0
	.long	.Ltmp53-.Lfunc_begin5
	.long	.Ltmp57-.Lfunc_begin5
	.short	1                               @ Loc expr size
	.byte	81                              @ DW_OP_reg1
	.long	.Ltmp60-.Lfunc_begin5
	.long	.Ltmp63-.Lfunc_begin5
	.short	1                               @ Loc expr size
	.byte	81                              @ DW_OP_reg1
	.long	.Ltmp67-.Lfunc_begin5
	.long	.Lfunc_end5-.Lfunc_begin5
	.short	1                               @ Loc expr size
	.byte	81                              @ DW_OP_reg1
	.long	0
	.long	0
.Ldebug_loc16:
	.long	-1
	.long	.Lfunc_begin5                   @   base address
	.long	.Ltmp50-.Lfunc_begin5
	.long	.Ltmp62-.Lfunc_begin5
	.short	1                               @ Loc expr size
	.byte	80                              @ DW_OP_reg0
	.long	0
	.long	0
.Ldebug_loc17:
	.long	-1
	.long	.Lfunc_begin5                   @   base address
	.long	.Ltmp53-.Lfunc_begin5
	.long	.Ltmp62-.Lfunc_begin5
	.short	1                               @ Loc expr size
	.byte	83                              @ DW_OP_reg3
	.long	0
	.long	0
.Ldebug_loc18:
	.long	-1
	.long	.Lfunc_begin5                   @   base address
	.long	.Ltmp64-.Lfunc_begin5
	.long	.Lfunc_end5-.Lfunc_begin5
	.short	1                               @ Loc expr size
	.byte	82                              @ DW_OP_reg2
	.long	0
	.long	0
	.section	.debug_abbrev,"",%progbits
	.byte	1                               @ Abbreviation Code
	.byte	17                              @ DW_TAG_compile_unit
	.byte	1                               @ DW_CHILDREN_yes
	.byte	37                              @ DW_AT_producer
	.byte	14                              @ DW_FORM_strp
	.byte	19                              @ DW_AT_language
	.byte	5                               @ DW_FORM_data2
	.byte	3                               @ DW_AT_name
	.byte	14                              @ DW_FORM_strp
	.byte	16                              @ DW_AT_stmt_list
	.byte	6                               @ DW_FORM_data4
	.byte	27                              @ DW_AT_comp_dir
	.byte	14                              @ DW_FORM_strp
	.byte	17                              @ DW_AT_low_pc
	.byte	1                               @ DW_FORM_addr
	.byte	85                              @ DW_AT_ranges
	.byte	6                               @ DW_FORM_data4
	.byte	0                               @ EOM(1)
	.byte	0                               @ EOM(2)
	.byte	2                               @ Abbreviation Code
	.byte	22                              @ DW_TAG_typedef
	.byte	0                               @ DW_CHILDREN_no
	.byte	73                              @ DW_AT_type
	.byte	19                              @ DW_FORM_ref4
	.byte	3                               @ DW_AT_name
	.byte	14                              @ DW_FORM_strp
	.byte	58                              @ DW_AT_decl_file
	.byte	11                              @ DW_FORM_data1
	.byte	59                              @ DW_AT_decl_line
	.byte	11                              @ DW_FORM_data1
	.byte	0                               @ EOM(1)
	.byte	0                               @ EOM(2)
	.byte	3                               @ Abbreviation Code
	.byte	36                              @ DW_TAG_base_type
	.byte	0                               @ DW_CHILDREN_no
	.byte	3                               @ DW_AT_name
	.byte	14                              @ DW_FORM_strp
	.byte	62                              @ DW_AT_encoding
	.byte	11                              @ DW_FORM_data1
	.byte	11                              @ DW_AT_byte_size
	.byte	11                              @ DW_FORM_data1
	.byte	0                               @ EOM(1)
	.byte	0                               @ EOM(2)
	.byte	4                               @ Abbreviation Code
	.byte	15                              @ DW_TAG_pointer_type
	.byte	0                               @ DW_CHILDREN_no
	.byte	73                              @ DW_AT_type
	.byte	19                              @ DW_FORM_ref4
	.byte	0                               @ EOM(1)
	.byte	0                               @ EOM(2)
	.byte	5                               @ Abbreviation Code
	.byte	46                              @ DW_TAG_subprogram
	.byte	1                               @ DW_CHILDREN_yes
	.byte	17                              @ DW_AT_low_pc
	.byte	1                               @ DW_FORM_addr
	.byte	18                              @ DW_AT_high_pc
	.byte	1                               @ DW_FORM_addr
	.byte	64                              @ DW_AT_frame_base
	.byte	10                              @ DW_FORM_block1
	.byte	3                               @ DW_AT_name
	.byte	14                              @ DW_FORM_strp
	.byte	58                              @ DW_AT_decl_file
	.byte	11                              @ DW_FORM_data1
	.byte	59                              @ DW_AT_decl_line
	.byte	11                              @ DW_FORM_data1
	.byte	39                              @ DW_AT_prototyped
	.byte	12                              @ DW_FORM_flag
	.byte	73                              @ DW_AT_type
	.byte	19                              @ DW_FORM_ref4
	.byte	63                              @ DW_AT_external
	.byte	12                              @ DW_FORM_flag
	.byte	0                               @ EOM(1)
	.byte	0                               @ EOM(2)
	.byte	6                               @ Abbreviation Code
	.byte	5                               @ DW_TAG_formal_parameter
	.byte	0                               @ DW_CHILDREN_no
	.byte	2                               @ DW_AT_location
	.byte	6                               @ DW_FORM_data4
	.byte	3                               @ DW_AT_name
	.byte	14                              @ DW_FORM_strp
	.byte	58                              @ DW_AT_decl_file
	.byte	11                              @ DW_FORM_data1
	.byte	59                              @ DW_AT_decl_line
	.byte	11                              @ DW_FORM_data1
	.byte	73                              @ DW_AT_type
	.byte	19                              @ DW_FORM_ref4
	.byte	0                               @ EOM(1)
	.byte	0                               @ EOM(2)
	.byte	7                               @ Abbreviation Code
	.byte	52                              @ DW_TAG_variable
	.byte	0                               @ DW_CHILDREN_no
	.byte	2                               @ DW_AT_location
	.byte	6                               @ DW_FORM_data4
	.byte	3                               @ DW_AT_name
	.byte	14                              @ DW_FORM_strp
	.byte	58                              @ DW_AT_decl_file
	.byte	11                              @ DW_FORM_data1
	.byte	59                              @ DW_AT_decl_line
	.byte	11                              @ DW_FORM_data1
	.byte	73                              @ DW_AT_type
	.byte	19                              @ DW_FORM_ref4
	.byte	0                               @ EOM(1)
	.byte	0                               @ EOM(2)
	.byte	8                               @ Abbreviation Code
	.byte	5                               @ DW_TAG_formal_parameter
	.byte	0                               @ DW_CHILDREN_no
	.byte	2                               @ DW_AT_location
	.byte	10                              @ DW_FORM_block1
	.byte	3                               @ DW_AT_name
	.byte	14                              @ DW_FORM_strp
	.byte	58                              @ DW_AT_decl_file
	.byte	11                              @ DW_FORM_data1
	.byte	59                              @ DW_AT_decl_line
	.byte	11                              @ DW_FORM_data1
	.byte	73                              @ DW_AT_type
	.byte	19                              @ DW_FORM_ref4
	.byte	0                               @ EOM(1)
	.byte	0                               @ EOM(2)
	.byte	9                               @ Abbreviation Code
	.byte	52                              @ DW_TAG_variable
	.byte	0                               @ DW_CHILDREN_no
	.byte	3                               @ DW_AT_name
	.byte	14                              @ DW_FORM_strp
	.byte	58                              @ DW_AT_decl_file
	.byte	11                              @ DW_FORM_data1
	.byte	59                              @ DW_AT_decl_line
	.byte	11                              @ DW_FORM_data1
	.byte	73                              @ DW_AT_type
	.byte	19                              @ DW_FORM_ref4
	.byte	0                               @ EOM(1)
	.byte	0                               @ EOM(2)
	.byte	10                              @ Abbreviation Code
	.byte	11                              @ DW_TAG_lexical_block
	.byte	1                               @ DW_CHILDREN_yes
	.byte	17                              @ DW_AT_low_pc
	.byte	1                               @ DW_FORM_addr
	.byte	18                              @ DW_AT_high_pc
	.byte	1                               @ DW_FORM_addr
	.byte	0                               @ EOM(1)
	.byte	0                               @ EOM(2)
	.byte	11                              @ Abbreviation Code
	.byte	46                              @ DW_TAG_subprogram
	.byte	1                               @ DW_CHILDREN_yes
	.byte	17                              @ DW_AT_low_pc
	.byte	1                               @ DW_FORM_addr
	.byte	18                              @ DW_AT_high_pc
	.byte	1                               @ DW_FORM_addr
	.byte	64                              @ DW_AT_frame_base
	.byte	10                              @ DW_FORM_block1
	.byte	3                               @ DW_AT_name
	.byte	14                              @ DW_FORM_strp
	.byte	58                              @ DW_AT_decl_file
	.byte	11                              @ DW_FORM_data1
	.byte	59                              @ DW_AT_decl_line
	.byte	11                              @ DW_FORM_data1
	.byte	39                              @ DW_AT_prototyped
	.byte	12                              @ DW_FORM_flag
	.byte	63                              @ DW_AT_external
	.byte	12                              @ DW_FORM_flag
	.byte	0                               @ EOM(1)
	.byte	0                               @ EOM(2)
	.byte	12                              @ Abbreviation Code
	.byte	52                              @ DW_TAG_variable
	.byte	0                               @ DW_CHILDREN_no
	.byte	28                              @ DW_AT_const_value
	.byte	13                              @ DW_FORM_sdata
	.byte	3                               @ DW_AT_name
	.byte	14                              @ DW_FORM_strp
	.byte	58                              @ DW_AT_decl_file
	.byte	11                              @ DW_FORM_data1
	.byte	59                              @ DW_AT_decl_line
	.byte	11                              @ DW_FORM_data1
	.byte	73                              @ DW_AT_type
	.byte	19                              @ DW_FORM_ref4
	.byte	0                               @ EOM(1)
	.byte	0                               @ EOM(2)
	.byte	13                              @ Abbreviation Code
	.byte	38                              @ DW_TAG_const_type
	.byte	0                               @ DW_CHILDREN_no
	.byte	73                              @ DW_AT_type
	.byte	19                              @ DW_FORM_ref4
	.byte	0                               @ EOM(1)
	.byte	0                               @ EOM(2)
	.byte	0                               @ EOM(3)
	.section	.debug_info,"",%progbits
.Lcu_begin0:
	.long	.Ldebug_info_end0-.Ldebug_info_start0 @ Length of Unit
.Ldebug_info_start0:
	.short	3                               @ DWARF version number
	.long	.debug_abbrev                   @ Offset Into Abbrev. Section
	.byte	4                               @ Address Size (in bytes)
	.byte	1                               @ Abbrev [1] 0xb:0x29d DW_TAG_compile_unit
	.long	.Linfo_string0                  @ DW_AT_producer
	.short	12                              @ DW_AT_language
	.long	.Linfo_string1                  @ DW_AT_name
	.long	.Lline_table_start0             @ DW_AT_stmt_list
	.long	.Linfo_string2                  @ DW_AT_comp_dir
	.long	0                               @ DW_AT_low_pc
	.long	.Ldebug_ranges0                 @ DW_AT_ranges
	.byte	2                               @ Abbrev [2] 0x26:0xb DW_TAG_typedef
	.long	49                              @ DW_AT_type
	.long	.Linfo_string5                  @ DW_AT_name
	.byte	2                               @ DW_AT_decl_file
	.byte	121                             @ DW_AT_decl_line
	.byte	2                               @ Abbrev [2] 0x31:0xb DW_TAG_typedef
	.long	60                              @ DW_AT_type
	.long	.Linfo_string4                  @ DW_AT_name
	.byte	1                               @ DW_AT_decl_file
	.byte	63                              @ DW_AT_decl_line
	.byte	3                               @ Abbrev [3] 0x3c:0x7 DW_TAG_base_type
	.long	.Linfo_string3                  @ DW_AT_name
	.byte	7                               @ DW_AT_encoding
	.byte	2                               @ DW_AT_byte_size
	.byte	2                               @ Abbrev [2] 0x43:0xb DW_TAG_typedef
	.long	78                              @ DW_AT_type
	.long	.Linfo_string8                  @ DW_AT_name
	.byte	2                               @ DW_AT_decl_file
	.byte	123                             @ DW_AT_decl_line
	.byte	2                               @ Abbrev [2] 0x4e:0xb DW_TAG_typedef
	.long	89                              @ DW_AT_type
	.long	.Linfo_string7                  @ DW_AT_name
	.byte	1                               @ DW_AT_decl_file
	.byte	64                              @ DW_AT_decl_line
	.byte	3                               @ Abbrev [3] 0x59:0x7 DW_TAG_base_type
	.long	.Linfo_string6                  @ DW_AT_name
	.byte	7                               @ DW_AT_encoding
	.byte	4                               @ DW_AT_byte_size
	.byte	4                               @ Abbrev [4] 0x60:0x5 DW_TAG_pointer_type
	.long	101                             @ DW_AT_type
	.byte	3                               @ Abbrev [3] 0x65:0x7 DW_TAG_base_type
	.long	.Linfo_string9                  @ DW_AT_name
	.byte	6                               @ DW_AT_encoding
	.byte	1                               @ DW_AT_byte_size
	.byte	2                               @ Abbrev [2] 0x6c:0xb DW_TAG_typedef
	.long	119                             @ DW_AT_type
	.long	.Linfo_string11                 @ DW_AT_name
	.byte	3                               @ DW_AT_decl_file
	.byte	38                              @ DW_AT_decl_line
	.byte	3                               @ Abbrev [3] 0x77:0x7 DW_TAG_base_type
	.long	.Linfo_string10                 @ DW_AT_name
	.byte	5                               @ DW_AT_encoding
	.byte	4                               @ DW_AT_byte_size
	.byte	5                               @ Abbrev [5] 0x7e:0x27 DW_TAG_subprogram
	.long	.Lfunc_begin0                   @ DW_AT_low_pc
	.long	.Lfunc_end0                     @ DW_AT_high_pc
	.byte	1                               @ DW_AT_frame_base
	.byte	93
	.long	.Linfo_string12                 @ DW_AT_name
	.byte	4                               @ DW_AT_decl_file
	.byte	76                              @ DW_AT_decl_line
	.byte	1                               @ DW_AT_prototyped
	.long	38                              @ DW_AT_type
	.byte	1                               @ DW_AT_external
	.byte	6                               @ Abbrev [6] 0x95:0xf DW_TAG_formal_parameter
	.long	.Ldebug_loc0                    @ DW_AT_location
	.long	.Linfo_string18                 @ DW_AT_name
	.byte	4                               @ DW_AT_decl_file
	.byte	76                              @ DW_AT_decl_line
	.long	38                              @ DW_AT_type
	.byte	0                               @ End Of Children Mark
	.byte	5                               @ Abbrev [5] 0xa5:0x27 DW_TAG_subprogram
	.long	.Lfunc_begin1                   @ DW_AT_low_pc
	.long	.Lfunc_end1                     @ DW_AT_high_pc
	.byte	1                               @ DW_AT_frame_base
	.byte	93
	.long	.Linfo_string13                 @ DW_AT_name
	.byte	4                               @ DW_AT_decl_file
	.byte	90                              @ DW_AT_decl_line
	.byte	1                               @ DW_AT_prototyped
	.long	67                              @ DW_AT_type
	.byte	1                               @ DW_AT_external
	.byte	6                               @ Abbrev [6] 0xbc:0xf DW_TAG_formal_parameter
	.long	.Ldebug_loc1                    @ DW_AT_location
	.long	.Linfo_string18                 @ DW_AT_name
	.byte	4                               @ DW_AT_decl_file
	.byte	90                              @ DW_AT_decl_line
	.long	67                              @ DW_AT_type
	.byte	0                               @ End Of Children Mark
	.byte	5                               @ Abbrev [5] 0xcc:0x63 DW_TAG_subprogram
	.long	.Lfunc_begin2                   @ DW_AT_low_pc
	.long	.Lfunc_end2                     @ DW_AT_high_pc
	.byte	1                               @ DW_AT_frame_base
	.byte	93
	.long	.Linfo_string14                 @ DW_AT_name
	.byte	4                               @ DW_AT_decl_file
	.byte	105                             @ DW_AT_decl_line
	.byte	1                               @ DW_AT_prototyped
	.long	96                              @ DW_AT_type
	.byte	1                               @ DW_AT_external
	.byte	6                               @ Abbrev [6] 0xe3:0xf DW_TAG_formal_parameter
	.long	.Ldebug_loc2                    @ DW_AT_location
	.long	.Linfo_string19                 @ DW_AT_name
	.byte	4                               @ DW_AT_decl_file
	.byte	105                             @ DW_AT_decl_line
	.long	653                             @ DW_AT_type
	.byte	6                               @ Abbrev [6] 0xf2:0xf DW_TAG_formal_parameter
	.long	.Ldebug_loc3                    @ DW_AT_location
	.long	.Linfo_string20                 @ DW_AT_name
	.byte	4                               @ DW_AT_decl_file
	.byte	105                             @ DW_AT_decl_line
	.long	653                             @ DW_AT_type
	.byte	6                               @ Abbrev [6] 0x101:0xf DW_TAG_formal_parameter
	.long	.Ldebug_loc4                    @ DW_AT_location
	.long	.Linfo_string18                 @ DW_AT_name
	.byte	4                               @ DW_AT_decl_file
	.byte	105                             @ DW_AT_decl_line
	.long	663                             @ DW_AT_type
	.byte	7                               @ Abbrev [7] 0x110:0xf DW_TAG_variable
	.long	.Ldebug_loc5                    @ DW_AT_location
	.long	.Linfo_string22                 @ DW_AT_name
	.byte	4                               @ DW_AT_decl_file
	.byte	108                             @ DW_AT_decl_line
	.long	663                             @ DW_AT_type
	.byte	7                               @ Abbrev [7] 0x11f:0xf DW_TAG_variable
	.long	.Ldebug_loc6                    @ DW_AT_location
	.long	.Linfo_string23                 @ DW_AT_name
	.byte	4                               @ DW_AT_decl_file
	.byte	107                             @ DW_AT_decl_line
	.long	653                             @ DW_AT_type
	.byte	0                               @ End Of Children Mark
	.byte	5                               @ Abbrev [5] 0x12f:0x63 DW_TAG_subprogram
	.long	.Lfunc_begin3                   @ DW_AT_low_pc
	.long	.Lfunc_end3                     @ DW_AT_high_pc
	.byte	1                               @ DW_AT_frame_base
	.byte	93
	.long	.Linfo_string15                 @ DW_AT_name
	.byte	4                               @ DW_AT_decl_file
	.byte	128                             @ DW_AT_decl_line
	.byte	1                               @ DW_AT_prototyped
	.long	119                             @ DW_AT_type
	.byte	1                               @ DW_AT_external
	.byte	6                               @ Abbrev [6] 0x146:0xf DW_TAG_formal_parameter
	.long	.Ldebug_loc7                    @ DW_AT_location
	.long	.Linfo_string24                 @ DW_AT_name
	.byte	4                               @ DW_AT_decl_file
	.byte	128                             @ DW_AT_decl_line
	.long	653                             @ DW_AT_type
	.byte	8                               @ Abbrev [8] 0x155:0xd DW_TAG_formal_parameter
	.byte	1                               @ DW_AT_location
	.byte	81
	.long	.Linfo_string25                 @ DW_AT_name
	.byte	4                               @ DW_AT_decl_file
	.byte	128                             @ DW_AT_decl_line
	.long	653                             @ DW_AT_type
	.byte	9                               @ Abbrev [9] 0x162:0xb DW_TAG_variable
	.long	.Linfo_string26                 @ DW_AT_name
	.byte	4                               @ DW_AT_decl_file
	.byte	130                             @ DW_AT_decl_line
	.long	101                             @ DW_AT_type
	.byte	9                               @ Abbrev [9] 0x16d:0xb DW_TAG_variable
	.long	.Linfo_string27                 @ DW_AT_name
	.byte	4                               @ DW_AT_decl_file
	.byte	130                             @ DW_AT_decl_line
	.long	101                             @ DW_AT_type
	.byte	10                              @ Abbrev [10] 0x178:0x19 DW_TAG_lexical_block
	.long	.Ltmp29                         @ DW_AT_low_pc
	.long	.Ltmp32                         @ DW_AT_high_pc
	.byte	7                               @ Abbrev [7] 0x181:0xf DW_TAG_variable
	.long	.Ldebug_loc8                    @ DW_AT_location
	.long	.Linfo_string28                 @ DW_AT_name
	.byte	4                               @ DW_AT_decl_file
	.byte	136                             @ DW_AT_decl_line
	.long	101                             @ DW_AT_type
	.byte	0                               @ End Of Children Mark
	.byte	0                               @ End Of Children Mark
	.byte	5                               @ Abbrev [5] 0x192:0x72 DW_TAG_subprogram
	.long	.Lfunc_begin4                   @ DW_AT_low_pc
	.long	.Lfunc_end4                     @ DW_AT_high_pc
	.byte	1                               @ DW_AT_frame_base
	.byte	93
	.long	.Linfo_string16                 @ DW_AT_name
	.byte	4                               @ DW_AT_decl_file
	.byte	163                             @ DW_AT_decl_line
	.byte	1                               @ DW_AT_prototyped
	.long	119                             @ DW_AT_type
	.byte	1                               @ DW_AT_external
	.byte	6                               @ Abbrev [6] 0x1a9:0xf DW_TAG_formal_parameter
	.long	.Ldebug_loc9                    @ DW_AT_location
	.long	.Linfo_string24                 @ DW_AT_name
	.byte	4                               @ DW_AT_decl_file
	.byte	163                             @ DW_AT_decl_line
	.long	653                             @ DW_AT_type
	.byte	8                               @ Abbrev [8] 0x1b8:0xd DW_TAG_formal_parameter
	.byte	1                               @ DW_AT_location
	.byte	81
	.long	.Linfo_string25                 @ DW_AT_name
	.byte	4                               @ DW_AT_decl_file
	.byte	163                             @ DW_AT_decl_line
	.long	653                             @ DW_AT_type
	.byte	6                               @ Abbrev [6] 0x1c5:0xf DW_TAG_formal_parameter
	.long	.Ldebug_loc10                   @ DW_AT_location
	.long	.Linfo_string29                 @ DW_AT_name
	.byte	4                               @ DW_AT_decl_file
	.byte	163                             @ DW_AT_decl_line
	.long	663                             @ DW_AT_type
	.byte	9                               @ Abbrev [9] 0x1d4:0xb DW_TAG_variable
	.long	.Linfo_string26                 @ DW_AT_name
	.byte	4                               @ DW_AT_decl_file
	.byte	165                             @ DW_AT_decl_line
	.long	101                             @ DW_AT_type
	.byte	9                               @ Abbrev [9] 0x1df:0xb DW_TAG_variable
	.long	.Linfo_string27                 @ DW_AT_name
	.byte	4                               @ DW_AT_decl_file
	.byte	165                             @ DW_AT_decl_line
	.long	101                             @ DW_AT_type
	.byte	10                              @ Abbrev [10] 0x1ea:0x19 DW_TAG_lexical_block
	.long	.Ltmp40                         @ DW_AT_low_pc
	.long	.Ltmp43                         @ DW_AT_high_pc
	.byte	7                               @ Abbrev [7] 0x1f3:0xf DW_TAG_variable
	.long	.Ldebug_loc11                   @ DW_AT_location
	.long	.Linfo_string28                 @ DW_AT_name
	.byte	4                               @ DW_AT_decl_file
	.byte	171                             @ DW_AT_decl_line
	.long	101                             @ DW_AT_type
	.byte	0                               @ End Of Children Mark
	.byte	0                               @ End Of Children Mark
	.byte	11                              @ Abbrev [11] 0x204:0x89 DW_TAG_subprogram
	.long	.Lfunc_begin5                   @ DW_AT_low_pc
	.long	.Lfunc_end5                     @ DW_AT_high_pc
	.byte	1                               @ DW_AT_frame_base
	.byte	93
	.long	.Linfo_string17                 @ DW_AT_name
	.byte	4                               @ DW_AT_decl_file
	.byte	198                             @ DW_AT_decl_line
	.byte	1                               @ DW_AT_prototyped
	.byte	1                               @ DW_AT_external
	.byte	6                               @ Abbrev [6] 0x217:0xf DW_TAG_formal_parameter
	.long	.Ldebug_loc12                   @ DW_AT_location
	.long	.Linfo_string30                 @ DW_AT_name
	.byte	4                               @ DW_AT_decl_file
	.byte	198                             @ DW_AT_decl_line
	.long	96                              @ DW_AT_type
	.byte	6                               @ Abbrev [6] 0x226:0xf DW_TAG_formal_parameter
	.long	.Ldebug_loc13                   @ DW_AT_location
	.long	.Linfo_string31                 @ DW_AT_name
	.byte	4                               @ DW_AT_decl_file
	.byte	198                             @ DW_AT_decl_line
	.long	663                             @ DW_AT_type
	.byte	6                               @ Abbrev [6] 0x235:0xf DW_TAG_formal_parameter
	.long	.Ldebug_loc14                   @ DW_AT_location
	.long	.Linfo_string32                 @ DW_AT_name
	.byte	4                               @ DW_AT_decl_file
	.byte	198                             @ DW_AT_decl_line
	.long	119                             @ DW_AT_type
	.byte	7                               @ Abbrev [7] 0x244:0xf DW_TAG_variable
	.long	.Ldebug_loc15                   @ DW_AT_location
	.long	.Linfo_string33                 @ DW_AT_name
	.byte	4                               @ DW_AT_decl_file
	.byte	201                             @ DW_AT_decl_line
	.long	96                              @ DW_AT_type
	.byte	7                               @ Abbrev [7] 0x253:0xf DW_TAG_variable
	.long	.Ldebug_loc16                   @ DW_AT_location
	.long	.Linfo_string34                 @ DW_AT_name
	.byte	4                               @ DW_AT_decl_file
	.byte	201                             @ DW_AT_decl_line
	.long	96                              @ DW_AT_type
	.byte	12                              @ Abbrev [12] 0x262:0xc DW_TAG_variable
	.byte	10                              @ DW_AT_const_value
	.long	.Linfo_string35                 @ DW_AT_name
	.byte	4                               @ DW_AT_decl_file
	.byte	200                             @ DW_AT_decl_line
	.long	674                             @ DW_AT_type
	.byte	7                               @ Abbrev [7] 0x26e:0xf DW_TAG_variable
	.long	.Ldebug_loc17                   @ DW_AT_location
	.long	.Linfo_string36                 @ DW_AT_name
	.byte	4                               @ DW_AT_decl_file
	.byte	202                             @ DW_AT_decl_line
	.long	119                             @ DW_AT_type
	.byte	7                               @ Abbrev [7] 0x27d:0xf DW_TAG_variable
	.long	.Ldebug_loc18                   @ DW_AT_location
	.long	.Linfo_string37                 @ DW_AT_name
	.byte	4                               @ DW_AT_decl_file
	.byte	201                             @ DW_AT_decl_line
	.long	101                             @ DW_AT_type
	.byte	0                               @ End Of Children Mark
	.byte	4                               @ Abbrev [4] 0x28d:0x5 DW_TAG_pointer_type
	.long	658                             @ DW_AT_type
	.byte	13                              @ Abbrev [13] 0x292:0x5 DW_TAG_const_type
	.long	101                             @ DW_AT_type
	.byte	2                               @ Abbrev [2] 0x297:0xb DW_TAG_typedef
	.long	89                              @ DW_AT_type
	.long	.Linfo_string21                 @ DW_AT_name
	.byte	5                               @ DW_AT_decl_file
	.byte	71                              @ DW_AT_decl_line
	.byte	13                              @ Abbrev [13] 0x2a2:0x5 DW_TAG_const_type
	.long	119                             @ DW_AT_type
	.byte	0                               @ End Of Children Mark
.Ldebug_info_end0:
	.section	.debug_ranges,"",%progbits
.Ldebug_ranges0:
	.long	.Lfunc_begin0
	.long	.Lfunc_end0
	.long	.Lfunc_begin1
	.long	.Lfunc_end1
	.long	.Lfunc_begin2
	.long	.Lfunc_end2
	.long	.Lfunc_begin3
	.long	.Lfunc_end3
	.long	.Lfunc_begin4
	.long	.Lfunc_end4
	.long	.Lfunc_begin5
	.long	.Lfunc_end5
	.long	0
	.long	0
	.section	.debug_str,"MS",%progbits,1
.Linfo_string0:
	.asciz	"Component: ARM Compiler 6.16 Tool: armclang [5dfeb700]" @ string offset=0
.Linfo_string1:
	.asciz	"rt-thread/components/net/lwip-2.0.2/src/core\\def.c" @ string offset=55
.Linfo_string2:
	.asciz	"E:\\Smart-access-control\\Hardware\\CODE" @ string offset=106
.Linfo_string3:
	.asciz	"unsigned short"                @ string offset=144
.Linfo_string4:
	.asciz	"uint16_t"                      @ string offset=159
.Linfo_string5:
	.asciz	"u16_t"                         @ string offset=168
.Linfo_string6:
	.asciz	"unsigned int"                  @ string offset=174
.Linfo_string7:
	.asciz	"uint32_t"                      @ string offset=187
.Linfo_string8:
	.asciz	"u32_t"                         @ string offset=196
.Linfo_string9:
	.asciz	"char"                          @ string offset=202
.Linfo_string10:
	.asciz	"int"                           @ string offset=207
.Linfo_string11:
	.asciz	"ptrdiff_t"                     @ string offset=211
.Linfo_string12:
	.asciz	"lwip_htons"                    @ string offset=221
.Linfo_string13:
	.asciz	"lwip_htonl"                    @ string offset=232
.Linfo_string14:
	.asciz	"lwip_strnstr"                  @ string offset=243
.Linfo_string15:
	.asciz	"lwip_stricmp"                  @ string offset=256
.Linfo_string16:
	.asciz	"lwip_strnicmp"                 @ string offset=269
.Linfo_string17:
	.asciz	"lwip_itoa"                     @ string offset=283
.Linfo_string18:
	.asciz	"n"                             @ string offset=293
.Linfo_string19:
	.asciz	"buffer"                        @ string offset=295
.Linfo_string20:
	.asciz	"token"                         @ string offset=302
.Linfo_string21:
	.asciz	"size_t"                        @ string offset=308
.Linfo_string22:
	.asciz	"tokenlen"                      @ string offset=315
.Linfo_string23:
	.asciz	"p"                             @ string offset=324
.Linfo_string24:
	.asciz	"str1"                          @ string offset=326
.Linfo_string25:
	.asciz	"str2"                          @ string offset=331
.Linfo_string26:
	.asciz	"c1"                            @ string offset=336
.Linfo_string27:
	.asciz	"c2"                            @ string offset=339
.Linfo_string28:
	.asciz	"c1_upc"                        @ string offset=342
.Linfo_string29:
	.asciz	"len"                           @ string offset=349
.Linfo_string30:
	.asciz	"result"                        @ string offset=353
.Linfo_string31:
	.asciz	"bufsize"                       @ string offset=360
.Linfo_string32:
	.asciz	"number"                        @ string offset=368
.Linfo_string33:
	.asciz	"ptr"                           @ string offset=375
.Linfo_string34:
	.asciz	"ptr1"                          @ string offset=379
.Linfo_string35:
	.asciz	"base"                          @ string offset=384
.Linfo_string36:
	.asciz	"tmp_value"                     @ string offset=389
.Linfo_string37:
	.asciz	"tmp_char"                      @ string offset=399
	.ident	"Component: ARM Compiler 6.16 Tool: armclang [5dfeb700]"
	.section	".note.GNU-stack","",%progbits
	.eabi_attribute	30, 1	@ Tag_ABI_optimization_goals
	.ARM_attribute	16, 1	@ Tag_AV_eba
	.section	.debug_line,"",%progbits
.Lline_table_start0:
