	.text
	.syntax unified
	.eabi_attribute	67, "2.09"	@ Tag_conformance
	.cpu	cortex-m7
	.eabi_attribute	6, 13	@ Tag_CPU_arch
	.eabi_attribute	7, 77	@ Tag_CPU_arch_profile
	.eabi_attribute	8, 0	@ Tag_ARM_ISA_use
	.eabi_attribute	9, 2	@ Tag_THUMB_ISA_use
	.fpu	fpv5-d16
	.eabi_attribute	36, 1	@ Tag_FP_HP_extension
	.eabi_attribute	34, 1	@ Tag_CPU_unaligned_access
	.eabi_attribute	17, 1	@ Tag_ABI_PCS_GOT_use
	.eabi_attribute	20, 2	@ Tag_ABI_FP_denormal
	.eabi_attribute	21, 0	@ Tag_ABI_FP_exceptions
	.eabi_attribute	23, 1	@ Tag_ABI_FP_number_model
	.eabi_attribute	24, 1	@ Tag_ABI_align_needed
	.eabi_attribute	25, 1	@ Tag_ABI_align_preserved
	.eabi_attribute	28, 1	@ Tag_ABI_VFP_args
	.eabi_attribute	38, 1	@ Tag_ABI_FP_16bit_format
	.eabi_attribute	18, 2	@ Tag_ABI_PCS_wchar_t
	.eabi_attribute	26, 1	@ Tag_ABI_enum_size
	.eabi_attribute	14, 0	@ Tag_ABI_PCS_R9_use
	.file	"drv_wlan.c"
	.file	1 "E:\\Smart-access-control\\Hardware\\CODE" "rt-thread/include\\rtdef.h"
	.file	2 "E:\\Smart-access-control\\Hardware\\CODE" "libraries/drivers/drv_wlan.c"
	.file	3 "D:\\Keil_v5\\ARM\\ARMCLANG\\Bin\\..\\include" "stdint.h"
	.file	4 "E:\\Smart-access-control\\Hardware\\CODE" "./packages/fal-v0.5.0/inc/fal_def.h"
	.file	5 "D:\\Keil_v5\\ARM\\ARMCLANG\\Bin\\..\\include" "time.h"
	.file	6 "E:\\Smart-access-control\\Hardware\\CODE" "./rt-thread/components/drivers/wlan\\wlan_dev.h"
	.section	.text.wiced_platform_resource_size,"ax",%progbits
	.hidden	wiced_platform_resource_size    @ -- Begin function wiced_platform_resource_size
	.globl	wiced_platform_resource_size
	.p2align	3
	.type	wiced_platform_resource_size,%function
	.code	16                              @ @wiced_platform_resource_size
	.thumb_func
wiced_platform_resource_size:
.Lfunc_begin0:
	.loc	2 107 0                         @ libraries/drivers/drv_wlan.c:107:0
	.fnstart
	.cfi_sections .debug_frame
	.cfi_startproc
@ %bb.0:
	@DEBUG_VALUE: wiced_platform_resource_size:resource <- $r0
	@DEBUG_VALUE: wiced_platform_resource_size:resource <- $r0
	@DEBUG_VALUE: wiced_platform_resource_size:size <- 0
	.loc	2 111 9 prologue_end            @ libraries/drivers/drv_wlan.c:111:9
	cmp	r0, #1
	beq	.LBB0_3
.Ltmp0:
@ %bb.1:
	@DEBUG_VALUE: wiced_platform_resource_size:resource <- $r0
	@DEBUG_VALUE: wiced_platform_resource_size:size <- 0
	cbnz	r0, .LBB0_4
.Ltmp1:
@ %bb.2:
	@DEBUG_VALUE: wiced_platform_resource_size:resource <- $r0
	@DEBUG_VALUE: wiced_platform_resource_size:size <- 0
	.save	{r7, lr}
	push	{r7, lr}
	.cfi_def_cfa_offset 8
	.cfi_offset lr, -4
	.cfi_offset r7, -8
.Ltmp2:
	.loc	2 113 39                        @ libraries/drivers/drv_wlan.c:113:39
	movw	r0, :lower16:partition
.Ltmp3:
	@DEBUG_VALUE: wiced_platform_resource_size:resource <- [DW_OP_LLVM_entry_value 1] $r0
	movt	r0, :upper16:partition
	ldr	r0, [r0]
	.loc	2 113 16 is_stmt 0              @ libraries/drivers/drv_wlan.c:113:16
	bl	rt_ota_get_raw_fw_size
.Ltmp4:
	@DEBUG_VALUE: wiced_platform_resource_size:size <- $r0
	.loc	2 114 5 is_stmt 1               @ libraries/drivers/drv_wlan.c:114:5
	pop	{r7, pc}
.Ltmp5:
.LBB0_3:
	@DEBUG_VALUE: wiced_platform_resource_size:resource <- $r0
	@DEBUG_VALUE: wiced_platform_resource_size:size <- 0
	.loc	2 0 5 is_stmt 0                 @ libraries/drivers/drv_wlan.c:0:5
	movw	r0, #630
.Ltmp6:
	@DEBUG_VALUE: wiced_platform_resource_size:resource <- [DW_OP_LLVM_entry_value 1] $r0
	@DEBUG_VALUE: wiced_platform_resource_size:size <- 630
	@DEBUG_VALUE: wiced_platform_resource_size:size <- $r0
	.loc	2 120 5 is_stmt 1               @ libraries/drivers/drv_wlan.c:120:5
	bx	lr
.Ltmp7:
.LBB0_4:
	@DEBUG_VALUE: wiced_platform_resource_size:resource <- $r0
	@DEBUG_VALUE: wiced_platform_resource_size:size <- 0
	.loc	2 0 5 is_stmt 0                 @ libraries/drivers/drv_wlan.c:0:5
	movs	r0, #0
.Ltmp8:
	@DEBUG_VALUE: wiced_platform_resource_size:resource <- [DW_OP_LLVM_entry_value 1] $r0
	@DEBUG_VALUE: wiced_platform_resource_size:size <- $r0
	.loc	2 120 5                         @ libraries/drivers/drv_wlan.c:120:5
	bx	lr
.Ltmp9:
.Lfunc_end0:
	.size	wiced_platform_resource_size, .Lfunc_end0-wiced_platform_resource_size
	.cfi_endproc
	.cantunwind
	.fnend
                                        @ -- End function
	.section	.text.wiced_platform_resource_read,"ax",%progbits
	.hidden	wiced_platform_resource_read    @ -- Begin function wiced_platform_resource_read
	.globl	wiced_platform_resource_read
	.p2align	3
	.type	wiced_platform_resource_read,%function
	.code	16                              @ @wiced_platform_resource_read
	.thumb_func
wiced_platform_resource_read:
.Lfunc_begin1:
	.loc	2 124 0 is_stmt 1               @ libraries/drivers/drv_wlan.c:124:0
	.fnstart
	.cfi_startproc
@ %bb.0:
	@DEBUG_VALUE: wiced_platform_resource_read:resource <- $r0
	@DEBUG_VALUE: wiced_platform_resource_read:resource <- $r0
	@DEBUG_VALUE: wiced_platform_resource_read:offset <- $r1
	@DEBUG_VALUE: wiced_platform_resource_read:buffer <- $r2
	@DEBUG_VALUE: wiced_platform_resource_read:buffer_size <- $r3
	.save	{r4, lr}
	push	{r4, lr}
	.cfi_def_cfa_offset 8
	.cfi_offset lr, -4
	.cfi_offset r4, -8
.Ltmp10:
	.loc	2 125 9 prologue_end            @ libraries/drivers/drv_wlan.c:125:9
	cmp	r0, #1
	mov	r4, r3
.Ltmp11:
	@DEBUG_VALUE: wiced_platform_resource_read:buffer_size <- $r4
	@DEBUG_VALUE: wiced_platform_resource_read:buffer_size <- $r4
	@DEBUG_VALUE: wiced_platform_resource_read:buffer <- $r2
	@DEBUG_VALUE: wiced_platform_resource_read:offset <- $r1
	beq	.LBB1_3
.Ltmp12:
@ %bb.1:
	@DEBUG_VALUE: wiced_platform_resource_read:buffer_size <- $r4
	@DEBUG_VALUE: wiced_platform_resource_read:buffer <- $r2
	@DEBUG_VALUE: wiced_platform_resource_read:offset <- $r1
	@DEBUG_VALUE: wiced_platform_resource_read:resource <- $r0
	cbnz	r0, .LBB1_4
.Ltmp13:
@ %bb.2:
	@DEBUG_VALUE: wiced_platform_resource_read:buffer_size <- $r4
	@DEBUG_VALUE: wiced_platform_resource_read:buffer <- $r2
	@DEBUG_VALUE: wiced_platform_resource_read:offset <- $r1
	@DEBUG_VALUE: wiced_platform_resource_read:resource <- $r0
	.loc	2 128 28                        @ libraries/drivers/drv_wlan.c:128:28
	movw	r0, :lower16:partition
.Ltmp14:
	@DEBUG_VALUE: wiced_platform_resource_read:resource <- [DW_OP_LLVM_entry_value 1] $r0
	.loc	2 128 9 is_stmt 0               @ libraries/drivers/drv_wlan.c:128:9
	mov	r3, r4
	.loc	2 128 28                        @ libraries/drivers/drv_wlan.c:128:28
	movt	r0, :upper16:partition
	ldr	r0, [r0]
	.loc	2 128 9                         @ libraries/drivers/drv_wlan.c:128:9
	bl	fal_partition_read
.Ltmp15:
	@DEBUG_VALUE: wiced_platform_resource_read:buffer <- [DW_OP_LLVM_entry_value 1] $r2
	@DEBUG_VALUE: wiced_platform_resource_read:offset <- [DW_OP_LLVM_entry_value 1] $r1
	.loc	2 135 5 is_stmt 1               @ libraries/drivers/drv_wlan.c:135:5
	mov	r0, r4
	pop	{r4, pc}
.Ltmp16:
.LBB1_3:
	@DEBUG_VALUE: wiced_platform_resource_read:buffer_size <- $r4
	@DEBUG_VALUE: wiced_platform_resource_read:buffer <- $r2
	@DEBUG_VALUE: wiced_platform_resource_read:offset <- $r1
	@DEBUG_VALUE: wiced_platform_resource_read:resource <- $r0
	.loc	2 132 25                        @ libraries/drivers/drv_wlan.c:132:25
	movw	r0, :lower16:wifi_nvram_image
.Ltmp17:
	@DEBUG_VALUE: wiced_platform_resource_read:resource <- [DW_OP_LLVM_entry_value 1] $r0
	movt	r0, :upper16:wifi_nvram_image
	add	r1, r0
.Ltmp18:
	@DEBUG_VALUE: wiced_platform_resource_read:offset <- [DW_OP_LLVM_entry_value 1] $r1
	.loc	2 132 9 is_stmt 0               @ libraries/drivers/drv_wlan.c:132:9
	mov	r0, r2
	mov	r2, r4
.Ltmp19:
	@DEBUG_VALUE: wiced_platform_resource_read:buffer <- [DW_OP_LLVM_entry_value 1] $r2
	bl	__aeabi_memcpy
.Ltmp20:
.LBB1_4:
	@DEBUG_VALUE: wiced_platform_resource_read:buffer_size <- $r4
	.loc	2 135 5 is_stmt 1               @ libraries/drivers/drv_wlan.c:135:5
	mov	r0, r4
	pop	{r4, pc}
.Ltmp21:
.Lfunc_end1:
	.size	wiced_platform_resource_read, .Lfunc_end1-wiced_platform_resource_read
	.cfi_endproc
	.cantunwind
	.fnend
                                        @ -- End function
	.section	.text.rt_hw_wlan_wait_init_done,"ax",%progbits
	.hidden	rt_hw_wlan_wait_init_done       @ -- Begin function rt_hw_wlan_wait_init_done
	.globl	rt_hw_wlan_wait_init_done
	.p2align	3
	.type	rt_hw_wlan_wait_init_done,%function
	.code	16                              @ @rt_hw_wlan_wait_init_done
	.thumb_func
rt_hw_wlan_wait_init_done:
.Lfunc_begin2:
	.loc	2 144 0                         @ libraries/drivers/drv_wlan.c:144:0
	.fnstart
	.cfi_startproc
@ %bb.0:
	@DEBUG_VALUE: rt_hw_wlan_wait_init_done:time_ms <- $r0
	.save	{r4, r5, r6, r7, lr}
	push	{r4, r5, r6, r7, lr}
	.cfi_def_cfa_offset 20
	.cfi_offset lr, -4
	.cfi_offset r7, -8
	.cfi_offset r6, -12
	.cfi_offset r5, -16
	.cfi_offset r4, -20
	.pad	#4
	sub	sp, #4
	.cfi_def_cfa_offset 24
	movw	r1, #34079
	movw	r7, :lower16:init_flag
	movt	r1, #20971
	@DEBUG_VALUE: rt_hw_wlan_wait_init_done:time_ms <- $r0
	movs	r5, #0
	umull	r0, r1, r0, r1
.Ltmp22:
	@DEBUG_VALUE: rt_hw_wlan_wait_init_done:time_ms <- [DW_OP_LLVM_entry_value 1] $r0
	movs	r0, #1
.Ltmp23:
	@DEBUG_VALUE: rt_hw_wlan_wait_init_done:time_cnt <- 0
	movt	r7, :upper16:init_flag
	lsrs	r4, r1, #5
.Ltmp24:
	.loc	2 148 5 prologue_end            @ libraries/drivers/drv_wlan.c:148:5
	add.w	r6, r0, r1, lsr #5
.Ltmp25:
	.p2align	2
.LBB2_1:                                @ =>This Inner Loop Header: Depth=1
	@DEBUG_VALUE: rt_hw_wlan_wait_init_done:time_ms <- [DW_OP_LLVM_entry_value 1] $r0
	@DEBUG_VALUE: rt_hw_wlan_wait_init_done:time_cnt <- $r5
	cmp	r6, r5
	beq	.LBB2_3
.Ltmp26:
@ %bb.2:                                @   in Loop: Header=BB2_1 Depth=1
	@DEBUG_VALUE: rt_hw_wlan_wait_init_done:time_cnt <- $r5
	@DEBUG_VALUE: rt_hw_wlan_wait_init_done:time_ms <- [DW_OP_LLVM_entry_value 1] $r0
	.loc	2 151 9                         @ libraries/drivers/drv_wlan.c:151:9
	movs	r0, #100
	.loc	2 150 17                        @ libraries/drivers/drv_wlan.c:150:17
	adds	r5, #1
.Ltmp27:
	@DEBUG_VALUE: rt_hw_wlan_wait_init_done:time_cnt <- $r5
	.loc	2 151 9                         @ libraries/drivers/drv_wlan.c:151:9
	bl	rt_thread_mdelay
.Ltmp28:
	.loc	2 152 13                        @ libraries/drivers/drv_wlan.c:152:13
	ldrb	r0, [r7]
.Ltmp29:
	.loc	2 152 13 is_stmt 0              @ libraries/drivers/drv_wlan.c:152:13
	cmp	r0, #1
	bne	.LBB2_1
	b	.LBB2_4
.Ltmp30:
.LBB2_3:
	@DEBUG_VALUE: rt_hw_wlan_wait_init_done:time_cnt <- $r5
	@DEBUG_VALUE: rt_hw_wlan_wait_init_done:time_ms <- [DW_OP_LLVM_entry_value 1] $r0
	.loc	2 0 0                           @ libraries/drivers/drv_wlan.c:0:0
	mov	r5, r6
.Ltmp31:
.LBB2_4:
	@DEBUG_VALUE: rt_hw_wlan_wait_init_done:time_ms <- [DW_OP_LLVM_entry_value 1] $r0
	@DEBUG_VALUE: rt_hw_wlan_wait_init_done:time_cnt <- $r5
	movs	r0, #0
	.loc	2 158 9 is_stmt 1               @ libraries/drivers/drv_wlan.c:158:9
	cmp	r5, r4
	it	hi
	mvnhi	r0, #1
	.loc	2 164 1                         @ libraries/drivers/drv_wlan.c:164:1
	add	sp, #4
	pop	{r4, r5, r6, r7, pc}
.Ltmp32:
.Lfunc_end2:
	.size	rt_hw_wlan_wait_init_done, .Lfunc_end2-rt_hw_wlan_wait_init_done
	.cfi_endproc
	.cantunwind
	.fnend
                                        @ -- End function
	.section	.text.rt_hw_wlan_init,"ax",%progbits
	.hidden	rt_hw_wlan_init                 @ -- Begin function rt_hw_wlan_init
	.globl	rt_hw_wlan_init
	.p2align	3
	.type	rt_hw_wlan_init,%function
	.code	16                              @ @rt_hw_wlan_init
	.thumb_func
rt_hw_wlan_init:
.Lfunc_begin3:
	.loc	2 224 0                         @ libraries/drivers/drv_wlan.c:224:0
	.fnstart
	.cfi_startproc
@ %bb.0:
	.save	{r7, lr}
	push	{r7, lr}
	.cfi_def_cfa_offset 8
	.cfi_offset lr, -4
	.cfi_offset r7, -8
	.pad	#8
	sub	sp, #8
	.cfi_def_cfa_offset 16
.Ltmp33:
	.loc	2 225 9 prologue_end            @ libraries/drivers/drv_wlan.c:225:9
	movw	r0, :lower16:init_flag
	movt	r0, :upper16:init_flag
	ldrb	r0, [r0]
.Ltmp34:
	.loc	2 225 9 is_stmt 0               @ libraries/drivers/drv_wlan.c:225:9
	cbnz	r0, .LBB3_3
@ %bb.1:
.Ltmp35:
	@DEBUG_VALUE: rt_hw_wlan_init:tid <- 0
	.loc	2 232 11 is_stmt 1              @ libraries/drivers/drv_wlan.c:232:11
	movw	r1, :lower16:wifi_init_thread_entry
	movs	r0, #16
	str	r0, [sp]
	adr	r0, .LCPI3_0
	movt	r1, :upper16:wifi_init_thread_entry
	movs	r2, #0
	mov.w	r3, #4096
	mov.w	r12, #20
	str.w	r12, [sp, #4]
	bl	rt_thread_create
.Ltmp36:
	@DEBUG_VALUE: rt_hw_wlan_init:tid <- $r0
	.loc	2 233 9                         @ libraries/drivers/drv_wlan.c:233:9
	cbz	r0, .LBB3_4
.Ltmp37:
@ %bb.2:
	@DEBUG_VALUE: rt_hw_wlan_init:tid <- $r0
	.loc	2 235 9                         @ libraries/drivers/drv_wlan.c:235:9
	bl	rt_thread_startup
.Ltmp38:
.LBB3_3:
	.loc	2 0 9 is_stmt 0                 @ libraries/drivers/drv_wlan.c:0:9
	movs	r0, #0
	.loc	2 244 1 is_stmt 1               @ libraries/drivers/drv_wlan.c:244:1
	add	sp, #8
	pop	{r7, pc}
.LBB3_4:
.Ltmp39:
	@DEBUG_VALUE: rt_hw_wlan_init:tid <- $r0
	.loc	2 239 9                         @ libraries/drivers/drv_wlan.c:239:9
	movw	r0, :lower16:.L.str.1
.Ltmp40:
	movt	r0, :upper16:.L.str.1
	bl	rt_kprintf
	adr	r0, .LCPI3_1
	bl	rt_kprintf
	movw	r0, :lower16:.L.str.3
	movt	r0, :upper16:.L.str.3
	bl	rt_kprintf
	mov.w	r0, #-1
.Ltmp41:
	.loc	2 244 1                         @ libraries/drivers/drv_wlan.c:244:1
	add	sp, #8
	pop	{r7, pc}
.Ltmp42:
	.p2align	2
@ %bb.5:
	.loc	2 0 1 is_stmt 0                 @ libraries/drivers/drv_wlan.c:0:1
.LCPI3_0:
.L.str:
	.asciz	"wifi_init\000\000"
.LCPI3_1:
.L.str.2:
	.asciz	"Create wifi initialization thread fail!"
.Lfunc_end3:
	.size	rt_hw_wlan_init, .Lfunc_end3-rt_hw_wlan_init
	.cfi_endproc
	.cantunwind
	.fnend
                                        @ -- End function
	.section	.text.wifi_init_thread_entry,"ax",%progbits
	.p2align	3                               @ -- Begin function wifi_init_thread_entry
	.type	wifi_init_thread_entry,%function
	.code	16                              @ @wifi_init_thread_entry
	.thumb_func
wifi_init_thread_entry:
.Lfunc_begin4:
	.loc	2 168 0 is_stmt 1               @ libraries/drivers/drv_wlan.c:168:0
	.fnstart
	.cfi_startproc
@ %bb.0:
	@DEBUG_VALUE: wifi_init_thread_entry:parameter <- $r0
	.save	{r4, r5, r7, lr}
	push	{r4, r5, r7, lr}
	.cfi_def_cfa_offset 16
	.cfi_offset lr, -4
	.cfi_offset r7, -8
	.cfi_offset r5, -12
	.cfi_offset r4, -16
.Ltmp43:
	.loc	2 170 5 prologue_end            @ libraries/drivers/drv_wlan.c:170:5
	bl	fal_init
.Ltmp44:
	@DEBUG_VALUE: wifi_init_thread_entry:parameter <- [DW_OP_LLVM_entry_value 1] $r0
	.loc	2 171 17                        @ libraries/drivers/drv_wlan.c:171:17
	movw	r0, :lower16:.L.str.4
	movt	r0, :upper16:.L.str.4
	bl	fal_partition_find
	.loc	2 171 15 is_stmt 0              @ libraries/drivers/drv_wlan.c:171:15
	movw	r5, :lower16:partition
	movt	r5, :upper16:partition
	str	r0, [r5]
	.loc	2 173 9 is_stmt 1               @ libraries/drivers/drv_wlan.c:173:9
	cbz	r0, .LBB4_6
.Ltmp45:
@ %bb.1:
	@DEBUG_VALUE: wifi_init_thread_entry:parameter <- [DW_OP_LLVM_entry_value 1] $r0
	@DEBUG_VALUE: result <- 0
	.loc	2 182 13                        @ libraries/drivers/drv_wlan.c:182:13
	bl	rt_ota_init
	.loc	2 182 32 is_stmt 0              @ libraries/drivers/drv_wlan.c:182:32
	cmp	r0, #0
	bmi	.LBB4_10
.Ltmp46:
@ %bb.2:
	@DEBUG_VALUE: result <- 0
	@DEBUG_VALUE: wifi_init_thread_entry:parameter <- [DW_OP_LLVM_entry_value 1] $r0
	.loc	2 182 57                        @ libraries/drivers/drv_wlan.c:182:57
	movw	r0, :lower16:.L.str.6
	movt	r0, :upper16:.L.str.6
	bl	fal_partition_find
	.loc	2 182 35                        @ libraries/drivers/drv_wlan.c:182:35
	bl	rt_ota_part_fw_verify
.Ltmp47:
	.loc	2 182 13                        @ libraries/drivers/drv_wlan.c:182:13
	cmp	r0, #0
	bmi	.LBB4_10
.Ltmp48:
@ %bb.3:
	@DEBUG_VALUE: result <- 0
	@DEBUG_VALUE: wifi_init_thread_entry:parameter <- [DW_OP_LLVM_entry_value 1] $r0
	.loc	2 185 17 is_stmt 1              @ libraries/drivers/drv_wlan.c:185:17
	bl	rt_ota_check_upgrade
	.loc	2 185 40 is_stmt 0              @ libraries/drivers/drv_wlan.c:185:40
	cbz	r0, .LBB4_7
.Ltmp49:
@ %bb.4:
	@DEBUG_VALUE: result <- 0
	@DEBUG_VALUE: wifi_init_thread_entry:parameter <- [DW_OP_LLVM_entry_value 1] $r0
	.loc	2 185 53                        @ libraries/drivers/drv_wlan.c:185:53
	bl	rt_ota_upgrade
	mov	r4, r0
.Ltmp50:
	@DEBUG_VALUE: result <- $r4
	.loc	2 185 17                        @ libraries/drivers/drv_wlan.c:185:17
	cmp.w	r0, #-1
	bgt	.LBB4_8
.Ltmp51:
@ %bb.5:
	@DEBUG_VALUE: result <- $r4
	@DEBUG_VALUE: wifi_init_thread_entry:parameter <- [DW_OP_LLVM_entry_value 1] $r0
	.loc	2 187 17 is_stmt 1              @ libraries/drivers/drv_wlan.c:187:17
	adr	r0, .LCPI4_0
	adr	r1, .LCPI4_1
	movs	r2, #187
	bl	__2printf
	adr	r0, .LCPI4_2
	bl	__2printf
	adr	r0, .LCPI4_3
	bl	puts
	b	.LBB4_8
.Ltmp52:
.LBB4_6:
	@DEBUG_VALUE: wifi_init_thread_entry:parameter <- [DW_OP_LLVM_entry_value 1] $r0
	.loc	2 175 9                         @ libraries/drivers/drv_wlan.c:175:9
	movw	r0, :lower16:.L.str.1
	movt	r0, :upper16:.L.str.1
	bl	rt_kprintf
	movw	r0, :lower16:.L.str.5
	movt	r0, :upper16:.L.str.5
	b	.LBB4_13
.Ltmp53:
.LBB4_7:
	@DEBUG_VALUE: result <- 0
	@DEBUG_VALUE: wifi_init_thread_entry:parameter <- [DW_OP_LLVM_entry_value 1] $r0
	.loc	2 0 9 is_stmt 0                 @ libraries/drivers/drv_wlan.c:0:9
	movs	r4, #0
.Ltmp54:
.LBB4_8:
	@DEBUG_VALUE: wifi_init_thread_entry:parameter <- [DW_OP_LLVM_entry_value 1] $r0
	@DEBUG_VALUE: result <- $r4
	.loc	2 193 17 is_stmt 1              @ libraries/drivers/drv_wlan.c:193:17
	cmp	r4, #0
	bmi	.LBB4_10
.Ltmp55:
@ %bb.9:
	@DEBUG_VALUE: result <- $r4
	@DEBUG_VALUE: wifi_init_thread_entry:parameter <- [DW_OP_LLVM_entry_value 1] $r0
	.loc	2 195 37                        @ libraries/drivers/drv_wlan.c:195:37
	movw	r0, :lower16:.L.str.6
	movt	r0, :upper16:.L.str.6
	bl	fal_partition_find
	.loc	2 195 17 is_stmt 0              @ libraries/drivers/drv_wlan.c:195:17
	movs	r1, #0
	mov.w	r2, #4096
	bl	fal_partition_erase
.Ltmp56:
.LBB4_10:
	@DEBUG_VALUE: wifi_init_thread_entry:parameter <- [DW_OP_LLVM_entry_value 1] $r0
	.loc	2 201 31 is_stmt 1              @ libraries/drivers/drv_wlan.c:201:31
	ldr	r0, [r5]
	.loc	2 201 9 is_stmt 0               @ libraries/drivers/drv_wlan.c:201:9
	bl	rt_ota_part_fw_verify
.Ltmp57:
	.loc	2 201 9                         @ libraries/drivers/drv_wlan.c:201:9
	cmp	r0, #0
	bmi	.LBB4_12
.Ltmp58:
@ %bb.11:
	@DEBUG_VALUE: wifi_init_thread_entry:parameter <- [DW_OP_LLVM_entry_value 1] $r0
	.loc	2 204 9 is_stmt 1               @ libraries/drivers/drv_wlan.c:204:9
	bl	wifi_hw_init
	.loc	2 207 25                        @ libraries/drivers/drv_wlan.c:207:25
	mov.w	r0, #1000
	bl	rt_tick_from_millisecond
	.loc	2 207 9 is_stmt 0               @ libraries/drivers/drv_wlan.c:207:9
	bl	rt_thread_delay
	.loc	2 210 9 is_stmt 1               @ libraries/drivers/drv_wlan.c:210:9
	adr	r0, .LCPI4_5
	movs	r1, #1
	movs	r4, #1
	bl	rt_wlan_set_mode
	.loc	2 214 19                        @ libraries/drivers/drv_wlan.c:214:19
	movw	r0, :lower16:init_flag
	movt	r0, :upper16:init_flag
	strb	r4, [r0]
.Ltmp59:
	.loc	2 221 1                         @ libraries/drivers/drv_wlan.c:221:1
	pop	{r4, r5, r7, pc}
.Ltmp60:
.LBB4_12:
	@DEBUG_VALUE: wifi_init_thread_entry:parameter <- [DW_OP_LLVM_entry_value 1] $r0
	.loc	2 219 9                         @ libraries/drivers/drv_wlan.c:219:9
	movw	r0, :lower16:.L.str.1
	movt	r0, :upper16:.L.str.1
	bl	rt_kprintf
	adr	r0, .LCPI4_4
.Ltmp61:
.LBB4_13:
	@DEBUG_VALUE: wifi_init_thread_entry:parameter <- [DW_OP_LLVM_entry_value 1] $r0
	.loc	2 0 0 is_stmt 0                 @ libraries/drivers/drv_wlan.c:0:0
	movw	r1, :lower16:.L.str.4
	movt	r1, :upper16:.L.str.4
	bl	rt_kprintf
	movw	r0, :lower16:.L.str.3
	movt	r0, :upper16:.L.str.3
	bl	rt_kprintf
	.loc	2 221 1 is_stmt 1               @ libraries/drivers/drv_wlan.c:221:1
	pop	{r4, r5, r7, pc}
.Ltmp62:
	.p2align	2
@ %bb.14:
	.loc	2 0 1 is_stmt 0                 @ libraries/drivers/drv_wlan.c:0:1
.LCPI4_0:
.L.str.7:
	.asciz	"\033[31;22m[E/OTA] (%s:%d) \000\000\000"
.LCPI4_1:
.L__FUNCTION__.wifi_init_thread_entry:
	.asciz	"wifi_init_thread_entry\000"
.LCPI4_2:
.L.str.8:
	.asciz	"OTA upgrade failed!"
.LCPI4_3:
.Lstr:
	.asciz	"\033[0m\000\000\000"
.LCPI4_4:
.L.str.10:
	.asciz	"Wi-Fi image was NOT found on %s partition!\000"
.LCPI4_5:
.L.str.9:
	.asciz	"wlan0\000\000"
.Lfunc_end4:
	.size	wifi_init_thread_entry, .Lfunc_end4-wifi_init_thread_entry
	.cfi_endproc
	.cantunwind
	.fnend
                                        @ -- End function
	.section	.text.ap6212_init,"ax",%progbits
	.p2align	3                               @ -- Begin function ap6212_init
	.type	ap6212_init,%function
	.code	16                              @ @ap6212_init
	.thumb_func
ap6212_init:
.Lfunc_begin5:
	.loc	2 249 0 is_stmt 1               @ libraries/drivers/drv_wlan.c:249:0
	.fnstart
	.cfi_startproc
@ %bb.0:
	.save	{r7, lr}
	push	{r7, lr}
	.cfi_def_cfa_offset 8
	.cfi_offset lr, -4
	.cfi_offset r7, -8
.Ltmp63:
	.loc	2 253 5 prologue_end            @ libraries/drivers/drv_wlan.c:253:5
	movs	r0, #45
	movs	r1, #0
	bl	rt_pin_mode
	.loc	2 254 5                         @ libraries/drivers/drv_wlan.c:254:5
	movs	r0, #45
	movs	r1, #1
	bl	rt_pin_write
	.loc	2 256 5                         @ libraries/drivers/drv_wlan.c:256:5
	movs	r0, #0
	pop	{r7, pc}
.Ltmp64:
.Lfunc_end5:
	.size	ap6212_init, .Lfunc_end5-ap6212_init
	.cfi_endproc
	.cantunwind
	.fnend
                                        @ -- End function
	.type	partition,%object               @ @partition
	.section	.bss.partition,"aw",%nobits
	.p2align	2
partition:
	.long	0
	.size	partition, 4

	.type	wifi_nvram_image,%object        @ @wifi_nvram_image
	.section	.rodata.wifi_nvram_image,"a",%progbits
	.p2align	6
wifi_nvram_image:
	.asciz	"manfid=0x2d0\000prodid=0x0726\000vendid=0x14e4\000devid=0x43e2\000boardtype=0x0726\000boardrev=0x1101\000boardnum=22\000xtalfreq=26000\000sromrev=11\000boardflags=0x00404201\000boardflags3=0x08000000\000macaddr=02:0A:F7:fe:86:1c\000nocrc=1\000ag0=255\000aa2g=1\000ccode=ALL\000swdiv_en=1\000swdiv_gpio=2\000pa0itssit=0x20\000extpagain2g=0\000pa2ga0=-215,5267,-656\000AvVmid_c0=0x0,0xc8\000cckpwroffset0=5\000maxp2ga0=80\000txpwrbckof=6\000cckbw202gpo=0x6666\000legofdmbw202gpo=0xaaaaaaaa\000mcsbw202gpo=0xbbbbbbbb\000propbw202gpo=0xdd\000ofdmdigfilttype=18\000ofdmdigfilttypebe=18\000papdmode=1\000papdvalidtest=1\000pacalidx2g=32\000papdepsoffset=-36\000papdendidx=61\000wl0id=0x431b\000deadman_to=0xffffffff\000muxenab=0x11\000spurconfig=0x3\000\000\000"
	.size	wifi_nvram_image, 630

	.type	init_flag,%object               @ @init_flag
	.section	.bss.init_flag,"aw",%nobits
	.p2align	2
init_flag:
	.byte	0                               @ 0x0
	.size	init_flag, 1

	.type	.L.str.1,%object                @ @.str.1
	.section	.rodata.str1.1,"aMS",%progbits,1
.L.str.1:
	.asciz	"\033[31m[E/WLAN] "
	.size	.L.str.1, 15

	.type	.L.str.3,%object                @ @.str.3
.L.str.3:
	.asciz	"\033[0m\n"
	.size	.L.str.3, 6

	.hidden	__rt_init_rt_hw_wlan_init       @ @__rt_init_rt_hw_wlan_init
	.type	__rt_init_rt_hw_wlan_init,%object
	.section	.rti_fn.6,"a",%progbits
	.globl	__rt_init_rt_hw_wlan_init
	.p2align	2
__rt_init_rt_hw_wlan_init:
__tagsym$$used.0:
	.long	rt_hw_wlan_init
	.size	__rt_init_rt_hw_wlan_init, 4

	.hidden	__rt_init_ap6212_init           @ @__rt_init_ap6212_init
	.type	__rt_init_ap6212_init,%object
	.section	.rti_fn.3,"a",%progbits
	.globl	__rt_init_ap6212_init
	.p2align	2
__rt_init_ap6212_init:
__tagsym$$used.1:
	.long	ap6212_init
	.size	__rt_init_ap6212_init, 4

	.type	.L.str.4,%object                @ @.str.4
	.section	.rodata.str1.1,"aMS",%progbits,1
.L.str.4:
	.asciz	"wifi_image"
	.size	.L.str.4, 11

	.type	.L.str.5,%object                @ @.str.5
.L.str.5:
	.asciz	"%s partition is not exist, please check your configuration!"
	.size	.L.str.5, 60

	.type	.L.str.6,%object                @ @.str.6
.L.str.6:
	.asciz	"download"
	.size	.L.str.6, 9

	.globl	__rt_init_ap6212_init
	.globl	__rt_init_rt_hw_wlan_init
	.globl	_printf_percent
	.globl	_printf_s
	.globl	_printf_d
	.globl	_printf_int_dec
	.globl	_printf_str
	.hidden	_printf_percent
	.hidden	_printf_s
	.hidden	_printf_d
	.hidden	_printf_int_dec
	.hidden	_printf_str
	.section	.debug_loc,"",%progbits
.Ldebug_loc0:
	.long	-1
	.long	.Lfunc_begin0                   @   base address
	.long	.Lfunc_begin0-.Lfunc_begin0
	.long	.Ltmp3-.Lfunc_begin0
	.short	1                               @ Loc expr size
	.byte	80                              @ DW_OP_reg0
	.long	.Ltmp3-.Lfunc_begin0
	.long	.Ltmp5-.Lfunc_begin0
	.short	3                               @ Loc expr size
	.byte	163                             @ DW_OP_entry_value
	.byte	1                               @ 1
	.byte	80                              @ DW_OP_reg0
	.long	.Ltmp5-.Lfunc_begin0
	.long	.Ltmp6-.Lfunc_begin0
	.short	1                               @ Loc expr size
	.byte	80                              @ DW_OP_reg0
	.long	.Ltmp6-.Lfunc_begin0
	.long	.Ltmp7-.Lfunc_begin0
	.short	3                               @ Loc expr size
	.byte	163                             @ DW_OP_entry_value
	.byte	1                               @ 1
	.byte	80                              @ DW_OP_reg0
	.long	.Ltmp7-.Lfunc_begin0
	.long	.Ltmp8-.Lfunc_begin0
	.short	1                               @ Loc expr size
	.byte	80                              @ DW_OP_reg0
	.long	.Ltmp8-.Lfunc_begin0
	.long	.Lfunc_end0-.Lfunc_begin0
	.short	3                               @ Loc expr size
	.byte	163                             @ DW_OP_entry_value
	.byte	1                               @ 1
	.byte	80                              @ DW_OP_reg0
	.long	0
	.long	0
.Ldebug_loc1:
	.long	-1
	.long	.Lfunc_begin0                   @   base address
	.long	.Lfunc_begin0-.Lfunc_begin0
	.long	.Ltmp4-.Lfunc_begin0
	.short	2                               @ Loc expr size
	.byte	17                              @ DW_OP_consts
	.byte	0                               @ 0
	.long	.Ltmp4-.Lfunc_begin0
	.long	.Ltmp5-.Lfunc_begin0
	.short	1                               @ Loc expr size
	.byte	80                              @ DW_OP_reg0
	.long	.Ltmp5-.Lfunc_begin0
	.long	.Ltmp6-.Lfunc_begin0
	.short	2                               @ Loc expr size
	.byte	17                              @ DW_OP_consts
	.byte	0                               @ 0
	.long	.Ltmp6-.Lfunc_begin0
	.long	.Ltmp7-.Lfunc_begin0
	.short	1                               @ Loc expr size
	.byte	80                              @ DW_OP_reg0
	.long	.Ltmp7-.Lfunc_begin0
	.long	.Ltmp8-.Lfunc_begin0
	.short	2                               @ Loc expr size
	.byte	17                              @ DW_OP_consts
	.byte	0                               @ 0
	.long	.Ltmp8-.Lfunc_begin0
	.long	.Lfunc_end0-.Lfunc_begin0
	.short	1                               @ Loc expr size
	.byte	80                              @ DW_OP_reg0
	.long	0
	.long	0
.Ldebug_loc2:
	.long	-1
	.long	.Lfunc_begin1                   @   base address
	.long	.Lfunc_begin1-.Lfunc_begin1
	.long	.Ltmp14-.Lfunc_begin1
	.short	1                               @ Loc expr size
	.byte	80                              @ DW_OP_reg0
	.long	.Ltmp14-.Lfunc_begin1
	.long	.Ltmp16-.Lfunc_begin1
	.short	3                               @ Loc expr size
	.byte	163                             @ DW_OP_entry_value
	.byte	1                               @ 1
	.byte	80                              @ DW_OP_reg0
	.long	.Ltmp16-.Lfunc_begin1
	.long	.Ltmp17-.Lfunc_begin1
	.short	1                               @ Loc expr size
	.byte	80                              @ DW_OP_reg0
	.long	.Ltmp17-.Lfunc_begin1
	.long	.Ltmp20-.Lfunc_begin1
	.short	3                               @ Loc expr size
	.byte	163                             @ DW_OP_entry_value
	.byte	1                               @ 1
	.byte	80                              @ DW_OP_reg0
	.long	0
	.long	0
.Ldebug_loc3:
	.long	-1
	.long	.Lfunc_begin1                   @   base address
	.long	.Lfunc_begin1-.Lfunc_begin1
	.long	.Ltmp15-.Lfunc_begin1
	.short	1                               @ Loc expr size
	.byte	81                              @ DW_OP_reg1
	.long	.Ltmp15-.Lfunc_begin1
	.long	.Ltmp16-.Lfunc_begin1
	.short	3                               @ Loc expr size
	.byte	163                             @ DW_OP_entry_value
	.byte	1                               @ 1
	.byte	81                              @ DW_OP_reg1
	.long	.Ltmp16-.Lfunc_begin1
	.long	.Ltmp18-.Lfunc_begin1
	.short	1                               @ Loc expr size
	.byte	81                              @ DW_OP_reg1
	.long	.Ltmp18-.Lfunc_begin1
	.long	.Ltmp20-.Lfunc_begin1
	.short	3                               @ Loc expr size
	.byte	163                             @ DW_OP_entry_value
	.byte	1                               @ 1
	.byte	81                              @ DW_OP_reg1
	.long	0
	.long	0
.Ldebug_loc4:
	.long	-1
	.long	.Lfunc_begin1                   @   base address
	.long	.Lfunc_begin1-.Lfunc_begin1
	.long	.Ltmp15-.Lfunc_begin1
	.short	1                               @ Loc expr size
	.byte	82                              @ DW_OP_reg2
	.long	.Ltmp15-.Lfunc_begin1
	.long	.Ltmp16-.Lfunc_begin1
	.short	3                               @ Loc expr size
	.byte	163                             @ DW_OP_entry_value
	.byte	1                               @ 1
	.byte	82                              @ DW_OP_reg2
	.long	.Ltmp16-.Lfunc_begin1
	.long	.Ltmp19-.Lfunc_begin1
	.short	1                               @ Loc expr size
	.byte	82                              @ DW_OP_reg2
	.long	.Ltmp19-.Lfunc_begin1
	.long	.Ltmp20-.Lfunc_begin1
	.short	3                               @ Loc expr size
	.byte	163                             @ DW_OP_entry_value
	.byte	1                               @ 1
	.byte	82                              @ DW_OP_reg2
	.long	0
	.long	0
.Ldebug_loc5:
	.long	-1
	.long	.Lfunc_begin1                   @   base address
	.long	.Lfunc_begin1-.Lfunc_begin1
	.long	.Ltmp11-.Lfunc_begin1
	.short	1                               @ Loc expr size
	.byte	83                              @ DW_OP_reg3
	.long	.Ltmp11-.Lfunc_begin1
	.long	.Ltmp21-.Lfunc_begin1
	.short	1                               @ Loc expr size
	.byte	84                              @ DW_OP_reg4
	.long	0
	.long	0
.Ldebug_loc6:
	.long	-1
	.long	.Lfunc_begin2                   @   base address
	.long	.Lfunc_begin2-.Lfunc_begin2
	.long	.Ltmp22-.Lfunc_begin2
	.short	1                               @ Loc expr size
	.byte	80                              @ DW_OP_reg0
	.long	.Ltmp22-.Lfunc_begin2
	.long	.Lfunc_end2-.Lfunc_begin2
	.short	3                               @ Loc expr size
	.byte	163                             @ DW_OP_entry_value
	.byte	1                               @ 1
	.byte	80                              @ DW_OP_reg0
	.long	0
	.long	0
.Ldebug_loc7:
	.long	-1
	.long	.Lfunc_begin2                   @   base address
	.long	.Ltmp23-.Lfunc_begin2
	.long	.Ltmp25-.Lfunc_begin2
	.short	1                               @ Loc expr size
	.byte	48                              @ DW_OP_lit0
	.long	.Ltmp25-.Lfunc_begin2
	.long	.Ltmp32-.Lfunc_begin2
	.short	1                               @ Loc expr size
	.byte	85                              @ DW_OP_reg5
	.long	0
	.long	0
.Ldebug_loc8:
	.long	-1
	.long	.Lfunc_begin3                   @   base address
	.long	.Ltmp35-.Lfunc_begin3
	.long	.Ltmp36-.Lfunc_begin3
	.short	1                               @ Loc expr size
	.byte	48                              @ DW_OP_lit0
	.long	.Ltmp36-.Lfunc_begin3
	.long	.Ltmp38-.Lfunc_begin3
	.short	1                               @ Loc expr size
	.byte	80                              @ DW_OP_reg0
	.long	.Ltmp39-.Lfunc_begin3
	.long	.Ltmp40-.Lfunc_begin3
	.short	1                               @ Loc expr size
	.byte	80                              @ DW_OP_reg0
	.long	0
	.long	0
.Ldebug_loc9:
	.long	-1
	.long	.Lfunc_begin4                   @   base address
	.long	.Lfunc_begin4-.Lfunc_begin4
	.long	.Ltmp44-.Lfunc_begin4
	.short	1                               @ Loc expr size
	.byte	80                              @ DW_OP_reg0
	.long	.Ltmp44-.Lfunc_begin4
	.long	.Ltmp62-.Lfunc_begin4
	.short	3                               @ Loc expr size
	.byte	163                             @ DW_OP_entry_value
	.byte	1                               @ 1
	.byte	80                              @ DW_OP_reg0
	.long	0
	.long	0
.Ldebug_loc10:
	.long	-1
	.long	.Lfunc_begin4                   @   base address
	.long	.Ltmp45-.Lfunc_begin4
	.long	.Ltmp50-.Lfunc_begin4
	.short	2                               @ Loc expr size
	.byte	17                              @ DW_OP_consts
	.byte	0                               @ 0
	.long	.Ltmp50-.Lfunc_begin4
	.long	.Ltmp52-.Lfunc_begin4
	.short	1                               @ Loc expr size
	.byte	84                              @ DW_OP_reg4
	.long	.Ltmp54-.Lfunc_begin4
	.long	.Ltmp56-.Lfunc_begin4
	.short	1                               @ Loc expr size
	.byte	84                              @ DW_OP_reg4
	.long	0
	.long	0
	.section	.debug_abbrev,"",%progbits
	.byte	1                               @ Abbreviation Code
	.byte	17                              @ DW_TAG_compile_unit
	.byte	1                               @ DW_CHILDREN_yes
	.byte	37                              @ DW_AT_producer
	.byte	14                              @ DW_FORM_strp
	.byte	19                              @ DW_AT_language
	.byte	5                               @ DW_FORM_data2
	.byte	3                               @ DW_AT_name
	.byte	14                              @ DW_FORM_strp
	.byte	16                              @ DW_AT_stmt_list
	.byte	6                               @ DW_FORM_data4
	.byte	27                              @ DW_AT_comp_dir
	.byte	14                              @ DW_FORM_strp
	.byte	17                              @ DW_AT_low_pc
	.byte	1                               @ DW_FORM_addr
	.byte	85                              @ DW_AT_ranges
	.byte	6                               @ DW_FORM_data4
	.byte	0                               @ EOM(1)
	.byte	0                               @ EOM(2)
	.byte	2                               @ Abbreviation Code
	.byte	52                              @ DW_TAG_variable
	.byte	0                               @ DW_CHILDREN_no
	.byte	3                               @ DW_AT_name
	.byte	14                              @ DW_FORM_strp
	.byte	73                              @ DW_AT_type
	.byte	19                              @ DW_FORM_ref4
	.byte	63                              @ DW_AT_external
	.byte	12                              @ DW_FORM_flag
	.byte	58                              @ DW_AT_decl_file
	.byte	11                              @ DW_FORM_data1
	.byte	59                              @ DW_AT_decl_line
	.byte	11                              @ DW_FORM_data1
	.byte	2                               @ DW_AT_location
	.byte	10                              @ DW_FORM_block1
	.byte	0                               @ EOM(1)
	.byte	0                               @ EOM(2)
	.byte	3                               @ Abbreviation Code
	.byte	38                              @ DW_TAG_const_type
	.byte	0                               @ DW_CHILDREN_no
	.byte	73                              @ DW_AT_type
	.byte	19                              @ DW_FORM_ref4
	.byte	0                               @ EOM(1)
	.byte	0                               @ EOM(2)
	.byte	4                               @ Abbreviation Code
	.byte	22                              @ DW_TAG_typedef
	.byte	0                               @ DW_CHILDREN_no
	.byte	73                              @ DW_AT_type
	.byte	19                              @ DW_FORM_ref4
	.byte	3                               @ DW_AT_name
	.byte	14                              @ DW_FORM_strp
	.byte	58                              @ DW_AT_decl_file
	.byte	11                              @ DW_FORM_data1
	.byte	59                              @ DW_AT_decl_line
	.byte	11                              @ DW_FORM_data1
	.byte	0                               @ EOM(1)
	.byte	0                               @ EOM(2)
	.byte	5                               @ Abbreviation Code
	.byte	15                              @ DW_TAG_pointer_type
	.byte	0                               @ DW_CHILDREN_no
	.byte	73                              @ DW_AT_type
	.byte	19                              @ DW_FORM_ref4
	.byte	0                               @ EOM(1)
	.byte	0                               @ EOM(2)
	.byte	6                               @ Abbreviation Code
	.byte	21                              @ DW_TAG_subroutine_type
	.byte	0                               @ DW_CHILDREN_no
	.byte	73                              @ DW_AT_type
	.byte	19                              @ DW_FORM_ref4
	.byte	39                              @ DW_AT_prototyped
	.byte	12                              @ DW_FORM_flag
	.byte	0                               @ EOM(1)
	.byte	0                               @ EOM(2)
	.byte	7                               @ Abbreviation Code
	.byte	36                              @ DW_TAG_base_type
	.byte	0                               @ DW_CHILDREN_no
	.byte	3                               @ DW_AT_name
	.byte	14                              @ DW_FORM_strp
	.byte	62                              @ DW_AT_encoding
	.byte	11                              @ DW_FORM_data1
	.byte	11                              @ DW_AT_byte_size
	.byte	11                              @ DW_FORM_data1
	.byte	0                               @ EOM(1)
	.byte	0                               @ EOM(2)
	.byte	8                               @ Abbreviation Code
	.byte	52                              @ DW_TAG_variable
	.byte	0                               @ DW_CHILDREN_no
	.byte	3                               @ DW_AT_name
	.byte	14                              @ DW_FORM_strp
	.byte	73                              @ DW_AT_type
	.byte	19                              @ DW_FORM_ref4
	.byte	63                              @ DW_AT_external
	.byte	12                              @ DW_FORM_flag
	.byte	58                              @ DW_AT_decl_file
	.byte	11                              @ DW_FORM_data1
	.byte	59                              @ DW_AT_decl_line
	.byte	5                               @ DW_FORM_data2
	.byte	2                               @ DW_AT_location
	.byte	10                              @ DW_FORM_block1
	.byte	0                               @ EOM(1)
	.byte	0                               @ EOM(2)
	.byte	9                               @ Abbreviation Code
	.byte	52                              @ DW_TAG_variable
	.byte	0                               @ DW_CHILDREN_no
	.byte	3                               @ DW_AT_name
	.byte	14                              @ DW_FORM_strp
	.byte	73                              @ DW_AT_type
	.byte	19                              @ DW_FORM_ref4
	.byte	58                              @ DW_AT_decl_file
	.byte	11                              @ DW_FORM_data1
	.byte	59                              @ DW_AT_decl_line
	.byte	11                              @ DW_FORM_data1
	.byte	2                               @ DW_AT_location
	.byte	10                              @ DW_FORM_block1
	.byte	0                               @ EOM(1)
	.byte	0                               @ EOM(2)
	.byte	10                              @ Abbreviation Code
	.byte	19                              @ DW_TAG_structure_type
	.byte	1                               @ DW_CHILDREN_yes
	.byte	3                               @ DW_AT_name
	.byte	14                              @ DW_FORM_strp
	.byte	11                              @ DW_AT_byte_size
	.byte	11                              @ DW_FORM_data1
	.byte	58                              @ DW_AT_decl_file
	.byte	11                              @ DW_FORM_data1
	.byte	59                              @ DW_AT_decl_line
	.byte	11                              @ DW_FORM_data1
	.byte	0                               @ EOM(1)
	.byte	0                               @ EOM(2)
	.byte	11                              @ Abbreviation Code
	.byte	13                              @ DW_TAG_member
	.byte	0                               @ DW_CHILDREN_no
	.byte	3                               @ DW_AT_name
	.byte	14                              @ DW_FORM_strp
	.byte	73                              @ DW_AT_type
	.byte	19                              @ DW_FORM_ref4
	.byte	58                              @ DW_AT_decl_file
	.byte	11                              @ DW_FORM_data1
	.byte	59                              @ DW_AT_decl_line
	.byte	11                              @ DW_FORM_data1
	.byte	56                              @ DW_AT_data_member_location
	.byte	11                              @ DW_FORM_data1
	.byte	0                               @ EOM(1)
	.byte	0                               @ EOM(2)
	.byte	12                              @ Abbreviation Code
	.byte	1                               @ DW_TAG_array_type
	.byte	1                               @ DW_CHILDREN_yes
	.byte	73                              @ DW_AT_type
	.byte	19                              @ DW_FORM_ref4
	.byte	0                               @ EOM(1)
	.byte	0                               @ EOM(2)
	.byte	13                              @ Abbreviation Code
	.byte	33                              @ DW_TAG_subrange_type
	.byte	0                               @ DW_CHILDREN_no
	.byte	73                              @ DW_AT_type
	.byte	19                              @ DW_FORM_ref4
	.byte	55                              @ DW_AT_count
	.byte	11                              @ DW_FORM_data1
	.byte	0                               @ EOM(1)
	.byte	0                               @ EOM(2)
	.byte	14                              @ Abbreviation Code
	.byte	36                              @ DW_TAG_base_type
	.byte	0                               @ DW_CHILDREN_no
	.byte	3                               @ DW_AT_name
	.byte	14                              @ DW_FORM_strp
	.byte	11                              @ DW_AT_byte_size
	.byte	11                              @ DW_FORM_data1
	.byte	62                              @ DW_AT_encoding
	.byte	11                              @ DW_FORM_data1
	.byte	0                               @ EOM(1)
	.byte	0                               @ EOM(2)
	.byte	15                              @ Abbreviation Code
	.byte	52                              @ DW_TAG_variable
	.byte	0                               @ DW_CHILDREN_no
	.byte	3                               @ DW_AT_name
	.byte	14                              @ DW_FORM_strp
	.byte	73                              @ DW_AT_type
	.byte	19                              @ DW_FORM_ref4
	.byte	58                              @ DW_AT_decl_file
	.byte	11                              @ DW_FORM_data1
	.byte	59                              @ DW_AT_decl_line
	.byte	11                              @ DW_FORM_data1
	.ascii	"\210\001"                      @ DW_AT_alignment
	.byte	15                              @ DW_FORM_udata
	.byte	2                               @ DW_AT_location
	.byte	10                              @ DW_FORM_block1
	.byte	0                               @ EOM(1)
	.byte	0                               @ EOM(2)
	.byte	16                              @ Abbreviation Code
	.byte	33                              @ DW_TAG_subrange_type
	.byte	0                               @ DW_CHILDREN_no
	.byte	73                              @ DW_AT_type
	.byte	19                              @ DW_FORM_ref4
	.byte	55                              @ DW_AT_count
	.byte	5                               @ DW_FORM_data2
	.byte	0                               @ EOM(1)
	.byte	0                               @ EOM(2)
	.byte	17                              @ Abbreviation Code
	.byte	4                               @ DW_TAG_enumeration_type
	.byte	1                               @ DW_CHILDREN_yes
	.byte	73                              @ DW_AT_type
	.byte	19                              @ DW_FORM_ref4
	.byte	11                              @ DW_AT_byte_size
	.byte	11                              @ DW_FORM_data1
	.byte	58                              @ DW_AT_decl_file
	.byte	11                              @ DW_FORM_data1
	.byte	59                              @ DW_AT_decl_line
	.byte	11                              @ DW_FORM_data1
	.byte	0                               @ EOM(1)
	.byte	0                               @ EOM(2)
	.byte	18                              @ Abbreviation Code
	.byte	40                              @ DW_TAG_enumerator
	.byte	0                               @ DW_CHILDREN_no
	.byte	3                               @ DW_AT_name
	.byte	14                              @ DW_FORM_strp
	.byte	28                              @ DW_AT_const_value
	.byte	15                              @ DW_FORM_udata
	.byte	0                               @ EOM(1)
	.byte	0                               @ EOM(2)
	.byte	19                              @ Abbreviation Code
	.byte	46                              @ DW_TAG_subprogram
	.byte	1                               @ DW_CHILDREN_yes
	.byte	17                              @ DW_AT_low_pc
	.byte	1                               @ DW_FORM_addr
	.byte	18                              @ DW_AT_high_pc
	.byte	1                               @ DW_FORM_addr
	.byte	64                              @ DW_AT_frame_base
	.byte	10                              @ DW_FORM_block1
	.byte	3                               @ DW_AT_name
	.byte	14                              @ DW_FORM_strp
	.byte	58                              @ DW_AT_decl_file
	.byte	11                              @ DW_FORM_data1
	.byte	59                              @ DW_AT_decl_line
	.byte	11                              @ DW_FORM_data1
	.byte	39                              @ DW_AT_prototyped
	.byte	12                              @ DW_FORM_flag
	.byte	73                              @ DW_AT_type
	.byte	19                              @ DW_FORM_ref4
	.byte	63                              @ DW_AT_external
	.byte	12                              @ DW_FORM_flag
	.byte	0                               @ EOM(1)
	.byte	0                               @ EOM(2)
	.byte	20                              @ Abbreviation Code
	.byte	5                               @ DW_TAG_formal_parameter
	.byte	0                               @ DW_CHILDREN_no
	.byte	2                               @ DW_AT_location
	.byte	6                               @ DW_FORM_data4
	.byte	3                               @ DW_AT_name
	.byte	14                              @ DW_FORM_strp
	.byte	58                              @ DW_AT_decl_file
	.byte	11                              @ DW_FORM_data1
	.byte	59                              @ DW_AT_decl_line
	.byte	11                              @ DW_FORM_data1
	.byte	73                              @ DW_AT_type
	.byte	19                              @ DW_FORM_ref4
	.byte	0                               @ EOM(1)
	.byte	0                               @ EOM(2)
	.byte	21                              @ Abbreviation Code
	.byte	52                              @ DW_TAG_variable
	.byte	0                               @ DW_CHILDREN_no
	.byte	2                               @ DW_AT_location
	.byte	6                               @ DW_FORM_data4
	.byte	3                               @ DW_AT_name
	.byte	14                              @ DW_FORM_strp
	.byte	58                              @ DW_AT_decl_file
	.byte	11                              @ DW_FORM_data1
	.byte	59                              @ DW_AT_decl_line
	.byte	11                              @ DW_FORM_data1
	.byte	73                              @ DW_AT_type
	.byte	19                              @ DW_FORM_ref4
	.byte	0                               @ EOM(1)
	.byte	0                               @ EOM(2)
	.byte	22                              @ Abbreviation Code
	.byte	46                              @ DW_TAG_subprogram
	.byte	1                               @ DW_CHILDREN_yes
	.byte	17                              @ DW_AT_low_pc
	.byte	1                               @ DW_FORM_addr
	.byte	18                              @ DW_AT_high_pc
	.byte	1                               @ DW_FORM_addr
	.byte	64                              @ DW_AT_frame_base
	.byte	10                              @ DW_FORM_block1
	.byte	3                               @ DW_AT_name
	.byte	14                              @ DW_FORM_strp
	.byte	58                              @ DW_AT_decl_file
	.byte	11                              @ DW_FORM_data1
	.byte	59                              @ DW_AT_decl_line
	.byte	11                              @ DW_FORM_data1
	.byte	39                              @ DW_AT_prototyped
	.byte	12                              @ DW_FORM_flag
	.byte	0                               @ EOM(1)
	.byte	0                               @ EOM(2)
	.byte	23                              @ Abbreviation Code
	.byte	11                              @ DW_TAG_lexical_block
	.byte	1                               @ DW_CHILDREN_yes
	.byte	85                              @ DW_AT_ranges
	.byte	6                               @ DW_FORM_data4
	.byte	0                               @ EOM(1)
	.byte	0                               @ EOM(2)
	.byte	24                              @ Abbreviation Code
	.byte	46                              @ DW_TAG_subprogram
	.byte	0                               @ DW_CHILDREN_no
	.byte	17                              @ DW_AT_low_pc
	.byte	1                               @ DW_FORM_addr
	.byte	18                              @ DW_AT_high_pc
	.byte	1                               @ DW_FORM_addr
	.byte	64                              @ DW_AT_frame_base
	.byte	10                              @ DW_FORM_block1
	.byte	3                               @ DW_AT_name
	.byte	14                              @ DW_FORM_strp
	.byte	58                              @ DW_AT_decl_file
	.byte	11                              @ DW_FORM_data1
	.byte	59                              @ DW_AT_decl_line
	.byte	11                              @ DW_FORM_data1
	.byte	39                              @ DW_AT_prototyped
	.byte	12                              @ DW_FORM_flag
	.byte	73                              @ DW_AT_type
	.byte	19                              @ DW_FORM_ref4
	.byte	0                               @ EOM(1)
	.byte	0                               @ EOM(2)
	.byte	25                              @ Abbreviation Code
	.byte	15                              @ DW_TAG_pointer_type
	.byte	0                               @ DW_CHILDREN_no
	.byte	0                               @ EOM(1)
	.byte	0                               @ EOM(2)
	.byte	26                              @ Abbreviation Code
	.byte	22                              @ DW_TAG_typedef
	.byte	0                               @ DW_CHILDREN_no
	.byte	73                              @ DW_AT_type
	.byte	19                              @ DW_FORM_ref4
	.byte	3                               @ DW_AT_name
	.byte	14                              @ DW_FORM_strp
	.byte	58                              @ DW_AT_decl_file
	.byte	11                              @ DW_FORM_data1
	.byte	59                              @ DW_AT_decl_line
	.byte	5                               @ DW_FORM_data2
	.byte	0                               @ EOM(1)
	.byte	0                               @ EOM(2)
	.byte	27                              @ Abbreviation Code
	.byte	19                              @ DW_TAG_structure_type
	.byte	1                               @ DW_CHILDREN_yes
	.byte	3                               @ DW_AT_name
	.byte	14                              @ DW_FORM_strp
	.byte	11                              @ DW_AT_byte_size
	.byte	11                              @ DW_FORM_data1
	.byte	58                              @ DW_AT_decl_file
	.byte	11                              @ DW_FORM_data1
	.byte	59                              @ DW_AT_decl_line
	.byte	5                               @ DW_FORM_data2
	.byte	0                               @ EOM(1)
	.byte	0                               @ EOM(2)
	.byte	28                              @ Abbreviation Code
	.byte	13                              @ DW_TAG_member
	.byte	0                               @ DW_CHILDREN_no
	.byte	3                               @ DW_AT_name
	.byte	14                              @ DW_FORM_strp
	.byte	73                              @ DW_AT_type
	.byte	19                              @ DW_FORM_ref4
	.byte	58                              @ DW_AT_decl_file
	.byte	11                              @ DW_FORM_data1
	.byte	59                              @ DW_AT_decl_line
	.byte	5                               @ DW_FORM_data2
	.byte	56                              @ DW_AT_data_member_location
	.byte	11                              @ DW_FORM_data1
	.byte	0                               @ EOM(1)
	.byte	0                               @ EOM(2)
	.byte	29                              @ Abbreviation Code
	.byte	21                              @ DW_TAG_subroutine_type
	.byte	1                               @ DW_CHILDREN_yes
	.byte	39                              @ DW_AT_prototyped
	.byte	12                              @ DW_FORM_flag
	.byte	0                               @ EOM(1)
	.byte	0                               @ EOM(2)
	.byte	30                              @ Abbreviation Code
	.byte	5                               @ DW_TAG_formal_parameter
	.byte	0                               @ DW_CHILDREN_no
	.byte	73                              @ DW_AT_type
	.byte	19                              @ DW_FORM_ref4
	.byte	0                               @ EOM(1)
	.byte	0                               @ EOM(2)
	.byte	0                               @ EOM(3)
	.section	.debug_info,"",%progbits
.Lcu_begin0:
	.long	.Ldebug_info_end0-.Ldebug_info_start0 @ Length of Unit
.Ldebug_info_start0:
	.short	3                               @ DWARF version number
	.long	.debug_abbrev                   @ Offset Into Abbrev. Section
	.byte	4                               @ Address Size (in bytes)
	.byte	1                               @ Abbrev [1] 0xb:0x52f DW_TAG_compile_unit
	.long	.Linfo_string0                  @ DW_AT_producer
	.short	12                              @ DW_AT_language
	.long	.Linfo_string1                  @ DW_AT_name
	.long	.Lline_table_start0             @ DW_AT_stmt_list
	.long	.Linfo_string2                  @ DW_AT_comp_dir
	.long	0                               @ DW_AT_low_pc
	.long	.Ldebug_ranges1                 @ DW_AT_ranges
	.byte	2                               @ Abbrev [2] 0x26:0x12 DW_TAG_variable
	.long	.Linfo_string3                  @ DW_AT_name
	.long	56                              @ DW_AT_type
	.byte	1                               @ DW_AT_external
	.byte	2                               @ DW_AT_decl_file
	.byte	245                             @ DW_AT_decl_line
	.byte	5                               @ DW_AT_location
	.byte	3
	.long	__rt_init_rt_hw_wlan_init
	.byte	3                               @ Abbrev [3] 0x38:0x5 DW_TAG_const_type
	.long	61                              @ DW_AT_type
	.byte	4                               @ Abbrev [4] 0x3d:0xb DW_TAG_typedef
	.long	72                              @ DW_AT_type
	.long	.Linfo_string5                  @ DW_AT_name
	.byte	1                               @ DW_AT_decl_file
	.byte	192                             @ DW_AT_decl_line
	.byte	5                               @ Abbrev [5] 0x48:0x5 DW_TAG_pointer_type
	.long	77                              @ DW_AT_type
	.byte	6                               @ Abbrev [6] 0x4d:0x6 DW_TAG_subroutine_type
	.long	83                              @ DW_AT_type
	.byte	1                               @ DW_AT_prototyped
	.byte	7                               @ Abbrev [7] 0x53:0x7 DW_TAG_base_type
	.long	.Linfo_string4                  @ DW_AT_name
	.byte	5                               @ DW_AT_encoding
	.byte	4                               @ DW_AT_byte_size
	.byte	8                               @ Abbrev [8] 0x5a:0x13 DW_TAG_variable
	.long	.Linfo_string6                  @ DW_AT_name
	.long	56                              @ DW_AT_type
	.byte	1                               @ DW_AT_external
	.byte	2                               @ DW_AT_decl_file
	.short	258                             @ DW_AT_decl_line
	.byte	5                               @ DW_AT_location
	.byte	3
	.long	__rt_init_ap6212_init
	.byte	9                               @ Abbrev [9] 0x6d:0x11 DW_TAG_variable
	.long	.Linfo_string7                  @ DW_AT_name
	.long	126                             @ DW_AT_type
	.byte	2                               @ DW_AT_decl_file
	.byte	42                              @ DW_AT_decl_line
	.byte	5                               @ DW_AT_location
	.byte	3
	.long	partition
	.byte	5                               @ Abbrev [5] 0x7e:0x5 DW_TAG_pointer_type
	.long	131                             @ DW_AT_type
	.byte	3                               @ Abbrev [3] 0x83:0x5 DW_TAG_const_type
	.long	136                             @ DW_AT_type
	.byte	10                              @ Abbrev [10] 0x88:0x51 DW_TAG_structure_type
	.long	.Linfo_string20                 @ DW_AT_name
	.byte	64                              @ DW_AT_byte_size
	.byte	4                               @ DW_AT_decl_file
	.byte	139                             @ DW_AT_decl_line
	.byte	11                              @ Abbrev [11] 0x90:0xc DW_TAG_member
	.long	.Linfo_string8                  @ DW_AT_name
	.long	217                             @ DW_AT_type
	.byte	4                               @ DW_AT_decl_file
	.byte	141                             @ DW_AT_decl_line
	.byte	0                               @ DW_AT_data_member_location
	.byte	11                              @ Abbrev [11] 0x9c:0xc DW_TAG_member
	.long	.Linfo_string11                 @ DW_AT_name
	.long	235                             @ DW_AT_type
	.byte	4                               @ DW_AT_decl_file
	.byte	144                             @ DW_AT_decl_line
	.byte	4                               @ DW_AT_data_member_location
	.byte	11                              @ Abbrev [11] 0xa8:0xc DW_TAG_member
	.long	.Linfo_string14                 @ DW_AT_name
	.long	235                             @ DW_AT_type
	.byte	4                               @ DW_AT_decl_file
	.byte	146                             @ DW_AT_decl_line
	.byte	28                              @ DW_AT_data_member_location
	.byte	11                              @ Abbrev [11] 0xb4:0xc DW_TAG_member
	.long	.Linfo_string15                 @ DW_AT_name
	.long	261                             @ DW_AT_type
	.byte	4                               @ DW_AT_decl_file
	.byte	149                             @ DW_AT_decl_line
	.byte	52                              @ DW_AT_data_member_location
	.byte	11                              @ Abbrev [11] 0xc0:0xc DW_TAG_member
	.long	.Linfo_string17                 @ DW_AT_name
	.long	268                             @ DW_AT_type
	.byte	4                               @ DW_AT_decl_file
	.byte	150                             @ DW_AT_decl_line
	.byte	56                              @ DW_AT_data_member_location
	.byte	11                              @ Abbrev [11] 0xcc:0xc DW_TAG_member
	.long	.Linfo_string19                 @ DW_AT_name
	.long	217                             @ DW_AT_type
	.byte	4                               @ DW_AT_decl_file
	.byte	152                             @ DW_AT_decl_line
	.byte	60                              @ DW_AT_data_member_location
	.byte	0                               @ End Of Children Mark
	.byte	4                               @ Abbrev [4] 0xd9:0xb DW_TAG_typedef
	.long	228                             @ DW_AT_type
	.long	.Linfo_string10                 @ DW_AT_name
	.byte	3                               @ DW_AT_decl_file
	.byte	64                              @ DW_AT_decl_line
	.byte	7                               @ Abbrev [7] 0xe4:0x7 DW_TAG_base_type
	.long	.Linfo_string9                  @ DW_AT_name
	.byte	7                               @ DW_AT_encoding
	.byte	4                               @ DW_AT_byte_size
	.byte	12                              @ Abbrev [12] 0xeb:0xc DW_TAG_array_type
	.long	247                             @ DW_AT_type
	.byte	13                              @ Abbrev [13] 0xf0:0x6 DW_TAG_subrange_type
	.long	254                             @ DW_AT_type
	.byte	24                              @ DW_AT_count
	.byte	0                               @ End Of Children Mark
	.byte	7                               @ Abbrev [7] 0xf7:0x7 DW_TAG_base_type
	.long	.Linfo_string12                 @ DW_AT_name
	.byte	6                               @ DW_AT_encoding
	.byte	1                               @ DW_AT_byte_size
	.byte	14                              @ Abbrev [14] 0xfe:0x7 DW_TAG_base_type
	.long	.Linfo_string13                 @ DW_AT_name
	.byte	8                               @ DW_AT_byte_size
	.byte	7                               @ DW_AT_encoding
	.byte	7                               @ Abbrev [7] 0x105:0x7 DW_TAG_base_type
	.long	.Linfo_string16                 @ DW_AT_name
	.byte	5                               @ DW_AT_encoding
	.byte	4                               @ DW_AT_byte_size
	.byte	4                               @ Abbrev [4] 0x10c:0xb DW_TAG_typedef
	.long	228                             @ DW_AT_type
	.long	.Linfo_string18                 @ DW_AT_name
	.byte	5                               @ DW_AT_decl_file
	.byte	58                              @ DW_AT_decl_line
	.byte	15                              @ Abbrev [15] 0x117:0x12 DW_TAG_variable
	.long	.Linfo_string21                 @ DW_AT_name
	.long	297                             @ DW_AT_type
	.byte	2                               @ DW_AT_decl_file
	.byte	45                              @ DW_AT_decl_line
	.byte	64                              @ DW_AT_alignment
	.byte	5                               @ DW_AT_location
	.byte	3
	.long	wifi_nvram_image
	.byte	12                              @ Abbrev [12] 0x129:0xd DW_TAG_array_type
	.long	310                             @ DW_AT_type
	.byte	16                              @ Abbrev [16] 0x12e:0x7 DW_TAG_subrange_type
	.long	254                             @ DW_AT_type
	.short	630                             @ DW_AT_count
	.byte	0                               @ End Of Children Mark
	.byte	3                               @ Abbrev [3] 0x136:0x5 DW_TAG_const_type
	.long	247                             @ DW_AT_type
	.byte	9                               @ Abbrev [9] 0x13b:0x17 DW_TAG_variable
	.long	.Linfo_string22                 @ DW_AT_name
	.long	338                             @ DW_AT_type
	.byte	2                               @ DW_AT_decl_file
	.byte	41                              @ DW_AT_decl_line
	.byte	11                              @ DW_AT_location
	.byte	3
	.long	init_flag
	.byte	148
	.byte	1
	.byte	49
	.byte	30
	.byte	48
	.byte	34
	.byte	4                               @ Abbrev [4] 0x152:0xb DW_TAG_typedef
	.long	83                              @ DW_AT_type
	.long	.Linfo_string23                 @ DW_AT_name
	.byte	1                               @ DW_AT_decl_file
	.byte	80                              @ DW_AT_decl_line
	.byte	17                              @ Abbrev [17] 0x15d:0x21 DW_TAG_enumeration_type
	.long	382                             @ DW_AT_type
	.byte	1                               @ DW_AT_byte_size
	.byte	6                               @ DW_AT_decl_file
	.byte	18                              @ DW_AT_decl_line
	.byte	18                              @ Abbrev [18] 0x165:0x6 DW_TAG_enumerator
	.long	.Linfo_string25                 @ DW_AT_name
	.byte	0                               @ DW_AT_const_value
	.byte	18                              @ Abbrev [18] 0x16b:0x6 DW_TAG_enumerator
	.long	.Linfo_string26                 @ DW_AT_name
	.byte	1                               @ DW_AT_const_value
	.byte	18                              @ Abbrev [18] 0x171:0x6 DW_TAG_enumerator
	.long	.Linfo_string27                 @ DW_AT_name
	.byte	2                               @ DW_AT_const_value
	.byte	18                              @ Abbrev [18] 0x177:0x6 DW_TAG_enumerator
	.long	.Linfo_string28                 @ DW_AT_name
	.byte	3                               @ DW_AT_const_value
	.byte	0                               @ End Of Children Mark
	.byte	7                               @ Abbrev [7] 0x17e:0x7 DW_TAG_base_type
	.long	.Linfo_string24                 @ DW_AT_name
	.byte	8                               @ DW_AT_encoding
	.byte	1                               @ DW_AT_byte_size
	.byte	4                               @ Abbrev [4] 0x185:0xb DW_TAG_typedef
	.long	261                             @ DW_AT_type
	.long	.Linfo_string29                 @ DW_AT_name
	.byte	1                               @ DW_AT_decl_file
	.byte	81                              @ DW_AT_decl_line
	.byte	19                              @ Abbrev [19] 0x190:0x36 DW_TAG_subprogram
	.long	.Lfunc_begin0                   @ DW_AT_low_pc
	.long	.Lfunc_end0                     @ DW_AT_high_pc
	.byte	1                               @ DW_AT_frame_base
	.byte	93
	.long	.Linfo_string30                 @ DW_AT_name
	.byte	2                               @ DW_AT_decl_file
	.byte	106                             @ DW_AT_decl_line
	.byte	1                               @ DW_AT_prototyped
	.long	83                              @ DW_AT_type
	.byte	1                               @ DW_AT_external
	.byte	20                              @ Abbrev [20] 0x1a7:0xf DW_TAG_formal_parameter
	.long	.Ldebug_loc0                    @ DW_AT_location
	.long	.Linfo_string36                 @ DW_AT_name
	.byte	2                               @ DW_AT_decl_file
	.byte	106                             @ DW_AT_decl_line
	.long	83                              @ DW_AT_type
	.byte	21                              @ Abbrev [21] 0x1b6:0xf DW_TAG_variable
	.long	.Ldebug_loc1                    @ DW_AT_location
	.long	.Linfo_string37                 @ DW_AT_name
	.byte	2                               @ DW_AT_decl_file
	.byte	108                             @ DW_AT_decl_line
	.long	83                              @ DW_AT_type
	.byte	0                               @ End Of Children Mark
	.byte	19                              @ Abbrev [19] 0x1c6:0x54 DW_TAG_subprogram
	.long	.Lfunc_begin1                   @ DW_AT_low_pc
	.long	.Lfunc_end1                     @ DW_AT_high_pc
	.byte	1                               @ DW_AT_frame_base
	.byte	93
	.long	.Linfo_string31                 @ DW_AT_name
	.byte	2                               @ DW_AT_decl_file
	.byte	123                             @ DW_AT_decl_line
	.byte	1                               @ DW_AT_prototyped
	.long	83                              @ DW_AT_type
	.byte	1                               @ DW_AT_external
	.byte	20                              @ Abbrev [20] 0x1dd:0xf DW_TAG_formal_parameter
	.long	.Ldebug_loc2                    @ DW_AT_location
	.long	.Linfo_string36                 @ DW_AT_name
	.byte	2                               @ DW_AT_decl_file
	.byte	123                             @ DW_AT_decl_line
	.long	83                              @ DW_AT_type
	.byte	20                              @ Abbrev [20] 0x1ec:0xf DW_TAG_formal_parameter
	.long	.Ldebug_loc3                    @ DW_AT_location
	.long	.Linfo_string15                 @ DW_AT_name
	.byte	2                               @ DW_AT_decl_file
	.byte	123                             @ DW_AT_decl_line
	.long	217                             @ DW_AT_type
	.byte	20                              @ Abbrev [20] 0x1fb:0xf DW_TAG_formal_parameter
	.long	.Ldebug_loc4                    @ DW_AT_location
	.long	.Linfo_string38                 @ DW_AT_name
	.byte	2                               @ DW_AT_decl_file
	.byte	123                             @ DW_AT_decl_line
	.long	708                             @ DW_AT_type
	.byte	20                              @ Abbrev [20] 0x20a:0xf DW_TAG_formal_parameter
	.long	.Ldebug_loc5                    @ DW_AT_location
	.long	.Linfo_string39                 @ DW_AT_name
	.byte	2                               @ DW_AT_decl_file
	.byte	123                             @ DW_AT_decl_line
	.long	217                             @ DW_AT_type
	.byte	0                               @ End Of Children Mark
	.byte	19                              @ Abbrev [19] 0x21a:0x36 DW_TAG_subprogram
	.long	.Lfunc_begin2                   @ DW_AT_low_pc
	.long	.Lfunc_end2                     @ DW_AT_high_pc
	.byte	1                               @ DW_AT_frame_base
	.byte	93
	.long	.Linfo_string32                 @ DW_AT_name
	.byte	2                               @ DW_AT_decl_file
	.byte	143                             @ DW_AT_decl_line
	.byte	1                               @ DW_AT_prototyped
	.long	83                              @ DW_AT_type
	.byte	1                               @ DW_AT_external
	.byte	20                              @ Abbrev [20] 0x231:0xf DW_TAG_formal_parameter
	.long	.Ldebug_loc6                    @ DW_AT_location
	.long	.Linfo_string40                 @ DW_AT_name
	.byte	2                               @ DW_AT_decl_file
	.byte	143                             @ DW_AT_decl_line
	.long	709                             @ DW_AT_type
	.byte	21                              @ Abbrev [21] 0x240:0xf DW_TAG_variable
	.long	.Ldebug_loc7                    @ DW_AT_location
	.long	.Linfo_string42                 @ DW_AT_name
	.byte	2                               @ DW_AT_decl_file
	.byte	145                             @ DW_AT_decl_line
	.long	709                             @ DW_AT_type
	.byte	0                               @ End Of Children Mark
	.byte	19                              @ Abbrev [19] 0x250:0x27 DW_TAG_subprogram
	.long	.Lfunc_begin3                   @ DW_AT_low_pc
	.long	.Lfunc_end3                     @ DW_AT_high_pc
	.byte	1                               @ DW_AT_frame_base
	.byte	93
	.long	.Linfo_string33                 @ DW_AT_name
	.byte	2                               @ DW_AT_decl_file
	.byte	223                             @ DW_AT_decl_line
	.byte	1                               @ DW_AT_prototyped
	.long	83                              @ DW_AT_type
	.byte	1                               @ DW_AT_external
	.byte	21                              @ Abbrev [21] 0x267:0xf DW_TAG_variable
	.long	.Ldebug_loc8                    @ DW_AT_location
	.long	.Linfo_string43                 @ DW_AT_name
	.byte	2                               @ DW_AT_decl_file
	.byte	230                             @ DW_AT_decl_line
	.long	720                             @ DW_AT_type
	.byte	0                               @ End Of Children Mark
	.byte	22                              @ Abbrev [22] 0x277:0x37 DW_TAG_subprogram
	.long	.Lfunc_begin4                   @ DW_AT_low_pc
	.long	.Lfunc_end4                     @ DW_AT_high_pc
	.byte	1                               @ DW_AT_frame_base
	.byte	93
	.long	.Linfo_string34                 @ DW_AT_name
	.byte	2                               @ DW_AT_decl_file
	.byte	167                             @ DW_AT_decl_line
	.byte	1                               @ DW_AT_prototyped
	.byte	20                              @ Abbrev [20] 0x289:0xf DW_TAG_formal_parameter
	.long	.Ldebug_loc9                    @ DW_AT_location
	.long	.Linfo_string55                 @ DW_AT_name
	.byte	2                               @ DW_AT_decl_file
	.byte	167                             @ DW_AT_decl_line
	.long	708                             @ DW_AT_type
	.byte	23                              @ Abbrev [23] 0x298:0x15 DW_TAG_lexical_block
	.long	.Ldebug_ranges0                 @ DW_AT_ranges
	.byte	21                              @ Abbrev [21] 0x29d:0xf DW_TAG_variable
	.long	.Ldebug_loc10                   @ DW_AT_location
	.long	.Linfo_string83                 @ DW_AT_name
	.byte	2                               @ DW_AT_decl_file
	.byte	180                             @ DW_AT_decl_line
	.long	83                              @ DW_AT_type
	.byte	0                               @ End Of Children Mark
	.byte	0                               @ End Of Children Mark
	.byte	24                              @ Abbrev [24] 0x2ae:0x16 DW_TAG_subprogram
	.long	.Lfunc_begin5                   @ DW_AT_low_pc
	.long	.Lfunc_end5                     @ DW_AT_high_pc
	.byte	1                               @ DW_AT_frame_base
	.byte	93
	.long	.Linfo_string35                 @ DW_AT_name
	.byte	2                               @ DW_AT_decl_file
	.byte	248                             @ DW_AT_decl_line
	.byte	1                               @ DW_AT_prototyped
	.long	83                              @ DW_AT_type
	.byte	25                              @ Abbrev [25] 0x2c4:0x1 DW_TAG_pointer_type
	.byte	4                               @ Abbrev [4] 0x2c5:0xb DW_TAG_typedef
	.long	228                             @ DW_AT_type
	.long	.Linfo_string41                 @ DW_AT_name
	.byte	1                               @ DW_AT_decl_file
	.byte	69                              @ DW_AT_decl_line
	.byte	26                              @ Abbrev [26] 0x2d0:0xc DW_TAG_typedef
	.long	732                             @ DW_AT_type
	.long	.Linfo_string82                 @ DW_AT_name
	.byte	1                               @ DW_AT_decl_file
	.short	628                             @ DW_AT_decl_line
	.byte	5                               @ Abbrev [5] 0x2dc:0x5 DW_TAG_pointer_type
	.long	737                             @ DW_AT_type
	.byte	27                              @ Abbrev [27] 0x2e1:0x128 DW_TAG_structure_type
	.long	.Linfo_string81                 @ DW_AT_name
	.byte	128                             @ DW_AT_byte_size
	.byte	1                               @ DW_AT_decl_file
	.short	553                             @ DW_AT_decl_line
	.byte	28                              @ Abbrev [28] 0x2ea:0xd DW_TAG_member
	.long	.Linfo_string11                 @ DW_AT_name
	.long	1033                            @ DW_AT_type
	.byte	1                               @ DW_AT_decl_file
	.short	556                             @ DW_AT_decl_line
	.byte	0                               @ DW_AT_data_member_location
	.byte	28                              @ Abbrev [28] 0x2f7:0xd DW_TAG_member
	.long	.Linfo_string44                 @ DW_AT_name
	.long	1045                            @ DW_AT_type
	.byte	1                               @ DW_AT_decl_file
	.short	557                             @ DW_AT_decl_line
	.byte	8                               @ DW_AT_data_member_location
	.byte	28                              @ Abbrev [28] 0x304:0xd DW_TAG_member
	.long	.Linfo_string46                 @ DW_AT_name
	.long	1045                            @ DW_AT_type
	.byte	1                               @ DW_AT_decl_file
	.short	558                             @ DW_AT_decl_line
	.byte	9                               @ DW_AT_data_member_location
	.byte	28                              @ Abbrev [28] 0x311:0xd DW_TAG_member
	.long	.Linfo_string47                 @ DW_AT_name
	.long	1056                            @ DW_AT_type
	.byte	1                               @ DW_AT_decl_file
	.short	564                             @ DW_AT_decl_line
	.byte	12                              @ DW_AT_data_member_location
	.byte	28                              @ Abbrev [28] 0x31e:0xd DW_TAG_member
	.long	.Linfo_string52                 @ DW_AT_name
	.long	1056                            @ DW_AT_type
	.byte	1                               @ DW_AT_decl_file
	.short	565                             @ DW_AT_decl_line
	.byte	20                              @ DW_AT_data_member_location
	.byte	28                              @ Abbrev [28] 0x32b:0xd DW_TAG_member
	.long	.Linfo_string53                 @ DW_AT_name
	.long	708                             @ DW_AT_type
	.byte	1                               @ DW_AT_decl_file
	.short	568                             @ DW_AT_decl_line
	.byte	28                              @ DW_AT_data_member_location
	.byte	28                              @ Abbrev [28] 0x338:0xd DW_TAG_member
	.long	.Linfo_string54                 @ DW_AT_name
	.long	708                             @ DW_AT_type
	.byte	1                               @ DW_AT_decl_file
	.short	569                             @ DW_AT_decl_line
	.byte	32                              @ DW_AT_data_member_location
	.byte	28                              @ Abbrev [28] 0x345:0xd DW_TAG_member
	.long	.Linfo_string55                 @ DW_AT_name
	.long	708                             @ DW_AT_type
	.byte	1                               @ DW_AT_decl_file
	.short	570                             @ DW_AT_decl_line
	.byte	36                              @ DW_AT_data_member_location
	.byte	28                              @ Abbrev [28] 0x352:0xd DW_TAG_member
	.long	.Linfo_string56                 @ DW_AT_name
	.long	708                             @ DW_AT_type
	.byte	1                               @ DW_AT_decl_file
	.short	571                             @ DW_AT_decl_line
	.byte	40                              @ DW_AT_data_member_location
	.byte	28                              @ Abbrev [28] 0x35f:0xd DW_TAG_member
	.long	.Linfo_string57                 @ DW_AT_name
	.long	709                             @ DW_AT_type
	.byte	1                               @ DW_AT_decl_file
	.short	572                             @ DW_AT_decl_line
	.byte	44                              @ DW_AT_data_member_location
	.byte	28                              @ Abbrev [28] 0x36c:0xd DW_TAG_member
	.long	.Linfo_string58                 @ DW_AT_name
	.long	1109                            @ DW_AT_type
	.byte	1                               @ DW_AT_decl_file
	.short	575                             @ DW_AT_decl_line
	.byte	48                              @ DW_AT_data_member_location
	.byte	28                              @ Abbrev [28] 0x379:0xd DW_TAG_member
	.long	.Linfo_string60                 @ DW_AT_name
	.long	1045                            @ DW_AT_type
	.byte	1                               @ DW_AT_decl_file
	.short	577                             @ DW_AT_decl_line
	.byte	52                              @ DW_AT_data_member_location
	.byte	28                              @ Abbrev [28] 0x386:0xd DW_TAG_member
	.long	.Linfo_string61                 @ DW_AT_name
	.long	1045                            @ DW_AT_type
	.byte	1                               @ DW_AT_decl_file
	.short	589                             @ DW_AT_decl_line
	.byte	53                              @ DW_AT_data_member_location
	.byte	28                              @ Abbrev [28] 0x393:0xd DW_TAG_member
	.long	.Linfo_string62                 @ DW_AT_name
	.long	1045                            @ DW_AT_type
	.byte	1                               @ DW_AT_decl_file
	.short	590                             @ DW_AT_decl_line
	.byte	54                              @ DW_AT_data_member_location
	.byte	28                              @ Abbrev [28] 0x3a0:0xd DW_TAG_member
	.long	.Linfo_string63                 @ DW_AT_name
	.long	709                             @ DW_AT_type
	.byte	1                               @ DW_AT_decl_file
	.short	595                             @ DW_AT_decl_line
	.byte	56                              @ DW_AT_data_member_location
	.byte	28                              @ Abbrev [28] 0x3ad:0xd DW_TAG_member
	.long	.Linfo_string64                 @ DW_AT_name
	.long	709                             @ DW_AT_type
	.byte	1                               @ DW_AT_decl_file
	.short	599                             @ DW_AT_decl_line
	.byte	60                              @ DW_AT_data_member_location
	.byte	28                              @ Abbrev [28] 0x3ba:0xd DW_TAG_member
	.long	.Linfo_string65                 @ DW_AT_name
	.long	1045                            @ DW_AT_type
	.byte	1                               @ DW_AT_decl_file
	.short	600                             @ DW_AT_decl_line
	.byte	64                              @ DW_AT_data_member_location
	.byte	28                              @ Abbrev [28] 0x3c7:0xd DW_TAG_member
	.long	.Linfo_string66                 @ DW_AT_name
	.long	1120                            @ DW_AT_type
	.byte	1                               @ DW_AT_decl_file
	.short	614                             @ DW_AT_decl_line
	.byte	68                              @ DW_AT_data_member_location
	.byte	28                              @ Abbrev [28] 0x3d4:0xd DW_TAG_member
	.long	.Linfo_string69                 @ DW_AT_name
	.long	1120                            @ DW_AT_type
	.byte	1                               @ DW_AT_decl_file
	.short	615                             @ DW_AT_decl_line
	.byte	72                              @ DW_AT_data_member_location
	.byte	28                              @ Abbrev [28] 0x3e1:0xd DW_TAG_member
	.long	.Linfo_string70                 @ DW_AT_name
	.long	1138                            @ DW_AT_type
	.byte	1                               @ DW_AT_decl_file
	.short	617                             @ DW_AT_decl_line
	.byte	76                              @ DW_AT_data_member_location
	.byte	28                              @ Abbrev [28] 0x3ee:0xd DW_TAG_member
	.long	.Linfo_string79                 @ DW_AT_name
	.long	1324                            @ DW_AT_type
	.byte	1                               @ DW_AT_decl_file
	.short	619                             @ DW_AT_decl_line
	.byte	120                             @ DW_AT_data_member_location
	.byte	28                              @ Abbrev [28] 0x3fb:0xd DW_TAG_member
	.long	.Linfo_string80                 @ DW_AT_name
	.long	1120                            @ DW_AT_type
	.byte	1                               @ DW_AT_decl_file
	.short	626                             @ DW_AT_decl_line
	.byte	124                             @ DW_AT_data_member_location
	.byte	0                               @ End Of Children Mark
	.byte	12                              @ Abbrev [12] 0x409:0xc DW_TAG_array_type
	.long	247                             @ DW_AT_type
	.byte	13                              @ Abbrev [13] 0x40e:0x6 DW_TAG_subrange_type
	.long	254                             @ DW_AT_type
	.byte	8                               @ DW_AT_count
	.byte	0                               @ End Of Children Mark
	.byte	4                               @ Abbrev [4] 0x415:0xb DW_TAG_typedef
	.long	382                             @ DW_AT_type
	.long	.Linfo_string45                 @ DW_AT_name
	.byte	1                               @ DW_AT_decl_file
	.byte	67                              @ DW_AT_decl_line
	.byte	26                              @ Abbrev [26] 0x420:0xc DW_TAG_typedef
	.long	1068                            @ DW_AT_type
	.long	.Linfo_string51                 @ DW_AT_name
	.byte	1                               @ DW_AT_decl_file
	.short	318                             @ DW_AT_decl_line
	.byte	27                              @ Abbrev [27] 0x42c:0x24 DW_TAG_structure_type
	.long	.Linfo_string50                 @ DW_AT_name
	.byte	8                               @ DW_AT_byte_size
	.byte	1                               @ DW_AT_decl_file
	.short	313                             @ DW_AT_decl_line
	.byte	28                              @ Abbrev [28] 0x435:0xd DW_TAG_member
	.long	.Linfo_string48                 @ DW_AT_name
	.long	1104                            @ DW_AT_type
	.byte	1                               @ DW_AT_decl_file
	.short	315                             @ DW_AT_decl_line
	.byte	0                               @ DW_AT_data_member_location
	.byte	28                              @ Abbrev [28] 0x442:0xd DW_TAG_member
	.long	.Linfo_string49                 @ DW_AT_name
	.long	1104                            @ DW_AT_type
	.byte	1                               @ DW_AT_decl_file
	.short	316                             @ DW_AT_decl_line
	.byte	4                               @ DW_AT_data_member_location
	.byte	0                               @ End Of Children Mark
	.byte	5                               @ Abbrev [5] 0x450:0x5 DW_TAG_pointer_type
	.long	1068                            @ DW_AT_type
	.byte	4                               @ Abbrev [4] 0x455:0xb DW_TAG_typedef
	.long	389                             @ DW_AT_type
	.long	.Linfo_string59                 @ DW_AT_name
	.byte	1                               @ DW_AT_decl_file
	.byte	84                              @ DW_AT_decl_line
	.byte	4                               @ Abbrev [4] 0x460:0xb DW_TAG_typedef
	.long	1131                            @ DW_AT_type
	.long	.Linfo_string68                 @ DW_AT_name
	.byte	1                               @ DW_AT_decl_file
	.byte	82                              @ DW_AT_decl_line
	.byte	7                               @ Abbrev [7] 0x46b:0x7 DW_TAG_base_type
	.long	.Linfo_string67                 @ DW_AT_name
	.byte	7                               @ DW_AT_encoding
	.byte	4                               @ DW_AT_byte_size
	.byte	27                              @ Abbrev [27] 0x472:0x58 DW_TAG_structure_type
	.long	.Linfo_string78                 @ DW_AT_name
	.byte	44                              @ DW_AT_byte_size
	.byte	1                               @ DW_AT_decl_file
	.short	448                             @ DW_AT_decl_line
	.byte	28                              @ Abbrev [28] 0x47b:0xd DW_TAG_member
	.long	.Linfo_string71                 @ DW_AT_name
	.long	1226                            @ DW_AT_type
	.byte	1                               @ DW_AT_decl_file
	.short	450                             @ DW_AT_decl_line
	.byte	0                               @ DW_AT_data_member_location
	.byte	28                              @ Abbrev [28] 0x488:0xd DW_TAG_member
	.long	.Linfo_string74                 @ DW_AT_name
	.long	1288                            @ DW_AT_type
	.byte	1                               @ DW_AT_decl_file
	.short	452                             @ DW_AT_decl_line
	.byte	20                              @ DW_AT_data_member_location
	.byte	28                              @ Abbrev [28] 0x495:0xd DW_TAG_member
	.long	.Linfo_string75                 @ DW_AT_name
	.long	1300                            @ DW_AT_type
	.byte	1                               @ DW_AT_decl_file
	.short	454                             @ DW_AT_decl_line
	.byte	28                              @ DW_AT_data_member_location
	.byte	28                              @ Abbrev [28] 0x4a2:0xd DW_TAG_member
	.long	.Linfo_string55                 @ DW_AT_name
	.long	708                             @ DW_AT_type
	.byte	1                               @ DW_AT_decl_file
	.short	455                             @ DW_AT_decl_line
	.byte	32                              @ DW_AT_data_member_location
	.byte	28                              @ Abbrev [28] 0x4af:0xd DW_TAG_member
	.long	.Linfo_string66                 @ DW_AT_name
	.long	1313                            @ DW_AT_type
	.byte	1                               @ DW_AT_decl_file
	.short	457                             @ DW_AT_decl_line
	.byte	36                              @ DW_AT_data_member_location
	.byte	28                              @ Abbrev [28] 0x4bc:0xd DW_TAG_member
	.long	.Linfo_string77                 @ DW_AT_name
	.long	1313                            @ DW_AT_type
	.byte	1                               @ DW_AT_decl_file
	.short	458                             @ DW_AT_decl_line
	.byte	40                              @ DW_AT_data_member_location
	.byte	0                               @ End Of Children Mark
	.byte	27                              @ Abbrev [27] 0x4ca:0x3e DW_TAG_structure_type
	.long	.Linfo_string73                 @ DW_AT_name
	.byte	20                              @ DW_AT_byte_size
	.byte	1                               @ DW_AT_decl_file
	.short	343                             @ DW_AT_decl_line
	.byte	28                              @ Abbrev [28] 0x4d3:0xd DW_TAG_member
	.long	.Linfo_string11                 @ DW_AT_name
	.long	1033                            @ DW_AT_type
	.byte	1                               @ DW_AT_decl_file
	.short	345                             @ DW_AT_decl_line
	.byte	0                               @ DW_AT_data_member_location
	.byte	28                              @ Abbrev [28] 0x4e0:0xd DW_TAG_member
	.long	.Linfo_string44                 @ DW_AT_name
	.long	1045                            @ DW_AT_type
	.byte	1                               @ DW_AT_decl_file
	.short	346                             @ DW_AT_decl_line
	.byte	8                               @ DW_AT_data_member_location
	.byte	28                              @ Abbrev [28] 0x4ed:0xd DW_TAG_member
	.long	.Linfo_string72                 @ DW_AT_name
	.long	1045                            @ DW_AT_type
	.byte	1                               @ DW_AT_decl_file
	.short	347                             @ DW_AT_decl_line
	.byte	9                               @ DW_AT_data_member_location
	.byte	28                              @ Abbrev [28] 0x4fa:0xd DW_TAG_member
	.long	.Linfo_string47                 @ DW_AT_name
	.long	1056                            @ DW_AT_type
	.byte	1                               @ DW_AT_decl_file
	.short	352                             @ DW_AT_decl_line
	.byte	12                              @ DW_AT_data_member_location
	.byte	0                               @ End Of Children Mark
	.byte	12                              @ Abbrev [12] 0x508:0xc DW_TAG_array_type
	.long	1056                            @ DW_AT_type
	.byte	13                              @ Abbrev [13] 0x50d:0x6 DW_TAG_subrange_type
	.long	254                             @ DW_AT_type
	.byte	1                               @ DW_AT_count
	.byte	0                               @ End Of Children Mark
	.byte	5                               @ Abbrev [5] 0x514:0x5 DW_TAG_pointer_type
	.long	1305                            @ DW_AT_type
	.byte	29                              @ Abbrev [29] 0x519:0x8 DW_TAG_subroutine_type
	.byte	1                               @ DW_AT_prototyped
	.byte	30                              @ Abbrev [30] 0x51b:0x5 DW_TAG_formal_parameter
	.long	708                             @ DW_AT_type
	.byte	0                               @ End Of Children Mark
	.byte	4                               @ Abbrev [4] 0x521:0xb DW_TAG_typedef
	.long	709                             @ DW_AT_type
	.long	.Linfo_string76                 @ DW_AT_name
	.byte	1                               @ DW_AT_decl_file
	.byte	86                              @ DW_AT_decl_line
	.byte	5                               @ Abbrev [5] 0x52c:0x5 DW_TAG_pointer_type
	.long	1329                            @ DW_AT_type
	.byte	29                              @ Abbrev [29] 0x531:0x8 DW_TAG_subroutine_type
	.byte	1                               @ DW_AT_prototyped
	.byte	30                              @ Abbrev [30] 0x533:0x5 DW_TAG_formal_parameter
	.long	732                             @ DW_AT_type
	.byte	0                               @ End Of Children Mark
	.byte	0                               @ End Of Children Mark
.Ldebug_info_end0:
	.section	.debug_ranges,"",%progbits
.Ldebug_ranges0:
	.long	.Ltmp45
	.long	.Ltmp52
	.long	.Ltmp54
	.long	.Ltmp56
	.long	0
	.long	0
.Ldebug_ranges1:
	.long	.Lfunc_begin0
	.long	.Lfunc_end0
	.long	.Lfunc_begin1
	.long	.Lfunc_end1
	.long	.Lfunc_begin2
	.long	.Lfunc_end2
	.long	.Lfunc_begin3
	.long	.Lfunc_end3
	.long	.Lfunc_begin4
	.long	.Lfunc_end4
	.long	.Lfunc_begin5
	.long	.Lfunc_end5
	.long	0
	.long	0
	.section	.debug_str,"MS",%progbits,1
.Linfo_string0:
	.asciz	"Component: ARM Compiler 6.16 Tool: armclang [5dfeb700]" @ string offset=0
.Linfo_string1:
	.asciz	"libraries/drivers\\drv_wlan.c" @ string offset=55
.Linfo_string2:
	.asciz	"E:\\Smart-access-control\\Hardware\\CODE" @ string offset=84
.Linfo_string3:
	.asciz	"__rt_init_rt_hw_wlan_init"     @ string offset=122
.Linfo_string4:
	.asciz	"int"                           @ string offset=148
.Linfo_string5:
	.asciz	"init_fn_t"                     @ string offset=152
.Linfo_string6:
	.asciz	"__rt_init_ap6212_init"         @ string offset=162
.Linfo_string7:
	.asciz	"partition"                     @ string offset=184
.Linfo_string8:
	.asciz	"magic_word"                    @ string offset=194
.Linfo_string9:
	.asciz	"unsigned int"                  @ string offset=205
.Linfo_string10:
	.asciz	"uint32_t"                      @ string offset=218
.Linfo_string11:
	.asciz	"name"                          @ string offset=227
.Linfo_string12:
	.asciz	"char"                          @ string offset=232
.Linfo_string13:
	.asciz	"__ARRAY_SIZE_TYPE__"           @ string offset=237
.Linfo_string14:
	.asciz	"flash_name"                    @ string offset=257
.Linfo_string15:
	.asciz	"offset"                        @ string offset=268
.Linfo_string16:
	.asciz	"long int"                      @ string offset=275
.Linfo_string17:
	.asciz	"len"                           @ string offset=284
.Linfo_string18:
	.asciz	"size_t"                        @ string offset=288
.Linfo_string19:
	.asciz	"reserved"                      @ string offset=295
.Linfo_string20:
	.asciz	"fal_partition"                 @ string offset=304
.Linfo_string21:
	.asciz	"wifi_nvram_image"              @ string offset=318
.Linfo_string22:
	.asciz	"init_flag"                     @ string offset=335
.Linfo_string23:
	.asciz	"rt_bool_t"                     @ string offset=345
.Linfo_string24:
	.asciz	"unsigned char"                 @ string offset=355
.Linfo_string25:
	.asciz	"RT_WLAN_NONE"                  @ string offset=369
.Linfo_string26:
	.asciz	"RT_WLAN_STATION"               @ string offset=382
.Linfo_string27:
	.asciz	"RT_WLAN_AP"                    @ string offset=398
.Linfo_string28:
	.asciz	"RT_WLAN_MODE_MAX"              @ string offset=409
.Linfo_string29:
	.asciz	"rt_base_t"                     @ string offset=426
.Linfo_string30:
	.asciz	"wiced_platform_resource_size"  @ string offset=436
.Linfo_string31:
	.asciz	"wiced_platform_resource_read"  @ string offset=465
.Linfo_string32:
	.asciz	"rt_hw_wlan_wait_init_done"     @ string offset=494
.Linfo_string33:
	.asciz	"rt_hw_wlan_init"               @ string offset=520
.Linfo_string34:
	.asciz	"wifi_init_thread_entry"        @ string offset=536
.Linfo_string35:
	.asciz	"ap6212_init"                   @ string offset=559
.Linfo_string36:
	.asciz	"resource"                      @ string offset=571
.Linfo_string37:
	.asciz	"size"                          @ string offset=580
.Linfo_string38:
	.asciz	"buffer"                        @ string offset=585
.Linfo_string39:
	.asciz	"buffer_size"                   @ string offset=592
.Linfo_string40:
	.asciz	"time_ms"                       @ string offset=604
.Linfo_string41:
	.asciz	"rt_uint32_t"                   @ string offset=612
.Linfo_string42:
	.asciz	"time_cnt"                      @ string offset=624
.Linfo_string43:
	.asciz	"tid"                           @ string offset=633
.Linfo_string44:
	.asciz	"type"                          @ string offset=637
.Linfo_string45:
	.asciz	"rt_uint8_t"                    @ string offset=642
.Linfo_string46:
	.asciz	"flags"                         @ string offset=653
.Linfo_string47:
	.asciz	"list"                          @ string offset=659
.Linfo_string48:
	.asciz	"next"                          @ string offset=664
.Linfo_string49:
	.asciz	"prev"                          @ string offset=669
.Linfo_string50:
	.asciz	"rt_list_node"                  @ string offset=674
.Linfo_string51:
	.asciz	"rt_list_t"                     @ string offset=687
.Linfo_string52:
	.asciz	"tlist"                         @ string offset=697
.Linfo_string53:
	.asciz	"sp"                            @ string offset=703
.Linfo_string54:
	.asciz	"entry"                         @ string offset=706
.Linfo_string55:
	.asciz	"parameter"                     @ string offset=712
.Linfo_string56:
	.asciz	"stack_addr"                    @ string offset=722
.Linfo_string57:
	.asciz	"stack_size"                    @ string offset=733
.Linfo_string58:
	.asciz	"error"                         @ string offset=744
.Linfo_string59:
	.asciz	"rt_err_t"                      @ string offset=750
.Linfo_string60:
	.asciz	"stat"                          @ string offset=759
.Linfo_string61:
	.asciz	"current_priority"              @ string offset=764
.Linfo_string62:
	.asciz	"init_priority"                 @ string offset=781
.Linfo_string63:
	.asciz	"number_mask"                   @ string offset=795
.Linfo_string64:
	.asciz	"event_set"                     @ string offset=807
.Linfo_string65:
	.asciz	"event_info"                    @ string offset=817
.Linfo_string66:
	.asciz	"init_tick"                     @ string offset=828
.Linfo_string67:
	.asciz	"long unsigned int"             @ string offset=838
.Linfo_string68:
	.asciz	"rt_ubase_t"                    @ string offset=856
.Linfo_string69:
	.asciz	"remaining_tick"                @ string offset=867
.Linfo_string70:
	.asciz	"thread_timer"                  @ string offset=882
.Linfo_string71:
	.asciz	"parent"                        @ string offset=895
.Linfo_string72:
	.asciz	"flag"                          @ string offset=902
.Linfo_string73:
	.asciz	"rt_object"                     @ string offset=907
.Linfo_string74:
	.asciz	"row"                           @ string offset=917
.Linfo_string75:
	.asciz	"timeout_func"                  @ string offset=921
.Linfo_string76:
	.asciz	"rt_tick_t"                     @ string offset=934
.Linfo_string77:
	.asciz	"timeout_tick"                  @ string offset=944
.Linfo_string78:
	.asciz	"rt_timer"                      @ string offset=957
.Linfo_string79:
	.asciz	"cleanup"                       @ string offset=966
.Linfo_string80:
	.asciz	"user_data"                     @ string offset=974
.Linfo_string81:
	.asciz	"rt_thread"                     @ string offset=984
.Linfo_string82:
	.asciz	"rt_thread_t"                   @ string offset=994
.Linfo_string83:
	.asciz	"result"                        @ string offset=1006
	.ident	"Component: ARM Compiler 6.16 Tool: armclang [5dfeb700]"
	.section	".note.GNU-stack","",%progbits
	.eabi_attribute	30, 1	@ Tag_ABI_optimization_goals
	.ARM_attribute	16, 1	@ Tag_AV_eba
	.section	.debug_line,"",%progbits
.Lline_table_start0:
