	.text
	.syntax unified
	.eabi_attribute	67, "2.09"	@ Tag_conformance
	.cpu	cortex-m7
	.eabi_attribute	6, 13	@ Tag_CPU_arch
	.eabi_attribute	7, 77	@ Tag_CPU_arch_profile
	.eabi_attribute	8, 0	@ Tag_ARM_ISA_use
	.eabi_attribute	9, 2	@ Tag_THUMB_ISA_use
	.fpu	fpv5-d16
	.eabi_attribute	36, 1	@ Tag_FP_HP_extension
	.eabi_attribute	34, 1	@ Tag_CPU_unaligned_access
	.eabi_attribute	17, 1	@ Tag_ABI_PCS_GOT_use
	.eabi_attribute	20, 2	@ Tag_ABI_FP_denormal
	.eabi_attribute	21, 0	@ Tag_ABI_FP_exceptions
	.eabi_attribute	23, 1	@ Tag_ABI_FP_number_model
	.eabi_attribute	24, 1	@ Tag_ABI_align_needed
	.eabi_attribute	25, 1	@ Tag_ABI_align_preserved
	.eabi_attribute	28, 1	@ Tag_ABI_VFP_args
	.eabi_attribute	38, 1	@ Tag_ABI_FP_16bit_format
	.eabi_attribute	18, 2	@ Tag_ABI_PCS_wchar_t
	.eabi_attribute	26, 1	@ Tag_ABI_enum_size
	.eabi_attribute	14, 0	@ Tag_ABI_PCS_R9_use
	.file	"drv_mpu.c"
	.file	1 "E:\\STM32\\Learning\\STM32H750_ART_PI_RGBLCD" "rt-thread/include\\rtdef.h"
	.file	2 "E:\\STM32\\Learning\\STM32H750_ART_PI_RGBLCD" "board/drv_mpu.c"
	.file	3 "D:\\Keil_v5\\ARM\\ARMCLANG\\Bin\\..\\include" "stdint.h"
	.file	4 "E:\\STM32\\Learning\\STM32H750_ART_PI_RGBLCD" "libraries/STM32H7xx_HAL/CMSIS/Include\\core_cm7.h"
	.section	.text.mpu_init,"ax",%progbits
	.hidden	mpu_init                        @ -- Begin function mpu_init
	.globl	mpu_init
	.p2align	3
	.type	mpu_init,%function
	.code	16                              @ @mpu_init
	.thumb_func
mpu_init:
.Lfunc_begin0:
	.loc	2 15 0                          @ board/drv_mpu.c:15:0
	.fnstart
	.cfi_sections .debug_frame
	.cfi_startproc
@ %bb.0:
	.save	{r7, lr}
	push	{r7, lr}
	.cfi_def_cfa_offset 8
	.cfi_offset lr, -4
	.cfi_offset r7, -8
	.pad	#40
	sub	sp, #40
	.cfi_def_cfa_offset 48
.Ltmp0:
	.loc	2 19 5 prologue_end             @ board/drv_mpu.c:19:5
	bl	HAL_MPU_Disable
	movs	r1, #1
	.loc	2 22 38                         @ board/drv_mpu.c:22:38
	str	r1, [sp, #8]                    @ 4-byte Spill
	strb.w	r1, [sp, #24]
	mov.w	r0, #603979776
	.loc	2 23 38                         @ board/drv_mpu.c:23:38
	str	r0, [sp, #28]
	movs	r0, #18
	.loc	2 24 38                         @ board/drv_mpu.c:24:38
	strb.w	r0, [sp, #32]
	movs	r0, #3
	.loc	2 25 38                         @ board/drv_mpu.c:25:38
	str	r0, [sp, #4]                    @ 4-byte Spill
	strb.w	r0, [sp, #35]
	movs	r0, #0
	.loc	2 26 38                         @ board/drv_mpu.c:26:38
	str	r0, [sp, #20]                   @ 4-byte Spill
	strb.w	r0, [sp, #39]
	.loc	2 27 38                         @ board/drv_mpu.c:27:38
	strb.w	r1, [sp, #38]
	.loc	2 28 38                         @ board/drv_mpu.c:28:38
	strb.w	r0, [sp, #37]
	.loc	2 29 38                         @ board/drv_mpu.c:29:38
	strb.w	r0, [sp, #25]
	.loc	2 30 38                         @ board/drv_mpu.c:30:38
	strb.w	r0, [sp, #34]
	.loc	2 31 38                         @ board/drv_mpu.c:31:38
	strb.w	r0, [sp, #33]
	.loc	2 32 38                         @ board/drv_mpu.c:32:38
	strb.w	r0, [sp, #36]
	add	r0, sp, #24
	.loc	2 34 5                          @ board/drv_mpu.c:34:5
	str	r0, [sp, #12]                   @ 4-byte Spill
	bl	HAL_MPU_ConfigRegion
	ldr	r3, [sp, #4]                    @ 4-byte Reload
	ldr	r2, [sp, #8]                    @ 4-byte Reload
	ldr	r0, [sp, #12]                   @ 4-byte Reload
	ldr	r1, [sp, #20]                   @ 4-byte Reload
	.loc	2 38 38                         @ board/drv_mpu.c:38:38
	strb.w	r2, [sp, #24]
	mov.w	r12, #-1073741824
	.loc	2 39 38                         @ board/drv_mpu.c:39:38
	str.w	r12, [sp, #28]
	mov.w	r12, #24
	.loc	2 40 38                         @ board/drv_mpu.c:40:38
	strb.w	r12, [sp, #32]
	.loc	2 41 38                         @ board/drv_mpu.c:41:38
	strb.w	r3, [sp, #35]
	.loc	2 42 38                         @ board/drv_mpu.c:42:38
	strb.w	r1, [sp, #39]
	.loc	2 43 38                         @ board/drv_mpu.c:43:38
	strb.w	r2, [sp, #38]
	.loc	2 44 38                         @ board/drv_mpu.c:44:38
	strb.w	r1, [sp, #37]
	.loc	2 45 38                         @ board/drv_mpu.c:45:38
	strb.w	r2, [sp, #25]
	.loc	2 46 38                         @ board/drv_mpu.c:46:38
	strb.w	r1, [sp, #34]
	.loc	2 47 38                         @ board/drv_mpu.c:47:38
	strb.w	r1, [sp, #33]
	.loc	2 48 38                         @ board/drv_mpu.c:48:38
	strb.w	r1, [sp, #36]
	.loc	2 50 5                          @ board/drv_mpu.c:50:5
	bl	HAL_MPU_ConfigRegion
	ldr	r3, [sp, #4]                    @ 4-byte Reload
	ldr	r2, [sp, #8]                    @ 4-byte Reload
	ldr	r0, [sp, #12]                   @ 4-byte Reload
	ldr	r1, [sp, #20]                   @ 4-byte Reload
	.loc	2 88 38                         @ board/drv_mpu.c:88:38
	strb.w	r2, [sp, #24]
	mov.w	r12, #-1879048192
	.loc	2 89 38                         @ board/drv_mpu.c:89:38
	str.w	r12, [sp, #28]
	mov.w	r12, #22
	.loc	2 90 38                         @ board/drv_mpu.c:90:38
	strb.w	r12, [sp, #32]
	.loc	2 91 38                         @ board/drv_mpu.c:91:38
	strb.w	r3, [sp, #35]
	.loc	2 92 38                         @ board/drv_mpu.c:92:38
	strb.w	r1, [sp, #39]
	.loc	2 93 38                         @ board/drv_mpu.c:93:38
	strb.w	r2, [sp, #38]
	.loc	2 94 38                         @ board/drv_mpu.c:94:38
	strb.w	r1, [sp, #37]
	movs	r2, #4
	.loc	2 95 38                         @ board/drv_mpu.c:95:38
	str	r2, [sp, #16]                   @ 4-byte Spill
	strb.w	r2, [sp, #25]
	.loc	2 96 38                         @ board/drv_mpu.c:96:38
	strb.w	r1, [sp, #34]
	.loc	2 97 38                         @ board/drv_mpu.c:97:38
	strb.w	r1, [sp, #33]
	.loc	2 98 38                         @ board/drv_mpu.c:98:38
	strb.w	r1, [sp, #36]
	.loc	2 100 5                         @ board/drv_mpu.c:100:5
	bl	HAL_MPU_ConfigRegion
	ldr	r0, [sp, #16]                   @ 4-byte Reload
	.loc	2 103 5                         @ board/drv_mpu.c:103:5
	bl	HAL_MPU_Enable
	.loc	2 106 5                         @ board/drv_mpu.c:106:5
	bl	SCB_EnableICache
	.loc	2 107 5                         @ board/drv_mpu.c:107:5
	bl	SCB_EnableDCache
	ldr	r0, [sp, #20]                   @ 4-byte Reload
	.loc	2 109 5                         @ board/drv_mpu.c:109:5
	add	sp, #40
	pop	{r7, pc}
.Ltmp1:
.Lfunc_end0:
	.size	mpu_init, .Lfunc_end0-mpu_init
	.cfi_endproc
	.cantunwind
	.fnend
                                        @ -- End function
	.section	.text.SCB_EnableICache,"ax",%progbits
	.p2align	3                               @ -- Begin function SCB_EnableICache
	.type	SCB_EnableICache,%function
	.code	16                              @ @SCB_EnableICache
	.thumb_func
SCB_EnableICache:
.Lfunc_begin1:
	.loc	4 2230 0                        @ libraries/STM32H7xx_HAL/CMSIS/Include\core_cm7.h:2230:0
	.fnstart
	.cfi_startproc
@ %bb.0:
	.loc	4 2232 5 prologue_end           @ libraries/STM32H7xx_HAL/CMSIS/Include\core_cm7.h:2232:5
	dsb	sy
	.loc	4 2233 5                        @ libraries/STM32H7xx_HAL/CMSIS/Include\core_cm7.h:2233:5
	isb	sy
	movw	r1, #61264
	movt	r1, #57344
	movs	r0, #0
	.loc	4 2234 18                       @ libraries/STM32H7xx_HAL/CMSIS/Include\core_cm7.h:2234:18
	str	r0, [r1]
	.loc	4 2235 5                        @ libraries/STM32H7xx_HAL/CMSIS/Include\core_cm7.h:2235:5
	dsb	sy
	.loc	4 2236 5                        @ libraries/STM32H7xx_HAL/CMSIS/Include\core_cm7.h:2236:5
	isb	sy
	movw	r1, #60692
	movt	r1, #57344
	.loc	4 2237 14                       @ libraries/STM32H7xx_HAL/CMSIS/Include\core_cm7.h:2237:14
	ldr	r0, [r1]
	orr	r0, r0, #131072
	str	r0, [r1]
	.loc	4 2238 5                        @ libraries/STM32H7xx_HAL/CMSIS/Include\core_cm7.h:2238:5
	dsb	sy
	.loc	4 2239 5                        @ libraries/STM32H7xx_HAL/CMSIS/Include\core_cm7.h:2239:5
	isb	sy
	.loc	4 2241 1                        @ libraries/STM32H7xx_HAL/CMSIS/Include\core_cm7.h:2241:1
	bx	lr
.Ltmp2:
.Lfunc_end1:
	.size	SCB_EnableICache, .Lfunc_end1-SCB_EnableICache
	.cfi_endproc
	.cantunwind
	.fnend
                                        @ -- End function
	.section	.text.SCB_EnableDCache,"ax",%progbits
	.p2align	3                               @ -- Begin function SCB_EnableDCache
	.type	SCB_EnableDCache,%function
	.code	16                              @ @SCB_EnableDCache
	.thumb_func
SCB_EnableDCache:
.Lfunc_begin2:
	.loc	4 2282 0                        @ libraries/STM32H7xx_HAL/CMSIS/Include\core_cm7.h:2282:0
	.fnstart
	.cfi_startproc
@ %bb.0:
	.pad	#12
	sub	sp, #12
	.cfi_def_cfa_offset 12
	movw	r1, #60804
	movt	r1, #57344
	movs	r0, #0
.Ltmp3:
	.loc	4 2288 17 prologue_end          @ libraries/STM32H7xx_HAL/CMSIS/Include\core_cm7.h:2288:17
	str	r0, [r1]
	.loc	4 2289 5                        @ libraries/STM32H7xx_HAL/CMSIS/Include\core_cm7.h:2289:5
	dsb	sy
	movw	r0, #60800
	movt	r0, #57344
	.loc	4 2291 19                       @ libraries/STM32H7xx_HAL/CMSIS/Include\core_cm7.h:2291:19
	ldr	r0, [r0]
	.loc	4 2291 12 is_stmt 0             @ libraries/STM32H7xx_HAL/CMSIS/Include\core_cm7.h:2291:12
	str	r0, [sp, #8]
	.loc	4 2294 23 is_stmt 1             @ libraries/STM32H7xx_HAL/CMSIS/Include\core_cm7.h:2294:23
	ldr	r0, [sp, #8]
	ubfx	r0, r0, #13, #15
	.loc	4 2294 10 is_stmt 0             @ libraries/STM32H7xx_HAL/CMSIS/Include\core_cm7.h:2294:10
	str	r0, [sp, #4]
	.loc	4 2295 5 is_stmt 1              @ libraries/STM32H7xx_HAL/CMSIS/Include\core_cm7.h:2295:5
	b	.LBB2_1
.LBB2_1:                                @ =>This Loop Header: Depth=1
                                        @     Child Loop BB2_2 Depth 2
.Ltmp4:
	.loc	4 2296 25                       @ libraries/STM32H7xx_HAL/CMSIS/Include\core_cm7.h:2296:25
	ldr	r0, [sp, #8]
	ubfx	r0, r0, #3, #10
	.loc	4 2296 12 is_stmt 0             @ libraries/STM32H7xx_HAL/CMSIS/Include\core_cm7.h:2296:12
	str	r0, [sp]
	.loc	4 2297 7 is_stmt 1              @ libraries/STM32H7xx_HAL/CMSIS/Include\core_cm7.h:2297:7
	b	.LBB2_2
.LBB2_2:                                @   Parent Loop BB2_1 Depth=1
                                        @ =>  This Inner Loop Header: Depth=2
.Ltmp5:
	.loc	4 2298 25                       @ libraries/STM32H7xx_HAL/CMSIS/Include\core_cm7.h:2298:25
	ldr	r1, [sp, #4]
	.loc	4 2299 25                       @ libraries/STM32H7xx_HAL/CMSIS/Include\core_cm7.h:2299:25
	ldr	r0, [sp]
	.loc	4 2299 30 is_stmt 0             @ libraries/STM32H7xx_HAL/CMSIS/Include\core_cm7.h:2299:30
	lsls	r0, r0, #30
	.loc	4 2298 73 is_stmt 1             @ libraries/STM32H7xx_HAL/CMSIS/Include\core_cm7.h:2298:73
	bfi	r0, r1, #5, #9
	movw	r1, #61280
	movt	r1, #57344
	.loc	4 2298 20 is_stmt 0             @ libraries/STM32H7xx_HAL/CMSIS/Include\core_cm7.h:2298:20
	str	r0, [r1]
	.loc	4 2303 7 is_stmt 1              @ libraries/STM32H7xx_HAL/CMSIS/Include\core_cm7.h:2303:7
	b	.LBB2_3
.Ltmp6:
.LBB2_3:                                @   in Loop: Header=BB2_2 Depth=2
	.loc	4 2303 20 is_stmt 0             @ libraries/STM32H7xx_HAL/CMSIS/Include\core_cm7.h:2303:20
	ldr	r0, [sp]
	subs	r1, r0, #1
	str	r1, [sp]
.Ltmp7:
	.loc	4 2303 7                        @ libraries/STM32H7xx_HAL/CMSIS/Include\core_cm7.h:2303:7
	cmp	r0, #0
	bne	.LBB2_2
	b	.LBB2_4
.Ltmp8:
.LBB2_4:                                @   in Loop: Header=BB2_1 Depth=1
	.loc	4 2304 5 is_stmt 1              @ libraries/STM32H7xx_HAL/CMSIS/Include\core_cm7.h:2304:5
	b	.LBB2_5
.Ltmp9:
.LBB2_5:                                @   in Loop: Header=BB2_1 Depth=1
	.loc	4 2304 17 is_stmt 0             @ libraries/STM32H7xx_HAL/CMSIS/Include\core_cm7.h:2304:17
	ldr	r0, [sp, #4]
	subs	r1, r0, #1
	str	r1, [sp, #4]
.Ltmp10:
	.loc	4 2304 5                        @ libraries/STM32H7xx_HAL/CMSIS/Include\core_cm7.h:2304:5
	cmp	r0, #0
	bne	.LBB2_1
	b	.LBB2_6
.Ltmp11:
.LBB2_6:
	.loc	4 2305 5 is_stmt 1              @ libraries/STM32H7xx_HAL/CMSIS/Include\core_cm7.h:2305:5
	dsb	sy
	movw	r1, #60692
	movt	r1, #57344
	.loc	4 2307 14                       @ libraries/STM32H7xx_HAL/CMSIS/Include\core_cm7.h:2307:14
	ldr	r0, [r1]
	orr	r0, r0, #65536
	str	r0, [r1]
	.loc	4 2309 5                        @ libraries/STM32H7xx_HAL/CMSIS/Include\core_cm7.h:2309:5
	dsb	sy
	.loc	4 2310 5                        @ libraries/STM32H7xx_HAL/CMSIS/Include\core_cm7.h:2310:5
	isb	sy
	.loc	4 2312 1                        @ libraries/STM32H7xx_HAL/CMSIS/Include\core_cm7.h:2312:1
	add	sp, #12
	bx	lr
.Ltmp12:
.Lfunc_end2:
	.size	SCB_EnableDCache, .Lfunc_end2-SCB_EnableDCache
	.cfi_endproc
	.cantunwind
	.fnend
                                        @ -- End function
	.hidden	__rt_init_mpu_init              @ @__rt_init_mpu_init
	.type	__rt_init_mpu_init,%object
	.section	.rti_fn.1,"a",%progbits
	.globl	__rt_init_mpu_init
	.p2align	2
__rt_init_mpu_init:
__tagsym$$used.0:
	.long	mpu_init
	.size	__rt_init_mpu_init, 4

	.globl	__rt_init_mpu_init
	.file	5 "E:\\STM32\\Learning\\STM32H750_ART_PI_RGBLCD" "libraries/STM32H7xx_HAL/STM32H7xx_HAL_Driver/Inc\\stm32h7xx_hal_cortex.h"
	.section	.debug_abbrev,"",%progbits
	.byte	1                               @ Abbreviation Code
	.byte	17                              @ DW_TAG_compile_unit
	.byte	1                               @ DW_CHILDREN_yes
	.byte	37                              @ DW_AT_producer
	.byte	14                              @ DW_FORM_strp
	.byte	19                              @ DW_AT_language
	.byte	5                               @ DW_FORM_data2
	.byte	3                               @ DW_AT_name
	.byte	14                              @ DW_FORM_strp
	.byte	16                              @ DW_AT_stmt_list
	.byte	6                               @ DW_FORM_data4
	.byte	27                              @ DW_AT_comp_dir
	.byte	14                              @ DW_FORM_strp
	.byte	17                              @ DW_AT_low_pc
	.byte	1                               @ DW_FORM_addr
	.byte	85                              @ DW_AT_ranges
	.byte	6                               @ DW_FORM_data4
	.byte	0                               @ EOM(1)
	.byte	0                               @ EOM(2)
	.byte	2                               @ Abbreviation Code
	.byte	52                              @ DW_TAG_variable
	.byte	0                               @ DW_CHILDREN_no
	.byte	3                               @ DW_AT_name
	.byte	14                              @ DW_FORM_strp
	.byte	73                              @ DW_AT_type
	.byte	19                              @ DW_FORM_ref4
	.byte	63                              @ DW_AT_external
	.byte	12                              @ DW_FORM_flag
	.byte	58                              @ DW_AT_decl_file
	.byte	11                              @ DW_FORM_data1
	.byte	59                              @ DW_AT_decl_line
	.byte	11                              @ DW_FORM_data1
	.byte	2                               @ DW_AT_location
	.byte	10                              @ DW_FORM_block1
	.byte	0                               @ EOM(1)
	.byte	0                               @ EOM(2)
	.byte	3                               @ Abbreviation Code
	.byte	38                              @ DW_TAG_const_type
	.byte	0                               @ DW_CHILDREN_no
	.byte	73                              @ DW_AT_type
	.byte	19                              @ DW_FORM_ref4
	.byte	0                               @ EOM(1)
	.byte	0                               @ EOM(2)
	.byte	4                               @ Abbreviation Code
	.byte	22                              @ DW_TAG_typedef
	.byte	0                               @ DW_CHILDREN_no
	.byte	73                              @ DW_AT_type
	.byte	19                              @ DW_FORM_ref4
	.byte	3                               @ DW_AT_name
	.byte	14                              @ DW_FORM_strp
	.byte	58                              @ DW_AT_decl_file
	.byte	11                              @ DW_FORM_data1
	.byte	59                              @ DW_AT_decl_line
	.byte	11                              @ DW_FORM_data1
	.byte	0                               @ EOM(1)
	.byte	0                               @ EOM(2)
	.byte	5                               @ Abbreviation Code
	.byte	15                              @ DW_TAG_pointer_type
	.byte	0                               @ DW_CHILDREN_no
	.byte	73                              @ DW_AT_type
	.byte	19                              @ DW_FORM_ref4
	.byte	0                               @ EOM(1)
	.byte	0                               @ EOM(2)
	.byte	6                               @ Abbreviation Code
	.byte	21                              @ DW_TAG_subroutine_type
	.byte	0                               @ DW_CHILDREN_no
	.byte	73                              @ DW_AT_type
	.byte	19                              @ DW_FORM_ref4
	.byte	39                              @ DW_AT_prototyped
	.byte	12                              @ DW_FORM_flag
	.byte	0                               @ EOM(1)
	.byte	0                               @ EOM(2)
	.byte	7                               @ Abbreviation Code
	.byte	36                              @ DW_TAG_base_type
	.byte	0                               @ DW_CHILDREN_no
	.byte	3                               @ DW_AT_name
	.byte	14                              @ DW_FORM_strp
	.byte	62                              @ DW_AT_encoding
	.byte	11                              @ DW_FORM_data1
	.byte	11                              @ DW_AT_byte_size
	.byte	11                              @ DW_FORM_data1
	.byte	0                               @ EOM(1)
	.byte	0                               @ EOM(2)
	.byte	8                               @ Abbreviation Code
	.byte	22                              @ DW_TAG_typedef
	.byte	0                               @ DW_CHILDREN_no
	.byte	73                              @ DW_AT_type
	.byte	19                              @ DW_FORM_ref4
	.byte	3                               @ DW_AT_name
	.byte	14                              @ DW_FORM_strp
	.byte	58                              @ DW_AT_decl_file
	.byte	11                              @ DW_FORM_data1
	.byte	59                              @ DW_AT_decl_line
	.byte	5                               @ DW_FORM_data2
	.byte	0                               @ EOM(1)
	.byte	0                               @ EOM(2)
	.byte	9                               @ Abbreviation Code
	.byte	19                              @ DW_TAG_structure_type
	.byte	1                               @ DW_CHILDREN_yes
	.byte	11                              @ DW_AT_byte_size
	.byte	5                               @ DW_FORM_data2
	.byte	58                              @ DW_AT_decl_file
	.byte	11                              @ DW_FORM_data1
	.byte	59                              @ DW_AT_decl_line
	.byte	5                               @ DW_FORM_data2
	.byte	0                               @ EOM(1)
	.byte	0                               @ EOM(2)
	.byte	10                              @ Abbreviation Code
	.byte	13                              @ DW_TAG_member
	.byte	0                               @ DW_CHILDREN_no
	.byte	3                               @ DW_AT_name
	.byte	14                              @ DW_FORM_strp
	.byte	73                              @ DW_AT_type
	.byte	19                              @ DW_FORM_ref4
	.byte	58                              @ DW_AT_decl_file
	.byte	11                              @ DW_FORM_data1
	.byte	59                              @ DW_AT_decl_line
	.byte	5                               @ DW_FORM_data2
	.byte	56                              @ DW_AT_data_member_location
	.byte	11                              @ DW_FORM_data1
	.byte	0                               @ EOM(1)
	.byte	0                               @ EOM(2)
	.byte	11                              @ Abbreviation Code
	.byte	13                              @ DW_TAG_member
	.byte	0                               @ DW_CHILDREN_no
	.byte	3                               @ DW_AT_name
	.byte	14                              @ DW_FORM_strp
	.byte	73                              @ DW_AT_type
	.byte	19                              @ DW_FORM_ref4
	.byte	58                              @ DW_AT_decl_file
	.byte	11                              @ DW_FORM_data1
	.byte	59                              @ DW_AT_decl_line
	.byte	5                               @ DW_FORM_data2
	.byte	56                              @ DW_AT_data_member_location
	.byte	5                               @ DW_FORM_data2
	.byte	0                               @ EOM(1)
	.byte	0                               @ EOM(2)
	.byte	12                              @ Abbreviation Code
	.byte	53                              @ DW_TAG_volatile_type
	.byte	0                               @ DW_CHILDREN_no
	.byte	73                              @ DW_AT_type
	.byte	19                              @ DW_FORM_ref4
	.byte	0                               @ EOM(1)
	.byte	0                               @ EOM(2)
	.byte	13                              @ Abbreviation Code
	.byte	1                               @ DW_TAG_array_type
	.byte	1                               @ DW_CHILDREN_yes
	.byte	73                              @ DW_AT_type
	.byte	19                              @ DW_FORM_ref4
	.byte	0                               @ EOM(1)
	.byte	0                               @ EOM(2)
	.byte	14                              @ Abbreviation Code
	.byte	33                              @ DW_TAG_subrange_type
	.byte	0                               @ DW_CHILDREN_no
	.byte	73                              @ DW_AT_type
	.byte	19                              @ DW_FORM_ref4
	.byte	55                              @ DW_AT_count
	.byte	11                              @ DW_FORM_data1
	.byte	0                               @ EOM(1)
	.byte	0                               @ EOM(2)
	.byte	15                              @ Abbreviation Code
	.byte	36                              @ DW_TAG_base_type
	.byte	0                               @ DW_CHILDREN_no
	.byte	3                               @ DW_AT_name
	.byte	14                              @ DW_FORM_strp
	.byte	11                              @ DW_AT_byte_size
	.byte	11                              @ DW_FORM_data1
	.byte	62                              @ DW_AT_encoding
	.byte	11                              @ DW_FORM_data1
	.byte	0                               @ EOM(1)
	.byte	0                               @ EOM(2)
	.byte	16                              @ Abbreviation Code
	.byte	46                              @ DW_TAG_subprogram
	.byte	1                               @ DW_CHILDREN_yes
	.byte	17                              @ DW_AT_low_pc
	.byte	1                               @ DW_FORM_addr
	.byte	18                              @ DW_AT_high_pc
	.byte	1                               @ DW_FORM_addr
	.byte	64                              @ DW_AT_frame_base
	.byte	10                              @ DW_FORM_block1
	.byte	3                               @ DW_AT_name
	.byte	14                              @ DW_FORM_strp
	.byte	58                              @ DW_AT_decl_file
	.byte	11                              @ DW_FORM_data1
	.byte	59                              @ DW_AT_decl_line
	.byte	11                              @ DW_FORM_data1
	.byte	39                              @ DW_AT_prototyped
	.byte	12                              @ DW_FORM_flag
	.byte	73                              @ DW_AT_type
	.byte	19                              @ DW_FORM_ref4
	.byte	63                              @ DW_AT_external
	.byte	12                              @ DW_FORM_flag
	.byte	0                               @ EOM(1)
	.byte	0                               @ EOM(2)
	.byte	17                              @ Abbreviation Code
	.byte	52                              @ DW_TAG_variable
	.byte	0                               @ DW_CHILDREN_no
	.byte	2                               @ DW_AT_location
	.byte	10                              @ DW_FORM_block1
	.byte	3                               @ DW_AT_name
	.byte	14                              @ DW_FORM_strp
	.byte	58                              @ DW_AT_decl_file
	.byte	11                              @ DW_FORM_data1
	.byte	59                              @ DW_AT_decl_line
	.byte	11                              @ DW_FORM_data1
	.byte	73                              @ DW_AT_type
	.byte	19                              @ DW_FORM_ref4
	.byte	0                               @ EOM(1)
	.byte	0                               @ EOM(2)
	.byte	18                              @ Abbreviation Code
	.byte	46                              @ DW_TAG_subprogram
	.byte	0                               @ DW_CHILDREN_no
	.byte	17                              @ DW_AT_low_pc
	.byte	1                               @ DW_FORM_addr
	.byte	18                              @ DW_AT_high_pc
	.byte	1                               @ DW_FORM_addr
	.byte	64                              @ DW_AT_frame_base
	.byte	10                              @ DW_FORM_block1
	.byte	3                               @ DW_AT_name
	.byte	14                              @ DW_FORM_strp
	.byte	58                              @ DW_AT_decl_file
	.byte	11                              @ DW_FORM_data1
	.byte	59                              @ DW_AT_decl_line
	.byte	5                               @ DW_FORM_data2
	.byte	39                              @ DW_AT_prototyped
	.byte	12                              @ DW_FORM_flag
	.byte	0                               @ EOM(1)
	.byte	0                               @ EOM(2)
	.byte	19                              @ Abbreviation Code
	.byte	46                              @ DW_TAG_subprogram
	.byte	1                               @ DW_CHILDREN_yes
	.byte	17                              @ DW_AT_low_pc
	.byte	1                               @ DW_FORM_addr
	.byte	18                              @ DW_AT_high_pc
	.byte	1                               @ DW_FORM_addr
	.byte	64                              @ DW_AT_frame_base
	.byte	10                              @ DW_FORM_block1
	.byte	3                               @ DW_AT_name
	.byte	14                              @ DW_FORM_strp
	.byte	58                              @ DW_AT_decl_file
	.byte	11                              @ DW_FORM_data1
	.byte	59                              @ DW_AT_decl_line
	.byte	5                               @ DW_FORM_data2
	.byte	39                              @ DW_AT_prototyped
	.byte	12                              @ DW_FORM_flag
	.byte	0                               @ EOM(1)
	.byte	0                               @ EOM(2)
	.byte	20                              @ Abbreviation Code
	.byte	52                              @ DW_TAG_variable
	.byte	0                               @ DW_CHILDREN_no
	.byte	2                               @ DW_AT_location
	.byte	10                              @ DW_FORM_block1
	.byte	3                               @ DW_AT_name
	.byte	14                              @ DW_FORM_strp
	.byte	58                              @ DW_AT_decl_file
	.byte	11                              @ DW_FORM_data1
	.byte	59                              @ DW_AT_decl_line
	.byte	5                               @ DW_FORM_data2
	.byte	73                              @ DW_AT_type
	.byte	19                              @ DW_FORM_ref4
	.byte	0                               @ EOM(1)
	.byte	0                               @ EOM(2)
	.byte	21                              @ Abbreviation Code
	.byte	19                              @ DW_TAG_structure_type
	.byte	1                               @ DW_CHILDREN_yes
	.byte	11                              @ DW_AT_byte_size
	.byte	11                              @ DW_FORM_data1
	.byte	58                              @ DW_AT_decl_file
	.byte	11                              @ DW_FORM_data1
	.byte	59                              @ DW_AT_decl_line
	.byte	11                              @ DW_FORM_data1
	.byte	0                               @ EOM(1)
	.byte	0                               @ EOM(2)
	.byte	22                              @ Abbreviation Code
	.byte	13                              @ DW_TAG_member
	.byte	0                               @ DW_CHILDREN_no
	.byte	3                               @ DW_AT_name
	.byte	14                              @ DW_FORM_strp
	.byte	73                              @ DW_AT_type
	.byte	19                              @ DW_FORM_ref4
	.byte	58                              @ DW_AT_decl_file
	.byte	11                              @ DW_FORM_data1
	.byte	59                              @ DW_AT_decl_line
	.byte	11                              @ DW_FORM_data1
	.byte	56                              @ DW_AT_data_member_location
	.byte	11                              @ DW_FORM_data1
	.byte	0                               @ EOM(1)
	.byte	0                               @ EOM(2)
	.byte	0                               @ EOM(3)
	.section	.debug_info,"",%progbits
.Lcu_begin0:
	.long	.Ldebug_info_end0-.Ldebug_info_start0 @ Length of Unit
.Ldebug_info_start0:
	.short	3                               @ DWARF version number
	.long	.debug_abbrev                   @ Offset Into Abbrev. Section
	.byte	4                               @ Address Size (in bytes)
	.byte	1                               @ Abbrev [1] 0xb:0x4b2 DW_TAG_compile_unit
	.long	.Linfo_string0                  @ DW_AT_producer
	.short	12                              @ DW_AT_language
	.long	.Linfo_string1                  @ DW_AT_name
	.long	.Lline_table_start0             @ DW_AT_stmt_list
	.long	.Linfo_string2                  @ DW_AT_comp_dir
	.long	0                               @ DW_AT_low_pc
	.long	.Ldebug_ranges0                 @ DW_AT_ranges
	.byte	2                               @ Abbrev [2] 0x26:0x12 DW_TAG_variable
	.long	.Linfo_string3                  @ DW_AT_name
	.long	56                              @ DW_AT_type
	.byte	1                               @ DW_AT_external
	.byte	2                               @ DW_AT_decl_file
	.byte	112                             @ DW_AT_decl_line
	.byte	5                               @ DW_AT_location
	.byte	3
	.long	__rt_init_mpu_init
	.byte	3                               @ Abbrev [3] 0x38:0x5 DW_TAG_const_type
	.long	61                              @ DW_AT_type
	.byte	4                               @ Abbrev [4] 0x3d:0xb DW_TAG_typedef
	.long	72                              @ DW_AT_type
	.long	.Linfo_string5                  @ DW_AT_name
	.byte	1                               @ DW_AT_decl_file
	.byte	192                             @ DW_AT_decl_line
	.byte	5                               @ Abbrev [5] 0x48:0x5 DW_TAG_pointer_type
	.long	77                              @ DW_AT_type
	.byte	6                               @ Abbrev [6] 0x4d:0x6 DW_TAG_subroutine_type
	.long	83                              @ DW_AT_type
	.byte	1                               @ DW_AT_prototyped
	.byte	7                               @ Abbrev [7] 0x53:0x7 DW_TAG_base_type
	.long	.Linfo_string4                  @ DW_AT_name
	.byte	5                               @ DW_AT_encoding
	.byte	4                               @ DW_AT_byte_size
	.byte	4                               @ Abbrev [4] 0x5a:0xb DW_TAG_typedef
	.long	101                             @ DW_AT_type
	.long	.Linfo_string7                  @ DW_AT_name
	.byte	3                               @ DW_AT_decl_file
	.byte	62                              @ DW_AT_decl_line
	.byte	7                               @ Abbrev [7] 0x65:0x7 DW_TAG_base_type
	.long	.Linfo_string6                  @ DW_AT_name
	.byte	8                               @ DW_AT_encoding
	.byte	1                               @ DW_AT_byte_size
	.byte	4                               @ Abbrev [4] 0x6c:0xb DW_TAG_typedef
	.long	119                             @ DW_AT_type
	.long	.Linfo_string9                  @ DW_AT_name
	.byte	3                               @ DW_AT_decl_file
	.byte	64                              @ DW_AT_decl_line
	.byte	7                               @ Abbrev [7] 0x77:0x7 DW_TAG_base_type
	.long	.Linfo_string8                  @ DW_AT_name
	.byte	7                               @ DW_AT_encoding
	.byte	4                               @ DW_AT_byte_size
	.byte	5                               @ Abbrev [5] 0x7e:0x5 DW_TAG_pointer_type
	.long	131                             @ DW_AT_type
	.byte	8                               @ Abbrev [8] 0x83:0xc DW_TAG_typedef
	.long	143                             @ DW_AT_type
	.long	.Linfo_string61                 @ DW_AT_name
	.byte	4                               @ DW_AT_decl_file
	.short	507                             @ DW_AT_decl_line
	.byte	9                               @ Abbrev [9] 0x8f:0x2a9 DW_TAG_structure_type
	.short	684                             @ DW_AT_byte_size
	.byte	4                               @ DW_AT_decl_file
	.short	455                             @ DW_AT_decl_line
	.byte	10                              @ Abbrev [10] 0x95:0xd DW_TAG_member
	.long	.Linfo_string10                 @ DW_AT_name
	.long	824                             @ DW_AT_type
	.byte	4                               @ DW_AT_decl_file
	.short	457                             @ DW_AT_decl_line
	.byte	0                               @ DW_AT_data_member_location
	.byte	10                              @ Abbrev [10] 0xa2:0xd DW_TAG_member
	.long	.Linfo_string11                 @ DW_AT_name
	.long	829                             @ DW_AT_type
	.byte	4                               @ DW_AT_decl_file
	.short	458                             @ DW_AT_decl_line
	.byte	4                               @ DW_AT_data_member_location
	.byte	10                              @ Abbrev [10] 0xaf:0xd DW_TAG_member
	.long	.Linfo_string12                 @ DW_AT_name
	.long	829                             @ DW_AT_type
	.byte	4                               @ DW_AT_decl_file
	.short	459                             @ DW_AT_decl_line
	.byte	8                               @ DW_AT_data_member_location
	.byte	10                              @ Abbrev [10] 0xbc:0xd DW_TAG_member
	.long	.Linfo_string13                 @ DW_AT_name
	.long	829                             @ DW_AT_type
	.byte	4                               @ DW_AT_decl_file
	.short	460                             @ DW_AT_decl_line
	.byte	12                              @ DW_AT_data_member_location
	.byte	10                              @ Abbrev [10] 0xc9:0xd DW_TAG_member
	.long	.Linfo_string14                 @ DW_AT_name
	.long	829                             @ DW_AT_type
	.byte	4                               @ DW_AT_decl_file
	.short	461                             @ DW_AT_decl_line
	.byte	16                              @ DW_AT_data_member_location
	.byte	10                              @ Abbrev [10] 0xd6:0xd DW_TAG_member
	.long	.Linfo_string15                 @ DW_AT_name
	.long	829                             @ DW_AT_type
	.byte	4                               @ DW_AT_decl_file
	.short	462                             @ DW_AT_decl_line
	.byte	20                              @ DW_AT_data_member_location
	.byte	10                              @ Abbrev [10] 0xe3:0xd DW_TAG_member
	.long	.Linfo_string16                 @ DW_AT_name
	.long	834                             @ DW_AT_type
	.byte	4                               @ DW_AT_decl_file
	.short	463                             @ DW_AT_decl_line
	.byte	24                              @ DW_AT_data_member_location
	.byte	10                              @ Abbrev [10] 0xf0:0xd DW_TAG_member
	.long	.Linfo_string18                 @ DW_AT_name
	.long	829                             @ DW_AT_type
	.byte	4                               @ DW_AT_decl_file
	.short	464                             @ DW_AT_decl_line
	.byte	36                              @ DW_AT_data_member_location
	.byte	10                              @ Abbrev [10] 0xfd:0xd DW_TAG_member
	.long	.Linfo_string19                 @ DW_AT_name
	.long	829                             @ DW_AT_type
	.byte	4                               @ DW_AT_decl_file
	.short	465                             @ DW_AT_decl_line
	.byte	40                              @ DW_AT_data_member_location
	.byte	10                              @ Abbrev [10] 0x10a:0xd DW_TAG_member
	.long	.Linfo_string20                 @ DW_AT_name
	.long	829                             @ DW_AT_type
	.byte	4                               @ DW_AT_decl_file
	.short	466                             @ DW_AT_decl_line
	.byte	44                              @ DW_AT_data_member_location
	.byte	10                              @ Abbrev [10] 0x117:0xd DW_TAG_member
	.long	.Linfo_string21                 @ DW_AT_name
	.long	829                             @ DW_AT_type
	.byte	4                               @ DW_AT_decl_file
	.short	467                             @ DW_AT_decl_line
	.byte	48                              @ DW_AT_data_member_location
	.byte	10                              @ Abbrev [10] 0x124:0xd DW_TAG_member
	.long	.Linfo_string22                 @ DW_AT_name
	.long	829                             @ DW_AT_type
	.byte	4                               @ DW_AT_decl_file
	.short	468                             @ DW_AT_decl_line
	.byte	52                              @ DW_AT_data_member_location
	.byte	10                              @ Abbrev [10] 0x131:0xd DW_TAG_member
	.long	.Linfo_string23                 @ DW_AT_name
	.long	829                             @ DW_AT_type
	.byte	4                               @ DW_AT_decl_file
	.short	469                             @ DW_AT_decl_line
	.byte	56                              @ DW_AT_data_member_location
	.byte	10                              @ Abbrev [10] 0x13e:0xd DW_TAG_member
	.long	.Linfo_string24                 @ DW_AT_name
	.long	829                             @ DW_AT_type
	.byte	4                               @ DW_AT_decl_file
	.short	470                             @ DW_AT_decl_line
	.byte	60                              @ DW_AT_data_member_location
	.byte	10                              @ Abbrev [10] 0x14b:0xd DW_TAG_member
	.long	.Linfo_string25                 @ DW_AT_name
	.long	858                             @ DW_AT_type
	.byte	4                               @ DW_AT_decl_file
	.short	471                             @ DW_AT_decl_line
	.byte	64                              @ DW_AT_data_member_location
	.byte	10                              @ Abbrev [10] 0x158:0xd DW_TAG_member
	.long	.Linfo_string26                 @ DW_AT_name
	.long	824                             @ DW_AT_type
	.byte	4                               @ DW_AT_decl_file
	.short	472                             @ DW_AT_decl_line
	.byte	72                              @ DW_AT_data_member_location
	.byte	10                              @ Abbrev [10] 0x165:0xd DW_TAG_member
	.long	.Linfo_string27                 @ DW_AT_name
	.long	824                             @ DW_AT_type
	.byte	4                               @ DW_AT_decl_file
	.short	473                             @ DW_AT_decl_line
	.byte	76                              @ DW_AT_data_member_location
	.byte	10                              @ Abbrev [10] 0x172:0xd DW_TAG_member
	.long	.Linfo_string28                 @ DW_AT_name
	.long	870                             @ DW_AT_type
	.byte	4                               @ DW_AT_decl_file
	.short	474                             @ DW_AT_decl_line
	.byte	80                              @ DW_AT_data_member_location
	.byte	10                              @ Abbrev [10] 0x17f:0xd DW_TAG_member
	.long	.Linfo_string29                 @ DW_AT_name
	.long	882                             @ DW_AT_type
	.byte	4                               @ DW_AT_decl_file
	.short	475                             @ DW_AT_decl_line
	.byte	96                              @ DW_AT_data_member_location
	.byte	10                              @ Abbrev [10] 0x18c:0xd DW_TAG_member
	.long	.Linfo_string30                 @ DW_AT_name
	.long	894                             @ DW_AT_type
	.byte	4                               @ DW_AT_decl_file
	.short	476                             @ DW_AT_decl_line
	.byte	116                             @ DW_AT_data_member_location
	.byte	10                              @ Abbrev [10] 0x199:0xd DW_TAG_member
	.long	.Linfo_string31                 @ DW_AT_name
	.long	824                             @ DW_AT_type
	.byte	4                               @ DW_AT_decl_file
	.short	477                             @ DW_AT_decl_line
	.byte	120                             @ DW_AT_data_member_location
	.byte	10                              @ Abbrev [10] 0x1a6:0xd DW_TAG_member
	.long	.Linfo_string32                 @ DW_AT_name
	.long	824                             @ DW_AT_type
	.byte	4                               @ DW_AT_decl_file
	.short	478                             @ DW_AT_decl_line
	.byte	124                             @ DW_AT_data_member_location
	.byte	10                              @ Abbrev [10] 0x1b3:0xd DW_TAG_member
	.long	.Linfo_string33                 @ DW_AT_name
	.long	824                             @ DW_AT_type
	.byte	4                               @ DW_AT_decl_file
	.short	479                             @ DW_AT_decl_line
	.byte	128                             @ DW_AT_data_member_location
	.byte	10                              @ Abbrev [10] 0x1c0:0xd DW_TAG_member
	.long	.Linfo_string34                 @ DW_AT_name
	.long	829                             @ DW_AT_type
	.byte	4                               @ DW_AT_decl_file
	.short	480                             @ DW_AT_decl_line
	.byte	132                             @ DW_AT_data_member_location
	.byte	10                              @ Abbrev [10] 0x1cd:0xd DW_TAG_member
	.long	.Linfo_string35                 @ DW_AT_name
	.long	829                             @ DW_AT_type
	.byte	4                               @ DW_AT_decl_file
	.short	481                             @ DW_AT_decl_line
	.byte	136                             @ DW_AT_data_member_location
	.byte	10                              @ Abbrev [10] 0x1da:0xd DW_TAG_member
	.long	.Linfo_string36                 @ DW_AT_name
	.long	906                             @ DW_AT_type
	.byte	4                               @ DW_AT_decl_file
	.short	482                             @ DW_AT_decl_line
	.byte	140                             @ DW_AT_data_member_location
	.byte	11                              @ Abbrev [11] 0x1e7:0xe DW_TAG_member
	.long	.Linfo_string37                 @ DW_AT_name
	.long	829                             @ DW_AT_type
	.byte	4                               @ DW_AT_decl_file
	.short	483                             @ DW_AT_decl_line
	.short	512                             @ DW_AT_data_member_location
	.byte	11                              @ Abbrev [11] 0x1f5:0xe DW_TAG_member
	.long	.Linfo_string38                 @ DW_AT_name
	.long	918                             @ DW_AT_type
	.byte	4                               @ DW_AT_decl_file
	.short	484                             @ DW_AT_decl_line
	.short	516                             @ DW_AT_data_member_location
	.byte	11                              @ Abbrev [11] 0x203:0xe DW_TAG_member
	.long	.Linfo_string39                 @ DW_AT_name
	.long	824                             @ DW_AT_type
	.byte	4                               @ DW_AT_decl_file
	.short	485                             @ DW_AT_decl_line
	.short	576                             @ DW_AT_data_member_location
	.byte	11                              @ Abbrev [11] 0x211:0xe DW_TAG_member
	.long	.Linfo_string40                 @ DW_AT_name
	.long	824                             @ DW_AT_type
	.byte	4                               @ DW_AT_decl_file
	.short	486                             @ DW_AT_decl_line
	.short	580                             @ DW_AT_data_member_location
	.byte	11                              @ Abbrev [11] 0x21f:0xe DW_TAG_member
	.long	.Linfo_string41                 @ DW_AT_name
	.long	824                             @ DW_AT_type
	.byte	4                               @ DW_AT_decl_file
	.short	487                             @ DW_AT_decl_line
	.short	584                             @ DW_AT_data_member_location
	.byte	11                              @ Abbrev [11] 0x22d:0xe DW_TAG_member
	.long	.Linfo_string42                 @ DW_AT_name
	.long	894                             @ DW_AT_type
	.byte	4                               @ DW_AT_decl_file
	.short	488                             @ DW_AT_decl_line
	.short	588                             @ DW_AT_data_member_location
	.byte	11                              @ Abbrev [11] 0x23b:0xe DW_TAG_member
	.long	.Linfo_string43                 @ DW_AT_name
	.long	829                             @ DW_AT_type
	.byte	4                               @ DW_AT_decl_file
	.short	489                             @ DW_AT_decl_line
	.short	592                             @ DW_AT_data_member_location
	.byte	11                              @ Abbrev [11] 0x249:0xe DW_TAG_member
	.long	.Linfo_string44                 @ DW_AT_name
	.long	894                             @ DW_AT_type
	.byte	4                               @ DW_AT_decl_file
	.short	490                             @ DW_AT_decl_line
	.short	596                             @ DW_AT_data_member_location
	.byte	11                              @ Abbrev [11] 0x257:0xe DW_TAG_member
	.long	.Linfo_string45                 @ DW_AT_name
	.long	829                             @ DW_AT_type
	.byte	4                               @ DW_AT_decl_file
	.short	491                             @ DW_AT_decl_line
	.short	600                             @ DW_AT_data_member_location
	.byte	11                              @ Abbrev [11] 0x265:0xe DW_TAG_member
	.long	.Linfo_string46                 @ DW_AT_name
	.long	829                             @ DW_AT_type
	.byte	4                               @ DW_AT_decl_file
	.short	492                             @ DW_AT_decl_line
	.short	604                             @ DW_AT_data_member_location
	.byte	11                              @ Abbrev [11] 0x273:0xe DW_TAG_member
	.long	.Linfo_string47                 @ DW_AT_name
	.long	829                             @ DW_AT_type
	.byte	4                               @ DW_AT_decl_file
	.short	493                             @ DW_AT_decl_line
	.short	608                             @ DW_AT_data_member_location
	.byte	11                              @ Abbrev [11] 0x281:0xe DW_TAG_member
	.long	.Linfo_string48                 @ DW_AT_name
	.long	829                             @ DW_AT_type
	.byte	4                               @ DW_AT_decl_file
	.short	494                             @ DW_AT_decl_line
	.short	612                             @ DW_AT_data_member_location
	.byte	11                              @ Abbrev [11] 0x28f:0xe DW_TAG_member
	.long	.Linfo_string49                 @ DW_AT_name
	.long	829                             @ DW_AT_type
	.byte	4                               @ DW_AT_decl_file
	.short	495                             @ DW_AT_decl_line
	.short	616                             @ DW_AT_data_member_location
	.byte	11                              @ Abbrev [11] 0x29d:0xe DW_TAG_member
	.long	.Linfo_string50                 @ DW_AT_name
	.long	829                             @ DW_AT_type
	.byte	4                               @ DW_AT_decl_file
	.short	496                             @ DW_AT_decl_line
	.short	620                             @ DW_AT_data_member_location
	.byte	11                              @ Abbrev [11] 0x2ab:0xe DW_TAG_member
	.long	.Linfo_string51                 @ DW_AT_name
	.long	829                             @ DW_AT_type
	.byte	4                               @ DW_AT_decl_file
	.short	497                             @ DW_AT_decl_line
	.short	624                             @ DW_AT_data_member_location
	.byte	11                              @ Abbrev [11] 0x2b9:0xe DW_TAG_member
	.long	.Linfo_string52                 @ DW_AT_name
	.long	829                             @ DW_AT_type
	.byte	4                               @ DW_AT_decl_file
	.short	498                             @ DW_AT_decl_line
	.short	628                             @ DW_AT_data_member_location
	.byte	11                              @ Abbrev [11] 0x2c7:0xe DW_TAG_member
	.long	.Linfo_string53                 @ DW_AT_name
	.long	930                             @ DW_AT_type
	.byte	4                               @ DW_AT_decl_file
	.short	499                             @ DW_AT_decl_line
	.short	632                             @ DW_AT_data_member_location
	.byte	11                              @ Abbrev [11] 0x2d5:0xe DW_TAG_member
	.long	.Linfo_string54                 @ DW_AT_name
	.long	829                             @ DW_AT_type
	.byte	4                               @ DW_AT_decl_file
	.short	500                             @ DW_AT_decl_line
	.short	656                             @ DW_AT_data_member_location
	.byte	11                              @ Abbrev [11] 0x2e3:0xe DW_TAG_member
	.long	.Linfo_string55                 @ DW_AT_name
	.long	829                             @ DW_AT_type
	.byte	4                               @ DW_AT_decl_file
	.short	501                             @ DW_AT_decl_line
	.short	660                             @ DW_AT_data_member_location
	.byte	11                              @ Abbrev [11] 0x2f1:0xe DW_TAG_member
	.long	.Linfo_string56                 @ DW_AT_name
	.long	829                             @ DW_AT_type
	.byte	4                               @ DW_AT_decl_file
	.short	502                             @ DW_AT_decl_line
	.short	664                             @ DW_AT_data_member_location
	.byte	11                              @ Abbrev [11] 0x2ff:0xe DW_TAG_member
	.long	.Linfo_string57                 @ DW_AT_name
	.long	829                             @ DW_AT_type
	.byte	4                               @ DW_AT_decl_file
	.short	503                             @ DW_AT_decl_line
	.short	668                             @ DW_AT_data_member_location
	.byte	11                              @ Abbrev [11] 0x30d:0xe DW_TAG_member
	.long	.Linfo_string58                 @ DW_AT_name
	.long	829                             @ DW_AT_type
	.byte	4                               @ DW_AT_decl_file
	.short	504                             @ DW_AT_decl_line
	.short	672                             @ DW_AT_data_member_location
	.byte	11                              @ Abbrev [11] 0x31b:0xe DW_TAG_member
	.long	.Linfo_string59                 @ DW_AT_name
	.long	894                             @ DW_AT_type
	.byte	4                               @ DW_AT_decl_file
	.short	505                             @ DW_AT_decl_line
	.short	676                             @ DW_AT_data_member_location
	.byte	11                              @ Abbrev [11] 0x329:0xe DW_TAG_member
	.long	.Linfo_string60                 @ DW_AT_name
	.long	829                             @ DW_AT_type
	.byte	4                               @ DW_AT_decl_file
	.short	506                             @ DW_AT_decl_line
	.short	680                             @ DW_AT_data_member_location
	.byte	0                               @ End Of Children Mark
	.byte	3                               @ Abbrev [3] 0x338:0x5 DW_TAG_const_type
	.long	829                             @ DW_AT_type
	.byte	12                              @ Abbrev [12] 0x33d:0x5 DW_TAG_volatile_type
	.long	108                             @ DW_AT_type
	.byte	13                              @ Abbrev [13] 0x342:0xc DW_TAG_array_type
	.long	846                             @ DW_AT_type
	.byte	14                              @ Abbrev [14] 0x347:0x6 DW_TAG_subrange_type
	.long	851                             @ DW_AT_type
	.byte	12                              @ DW_AT_count
	.byte	0                               @ End Of Children Mark
	.byte	12                              @ Abbrev [12] 0x34e:0x5 DW_TAG_volatile_type
	.long	90                              @ DW_AT_type
	.byte	15                              @ Abbrev [15] 0x353:0x7 DW_TAG_base_type
	.long	.Linfo_string17                 @ DW_AT_name
	.byte	8                               @ DW_AT_byte_size
	.byte	7                               @ DW_AT_encoding
	.byte	13                              @ Abbrev [13] 0x35a:0xc DW_TAG_array_type
	.long	824                             @ DW_AT_type
	.byte	14                              @ Abbrev [14] 0x35f:0x6 DW_TAG_subrange_type
	.long	851                             @ DW_AT_type
	.byte	2                               @ DW_AT_count
	.byte	0                               @ End Of Children Mark
	.byte	13                              @ Abbrev [13] 0x366:0xc DW_TAG_array_type
	.long	824                             @ DW_AT_type
	.byte	14                              @ Abbrev [14] 0x36b:0x6 DW_TAG_subrange_type
	.long	851                             @ DW_AT_type
	.byte	4                               @ DW_AT_count
	.byte	0                               @ End Of Children Mark
	.byte	13                              @ Abbrev [13] 0x372:0xc DW_TAG_array_type
	.long	824                             @ DW_AT_type
	.byte	14                              @ Abbrev [14] 0x377:0x6 DW_TAG_subrange_type
	.long	851                             @ DW_AT_type
	.byte	5                               @ DW_AT_count
	.byte	0                               @ End Of Children Mark
	.byte	13                              @ Abbrev [13] 0x37e:0xc DW_TAG_array_type
	.long	108                             @ DW_AT_type
	.byte	14                              @ Abbrev [14] 0x383:0x6 DW_TAG_subrange_type
	.long	851                             @ DW_AT_type
	.byte	1                               @ DW_AT_count
	.byte	0                               @ End Of Children Mark
	.byte	13                              @ Abbrev [13] 0x38a:0xc DW_TAG_array_type
	.long	108                             @ DW_AT_type
	.byte	14                              @ Abbrev [14] 0x38f:0x6 DW_TAG_subrange_type
	.long	851                             @ DW_AT_type
	.byte	93                              @ DW_AT_count
	.byte	0                               @ End Of Children Mark
	.byte	13                              @ Abbrev [13] 0x396:0xc DW_TAG_array_type
	.long	108                             @ DW_AT_type
	.byte	14                              @ Abbrev [14] 0x39b:0x6 DW_TAG_subrange_type
	.long	851                             @ DW_AT_type
	.byte	15                              @ DW_AT_count
	.byte	0                               @ End Of Children Mark
	.byte	13                              @ Abbrev [13] 0x3a2:0xc DW_TAG_array_type
	.long	108                             @ DW_AT_type
	.byte	14                              @ Abbrev [14] 0x3a7:0x6 DW_TAG_subrange_type
	.long	851                             @ DW_AT_type
	.byte	6                               @ DW_AT_count
	.byte	0                               @ End Of Children Mark
	.byte	16                              @ Abbrev [16] 0x3ae:0x26 DW_TAG_subprogram
	.long	.Lfunc_begin0                   @ DW_AT_low_pc
	.long	.Lfunc_end0                     @ DW_AT_high_pc
	.byte	1                               @ DW_AT_frame_base
	.byte	93
	.long	.Linfo_string62                 @ DW_AT_name
	.byte	2                               @ DW_AT_decl_file
	.byte	14                              @ DW_AT_decl_line
	.byte	1                               @ DW_AT_prototyped
	.long	83                              @ DW_AT_type
	.byte	1                               @ DW_AT_external
	.byte	17                              @ Abbrev [17] 0x3c5:0xe DW_TAG_variable
	.byte	2                               @ DW_AT_location
	.byte	145
	.byte	24
	.long	.Linfo_string65                 @ DW_AT_name
	.byte	2                               @ DW_AT_decl_file
	.byte	16                              @ DW_AT_decl_line
	.long	1064                            @ DW_AT_type
	.byte	0                               @ End Of Children Mark
	.byte	18                              @ Abbrev [18] 0x3d4:0x13 DW_TAG_subprogram
	.long	.Lfunc_begin1                   @ DW_AT_low_pc
	.long	.Lfunc_end1                     @ DW_AT_high_pc
	.byte	1                               @ DW_AT_frame_base
	.byte	93
	.long	.Linfo_string63                 @ DW_AT_name
	.byte	4                               @ DW_AT_decl_file
	.short	2229                            @ DW_AT_decl_line
	.byte	1                               @ DW_AT_prototyped
	.byte	19                              @ Abbrev [19] 0x3e7:0x41 DW_TAG_subprogram
	.long	.Lfunc_begin2                   @ DW_AT_low_pc
	.long	.Lfunc_end2                     @ DW_AT_high_pc
	.byte	1                               @ DW_AT_frame_base
	.byte	93
	.long	.Linfo_string64                 @ DW_AT_name
	.byte	4                               @ DW_AT_decl_file
	.short	2281                            @ DW_AT_decl_line
	.byte	1                               @ DW_AT_prototyped
	.byte	20                              @ Abbrev [20] 0x3fa:0xf DW_TAG_variable
	.byte	2                               @ DW_AT_location
	.byte	145
	.byte	8
	.long	.Linfo_string78                 @ DW_AT_name
	.byte	4                               @ DW_AT_decl_file
	.short	2284                            @ DW_AT_decl_line
	.long	108                             @ DW_AT_type
	.byte	20                              @ Abbrev [20] 0x409:0xf DW_TAG_variable
	.byte	2                               @ DW_AT_location
	.byte	145
	.byte	4
	.long	.Linfo_string79                 @ DW_AT_name
	.byte	4                               @ DW_AT_decl_file
	.short	2285                            @ DW_AT_decl_line
	.long	108                             @ DW_AT_type
	.byte	20                              @ Abbrev [20] 0x418:0xf DW_TAG_variable
	.byte	2                               @ DW_AT_location
	.byte	145
	.byte	0
	.long	.Linfo_string80                 @ DW_AT_name
	.byte	4                               @ DW_AT_decl_file
	.short	2286                            @ DW_AT_decl_line
	.long	108                             @ DW_AT_type
	.byte	0                               @ End Of Children Mark
	.byte	4                               @ Abbrev [4] 0x428:0xb DW_TAG_typedef
	.long	1075                            @ DW_AT_type
	.long	.Linfo_string77                 @ DW_AT_name
	.byte	5                               @ DW_AT_decl_file
	.byte	71                              @ DW_AT_decl_line
	.byte	21                              @ Abbrev [21] 0x433:0x89 DW_TAG_structure_type
	.byte	16                              @ DW_AT_byte_size
	.byte	5                               @ DW_AT_decl_file
	.byte	48                              @ DW_AT_decl_line
	.byte	22                              @ Abbrev [22] 0x437:0xc DW_TAG_member
	.long	.Linfo_string66                 @ DW_AT_name
	.long	90                              @ DW_AT_type
	.byte	5                               @ DW_AT_decl_file
	.byte	50                              @ DW_AT_decl_line
	.byte	0                               @ DW_AT_data_member_location
	.byte	22                              @ Abbrev [22] 0x443:0xc DW_TAG_member
	.long	.Linfo_string67                 @ DW_AT_name
	.long	90                              @ DW_AT_type
	.byte	5                               @ DW_AT_decl_file
	.byte	52                              @ DW_AT_decl_line
	.byte	1                               @ DW_AT_data_member_location
	.byte	22                              @ Abbrev [22] 0x44f:0xc DW_TAG_member
	.long	.Linfo_string68                 @ DW_AT_name
	.long	108                             @ DW_AT_type
	.byte	5                               @ DW_AT_decl_file
	.byte	54                              @ DW_AT_decl_line
	.byte	4                               @ DW_AT_data_member_location
	.byte	22                              @ Abbrev [22] 0x45b:0xc DW_TAG_member
	.long	.Linfo_string69                 @ DW_AT_name
	.long	90                              @ DW_AT_type
	.byte	5                               @ DW_AT_decl_file
	.byte	55                              @ DW_AT_decl_line
	.byte	8                               @ DW_AT_data_member_location
	.byte	22                              @ Abbrev [22] 0x467:0xc DW_TAG_member
	.long	.Linfo_string70                 @ DW_AT_name
	.long	90                              @ DW_AT_type
	.byte	5                               @ DW_AT_decl_file
	.byte	57                              @ DW_AT_decl_line
	.byte	9                               @ DW_AT_data_member_location
	.byte	22                              @ Abbrev [22] 0x473:0xc DW_TAG_member
	.long	.Linfo_string71                 @ DW_AT_name
	.long	90                              @ DW_AT_type
	.byte	5                               @ DW_AT_decl_file
	.byte	59                              @ DW_AT_decl_line
	.byte	10                              @ DW_AT_data_member_location
	.byte	22                              @ Abbrev [22] 0x47f:0xc DW_TAG_member
	.long	.Linfo_string72                 @ DW_AT_name
	.long	90                              @ DW_AT_type
	.byte	5                               @ DW_AT_decl_file
	.byte	61                              @ DW_AT_decl_line
	.byte	11                              @ DW_AT_data_member_location
	.byte	22                              @ Abbrev [22] 0x48b:0xc DW_TAG_member
	.long	.Linfo_string73                 @ DW_AT_name
	.long	90                              @ DW_AT_type
	.byte	5                               @ DW_AT_decl_file
	.byte	63                              @ DW_AT_decl_line
	.byte	12                              @ DW_AT_data_member_location
	.byte	22                              @ Abbrev [22] 0x497:0xc DW_TAG_member
	.long	.Linfo_string74                 @ DW_AT_name
	.long	90                              @ DW_AT_type
	.byte	5                               @ DW_AT_decl_file
	.byte	65                              @ DW_AT_decl_line
	.byte	13                              @ DW_AT_data_member_location
	.byte	22                              @ Abbrev [22] 0x4a3:0xc DW_TAG_member
	.long	.Linfo_string75                 @ DW_AT_name
	.long	90                              @ DW_AT_type
	.byte	5                               @ DW_AT_decl_file
	.byte	67                              @ DW_AT_decl_line
	.byte	14                              @ DW_AT_data_member_location
	.byte	22                              @ Abbrev [22] 0x4af:0xc DW_TAG_member
	.long	.Linfo_string76                 @ DW_AT_name
	.long	90                              @ DW_AT_type
	.byte	5                               @ DW_AT_decl_file
	.byte	69                              @ DW_AT_decl_line
	.byte	15                              @ DW_AT_data_member_location
	.byte	0                               @ End Of Children Mark
	.byte	0                               @ End Of Children Mark
.Ldebug_info_end0:
	.section	.debug_ranges,"",%progbits
.Ldebug_ranges0:
	.long	.Lfunc_begin0
	.long	.Lfunc_end0
	.long	.Lfunc_begin1
	.long	.Lfunc_end1
	.long	.Lfunc_begin2
	.long	.Lfunc_end2
	.long	0
	.long	0
	.section	.debug_str,"MS",%progbits,1
.Linfo_string0:
	.asciz	"Component: ARM Compiler 6.16 Tool: armclang [5dfeb700]" @ string offset=0
.Linfo_string1:
	.asciz	"board\\drv_mpu.c"              @ string offset=55
.Linfo_string2:
	.asciz	"E:\\STM32\\Learning\\STM32H750_ART_PI_RGBLCD" @ string offset=71
.Linfo_string3:
	.asciz	"__rt_init_mpu_init"            @ string offset=113
.Linfo_string4:
	.asciz	"int"                           @ string offset=132
.Linfo_string5:
	.asciz	"init_fn_t"                     @ string offset=136
.Linfo_string6:
	.asciz	"unsigned char"                 @ string offset=146
.Linfo_string7:
	.asciz	"uint8_t"                       @ string offset=160
.Linfo_string8:
	.asciz	"unsigned int"                  @ string offset=168
.Linfo_string9:
	.asciz	"uint32_t"                      @ string offset=181
.Linfo_string10:
	.asciz	"CPUID"                         @ string offset=190
.Linfo_string11:
	.asciz	"ICSR"                          @ string offset=196
.Linfo_string12:
	.asciz	"VTOR"                          @ string offset=201
.Linfo_string13:
	.asciz	"AIRCR"                         @ string offset=206
.Linfo_string14:
	.asciz	"SCR"                           @ string offset=212
.Linfo_string15:
	.asciz	"CCR"                           @ string offset=216
.Linfo_string16:
	.asciz	"SHPR"                          @ string offset=220
.Linfo_string17:
	.asciz	"__ARRAY_SIZE_TYPE__"           @ string offset=225
.Linfo_string18:
	.asciz	"SHCSR"                         @ string offset=245
.Linfo_string19:
	.asciz	"CFSR"                          @ string offset=251
.Linfo_string20:
	.asciz	"HFSR"                          @ string offset=256
.Linfo_string21:
	.asciz	"DFSR"                          @ string offset=261
.Linfo_string22:
	.asciz	"MMFAR"                         @ string offset=266
.Linfo_string23:
	.asciz	"BFAR"                          @ string offset=272
.Linfo_string24:
	.asciz	"AFSR"                          @ string offset=277
.Linfo_string25:
	.asciz	"ID_PFR"                        @ string offset=282
.Linfo_string26:
	.asciz	"ID_DFR"                        @ string offset=289
.Linfo_string27:
	.asciz	"ID_AFR"                        @ string offset=296
.Linfo_string28:
	.asciz	"ID_MFR"                        @ string offset=303
.Linfo_string29:
	.asciz	"ID_ISAR"                       @ string offset=310
.Linfo_string30:
	.asciz	"RESERVED0"                     @ string offset=318
.Linfo_string31:
	.asciz	"CLIDR"                         @ string offset=328
.Linfo_string32:
	.asciz	"CTR"                           @ string offset=334
.Linfo_string33:
	.asciz	"CCSIDR"                        @ string offset=338
.Linfo_string34:
	.asciz	"CSSELR"                        @ string offset=345
.Linfo_string35:
	.asciz	"CPACR"                         @ string offset=352
.Linfo_string36:
	.asciz	"RESERVED3"                     @ string offset=358
.Linfo_string37:
	.asciz	"STIR"                          @ string offset=368
.Linfo_string38:
	.asciz	"RESERVED4"                     @ string offset=373
.Linfo_string39:
	.asciz	"MVFR0"                         @ string offset=383
.Linfo_string40:
	.asciz	"MVFR1"                         @ string offset=389
.Linfo_string41:
	.asciz	"MVFR2"                         @ string offset=395
.Linfo_string42:
	.asciz	"RESERVED5"                     @ string offset=401
.Linfo_string43:
	.asciz	"ICIALLU"                       @ string offset=411
.Linfo_string44:
	.asciz	"RESERVED6"                     @ string offset=419
.Linfo_string45:
	.asciz	"ICIMVAU"                       @ string offset=429
.Linfo_string46:
	.asciz	"DCIMVAC"                       @ string offset=437
.Linfo_string47:
	.asciz	"DCISW"                         @ string offset=445
.Linfo_string48:
	.asciz	"DCCMVAU"                       @ string offset=451
.Linfo_string49:
	.asciz	"DCCMVAC"                       @ string offset=459
.Linfo_string50:
	.asciz	"DCCSW"                         @ string offset=467
.Linfo_string51:
	.asciz	"DCCIMVAC"                      @ string offset=473
.Linfo_string52:
	.asciz	"DCCISW"                        @ string offset=482
.Linfo_string53:
	.asciz	"RESERVED7"                     @ string offset=489
.Linfo_string54:
	.asciz	"ITCMCR"                        @ string offset=499
.Linfo_string55:
	.asciz	"DTCMCR"                        @ string offset=506
.Linfo_string56:
	.asciz	"AHBPCR"                        @ string offset=513
.Linfo_string57:
	.asciz	"CACR"                          @ string offset=520
.Linfo_string58:
	.asciz	"AHBSCR"                        @ string offset=525
.Linfo_string59:
	.asciz	"RESERVED8"                     @ string offset=532
.Linfo_string60:
	.asciz	"ABFSR"                         @ string offset=542
.Linfo_string61:
	.asciz	"SCB_Type"                      @ string offset=548
.Linfo_string62:
	.asciz	"mpu_init"                      @ string offset=557
.Linfo_string63:
	.asciz	"SCB_EnableICache"              @ string offset=566
.Linfo_string64:
	.asciz	"SCB_EnableDCache"              @ string offset=583
.Linfo_string65:
	.asciz	"MPU_InitStruct"                @ string offset=600
.Linfo_string66:
	.asciz	"Enable"                        @ string offset=615
.Linfo_string67:
	.asciz	"Number"                        @ string offset=622
.Linfo_string68:
	.asciz	"BaseAddress"                   @ string offset=629
.Linfo_string69:
	.asciz	"Size"                          @ string offset=641
.Linfo_string70:
	.asciz	"SubRegionDisable"              @ string offset=646
.Linfo_string71:
	.asciz	"TypeExtField"                  @ string offset=663
.Linfo_string72:
	.asciz	"AccessPermission"              @ string offset=676
.Linfo_string73:
	.asciz	"DisableExec"                   @ string offset=693
.Linfo_string74:
	.asciz	"IsShareable"                   @ string offset=705
.Linfo_string75:
	.asciz	"IsCacheable"                   @ string offset=717
.Linfo_string76:
	.asciz	"IsBufferable"                  @ string offset=729
.Linfo_string77:
	.asciz	"MPU_Region_InitTypeDef"        @ string offset=742
.Linfo_string78:
	.asciz	"ccsidr"                        @ string offset=765
.Linfo_string79:
	.asciz	"sets"                          @ string offset=772
.Linfo_string80:
	.asciz	"ways"                          @ string offset=777
	.ident	"Component: ARM Compiler 6.16 Tool: armclang [5dfeb700]"
	.section	".note.GNU-stack","",%progbits
	.eabi_attribute	30, 6	@ Tag_ABI_optimization_goals
	.ARM_attribute	16, 1	@ Tag_AV_eba
	.section	.debug_line,"",%progbits
.Lline_table_start0:
