	.text
	.syntax unified
	.eabi_attribute	67, "2.09"	@ Tag_conformance
	.cpu	cortex-m7
	.eabi_attribute	6, 13	@ Tag_CPU_arch
	.eabi_attribute	7, 77	@ Tag_CPU_arch_profile
	.eabi_attribute	8, 0	@ Tag_ARM_ISA_use
	.eabi_attribute	9, 2	@ Tag_THUMB_ISA_use
	.fpu	fpv5-d16
	.eabi_attribute	36, 1	@ Tag_FP_HP_extension
	.eabi_attribute	34, 1	@ Tag_CPU_unaligned_access
	.eabi_attribute	17, 1	@ Tag_ABI_PCS_GOT_use
	.eabi_attribute	20, 2	@ Tag_ABI_FP_denormal
	.eabi_attribute	21, 0	@ Tag_ABI_FP_exceptions
	.eabi_attribute	23, 1	@ Tag_ABI_FP_number_model
	.eabi_attribute	24, 1	@ Tag_ABI_align_needed
	.eabi_attribute	25, 1	@ Tag_ABI_align_preserved
	.eabi_attribute	28, 1	@ Tag_ABI_VFP_args
	.eabi_attribute	38, 1	@ Tag_ABI_FP_16bit_format
	.eabi_attribute	18, 2	@ Tag_ABI_PCS_wchar_t
	.eabi_attribute	26, 1	@ Tag_ABI_enum_size
	.eabi_attribute	14, 0	@ Tag_ABI_PCS_R9_use
	.file	"easyflash.c"
	.file	1 "E:\\STM32\\Learning\\STM32H750_ART_PI_RGBLCD" "./packages/EasyFlash-v4.1.0/inc\\ef_def.h"
	.section	.text.easyflash_init,"ax",%progbits
	.hidden	easyflash_init                  @ -- Begin function easyflash_init
	.globl	easyflash_init
	.p2align	3
	.type	easyflash_init,%function
	.code	16                              @ @easyflash_init
	.thumb_func
easyflash_init:
.Lfunc_begin0:
	.file	2 "E:\\STM32\\Learning\\STM32H750_ART_PI_RGBLCD" "packages/EasyFlash-v4.1.0/src/easyflash.c"
	.loc	2 65 0                          @ packages/EasyFlash-v4.1.0/src/easyflash.c:65:0
	.fnstart
	.cfi_sections .debug_frame
	.cfi_startproc
@ %bb.0:
	.save	{r7, lr}
	push	{r7, lr}
	.cfi_def_cfa_offset 8
	.cfi_offset lr, -4
	.cfi_offset r7, -8
	.pad	#16
	sub	sp, #16
	.cfi_def_cfa_offset 24
	movs	r0, #0
.Ltmp0:
	.loc	2 71 12 prologue_end            @ packages/EasyFlash-v4.1.0/src/easyflash.c:71:12
	str	r0, [sp, #12]
	.loc	2 73 15                         @ packages/EasyFlash-v4.1.0/src/easyflash.c:73:15
	strb.w	r0, [sp, #7]
	add	r0, sp, #8
	add	r1, sp, #12
	.loc	2 75 14                         @ packages/EasyFlash-v4.1.0/src/easyflash.c:75:14
	bl	ef_port_init
	.loc	2 75 12 is_stmt 0               @ packages/EasyFlash-v4.1.0/src/easyflash.c:75:12
	strb.w	r0, [sp, #7]
.Ltmp1:
	.loc	2 78 9 is_stmt 1                @ packages/EasyFlash-v4.1.0/src/easyflash.c:78:9
	ldrb.w	r0, [sp, #7]
.Ltmp2:
	.loc	2 78 9 is_stmt 0                @ packages/EasyFlash-v4.1.0/src/easyflash.c:78:9
	cbnz	r0, .LBB0_2
	b	.LBB0_1
.LBB0_1:
.Ltmp3:
	.loc	2 79 30 is_stmt 1               @ packages/EasyFlash-v4.1.0/src/easyflash.c:79:30
	ldr	r0, [sp, #8]
	.loc	2 79 47 is_stmt 0               @ packages/EasyFlash-v4.1.0/src/easyflash.c:79:47
	ldr	r1, [sp, #12]
	.loc	2 79 18                         @ packages/EasyFlash-v4.1.0/src/easyflash.c:79:18
	bl	ef_env_init
	.loc	2 79 16                         @ packages/EasyFlash-v4.1.0/src/easyflash.c:79:16
	strb.w	r0, [sp, #7]
	.loc	2 80 5 is_stmt 1                @ packages/EasyFlash-v4.1.0/src/easyflash.c:80:5
	b	.LBB0_2
.Ltmp4:
.LBB0_2:
	.loc	2 95 9                          @ packages/EasyFlash-v4.1.0/src/easyflash.c:95:9
	ldrb.w	r0, [sp, #7]
.Ltmp5:
	.loc	2 95 9 is_stmt 0                @ packages/EasyFlash-v4.1.0/src/easyflash.c:95:9
	cbnz	r0, .LBB0_4
	b	.LBB0_3
.LBB0_3:
.Ltmp6:
	.loc	2 96 9 is_stmt 1                @ packages/EasyFlash-v4.1.0/src/easyflash.c:96:9
	movw	r0, :lower16:.L.str
	movt	r0, :upper16:.L.str
	movw	r1, :lower16:.L.str.1
	movt	r1, :upper16:.L.str.1
	bl	ef_log_info
	.loc	2 97 5                          @ packages/EasyFlash-v4.1.0/src/easyflash.c:97:5
	b	.LBB0_5
.Ltmp7:
.LBB0_4:
	.loc	2 98 9                          @ packages/EasyFlash-v4.1.0/src/easyflash.c:98:9
	movw	r0, :lower16:.L.str.2
	movt	r0, :upper16:.L.str.2
	movw	r1, :lower16:.L.str.1
	movt	r1, :upper16:.L.str.1
	bl	ef_log_info
	b	.LBB0_5
.Ltmp8:
.LBB0_5:
	.loc	2 100 5                         @ packages/EasyFlash-v4.1.0/src/easyflash.c:100:5
	movw	r0, :lower16:.L.str.3
	movt	r0, :upper16:.L.str.3
	bl	ef_log_info
	.loc	2 102 12                        @ packages/EasyFlash-v4.1.0/src/easyflash.c:102:12
	ldrb.w	r0, [sp, #7]
	.loc	2 102 5 is_stmt 0               @ packages/EasyFlash-v4.1.0/src/easyflash.c:102:5
	add	sp, #16
	pop	{r7, pc}
.Ltmp9:
.Lfunc_end0:
	.size	easyflash_init, .Lfunc_end0-easyflash_init
	.cfi_endproc
	.cantunwind
	.fnend
                                        @ -- End function
	.type	.L.str,%object                  @ @.str
	.section	.rodata.str1.1,"aMS",%progbits,1
.L.str:
	.asciz	"EasyFlash V%s is initialize success.\n"
	.size	.L.str, 38

	.type	.L.str.1,%object                @ @.str.1
.L.str.1:
	.asciz	"4.1.0"
	.size	.L.str.1, 6

	.type	.L.str.2,%object                @ @.str.2
.L.str.2:
	.asciz	"EasyFlash V%s is initialize fail.\n"
	.size	.L.str.2, 35

	.type	.L.str.3,%object                @ @.str.3
.L.str.3:
	.asciz	"You can get the latest version on https://github.com/armink/EasyFlash .\n"
	.size	.L.str.3, 73

	.file	3 "D:\\Keil_v5\\ARM\\ARMCLANG\\Bin\\..\\include" "stddef.h"
	.section	.debug_abbrev,"",%progbits
	.byte	1                               @ Abbreviation Code
	.byte	17                              @ DW_TAG_compile_unit
	.byte	1                               @ DW_CHILDREN_yes
	.byte	37                              @ DW_AT_producer
	.byte	14                              @ DW_FORM_strp
	.byte	19                              @ DW_AT_language
	.byte	5                               @ DW_FORM_data2
	.byte	3                               @ DW_AT_name
	.byte	14                              @ DW_FORM_strp
	.byte	16                              @ DW_AT_stmt_list
	.byte	6                               @ DW_FORM_data4
	.byte	27                              @ DW_AT_comp_dir
	.byte	14                              @ DW_FORM_strp
	.byte	17                              @ DW_AT_low_pc
	.byte	1                               @ DW_FORM_addr
	.byte	18                              @ DW_AT_high_pc
	.byte	1                               @ DW_FORM_addr
	.byte	0                               @ EOM(1)
	.byte	0                               @ EOM(2)
	.byte	2                               @ Abbreviation Code
	.byte	4                               @ DW_TAG_enumeration_type
	.byte	1                               @ DW_CHILDREN_yes
	.byte	73                              @ DW_AT_type
	.byte	19                              @ DW_FORM_ref4
	.byte	11                              @ DW_AT_byte_size
	.byte	11                              @ DW_FORM_data1
	.byte	58                              @ DW_AT_decl_file
	.byte	11                              @ DW_FORM_data1
	.byte	59                              @ DW_AT_decl_line
	.byte	11                              @ DW_FORM_data1
	.byte	0                               @ EOM(1)
	.byte	0                               @ EOM(2)
	.byte	3                               @ Abbreviation Code
	.byte	40                              @ DW_TAG_enumerator
	.byte	0                               @ DW_CHILDREN_no
	.byte	3                               @ DW_AT_name
	.byte	14                              @ DW_FORM_strp
	.byte	28                              @ DW_AT_const_value
	.byte	15                              @ DW_FORM_udata
	.byte	0                               @ EOM(1)
	.byte	0                               @ EOM(2)
	.byte	4                               @ Abbreviation Code
	.byte	36                              @ DW_TAG_base_type
	.byte	0                               @ DW_CHILDREN_no
	.byte	3                               @ DW_AT_name
	.byte	14                              @ DW_FORM_strp
	.byte	62                              @ DW_AT_encoding
	.byte	11                              @ DW_FORM_data1
	.byte	11                              @ DW_AT_byte_size
	.byte	11                              @ DW_FORM_data1
	.byte	0                               @ EOM(1)
	.byte	0                               @ EOM(2)
	.byte	5                               @ Abbreviation Code
	.byte	46                              @ DW_TAG_subprogram
	.byte	1                               @ DW_CHILDREN_yes
	.byte	17                              @ DW_AT_low_pc
	.byte	1                               @ DW_FORM_addr
	.byte	18                              @ DW_AT_high_pc
	.byte	1                               @ DW_FORM_addr
	.byte	64                              @ DW_AT_frame_base
	.byte	10                              @ DW_FORM_block1
	.byte	3                               @ DW_AT_name
	.byte	14                              @ DW_FORM_strp
	.byte	58                              @ DW_AT_decl_file
	.byte	11                              @ DW_FORM_data1
	.byte	59                              @ DW_AT_decl_line
	.byte	11                              @ DW_FORM_data1
	.byte	39                              @ DW_AT_prototyped
	.byte	12                              @ DW_FORM_flag
	.byte	73                              @ DW_AT_type
	.byte	19                              @ DW_FORM_ref4
	.byte	63                              @ DW_AT_external
	.byte	12                              @ DW_FORM_flag
	.byte	0                               @ EOM(1)
	.byte	0                               @ EOM(2)
	.byte	6                               @ Abbreviation Code
	.byte	52                              @ DW_TAG_variable
	.byte	0                               @ DW_CHILDREN_no
	.byte	2                               @ DW_AT_location
	.byte	10                              @ DW_FORM_block1
	.byte	3                               @ DW_AT_name
	.byte	14                              @ DW_FORM_strp
	.byte	58                              @ DW_AT_decl_file
	.byte	11                              @ DW_FORM_data1
	.byte	59                              @ DW_AT_decl_line
	.byte	11                              @ DW_FORM_data1
	.byte	73                              @ DW_AT_type
	.byte	19                              @ DW_FORM_ref4
	.byte	0                               @ EOM(1)
	.byte	0                               @ EOM(2)
	.byte	7                               @ Abbreviation Code
	.byte	22                              @ DW_TAG_typedef
	.byte	0                               @ DW_CHILDREN_no
	.byte	73                              @ DW_AT_type
	.byte	19                              @ DW_FORM_ref4
	.byte	3                               @ DW_AT_name
	.byte	14                              @ DW_FORM_strp
	.byte	58                              @ DW_AT_decl_file
	.byte	11                              @ DW_FORM_data1
	.byte	59                              @ DW_AT_decl_line
	.byte	11                              @ DW_FORM_data1
	.byte	0                               @ EOM(1)
	.byte	0                               @ EOM(2)
	.byte	8                               @ Abbreviation Code
	.byte	15                              @ DW_TAG_pointer_type
	.byte	0                               @ DW_CHILDREN_no
	.byte	73                              @ DW_AT_type
	.byte	19                              @ DW_FORM_ref4
	.byte	0                               @ EOM(1)
	.byte	0                               @ EOM(2)
	.byte	9                               @ Abbreviation Code
	.byte	38                              @ DW_TAG_const_type
	.byte	0                               @ DW_CHILDREN_no
	.byte	73                              @ DW_AT_type
	.byte	19                              @ DW_FORM_ref4
	.byte	0                               @ EOM(1)
	.byte	0                               @ EOM(2)
	.byte	10                              @ Abbreviation Code
	.byte	19                              @ DW_TAG_structure_type
	.byte	1                               @ DW_CHILDREN_yes
	.byte	3                               @ DW_AT_name
	.byte	14                              @ DW_FORM_strp
	.byte	11                              @ DW_AT_byte_size
	.byte	11                              @ DW_FORM_data1
	.byte	58                              @ DW_AT_decl_file
	.byte	11                              @ DW_FORM_data1
	.byte	59                              @ DW_AT_decl_line
	.byte	11                              @ DW_FORM_data1
	.byte	0                               @ EOM(1)
	.byte	0                               @ EOM(2)
	.byte	11                              @ Abbreviation Code
	.byte	13                              @ DW_TAG_member
	.byte	0                               @ DW_CHILDREN_no
	.byte	3                               @ DW_AT_name
	.byte	14                              @ DW_FORM_strp
	.byte	73                              @ DW_AT_type
	.byte	19                              @ DW_FORM_ref4
	.byte	58                              @ DW_AT_decl_file
	.byte	11                              @ DW_FORM_data1
	.byte	59                              @ DW_AT_decl_line
	.byte	11                              @ DW_FORM_data1
	.byte	56                              @ DW_AT_data_member_location
	.byte	11                              @ DW_FORM_data1
	.byte	0                               @ EOM(1)
	.byte	0                               @ EOM(2)
	.byte	12                              @ Abbreviation Code
	.byte	15                              @ DW_TAG_pointer_type
	.byte	0                               @ DW_CHILDREN_no
	.byte	0                               @ EOM(1)
	.byte	0                               @ EOM(2)
	.byte	0                               @ EOM(3)
	.section	.debug_info,"",%progbits
.Lcu_begin0:
	.long	.Ldebug_info_end0-.Ldebug_info_start0 @ Length of Unit
.Ldebug_info_start0:
	.short	3                               @ DWARF version number
	.long	.debug_abbrev                   @ Offset Into Abbrev. Section
	.byte	4                               @ Address Size (in bytes)
	.byte	1                               @ Abbrev [1] 0xb:0x10a DW_TAG_compile_unit
	.long	.Linfo_string0                  @ DW_AT_producer
	.short	12                              @ DW_AT_language
	.long	.Linfo_string1                  @ DW_AT_name
	.long	.Lline_table_start0             @ DW_AT_stmt_list
	.long	.Linfo_string2                  @ DW_AT_comp_dir
	.long	.Lfunc_begin0                   @ DW_AT_low_pc
	.long	.Lfunc_end0                     @ DW_AT_high_pc
	.byte	2                               @ Abbrev [2] 0x26:0x39 DW_TAG_enumeration_type
	.long	95                              @ DW_AT_type
	.byte	1                               @ DW_AT_byte_size
	.byte	1                               @ DW_AT_decl_file
	.byte	76                              @ DW_AT_decl_line
	.byte	3                               @ Abbrev [3] 0x2e:0x6 DW_TAG_enumerator
	.long	.Linfo_string4                  @ DW_AT_name
	.byte	0                               @ DW_AT_const_value
	.byte	3                               @ Abbrev [3] 0x34:0x6 DW_TAG_enumerator
	.long	.Linfo_string5                  @ DW_AT_name
	.byte	1                               @ DW_AT_const_value
	.byte	3                               @ Abbrev [3] 0x3a:0x6 DW_TAG_enumerator
	.long	.Linfo_string6                  @ DW_AT_name
	.byte	2                               @ DW_AT_const_value
	.byte	3                               @ Abbrev [3] 0x40:0x6 DW_TAG_enumerator
	.long	.Linfo_string7                  @ DW_AT_name
	.byte	3                               @ DW_AT_const_value
	.byte	3                               @ Abbrev [3] 0x46:0x6 DW_TAG_enumerator
	.long	.Linfo_string8                  @ DW_AT_name
	.byte	4                               @ DW_AT_const_value
	.byte	3                               @ Abbrev [3] 0x4c:0x6 DW_TAG_enumerator
	.long	.Linfo_string9                  @ DW_AT_name
	.byte	5                               @ DW_AT_const_value
	.byte	3                               @ Abbrev [3] 0x52:0x6 DW_TAG_enumerator
	.long	.Linfo_string10                 @ DW_AT_name
	.byte	6                               @ DW_AT_const_value
	.byte	3                               @ Abbrev [3] 0x58:0x6 DW_TAG_enumerator
	.long	.Linfo_string11                 @ DW_AT_name
	.byte	7                               @ DW_AT_const_value
	.byte	0                               @ End Of Children Mark
	.byte	4                               @ Abbrev [4] 0x5f:0x7 DW_TAG_base_type
	.long	.Linfo_string3                  @ DW_AT_name
	.byte	8                               @ DW_AT_encoding
	.byte	1                               @ DW_AT_byte_size
	.byte	5                               @ Abbrev [5] 0x66:0x42 DW_TAG_subprogram
	.long	.Lfunc_begin0                   @ DW_AT_low_pc
	.long	.Lfunc_end0                     @ DW_AT_high_pc
	.byte	1                               @ DW_AT_frame_base
	.byte	93
	.long	.Linfo_string12                 @ DW_AT_name
	.byte	2                               @ DW_AT_decl_file
	.byte	65                              @ DW_AT_decl_line
	.byte	1                               @ DW_AT_prototyped
	.long	168                             @ DW_AT_type
	.byte	1                               @ DW_AT_external
	.byte	6                               @ Abbrev [6] 0x7d:0xe DW_TAG_variable
	.byte	2                               @ DW_AT_location
	.byte	145
	.byte	12
	.long	.Linfo_string14                 @ DW_AT_name
	.byte	2                               @ DW_AT_decl_file
	.byte	71                              @ DW_AT_decl_line
	.long	179                             @ DW_AT_type
	.byte	6                               @ Abbrev [6] 0x8b:0xe DW_TAG_variable
	.byte	2                               @ DW_AT_location
	.byte	145
	.byte	8
	.long	.Linfo_string17                 @ DW_AT_name
	.byte	2                               @ DW_AT_decl_file
	.byte	72                              @ DW_AT_decl_line
	.long	197                             @ DW_AT_type
	.byte	6                               @ Abbrev [6] 0x99:0xe DW_TAG_variable
	.byte	2                               @ DW_AT_location
	.byte	145
	.byte	7
	.long	.Linfo_string24                 @ DW_AT_name
	.byte	2                               @ DW_AT_decl_file
	.byte	73                              @ DW_AT_decl_line
	.long	168                             @ DW_AT_type
	.byte	0                               @ End Of Children Mark
	.byte	7                               @ Abbrev [7] 0xa8:0xb DW_TAG_typedef
	.long	38                              @ DW_AT_type
	.long	.Linfo_string13                 @ DW_AT_name
	.byte	1                               @ DW_AT_decl_file
	.byte	85                              @ DW_AT_decl_line
	.byte	7                               @ Abbrev [7] 0xb3:0xb DW_TAG_typedef
	.long	190                             @ DW_AT_type
	.long	.Linfo_string16                 @ DW_AT_name
	.byte	3                               @ DW_AT_decl_file
	.byte	53                              @ DW_AT_decl_line
	.byte	4                               @ Abbrev [4] 0xbe:0x7 DW_TAG_base_type
	.long	.Linfo_string15                 @ DW_AT_name
	.byte	7                               @ DW_AT_encoding
	.byte	4                               @ DW_AT_byte_size
	.byte	8                               @ Abbrev [8] 0xc5:0x5 DW_TAG_pointer_type
	.long	202                             @ DW_AT_type
	.byte	9                               @ Abbrev [9] 0xca:0x5 DW_TAG_const_type
	.long	207                             @ DW_AT_type
	.byte	7                               @ Abbrev [7] 0xcf:0xb DW_TAG_typedef
	.long	218                             @ DW_AT_type
	.long	.Linfo_string23                 @ DW_AT_name
	.byte	1                               @ DW_AT_decl_file
	.byte	73                              @ DW_AT_decl_line
	.byte	10                              @ Abbrev [10] 0xda:0x2d DW_TAG_structure_type
	.long	.Linfo_string22                 @ DW_AT_name
	.byte	12                              @ DW_AT_byte_size
	.byte	1                               @ DW_AT_decl_file
	.byte	69                              @ DW_AT_decl_line
	.byte	11                              @ Abbrev [11] 0xe2:0xc DW_TAG_member
	.long	.Linfo_string18                 @ DW_AT_name
	.long	263                             @ DW_AT_type
	.byte	1                               @ DW_AT_decl_file
	.byte	70                              @ DW_AT_decl_line
	.byte	0                               @ DW_AT_data_member_location
	.byte	11                              @ Abbrev [11] 0xee:0xc DW_TAG_member
	.long	.Linfo_string20                 @ DW_AT_name
	.long	275                             @ DW_AT_type
	.byte	1                               @ DW_AT_decl_file
	.byte	71                              @ DW_AT_decl_line
	.byte	4                               @ DW_AT_data_member_location
	.byte	11                              @ Abbrev [11] 0xfa:0xc DW_TAG_member
	.long	.Linfo_string21                 @ DW_AT_name
	.long	179                             @ DW_AT_type
	.byte	1                               @ DW_AT_decl_file
	.byte	72                              @ DW_AT_decl_line
	.byte	8                               @ DW_AT_data_member_location
	.byte	0                               @ End Of Children Mark
	.byte	8                               @ Abbrev [8] 0x107:0x5 DW_TAG_pointer_type
	.long	268                             @ DW_AT_type
	.byte	4                               @ Abbrev [4] 0x10c:0x7 DW_TAG_base_type
	.long	.Linfo_string19                 @ DW_AT_name
	.byte	6                               @ DW_AT_encoding
	.byte	1                               @ DW_AT_byte_size
	.byte	12                              @ Abbrev [12] 0x113:0x1 DW_TAG_pointer_type
	.byte	0                               @ End Of Children Mark
.Ldebug_info_end0:
	.section	.debug_str,"MS",%progbits,1
.Linfo_string0:
	.asciz	"Component: ARM Compiler 6.16 Tool: armclang [5dfeb700]" @ string offset=0
.Linfo_string1:
	.asciz	"packages/EasyFlash-v4.1.0/src\\easyflash.c" @ string offset=55
.Linfo_string2:
	.asciz	"E:\\STM32\\Learning\\STM32H750_ART_PI_RGBLCD" @ string offset=97
.Linfo_string3:
	.asciz	"unsigned char"                 @ string offset=139
.Linfo_string4:
	.asciz	"EF_NO_ERR"                     @ string offset=153
.Linfo_string5:
	.asciz	"EF_ERASE_ERR"                  @ string offset=163
.Linfo_string6:
	.asciz	"EF_READ_ERR"                   @ string offset=176
.Linfo_string7:
	.asciz	"EF_WRITE_ERR"                  @ string offset=188
.Linfo_string8:
	.asciz	"EF_ENV_NAME_ERR"               @ string offset=201
.Linfo_string9:
	.asciz	"EF_ENV_NAME_EXIST"             @ string offset=217
.Linfo_string10:
	.asciz	"EF_ENV_FULL"                   @ string offset=235
.Linfo_string11:
	.asciz	"EF_ENV_INIT_FAILED"            @ string offset=247
.Linfo_string12:
	.asciz	"easyflash_init"                @ string offset=266
.Linfo_string13:
	.asciz	"EfErrCode"                     @ string offset=281
.Linfo_string14:
	.asciz	"default_env_set_size"          @ string offset=291
.Linfo_string15:
	.asciz	"unsigned int"                  @ string offset=312
.Linfo_string16:
	.asciz	"size_t"                        @ string offset=325
.Linfo_string17:
	.asciz	"default_env_set"               @ string offset=332
.Linfo_string18:
	.asciz	"key"                           @ string offset=348
.Linfo_string19:
	.asciz	"char"                          @ string offset=352
.Linfo_string20:
	.asciz	"value"                         @ string offset=357
.Linfo_string21:
	.asciz	"value_len"                     @ string offset=363
.Linfo_string22:
	.asciz	"_ef_env"                       @ string offset=373
.Linfo_string23:
	.asciz	"ef_env"                        @ string offset=381
.Linfo_string24:
	.asciz	"result"                        @ string offset=388
	.ident	"Component: ARM Compiler 6.16 Tool: armclang [5dfeb700]"
	.section	".note.GNU-stack","",%progbits
	.eabi_attribute	30, 6	@ Tag_ABI_optimization_goals
	.ARM_attribute	16, 1	@ Tag_AV_eba
	.section	.debug_line,"",%progbits
.Lline_table_start0:
