	.text
	.syntax unified
	.eabi_attribute	67, "2.09"	@ Tag_conformance
	.cpu	cortex-m7
	.eabi_attribute	6, 13	@ Tag_CPU_arch
	.eabi_attribute	7, 77	@ Tag_CPU_arch_profile
	.eabi_attribute	8, 0	@ Tag_ARM_ISA_use
	.eabi_attribute	9, 2	@ Tag_THUMB_ISA_use
	.fpu	fpv5-d16
	.eabi_attribute	36, 1	@ Tag_FP_HP_extension
	.eabi_attribute	34, 1	@ Tag_CPU_unaligned_access
	.eabi_attribute	17, 1	@ Tag_ABI_PCS_GOT_use
	.eabi_attribute	20, 2	@ Tag_ABI_FP_denormal
	.eabi_attribute	21, 0	@ Tag_ABI_FP_exceptions
	.eabi_attribute	23, 1	@ Tag_ABI_FP_number_model
	.eabi_attribute	24, 1	@ Tag_ABI_align_needed
	.eabi_attribute	25, 1	@ Tag_ABI_align_preserved
	.eabi_attribute	28, 1	@ Tag_ABI_VFP_args
	.eabi_attribute	38, 1	@ Tag_ABI_FP_16bit_format
	.eabi_attribute	18, 2	@ Tag_ABI_PCS_wchar_t
	.eabi_attribute	26, 1	@ Tag_ABI_enum_size
	.eabi_attribute	14, 0	@ Tag_ABI_PCS_R9_use
	.file	"ebrimabd_font.c"
	.file	1 "D:\\Keil_v5\\ARM\\ARMCLANG\\Bin\\..\\include" "stdint.h"
	.file	2 "E:\\STM32\\Learning\\STM32H750_ART_PI_RGBLCD" "./lvgl/src/lv_widgets/../lv_font/lv_font.h"
	.file	3 "E:\\STM32\\Learning\\STM32H750_ART_PI_RGBLCD" "./lvgl/src/lv_conf.h"
	.file	4 "E:\\STM32\\Learning\\STM32H750_ART_PI_RGBLCD" "applications/lv_app/ebrimabd_font.c"
	.file	5 "E:\\STM32\\Learning\\STM32H750_ART_PI_RGBLCD" "./lvgl/src/lv_font/lv_font_fmt_txt.h"
	.hidden	ebrimabd_font                   @ @ebrimabd_font
	.type	ebrimabd_font,%object
	.section	.data.ebrimabd_font,"aw",%progbits
	.globl	ebrimabd_font
	.p2align	2
ebrimabd_font:
	.long	lv_font_get_glyph_dsc_fmt_txt
	.long	lv_font_get_bitmap_fmt_txt
	.short	31                              @ 0x1f
	.short	7                               @ 0x7
	.byte	0                               @ 0x0
	.byte	253                             @ 0xfd
	.byte	2                               @ 0x2
	.zero	1
	.long	font_dsc
	.size	ebrimabd_font, 20

	.type	glyph_bitmap,%object            @ @glyph_bitmap
	.section	.rodata.glyph_bitmap,"a",%progbits
glyph_bitmap:
	.ascii	"y\231\231\231|\377\377\377\374\317\377\377\377\314\377\377\377\374\0004\020\000\277\377`o\377\377\030\377\377\362?\377\376\000]\373 \000\000\027\316\376\307\000\000\000\000N\377\377\377\3750\000\000O\377\377\377\377\376 \000\036\377\377\377\377\377\373\000\t\377\377\301\005\377\377\363\000\357\377\362\000\t\377\377\220O\377\373\000\000?\377\375\007\377\377p\000\000\377\377\360\257\377\364\000\000\r\377\377,\377\3770\000\000\317\377\364\337\377\362\000\000\013\377\377N\377\377\020\000\000\277\377\365\357\377\362\000\000\013\377\377M\377\377 \000\000\317\377\363\317\377\364\000\000\r\377\377\031\377\377`\000\000\377\377\360\177\377\372\000\000?\377\373\002\377\377\361\000\t\377\377`\r\377\377\261\006\377\377\361\000O\377\377\377\377\377\367\000\000\257\377\377\377\377\373\000\000\000\237\377\377\377\372\000\000\000\0009\337\375\244\000\000\000\000\000\000l\314\000\000+\377\377\000\030\377\377\377K\377\377\377\377\277\377\377\377\377\277\377\377\377\377\277\377n\377\377\254q\016\377\377\000\000\016\377\377\000\000\016\377\377\000\000\016\377\377\000\000\016\377\377\000\000\016\377\377\000\000\016\377\377\000\000\016\377\377\000\000\016\377\377\000\000\016\377\377\000\000\016\377\377\000\000\016\377\377\000\000\016\377\377\000\000\016\377\377\000\000\016\377\377\000\000\016\377\377\000\000\016\377\377\000\002{\357\376\245\000\000\002\257\377\377\377\377\322\000\n\377\377\377\377\377\376\020\n\377\377\377\377\377\377\220\n\376\203\022^\377\377\360\t\200\000\000\002\377\377\362\001\000\000\000\000\357\377\363\000\000\000\000\000\357\377\362\000\000\000\000\002\377\377\340\000\000\000\000\013\377\377\220\000\000\000\000\237\377\377\020\000\000\000\013\377\377\365\000\000\000\002\337\377\377P\000\000\000o\377\377\344\000\000\000\007\377\377\374\020\000\000\000o\377\377p\000\000\000\003\377\377\364\000\000\000\000\f\377\377@\000\000\000\000?\377\375DDDD@\177\377\377\377\377\377\377\363\257\377\377\377\377\377\377\363\277\377\377\377\377\377\377\363\277\377\377\377\377\377\377\363\000'\276\377\354\202\000\000\004\377\377\377\377\377p\000\005\377\377\377\377\377\367\000\005\377\377\377\377\377\377\020\005\305\020\001\237\377\377P\000\000\000\000\f\377\377`\000\000\000\000\n\377\377P\000\000\000\000\r\377\377\020\000\000\000\025\317\377\370\000\000\016\377\377\377\377\220\000\000\016\377\377\377\242\000\000\000\016\377\377\377\375`\000\000\r\357\377\377\377\372\000\000\000\000\003\257\377\377`\000\000\000\000\006\377\377\320\000\000\000\000\000\377\377\360\000\000\000\000\000\377\377\361\022\000\000\000\005\377\377\360/\244\000\001\177\377\377\240/\377\377\377\377\377\3770/\377\377\377\377\377\367\000/\377\377\377\377\376P\000\002{\357\377\332P\000\000\000\000\000\000\000\357\377\340\000\000\000\000\000\007\377\377\340\000\000\000\000\000\036\377\377\340\000\000\000\000\000\237\377\377\340\000\000\000\000\003\377\377\377\340\000\000\000\000\r\377\377\377\340\000\000\000\000\217\377\337\377\340\000\000\000\003\377\373\257\377\340\000\000\000\036\377\362\257\377\340\000\000\000\277\377p\257\377\340\000\000\007\377\374\000\257\377\340\000\000O\377\362\000\257\377\340\000\002\377\377P\000\257\377\340\000\036\377\370\000\000\257\377\340\000o\377\375\335\335\357\377\375\327o\377\377\377\377\377\377\377\371o\377\377\377\377\377\377\377\371o\377\377\377\377\377\377\377\371\000\000\000\000\000\257\377\340\000\000\000\000\000\000\257\377\340\000\000\000\000\000\000\257\377\340\000\000\000\000\000\000\257\377\340\000\000\000\000\000\000\257\377\340\000\n\377\377\377\377\377\364\000\277\377\377\377\377\377@\f\377\377\377\377\377\364\000\337\377\377\377\377\377@\016\377\364\"\"\" \000\377\377\020\000\000\000\000\017\377\360\000\000\000\000\001\377\376\000\000\000\000\000/\377\376\376\3310\000\003\377\377\377\377\377\261\000_\377\377\377\377\377\300\006\377\377\377\377\377\377p\023\020\0008\377\377\376\000\000\000\000\005\377\377\362\000\000\000\000\r\377\377@\000\000\000\000\317\377\364\000\000\000\000\016\377\377\"\000\000\000\005\377\377\340\313Q\000\030\377\377\370\f\377\377\377\377\377\376\020\317\377\377\377\377\3770\f\377\377\377\377\375 \000\027\275\377\375\244\000\000\000\000\000\000\026\276\377\353`\000\000\000\177\377\377\377\374\000\000\000\277\377\377\377\377\300\000\000\257\377\377\377\377\374\000\000_\377\377\202\000\025p\000\016\377\3770\000\000\000\000\005\377\377`\000\000\000\000\000\277\377\340\000\000\000\000\000\017\377\372\006\316\375\201\000\002\377\377\213\377\377\377\364\000O\377\377\377\377\377\377\361\005\377\377\377\375\377\377\377\220o\377\377\260\000\217\377\377\006\377\377\340\000\000\337\377\363_\377\373\000\000\t\377\377C\377\377\240\000\000\217\377\364\017\377\374\000\000\n\377\3770\277\377\363\000\001\377\377\360\005\377\377\343\001\277\377\371\000\f\377\377\377\377\377\377\020\000.\377\377\377\377\377P\000\000-\377\377\377\376@\000\000\000\006\276\376\307\000\000\000\217\377\377\377\377\377\377\377\030\377\377\377\377\377\377\377\361\217\377\377\377\377\377\377\377\030\377\377\377\377\377\377\377\300\022\"\"\"\"\177\377\364\000\000\000\000\000\r\377\373\000\000\000\000\000\006\377\3770\000\000\000\000\000\357\377\260\000\000\000\000\000\217\377\363\000\000\000\000\000\017\377\374\000\000\000\000\000\007\377\377P\000\000\000\000\000\357\377\340\000\000\000\000\000o\377\367\000\000\000\000\000\f\377\377\020\000\000\000\000\002\377\377\300\000\000\000\000\000\177\377\366\000\000\000\000\000\r\377\377\020\000\000\000\000\002\377\377\320\000\000\000\000\000\177\377\371\000\000\000\000\000\013\377\377P\000\000\000\000\000\377\377\362\000\000\000\000\000/\377\377\000\000\000\000\000\005\377\377\300\000\000\000\000\000\0009\337\376\266\000\000\000\000\237\377\377\377\376@\000\000\277\377\377\377\377\377@\000_\377\377\333\357\377\376\000\013\377\377`\001\317\377\364\000\357\377\300\000\003\377\377p\r\377\372\000\000\037\377\365\000\237\377\340\000\005\377\377\020\002\377\377\262\005\357\377\200\000\004\377\377\377\377\377\220\000\000\002\317\377\377\377@\000\000\001\257\377\377\377\376P\000\002\357\377\377\377\377\377\200\000\337\377\366\000,\377\377@_\377\366\000\000\036\377\374\n\377\377\000\000\000\237\377\360\277\377\360\000\000\b\377\377*\377\3770\000\000\317\377\360o\377\375 \000\217\377\374\000\357\377\377\313\357\377\377P\004\377\377\377\377\377\377\240\000\003\337\377\377\377\377\200\000\000\000Z\337\376\267\020\000\000\000\000I\337\375\223\000\000\000\033\377\377\377\377\220\000\001\337\377\377\377\377\372\000\013\377\377\377\377\377\377P?\377\377P\006\377\377\320\217\377\367\000\000\217\377\363\277\377\362\000\000/\377\370\317\377\361\000\000\017\377\373\277\377\365\000\000O\377\375\177\377\3760\003\337\377\376/\377\377\376\357\377\377\377\b\377\377\377\377\377\377\376\000\237\377\377\377m\377\375\000\003\256\376\243\016\377\374\000\000\000\000\000\037\377\371\000\000\000\000\000o\377\365\000\000\000\000\000\337\377\361\000\000\000\000\b\377\377\240\007\243\000\003\277\377\377 \b\377\377\377\377\377\367\000\b\377\377\377\377\377\220\000\b\377\377\377\377\366\000\000\001k\337\376\266\020\000\000\005\337\302\003\377\377\340\217\377\377&\377\377\361\013\377\366\000\003A\000\000\000\000\000\000\000\000\000\000\000\000\000\000\000\000\000\000\000\003A\000\013\377\366\006\377\377\361\217\377\377#\377\377\340\005\337\262\000\000\000\000\000\337\377\377p\000\000\000\000\000\000\000?\377\377\375\000\000\000\000\000\000\000\t\377\377\377\362\000\000\000\000\000\000\000\357\377\377\377\200\000\000\000\000\000\000O\377\374\377\375\000\000\000\000\000\000\n\377\375\217\377\363\000\000\000\000\000\000\377\377\224\377\377\200\000\000\000\000\000_\377\364\017\377\376\000\000\000\000\000\013\377\377\000\257\377\363\000\000\000\000\001\377\377\240\005\377\377\220\000\000\000\000o\377\365\000\037\377\376\000\000\000\000\f\377\377\020\000\317\377\364\000\000\000\002\377\377\260\000\007\377\377\240\000\000\000\177\377\367\000\000/\377\377\000\000\000\r\377\377\377\377\377\377\377\365\000\000\002\377\377\377\377\377\377\377\377\240\000\000\217\377\377\377\377\377\377\377\377\000\000\016\377\377\377\377\377\377\377\377\365\000\004\377\377\361\000\000\000\n\377\377\260\000\237\377\373\000\000\000\000_\377\377\020\016\377\377`\000\000\000\000\377\377\366\005\377\377\361\000\000\000\000\013\377\377\260\257\377\374\000\000\000\000\000o\377\377\020\177\377\377\377\377\353r\000\000\177\377\377\377\377\377\377\200\000\177\377\377\377\377\377\377\371\000\177\377\377\335\377\377\377\377 \177\377\371\000\002\277\377\377`\177\377\371\000\000\017\377\377p\177\377\371\000\000\r\377\377P\177\377\371\000\000/\377\376\000\177\377\371\000\003\337\377\364\000\177\377\377\356\377\377\3750\000\177\377\377\377\377\377\262\000\000\177\377\377\377\377\377\377\262\000\177\377\377\377\377\377\377\376 \177\377\371\000\002\177\377\377\300\177\377\371\000\000\006\377\377\362\177\377\371\000\000\000\377\377\365\177\377\371\000\000\000\377\377\365\177\377\371\000\000\005\377\377\363\177\377\371\000\000o\377\377\360\177\377\377\335\357\377\377\377p\177\377\377\377\377\377\377\373\000\177\377\377\377\377\377\377\220\000\177\377\377\377\377\354\202\000\000\000\000\000\003|\337\377\333r\000\000\003\317\377\377\377\377\372\000\000\217\377\377\377\377\377\372\000\n\377\377\377\377\377\377\372\000\177\377\377\377\311\210\276\372\002\377\377\377\221\000\000\000F\013\377\377\366\000\000\000\000\000\037\377\377\220\000\000\000\000\000o\377\377\020\000\000\000\000\000\237\377\373\000\000\000\000\000\000\277\377\370\000\000\000\000\000\000\317\377\367\000\000\000\000\000\000\317\377\370\000\000\000\000\000\000\277\377\372\000\000\000\000\000\000\237\377\376\000\000\000\000\000\000_\377\377p\000\000\000\000\000\037\377\377\364\000\000\000\000\000\t\377\377\377p\000\000\000W\001\357\377\377\377\271\211\317\372\000O\377\377\377\377\377\377\372\000\005\377\377\377\377\377\377\372\000\000+\377\377\377\377\377\370\000\000\000'\275\377\375\2700\177\377\377\377\376\334\205\000\000\000\007\377\377\377\377\377\377\376\200\000\000\177\377\377\377\377\377\377\377\322\000\007\377\377\377\377\377\377\377\377\341\000\177\377\373DE\236\377\377\377\300\007\377\377\220\000\000\b\377\377\377@\177\377\371\000\000\000\007\377\377\373\007\377\377\220\000\000\000\f\377\377\360\177\377\371\000\000\000\000_\377\3777\377\377\220\000\000\000\001\377\377\365\177\377\371\000\000\000\000\016\377\377g\377\377\220\000\000\000\000\357\377\366\177\377\371\000\000\000\000\017\377\377W\377\377\220\000\000\000\002\377\377\363\177\377\371\000\000\000\000o\377\377\007\377\377\220\000\000\000\r\377\377\300\177\377\371\000\000\000\t\377\377\366\007\377\377\220\000\000\t\377\377\375\000\177\377\373DE\236\377\377\377@\007\377\377\377\377\377\377\377\377`\000\177\377\377\377\377\377\377\377P\000\007\377\377\377\377\377\377\372 \000\000\177\377\377\377\376\333b\000\000\000\000\177\377\377\377\377\377\367\177\377\377\377\377\377\367\177\377\377\377\377\377\367\177\377\377\377\377\377\367\177\377\373DDDA\177\377\371\000\000\000\000\177\377\371\000\000\000\000\177\377\371\000\000\000\000\177\377\371\000\000\000\000\177\377\377\377\377\377\360\177\377\377\377\377\377\360\177\377\377\377\377\377\360\177\377\377\377\377\377\360\177\377\373DDD0\177\377\371\000\000\000\000\177\377\371\000\000\000\000\177\377\371\000\000\000\000\177\377\371\000\000\000\000\177\377\373DDDD\177\377\377\377\377\377\377\177\377\377\377\377\377\377\177\377\377\377\377\377\377\177\377\377\377\377\377\377\177\377\377\377\377\377\370\177\377\377\377\377\377\370\177\377\377\377\377\377\370\177\377\377\377\377\377\370\177\377\373DDDB\177\377\371\000\000\000\000\177\377\371\000\000\000\000\177\377\371\000\000\000\000\177\377\371\000\000\000\000\177\377\3733330\177\377\377\377\377\377\340\177\377\377\377\377\377\340\177\377\377\377\377\377\340\177\377\377\377\377\377\340\177\377\371\000\000\000\000\177\377\371\000\000\000\000\177\377\371\000\000\000\000\177\377\371\000\000\000\000\177\377\371\000\000\000\000\177\377\371\000\000\000\000\177\377\371\000\000\000\000\177\377\371\000\000\000\000\177\377\371\000\000\000\000\000\000\000\002j\336\377\354\246\020\000\000\002\257\377\377\377\377\377\340\000\000o\377\377\377\377\377\377\340\000\t\377\377\377\377\377\377\377\340\000\177\377\377\376\247fy\317\340\002\377\377\377\200\000\000\000\001P\n\377\377\365\000\000\000\000\000\000\037\377\377\220\000\000\000\000\000\000o\377\377\020\000\000\000\000\000\000\257\377\373\000\000\237\377\377\377\377\277\377\370\000\000\237\377\377\377\377\337\377\367\000\000\237\377\377\377\377\317\377\370\000\000\237\377\377\377\377\277\377\372\000\000\022\"?\377\377\237\377\376\000\000\000\000\037\377\377_\377\377P\000\000\000\037\377\377\037\377\377\341\000\000\000\037\377\377\b\377\377\376@\000\000\037\377\377\001\357\377\377\374\206h\337\377\377\000?\377\377\377\377\377\377\377\377\000\003\357\377\377\377\377\377\377\377\000\000\031\377\377\377\377\377\377\304\000\000\000\026\255\357\376\332b\000\177\377\371\000\000\000\000\037\377\377\177\377\371\000\000\000\000\037\377\377\177\377\371\000\000\000\000\037\377\377\177\377\371\000\000\000\000\037\377\377\177\377\371\000\000\000\000\037\377\377\177\377\371\000\000\000\000\037\377\377\177\377\371\000\000\000\000\037\377\377\177\377\371\000\000\000\000\037\377\377\177\377\371\000\000\000\000\037\377\377\177\377\377\377\377\377\377\377\377\377\177\377\377\377\377\377\377\377\377\377\177\377\377\377\377\377\377\377\377\377\177\377\377\377\377\377\377\377\377\377\177\377\374\210\210\210\210\217\377\377\177\377\371\000\000\000\000\037\377\377\177\377\371\000\000\000\000\037\377\377\177\377\371\000\000\000\000\037\377\377\177\377\371\000\000\000\000\037\377\377\177\377\371\000\000\000\000\037\377\377\177\377\371\000\000\000\000\037\377\377\177\377\371\000\000\000\000\037\377\377\177\377\371\000\000\000\000\037\377\377\177\377\371\000\000\000\000\037\377\377_\377\377\377\367_\377\377\377\367_\377\377\377\367_\377\377\377\367\000\177\377\372\000\000\177\377\371\000\000\177\377\371\000\000\177\377\371\000\000\177\377\371\000\000\177\377\371\000\000\177\377\371\000\000\177\377\371\000\000\177\377\371\000\000\177\377\371\000\000\177\377\371\000\000\177\377\371\000\000\177\377\371\000\000\177\377\371\000\000\177\377\372\000_\377\377\377\367_\377\377\377\367_\377\377\377\367_\377\377\377\367\000\000\000/\377\376\000\000\000/\377\376\000\000\000/\377\376\000\000\000/\377\376\000\000\000/\377\376\000\000\000/\377\376\000\000\000/\377\376\000\000\000/\377\376\000\000\000/\377\376\000\000\000/\377\376\000\000\000/\377\376\000\000\000/\377\376\000\000\000/\377\376\000\000\000/\377\376\000\000\000?\377\375\000\000\000_\377\374\000\000\000\257\377\371 \000\004\377\377\366~\250\277\377\377\361\177\377\377\377\377\200\177\377\377\377\374\000\177\377\377\377\260\000:\357\375\224\000\000\177\377\371\000\000\000\317\377\377 \177\377\371\000\000\007\377\377\367\000\177\377\371\000\000/\377\377\260\000\177\377\371\000\000\317\377\376\020\000\177\377\371\000\006\377\377\364\000\000\177\377\371\000\037\377\377\220\000\000\177\377\371\000\277\377\375\000\000\000\177\377\371\005\377\377\363\000\000\000\177\377\371\036\377\377p\000\000\000\177\377\371\237\377\373\000\000\000\000\177\377\374\377\377\341\000\000\000\000\177\377\377\377\377\362\000\000\000\000\177\377\372\357\377\374\000\000\000\000\177\377\371o\377\377p\000\000\000\177\377\371\013\377\377\363\000\000\000\177\377\371\002\377\377\375\000\000\000\177\377\371\000o\377\377\220\000\000\177\377\371\000\f\377\377\364\000\000\177\377\371\000\002\377\377\376\020\000\177\377\371\000\000\177\377\377\260\000\177\377\371\000\000\f\377\377\366\000\177\377\371\000\000\003\377\377\377 \177\377\371\000\000\000\217\377\377\300\177\377\371\000\000\000\000\177\377\371\000\000\000\000\177\377\371\000\000\000\000\177\377\371\000\000\000\000\177\377\371\000\000\000\000\177\377\371\000\000\000\000\177\377\371\000\000\000\000\177\377\371\000\000\000\000\177\377\371\000\000\000\000\177\377\371\000\000\000\000\177\377\371\000\000\000\000\177\377\371\000\000\000\000\177\377\371\000\000\000\000\177\377\371\000\000\000\000\177\377\371\000\000\000\000\177\377\371\000\000\000\000\177\377\371\000\000\000\000\177\377\371\000\000\000\000\177\377\373DDDC\177\377\377\377\377\377\376\177\377\377\377\377\377\376\177\377\377\377\377\377\376\177\377\377\377\377\377\376\177\377\377\377\020\000\000\000\000O\377\377\377\027\377\377\377\367\000\000\000\000\t\377\377\377\361\177\377\377\377\300\000\000\000\000\357\377\377\377\027\377\377\377\377 \000\000\000O\377\377\377\361\177\377\376\377\367\000\000\000\n\377\376\377\377\027\377\377\277\377\300\000\000\000\377\376\317\377\361\177\377\370\377\377 \000\000O\377\275\377\377\027\377\377O\377\367\000\000\n\377\366\337\377\361\177\377\361\357\377\300\000\000\377\377\036\377\377\027\377\377\031\377\377 \000O\377\300\357\377\361\177\377\361?\377\367\000\n\377\366\016\377\377\027\377\377\020\337\377\320\000\377\377\020\357\377\361\177\377\361\b\377\377 _\377\260\016\377\377\027\377\377\020?\377\367\n\377\366\000\357\377\361\177\377\361\000\337\377\300\377\377\020\016\377\377\027\377\377\020\007\377\377O\377\260\000\357\377\361\177\377\361\000/\377\373\377\366\000\016\377\377\027\377\377\020\000\317\377\377\377\020\000\357\377\361\177\377\361\000\007\377\377\377\260\000\016\377\377\027\377\377\020\000\037\377\377\366\000\000\357\377\361\177\377\361\000\000\317\377\377\020\000\016\377\377\027\377\377\020\000\006\377\377\260\000\000\357\377\361\177\377\361\000\000\037\377\366\000\000\016\377\377\020\177\377\377P\000\000\000\000\377\377\267\377\377\376\000\000\000\000\017\377\373\177\377\377\371\000\000\000\000\377\377\267\377\377\377\363\000\000\000\017\377\373\177\377\377\377\320\000\000\000\377\377\267\377\377\377\377p\000\000\017\377\373\177\377\377\377\377 \000\000\377\377\267\377\377\217\377\374\000\000\017\377\373\177\377\364\257\377\366\000\000\377\377\267\377\377Q\357\377\341\000\017\377\373\177\377\365\005\377\377\240\000\377\377\267\377\377P\013\377\377@\017\377\373\177\377\365\000/\377\376\000\377\377\267\377\377P\000\177\377\371\017\377\373\177\377\365\000\000\317\377\363\377\377\267\377\377P\000\002\377\377\317\377\373\177\377\365\000\000\b\377\377\377\377\267\377\377P\000\000\r\377\377\377\373\177\377\365\000\000\000O\377\377\377\267\377\377P\000\000\000\237\377\377\373\177\377\365\000\000\000\001\357\377\377\267\377\377P\000\000\000\005\377\377\373\177\377\365\000\000\000\000\013\377\377\260\000\000\000\026\255\357\354\224\000\000\000\000\000\000\177\377\377\377\377\3740\000\000\000\001\317\377\377\377\377\377\377`\000\000\001\337\377\377\377\377\377\377\377`\000\000\277\377\377\374\230\256\377\377\3770\000_\377\377\323\000\000\t\377\377\374\000\r\377\377\341\000\000\000\n\377\377\363\003\377\377\365\000\000\000\000\037\377\377\200\177\377\376\000\000\000\000\000\257\377\375\n\377\377\240\000\000\000\000\006\377\377\360\277\377\370\000\000\000\000\000O\377\377\r\377\377p\000\000\000\000\003\377\377\361\317\377\370\000\000\000\000\000O\377\377\013\377\377\240\000\000\000\000\006\377\377\340\237\377\376\000\000\000\000\000\237\377\373\004\377\377\365\000\000\000\000\037\377\377p\016\377\377\341\000\000\000\n\377\377\362\000\177\377\377\323\000\000\032\377\377\372\000\000\337\377\377\374\230\257\377\377\376\020\000\002\377\377\377\377\377\377\377\377@\000\000\003\357\377\377\377\377\377\376@\000\000\000\001\237\377\377\377\377\372 \000\000\000\000\000'\275\377\354r\000\000\000\000\177\377\377\377\376\332`\000\007\377\377\377\377\377\377\366\000\177\377\377\377\377\377\377\366\007\377\377\377\377\377\377\377\361\177\377\371\000%\337\377\377\207\377\377\220\000\001\357\377\374\177\377\371\000\000\b\377\377\347\377\377\220\000\000o\377\376\177\377\371\000\000\b\377\377\327\377\377\220\000\000\357\377\371\177\377\371\000\024\317\377\377G\377\377\377\377\377\377\377\240\177\377\377\377\377\377\377\300\007\377\377\377\377\377\377\220\000\177\377\377\377\376\267\020\000\007\377\377\220\000\000\000\000\000\177\377\371\000\000\000\000\000\007\377\377\220\000\000\000\000\000\177\377\371\000\000\000\000\000\007\377\377\220\000\000\000\000\000\177\377\371\000\000\000\000\000\007\377\377\220\000\000\000\000\000\177\377\371\000\000\000\000\000\000\000\000\000\025\255\357\354\224\000\000\000\000\000\000\007\377\377\377\377\377\304\000\000\000\000\001\317\377\377\377\377\377\377`\000\000\000\035\377\377\377\377\377\377\377\367\000\000\000\277\377\377\374\230\256\377\377\3770\000\005\377\377\3750\000\000\237\377\377\300\000\r\377\377\341\000\000\000\n\377\377\364\000?\377\377P\000\000\000\001\377\377\371\000\177\377\376\000\000\000\000\000\257\377\375\000\257\377\372\000\000\000\000\000o\377\377\000\277\377\370\000\000\000\000\000O\377\377\000\337\377\367\000\000\000\000\000?\377\377\020\317\377\370\000\000\000\000\000O\377\377\000\277\377\372\000\000\000\000\000_\377\376\000\217\377\376\000\000\000\000\000\237\377\373\000O\377\377@\000\000\000\000\357\377\367\000\016\377\377\320\000\000\000\t\377\377\362\000\b\377\377\374 \000\000\217\377\377\240\000\000\357\377\377\373w\236\377\377\376\020\000\000?\377\377\377\377\377\377\377\363\000\000\000\004\377\377\377\377\377\377\3760\000\000\000\000+\377\377\377\377\377\201\000\000\000\000\000\0009\336\377\377\372\000\000\000\000\000\000\000\000\000O\377\377\261\000\000\000\000\000\000\000\000\005\377\377\376\203\020\002\000\000\000\000\000\000o\377\377\377\377\374\000\000\000\000\000\000\006\377\377\377\377\374\000\000\000\000\000\000\000N\377\377\377\374\000\000\000\000\000\000\000\000\217\377\377\374\000\000\000\000\000\000\000\000\000FvA\177\377\377\377\377\353r\000\000\000\177\377\377\377\377\377\377\200\000\000\177\377\377\377\377\377\377\371\000\000\177\377\377\356\377\377\377\3770\000\177\377\371\000\002\277\377\377\200\000\177\377\371\000\000\016\377\377\240\000\177\377\371\000\000\n\377\377\240\000\177\377\371\000\000\013\377\377\220\000\177\377\371\000\000/\377\377@\000\177\377\371\000\025\357\377\374\000\000\177\377\377\377\377\377\377\321\000\000\177\377\377\377\377\377\372\020\000\000\177\377\377\377\377\3760\000\000\000\177\377\377\377\377\377\343\000\000\000\177\377\371\002\277\377\376\020\000\000\177\377\371\000\r\377\377\260\000\000\177\377\371\000\003\377\377\366\000\000\177\377\371\000\000\237\377\376\020\000\177\377\371\000\000\037\377\377\220\000\177\377\371\000\000\007\377\377\363\000\177\377\371\000\000\000\337\377\375\000\177\377\371\000\000\000O\377\377p\177\377\371\000\000\000\013\377\377\361\000\000(\276\377\375\267 \000\033\377\377\377\377\377\320\002\357\377\377\377\377\377\320\f\377\377\377\377\377\377\320?\377\377\3472%\236\320\177\377\376\020\000\000\000P\217\377\374\000\000\000\000\000\177\377\377@\000\000\000\000?\377\377\367\000\000\000\000\f\377\377\377\350\020\000\000\002\357\377\377\377\371\020\000\000,\377\377\377\377\345\000\000\000m\377\377\377\377`\000\000\000K\377\377\377\361\000\000\000\000M\377\377\370\000\000\000\000\001\337\377\373\020\000\000\000\000\217\377\374z \000\000\000\317\377\373\177\373c#\\\377\377\367\177\377\377\377\377\377\377\361\177\377\377\377\377\377\377Po\377\377\377\377\377\324\000\001j\336\377\354\224\000\000\217\377\377\377\377\377\377\377\377H\377\377\377\377\377\377\377\377\364\217\377\377\377\377\377\377\377\377H\377\377\377\377\377\377\377\377\364$DD_\377\376DDD\020\000\000\002\377\377\340\000\000\000\000\000\000/\377\376\000\000\000\000\000\000\002\377\377\340\000\000\000\000\000\000/\377\376\000\000\000\000\000\000\002\377\377\340\000\000\000\000\000\000/\377\376\000\000\000\000\000\000\002\377\377\340\000\000\000\000\000\000/\377\376\000\000\000\000\000\000\002\377\377\340\000\000\000\000\000\000/\377\376\000\000\000\000\000\000\002\377\377\340\000\000\000\000\000\000/\377\376\000\000\000\000\000\000\002\377\377\340\000\000\000\000\000\000/\377\376\000\000\000\000\000\000\002\377\377\340\000\000\000\000\000\000/\377\376\000\000\000\000\000\000\002\377\377\340\000\000\000\000\000\000/\377\376\000\000\000\000\277\377\365\000\000\000\003\377\377\333\377\377P\000\000\000?\377\375\277\377\365\000\000\000\003\377\377\333\377\377P\000\000\000?\377\375\277\377\365\000\000\000\003\377\377\333\377\377P\000\000\000?\377\375\277\377\365\000\000\000\003\377\377\333\377\377P\000\000\000?\377\375\277\377\365\000\000\000\003\377\377\333\377\377P\000\000\000?\377\375\277\377\365\000\000\000\003\377\377\333\377\377P\000\000\000?\377\375\277\377\365\000\000\000\003\377\377\332\377\377`\000\000\000?\377\374\237\377\367\000\000\000\004\377\377\270\377\377\240\000\000\000\177\377\371_\377\377\020\000\000\r\377\377a\377\377\374\020\000\t\377\377\362\n\377\377\376\250\236\377\377\373\000/\377\377\377\377\377\377\3770\000o\377\377\377\377\377\377`\000\000N\377\377\377\377\375@\000\000\000\005\255\377\355\245\000\000\000\257\377\373\000\000\000\000\003\377\377\361_\377\377\000\000\000\000\b\377\377\260\017\377\377P\000\000\000\f\377\377`\n\377\377\220\000\000\000\037\377\377\020\005\377\377\340\000\000\000_\377\373\000\000\377\377\363\000\000\000\257\377\365\000\000\277\377\367\000\000\000\357\377\360\000\000_\377\374\000\000\003\377\377\260\000\000\017\377\377\020\000\b\377\377P\000\000\013\377\377P\000\r\377\377\000\000\000\005\377\377\240\000\037\377\373\000\000\000\000\377\377\340\000o\377\365\000\000\000\000\277\377\363\000\277\377\360\000\000\000\000_\377\370\000\377\377\260\000\000\000\000\017\377\375\004\377\377P\000\000\000\000\013\377\377\031\377\377\000\000\000\000\000\006\377\377m\377\372\000\000\000\000\000\001\377\377\257\377\365\000\000\000\000\000\000\277\377\377\377\360\000\000\000\000\000\000o\377\377\377\240\000\000\000\000\000\000\037\377\377\377P\000\000\000\000\000\000\013\377\377\377\000\000\000\000\000\000\000\006\377\377\372\000\000\000\000\237\377\376\000\000\000\004\377\377\366\000\000\000_\377\373_\377\377\020\000\000\b\377\377\371\000\000\000\217\377\367\037\377\377@\000\000\f\377\377\375\000\000\000\277\377\363\r\377\377\200\000\000\037\377\377\377\020\000\000\357\377\360\t\377\377\260\000\000_\377\377\377P\000\002\377\377\260\005\377\377\340\000\000\237\377\377\377\220\000\005\377\377p\001\377\377\362\000\000\337\377\317\377\300\000\b\377\3770\000\317\377\365\000\002\377\377\217\377\360\000\013\377\376\000\000\217\377\370\000\006\377\373O\377\364\000\016\377\372\000\000O\377\374\000\n\377\367\017\377\370\000/\377\366\000\000\017\377\377\000\016\377\363\f\377\374\000_\377\362\000\000\f\377\377 ?\377\360\b\377\377\000\217\377\340\000\000\b\377\377P\177\377\260\004\377\3770\277\377\240\000\000\004\377\377\220\277\377p\000\377\377p\357\377`\000\000\000\377\377\300\377\3770\000\317\377\262\377\377 \000\000\000\317\377\364\377\376\000\000\217\377\345\377\376\000\000\000\000\177\377\371\377\372\000\000O\377\371\377\372\000\000\000\000?\377\375\377\366\000\000\017\377\375\377\365\000\000\000\000\017\377\377\377\362\000\000\f\377\377\377\361\000\000\000\000\013\377\377\377\340\000\000\b\377\377\377\320\000\000\000\000\007\377\377\377\240\000\000\004\377\377\377\220\000\000\000\000\003\377\377\377`\000\000\000\377\377\377P\000\000\000\000\000\377\377\377 \000\000\000\317\377\377\020\000\000\036\377\377\361\000\000\000?\377\377`\177\377\377\200\000\000\013\377\377\300\000\337\377\377\000\000\004\377\377\363\000\004\377\377\367\000\000\317\377\371\000\000\013\377\377\340\000O\377\376\020\000\000/\377\377`\f\377\377`\000\000\000\237\377\375\005\377\377\320\000\000\000\001\377\377\364\317\377\364\000\000\000\000\007\377\377\277\377\372\000\000\000\000\000\r\377\377\377\377\020\000\000\000\000\000_\377\377\377p\000\000\000\000\000\000\357\377\377\361\000\000\000\000\000\000o\377\377\377\220\000\000\000\000\000\036\377\377\377\3770\000\000\000\000\n\377\377\257\377\374\000\000\000\000\004\377\377\361\357\377\366\000\000\000\000\337\377\370\007\377\377\341\000\000\000\177\377\376\000\016\377\377\220\000\000/\377\377p\000\177\377\3770\000\013\377\377\340\000\000\357\377\374\000\005\377\377\366\000\000\006\377\377\365\001\357\377\375\000\000\000\016\377\377\340\237\377\377P\000\000\000o\377\377\200\317\377\376\000\000\000\001\377\377\363O\377\377`\000\000\b\377\377\260\f\377\377\320\000\000\016\377\3770\005\377\377\363\000\000o\377\373\000\000\337\377\372\000\000\317\377\363\000\000o\377\377\020\003\377\377\260\000\000\016\377\377\200\n\377\377@\000\000\006\377\377\340\037\377\374\000\000\000\000\357\377\365\177\377\364\000\000\000\000\177\377\372\337\377\300\000\000\000\000\017\377\376\377\377@\000\000\000\000\b\377\377\377\374\000\000\000\000\000\001\377\377\377\364\000\000\000\000\000\000\237\377\377\300\000\000\000\000\000\000\037\377\377P\000\000\000\000\000\000\016\377\377 \000\000\000\000\000\000\016\377\377 \000\000\000\000\000\000\016\377\377 \000\000\000\000\000\000\016\377\377 \000\000\000\000\000\000\016\377\377 \000\000\000\000\000\000\016\377\377 \000\000\000\000\000\000\016\377\377 \000\000\000\000\000\000\016\377\377 \000\000\000\b\377\377\377\377\377\377\377\377\240\217\377\377\377\377\377\377\377\372\b\377\377\377\377\377\377\377\377\240\217\377\377\377\377\377\377\377\364\002DDDDE\377\377\370\000\000\000\000\000\000\317\377\374\000\000\000\000\000\000\217\377\377 \000\000\000\000\000O\377\377`\000\000\000\000\000\036\377\377\260\000\000\000\000\000\013\377\377\341\000\000\000\000\000\007\377\377\364\000\000\000\000\000\003\377\377\371\000\000\000\000\000\000\337\377\375\000\000\000\000\000\000\257\377\377 \000\000\000\000\000_\377\377p\000\000\000\000\000/\377\377\260\000\000\000\000\000\f\377\377\341\000\000\000\000\000\b\377\377\364\000\000\000\000\000\004\377\377\374DDDDD!\357\377\377\377\377\377\377\377\373_\377\377\377\377\377\377\377\377\265\377\377\377\377\377\377\377\377\373_\377\377\377\377\377\377\377\377\260"
	.size	glyph_bitmap, 7820

	.type	cmaps,%object                   @ @cmaps
	.section	.rodata.cmaps,"a",%progbits
	.p2align	2
cmaps:
	.long	45                              @ 0x2d
	.short	14                              @ 0xe
	.short	1                               @ 0x1
	.long	0
	.long	glyph_id_ofs_list_0
	.short	14                              @ 0xe
	.byte	0                               @ 0x0
	.zero	1
	.long	65                              @ 0x41
	.short	26                              @ 0x1a
	.short	14                              @ 0xe
	.long	0
	.long	0
	.short	0                               @ 0x0
	.byte	2                               @ 0x2
	.zero	1
	.size	cmaps, 40

	.type	font_dsc,%object                @ @font_dsc
	.section	.data.font_dsc,"aw",%progbits
	.p2align	2
font_dsc:
	.long	glyph_bitmap
	.long	glyph_dsc
	.long	cmaps
	.long	0
	.short	0                               @ 0x0
	.byte	2                               @ 0x2
	.byte	8                               @ 0x8
	.long	0                               @ 0x0
	.long	0                               @ 0x0
	.size	font_dsc, 28

	.type	glyph_dsc,%object               @ @glyph_dsc
	.section	.rodata.glyph_dsc,"a",%progbits
	.p2align	2
glyph_dsc:
	.zero	8
	.byte	0                               @ 0x0
	.byte	0                               @ 0x0
	.byte	240                             @ 0xf0
	.byte	12                              @ 0xc
	.byte	9                               @ 0x9
	.byte	4                               @ 0x4
	.byte	2                               @ 0x2
	.byte	7                               @ 0x7
	.byte	18                              @ 0x12
	.byte	0                               @ 0x0
	.byte	176                             @ 0xb0
	.byte	8                               @ 0x8
	.byte	7                               @ 0x7
	.byte	6                               @ 0x6
	.byte	1                               @ 0x1
	.byte	0                               @ 0x0
	.byte	39                              @ 0x27
	.byte	0                               @ 0x0
	.byte	112                             @ 0x70
	.byte	18                              @ 0x12
	.byte	17                              @ 0x11
	.byte	23                              @ 0x17
	.byte	1                               @ 0x1
	.byte	0                               @ 0x0
	.byte	235                             @ 0xeb
	.byte	0                               @ 0x0
	.byte	112                             @ 0x70
	.byte	18                              @ 0x12
	.byte	10                              @ 0xa
	.byte	24                              @ 0x18
	.byte	3                               @ 0x3
	.byte	0                               @ 0x0
	.byte	99                              @ 0x63
	.byte	1                               @ 0x1
	.byte	112                             @ 0x70
	.byte	18                              @ 0x12
	.byte	16                              @ 0x10
	.byte	23                              @ 0x17
	.byte	1                               @ 0x1
	.byte	0                               @ 0x0
	.byte	27                              @ 0x1b
	.byte	2                               @ 0x2
	.byte	112                             @ 0x70
	.byte	18                              @ 0x12
	.byte	16                              @ 0x10
	.byte	23                              @ 0x17
	.byte	1                               @ 0x1
	.byte	0                               @ 0x0
	.byte	211                             @ 0xd3
	.byte	2                               @ 0x2
	.byte	112                             @ 0x70
	.byte	18                              @ 0x12
	.byte	18                              @ 0x12
	.byte	23                              @ 0x17
	.byte	0                               @ 0x0
	.byte	0                               @ 0x0
	.byte	162                             @ 0xa2
	.byte	3                               @ 0x3
	.byte	112                             @ 0x70
	.byte	18                              @ 0x12
	.byte	15                              @ 0xf
	.byte	23                              @ 0x17
	.byte	2                               @ 0x2
	.byte	0                               @ 0x0
	.byte	79                              @ 0x4f
	.byte	4                               @ 0x4
	.byte	112                             @ 0x70
	.byte	18                              @ 0x12
	.byte	17                              @ 0x11
	.byte	23                              @ 0x17
	.byte	1                               @ 0x1
	.byte	0                               @ 0x0
	.byte	19                              @ 0x13
	.byte	5                               @ 0x5
	.byte	112                             @ 0x70
	.byte	18                              @ 0x12
	.byte	17                              @ 0x11
	.byte	23                              @ 0x17
	.byte	1                               @ 0x1
	.byte	0                               @ 0x0
	.byte	215                             @ 0xd7
	.byte	5                               @ 0x5
	.byte	112                             @ 0x70
	.byte	18                              @ 0x12
	.byte	17                              @ 0x11
	.byte	23                              @ 0x17
	.byte	1                               @ 0x1
	.byte	0                               @ 0x0
	.byte	155                             @ 0x9b
	.byte	6                               @ 0x6
	.byte	112                             @ 0x70
	.byte	18                              @ 0x12
	.byte	16                              @ 0x10
	.byte	23                              @ 0x17
	.byte	1                               @ 0x1
	.byte	0                               @ 0x0
	.byte	83                              @ 0x53
	.byte	7                               @ 0x7
	.byte	176                             @ 0xb0
	.byte	8                               @ 0x8
	.byte	7                               @ 0x7
	.byte	17                              @ 0x11
	.byte	1                               @ 0x1
	.byte	0                               @ 0x0
	.byte	143                             @ 0x8f
	.byte	7                               @ 0x7
	.byte	128                             @ 0x80
	.byte	22                              @ 0x16
	.byte	23                              @ 0x17
	.byte	23                              @ 0x17
	.byte	0                               @ 0x0
	.byte	0                               @ 0x0
	.byte	152                             @ 0x98
	.byte	8                               @ 0x8
	.byte	128                             @ 0x80
	.byte	20                              @ 0x14
	.byte	18                              @ 0x12
	.byte	23                              @ 0x17
	.byte	2                               @ 0x2
	.byte	0                               @ 0x0
	.byte	103                             @ 0x67
	.byte	9                               @ 0x9
	.byte	0                               @ 0x0
	.byte	20                              @ 0x14
	.byte	18                              @ 0x12
	.byte	23                              @ 0x17
	.byte	1                               @ 0x1
	.byte	0                               @ 0x0
	.byte	54                              @ 0x36
	.byte	10                              @ 0xa
	.byte	160                             @ 0xa0
	.byte	23                              @ 0x17
	.byte	21                              @ 0x15
	.byte	23                              @ 0x17
	.byte	2                               @ 0x2
	.byte	0                               @ 0x0
	.byte	40                              @ 0x28
	.byte	11                              @ 0xb
	.byte	16                              @ 0x10
	.byte	17                              @ 0x11
	.byte	14                              @ 0xe
	.byte	23                              @ 0x17
	.byte	2                               @ 0x2
	.byte	0                               @ 0x0
	.byte	201                             @ 0xc9
	.byte	11                              @ 0xb
	.byte	160                             @ 0xa0
	.byte	16                              @ 0x10
	.byte	14                              @ 0xe
	.byte	23                              @ 0x17
	.byte	2                               @ 0x2
	.byte	0                               @ 0x0
	.byte	106                             @ 0x6a
	.byte	12                              @ 0xc
	.byte	192                             @ 0xc0
	.byte	22                              @ 0x16
	.byte	20                              @ 0x14
	.byte	23                              @ 0x17
	.byte	1                               @ 0x1
	.byte	0                               @ 0x0
	.byte	80                              @ 0x50
	.byte	13                              @ 0xd
	.byte	128                             @ 0x80
	.byte	24                              @ 0x18
	.byte	20                              @ 0x14
	.byte	23                              @ 0x17
	.byte	2                               @ 0x2
	.byte	0                               @ 0x0
	.byte	54                              @ 0x36
	.byte	14                              @ 0xe
	.byte	32                              @ 0x20
	.byte	10                              @ 0xa
	.byte	10                              @ 0xa
	.byte	23                              @ 0x17
	.byte	0                               @ 0x0
	.byte	0                               @ 0x0
	.byte	169                             @ 0xa9
	.byte	14                              @ 0xe
	.byte	64                              @ 0x40
	.byte	14                              @ 0xe
	.byte	12                              @ 0xc
	.byte	23                              @ 0x17
	.byte	0                               @ 0x0
	.byte	0                               @ 0x0
	.byte	51                              @ 0x33
	.byte	15                              @ 0xf
	.byte	192                             @ 0xc0
	.byte	20                              @ 0x14
	.byte	20                              @ 0x14
	.byte	23                              @ 0x17
	.byte	2                               @ 0x2
	.byte	0                               @ 0x0
	.byte	25                              @ 0x19
	.byte	16                              @ 0x10
	.byte	96                              @ 0x60
	.byte	16                              @ 0x10
	.byte	14                              @ 0xe
	.byte	23                              @ 0x17
	.byte	2                               @ 0x2
	.byte	0                               @ 0x0
	.byte	186                             @ 0xba
	.byte	16                              @ 0x10
	.byte	160                             @ 0xa0
	.byte	30                              @ 0x1e
	.byte	27                              @ 0x1b
	.byte	23                              @ 0x17
	.byte	2                               @ 0x2
	.byte	0                               @ 0x0
	.byte	241                             @ 0xf1
	.byte	17                              @ 0x11
	.byte	80                              @ 0x50
	.byte	25                              @ 0x19
	.byte	21                              @ 0x15
	.byte	23                              @ 0x17
	.byte	2                               @ 0x2
	.byte	0                               @ 0x0
	.byte	227                             @ 0xe3
	.byte	18                              @ 0x12
	.byte	64                              @ 0x40
	.byte	24                              @ 0x18
	.byte	23                              @ 0x17
	.byte	23                              @ 0x17
	.byte	1                               @ 0x1
	.byte	0                               @ 0x0
	.byte	236                             @ 0xec
	.byte	19                              @ 0x13
	.byte	176                             @ 0xb0
	.byte	19                              @ 0x13
	.byte	17                              @ 0x11
	.byte	23                              @ 0x17
	.byte	2                               @ 0x2
	.byte	0                               @ 0x0
	.byte	176                             @ 0xb0
	.byte	20                              @ 0x14
	.byte	64                              @ 0x40
	.byte	24                              @ 0x18
	.byte	24                              @ 0x18
	.byte	30                              @ 0x1e
	.byte	1                               @ 0x1
	.byte	249                             @ 0xf9
	.byte	24                              @ 0x18
	.byte	22                              @ 0x16
	.byte	224                             @ 0xe0
	.byte	20                              @ 0x14
	.byte	20                              @ 0x14
	.byte	23                              @ 0x17
	.byte	2                               @ 0x2
	.byte	0                               @ 0x0
	.byte	254                             @ 0xfe
	.byte	22                              @ 0x16
	.byte	240                             @ 0xf0
	.byte	17                              @ 0x11
	.byte	16                              @ 0x10
	.byte	23                              @ 0x17
	.byte	1                               @ 0x1
	.byte	0                               @ 0x0
	.byte	182                             @ 0xb6
	.byte	23                              @ 0x17
	.byte	192                             @ 0xc0
	.byte	18                              @ 0x12
	.byte	19                              @ 0x13
	.byte	23                              @ 0x17
	.byte	0                               @ 0x0
	.byte	0                               @ 0x0
	.byte	145                             @ 0x91
	.byte	24                              @ 0x18
	.byte	32                              @ 0x20
	.byte	23                              @ 0x17
	.byte	19                              @ 0x13
	.byte	23                              @ 0x17
	.byte	2                               @ 0x2
	.byte	0                               @ 0x0
	.byte	108                             @ 0x6c
	.byte	25                              @ 0x19
	.byte	96                              @ 0x60
	.byte	21                              @ 0x15
	.byte	22                              @ 0x16
	.byte	23                              @ 0x17
	.byte	0                               @ 0x0
	.byte	0                               @ 0x0
	.byte	105                             @ 0x69
	.byte	26                              @ 0x1a
	.byte	48                              @ 0x30
	.byte	32                              @ 0x20
	.byte	32                              @ 0x20
	.byte	23                              @ 0x17
	.byte	0                               @ 0x0
	.byte	0                               @ 0x0
	.byte	217                             @ 0xd9
	.byte	27                              @ 0x1b
	.byte	0                               @ 0x0
	.byte	21                              @ 0x15
	.byte	21                              @ 0x15
	.byte	23                              @ 0x17
	.byte	0                               @ 0x0
	.byte	0                               @ 0x0
	.byte	203                             @ 0xcb
	.byte	28                              @ 0x1c
	.byte	112                             @ 0x70
	.byte	19                              @ 0x13
	.byte	20                              @ 0x14
	.byte	23                              @ 0x17
	.byte	0                               @ 0x0
	.byte	0                               @ 0x0
	.byte	177                             @ 0xb1
	.byte	29                              @ 0x1d
	.byte	112                             @ 0x70
	.byte	19                              @ 0x13
	.byte	19                              @ 0x13
	.byte	23                              @ 0x17
	.byte	0                               @ 0x0
	.byte	0                               @ 0x0
	.size	glyph_dsc, 320

	.type	glyph_id_ofs_list_0,%object     @ @glyph_id_ofs_list_0
	.section	.rodata.glyph_id_ofs_list_0,"a",%progbits
glyph_id_ofs_list_0:
	.ascii	"\000\001\000\002\003\004\005\006\007\b\t\n\013\f"
	.size	glyph_id_ofs_list_0, 14

	.section	.debug_abbrev,"",%progbits
	.byte	1                               @ Abbreviation Code
	.byte	17                              @ DW_TAG_compile_unit
	.byte	1                               @ DW_CHILDREN_yes
	.byte	37                              @ DW_AT_producer
	.byte	14                              @ DW_FORM_strp
	.byte	19                              @ DW_AT_language
	.byte	5                               @ DW_FORM_data2
	.byte	3                               @ DW_AT_name
	.byte	14                              @ DW_FORM_strp
	.byte	16                              @ DW_AT_stmt_list
	.byte	6                               @ DW_FORM_data4
	.byte	27                              @ DW_AT_comp_dir
	.byte	14                              @ DW_FORM_strp
	.byte	0                               @ EOM(1)
	.byte	0                               @ EOM(2)
	.byte	2                               @ Abbreviation Code
	.byte	52                              @ DW_TAG_variable
	.byte	0                               @ DW_CHILDREN_no
	.byte	3                               @ DW_AT_name
	.byte	14                              @ DW_FORM_strp
	.byte	73                              @ DW_AT_type
	.byte	19                              @ DW_FORM_ref4
	.byte	63                              @ DW_AT_external
	.byte	12                              @ DW_FORM_flag
	.byte	58                              @ DW_AT_decl_file
	.byte	11                              @ DW_FORM_data1
	.byte	59                              @ DW_AT_decl_line
	.byte	5                               @ DW_FORM_data2
	.byte	2                               @ DW_AT_location
	.byte	10                              @ DW_FORM_block1
	.byte	0                               @ EOM(1)
	.byte	0                               @ EOM(2)
	.byte	3                               @ Abbreviation Code
	.byte	22                              @ DW_TAG_typedef
	.byte	0                               @ DW_CHILDREN_no
	.byte	73                              @ DW_AT_type
	.byte	19                              @ DW_FORM_ref4
	.byte	3                               @ DW_AT_name
	.byte	14                              @ DW_FORM_strp
	.byte	58                              @ DW_AT_decl_file
	.byte	11                              @ DW_FORM_data1
	.byte	59                              @ DW_AT_decl_line
	.byte	11                              @ DW_FORM_data1
	.byte	0                               @ EOM(1)
	.byte	0                               @ EOM(2)
	.byte	4                               @ Abbreviation Code
	.byte	19                              @ DW_TAG_structure_type
	.byte	1                               @ DW_CHILDREN_yes
	.byte	3                               @ DW_AT_name
	.byte	14                              @ DW_FORM_strp
	.byte	11                              @ DW_AT_byte_size
	.byte	11                              @ DW_FORM_data1
	.byte	58                              @ DW_AT_decl_file
	.byte	11                              @ DW_FORM_data1
	.byte	59                              @ DW_AT_decl_line
	.byte	11                              @ DW_FORM_data1
	.byte	0                               @ EOM(1)
	.byte	0                               @ EOM(2)
	.byte	5                               @ Abbreviation Code
	.byte	13                              @ DW_TAG_member
	.byte	0                               @ DW_CHILDREN_no
	.byte	3                               @ DW_AT_name
	.byte	14                              @ DW_FORM_strp
	.byte	73                              @ DW_AT_type
	.byte	19                              @ DW_FORM_ref4
	.byte	58                              @ DW_AT_decl_file
	.byte	11                              @ DW_FORM_data1
	.byte	59                              @ DW_AT_decl_line
	.byte	11                              @ DW_FORM_data1
	.byte	56                              @ DW_AT_data_member_location
	.byte	11                              @ DW_FORM_data1
	.byte	0                               @ EOM(1)
	.byte	0                               @ EOM(2)
	.byte	6                               @ Abbreviation Code
	.byte	13                              @ DW_TAG_member
	.byte	0                               @ DW_CHILDREN_no
	.byte	3                               @ DW_AT_name
	.byte	14                              @ DW_FORM_strp
	.byte	73                              @ DW_AT_type
	.byte	19                              @ DW_FORM_ref4
	.byte	58                              @ DW_AT_decl_file
	.byte	11                              @ DW_FORM_data1
	.byte	59                              @ DW_AT_decl_line
	.byte	11                              @ DW_FORM_data1
	.byte	11                              @ DW_AT_byte_size
	.byte	11                              @ DW_FORM_data1
	.byte	13                              @ DW_AT_bit_size
	.byte	11                              @ DW_FORM_data1
	.byte	12                              @ DW_AT_bit_offset
	.byte	11                              @ DW_FORM_data1
	.byte	56                              @ DW_AT_data_member_location
	.byte	11                              @ DW_FORM_data1
	.byte	0                               @ EOM(1)
	.byte	0                               @ EOM(2)
	.byte	7                               @ Abbreviation Code
	.byte	15                              @ DW_TAG_pointer_type
	.byte	0                               @ DW_CHILDREN_no
	.byte	73                              @ DW_AT_type
	.byte	19                              @ DW_FORM_ref4
	.byte	0                               @ EOM(1)
	.byte	0                               @ EOM(2)
	.byte	8                               @ Abbreviation Code
	.byte	21                              @ DW_TAG_subroutine_type
	.byte	1                               @ DW_CHILDREN_yes
	.byte	73                              @ DW_AT_type
	.byte	19                              @ DW_FORM_ref4
	.byte	39                              @ DW_AT_prototyped
	.byte	12                              @ DW_FORM_flag
	.byte	0                               @ EOM(1)
	.byte	0                               @ EOM(2)
	.byte	9                               @ Abbreviation Code
	.byte	5                               @ DW_TAG_formal_parameter
	.byte	0                               @ DW_CHILDREN_no
	.byte	73                              @ DW_AT_type
	.byte	19                              @ DW_FORM_ref4
	.byte	0                               @ EOM(1)
	.byte	0                               @ EOM(2)
	.byte	10                              @ Abbreviation Code
	.byte	36                              @ DW_TAG_base_type
	.byte	0                               @ DW_CHILDREN_no
	.byte	3                               @ DW_AT_name
	.byte	14                              @ DW_FORM_strp
	.byte	62                              @ DW_AT_encoding
	.byte	11                              @ DW_FORM_data1
	.byte	11                              @ DW_AT_byte_size
	.byte	11                              @ DW_FORM_data1
	.byte	0                               @ EOM(1)
	.byte	0                               @ EOM(2)
	.byte	11                              @ Abbreviation Code
	.byte	38                              @ DW_TAG_const_type
	.byte	0                               @ DW_CHILDREN_no
	.byte	73                              @ DW_AT_type
	.byte	19                              @ DW_FORM_ref4
	.byte	0                               @ EOM(1)
	.byte	0                               @ EOM(2)
	.byte	12                              @ Abbreviation Code
	.byte	19                              @ DW_TAG_structure_type
	.byte	1                               @ DW_CHILDREN_yes
	.byte	11                              @ DW_AT_byte_size
	.byte	11                              @ DW_FORM_data1
	.byte	58                              @ DW_AT_decl_file
	.byte	11                              @ DW_FORM_data1
	.byte	59                              @ DW_AT_decl_line
	.byte	11                              @ DW_FORM_data1
	.byte	0                               @ EOM(1)
	.byte	0                               @ EOM(2)
	.byte	13                              @ Abbreviation Code
	.byte	15                              @ DW_TAG_pointer_type
	.byte	0                               @ DW_CHILDREN_no
	.byte	0                               @ EOM(1)
	.byte	0                               @ EOM(2)
	.byte	14                              @ Abbreviation Code
	.byte	52                              @ DW_TAG_variable
	.byte	0                               @ DW_CHILDREN_no
	.byte	3                               @ DW_AT_name
	.byte	14                              @ DW_FORM_strp
	.byte	73                              @ DW_AT_type
	.byte	19                              @ DW_FORM_ref4
	.byte	58                              @ DW_AT_decl_file
	.byte	11                              @ DW_FORM_data1
	.byte	59                              @ DW_AT_decl_line
	.byte	5                               @ DW_FORM_data2
	.byte	2                               @ DW_AT_location
	.byte	10                              @ DW_FORM_block1
	.byte	0                               @ EOM(1)
	.byte	0                               @ EOM(2)
	.byte	15                              @ Abbreviation Code
	.byte	38                              @ DW_TAG_const_type
	.byte	0                               @ DW_CHILDREN_no
	.byte	0                               @ EOM(1)
	.byte	0                               @ EOM(2)
	.byte	16                              @ Abbreviation Code
	.byte	52                              @ DW_TAG_variable
	.byte	0                               @ DW_CHILDREN_no
	.byte	3                               @ DW_AT_name
	.byte	14                              @ DW_FORM_strp
	.byte	73                              @ DW_AT_type
	.byte	19                              @ DW_FORM_ref4
	.byte	58                              @ DW_AT_decl_file
	.byte	11                              @ DW_FORM_data1
	.byte	59                              @ DW_AT_decl_line
	.byte	11                              @ DW_FORM_data1
	.byte	2                               @ DW_AT_location
	.byte	10                              @ DW_FORM_block1
	.byte	0                               @ EOM(1)
	.byte	0                               @ EOM(2)
	.byte	17                              @ Abbreviation Code
	.byte	1                               @ DW_TAG_array_type
	.byte	1                               @ DW_CHILDREN_yes
	.byte	73                              @ DW_AT_type
	.byte	19                              @ DW_FORM_ref4
	.byte	0                               @ EOM(1)
	.byte	0                               @ EOM(2)
	.byte	18                              @ Abbreviation Code
	.byte	33                              @ DW_TAG_subrange_type
	.byte	0                               @ DW_CHILDREN_no
	.byte	73                              @ DW_AT_type
	.byte	19                              @ DW_FORM_ref4
	.byte	55                              @ DW_AT_count
	.byte	5                               @ DW_FORM_data2
	.byte	0                               @ EOM(1)
	.byte	0                               @ EOM(2)
	.byte	19                              @ Abbreviation Code
	.byte	36                              @ DW_TAG_base_type
	.byte	0                               @ DW_CHILDREN_no
	.byte	3                               @ DW_AT_name
	.byte	14                              @ DW_FORM_strp
	.byte	11                              @ DW_AT_byte_size
	.byte	11                              @ DW_FORM_data1
	.byte	62                              @ DW_AT_encoding
	.byte	11                              @ DW_FORM_data1
	.byte	0                               @ EOM(1)
	.byte	0                               @ EOM(2)
	.byte	20                              @ Abbreviation Code
	.byte	33                              @ DW_TAG_subrange_type
	.byte	0                               @ DW_CHILDREN_no
	.byte	73                              @ DW_AT_type
	.byte	19                              @ DW_FORM_ref4
	.byte	55                              @ DW_AT_count
	.byte	11                              @ DW_FORM_data1
	.byte	0                               @ EOM(1)
	.byte	0                               @ EOM(2)
	.byte	0                               @ EOM(3)
	.section	.debug_info,"",%progbits
.Lcu_begin0:
	.long	.Ldebug_info_end0-.Ldebug_info_start0 @ Length of Unit
.Ldebug_info_start0:
	.short	3                               @ DWARF version number
	.long	.debug_abbrev                   @ Offset Into Abbrev. Section
	.byte	4                               @ Address Size (in bytes)
	.byte	1                               @ Abbrev [1] 0xb:0x3d4 DW_TAG_compile_unit
	.long	.Linfo_string0                  @ DW_AT_producer
	.short	12                              @ DW_AT_language
	.long	.Linfo_string1                  @ DW_AT_name
	.long	.Lline_table_start0             @ DW_AT_stmt_list
	.long	.Linfo_string2                  @ DW_AT_comp_dir
	.byte	2                               @ Abbrev [2] 0x1e:0x13 DW_TAG_variable
	.long	.Linfo_string3                  @ DW_AT_name
	.long	49                              @ DW_AT_type
	.byte	1                               @ DW_AT_external
	.byte	4                               @ DW_AT_decl_file
	.short	1204                            @ DW_AT_decl_line
	.byte	5                               @ DW_AT_location
	.byte	3
	.long	ebrimabd_font
	.byte	3                               @ Abbrev [3] 0x31:0xb DW_TAG_typedef
	.long	60                              @ DW_AT_type
	.long	.Linfo_string32                 @ DW_AT_name
	.byte	2                               @ DW_AT_decl_file
	.byte	77                              @ DW_AT_decl_line
	.byte	4                               @ Abbrev [4] 0x3c:0x6c DW_TAG_structure_type
	.long	.Linfo_string31                 @ DW_AT_name
	.byte	20                              @ DW_AT_byte_size
	.byte	2                               @ DW_AT_decl_file
	.byte	57                              @ DW_AT_decl_line
	.byte	5                               @ Abbrev [5] 0x44:0xc DW_TAG_member
	.long	.Linfo_string4                  @ DW_AT_name
	.long	168                             @ DW_AT_type
	.byte	2                               @ DW_AT_decl_file
	.byte	59                              @ DW_AT_decl_line
	.byte	0                               @ DW_AT_data_member_location
	.byte	5                               @ Abbrev [5] 0x50:0xc DW_TAG_member
	.long	.Linfo_string21                 @ DW_AT_name
	.long	382                             @ DW_AT_type
	.byte	2                               @ DW_AT_decl_file
	.byte	62                              @ DW_AT_decl_line
	.byte	4                               @ DW_AT_data_member_location
	.byte	5                               @ Abbrev [5] 0x5c:0xc DW_TAG_member
	.long	.Linfo_string22                 @ DW_AT_name
	.long	414                             @ DW_AT_type
	.byte	2                               @ DW_AT_decl_file
	.byte	65                              @ DW_AT_decl_line
	.byte	8                               @ DW_AT_data_member_location
	.byte	5                               @ Abbrev [5] 0x68:0xc DW_TAG_member
	.long	.Linfo_string24                 @ DW_AT_name
	.long	414                             @ DW_AT_type
	.byte	2                               @ DW_AT_decl_file
	.byte	66                              @ DW_AT_decl_line
	.byte	10                              @ DW_AT_data_member_location
	.byte	6                               @ Abbrev [6] 0x74:0xf DW_TAG_member
	.long	.Linfo_string25                 @ DW_AT_name
	.long	346                             @ DW_AT_type
	.byte	2                               @ DW_AT_decl_file
	.byte	67                              @ DW_AT_decl_line
	.byte	1                               @ DW_AT_byte_size
	.byte	2                               @ DW_AT_bit_size
	.byte	6                               @ DW_AT_bit_offset
	.byte	12                              @ DW_AT_data_member_location
	.byte	5                               @ Abbrev [5] 0x83:0xc DW_TAG_member
	.long	.Linfo_string26                 @ DW_AT_name
	.long	425                             @ DW_AT_type
	.byte	2                               @ DW_AT_decl_file
	.byte	69                              @ DW_AT_decl_line
	.byte	13                              @ DW_AT_data_member_location
	.byte	5                               @ Abbrev [5] 0x8f:0xc DW_TAG_member
	.long	.Linfo_string29                 @ DW_AT_name
	.long	425                             @ DW_AT_type
	.byte	2                               @ DW_AT_decl_file
	.byte	70                              @ DW_AT_decl_line
	.byte	14                              @ DW_AT_data_member_location
	.byte	5                               @ Abbrev [5] 0x9b:0xc DW_TAG_member
	.long	.Linfo_string30                 @ DW_AT_name
	.long	443                             @ DW_AT_type
	.byte	2                               @ DW_AT_decl_file
	.byte	72                              @ DW_AT_decl_line
	.byte	16                              @ DW_AT_data_member_location
	.byte	0                               @ End Of Children Mark
	.byte	7                               @ Abbrev [7] 0xa8:0x5 DW_TAG_pointer_type
	.long	173                             @ DW_AT_type
	.byte	8                               @ Abbrev [8] 0xad:0x1b DW_TAG_subroutine_type
	.long	200                             @ DW_AT_type
	.byte	1                               @ DW_AT_prototyped
	.byte	9                               @ Abbrev [9] 0xb3:0x5 DW_TAG_formal_parameter
	.long	207                             @ DW_AT_type
	.byte	9                               @ Abbrev [9] 0xb8:0x5 DW_TAG_formal_parameter
	.long	217                             @ DW_AT_type
	.byte	9                               @ Abbrev [9] 0xbd:0x5 DW_TAG_formal_parameter
	.long	364                             @ DW_AT_type
	.byte	9                               @ Abbrev [9] 0xc2:0x5 DW_TAG_formal_parameter
	.long	364                             @ DW_AT_type
	.byte	0                               @ End Of Children Mark
	.byte	10                              @ Abbrev [10] 0xc8:0x7 DW_TAG_base_type
	.long	.Linfo_string5                  @ DW_AT_name
	.byte	2                               @ DW_AT_encoding
	.byte	1                               @ DW_AT_byte_size
	.byte	7                               @ Abbrev [7] 0xcf:0x5 DW_TAG_pointer_type
	.long	212                             @ DW_AT_type
	.byte	11                              @ Abbrev [11] 0xd4:0x5 DW_TAG_const_type
	.long	60                              @ DW_AT_type
	.byte	7                               @ Abbrev [7] 0xd9:0x5 DW_TAG_pointer_type
	.long	222                             @ DW_AT_type
	.byte	3                               @ Abbrev [3] 0xde:0xb DW_TAG_typedef
	.long	233                             @ DW_AT_type
	.long	.Linfo_string18                 @ DW_AT_name
	.byte	2                               @ DW_AT_decl_file
	.byte	44                              @ DW_AT_decl_line
	.byte	12                              @ Abbrev [12] 0xe9:0x4d DW_TAG_structure_type
	.byte	12                              @ DW_AT_byte_size
	.byte	2                               @ DW_AT_decl_file
	.byte	37                              @ DW_AT_decl_line
	.byte	5                               @ Abbrev [5] 0xed:0xc DW_TAG_member
	.long	.Linfo_string6                  @ DW_AT_name
	.long	310                             @ DW_AT_type
	.byte	2                               @ DW_AT_decl_file
	.byte	38                              @ DW_AT_decl_line
	.byte	0                               @ DW_AT_data_member_location
	.byte	5                               @ Abbrev [5] 0xf9:0xc DW_TAG_member
	.long	.Linfo_string9                  @ DW_AT_name
	.long	310                             @ DW_AT_type
	.byte	2                               @ DW_AT_decl_file
	.byte	39                              @ DW_AT_decl_line
	.byte	2                               @ DW_AT_data_member_location
	.byte	5                               @ Abbrev [5] 0x105:0xc DW_TAG_member
	.long	.Linfo_string10                 @ DW_AT_name
	.long	310                             @ DW_AT_type
	.byte	2                               @ DW_AT_decl_file
	.byte	40                              @ DW_AT_decl_line
	.byte	4                               @ DW_AT_data_member_location
	.byte	5                               @ Abbrev [5] 0x111:0xc DW_TAG_member
	.long	.Linfo_string11                 @ DW_AT_name
	.long	328                             @ DW_AT_type
	.byte	2                               @ DW_AT_decl_file
	.byte	41                              @ DW_AT_decl_line
	.byte	6                               @ DW_AT_data_member_location
	.byte	5                               @ Abbrev [5] 0x11d:0xc DW_TAG_member
	.long	.Linfo_string14                 @ DW_AT_name
	.long	328                             @ DW_AT_type
	.byte	2                               @ DW_AT_decl_file
	.byte	42                              @ DW_AT_decl_line
	.byte	8                               @ DW_AT_data_member_location
	.byte	5                               @ Abbrev [5] 0x129:0xc DW_TAG_member
	.long	.Linfo_string15                 @ DW_AT_name
	.long	346                             @ DW_AT_type
	.byte	2                               @ DW_AT_decl_file
	.byte	43                              @ DW_AT_decl_line
	.byte	10                              @ DW_AT_data_member_location
	.byte	0                               @ End Of Children Mark
	.byte	3                               @ Abbrev [3] 0x136:0xb DW_TAG_typedef
	.long	321                             @ DW_AT_type
	.long	.Linfo_string8                  @ DW_AT_name
	.byte	1                               @ DW_AT_decl_file
	.byte	63                              @ DW_AT_decl_line
	.byte	10                              @ Abbrev [10] 0x141:0x7 DW_TAG_base_type
	.long	.Linfo_string7                  @ DW_AT_name
	.byte	7                               @ DW_AT_encoding
	.byte	2                               @ DW_AT_byte_size
	.byte	3                               @ Abbrev [3] 0x148:0xb DW_TAG_typedef
	.long	339                             @ DW_AT_type
	.long	.Linfo_string13                 @ DW_AT_name
	.byte	1                               @ DW_AT_decl_file
	.byte	57                              @ DW_AT_decl_line
	.byte	10                              @ Abbrev [10] 0x153:0x7 DW_TAG_base_type
	.long	.Linfo_string12                 @ DW_AT_name
	.byte	5                               @ DW_AT_encoding
	.byte	2                               @ DW_AT_byte_size
	.byte	3                               @ Abbrev [3] 0x15a:0xb DW_TAG_typedef
	.long	357                             @ DW_AT_type
	.long	.Linfo_string17                 @ DW_AT_name
	.byte	1                               @ DW_AT_decl_file
	.byte	62                              @ DW_AT_decl_line
	.byte	10                              @ Abbrev [10] 0x165:0x7 DW_TAG_base_type
	.long	.Linfo_string16                 @ DW_AT_name
	.byte	8                               @ DW_AT_encoding
	.byte	1                               @ DW_AT_byte_size
	.byte	3                               @ Abbrev [3] 0x16c:0xb DW_TAG_typedef
	.long	375                             @ DW_AT_type
	.long	.Linfo_string20                 @ DW_AT_name
	.byte	1                               @ DW_AT_decl_file
	.byte	64                              @ DW_AT_decl_line
	.byte	10                              @ Abbrev [10] 0x177:0x7 DW_TAG_base_type
	.long	.Linfo_string19                 @ DW_AT_name
	.byte	7                               @ DW_AT_encoding
	.byte	4                               @ DW_AT_byte_size
	.byte	7                               @ Abbrev [7] 0x17e:0x5 DW_TAG_pointer_type
	.long	387                             @ DW_AT_type
	.byte	8                               @ Abbrev [8] 0x183:0x11 DW_TAG_subroutine_type
	.long	404                             @ DW_AT_type
	.byte	1                               @ DW_AT_prototyped
	.byte	9                               @ Abbrev [9] 0x189:0x5 DW_TAG_formal_parameter
	.long	207                             @ DW_AT_type
	.byte	9                               @ Abbrev [9] 0x18e:0x5 DW_TAG_formal_parameter
	.long	364                             @ DW_AT_type
	.byte	0                               @ End Of Children Mark
	.byte	7                               @ Abbrev [7] 0x194:0x5 DW_TAG_pointer_type
	.long	409                             @ DW_AT_type
	.byte	11                              @ Abbrev [11] 0x199:0x5 DW_TAG_const_type
	.long	346                             @ DW_AT_type
	.byte	3                               @ Abbrev [3] 0x19e:0xb DW_TAG_typedef
	.long	328                             @ DW_AT_type
	.long	.Linfo_string23                 @ DW_AT_name
	.byte	3                               @ DW_AT_decl_file
	.byte	70                              @ DW_AT_decl_line
	.byte	3                               @ Abbrev [3] 0x1a9:0xb DW_TAG_typedef
	.long	436                             @ DW_AT_type
	.long	.Linfo_string28                 @ DW_AT_name
	.byte	1                               @ DW_AT_decl_file
	.byte	56                              @ DW_AT_decl_line
	.byte	10                              @ Abbrev [10] 0x1b4:0x7 DW_TAG_base_type
	.long	.Linfo_string27                 @ DW_AT_name
	.byte	6                               @ DW_AT_encoding
	.byte	1                               @ DW_AT_byte_size
	.byte	13                              @ Abbrev [13] 0x1bb:0x1 DW_TAG_pointer_type
	.byte	14                              @ Abbrev [14] 0x1bc:0x12 DW_TAG_variable
	.long	.Linfo_string33                 @ DW_AT_name
	.long	462                             @ DW_AT_type
	.byte	4                               @ DW_AT_decl_file
	.short	1179                            @ DW_AT_decl_line
	.byte	5                               @ DW_AT_location
	.byte	3
	.long	font_dsc
	.byte	3                               @ Abbrev [3] 0x1ce:0xb DW_TAG_typedef
	.long	473                             @ DW_AT_type
	.long	.Linfo_string55                 @ DW_AT_name
	.byte	5                               @ DW_AT_decl_file
	.byte	193                             @ DW_AT_decl_line
	.byte	12                              @ Abbrev [12] 0x1d9:0x95 DW_TAG_structure_type
	.byte	28                              @ DW_AT_byte_size
	.byte	5                               @ DW_AT_decl_file
	.byte	154                             @ DW_AT_decl_line
	.byte	5                               @ Abbrev [5] 0x1dd:0xc DW_TAG_member
	.long	.Linfo_string34                 @ DW_AT_name
	.long	404                             @ DW_AT_type
	.byte	5                               @ DW_AT_decl_file
	.byte	156                             @ DW_AT_decl_line
	.byte	0                               @ DW_AT_data_member_location
	.byte	5                               @ Abbrev [5] 0x1e9:0xc DW_TAG_member
	.long	.Linfo_string35                 @ DW_AT_name
	.long	622                             @ DW_AT_type
	.byte	5                               @ DW_AT_decl_file
	.byte	159                             @ DW_AT_decl_line
	.byte	4                               @ DW_AT_data_member_location
	.byte	5                               @ Abbrev [5] 0x1f5:0xc DW_TAG_member
	.long	.Linfo_string38                 @ DW_AT_name
	.long	726                             @ DW_AT_type
	.byte	5                               @ DW_AT_decl_file
	.byte	163                             @ DW_AT_decl_line
	.byte	8                               @ DW_AT_data_member_location
	.byte	5                               @ Abbrev [5] 0x201:0xc DW_TAG_member
	.long	.Linfo_string48                 @ DW_AT_name
	.long	846                             @ DW_AT_type
	.byte	5                               @ DW_AT_decl_file
	.byte	169                             @ DW_AT_decl_line
	.byte	12                              @ DW_AT_data_member_location
	.byte	5                               @ Abbrev [5] 0x20d:0xc DW_TAG_member
	.long	.Linfo_string49                 @ DW_AT_name
	.long	310                             @ DW_AT_type
	.byte	5                               @ DW_AT_decl_file
	.byte	172                             @ DW_AT_decl_line
	.byte	16                              @ DW_AT_data_member_location
	.byte	6                               @ Abbrev [6] 0x219:0xf DW_TAG_member
	.long	.Linfo_string50                 @ DW_AT_name
	.long	310                             @ DW_AT_type
	.byte	5                               @ DW_AT_decl_file
	.byte	175                             @ DW_AT_decl_line
	.byte	2                               @ DW_AT_byte_size
	.byte	9                               @ DW_AT_bit_size
	.byte	7                               @ DW_AT_bit_offset
	.byte	18                              @ DW_AT_data_member_location
	.byte	6                               @ Abbrev [6] 0x228:0xf DW_TAG_member
	.long	.Linfo_string15                 @ DW_AT_name
	.long	310                             @ DW_AT_type
	.byte	5                               @ DW_AT_decl_file
	.byte	178                             @ DW_AT_decl_line
	.byte	2                               @ DW_AT_byte_size
	.byte	4                               @ DW_AT_bit_size
	.byte	3                               @ DW_AT_bit_offset
	.byte	18                              @ DW_AT_data_member_location
	.byte	6                               @ Abbrev [6] 0x237:0xf DW_TAG_member
	.long	.Linfo_string51                 @ DW_AT_name
	.long	310                             @ DW_AT_type
	.byte	5                               @ DW_AT_decl_file
	.byte	181                             @ DW_AT_decl_line
	.byte	2                               @ DW_AT_byte_size
	.byte	1                               @ DW_AT_bit_size
	.byte	2                               @ DW_AT_bit_offset
	.byte	18                              @ DW_AT_data_member_location
	.byte	6                               @ Abbrev [6] 0x246:0xf DW_TAG_member
	.long	.Linfo_string52                 @ DW_AT_name
	.long	310                             @ DW_AT_type
	.byte	5                               @ DW_AT_decl_file
	.byte	187                             @ DW_AT_decl_line
	.byte	2                               @ DW_AT_byte_size
	.byte	2                               @ DW_AT_bit_size
	.byte	0                               @ DW_AT_bit_offset
	.byte	18                              @ DW_AT_data_member_location
	.byte	5                               @ Abbrev [5] 0x255:0xc DW_TAG_member
	.long	.Linfo_string53                 @ DW_AT_name
	.long	364                             @ DW_AT_type
	.byte	5                               @ DW_AT_decl_file
	.byte	190                             @ DW_AT_decl_line
	.byte	20                              @ DW_AT_data_member_location
	.byte	5                               @ Abbrev [5] 0x261:0xc DW_TAG_member
	.long	.Linfo_string54                 @ DW_AT_name
	.long	364                             @ DW_AT_type
	.byte	5                               @ DW_AT_decl_file
	.byte	191                             @ DW_AT_decl_line
	.byte	24                              @ DW_AT_data_member_location
	.byte	0                               @ End Of Children Mark
	.byte	7                               @ Abbrev [7] 0x26e:0x5 DW_TAG_pointer_type
	.long	627                             @ DW_AT_type
	.byte	11                              @ Abbrev [11] 0x273:0x5 DW_TAG_const_type
	.long	632                             @ DW_AT_type
	.byte	3                               @ Abbrev [3] 0x278:0xb DW_TAG_typedef
	.long	643                             @ DW_AT_type
	.long	.Linfo_string37                 @ DW_AT_name
	.byte	5                               @ DW_AT_decl_file
	.byte	46                              @ DW_AT_decl_line
	.byte	12                              @ Abbrev [12] 0x283:0x53 DW_TAG_structure_type
	.byte	8                               @ DW_AT_byte_size
	.byte	5                               @ DW_AT_decl_file
	.byte	30                              @ DW_AT_decl_line
	.byte	6                               @ Abbrev [6] 0x287:0xf DW_TAG_member
	.long	.Linfo_string36                 @ DW_AT_name
	.long	364                             @ DW_AT_type
	.byte	5                               @ DW_AT_decl_file
	.byte	32                              @ DW_AT_decl_line
	.byte	4                               @ DW_AT_byte_size
	.byte	20                              @ DW_AT_bit_size
	.byte	12                              @ DW_AT_bit_offset
	.byte	0                               @ DW_AT_data_member_location
	.byte	6                               @ Abbrev [6] 0x296:0xf DW_TAG_member
	.long	.Linfo_string6                  @ DW_AT_name
	.long	364                             @ DW_AT_type
	.byte	5                               @ DW_AT_decl_file
	.byte	33                              @ DW_AT_decl_line
	.byte	4                               @ DW_AT_byte_size
	.byte	12                              @ DW_AT_bit_size
	.byte	0                               @ DW_AT_bit_offset
	.byte	0                               @ DW_AT_data_member_location
	.byte	5                               @ Abbrev [5] 0x2a5:0xc DW_TAG_member
	.long	.Linfo_string9                  @ DW_AT_name
	.long	346                             @ DW_AT_type
	.byte	5                               @ DW_AT_decl_file
	.byte	34                              @ DW_AT_decl_line
	.byte	4                               @ DW_AT_data_member_location
	.byte	5                               @ Abbrev [5] 0x2b1:0xc DW_TAG_member
	.long	.Linfo_string10                 @ DW_AT_name
	.long	346                             @ DW_AT_type
	.byte	5                               @ DW_AT_decl_file
	.byte	35                              @ DW_AT_decl_line
	.byte	5                               @ DW_AT_data_member_location
	.byte	5                               @ Abbrev [5] 0x2bd:0xc DW_TAG_member
	.long	.Linfo_string11                 @ DW_AT_name
	.long	425                             @ DW_AT_type
	.byte	5                               @ DW_AT_decl_file
	.byte	36                              @ DW_AT_decl_line
	.byte	6                               @ DW_AT_data_member_location
	.byte	5                               @ Abbrev [5] 0x2c9:0xc DW_TAG_member
	.long	.Linfo_string14                 @ DW_AT_name
	.long	425                             @ DW_AT_type
	.byte	5                               @ DW_AT_decl_file
	.byte	37                              @ DW_AT_decl_line
	.byte	7                               @ DW_AT_data_member_location
	.byte	0                               @ End Of Children Mark
	.byte	7                               @ Abbrev [7] 0x2d6:0x5 DW_TAG_pointer_type
	.long	731                             @ DW_AT_type
	.byte	11                              @ Abbrev [11] 0x2db:0x5 DW_TAG_const_type
	.long	736                             @ DW_AT_type
	.byte	3                               @ Abbrev [3] 0x2e0:0xb DW_TAG_typedef
	.long	747                             @ DW_AT_type
	.long	.Linfo_string47                 @ DW_AT_name
	.byte	5                               @ DW_AT_decl_file
	.byte	112                             @ DW_AT_decl_line
	.byte	12                              @ Abbrev [12] 0x2eb:0x59 DW_TAG_structure_type
	.byte	20                              @ DW_AT_byte_size
	.byte	5                               @ DW_AT_decl_file
	.byte	62                              @ DW_AT_decl_line
	.byte	5                               @ Abbrev [5] 0x2ef:0xc DW_TAG_member
	.long	.Linfo_string39                 @ DW_AT_name
	.long	364                             @ DW_AT_type
	.byte	5                               @ DW_AT_decl_file
	.byte	64                              @ DW_AT_decl_line
	.byte	0                               @ DW_AT_data_member_location
	.byte	5                               @ Abbrev [5] 0x2fb:0xc DW_TAG_member
	.long	.Linfo_string40                 @ DW_AT_name
	.long	310                             @ DW_AT_type
	.byte	5                               @ DW_AT_decl_file
	.byte	68                              @ DW_AT_decl_line
	.byte	4                               @ DW_AT_data_member_location
	.byte	5                               @ Abbrev [5] 0x307:0xc DW_TAG_member
	.long	.Linfo_string41                 @ DW_AT_name
	.long	310                             @ DW_AT_type
	.byte	5                               @ DW_AT_decl_file
	.byte	71                              @ DW_AT_decl_line
	.byte	6                               @ DW_AT_data_member_location
	.byte	5                               @ Abbrev [5] 0x313:0xc DW_TAG_member
	.long	.Linfo_string42                 @ DW_AT_name
	.long	836                             @ DW_AT_type
	.byte	5                               @ DW_AT_decl_file
	.byte	100                             @ DW_AT_decl_line
	.byte	8                               @ DW_AT_data_member_location
	.byte	5                               @ Abbrev [5] 0x31f:0xc DW_TAG_member
	.long	.Linfo_string43                 @ DW_AT_name
	.long	846                             @ DW_AT_type
	.byte	5                               @ DW_AT_decl_file
	.byte	105                             @ DW_AT_decl_line
	.byte	12                              @ DW_AT_data_member_location
	.byte	5                               @ Abbrev [5] 0x32b:0xc DW_TAG_member
	.long	.Linfo_string44                 @ DW_AT_name
	.long	310                             @ DW_AT_type
	.byte	5                               @ DW_AT_decl_file
	.byte	108                             @ DW_AT_decl_line
	.byte	16                              @ DW_AT_data_member_location
	.byte	5                               @ Abbrev [5] 0x337:0xc DW_TAG_member
	.long	.Linfo_string45                 @ DW_AT_name
	.long	852                             @ DW_AT_type
	.byte	5                               @ DW_AT_decl_file
	.byte	111                             @ DW_AT_decl_line
	.byte	18                              @ DW_AT_data_member_location
	.byte	0                               @ End Of Children Mark
	.byte	7                               @ Abbrev [7] 0x344:0x5 DW_TAG_pointer_type
	.long	841                             @ DW_AT_type
	.byte	11                              @ Abbrev [11] 0x349:0x5 DW_TAG_const_type
	.long	310                             @ DW_AT_type
	.byte	7                               @ Abbrev [7] 0x34e:0x5 DW_TAG_pointer_type
	.long	851                             @ DW_AT_type
	.byte	15                              @ Abbrev [15] 0x353:0x1 DW_TAG_const_type
	.byte	3                               @ Abbrev [3] 0x354:0xb DW_TAG_typedef
	.long	346                             @ DW_AT_type
	.long	.Linfo_string46                 @ DW_AT_name
	.byte	5                               @ DW_AT_decl_file
	.byte	56                              @ DW_AT_decl_line
	.byte	16                              @ Abbrev [16] 0x35f:0x11 DW_TAG_variable
	.long	.Linfo_string34                 @ DW_AT_name
	.long	880                             @ DW_AT_type
	.byte	4                               @ DW_AT_decl_file
	.byte	24                              @ DW_AT_decl_line
	.byte	5                               @ DW_AT_location
	.byte	3
	.long	glyph_bitmap
	.byte	17                              @ Abbrev [17] 0x370:0xd DW_TAG_array_type
	.long	409                             @ DW_AT_type
	.byte	18                              @ Abbrev [18] 0x375:0x7 DW_TAG_subrange_type
	.long	893                             @ DW_AT_type
	.short	7820                            @ DW_AT_count
	.byte	0                               @ End Of Children Mark
	.byte	19                              @ Abbrev [19] 0x37d:0x7 DW_TAG_base_type
	.long	.Linfo_string56                 @ DW_AT_name
	.byte	8                               @ DW_AT_byte_size
	.byte	7                               @ DW_AT_encoding
	.byte	14                              @ Abbrev [14] 0x384:0x12 DW_TAG_variable
	.long	.Linfo_string35                 @ DW_AT_name
	.long	918                             @ DW_AT_type
	.byte	4                               @ DW_AT_decl_file
	.short	1103                            @ DW_AT_decl_line
	.byte	5                               @ DW_AT_location
	.byte	3
	.long	glyph_dsc
	.byte	17                              @ Abbrev [17] 0x396:0xc DW_TAG_array_type
	.long	627                             @ DW_AT_type
	.byte	20                              @ Abbrev [20] 0x39b:0x6 DW_TAG_subrange_type
	.long	893                             @ DW_AT_type
	.byte	40                              @ DW_AT_count
	.byte	0                               @ End Of Children Mark
	.byte	14                              @ Abbrev [14] 0x3a2:0x12 DW_TAG_variable
	.long	.Linfo_string38                 @ DW_AT_name
	.long	948                             @ DW_AT_type
	.byte	4                               @ DW_AT_decl_file
	.short	1156                            @ DW_AT_decl_line
	.byte	5                               @ DW_AT_location
	.byte	3
	.long	cmaps
	.byte	17                              @ Abbrev [17] 0x3b4:0xc DW_TAG_array_type
	.long	731                             @ DW_AT_type
	.byte	20                              @ Abbrev [20] 0x3b9:0x6 DW_TAG_subrange_type
	.long	893                             @ DW_AT_type
	.byte	2                               @ DW_AT_count
	.byte	0                               @ End Of Children Mark
	.byte	14                              @ Abbrev [14] 0x3c0:0x12 DW_TAG_variable
	.long	.Linfo_string57                 @ DW_AT_name
	.long	978                             @ DW_AT_type
	.byte	4                               @ DW_AT_decl_file
	.short	1150                            @ DW_AT_decl_line
	.byte	5                               @ DW_AT_location
	.byte	3
	.long	glyph_id_ofs_list_0
	.byte	17                              @ Abbrev [17] 0x3d2:0xc DW_TAG_array_type
	.long	409                             @ DW_AT_type
	.byte	20                              @ Abbrev [20] 0x3d7:0x6 DW_TAG_subrange_type
	.long	893                             @ DW_AT_type
	.byte	14                              @ DW_AT_count
	.byte	0                               @ End Of Children Mark
	.byte	0                               @ End Of Children Mark
.Ldebug_info_end0:
	.section	.debug_str,"MS",%progbits,1
.Linfo_string0:
	.asciz	"Component: ARM Compiler 6.16 Tool: armclang [5dfeb700]" @ string offset=0
.Linfo_string1:
	.asciz	"applications/lv_app\\ebrimabd_font.c" @ string offset=55
.Linfo_string2:
	.asciz	"E:\\STM32\\Learning\\STM32H750_ART_PI_RGBLCD" @ string offset=91
.Linfo_string3:
	.asciz	"ebrimabd_font"                 @ string offset=133
.Linfo_string4:
	.asciz	"get_glyph_dsc"                 @ string offset=147
.Linfo_string5:
	.asciz	"_Bool"                         @ string offset=161
.Linfo_string6:
	.asciz	"adv_w"                         @ string offset=167
.Linfo_string7:
	.asciz	"unsigned short"                @ string offset=173
.Linfo_string8:
	.asciz	"uint16_t"                      @ string offset=188
.Linfo_string9:
	.asciz	"box_w"                         @ string offset=197
.Linfo_string10:
	.asciz	"box_h"                         @ string offset=203
.Linfo_string11:
	.asciz	"ofs_x"                         @ string offset=209
.Linfo_string12:
	.asciz	"short"                         @ string offset=215
.Linfo_string13:
	.asciz	"int16_t"                       @ string offset=221
.Linfo_string14:
	.asciz	"ofs_y"                         @ string offset=229
.Linfo_string15:
	.asciz	"bpp"                           @ string offset=235
.Linfo_string16:
	.asciz	"unsigned char"                 @ string offset=239
.Linfo_string17:
	.asciz	"uint8_t"                       @ string offset=253
.Linfo_string18:
	.asciz	"lv_font_glyph_dsc_t"           @ string offset=261
.Linfo_string19:
	.asciz	"unsigned int"                  @ string offset=281
.Linfo_string20:
	.asciz	"uint32_t"                      @ string offset=294
.Linfo_string21:
	.asciz	"get_glyph_bitmap"              @ string offset=303
.Linfo_string22:
	.asciz	"line_height"                   @ string offset=320
.Linfo_string23:
	.asciz	"lv_coord_t"                    @ string offset=332
.Linfo_string24:
	.asciz	"base_line"                     @ string offset=343
.Linfo_string25:
	.asciz	"subpx"                         @ string offset=353
.Linfo_string26:
	.asciz	"underline_position"            @ string offset=359
.Linfo_string27:
	.asciz	"signed char"                   @ string offset=378
.Linfo_string28:
	.asciz	"int8_t"                        @ string offset=390
.Linfo_string29:
	.asciz	"underline_thickness"           @ string offset=397
.Linfo_string30:
	.asciz	"dsc"                           @ string offset=417
.Linfo_string31:
	.asciz	"_lv_font_struct"               @ string offset=421
.Linfo_string32:
	.asciz	"lv_font_t"                     @ string offset=437
.Linfo_string33:
	.asciz	"font_dsc"                      @ string offset=447
.Linfo_string34:
	.asciz	"glyph_bitmap"                  @ string offset=456
.Linfo_string35:
	.asciz	"glyph_dsc"                     @ string offset=469
.Linfo_string36:
	.asciz	"bitmap_index"                  @ string offset=479
.Linfo_string37:
	.asciz	"lv_font_fmt_txt_glyph_dsc_t"   @ string offset=492
.Linfo_string38:
	.asciz	"cmaps"                         @ string offset=520
.Linfo_string39:
	.asciz	"range_start"                   @ string offset=526
.Linfo_string40:
	.asciz	"range_length"                  @ string offset=538
.Linfo_string41:
	.asciz	"glyph_id_start"                @ string offset=551
.Linfo_string42:
	.asciz	"unicode_list"                  @ string offset=566
.Linfo_string43:
	.asciz	"glyph_id_ofs_list"             @ string offset=579
.Linfo_string44:
	.asciz	"list_length"                   @ string offset=597
.Linfo_string45:
	.asciz	"type"                          @ string offset=609
.Linfo_string46:
	.asciz	"lv_font_fmt_txt_cmap_type_t"   @ string offset=614
.Linfo_string47:
	.asciz	"lv_font_fmt_txt_cmap_t"        @ string offset=642
.Linfo_string48:
	.asciz	"kern_dsc"                      @ string offset=665
.Linfo_string49:
	.asciz	"kern_scale"                    @ string offset=674
.Linfo_string50:
	.asciz	"cmap_num"                      @ string offset=685
.Linfo_string51:
	.asciz	"kern_classes"                  @ string offset=694
.Linfo_string52:
	.asciz	"bitmap_format"                 @ string offset=707
.Linfo_string53:
	.asciz	"last_letter"                   @ string offset=721
.Linfo_string54:
	.asciz	"last_glyph_id"                 @ string offset=733
.Linfo_string55:
	.asciz	"lv_font_fmt_txt_dsc_t"         @ string offset=747
.Linfo_string56:
	.asciz	"__ARRAY_SIZE_TYPE__"           @ string offset=769
.Linfo_string57:
	.asciz	"glyph_id_ofs_list_0"           @ string offset=789
	.ident	"Component: ARM Compiler 6.16 Tool: armclang [5dfeb700]"
	.section	".note.GNU-stack","",%progbits
	.ARM_attribute	16, 1	@ Tag_AV_eba
	.section	.debug_line,"",%progbits
.Lline_table_start0:
