	.text
	.syntax unified
	.eabi_attribute	67, "2.09"	@ Tag_conformance
	.cpu	cortex-m7
	.eabi_attribute	6, 13	@ Tag_CPU_arch
	.eabi_attribute	7, 77	@ Tag_CPU_arch_profile
	.eabi_attribute	8, 0	@ Tag_ARM_ISA_use
	.eabi_attribute	9, 2	@ Tag_THUMB_ISA_use
	.fpu	fpv5-d16
	.eabi_attribute	36, 1	@ Tag_FP_HP_extension
	.eabi_attribute	34, 1	@ Tag_CPU_unaligned_access
	.eabi_attribute	17, 1	@ Tag_ABI_PCS_GOT_use
	.eabi_attribute	20, 2	@ Tag_ABI_FP_denormal
	.eabi_attribute	21, 0	@ Tag_ABI_FP_exceptions
	.eabi_attribute	23, 1	@ Tag_ABI_FP_number_model
	.eabi_attribute	24, 1	@ Tag_ABI_align_needed
	.eabi_attribute	25, 1	@ Tag_ABI_align_preserved
	.eabi_attribute	28, 1	@ Tag_ABI_VFP_args
	.eabi_attribute	38, 1	@ Tag_ABI_FP_16bit_format
	.eabi_attribute	18, 2	@ Tag_ABI_PCS_wchar_t
	.eabi_attribute	26, 1	@ Tag_ABI_enum_size
	.eabi_attribute	14, 0	@ Tag_ABI_PCS_R9_use
	.file	"ef_cmd.c"
	.file	1 "E:\\Smart-access-control\\Hardware\\CODE" "packages/EasyFlash-v4.1.0/src/ef_cmd.c"
	.file	2 "E:\\Smart-access-control\\Hardware\\CODE" "rt-thread/components/finsh/finsh_api.h"
	.section	.text.__setenv,"ax",%progbits
	.p2align	3                               @ -- Begin function __setenv
	.type	__setenv,%function
	.code	16                              @ @__setenv
	.thumb_func
__setenv:
.Lfunc_begin0:
	.loc	1 35 0                          @ packages/EasyFlash-v4.1.0/src/ef_cmd.c:35:0
	.fnstart
	.cfi_sections .debug_frame
	.cfi_startproc
@ %bb.0:
	@DEBUG_VALUE: __setenv:argc <- $r0
	@DEBUG_VALUE: __setenv:argv <- $r1
	.save	{r4, r5, r6, r7, r8, r9, lr}
	push.w	{r4, r5, r6, r7, r8, r9, lr}
	.cfi_def_cfa_offset 28
	.cfi_offset lr, -4
	.cfi_offset r9, -8
	.cfi_offset r8, -12
	.cfi_offset r7, -16
	.cfi_offset r6, -20
	.cfi_offset r5, -24
	.cfi_offset r4, -28
	.pad	#4
	sub	sp, #4
	.cfi_def_cfa_offset 32
	mov	r8, r0
.Ltmp0:
	@DEBUG_VALUE: __setenv:i <- 0
	@DEBUG_VALUE: __setenv:argc <- $r8
	.loc	1 38 9 prologue_end             @ packages/EasyFlash-v4.1.0/src/ef_cmd.c:38:9
	cmp	r0, #4
	mov	r4, r1
.Ltmp1:
	@DEBUG_VALUE: __setenv:argv <- $r4
	@DEBUG_VALUE: __setenv:argv <- $r4
	blo	.LBB0_3
.Ltmp2:
@ %bb.1:
	@DEBUG_VALUE: __setenv:argc <- $r8
	@DEBUG_VALUE: __setenv:argv <- $r4
	@DEBUG_VALUE: __setenv:i <- 0
	.loc	1 0 9 is_stmt 0                 @ packages/EasyFlash-v4.1.0/src/ef_cmd.c:0:9
	sub.w	r7, r8, #2
	movs	r1, #0
	mov.w	r9, #32
	movs	r5, #0
.Ltmp3:
	.p2align	2
.LBB0_2:                                @ =>This Inner Loop Header: Depth=1
	@DEBUG_VALUE: __setenv:argc <- $r8
	@DEBUG_VALUE: __setenv:argv <- $r4
	@DEBUG_VALUE: __setenv:i <- $r5
	.loc	1 41 13 is_stmt 1               @ packages/EasyFlash-v4.1.0/src/ef_cmd.c:41:13
	add.w	r0, r4, r1, lsl #2
	ldr	r6, [r0, #8]
	.loc	1 41 25 is_stmt 0               @ packages/EasyFlash-v4.1.0/src/ef_cmd.c:41:25
	mov	r0, r6
	bl	rt_strlen
.Ltmp4:
	.loc	1 40 36 is_stmt 1               @ packages/EasyFlash-v4.1.0/src/ef_cmd.c:40:36
	adds	r5, #1
.Ltmp5:
	@DEBUG_VALUE: __setenv:i <- $r5
	.loc	1 41 49                         @ packages/EasyFlash-v4.1.0/src/ef_cmd.c:41:49
	strb.w	r9, [r6, r0]
.Ltmp6:
	.loc	1 40 21                         @ packages/EasyFlash-v4.1.0/src/ef_cmd.c:40:21
	uxtb	r1, r5
.Ltmp7:
	.loc	1 40 9 is_stmt 0                @ packages/EasyFlash-v4.1.0/src/ef_cmd.c:40:9
	cmp	r7, r1
	bgt	.LBB0_2
.Ltmp8:
.LBB0_3:
	@DEBUG_VALUE: __setenv:argc <- $r8
	@DEBUG_VALUE: __setenv:argv <- $r4
	.loc	1 44 9 is_stmt 1                @ packages/EasyFlash-v4.1.0/src/ef_cmd.c:44:9
	cmp.w	r8, #2
	beq	.LBB0_6
.Ltmp9:
@ %bb.4:
	@DEBUG_VALUE: __setenv:argc <- $r8
	@DEBUG_VALUE: __setenv:argv <- $r4
	cmp.w	r8, #1
	bne	.LBB0_7
.Ltmp10:
@ %bb.5:
	@DEBUG_VALUE: __setenv:argc <- $r8
	@DEBUG_VALUE: __setenv:argv <- $r4
	.loc	1 45 9                          @ packages/EasyFlash-v4.1.0/src/ef_cmd.c:45:9
	adr	r0, .LCPI0_0
	bl	rt_kprintf
.Ltmp11:
	.loc	1 51 1                          @ packages/EasyFlash-v4.1.0/src/ef_cmd.c:51:1
	add	sp, #4
	pop.w	{r4, r5, r6, r7, r8, r9, pc}
.Ltmp12:
.LBB0_6:
	@DEBUG_VALUE: __setenv:argc <- $r8
	@DEBUG_VALUE: __setenv:argv <- $r4
	.loc	1 47 20                         @ packages/EasyFlash-v4.1.0/src/ef_cmd.c:47:20
	ldr	r0, [r4, #4]
	.loc	1 47 9 is_stmt 0                @ packages/EasyFlash-v4.1.0/src/ef_cmd.c:47:9
	movs	r1, #0
	b	.LBB0_8
.Ltmp13:
.LBB0_7:
	@DEBUG_VALUE: __setenv:argc <- $r8
	@DEBUG_VALUE: __setenv:argv <- $r4
	.loc	1 49 20 is_stmt 1               @ packages/EasyFlash-v4.1.0/src/ef_cmd.c:49:20
	ldrd	r0, r1, [r4, #4]
.Ltmp14:
.LBB0_8:
	@DEBUG_VALUE: __setenv:argc <- $r8
	@DEBUG_VALUE: __setenv:argv <- $r4
	.loc	1 0 0 is_stmt 0                 @ packages/EasyFlash-v4.1.0/src/ef_cmd.c:0:0
	bl	ef_set_env
.Ltmp15:
	.loc	1 51 1 is_stmt 1                @ packages/EasyFlash-v4.1.0/src/ef_cmd.c:51:1
	add	sp, #4
	pop.w	{r4, r5, r6, r7, r8, r9, pc}
.Ltmp16:
	.p2align	2
@ %bb.9:
	.loc	1 0 1 is_stmt 0                 @ packages/EasyFlash-v4.1.0/src/ef_cmd.c:0:1
.LCPI0_0:
.L.str:
	.asciz	"Please input: setenv <key> [value]\n"
.Lfunc_end0:
	.size	__setenv, .Lfunc_end0-__setenv
	.cfi_endproc
	.cantunwind
	.fnend
                                        @ -- End function
	.section	.text.printenv,"ax",%progbits
	.p2align	3                               @ -- Begin function printenv
	.type	printenv,%function
	.code	16                              @ @printenv
	.thumb_func
printenv:
.Lfunc_begin1:
	.loc	1 54 0 is_stmt 1                @ packages/EasyFlash-v4.1.0/src/ef_cmd.c:54:0
	.fnstart
	.cfi_startproc
@ %bb.0:
	@DEBUG_VALUE: printenv:argc <- $r0
	@DEBUG_VALUE: printenv:argv <- $r1
	.save	{r7, lr}
	push	{r7, lr}
	.cfi_def_cfa_offset 8
	.cfi_offset lr, -4
	.cfi_offset r7, -8
.Ltmp17:
	.loc	1 55 5 prologue_end             @ packages/EasyFlash-v4.1.0/src/ef_cmd.c:55:5
	bl	ef_print_env
.Ltmp18:
	@DEBUG_VALUE: printenv:argv <- [DW_OP_LLVM_entry_value 1] $r1
	@DEBUG_VALUE: printenv:argc <- [DW_OP_LLVM_entry_value 1] $r0
	.loc	1 56 1                          @ packages/EasyFlash-v4.1.0/src/ef_cmd.c:56:1
	pop	{r7, pc}
.Ltmp19:
.Lfunc_end1:
	.size	printenv, .Lfunc_end1-printenv
	.cfi_endproc
	.cantunwind
	.fnend
                                        @ -- End function
	.section	.text.saveenv,"ax",%progbits
	.p2align	3                               @ -- Begin function saveenv
	.type	saveenv,%function
	.code	16                              @ @saveenv
	.thumb_func
saveenv:
.Lfunc_begin2:
	.loc	1 59 0                          @ packages/EasyFlash-v4.1.0/src/ef_cmd.c:59:0
	.fnstart
	.cfi_startproc
@ %bb.0:
	@DEBUG_VALUE: saveenv:argc <- $r0
	@DEBUG_VALUE: saveenv:argv <- $r1
	.save	{r7, lr}
	push	{r7, lr}
	.cfi_def_cfa_offset 8
	.cfi_offset lr, -4
	.cfi_offset r7, -8
.Ltmp20:
	.loc	1 60 5 prologue_end             @ packages/EasyFlash-v4.1.0/src/ef_cmd.c:60:5
	bl	ef_save_env
.Ltmp21:
	@DEBUG_VALUE: saveenv:argv <- [DW_OP_LLVM_entry_value 1] $r1
	@DEBUG_VALUE: saveenv:argc <- [DW_OP_LLVM_entry_value 1] $r0
	.loc	1 61 1                          @ packages/EasyFlash-v4.1.0/src/ef_cmd.c:61:1
	pop	{r7, pc}
.Ltmp22:
.Lfunc_end2:
	.size	saveenv, .Lfunc_end2-saveenv
	.cfi_endproc
	.cantunwind
	.fnend
                                        @ -- End function
	.section	.text.getvalue,"ax",%progbits
	.p2align	3                               @ -- Begin function getvalue
	.type	getvalue,%function
	.code	16                              @ @getvalue
	.thumb_func
getvalue:
.Lfunc_begin3:
	.loc	1 64 0                          @ packages/EasyFlash-v4.1.0/src/ef_cmd.c:64:0
	.fnstart
	.cfi_startproc
@ %bb.0:
	@DEBUG_VALUE: getvalue:argc <- $r0
	@DEBUG_VALUE: getvalue:argv <- $r1
	.save	{r4, lr}
	push	{r4, lr}
	.cfi_def_cfa_offset 8
	.cfi_offset lr, -4
	.cfi_offset r4, -8
.Ltmp23:
	.loc	1 66 24 prologue_end            @ packages/EasyFlash-v4.1.0/src/ef_cmd.c:66:24
	ldr	r0, [r1, #4]
.Ltmp24:
	@DEBUG_VALUE: getvalue:argc <- [DW_OP_LLVM_entry_value 1] $r0
	.loc	1 0 24 is_stmt 0                @ packages/EasyFlash-v4.1.0/src/ef_cmd.c:0:24
	mov	r4, r1
.Ltmp25:
	@DEBUG_VALUE: getvalue:argv <- $r4
	@DEBUG_VALUE: getvalue:value <- 0
	@DEBUG_VALUE: getvalue:argv <- $r4
	.loc	1 66 13                         @ packages/EasyFlash-v4.1.0/src/ef_cmd.c:66:13
	bl	ef_get_env
.Ltmp26:
	@DEBUG_VALUE: getvalue:value <- $r0
	.loc	1 0 0                           @ packages/EasyFlash-v4.1.0/src/ef_cmd.c:0:0
	ldr	r1, [r4, #4]
.Ltmp27:
	.loc	1 67 9 is_stmt 1                @ packages/EasyFlash-v4.1.0/src/ef_cmd.c:67:9
	cbz	r0, .LBB3_2
.Ltmp28:
@ %bb.1:
	@DEBUG_VALUE: getvalue:argv <- $r4
	@DEBUG_VALUE: getvalue:value <- $r0
	@DEBUG_VALUE: getvalue:argc <- [DW_OP_LLVM_entry_value 1] $r0
	.loc	1 0 0 is_stmt 0                 @ packages/EasyFlash-v4.1.0/src/ef_cmd.c:0:0
	mov	r2, r0
.Ltmp29:
	@DEBUG_VALUE: getvalue:value <- $r2
	.loc	1 68 9 is_stmt 1                @ packages/EasyFlash-v4.1.0/src/ef_cmd.c:68:9
	adr	r0, .LCPI3_0
	bl	rt_kprintf
.Ltmp30:
	.loc	1 72 1                          @ packages/EasyFlash-v4.1.0/src/ef_cmd.c:72:1
	pop	{r4, pc}
.Ltmp31:
.LBB3_2:
	@DEBUG_VALUE: getvalue:argv <- $r4
	@DEBUG_VALUE: getvalue:value <- $r0
	@DEBUG_VALUE: getvalue:argc <- [DW_OP_LLVM_entry_value 1] $r0
	.loc	1 70 9                          @ packages/EasyFlash-v4.1.0/src/ef_cmd.c:70:9
	adr	r0, .LCPI3_1
.Ltmp32:
	bl	rt_kprintf
.Ltmp33:
	.loc	1 72 1                          @ packages/EasyFlash-v4.1.0/src/ef_cmd.c:72:1
	pop	{r4, pc}
.Ltmp34:
	.p2align	2
@ %bb.3:
	.loc	1 0 1 is_stmt 0                 @ packages/EasyFlash-v4.1.0/src/ef_cmd.c:0:1
.LCPI3_0:
.L.str.1:
	.asciz	"The %s value is %s.\n\000\000\000"
.LCPI3_1:
.L.str.2:
	.asciz	"Can't find %s.\n"
.Lfunc_end3:
	.size	getvalue, .Lfunc_end3-getvalue
	.cfi_endproc
	.cantunwind
	.fnend
                                        @ -- End function
	.section	.text.resetenv,"ax",%progbits
	.p2align	3                               @ -- Begin function resetenv
	.type	resetenv,%function
	.code	16                              @ @resetenv
	.thumb_func
resetenv:
.Lfunc_begin4:
	.loc	1 75 0 is_stmt 1                @ packages/EasyFlash-v4.1.0/src/ef_cmd.c:75:0
	.fnstart
	.cfi_startproc
@ %bb.0:
	@DEBUG_VALUE: resetenv:argc <- $r0
	@DEBUG_VALUE: resetenv:argv <- $r1
	.save	{r7, lr}
	push	{r7, lr}
	.cfi_def_cfa_offset 8
	.cfi_offset lr, -4
	.cfi_offset r7, -8
.Ltmp35:
	.loc	1 76 5 prologue_end             @ packages/EasyFlash-v4.1.0/src/ef_cmd.c:76:5
	bl	ef_env_set_default
.Ltmp36:
	@DEBUG_VALUE: resetenv:argv <- [DW_OP_LLVM_entry_value 1] $r1
	@DEBUG_VALUE: resetenv:argc <- [DW_OP_LLVM_entry_value 1] $r0
	.loc	1 77 1                          @ packages/EasyFlash-v4.1.0/src/ef_cmd.c:77:1
	pop	{r7, pc}
.Ltmp37:
.Lfunc_end4:
	.size	resetenv, .Lfunc_end4-resetenv
	.cfi_endproc
	.cantunwind
	.fnend
                                        @ -- End function
	.hidden	__fsym___cmd_setenv_name        @ @__fsym___cmd_setenv_name
	.type	__fsym___cmd_setenv_name,%object
	.section	.rodata.name,"a",%progbits
	.globl	__fsym___cmd_setenv_name
__fsym___cmd_setenv_name:
	.asciz	"__cmd_setenv"
	.size	__fsym___cmd_setenv_name, 13

	.hidden	__fsym___cmd_setenv_desc        @ @__fsym___cmd_setenv_desc
	.type	__fsym___cmd_setenv_desc,%object
	.globl	__fsym___cmd_setenv_desc
__fsym___cmd_setenv_desc:
	.asciz	"Set an envrionment variable."
	.size	__fsym___cmd_setenv_desc, 29

	.hidden	__fsym___cmd_setenv             @ @__fsym___cmd_setenv
	.type	__fsym___cmd_setenv,%object
	.section	FSymTab,"a",%progbits
	.globl	__fsym___cmd_setenv
	.p2align	2
__fsym___cmd_setenv:
__tagsym$$used.0:
	.long	__fsym___cmd_setenv_name
	.long	__fsym___cmd_setenv_desc
	.long	__setenv
	.size	__fsym___cmd_setenv, 12

	.hidden	__fsym___cmd_printenv_name      @ @__fsym___cmd_printenv_name
	.type	__fsym___cmd_printenv_name,%object
	.section	.rodata.name,"a",%progbits
	.globl	__fsym___cmd_printenv_name
__fsym___cmd_printenv_name:
	.asciz	"__cmd_printenv"
	.size	__fsym___cmd_printenv_name, 15

	.hidden	__fsym___cmd_printenv_desc      @ @__fsym___cmd_printenv_desc
	.type	__fsym___cmd_printenv_desc,%object
	.globl	__fsym___cmd_printenv_desc
__fsym___cmd_printenv_desc:
	.asciz	"Print all envrionment variables."
	.size	__fsym___cmd_printenv_desc, 33

	.hidden	__fsym___cmd_printenv           @ @__fsym___cmd_printenv
	.type	__fsym___cmd_printenv,%object
	.section	FSymTab,"a",%progbits
	.globl	__fsym___cmd_printenv
	.p2align	2
__fsym___cmd_printenv:
__tagsym$$used.1:
	.long	__fsym___cmd_printenv_name
	.long	__fsym___cmd_printenv_desc
	.long	printenv
	.size	__fsym___cmd_printenv, 12

	.hidden	__fsym___cmd_saveenv_name       @ @__fsym___cmd_saveenv_name
	.type	__fsym___cmd_saveenv_name,%object
	.section	.rodata.name,"a",%progbits
	.globl	__fsym___cmd_saveenv_name
__fsym___cmd_saveenv_name:
	.asciz	"__cmd_saveenv"
	.size	__fsym___cmd_saveenv_name, 14

	.hidden	__fsym___cmd_saveenv_desc       @ @__fsym___cmd_saveenv_desc
	.type	__fsym___cmd_saveenv_desc,%object
	.globl	__fsym___cmd_saveenv_desc
__fsym___cmd_saveenv_desc:
	.asciz	"Save all envrionment variables to flash."
	.size	__fsym___cmd_saveenv_desc, 41

	.hidden	__fsym___cmd_saveenv            @ @__fsym___cmd_saveenv
	.type	__fsym___cmd_saveenv,%object
	.section	FSymTab,"a",%progbits
	.globl	__fsym___cmd_saveenv
	.p2align	2
__fsym___cmd_saveenv:
__tagsym$$used.2:
	.long	__fsym___cmd_saveenv_name
	.long	__fsym___cmd_saveenv_desc
	.long	saveenv
	.size	__fsym___cmd_saveenv, 12

	.hidden	__fsym___cmd_getvalue_name      @ @__fsym___cmd_getvalue_name
	.type	__fsym___cmd_getvalue_name,%object
	.section	.rodata.name,"a",%progbits
	.globl	__fsym___cmd_getvalue_name
__fsym___cmd_getvalue_name:
	.asciz	"__cmd_getvalue"
	.size	__fsym___cmd_getvalue_name, 15

	.hidden	__fsym___cmd_getvalue_desc      @ @__fsym___cmd_getvalue_desc
	.type	__fsym___cmd_getvalue_desc,%object
	.globl	__fsym___cmd_getvalue_desc
__fsym___cmd_getvalue_desc:
	.asciz	"Get an envrionment variable by name."
	.size	__fsym___cmd_getvalue_desc, 37

	.hidden	__fsym___cmd_getvalue           @ @__fsym___cmd_getvalue
	.type	__fsym___cmd_getvalue,%object
	.section	FSymTab,"a",%progbits
	.globl	__fsym___cmd_getvalue
	.p2align	2
__fsym___cmd_getvalue:
__tagsym$$used.3:
	.long	__fsym___cmd_getvalue_name
	.long	__fsym___cmd_getvalue_desc
	.long	getvalue
	.size	__fsym___cmd_getvalue, 12

	.hidden	__fsym___cmd_resetenv_name      @ @__fsym___cmd_resetenv_name
	.type	__fsym___cmd_resetenv_name,%object
	.section	.rodata.name,"a",%progbits
	.globl	__fsym___cmd_resetenv_name
__fsym___cmd_resetenv_name:
	.asciz	"__cmd_resetenv"
	.size	__fsym___cmd_resetenv_name, 15

	.hidden	__fsym___cmd_resetenv_desc      @ @__fsym___cmd_resetenv_desc
	.type	__fsym___cmd_resetenv_desc,%object
	.globl	__fsym___cmd_resetenv_desc
__fsym___cmd_resetenv_desc:
	.asciz	"Reset all envrionment variable to default."
	.size	__fsym___cmd_resetenv_desc, 43

	.hidden	__fsym___cmd_resetenv           @ @__fsym___cmd_resetenv
	.type	__fsym___cmd_resetenv,%object
	.section	FSymTab,"a",%progbits
	.globl	__fsym___cmd_resetenv
	.p2align	2
__fsym___cmd_resetenv:
__tagsym$$used.4:
	.long	__fsym___cmd_resetenv_name
	.long	__fsym___cmd_resetenv_desc
	.long	resetenv
	.size	__fsym___cmd_resetenv, 12

	.globl	__fsym___cmd_getvalue
	.globl	__fsym___cmd_printenv
	.globl	__fsym___cmd_resetenv
	.globl	__fsym___cmd_saveenv
	.globl	__fsym___cmd_setenv
	.file	3 "D:\\Keil_v5\\ARM\\ARMCLANG\\Bin\\..\\include" "stdint.h"
	.section	.debug_loc,"",%progbits
.Ldebug_loc0:
	.long	-1
	.long	.Lfunc_begin0                   @   base address
	.long	.Lfunc_begin0-.Lfunc_begin0
	.long	.Ltmp0-.Lfunc_begin0
	.short	1                               @ Loc expr size
	.byte	80                              @ DW_OP_reg0
	.long	.Ltmp0-.Lfunc_begin0
	.long	.Ltmp16-.Lfunc_begin0
	.short	1                               @ Loc expr size
	.byte	88                              @ DW_OP_reg8
	.long	0
	.long	0
.Ldebug_loc1:
	.long	-1
	.long	.Lfunc_begin0                   @   base address
	.long	.Lfunc_begin0-.Lfunc_begin0
	.long	.Ltmp1-.Lfunc_begin0
	.short	1                               @ Loc expr size
	.byte	81                              @ DW_OP_reg1
	.long	.Ltmp1-.Lfunc_begin0
	.long	.Ltmp16-.Lfunc_begin0
	.short	1                               @ Loc expr size
	.byte	84                              @ DW_OP_reg4
	.long	0
	.long	0
.Ldebug_loc2:
	.long	-1
	.long	.Lfunc_begin0                   @   base address
	.long	.Ltmp0-.Lfunc_begin0
	.long	.Ltmp3-.Lfunc_begin0
	.short	1                               @ Loc expr size
	.byte	48                              @ DW_OP_lit0
	.long	.Ltmp3-.Lfunc_begin0
	.long	.Ltmp8-.Lfunc_begin0
	.short	1                               @ Loc expr size
	.byte	85                              @ DW_OP_reg5
	.long	0
	.long	0
.Ldebug_loc3:
	.long	-1
	.long	.Lfunc_begin1                   @   base address
	.long	.Lfunc_begin1-.Lfunc_begin1
	.long	.Ltmp18-.Lfunc_begin1
	.short	1                               @ Loc expr size
	.byte	80                              @ DW_OP_reg0
	.long	.Ltmp18-.Lfunc_begin1
	.long	.Lfunc_end1-.Lfunc_begin1
	.short	3                               @ Loc expr size
	.byte	163                             @ DW_OP_entry_value
	.byte	1                               @ 1
	.byte	80                              @ DW_OP_reg0
	.long	0
	.long	0
.Ldebug_loc4:
	.long	-1
	.long	.Lfunc_begin1                   @   base address
	.long	.Lfunc_begin1-.Lfunc_begin1
	.long	.Ltmp18-.Lfunc_begin1
	.short	1                               @ Loc expr size
	.byte	81                              @ DW_OP_reg1
	.long	.Ltmp18-.Lfunc_begin1
	.long	.Lfunc_end1-.Lfunc_begin1
	.short	3                               @ Loc expr size
	.byte	163                             @ DW_OP_entry_value
	.byte	1                               @ 1
	.byte	81                              @ DW_OP_reg1
	.long	0
	.long	0
.Ldebug_loc5:
	.long	-1
	.long	.Lfunc_begin2                   @   base address
	.long	.Lfunc_begin2-.Lfunc_begin2
	.long	.Ltmp21-.Lfunc_begin2
	.short	1                               @ Loc expr size
	.byte	80                              @ DW_OP_reg0
	.long	.Ltmp21-.Lfunc_begin2
	.long	.Lfunc_end2-.Lfunc_begin2
	.short	3                               @ Loc expr size
	.byte	163                             @ DW_OP_entry_value
	.byte	1                               @ 1
	.byte	80                              @ DW_OP_reg0
	.long	0
	.long	0
.Ldebug_loc6:
	.long	-1
	.long	.Lfunc_begin2                   @   base address
	.long	.Lfunc_begin2-.Lfunc_begin2
	.long	.Ltmp21-.Lfunc_begin2
	.short	1                               @ Loc expr size
	.byte	81                              @ DW_OP_reg1
	.long	.Ltmp21-.Lfunc_begin2
	.long	.Lfunc_end2-.Lfunc_begin2
	.short	3                               @ Loc expr size
	.byte	163                             @ DW_OP_entry_value
	.byte	1                               @ 1
	.byte	81                              @ DW_OP_reg1
	.long	0
	.long	0
.Ldebug_loc7:
	.long	-1
	.long	.Lfunc_begin3                   @   base address
	.long	.Lfunc_begin3-.Lfunc_begin3
	.long	.Ltmp24-.Lfunc_begin3
	.short	1                               @ Loc expr size
	.byte	80                              @ DW_OP_reg0
	.long	.Ltmp24-.Lfunc_begin3
	.long	.Ltmp34-.Lfunc_begin3
	.short	3                               @ Loc expr size
	.byte	163                             @ DW_OP_entry_value
	.byte	1                               @ 1
	.byte	80                              @ DW_OP_reg0
	.long	0
	.long	0
.Ldebug_loc8:
	.long	-1
	.long	.Lfunc_begin3                   @   base address
	.long	.Lfunc_begin3-.Lfunc_begin3
	.long	.Ltmp25-.Lfunc_begin3
	.short	1                               @ Loc expr size
	.byte	81                              @ DW_OP_reg1
	.long	.Ltmp25-.Lfunc_begin3
	.long	.Ltmp34-.Lfunc_begin3
	.short	1                               @ Loc expr size
	.byte	84                              @ DW_OP_reg4
	.long	0
	.long	0
.Ldebug_loc9:
	.long	-1
	.long	.Lfunc_begin3                   @   base address
	.long	.Ltmp25-.Lfunc_begin3
	.long	.Ltmp26-.Lfunc_begin3
	.short	1                               @ Loc expr size
	.byte	48                              @ DW_OP_lit0
	.long	.Ltmp26-.Lfunc_begin3
	.long	.Ltmp29-.Lfunc_begin3
	.short	1                               @ Loc expr size
	.byte	80                              @ DW_OP_reg0
	.long	.Ltmp29-.Lfunc_begin3
	.long	.Ltmp30-.Lfunc_begin3
	.short	1                               @ Loc expr size
	.byte	82                              @ DW_OP_reg2
	.long	.Ltmp31-.Lfunc_begin3
	.long	.Ltmp32-.Lfunc_begin3
	.short	1                               @ Loc expr size
	.byte	80                              @ DW_OP_reg0
	.long	0
	.long	0
.Ldebug_loc10:
	.long	-1
	.long	.Lfunc_begin4                   @   base address
	.long	.Lfunc_begin4-.Lfunc_begin4
	.long	.Ltmp36-.Lfunc_begin4
	.short	1                               @ Loc expr size
	.byte	80                              @ DW_OP_reg0
	.long	.Ltmp36-.Lfunc_begin4
	.long	.Lfunc_end4-.Lfunc_begin4
	.short	3                               @ Loc expr size
	.byte	163                             @ DW_OP_entry_value
	.byte	1                               @ 1
	.byte	80                              @ DW_OP_reg0
	.long	0
	.long	0
.Ldebug_loc11:
	.long	-1
	.long	.Lfunc_begin4                   @   base address
	.long	.Lfunc_begin4-.Lfunc_begin4
	.long	.Ltmp36-.Lfunc_begin4
	.short	1                               @ Loc expr size
	.byte	81                              @ DW_OP_reg1
	.long	.Ltmp36-.Lfunc_begin4
	.long	.Lfunc_end4-.Lfunc_begin4
	.short	3                               @ Loc expr size
	.byte	163                             @ DW_OP_entry_value
	.byte	1                               @ 1
	.byte	81                              @ DW_OP_reg1
	.long	0
	.long	0
	.section	.debug_abbrev,"",%progbits
	.byte	1                               @ Abbreviation Code
	.byte	17                              @ DW_TAG_compile_unit
	.byte	1                               @ DW_CHILDREN_yes
	.byte	37                              @ DW_AT_producer
	.byte	14                              @ DW_FORM_strp
	.byte	19                              @ DW_AT_language
	.byte	5                               @ DW_FORM_data2
	.byte	3                               @ DW_AT_name
	.byte	14                              @ DW_FORM_strp
	.byte	16                              @ DW_AT_stmt_list
	.byte	6                               @ DW_FORM_data4
	.byte	27                              @ DW_AT_comp_dir
	.byte	14                              @ DW_FORM_strp
	.byte	17                              @ DW_AT_low_pc
	.byte	1                               @ DW_FORM_addr
	.byte	85                              @ DW_AT_ranges
	.byte	6                               @ DW_FORM_data4
	.byte	0                               @ EOM(1)
	.byte	0                               @ EOM(2)
	.byte	2                               @ Abbreviation Code
	.byte	52                              @ DW_TAG_variable
	.byte	0                               @ DW_CHILDREN_no
	.byte	3                               @ DW_AT_name
	.byte	14                              @ DW_FORM_strp
	.byte	73                              @ DW_AT_type
	.byte	19                              @ DW_FORM_ref4
	.byte	63                              @ DW_AT_external
	.byte	12                              @ DW_FORM_flag
	.byte	58                              @ DW_AT_decl_file
	.byte	11                              @ DW_FORM_data1
	.byte	59                              @ DW_AT_decl_line
	.byte	11                              @ DW_FORM_data1
	.byte	2                               @ DW_AT_location
	.byte	10                              @ DW_FORM_block1
	.byte	0                               @ EOM(1)
	.byte	0                               @ EOM(2)
	.byte	3                               @ Abbreviation Code
	.byte	1                               @ DW_TAG_array_type
	.byte	1                               @ DW_CHILDREN_yes
	.byte	73                              @ DW_AT_type
	.byte	19                              @ DW_FORM_ref4
	.byte	0                               @ EOM(1)
	.byte	0                               @ EOM(2)
	.byte	4                               @ Abbreviation Code
	.byte	33                              @ DW_TAG_subrange_type
	.byte	0                               @ DW_CHILDREN_no
	.byte	73                              @ DW_AT_type
	.byte	19                              @ DW_FORM_ref4
	.byte	55                              @ DW_AT_count
	.byte	11                              @ DW_FORM_data1
	.byte	0                               @ EOM(1)
	.byte	0                               @ EOM(2)
	.byte	5                               @ Abbreviation Code
	.byte	38                              @ DW_TAG_const_type
	.byte	0                               @ DW_CHILDREN_no
	.byte	73                              @ DW_AT_type
	.byte	19                              @ DW_FORM_ref4
	.byte	0                               @ EOM(1)
	.byte	0                               @ EOM(2)
	.byte	6                               @ Abbreviation Code
	.byte	36                              @ DW_TAG_base_type
	.byte	0                               @ DW_CHILDREN_no
	.byte	3                               @ DW_AT_name
	.byte	14                              @ DW_FORM_strp
	.byte	62                              @ DW_AT_encoding
	.byte	11                              @ DW_FORM_data1
	.byte	11                              @ DW_AT_byte_size
	.byte	11                              @ DW_FORM_data1
	.byte	0                               @ EOM(1)
	.byte	0                               @ EOM(2)
	.byte	7                               @ Abbreviation Code
	.byte	36                              @ DW_TAG_base_type
	.byte	0                               @ DW_CHILDREN_no
	.byte	3                               @ DW_AT_name
	.byte	14                              @ DW_FORM_strp
	.byte	11                              @ DW_AT_byte_size
	.byte	11                              @ DW_FORM_data1
	.byte	62                              @ DW_AT_encoding
	.byte	11                              @ DW_FORM_data1
	.byte	0                               @ EOM(1)
	.byte	0                               @ EOM(2)
	.byte	8                               @ Abbreviation Code
	.byte	19                              @ DW_TAG_structure_type
	.byte	1                               @ DW_CHILDREN_yes
	.byte	3                               @ DW_AT_name
	.byte	14                              @ DW_FORM_strp
	.byte	11                              @ DW_AT_byte_size
	.byte	11                              @ DW_FORM_data1
	.byte	58                              @ DW_AT_decl_file
	.byte	11                              @ DW_FORM_data1
	.byte	59                              @ DW_AT_decl_line
	.byte	11                              @ DW_FORM_data1
	.byte	0                               @ EOM(1)
	.byte	0                               @ EOM(2)
	.byte	9                               @ Abbreviation Code
	.byte	13                              @ DW_TAG_member
	.byte	0                               @ DW_CHILDREN_no
	.byte	3                               @ DW_AT_name
	.byte	14                              @ DW_FORM_strp
	.byte	73                              @ DW_AT_type
	.byte	19                              @ DW_FORM_ref4
	.byte	58                              @ DW_AT_decl_file
	.byte	11                              @ DW_FORM_data1
	.byte	59                              @ DW_AT_decl_line
	.byte	11                              @ DW_FORM_data1
	.byte	56                              @ DW_AT_data_member_location
	.byte	11                              @ DW_FORM_data1
	.byte	0                               @ EOM(1)
	.byte	0                               @ EOM(2)
	.byte	10                              @ Abbreviation Code
	.byte	15                              @ DW_TAG_pointer_type
	.byte	0                               @ DW_CHILDREN_no
	.byte	73                              @ DW_AT_type
	.byte	19                              @ DW_FORM_ref4
	.byte	0                               @ EOM(1)
	.byte	0                               @ EOM(2)
	.byte	11                              @ Abbreviation Code
	.byte	22                              @ DW_TAG_typedef
	.byte	0                               @ DW_CHILDREN_no
	.byte	73                              @ DW_AT_type
	.byte	19                              @ DW_FORM_ref4
	.byte	3                               @ DW_AT_name
	.byte	14                              @ DW_FORM_strp
	.byte	58                              @ DW_AT_decl_file
	.byte	11                              @ DW_FORM_data1
	.byte	59                              @ DW_AT_decl_line
	.byte	11                              @ DW_FORM_data1
	.byte	0                               @ EOM(1)
	.byte	0                               @ EOM(2)
	.byte	12                              @ Abbreviation Code
	.byte	21                              @ DW_TAG_subroutine_type
	.byte	0                               @ DW_CHILDREN_no
	.byte	73                              @ DW_AT_type
	.byte	19                              @ DW_FORM_ref4
	.byte	39                              @ DW_AT_prototyped
	.byte	12                              @ DW_FORM_flag
	.byte	0                               @ EOM(1)
	.byte	0                               @ EOM(2)
	.byte	13                              @ Abbreviation Code
	.byte	46                              @ DW_TAG_subprogram
	.byte	1                               @ DW_CHILDREN_yes
	.byte	17                              @ DW_AT_low_pc
	.byte	1                               @ DW_FORM_addr
	.byte	18                              @ DW_AT_high_pc
	.byte	1                               @ DW_FORM_addr
	.byte	64                              @ DW_AT_frame_base
	.byte	10                              @ DW_FORM_block1
	.byte	3                               @ DW_AT_name
	.byte	14                              @ DW_FORM_strp
	.byte	58                              @ DW_AT_decl_file
	.byte	11                              @ DW_FORM_data1
	.byte	59                              @ DW_AT_decl_line
	.byte	11                              @ DW_FORM_data1
	.byte	39                              @ DW_AT_prototyped
	.byte	12                              @ DW_FORM_flag
	.byte	0                               @ EOM(1)
	.byte	0                               @ EOM(2)
	.byte	14                              @ Abbreviation Code
	.byte	5                               @ DW_TAG_formal_parameter
	.byte	0                               @ DW_CHILDREN_no
	.byte	2                               @ DW_AT_location
	.byte	6                               @ DW_FORM_data4
	.byte	3                               @ DW_AT_name
	.byte	14                              @ DW_FORM_strp
	.byte	58                              @ DW_AT_decl_file
	.byte	11                              @ DW_FORM_data1
	.byte	59                              @ DW_AT_decl_line
	.byte	11                              @ DW_FORM_data1
	.byte	73                              @ DW_AT_type
	.byte	19                              @ DW_FORM_ref4
	.byte	0                               @ EOM(1)
	.byte	0                               @ EOM(2)
	.byte	15                              @ Abbreviation Code
	.byte	52                              @ DW_TAG_variable
	.byte	0                               @ DW_CHILDREN_no
	.byte	2                               @ DW_AT_location
	.byte	6                               @ DW_FORM_data4
	.byte	3                               @ DW_AT_name
	.byte	14                              @ DW_FORM_strp
	.byte	58                              @ DW_AT_decl_file
	.byte	11                              @ DW_FORM_data1
	.byte	59                              @ DW_AT_decl_line
	.byte	11                              @ DW_FORM_data1
	.byte	73                              @ DW_AT_type
	.byte	19                              @ DW_FORM_ref4
	.byte	0                               @ EOM(1)
	.byte	0                               @ EOM(2)
	.byte	0                               @ EOM(3)
	.section	.debug_info,"",%progbits
.Lcu_begin0:
	.long	.Ldebug_info_end0-.Ldebug_info_start0 @ Length of Unit
.Ldebug_info_start0:
	.short	3                               @ DWARF version number
	.long	.debug_abbrev                   @ Offset Into Abbrev. Section
	.byte	4                               @ Address Size (in bytes)
	.byte	1                               @ Abbrev [1] 0xb:0x320 DW_TAG_compile_unit
	.long	.Linfo_string0                  @ DW_AT_producer
	.short	12                              @ DW_AT_language
	.long	.Linfo_string1                  @ DW_AT_name
	.long	.Lline_table_start0             @ DW_AT_stmt_list
	.long	.Linfo_string2                  @ DW_AT_comp_dir
	.long	0                               @ DW_AT_low_pc
	.long	.Ldebug_ranges0                 @ DW_AT_ranges
	.byte	2                               @ Abbrev [2] 0x26:0x12 DW_TAG_variable
	.long	.Linfo_string3                  @ DW_AT_name
	.long	56                              @ DW_AT_type
	.byte	1                               @ DW_AT_external
	.byte	1                               @ DW_AT_decl_file
	.byte	52                              @ DW_AT_decl_line
	.byte	5                               @ DW_AT_location
	.byte	3
	.long	__fsym___cmd_setenv_name
	.byte	3                               @ Abbrev [3] 0x38:0xc DW_TAG_array_type
	.long	68                              @ DW_AT_type
	.byte	4                               @ Abbrev [4] 0x3d:0x6 DW_TAG_subrange_type
	.long	80                              @ DW_AT_type
	.byte	13                              @ DW_AT_count
	.byte	0                               @ End Of Children Mark
	.byte	5                               @ Abbrev [5] 0x44:0x5 DW_TAG_const_type
	.long	73                              @ DW_AT_type
	.byte	6                               @ Abbrev [6] 0x49:0x7 DW_TAG_base_type
	.long	.Linfo_string4                  @ DW_AT_name
	.byte	6                               @ DW_AT_encoding
	.byte	1                               @ DW_AT_byte_size
	.byte	7                               @ Abbrev [7] 0x50:0x7 DW_TAG_base_type
	.long	.Linfo_string5                  @ DW_AT_name
	.byte	8                               @ DW_AT_byte_size
	.byte	7                               @ DW_AT_encoding
	.byte	2                               @ Abbrev [2] 0x57:0x12 DW_TAG_variable
	.long	.Linfo_string6                  @ DW_AT_name
	.long	105                             @ DW_AT_type
	.byte	1                               @ DW_AT_external
	.byte	1                               @ DW_AT_decl_file
	.byte	52                              @ DW_AT_decl_line
	.byte	5                               @ DW_AT_location
	.byte	3
	.long	__fsym___cmd_setenv_desc
	.byte	3                               @ Abbrev [3] 0x69:0xc DW_TAG_array_type
	.long	68                              @ DW_AT_type
	.byte	4                               @ Abbrev [4] 0x6e:0x6 DW_TAG_subrange_type
	.long	80                              @ DW_AT_type
	.byte	29                              @ DW_AT_count
	.byte	0                               @ End Of Children Mark
	.byte	2                               @ Abbrev [2] 0x75:0x12 DW_TAG_variable
	.long	.Linfo_string7                  @ DW_AT_name
	.long	135                             @ DW_AT_type
	.byte	1                               @ DW_AT_external
	.byte	1                               @ DW_AT_decl_file
	.byte	52                              @ DW_AT_decl_line
	.byte	5                               @ DW_AT_location
	.byte	3
	.long	__fsym___cmd_setenv
	.byte	5                               @ Abbrev [5] 0x87:0x5 DW_TAG_const_type
	.long	140                             @ DW_AT_type
	.byte	8                               @ Abbrev [8] 0x8c:0x2d DW_TAG_structure_type
	.long	.Linfo_string13                 @ DW_AT_name
	.byte	12                              @ DW_AT_byte_size
	.byte	2                               @ DW_AT_decl_file
	.byte	21                              @ DW_AT_decl_line
	.byte	9                               @ Abbrev [9] 0x94:0xc DW_TAG_member
	.long	.Linfo_string8                  @ DW_AT_name
	.long	185                             @ DW_AT_type
	.byte	2                               @ DW_AT_decl_file
	.byte	23                              @ DW_AT_decl_line
	.byte	0                               @ DW_AT_data_member_location
	.byte	9                               @ Abbrev [9] 0xa0:0xc DW_TAG_member
	.long	.Linfo_string9                  @ DW_AT_name
	.long	185                             @ DW_AT_type
	.byte	2                               @ DW_AT_decl_file
	.byte	25                              @ DW_AT_decl_line
	.byte	4                               @ DW_AT_data_member_location
	.byte	9                               @ Abbrev [9] 0xac:0xc DW_TAG_member
	.long	.Linfo_string10                 @ DW_AT_name
	.long	190                             @ DW_AT_type
	.byte	2                               @ DW_AT_decl_file
	.byte	27                              @ DW_AT_decl_line
	.byte	8                               @ DW_AT_data_member_location
	.byte	0                               @ End Of Children Mark
	.byte	10                              @ Abbrev [10] 0xb9:0x5 DW_TAG_pointer_type
	.long	68                              @ DW_AT_type
	.byte	11                              @ Abbrev [11] 0xbe:0xb DW_TAG_typedef
	.long	201                             @ DW_AT_type
	.long	.Linfo_string12                 @ DW_AT_name
	.byte	2                               @ DW_AT_decl_file
	.byte	18                              @ DW_AT_decl_line
	.byte	10                              @ Abbrev [10] 0xc9:0x5 DW_TAG_pointer_type
	.long	206                             @ DW_AT_type
	.byte	12                              @ Abbrev [12] 0xce:0x6 DW_TAG_subroutine_type
	.long	212                             @ DW_AT_type
	.byte	1                               @ DW_AT_prototyped
	.byte	6                               @ Abbrev [6] 0xd4:0x7 DW_TAG_base_type
	.long	.Linfo_string11                 @ DW_AT_name
	.byte	5                               @ DW_AT_encoding
	.byte	4                               @ DW_AT_byte_size
	.byte	2                               @ Abbrev [2] 0xdb:0x12 DW_TAG_variable
	.long	.Linfo_string14                 @ DW_AT_name
	.long	237                             @ DW_AT_type
	.byte	1                               @ DW_AT_external
	.byte	1                               @ DW_AT_decl_file
	.byte	57                              @ DW_AT_decl_line
	.byte	5                               @ DW_AT_location
	.byte	3
	.long	__fsym___cmd_printenv_name
	.byte	3                               @ Abbrev [3] 0xed:0xc DW_TAG_array_type
	.long	68                              @ DW_AT_type
	.byte	4                               @ Abbrev [4] 0xf2:0x6 DW_TAG_subrange_type
	.long	80                              @ DW_AT_type
	.byte	15                              @ DW_AT_count
	.byte	0                               @ End Of Children Mark
	.byte	2                               @ Abbrev [2] 0xf9:0x12 DW_TAG_variable
	.long	.Linfo_string15                 @ DW_AT_name
	.long	267                             @ DW_AT_type
	.byte	1                               @ DW_AT_external
	.byte	1                               @ DW_AT_decl_file
	.byte	57                              @ DW_AT_decl_line
	.byte	5                               @ DW_AT_location
	.byte	3
	.long	__fsym___cmd_printenv_desc
	.byte	3                               @ Abbrev [3] 0x10b:0xc DW_TAG_array_type
	.long	68                              @ DW_AT_type
	.byte	4                               @ Abbrev [4] 0x110:0x6 DW_TAG_subrange_type
	.long	80                              @ DW_AT_type
	.byte	33                              @ DW_AT_count
	.byte	0                               @ End Of Children Mark
	.byte	2                               @ Abbrev [2] 0x117:0x12 DW_TAG_variable
	.long	.Linfo_string16                 @ DW_AT_name
	.long	135                             @ DW_AT_type
	.byte	1                               @ DW_AT_external
	.byte	1                               @ DW_AT_decl_file
	.byte	57                              @ DW_AT_decl_line
	.byte	5                               @ DW_AT_location
	.byte	3
	.long	__fsym___cmd_printenv
	.byte	2                               @ Abbrev [2] 0x129:0x12 DW_TAG_variable
	.long	.Linfo_string17                 @ DW_AT_name
	.long	315                             @ DW_AT_type
	.byte	1                               @ DW_AT_external
	.byte	1                               @ DW_AT_decl_file
	.byte	62                              @ DW_AT_decl_line
	.byte	5                               @ DW_AT_location
	.byte	3
	.long	__fsym___cmd_saveenv_name
	.byte	3                               @ Abbrev [3] 0x13b:0xc DW_TAG_array_type
	.long	68                              @ DW_AT_type
	.byte	4                               @ Abbrev [4] 0x140:0x6 DW_TAG_subrange_type
	.long	80                              @ DW_AT_type
	.byte	14                              @ DW_AT_count
	.byte	0                               @ End Of Children Mark
	.byte	2                               @ Abbrev [2] 0x147:0x12 DW_TAG_variable
	.long	.Linfo_string18                 @ DW_AT_name
	.long	345                             @ DW_AT_type
	.byte	1                               @ DW_AT_external
	.byte	1                               @ DW_AT_decl_file
	.byte	62                              @ DW_AT_decl_line
	.byte	5                               @ DW_AT_location
	.byte	3
	.long	__fsym___cmd_saveenv_desc
	.byte	3                               @ Abbrev [3] 0x159:0xc DW_TAG_array_type
	.long	68                              @ DW_AT_type
	.byte	4                               @ Abbrev [4] 0x15e:0x6 DW_TAG_subrange_type
	.long	80                              @ DW_AT_type
	.byte	41                              @ DW_AT_count
	.byte	0                               @ End Of Children Mark
	.byte	2                               @ Abbrev [2] 0x165:0x12 DW_TAG_variable
	.long	.Linfo_string19                 @ DW_AT_name
	.long	135                             @ DW_AT_type
	.byte	1                               @ DW_AT_external
	.byte	1                               @ DW_AT_decl_file
	.byte	62                              @ DW_AT_decl_line
	.byte	5                               @ DW_AT_location
	.byte	3
	.long	__fsym___cmd_saveenv
	.byte	2                               @ Abbrev [2] 0x177:0x12 DW_TAG_variable
	.long	.Linfo_string20                 @ DW_AT_name
	.long	237                             @ DW_AT_type
	.byte	1                               @ DW_AT_external
	.byte	1                               @ DW_AT_decl_file
	.byte	73                              @ DW_AT_decl_line
	.byte	5                               @ DW_AT_location
	.byte	3
	.long	__fsym___cmd_getvalue_name
	.byte	2                               @ Abbrev [2] 0x189:0x12 DW_TAG_variable
	.long	.Linfo_string21                 @ DW_AT_name
	.long	411                             @ DW_AT_type
	.byte	1                               @ DW_AT_external
	.byte	1                               @ DW_AT_decl_file
	.byte	73                              @ DW_AT_decl_line
	.byte	5                               @ DW_AT_location
	.byte	3
	.long	__fsym___cmd_getvalue_desc
	.byte	3                               @ Abbrev [3] 0x19b:0xc DW_TAG_array_type
	.long	68                              @ DW_AT_type
	.byte	4                               @ Abbrev [4] 0x1a0:0x6 DW_TAG_subrange_type
	.long	80                              @ DW_AT_type
	.byte	37                              @ DW_AT_count
	.byte	0                               @ End Of Children Mark
	.byte	2                               @ Abbrev [2] 0x1a7:0x12 DW_TAG_variable
	.long	.Linfo_string22                 @ DW_AT_name
	.long	135                             @ DW_AT_type
	.byte	1                               @ DW_AT_external
	.byte	1                               @ DW_AT_decl_file
	.byte	73                              @ DW_AT_decl_line
	.byte	5                               @ DW_AT_location
	.byte	3
	.long	__fsym___cmd_getvalue
	.byte	2                               @ Abbrev [2] 0x1b9:0x12 DW_TAG_variable
	.long	.Linfo_string23                 @ DW_AT_name
	.long	237                             @ DW_AT_type
	.byte	1                               @ DW_AT_external
	.byte	1                               @ DW_AT_decl_file
	.byte	78                              @ DW_AT_decl_line
	.byte	5                               @ DW_AT_location
	.byte	3
	.long	__fsym___cmd_resetenv_name
	.byte	2                               @ Abbrev [2] 0x1cb:0x12 DW_TAG_variable
	.long	.Linfo_string24                 @ DW_AT_name
	.long	477                             @ DW_AT_type
	.byte	1                               @ DW_AT_external
	.byte	1                               @ DW_AT_decl_file
	.byte	78                              @ DW_AT_decl_line
	.byte	5                               @ DW_AT_location
	.byte	3
	.long	__fsym___cmd_resetenv_desc
	.byte	3                               @ Abbrev [3] 0x1dd:0xc DW_TAG_array_type
	.long	68                              @ DW_AT_type
	.byte	4                               @ Abbrev [4] 0x1e2:0x6 DW_TAG_subrange_type
	.long	80                              @ DW_AT_type
	.byte	43                              @ DW_AT_count
	.byte	0                               @ End Of Children Mark
	.byte	2                               @ Abbrev [2] 0x1e9:0x12 DW_TAG_variable
	.long	.Linfo_string25                 @ DW_AT_name
	.long	135                             @ DW_AT_type
	.byte	1                               @ DW_AT_external
	.byte	1                               @ DW_AT_decl_file
	.byte	78                              @ DW_AT_decl_line
	.byte	5                               @ DW_AT_location
	.byte	3
	.long	__fsym___cmd_resetenv
	.byte	13                              @ Abbrev [13] 0x1fb:0x40 DW_TAG_subprogram
	.long	.Lfunc_begin0                   @ DW_AT_low_pc
	.long	.Lfunc_end0                     @ DW_AT_high_pc
	.byte	1                               @ DW_AT_frame_base
	.byte	93
	.long	.Linfo_string26                 @ DW_AT_name
	.byte	1                               @ DW_AT_decl_file
	.byte	35                              @ DW_AT_decl_line
	.byte	1                               @ DW_AT_prototyped
	.byte	14                              @ Abbrev [14] 0x20d:0xf DW_TAG_formal_parameter
	.long	.Ldebug_loc0                    @ DW_AT_location
	.long	.Linfo_string31                 @ DW_AT_name
	.byte	1                               @ DW_AT_decl_file
	.byte	35                              @ DW_AT_decl_line
	.long	782                             @ DW_AT_type
	.byte	14                              @ Abbrev [14] 0x21c:0xf DW_TAG_formal_parameter
	.long	.Ldebug_loc1                    @ DW_AT_location
	.long	.Linfo_string34                 @ DW_AT_name
	.byte	1                               @ DW_AT_decl_file
	.byte	35                              @ DW_AT_decl_line
	.long	800                             @ DW_AT_type
	.byte	15                              @ Abbrev [15] 0x22b:0xf DW_TAG_variable
	.long	.Ldebug_loc2                    @ DW_AT_location
	.long	.Linfo_string35                 @ DW_AT_name
	.byte	1                               @ DW_AT_decl_file
	.byte	36                              @ DW_AT_decl_line
	.long	782                             @ DW_AT_type
	.byte	0                               @ End Of Children Mark
	.byte	13                              @ Abbrev [13] 0x23b:0x31 DW_TAG_subprogram
	.long	.Lfunc_begin1                   @ DW_AT_low_pc
	.long	.Lfunc_end1                     @ DW_AT_high_pc
	.byte	1                               @ DW_AT_frame_base
	.byte	93
	.long	.Linfo_string27                 @ DW_AT_name
	.byte	1                               @ DW_AT_decl_file
	.byte	54                              @ DW_AT_decl_line
	.byte	1                               @ DW_AT_prototyped
	.byte	14                              @ Abbrev [14] 0x24d:0xf DW_TAG_formal_parameter
	.long	.Ldebug_loc3                    @ DW_AT_location
	.long	.Linfo_string31                 @ DW_AT_name
	.byte	1                               @ DW_AT_decl_file
	.byte	54                              @ DW_AT_decl_line
	.long	782                             @ DW_AT_type
	.byte	14                              @ Abbrev [14] 0x25c:0xf DW_TAG_formal_parameter
	.long	.Ldebug_loc4                    @ DW_AT_location
	.long	.Linfo_string34                 @ DW_AT_name
	.byte	1                               @ DW_AT_decl_file
	.byte	54                              @ DW_AT_decl_line
	.long	800                             @ DW_AT_type
	.byte	0                               @ End Of Children Mark
	.byte	13                              @ Abbrev [13] 0x26c:0x31 DW_TAG_subprogram
	.long	.Lfunc_begin2                   @ DW_AT_low_pc
	.long	.Lfunc_end2                     @ DW_AT_high_pc
	.byte	1                               @ DW_AT_frame_base
	.byte	93
	.long	.Linfo_string28                 @ DW_AT_name
	.byte	1                               @ DW_AT_decl_file
	.byte	59                              @ DW_AT_decl_line
	.byte	1                               @ DW_AT_prototyped
	.byte	14                              @ Abbrev [14] 0x27e:0xf DW_TAG_formal_parameter
	.long	.Ldebug_loc5                    @ DW_AT_location
	.long	.Linfo_string31                 @ DW_AT_name
	.byte	1                               @ DW_AT_decl_file
	.byte	59                              @ DW_AT_decl_line
	.long	782                             @ DW_AT_type
	.byte	14                              @ Abbrev [14] 0x28d:0xf DW_TAG_formal_parameter
	.long	.Ldebug_loc6                    @ DW_AT_location
	.long	.Linfo_string34                 @ DW_AT_name
	.byte	1                               @ DW_AT_decl_file
	.byte	59                              @ DW_AT_decl_line
	.long	800                             @ DW_AT_type
	.byte	0                               @ End Of Children Mark
	.byte	13                              @ Abbrev [13] 0x29d:0x40 DW_TAG_subprogram
	.long	.Lfunc_begin3                   @ DW_AT_low_pc
	.long	.Lfunc_end3                     @ DW_AT_high_pc
	.byte	1                               @ DW_AT_frame_base
	.byte	93
	.long	.Linfo_string29                 @ DW_AT_name
	.byte	1                               @ DW_AT_decl_file
	.byte	64                              @ DW_AT_decl_line
	.byte	1                               @ DW_AT_prototyped
	.byte	14                              @ Abbrev [14] 0x2af:0xf DW_TAG_formal_parameter
	.long	.Ldebug_loc7                    @ DW_AT_location
	.long	.Linfo_string31                 @ DW_AT_name
	.byte	1                               @ DW_AT_decl_file
	.byte	64                              @ DW_AT_decl_line
	.long	782                             @ DW_AT_type
	.byte	14                              @ Abbrev [14] 0x2be:0xf DW_TAG_formal_parameter
	.long	.Ldebug_loc8                    @ DW_AT_location
	.long	.Linfo_string34                 @ DW_AT_name
	.byte	1                               @ DW_AT_decl_file
	.byte	64                              @ DW_AT_decl_line
	.long	800                             @ DW_AT_type
	.byte	15                              @ Abbrev [15] 0x2cd:0xf DW_TAG_variable
	.long	.Ldebug_loc9                    @ DW_AT_location
	.long	.Linfo_string36                 @ DW_AT_name
	.byte	1                               @ DW_AT_decl_file
	.byte	65                              @ DW_AT_decl_line
	.long	805                             @ DW_AT_type
	.byte	0                               @ End Of Children Mark
	.byte	13                              @ Abbrev [13] 0x2dd:0x31 DW_TAG_subprogram
	.long	.Lfunc_begin4                   @ DW_AT_low_pc
	.long	.Lfunc_end4                     @ DW_AT_high_pc
	.byte	1                               @ DW_AT_frame_base
	.byte	93
	.long	.Linfo_string30                 @ DW_AT_name
	.byte	1                               @ DW_AT_decl_file
	.byte	75                              @ DW_AT_decl_line
	.byte	1                               @ DW_AT_prototyped
	.byte	14                              @ Abbrev [14] 0x2ef:0xf DW_TAG_formal_parameter
	.long	.Ldebug_loc10                   @ DW_AT_location
	.long	.Linfo_string31                 @ DW_AT_name
	.byte	1                               @ DW_AT_decl_file
	.byte	75                              @ DW_AT_decl_line
	.long	782                             @ DW_AT_type
	.byte	14                              @ Abbrev [14] 0x2fe:0xf DW_TAG_formal_parameter
	.long	.Ldebug_loc11                   @ DW_AT_location
	.long	.Linfo_string34                 @ DW_AT_name
	.byte	1                               @ DW_AT_decl_file
	.byte	75                              @ DW_AT_decl_line
	.long	800                             @ DW_AT_type
	.byte	0                               @ End Of Children Mark
	.byte	11                              @ Abbrev [11] 0x30e:0xb DW_TAG_typedef
	.long	793                             @ DW_AT_type
	.long	.Linfo_string33                 @ DW_AT_name
	.byte	3                               @ DW_AT_decl_file
	.byte	62                              @ DW_AT_decl_line
	.byte	6                               @ Abbrev [6] 0x319:0x7 DW_TAG_base_type
	.long	.Linfo_string32                 @ DW_AT_name
	.byte	8                               @ DW_AT_encoding
	.byte	1                               @ DW_AT_byte_size
	.byte	10                              @ Abbrev [10] 0x320:0x5 DW_TAG_pointer_type
	.long	805                             @ DW_AT_type
	.byte	10                              @ Abbrev [10] 0x325:0x5 DW_TAG_pointer_type
	.long	73                              @ DW_AT_type
	.byte	0                               @ End Of Children Mark
.Ldebug_info_end0:
	.section	.debug_ranges,"",%progbits
.Ldebug_ranges0:
	.long	.Lfunc_begin0
	.long	.Lfunc_end0
	.long	.Lfunc_begin1
	.long	.Lfunc_end1
	.long	.Lfunc_begin2
	.long	.Lfunc_end2
	.long	.Lfunc_begin3
	.long	.Lfunc_end3
	.long	.Lfunc_begin4
	.long	.Lfunc_end4
	.long	0
	.long	0
	.section	.debug_str,"MS",%progbits,1
.Linfo_string0:
	.asciz	"Component: ARM Compiler 6.16 Tool: armclang [5dfeb700]" @ string offset=0
.Linfo_string1:
	.asciz	"packages/EasyFlash-v4.1.0/src\\ef_cmd.c" @ string offset=55
.Linfo_string2:
	.asciz	"E:\\Smart-access-control\\Hardware\\CODE" @ string offset=94
.Linfo_string3:
	.asciz	"__fsym___cmd_setenv_name"      @ string offset=132
.Linfo_string4:
	.asciz	"char"                          @ string offset=157
.Linfo_string5:
	.asciz	"__ARRAY_SIZE_TYPE__"           @ string offset=162
.Linfo_string6:
	.asciz	"__fsym___cmd_setenv_desc"      @ string offset=182
.Linfo_string7:
	.asciz	"__fsym___cmd_setenv"           @ string offset=207
.Linfo_string8:
	.asciz	"name"                          @ string offset=227
.Linfo_string9:
	.asciz	"desc"                          @ string offset=232
.Linfo_string10:
	.asciz	"func"                          @ string offset=237
.Linfo_string11:
	.asciz	"long int"                      @ string offset=242
.Linfo_string12:
	.asciz	"syscall_func"                  @ string offset=251
.Linfo_string13:
	.asciz	"finsh_syscall"                 @ string offset=264
.Linfo_string14:
	.asciz	"__fsym___cmd_printenv_name"    @ string offset=278
.Linfo_string15:
	.asciz	"__fsym___cmd_printenv_desc"    @ string offset=305
.Linfo_string16:
	.asciz	"__fsym___cmd_printenv"         @ string offset=332
.Linfo_string17:
	.asciz	"__fsym___cmd_saveenv_name"     @ string offset=354
.Linfo_string18:
	.asciz	"__fsym___cmd_saveenv_desc"     @ string offset=380
.Linfo_string19:
	.asciz	"__fsym___cmd_saveenv"          @ string offset=406
.Linfo_string20:
	.asciz	"__fsym___cmd_getvalue_name"    @ string offset=427
.Linfo_string21:
	.asciz	"__fsym___cmd_getvalue_desc"    @ string offset=454
.Linfo_string22:
	.asciz	"__fsym___cmd_getvalue"         @ string offset=481
.Linfo_string23:
	.asciz	"__fsym___cmd_resetenv_name"    @ string offset=503
.Linfo_string24:
	.asciz	"__fsym___cmd_resetenv_desc"    @ string offset=530
.Linfo_string25:
	.asciz	"__fsym___cmd_resetenv"         @ string offset=557
.Linfo_string26:
	.asciz	"__setenv"                      @ string offset=579
.Linfo_string27:
	.asciz	"printenv"                      @ string offset=588
.Linfo_string28:
	.asciz	"saveenv"                       @ string offset=597
.Linfo_string29:
	.asciz	"getvalue"                      @ string offset=605
.Linfo_string30:
	.asciz	"resetenv"                      @ string offset=614
.Linfo_string31:
	.asciz	"argc"                          @ string offset=623
.Linfo_string32:
	.asciz	"unsigned char"                 @ string offset=628
.Linfo_string33:
	.asciz	"uint8_t"                       @ string offset=642
.Linfo_string34:
	.asciz	"argv"                          @ string offset=650
.Linfo_string35:
	.asciz	"i"                             @ string offset=655
.Linfo_string36:
	.asciz	"value"                         @ string offset=657
	.ident	"Component: ARM Compiler 6.16 Tool: armclang [5dfeb700]"
	.section	".note.GNU-stack","",%progbits
	.eabi_attribute	30, 1	@ Tag_ABI_optimization_goals
	.ARM_attribute	16, 1	@ Tag_AV_eba
	.section	.debug_line,"",%progbits
.Lline_table_start0:
