	.text
	.syntax unified
	.eabi_attribute	67, "2.09"	@ Tag_conformance
	.cpu	cortex-m7
	.eabi_attribute	6, 13	@ Tag_CPU_arch
	.eabi_attribute	7, 77	@ Tag_CPU_arch_profile
	.eabi_attribute	8, 0	@ Tag_ARM_ISA_use
	.eabi_attribute	9, 2	@ Tag_THUMB_ISA_use
	.fpu	fpv5-d16
	.eabi_attribute	36, 1	@ Tag_FP_HP_extension
	.eabi_attribute	34, 1	@ Tag_CPU_unaligned_access
	.eabi_attribute	17, 1	@ Tag_ABI_PCS_GOT_use
	.eabi_attribute	20, 2	@ Tag_ABI_FP_denormal
	.eabi_attribute	21, 0	@ Tag_ABI_FP_exceptions
	.eabi_attribute	23, 1	@ Tag_ABI_FP_number_model
	.eabi_attribute	24, 1	@ Tag_ABI_align_needed
	.eabi_attribute	25, 1	@ Tag_ABI_align_preserved
	.eabi_attribute	28, 1	@ Tag_ABI_VFP_args
	.eabi_attribute	38, 1	@ Tag_ABI_FP_16bit_format
	.eabi_attribute	18, 2	@ Tag_ABI_PCS_wchar_t
	.eabi_attribute	26, 1	@ Tag_ABI_enum_size
	.eabi_attribute	14, 0	@ Tag_ABI_PCS_R9_use
	.file	"ef_fal_port.c"
	.file	1 "E:\\Smart-access-control\\Hardware\\CODE" "board/port/ef_fal_port.c"
	.file	2 "E:\\Smart-access-control\\Hardware\\CODE" "rt-thread/include\\rtdef.h"
	.file	3 "E:\\Smart-access-control\\Hardware\\CODE" "./packages/EasyFlash-v4.1.0/inc\\ef_def.h"
	.file	4 "D:\\Keil_v5\\ARM\\ARMCLANG\\Bin\\..\\include" "stddef.h"
	.file	5 "D:\\Keil_v5\\ARM\\ARMCLANG\\Bin\\..\\include" "stdint.h"
	.file	6 "E:\\Smart-access-control\\Hardware\\CODE" "./packages/fal-v0.5.0/inc/fal_def.h"
	.section	.text.ef_port_init,"ax",%progbits
	.hidden	ef_port_init                    @ -- Begin function ef_port_init
	.globl	ef_port_init
	.p2align	3
	.type	ef_port_init,%function
	.code	16                              @ @ef_port_init
	.thumb_func
ef_port_init:
.Lfunc_begin0:
	.loc	1 58 0                          @ board/port/ef_fal_port.c:58:0
	.fnstart
	.cfi_sections .debug_frame
	.cfi_startproc
@ %bb.0:
	.save	{r7, lr}
	push	{r7, lr}
	.cfi_def_cfa_offset 8
	.cfi_offset lr, -4
	.cfi_offset r7, -8
	.pad	#16
	sub	sp, #16
	.cfi_def_cfa_offset 24
	str	r0, [sp, #12]
	str	r1, [sp, #8]
	movs	r0, #0
.Ltmp0:
	.loc	1 59 15 prologue_end            @ board/port/ef_fal_port.c:59:15
	strb.w	r0, [sp, #7]
	.loc	1 61 6                          @ board/port/ef_fal_port.c:61:6
	ldr	r1, [sp, #12]
	.loc	1 61 18 is_stmt 0               @ board/port/ef_fal_port.c:61:18
	movw	r0, :lower16:default_env_set
	movt	r0, :upper16:default_env_set
	str	r0, [r1]
	.loc	1 62 6 is_stmt 1                @ board/port/ef_fal_port.c:62:6
	ldr	r0, [sp, #8]
	movs	r3, #1
	.loc	1 62 23 is_stmt 0               @ board/port/ef_fal_port.c:62:23
	str	r3, [r0]
	.loc	1 64 5 is_stmt 1                @ board/port/ef_fal_port.c:64:5
	movw	r0, :lower16:env_cache_lock
	movt	r0, :upper16:env_cache_lock
	movw	r1, :lower16:.L.str
	movt	r1, :upper16:.L.str
	mov	r2, r3
	bl	rt_sem_init
	.loc	1 66 12                         @ board/port/ef_fal_port.c:66:12
	movw	r0, :lower16:.L.str.1
	movt	r0, :upper16:.L.str.1
	bl	fal_partition_find
	mov	r1, r0
	.loc	1 66 10 is_stmt 0               @ board/port/ef_fal_port.c:66:10
	movw	r0, :lower16:part
	movt	r0, :upper16:part
	str	r1, [r0]
.Ltmp1:
	.loc	1 67 5 is_stmt 1                @ board/port/ef_fal_port.c:67:5
	ldr	r0, [r0]
.Ltmp2:
	.loc	1 67 5 is_stmt 0                @ board/port/ef_fal_port.c:67:5
	cbnz	r0, .LBB0_3
	b	.LBB0_1
.LBB0_1:
.Ltmp3:
	.loc	1 67 5                          @ board/port/ef_fal_port.c:67:5
	movw	r0, :lower16:.L__FUNCTION__.ef_port_init
	movt	r0, :upper16:.L__FUNCTION__.ef_port_init
	mov	r1, sp
	str	r0, [r1]
	movw	r0, :lower16:.L.str.2
	movt	r0, :upper16:.L.str.2
	movw	r2, :lower16:.L.str.3
	movt	r2, :upper16:.L.str.3
	movw	r3, :lower16:.L.str.4
	movt	r3, :upper16:.L.str.4
	movs	r1, #67
	bl	ef_log_debug
	b	.LBB0_2
.LBB0_2:                                @ =>This Inner Loop Header: Depth=1
	b	.LBB0_2
.Ltmp4:
.LBB0_3:
	.loc	1 69 12 is_stmt 1               @ board/port/ef_fal_port.c:69:12
	ldrb.w	r0, [sp, #7]
	.loc	1 69 5 is_stmt 0                @ board/port/ef_fal_port.c:69:5
	add	sp, #16
	pop	{r7, pc}
.Ltmp5:
.Lfunc_end0:
	.size	ef_port_init, .Lfunc_end0-ef_port_init
	.cfi_endproc
	.cantunwind
	.fnend
                                        @ -- End function
	.section	.text.ef_log_debug,"ax",%progbits
	.hidden	ef_log_debug                    @ -- Begin function ef_log_debug
	.globl	ef_log_debug
	.p2align	3
	.type	ef_log_debug,%function
	.code	16                              @ @ef_log_debug
	.thumb_func
ef_log_debug:
.Lfunc_begin1:
	.loc	1 158 0 is_stmt 1               @ board/port/ef_fal_port.c:158:0
	.fnstart
	.cfi_startproc
@ %bb.0:
	.pad	#4
	sub	sp, #4
	.cfi_def_cfa_offset 4
	.save	{r7, lr}
	push	{r7, lr}
	.cfi_def_cfa_offset 12
	.cfi_offset lr, -8
	.cfi_offset r7, -12
	.pad	#20
	sub	sp, #20
	.cfi_def_cfa_offset 32
	str	r3, [sp, #28]
	str	r0, [sp, #16]
	str	r1, [sp, #12]
	str	r2, [sp, #8]
	add	r0, sp, #28
.Ltmp6:
	.loc	1 165 5 prologue_end            @ board/port/ef_fal_port.c:165:5
	str	r0, [sp, #4]
	.loc	1 166 35                        @ board/port/ef_fal_port.c:166:35
	ldr	r1, [sp, #16]
	.loc	1 166 41 is_stmt 0              @ board/port/ef_fal_port.c:166:41
	ldr	r2, [sp, #12]
	.loc	1 166 5                         @ board/port/ef_fal_port.c:166:5
	movw	r0, :lower16:.L.str.6
	movt	r0, :upper16:.L.str.6
	bl	ef_print
	.loc	1 168 26 is_stmt 1              @ board/port/ef_fal_port.c:168:26
	ldr	r1, [sp, #8]
	.loc	1 168 5 is_stmt 0               @ board/port/ef_fal_port.c:168:5
	ldr	r2, [sp, #4]
	movw	r0, :lower16:log_buf
	movt	r0, :upper16:log_buf
	str	r0, [sp]                        @ 4-byte Spill
	bl	rt_vsprintf
	ldr	r1, [sp]                        @ 4-byte Reload
	.loc	1 169 5 is_stmt 1               @ board/port/ef_fal_port.c:169:5
	movw	r0, :lower16:.L.str.7
	movt	r0, :upper16:.L.str.7
	bl	ef_print
	.loc	1 174 1                         @ board/port/ef_fal_port.c:174:1
	add	sp, #20
	pop.w	{r7, lr}
	add	sp, #4
	bx	lr
.Ltmp7:
.Lfunc_end1:
	.size	ef_log_debug, .Lfunc_end1-ef_log_debug
	.cfi_endproc
	.cantunwind
	.fnend
                                        @ -- End function
	.section	.text.ef_port_read,"ax",%progbits
	.hidden	ef_port_read                    @ -- Begin function ef_port_read
	.globl	ef_port_read
	.p2align	3
	.type	ef_port_read,%function
	.code	16                              @ @ef_port_read
	.thumb_func
ef_port_read:
.Lfunc_begin2:
	.loc	1 82 0                          @ board/port/ef_fal_port.c:82:0
	.fnstart
	.cfi_startproc
@ %bb.0:
	.save	{r7, lr}
	push	{r7, lr}
	.cfi_def_cfa_offset 8
	.cfi_offset lr, -4
	.cfi_offset r7, -8
	.pad	#16
	sub	sp, #16
	.cfi_def_cfa_offset 24
	str	r0, [sp, #12]
	str	r1, [sp, #8]
	str	r2, [sp, #4]
	movs	r0, #0
.Ltmp8:
	.loc	1 83 15 prologue_end            @ board/port/ef_fal_port.c:83:15
	strb.w	r0, [sp, #3]
	.loc	1 85 24                         @ board/port/ef_fal_port.c:85:24
	movw	r0, :lower16:part
	movt	r0, :upper16:part
	ldr	r0, [r0]
	.loc	1 85 30 is_stmt 0               @ board/port/ef_fal_port.c:85:30
	ldr	r1, [sp, #12]
	.loc	1 85 47                         @ board/port/ef_fal_port.c:85:47
	ldr	r2, [sp, #8]
	.loc	1 85 52                         @ board/port/ef_fal_port.c:85:52
	ldr	r3, [sp, #4]
	.loc	1 85 5                          @ board/port/ef_fal_port.c:85:5
	bl	fal_partition_read
	.loc	1 87 12 is_stmt 1               @ board/port/ef_fal_port.c:87:12
	ldrb.w	r0, [sp, #3]
	.loc	1 87 5 is_stmt 0                @ board/port/ef_fal_port.c:87:5
	add	sp, #16
	pop	{r7, pc}
.Ltmp9:
.Lfunc_end2:
	.size	ef_port_read, .Lfunc_end2-ef_port_read
	.cfi_endproc
	.cantunwind
	.fnend
                                        @ -- End function
	.section	.text.ef_port_erase,"ax",%progbits
	.hidden	ef_port_erase                   @ -- Begin function ef_port_erase
	.globl	ef_port_erase
	.p2align	3
	.type	ef_port_erase,%function
	.code	16                              @ @ef_port_erase
	.thumb_func
ef_port_erase:
.Lfunc_begin3:
	.loc	1 100 0 is_stmt 1               @ board/port/ef_fal_port.c:100:0
	.fnstart
	.cfi_startproc
@ %bb.0:
	.save	{r7, lr}
	push	{r7, lr}
	.cfi_def_cfa_offset 8
	.cfi_offset lr, -4
	.cfi_offset r7, -8
	.pad	#16
	sub	sp, #16
	.cfi_def_cfa_offset 24
	str	r0, [sp, #12]
	str	r1, [sp, #8]
	movs	r0, #0
.Ltmp10:
	.loc	1 101 15 prologue_end           @ board/port/ef_fal_port.c:101:15
	strb.w	r0, [sp, #7]
	.loc	1 104 5                         @ board/port/ef_fal_port.c:104:5
	ldrh.w	r0, [sp, #12]
	lsls	r0, r0, #20
	cbz	r0, .LBB3_3
	b	.LBB3_1
.LBB3_1:
.Ltmp11:
	.loc	1 104 5 is_stmt 0               @ board/port/ef_fal_port.c:104:5
	movw	r0, :lower16:.L__FUNCTION__.ef_port_erase
	movt	r0, :upper16:.L__FUNCTION__.ef_port_erase
	mov	r1, sp
	str	r0, [r1]
	movw	r0, :lower16:.L.str.2
	movt	r0, :upper16:.L.str.2
	movw	r2, :lower16:.L.str.3
	movt	r2, :upper16:.L.str.3
	movw	r3, :lower16:.L.str.5
	movt	r3, :upper16:.L.str.5
	movs	r1, #104
	bl	ef_log_debug
	b	.LBB3_2
.LBB3_2:                                @ =>This Inner Loop Header: Depth=1
	b	.LBB3_2
.Ltmp12:
.LBB3_3:
	.loc	1 106 29 is_stmt 1              @ board/port/ef_fal_port.c:106:29
	movw	r0, :lower16:part
	movt	r0, :upper16:part
	ldr	r0, [r0]
	.loc	1 106 35 is_stmt 0              @ board/port/ef_fal_port.c:106:35
	ldr	r1, [sp, #12]
	.loc	1 106 41                        @ board/port/ef_fal_port.c:106:41
	ldr	r2, [sp, #8]
	.loc	1 106 9                         @ board/port/ef_fal_port.c:106:9
	bl	fal_partition_erase
.Ltmp13:
	.loc	1 106 9                         @ board/port/ef_fal_port.c:106:9
	cmp.w	r0, #-1
	bgt	.LBB3_5
	b	.LBB3_4
.LBB3_4:
	.loc	1 0 9                           @ board/port/ef_fal_port.c:0:9
	movs	r0, #1
.Ltmp14:
	.loc	1 108 16 is_stmt 1              @ board/port/ef_fal_port.c:108:16
	strb.w	r0, [sp, #7]
	.loc	1 109 5                         @ board/port/ef_fal_port.c:109:5
	b	.LBB3_5
.Ltmp15:
.LBB3_5:
	.loc	1 111 12                        @ board/port/ef_fal_port.c:111:12
	ldrb.w	r0, [sp, #7]
	.loc	1 111 5 is_stmt 0               @ board/port/ef_fal_port.c:111:5
	add	sp, #16
	pop	{r7, pc}
.Ltmp16:
.Lfunc_end3:
	.size	ef_port_erase, .Lfunc_end3-ef_port_erase
	.cfi_endproc
	.cantunwind
	.fnend
                                        @ -- End function
	.section	.text.ef_port_write,"ax",%progbits
	.hidden	ef_port_write                   @ -- Begin function ef_port_write
	.globl	ef_port_write
	.p2align	3
	.type	ef_port_write,%function
	.code	16                              @ @ef_port_write
	.thumb_func
ef_port_write:
.Lfunc_begin4:
	.loc	1 124 0 is_stmt 1               @ board/port/ef_fal_port.c:124:0
	.fnstart
	.cfi_startproc
@ %bb.0:
	.save	{r7, lr}
	push	{r7, lr}
	.cfi_def_cfa_offset 8
	.cfi_offset lr, -4
	.cfi_offset r7, -8
	.pad	#16
	sub	sp, #16
	.cfi_def_cfa_offset 24
	str	r0, [sp, #12]
	str	r1, [sp, #8]
	str	r2, [sp, #4]
	movs	r0, #0
.Ltmp17:
	.loc	1 125 15 prologue_end           @ board/port/ef_fal_port.c:125:15
	strb.w	r0, [sp, #3]
.Ltmp18:
	.loc	1 127 29                        @ board/port/ef_fal_port.c:127:29
	movw	r0, :lower16:part
	movt	r0, :upper16:part
	ldr	r0, [r0]
	.loc	1 127 35 is_stmt 0              @ board/port/ef_fal_port.c:127:35
	ldr	r1, [sp, #12]
	.loc	1 127 52                        @ board/port/ef_fal_port.c:127:52
	ldr	r2, [sp, #8]
	.loc	1 127 57                        @ board/port/ef_fal_port.c:127:57
	ldr	r3, [sp, #4]
	.loc	1 127 9                         @ board/port/ef_fal_port.c:127:9
	bl	fal_partition_write
.Ltmp19:
	.loc	1 127 9                         @ board/port/ef_fal_port.c:127:9
	cmp.w	r0, #-1
	bgt	.LBB4_2
	b	.LBB4_1
.LBB4_1:
	.loc	1 0 9                           @ board/port/ef_fal_port.c:0:9
	movs	r0, #3
.Ltmp20:
	.loc	1 129 16 is_stmt 1              @ board/port/ef_fal_port.c:129:16
	strb.w	r0, [sp, #3]
	.loc	1 130 5                         @ board/port/ef_fal_port.c:130:5
	b	.LBB4_2
.Ltmp21:
.LBB4_2:
	.loc	1 132 12                        @ board/port/ef_fal_port.c:132:12
	ldrb.w	r0, [sp, #3]
	.loc	1 132 5 is_stmt 0               @ board/port/ef_fal_port.c:132:5
	add	sp, #16
	pop	{r7, pc}
.Ltmp22:
.Lfunc_end4:
	.size	ef_port_write, .Lfunc_end4-ef_port_write
	.cfi_endproc
	.cantunwind
	.fnend
                                        @ -- End function
	.section	.text.ef_port_env_lock,"ax",%progbits
	.hidden	ef_port_env_lock                @ -- Begin function ef_port_env_lock
	.globl	ef_port_env_lock
	.p2align	3
	.type	ef_port_env_lock,%function
	.code	16                              @ @ef_port_env_lock
	.thumb_func
ef_port_env_lock:
.Lfunc_begin5:
	.loc	1 138 0 is_stmt 1               @ board/port/ef_fal_port.c:138:0
	.fnstart
	.cfi_startproc
@ %bb.0:
	.save	{r7, lr}
	push	{r7, lr}
	.cfi_def_cfa_offset 8
	.cfi_offset lr, -4
	.cfi_offset r7, -8
.Ltmp23:
	.loc	1 139 5 prologue_end            @ board/port/ef_fal_port.c:139:5
	movw	r0, :lower16:env_cache_lock
	movt	r0, :upper16:env_cache_lock
	mov.w	r1, #-1
	bl	rt_sem_take
	.loc	1 140 1                         @ board/port/ef_fal_port.c:140:1
	pop	{r7, pc}
.Ltmp24:
.Lfunc_end5:
	.size	ef_port_env_lock, .Lfunc_end5-ef_port_env_lock
	.cfi_endproc
	.cantunwind
	.fnend
                                        @ -- End function
	.section	.text.ef_port_env_unlock,"ax",%progbits
	.hidden	ef_port_env_unlock              @ -- Begin function ef_port_env_unlock
	.globl	ef_port_env_unlock
	.p2align	3
	.type	ef_port_env_unlock,%function
	.code	16                              @ @ef_port_env_unlock
	.thumb_func
ef_port_env_unlock:
.Lfunc_begin6:
	.loc	1 145 0                         @ board/port/ef_fal_port.c:145:0
	.fnstart
	.cfi_startproc
@ %bb.0:
	.save	{r7, lr}
	push	{r7, lr}
	.cfi_def_cfa_offset 8
	.cfi_offset lr, -4
	.cfi_offset r7, -8
.Ltmp25:
	.loc	1 146 5 prologue_end            @ board/port/ef_fal_port.c:146:5
	movw	r0, :lower16:env_cache_lock
	movt	r0, :upper16:env_cache_lock
	bl	rt_sem_release
	.loc	1 147 1                         @ board/port/ef_fal_port.c:147:1
	pop	{r7, pc}
.Ltmp26:
.Lfunc_end6:
	.size	ef_port_env_unlock, .Lfunc_end6-ef_port_env_unlock
	.cfi_endproc
	.cantunwind
	.fnend
                                        @ -- End function
	.section	.text.ef_print,"ax",%progbits
	.hidden	ef_print                        @ -- Begin function ef_print
	.globl	ef_print
	.p2align	3
	.type	ef_print,%function
	.code	16                              @ @ef_print
	.thumb_func
ef_print:
.Lfunc_begin7:
	.loc	1 199 0                         @ board/port/ef_fal_port.c:199:0
	.fnstart
	.cfi_startproc
@ %bb.0:
	.pad	#12
	sub	sp, #12
	.cfi_def_cfa_offset 12
	.save	{r7, lr}
	push	{r7, lr}
	.cfi_def_cfa_offset 20
	.cfi_offset lr, -16
	.cfi_offset r7, -20
	.pad	#12
	sub	sp, #12
	.cfi_def_cfa_offset 32
	str	r3, [sp, #28]
	str	r2, [sp, #24]
	str	r1, [sp, #20]
	str	r0, [sp, #8]
	add	r0, sp, #20
.Ltmp27:
	.loc	1 203 5 prologue_end            @ board/port/ef_fal_port.c:203:5
	str	r0, [sp, #4]
	.loc	1 205 26                        @ board/port/ef_fal_port.c:205:26
	ldr	r1, [sp, #8]
	.loc	1 205 5 is_stmt 0               @ board/port/ef_fal_port.c:205:5
	ldr	r2, [sp, #4]
	movw	r0, :lower16:log_buf
	movt	r0, :upper16:log_buf
	str	r0, [sp]                        @ 4-byte Spill
	bl	rt_vsprintf
	ldr	r1, [sp]                        @ 4-byte Reload
	.loc	1 206 5 is_stmt 1               @ board/port/ef_fal_port.c:206:5
	movw	r0, :lower16:.L.str.7
	movt	r0, :upper16:.L.str.7
	bl	rt_kprintf
	.loc	1 208 1                         @ board/port/ef_fal_port.c:208:1
	add	sp, #12
	pop.w	{r7, lr}
	add	sp, #12
	bx	lr
.Ltmp28:
.Lfunc_end7:
	.size	ef_print, .Lfunc_end7-ef_print
	.cfi_endproc
	.cantunwind
	.fnend
                                        @ -- End function
	.section	.text.ef_log_info,"ax",%progbits
	.hidden	ef_log_info                     @ -- Begin function ef_log_info
	.globl	ef_log_info
	.p2align	3
	.type	ef_log_info,%function
	.code	16                              @ @ef_log_info
	.thumb_func
ef_log_info:
.Lfunc_begin8:
	.loc	1 182 0                         @ board/port/ef_fal_port.c:182:0
	.fnstart
	.cfi_startproc
@ %bb.0:
	.pad	#12
	sub	sp, #12
	.cfi_def_cfa_offset 12
	.save	{r7, lr}
	push	{r7, lr}
	.cfi_def_cfa_offset 20
	.cfi_offset lr, -16
	.cfi_offset r7, -20
	.pad	#12
	sub	sp, #12
	.cfi_def_cfa_offset 32
	str	r3, [sp, #28]
	str	r2, [sp, #24]
	str	r1, [sp, #20]
	str	r0, [sp, #8]
	add	r0, sp, #20
.Ltmp29:
	.loc	1 186 5 prologue_end            @ board/port/ef_fal_port.c:186:5
	str	r0, [sp, #4]
	.loc	1 187 5                         @ board/port/ef_fal_port.c:187:5
	movw	r0, :lower16:.L.str.8
	movt	r0, :upper16:.L.str.8
	bl	ef_print
	.loc	1 189 26                        @ board/port/ef_fal_port.c:189:26
	ldr	r1, [sp, #8]
	.loc	1 189 5 is_stmt 0               @ board/port/ef_fal_port.c:189:5
	ldr	r2, [sp, #4]
	movw	r0, :lower16:log_buf
	movt	r0, :upper16:log_buf
	str	r0, [sp]                        @ 4-byte Spill
	bl	rt_vsprintf
	ldr	r1, [sp]                        @ 4-byte Reload
	.loc	1 190 5 is_stmt 1               @ board/port/ef_fal_port.c:190:5
	movw	r0, :lower16:.L.str.7
	movt	r0, :upper16:.L.str.7
	bl	ef_print
	.loc	1 192 1                         @ board/port/ef_fal_port.c:192:1
	add	sp, #12
	pop.w	{r7, lr}
	add	sp, #12
	bx	lr
.Ltmp30:
.Lfunc_end8:
	.size	ef_log_info, .Lfunc_end8-ef_log_info
	.cfi_endproc
	.cantunwind
	.fnend
                                        @ -- End function
	.type	default_env_set,%object         @ @default_env_set
	.section	.rodata.default_env_set,"a",%progbits
	.p2align	2
default_env_set:
	.long	.L.str.9
	.long	.L.str.10
	.long	0                               @ 0x0
	.size	default_env_set, 12

	.type	env_cache_lock,%object          @ @env_cache_lock
	.section	.bss.env_cache_lock,"aw",%nobits
	.p2align	2
env_cache_lock:
	.zero	32
	.size	env_cache_lock, 32

	.type	.L.str,%object                  @ @.str
	.section	.rodata.str1.1,"aMS",%progbits,1
.L.str:
	.asciz	"env lock"
	.size	.L.str, 9

	.type	.L.str.1,%object                @ @.str.1
.L.str.1:
	.asciz	"easyflash"
	.size	.L.str.1, 10

	.type	part,%object                    @ @part
	.section	.bss.part,"aw",%nobits
	.p2align	2
part:
	.long	0
	.size	part, 4

	.type	.L.str.2,%object                @ @.str.2
	.section	.rodata.str1.1,"aMS",%progbits,1
.L.str.2:
	.asciz	"board/port/ef_fal_port.c"
	.size	.L.str.2, 25

	.type	.L.str.3,%object                @ @.str.3
.L.str.3:
	.asciz	"(%s) has assert failed at %s.\n"
	.size	.L.str.3, 31

	.type	.L.str.4,%object                @ @.str.4
.L.str.4:
	.asciz	"part"
	.size	.L.str.4, 5

	.type	.L__FUNCTION__.ef_port_init,%object @ @__FUNCTION__.ef_port_init
.L__FUNCTION__.ef_port_init:
	.asciz	"ef_port_init"
	.size	.L__FUNCTION__.ef_port_init, 13

	.type	.L.str.5,%object                @ @.str.5
.L.str.5:
	.asciz	"addr % EF_ERASE_MIN_SIZE == 0"
	.size	.L.str.5, 30

	.type	.L__FUNCTION__.ef_port_erase,%object @ @__FUNCTION__.ef_port_erase
.L__FUNCTION__.ef_port_erase:
	.asciz	"ef_port_erase"
	.size	.L__FUNCTION__.ef_port_erase, 14

	.type	.L.str.6,%object                @ @.str.6
.L.str.6:
	.asciz	"[Flash] (%s:%ld) "
	.size	.L.str.6, 18

	.type	log_buf,%object                 @ @log_buf
	.section	.bss.log_buf,"aw",%nobits
log_buf:
	.zero	128
	.size	log_buf, 128

	.type	.L.str.7,%object                @ @.str.7
	.section	.rodata.str1.1,"aMS",%progbits,1
.L.str.7:
	.asciz	"%s"
	.size	.L.str.7, 3

	.type	.L.str.8,%object                @ @.str.8
.L.str.8:
	.asciz	"[Flash] "
	.size	.L.str.8, 9

	.type	.L.str.9,%object                @ @.str.9
.L.str.9:
	.asciz	"boot_times"
	.size	.L.str.9, 11

	.type	.L.str.10,%object               @ @.str.10
.L.str.10:
	.asciz	"0"
	.size	.L.str.10, 2

	.file	7 "E:\\Smart-access-control\\Hardware\\CODE" "board/port\\ef_fal_port.c"
	.file	8 "D:\\Keil_v5\\ARM\\ARMCLANG\\Bin\\..\\include" "stdarg.h"
	.section	.debug_abbrev,"",%progbits
	.byte	1                               @ Abbreviation Code
	.byte	17                              @ DW_TAG_compile_unit
	.byte	1                               @ DW_CHILDREN_yes
	.byte	37                              @ DW_AT_producer
	.byte	14                              @ DW_FORM_strp
	.byte	19                              @ DW_AT_language
	.byte	5                               @ DW_FORM_data2
	.byte	3                               @ DW_AT_name
	.byte	14                              @ DW_FORM_strp
	.byte	16                              @ DW_AT_stmt_list
	.byte	6                               @ DW_FORM_data4
	.byte	27                              @ DW_AT_comp_dir
	.byte	14                              @ DW_FORM_strp
	.byte	17                              @ DW_AT_low_pc
	.byte	1                               @ DW_FORM_addr
	.byte	85                              @ DW_AT_ranges
	.byte	6                               @ DW_FORM_data4
	.byte	0                               @ EOM(1)
	.byte	0                               @ EOM(2)
	.byte	2                               @ Abbreviation Code
	.byte	52                              @ DW_TAG_variable
	.byte	0                               @ DW_CHILDREN_no
	.byte	3                               @ DW_AT_name
	.byte	14                              @ DW_FORM_strp
	.byte	73                              @ DW_AT_type
	.byte	19                              @ DW_FORM_ref4
	.byte	58                              @ DW_AT_decl_file
	.byte	11                              @ DW_FORM_data1
	.byte	59                              @ DW_AT_decl_line
	.byte	11                              @ DW_FORM_data1
	.byte	2                               @ DW_AT_location
	.byte	10                              @ DW_FORM_block1
	.byte	0                               @ EOM(1)
	.byte	0                               @ EOM(2)
	.byte	3                               @ Abbreviation Code
	.byte	1                               @ DW_TAG_array_type
	.byte	1                               @ DW_CHILDREN_yes
	.byte	73                              @ DW_AT_type
	.byte	19                              @ DW_FORM_ref4
	.byte	0                               @ EOM(1)
	.byte	0                               @ EOM(2)
	.byte	4                               @ Abbreviation Code
	.byte	33                              @ DW_TAG_subrange_type
	.byte	0                               @ DW_CHILDREN_no
	.byte	73                              @ DW_AT_type
	.byte	19                              @ DW_FORM_ref4
	.byte	55                              @ DW_AT_count
	.byte	11                              @ DW_FORM_data1
	.byte	0                               @ EOM(1)
	.byte	0                               @ EOM(2)
	.byte	5                               @ Abbreviation Code
	.byte	36                              @ DW_TAG_base_type
	.byte	0                               @ DW_CHILDREN_no
	.byte	3                               @ DW_AT_name
	.byte	14                              @ DW_FORM_strp
	.byte	62                              @ DW_AT_encoding
	.byte	11                              @ DW_FORM_data1
	.byte	11                              @ DW_AT_byte_size
	.byte	11                              @ DW_FORM_data1
	.byte	0                               @ EOM(1)
	.byte	0                               @ EOM(2)
	.byte	6                               @ Abbreviation Code
	.byte	36                              @ DW_TAG_base_type
	.byte	0                               @ DW_CHILDREN_no
	.byte	3                               @ DW_AT_name
	.byte	14                              @ DW_FORM_strp
	.byte	11                              @ DW_AT_byte_size
	.byte	11                              @ DW_FORM_data1
	.byte	62                              @ DW_AT_encoding
	.byte	11                              @ DW_FORM_data1
	.byte	0                               @ EOM(1)
	.byte	0                               @ EOM(2)
	.byte	7                               @ Abbreviation Code
	.byte	19                              @ DW_TAG_structure_type
	.byte	1                               @ DW_CHILDREN_yes
	.byte	3                               @ DW_AT_name
	.byte	14                              @ DW_FORM_strp
	.byte	11                              @ DW_AT_byte_size
	.byte	11                              @ DW_FORM_data1
	.byte	58                              @ DW_AT_decl_file
	.byte	11                              @ DW_FORM_data1
	.byte	59                              @ DW_AT_decl_line
	.byte	5                               @ DW_FORM_data2
	.byte	0                               @ EOM(1)
	.byte	0                               @ EOM(2)
	.byte	8                               @ Abbreviation Code
	.byte	13                              @ DW_TAG_member
	.byte	0                               @ DW_CHILDREN_no
	.byte	3                               @ DW_AT_name
	.byte	14                              @ DW_FORM_strp
	.byte	73                              @ DW_AT_type
	.byte	19                              @ DW_FORM_ref4
	.byte	58                              @ DW_AT_decl_file
	.byte	11                              @ DW_FORM_data1
	.byte	59                              @ DW_AT_decl_line
	.byte	5                               @ DW_FORM_data2
	.byte	56                              @ DW_AT_data_member_location
	.byte	11                              @ DW_FORM_data1
	.byte	0                               @ EOM(1)
	.byte	0                               @ EOM(2)
	.byte	9                               @ Abbreviation Code
	.byte	22                              @ DW_TAG_typedef
	.byte	0                               @ DW_CHILDREN_no
	.byte	73                              @ DW_AT_type
	.byte	19                              @ DW_FORM_ref4
	.byte	3                               @ DW_AT_name
	.byte	14                              @ DW_FORM_strp
	.byte	58                              @ DW_AT_decl_file
	.byte	11                              @ DW_FORM_data1
	.byte	59                              @ DW_AT_decl_line
	.byte	11                              @ DW_FORM_data1
	.byte	0                               @ EOM(1)
	.byte	0                               @ EOM(2)
	.byte	10                              @ Abbreviation Code
	.byte	22                              @ DW_TAG_typedef
	.byte	0                               @ DW_CHILDREN_no
	.byte	73                              @ DW_AT_type
	.byte	19                              @ DW_FORM_ref4
	.byte	3                               @ DW_AT_name
	.byte	14                              @ DW_FORM_strp
	.byte	58                              @ DW_AT_decl_file
	.byte	11                              @ DW_FORM_data1
	.byte	59                              @ DW_AT_decl_line
	.byte	5                               @ DW_FORM_data2
	.byte	0                               @ EOM(1)
	.byte	0                               @ EOM(2)
	.byte	11                              @ Abbreviation Code
	.byte	15                              @ DW_TAG_pointer_type
	.byte	0                               @ DW_CHILDREN_no
	.byte	73                              @ DW_AT_type
	.byte	19                              @ DW_FORM_ref4
	.byte	0                               @ EOM(1)
	.byte	0                               @ EOM(2)
	.byte	12                              @ Abbreviation Code
	.byte	38                              @ DW_TAG_const_type
	.byte	0                               @ DW_CHILDREN_no
	.byte	73                              @ DW_AT_type
	.byte	19                              @ DW_FORM_ref4
	.byte	0                               @ EOM(1)
	.byte	0                               @ EOM(2)
	.byte	13                              @ Abbreviation Code
	.byte	19                              @ DW_TAG_structure_type
	.byte	1                               @ DW_CHILDREN_yes
	.byte	3                               @ DW_AT_name
	.byte	14                              @ DW_FORM_strp
	.byte	11                              @ DW_AT_byte_size
	.byte	11                              @ DW_FORM_data1
	.byte	58                              @ DW_AT_decl_file
	.byte	11                              @ DW_FORM_data1
	.byte	59                              @ DW_AT_decl_line
	.byte	11                              @ DW_FORM_data1
	.byte	0                               @ EOM(1)
	.byte	0                               @ EOM(2)
	.byte	14                              @ Abbreviation Code
	.byte	13                              @ DW_TAG_member
	.byte	0                               @ DW_CHILDREN_no
	.byte	3                               @ DW_AT_name
	.byte	14                              @ DW_FORM_strp
	.byte	73                              @ DW_AT_type
	.byte	19                              @ DW_FORM_ref4
	.byte	58                              @ DW_AT_decl_file
	.byte	11                              @ DW_FORM_data1
	.byte	59                              @ DW_AT_decl_line
	.byte	11                              @ DW_FORM_data1
	.byte	56                              @ DW_AT_data_member_location
	.byte	11                              @ DW_FORM_data1
	.byte	0                               @ EOM(1)
	.byte	0                               @ EOM(2)
	.byte	15                              @ Abbreviation Code
	.byte	15                              @ DW_TAG_pointer_type
	.byte	0                               @ DW_CHILDREN_no
	.byte	0                               @ EOM(1)
	.byte	0                               @ EOM(2)
	.byte	16                              @ Abbreviation Code
	.byte	4                               @ DW_TAG_enumeration_type
	.byte	1                               @ DW_CHILDREN_yes
	.byte	73                              @ DW_AT_type
	.byte	19                              @ DW_FORM_ref4
	.byte	11                              @ DW_AT_byte_size
	.byte	11                              @ DW_FORM_data1
	.byte	58                              @ DW_AT_decl_file
	.byte	11                              @ DW_FORM_data1
	.byte	59                              @ DW_AT_decl_line
	.byte	11                              @ DW_FORM_data1
	.byte	0                               @ EOM(1)
	.byte	0                               @ EOM(2)
	.byte	17                              @ Abbreviation Code
	.byte	40                              @ DW_TAG_enumerator
	.byte	0                               @ DW_CHILDREN_no
	.byte	3                               @ DW_AT_name
	.byte	14                              @ DW_FORM_strp
	.byte	28                              @ DW_AT_const_value
	.byte	15                              @ DW_FORM_udata
	.byte	0                               @ EOM(1)
	.byte	0                               @ EOM(2)
	.byte	18                              @ Abbreviation Code
	.byte	46                              @ DW_TAG_subprogram
	.byte	1                               @ DW_CHILDREN_yes
	.byte	17                              @ DW_AT_low_pc
	.byte	1                               @ DW_FORM_addr
	.byte	18                              @ DW_AT_high_pc
	.byte	1                               @ DW_FORM_addr
	.byte	64                              @ DW_AT_frame_base
	.byte	10                              @ DW_FORM_block1
	.byte	3                               @ DW_AT_name
	.byte	14                              @ DW_FORM_strp
	.byte	58                              @ DW_AT_decl_file
	.byte	11                              @ DW_FORM_data1
	.byte	59                              @ DW_AT_decl_line
	.byte	11                              @ DW_FORM_data1
	.byte	39                              @ DW_AT_prototyped
	.byte	12                              @ DW_FORM_flag
	.byte	73                              @ DW_AT_type
	.byte	19                              @ DW_FORM_ref4
	.byte	63                              @ DW_AT_external
	.byte	12                              @ DW_FORM_flag
	.byte	0                               @ EOM(1)
	.byte	0                               @ EOM(2)
	.byte	19                              @ Abbreviation Code
	.byte	5                               @ DW_TAG_formal_parameter
	.byte	0                               @ DW_CHILDREN_no
	.byte	2                               @ DW_AT_location
	.byte	10                              @ DW_FORM_block1
	.byte	3                               @ DW_AT_name
	.byte	14                              @ DW_FORM_strp
	.byte	58                              @ DW_AT_decl_file
	.byte	11                              @ DW_FORM_data1
	.byte	59                              @ DW_AT_decl_line
	.byte	11                              @ DW_FORM_data1
	.byte	73                              @ DW_AT_type
	.byte	19                              @ DW_FORM_ref4
	.byte	0                               @ EOM(1)
	.byte	0                               @ EOM(2)
	.byte	20                              @ Abbreviation Code
	.byte	52                              @ DW_TAG_variable
	.byte	0                               @ DW_CHILDREN_no
	.byte	2                               @ DW_AT_location
	.byte	10                              @ DW_FORM_block1
	.byte	3                               @ DW_AT_name
	.byte	14                              @ DW_FORM_strp
	.byte	58                              @ DW_AT_decl_file
	.byte	11                              @ DW_FORM_data1
	.byte	59                              @ DW_AT_decl_line
	.byte	11                              @ DW_FORM_data1
	.byte	73                              @ DW_AT_type
	.byte	19                              @ DW_FORM_ref4
	.byte	0                               @ EOM(1)
	.byte	0                               @ EOM(2)
	.byte	21                              @ Abbreviation Code
	.byte	46                              @ DW_TAG_subprogram
	.byte	1                               @ DW_CHILDREN_yes
	.byte	17                              @ DW_AT_low_pc
	.byte	1                               @ DW_FORM_addr
	.byte	18                              @ DW_AT_high_pc
	.byte	1                               @ DW_FORM_addr
	.byte	64                              @ DW_AT_frame_base
	.byte	10                              @ DW_FORM_block1
	.byte	3                               @ DW_AT_name
	.byte	14                              @ DW_FORM_strp
	.byte	58                              @ DW_AT_decl_file
	.byte	11                              @ DW_FORM_data1
	.byte	59                              @ DW_AT_decl_line
	.byte	11                              @ DW_FORM_data1
	.byte	39                              @ DW_AT_prototyped
	.byte	12                              @ DW_FORM_flag
	.byte	63                              @ DW_AT_external
	.byte	12                              @ DW_FORM_flag
	.byte	0                               @ EOM(1)
	.byte	0                               @ EOM(2)
	.byte	22                              @ Abbreviation Code
	.byte	24                              @ DW_TAG_unspecified_parameters
	.byte	0                               @ DW_CHILDREN_no
	.byte	0                               @ EOM(1)
	.byte	0                               @ EOM(2)
	.byte	23                              @ Abbreviation Code
	.byte	46                              @ DW_TAG_subprogram
	.byte	0                               @ DW_CHILDREN_no
	.byte	17                              @ DW_AT_low_pc
	.byte	1                               @ DW_FORM_addr
	.byte	18                              @ DW_AT_high_pc
	.byte	1                               @ DW_FORM_addr
	.byte	64                              @ DW_AT_frame_base
	.byte	10                              @ DW_FORM_block1
	.byte	3                               @ DW_AT_name
	.byte	14                              @ DW_FORM_strp
	.byte	58                              @ DW_AT_decl_file
	.byte	11                              @ DW_FORM_data1
	.byte	59                              @ DW_AT_decl_line
	.byte	11                              @ DW_FORM_data1
	.byte	39                              @ DW_AT_prototyped
	.byte	12                              @ DW_FORM_flag
	.byte	63                              @ DW_AT_external
	.byte	12                              @ DW_FORM_flag
	.byte	0                               @ EOM(1)
	.byte	0                               @ EOM(2)
	.byte	24                              @ Abbreviation Code
	.byte	22                              @ DW_TAG_typedef
	.byte	0                               @ DW_CHILDREN_no
	.byte	73                              @ DW_AT_type
	.byte	19                              @ DW_FORM_ref4
	.byte	3                               @ DW_AT_name
	.byte	14                              @ DW_FORM_strp
	.byte	0                               @ EOM(1)
	.byte	0                               @ EOM(2)
	.byte	25                              @ Abbreviation Code
	.byte	19                              @ DW_TAG_structure_type
	.byte	1                               @ DW_CHILDREN_yes
	.byte	3                               @ DW_AT_name
	.byte	14                              @ DW_FORM_strp
	.byte	11                              @ DW_AT_byte_size
	.byte	11                              @ DW_FORM_data1
	.byte	0                               @ EOM(1)
	.byte	0                               @ EOM(2)
	.byte	0                               @ EOM(3)
	.section	.debug_info,"",%progbits
.Lcu_begin0:
	.long	.Ldebug_info_end0-.Ldebug_info_start0 @ Length of Unit
.Ldebug_info_start0:
	.short	3                               @ DWARF version number
	.long	.debug_abbrev                   @ Offset Into Abbrev. Section
	.byte	4                               @ Address Size (in bytes)
	.byte	1                               @ Abbrev [1] 0xb:0x4ed DW_TAG_compile_unit
	.long	.Linfo_string0                  @ DW_AT_producer
	.short	12                              @ DW_AT_language
	.long	.Linfo_string1                  @ DW_AT_name
	.long	.Lline_table_start0             @ DW_AT_stmt_list
	.long	.Linfo_string2                  @ DW_AT_comp_dir
	.long	0                               @ DW_AT_low_pc
	.long	.Ldebug_ranges0                 @ DW_AT_ranges
	.byte	2                               @ Abbrev [2] 0x26:0x11 DW_TAG_variable
	.long	.Linfo_string3                  @ DW_AT_name
	.long	55                              @ DW_AT_type
	.byte	1                               @ DW_AT_decl_file
	.byte	46                              @ DW_AT_decl_line
	.byte	5                               @ DW_AT_location
	.byte	3
	.long	log_buf
	.byte	3                               @ Abbrev [3] 0x37:0xc DW_TAG_array_type
	.long	67                              @ DW_AT_type
	.byte	4                               @ Abbrev [4] 0x3c:0x6 DW_TAG_subrange_type
	.long	74                              @ DW_AT_type
	.byte	128                             @ DW_AT_count
	.byte	0                               @ End Of Children Mark
	.byte	5                               @ Abbrev [5] 0x43:0x7 DW_TAG_base_type
	.long	.Linfo_string4                  @ DW_AT_name
	.byte	6                               @ DW_AT_encoding
	.byte	1                               @ DW_AT_byte_size
	.byte	6                               @ Abbrev [6] 0x4a:0x7 DW_TAG_base_type
	.long	.Linfo_string5                  @ DW_AT_name
	.byte	8                               @ DW_AT_byte_size
	.byte	7                               @ DW_AT_encoding
	.byte	2                               @ Abbrev [2] 0x51:0x11 DW_TAG_variable
	.long	.Linfo_string6                  @ DW_AT_name
	.long	98                              @ DW_AT_type
	.byte	1                               @ DW_AT_decl_file
	.byte	47                              @ DW_AT_decl_line
	.byte	5                               @ DW_AT_location
	.byte	3
	.long	env_cache_lock
	.byte	7                               @ Abbrev [7] 0x62:0x31 DW_TAG_structure_type
	.long	.Linfo_string25                 @ DW_AT_name
	.byte	32                              @ DW_AT_byte_size
	.byte	2                               @ DW_AT_decl_file
	.short	664                             @ DW_AT_decl_line
	.byte	8                               @ Abbrev [8] 0x6b:0xd DW_TAG_member
	.long	.Linfo_string7                  @ DW_AT_name
	.long	147                             @ DW_AT_type
	.byte	2                               @ DW_AT_decl_file
	.short	666                             @ DW_AT_decl_line
	.byte	0                               @ DW_AT_data_member_location
	.byte	8                               @ Abbrev [8] 0x78:0xd DW_TAG_member
	.long	.Linfo_string21                 @ DW_AT_name
	.long	328                             @ DW_AT_type
	.byte	2                               @ DW_AT_decl_file
	.short	668                             @ DW_AT_decl_line
	.byte	28                              @ DW_AT_data_member_location
	.byte	8                               @ Abbrev [8] 0x85:0xd DW_TAG_member
	.long	.Linfo_string24                 @ DW_AT_name
	.long	328                             @ DW_AT_type
	.byte	2                               @ DW_AT_decl_file
	.short	669                             @ DW_AT_decl_line
	.byte	30                              @ DW_AT_data_member_location
	.byte	0                               @ End Of Children Mark
	.byte	7                               @ Abbrev [7] 0x93:0x24 DW_TAG_structure_type
	.long	.Linfo_string20                 @ DW_AT_name
	.byte	28                              @ DW_AT_byte_size
	.byte	2                               @ DW_AT_decl_file
	.short	653                             @ DW_AT_decl_line
	.byte	8                               @ Abbrev [8] 0x9c:0xd DW_TAG_member
	.long	.Linfo_string7                  @ DW_AT_name
	.long	183                             @ DW_AT_type
	.byte	2                               @ DW_AT_decl_file
	.short	655                             @ DW_AT_decl_line
	.byte	0                               @ DW_AT_data_member_location
	.byte	8                               @ Abbrev [8] 0xa9:0xd DW_TAG_member
	.long	.Linfo_string19                 @ DW_AT_name
	.long	275                             @ DW_AT_type
	.byte	2                               @ DW_AT_decl_file
	.short	657                             @ DW_AT_decl_line
	.byte	20                              @ DW_AT_data_member_location
	.byte	0                               @ End Of Children Mark
	.byte	7                               @ Abbrev [7] 0xb7:0x3e DW_TAG_structure_type
	.long	.Linfo_string18                 @ DW_AT_name
	.byte	20                              @ DW_AT_byte_size
	.byte	2                               @ DW_AT_decl_file
	.short	343                             @ DW_AT_decl_line
	.byte	8                               @ Abbrev [8] 0xc0:0xd DW_TAG_member
	.long	.Linfo_string8                  @ DW_AT_name
	.long	245                             @ DW_AT_type
	.byte	2                               @ DW_AT_decl_file
	.short	345                             @ DW_AT_decl_line
	.byte	0                               @ DW_AT_data_member_location
	.byte	8                               @ Abbrev [8] 0xcd:0xd DW_TAG_member
	.long	.Linfo_string9                  @ DW_AT_name
	.long	257                             @ DW_AT_type
	.byte	2                               @ DW_AT_decl_file
	.short	346                             @ DW_AT_decl_line
	.byte	8                               @ DW_AT_data_member_location
	.byte	8                               @ Abbrev [8] 0xda:0xd DW_TAG_member
	.long	.Linfo_string12                 @ DW_AT_name
	.long	257                             @ DW_AT_type
	.byte	2                               @ DW_AT_decl_file
	.short	347                             @ DW_AT_decl_line
	.byte	9                               @ DW_AT_data_member_location
	.byte	8                               @ Abbrev [8] 0xe7:0xd DW_TAG_member
	.long	.Linfo_string13                 @ DW_AT_name
	.long	275                             @ DW_AT_type
	.byte	2                               @ DW_AT_decl_file
	.short	352                             @ DW_AT_decl_line
	.byte	12                              @ DW_AT_data_member_location
	.byte	0                               @ End Of Children Mark
	.byte	3                               @ Abbrev [3] 0xf5:0xc DW_TAG_array_type
	.long	67                              @ DW_AT_type
	.byte	4                               @ Abbrev [4] 0xfa:0x6 DW_TAG_subrange_type
	.long	74                              @ DW_AT_type
	.byte	8                               @ DW_AT_count
	.byte	0                               @ End Of Children Mark
	.byte	9                               @ Abbrev [9] 0x101:0xb DW_TAG_typedef
	.long	268                             @ DW_AT_type
	.long	.Linfo_string11                 @ DW_AT_name
	.byte	2                               @ DW_AT_decl_file
	.byte	67                              @ DW_AT_decl_line
	.byte	5                               @ Abbrev [5] 0x10c:0x7 DW_TAG_base_type
	.long	.Linfo_string10                 @ DW_AT_name
	.byte	8                               @ DW_AT_encoding
	.byte	1                               @ DW_AT_byte_size
	.byte	10                              @ Abbrev [10] 0x113:0xc DW_TAG_typedef
	.long	287                             @ DW_AT_type
	.long	.Linfo_string17                 @ DW_AT_name
	.byte	2                               @ DW_AT_decl_file
	.short	318                             @ DW_AT_decl_line
	.byte	7                               @ Abbrev [7] 0x11f:0x24 DW_TAG_structure_type
	.long	.Linfo_string16                 @ DW_AT_name
	.byte	8                               @ DW_AT_byte_size
	.byte	2                               @ DW_AT_decl_file
	.short	313                             @ DW_AT_decl_line
	.byte	8                               @ Abbrev [8] 0x128:0xd DW_TAG_member
	.long	.Linfo_string14                 @ DW_AT_name
	.long	323                             @ DW_AT_type
	.byte	2                               @ DW_AT_decl_file
	.short	315                             @ DW_AT_decl_line
	.byte	0                               @ DW_AT_data_member_location
	.byte	8                               @ Abbrev [8] 0x135:0xd DW_TAG_member
	.long	.Linfo_string15                 @ DW_AT_name
	.long	323                             @ DW_AT_type
	.byte	2                               @ DW_AT_decl_file
	.short	316                             @ DW_AT_decl_line
	.byte	4                               @ DW_AT_data_member_location
	.byte	0                               @ End Of Children Mark
	.byte	11                              @ Abbrev [11] 0x143:0x5 DW_TAG_pointer_type
	.long	287                             @ DW_AT_type
	.byte	9                               @ Abbrev [9] 0x148:0xb DW_TAG_typedef
	.long	339                             @ DW_AT_type
	.long	.Linfo_string23                 @ DW_AT_name
	.byte	2                               @ DW_AT_decl_file
	.byte	68                              @ DW_AT_decl_line
	.byte	5                               @ Abbrev [5] 0x153:0x7 DW_TAG_base_type
	.long	.Linfo_string22                 @ DW_AT_name
	.byte	7                               @ DW_AT_encoding
	.byte	2                               @ DW_AT_byte_size
	.byte	2                               @ Abbrev [2] 0x15a:0x11 DW_TAG_variable
	.long	.Linfo_string26                 @ DW_AT_name
	.long	363                             @ DW_AT_type
	.byte	1                               @ DW_AT_decl_file
	.byte	42                              @ DW_AT_decl_line
	.byte	5                               @ DW_AT_location
	.byte	3
	.long	default_env_set
	.byte	3                               @ Abbrev [3] 0x16b:0xc DW_TAG_array_type
	.long	375                             @ DW_AT_type
	.byte	4                               @ Abbrev [4] 0x170:0x6 DW_TAG_subrange_type
	.long	74                              @ DW_AT_type
	.byte	1                               @ DW_AT_count
	.byte	0                               @ End Of Children Mark
	.byte	12                              @ Abbrev [12] 0x177:0x5 DW_TAG_const_type
	.long	380                             @ DW_AT_type
	.byte	9                               @ Abbrev [9] 0x17c:0xb DW_TAG_typedef
	.long	391                             @ DW_AT_type
	.long	.Linfo_string32                 @ DW_AT_name
	.byte	3                               @ DW_AT_decl_file
	.byte	73                              @ DW_AT_decl_line
	.byte	13                              @ Abbrev [13] 0x187:0x2d DW_TAG_structure_type
	.long	.Linfo_string31                 @ DW_AT_name
	.byte	12                              @ DW_AT_byte_size
	.byte	3                               @ DW_AT_decl_file
	.byte	69                              @ DW_AT_decl_line
	.byte	14                              @ Abbrev [14] 0x18f:0xc DW_TAG_member
	.long	.Linfo_string27                 @ DW_AT_name
	.long	436                             @ DW_AT_type
	.byte	3                               @ DW_AT_decl_file
	.byte	70                              @ DW_AT_decl_line
	.byte	0                               @ DW_AT_data_member_location
	.byte	14                              @ Abbrev [14] 0x19b:0xc DW_TAG_member
	.long	.Linfo_string21                 @ DW_AT_name
	.long	441                             @ DW_AT_type
	.byte	3                               @ DW_AT_decl_file
	.byte	71                              @ DW_AT_decl_line
	.byte	4                               @ DW_AT_data_member_location
	.byte	14                              @ Abbrev [14] 0x1a7:0xc DW_TAG_member
	.long	.Linfo_string28                 @ DW_AT_name
	.long	442                             @ DW_AT_type
	.byte	3                               @ DW_AT_decl_file
	.byte	72                              @ DW_AT_decl_line
	.byte	8                               @ DW_AT_data_member_location
	.byte	0                               @ End Of Children Mark
	.byte	11                              @ Abbrev [11] 0x1b4:0x5 DW_TAG_pointer_type
	.long	67                              @ DW_AT_type
	.byte	15                              @ Abbrev [15] 0x1b9:0x1 DW_TAG_pointer_type
	.byte	9                               @ Abbrev [9] 0x1ba:0xb DW_TAG_typedef
	.long	453                             @ DW_AT_type
	.long	.Linfo_string30                 @ DW_AT_name
	.byte	4                               @ DW_AT_decl_file
	.byte	53                              @ DW_AT_decl_line
	.byte	5                               @ Abbrev [5] 0x1c5:0x7 DW_TAG_base_type
	.long	.Linfo_string29                 @ DW_AT_name
	.byte	7                               @ DW_AT_encoding
	.byte	4                               @ DW_AT_byte_size
	.byte	2                               @ Abbrev [2] 0x1cc:0x11 DW_TAG_variable
	.long	.Linfo_string33                 @ DW_AT_name
	.long	477                             @ DW_AT_type
	.byte	1                               @ DW_AT_decl_file
	.byte	48                              @ DW_AT_decl_line
	.byte	5                               @ DW_AT_location
	.byte	3
	.long	part
	.byte	11                              @ Abbrev [11] 0x1dd:0x5 DW_TAG_pointer_type
	.long	482                             @ DW_AT_type
	.byte	12                              @ Abbrev [12] 0x1e2:0x5 DW_TAG_const_type
	.long	487                             @ DW_AT_type
	.byte	13                              @ Abbrev [13] 0x1e7:0x51 DW_TAG_structure_type
	.long	.Linfo_string40                 @ DW_AT_name
	.byte	64                              @ DW_AT_byte_size
	.byte	6                               @ DW_AT_decl_file
	.byte	139                             @ DW_AT_decl_line
	.byte	14                              @ Abbrev [14] 0x1ef:0xc DW_TAG_member
	.long	.Linfo_string34                 @ DW_AT_name
	.long	568                             @ DW_AT_type
	.byte	6                               @ DW_AT_decl_file
	.byte	141                             @ DW_AT_decl_line
	.byte	0                               @ DW_AT_data_member_location
	.byte	14                              @ Abbrev [14] 0x1fb:0xc DW_TAG_member
	.long	.Linfo_string8                  @ DW_AT_name
	.long	579                             @ DW_AT_type
	.byte	6                               @ DW_AT_decl_file
	.byte	144                             @ DW_AT_decl_line
	.byte	4                               @ DW_AT_data_member_location
	.byte	14                              @ Abbrev [14] 0x207:0xc DW_TAG_member
	.long	.Linfo_string36                 @ DW_AT_name
	.long	579                             @ DW_AT_type
	.byte	6                               @ DW_AT_decl_file
	.byte	146                             @ DW_AT_decl_line
	.byte	28                              @ DW_AT_data_member_location
	.byte	14                              @ Abbrev [14] 0x213:0xc DW_TAG_member
	.long	.Linfo_string37                 @ DW_AT_name
	.long	591                             @ DW_AT_type
	.byte	6                               @ DW_AT_decl_file
	.byte	149                             @ DW_AT_decl_line
	.byte	52                              @ DW_AT_data_member_location
	.byte	14                              @ Abbrev [14] 0x21f:0xc DW_TAG_member
	.long	.Linfo_string39                 @ DW_AT_name
	.long	442                             @ DW_AT_type
	.byte	6                               @ DW_AT_decl_file
	.byte	150                             @ DW_AT_decl_line
	.byte	56                              @ DW_AT_data_member_location
	.byte	14                              @ Abbrev [14] 0x22b:0xc DW_TAG_member
	.long	.Linfo_string24                 @ DW_AT_name
	.long	568                             @ DW_AT_type
	.byte	6                               @ DW_AT_decl_file
	.byte	152                             @ DW_AT_decl_line
	.byte	60                              @ DW_AT_data_member_location
	.byte	0                               @ End Of Children Mark
	.byte	9                               @ Abbrev [9] 0x238:0xb DW_TAG_typedef
	.long	453                             @ DW_AT_type
	.long	.Linfo_string35                 @ DW_AT_name
	.byte	5                               @ DW_AT_decl_file
	.byte	64                              @ DW_AT_decl_line
	.byte	3                               @ Abbrev [3] 0x243:0xc DW_TAG_array_type
	.long	67                              @ DW_AT_type
	.byte	4                               @ Abbrev [4] 0x248:0x6 DW_TAG_subrange_type
	.long	74                              @ DW_AT_type
	.byte	24                              @ DW_AT_count
	.byte	0                               @ End Of Children Mark
	.byte	5                               @ Abbrev [5] 0x24f:0x7 DW_TAG_base_type
	.long	.Linfo_string38                 @ DW_AT_name
	.byte	5                               @ DW_AT_encoding
	.byte	4                               @ DW_AT_byte_size
	.byte	16                              @ Abbrev [16] 0x256:0x39 DW_TAG_enumeration_type
	.long	268                             @ DW_AT_type
	.byte	1                               @ DW_AT_byte_size
	.byte	3                               @ DW_AT_decl_file
	.byte	76                              @ DW_AT_decl_line
	.byte	17                              @ Abbrev [17] 0x25e:0x6 DW_TAG_enumerator
	.long	.Linfo_string41                 @ DW_AT_name
	.byte	0                               @ DW_AT_const_value
	.byte	17                              @ Abbrev [17] 0x264:0x6 DW_TAG_enumerator
	.long	.Linfo_string42                 @ DW_AT_name
	.byte	1                               @ DW_AT_const_value
	.byte	17                              @ Abbrev [17] 0x26a:0x6 DW_TAG_enumerator
	.long	.Linfo_string43                 @ DW_AT_name
	.byte	2                               @ DW_AT_const_value
	.byte	17                              @ Abbrev [17] 0x270:0x6 DW_TAG_enumerator
	.long	.Linfo_string44                 @ DW_AT_name
	.byte	3                               @ DW_AT_const_value
	.byte	17                              @ Abbrev [17] 0x276:0x6 DW_TAG_enumerator
	.long	.Linfo_string45                 @ DW_AT_name
	.byte	4                               @ DW_AT_const_value
	.byte	17                              @ Abbrev [17] 0x27c:0x6 DW_TAG_enumerator
	.long	.Linfo_string46                 @ DW_AT_name
	.byte	5                               @ DW_AT_const_value
	.byte	17                              @ Abbrev [17] 0x282:0x6 DW_TAG_enumerator
	.long	.Linfo_string47                 @ DW_AT_name
	.byte	6                               @ DW_AT_const_value
	.byte	17                              @ Abbrev [17] 0x288:0x6 DW_TAG_enumerator
	.long	.Linfo_string48                 @ DW_AT_name
	.byte	7                               @ DW_AT_const_value
	.byte	0                               @ End Of Children Mark
	.byte	11                              @ Abbrev [11] 0x28f:0x5 DW_TAG_pointer_type
	.long	660                             @ DW_AT_type
	.byte	9                               @ Abbrev [9] 0x294:0xb DW_TAG_typedef
	.long	268                             @ DW_AT_type
	.long	.Linfo_string49                 @ DW_AT_name
	.byte	5                               @ DW_AT_decl_file
	.byte	62                              @ DW_AT_decl_line
	.byte	18                              @ Abbrev [18] 0x29f:0x42 DW_TAG_subprogram
	.long	.Lfunc_begin0                   @ DW_AT_low_pc
	.long	.Lfunc_end0                     @ DW_AT_high_pc
	.byte	1                               @ DW_AT_frame_base
	.byte	93
	.long	.Linfo_string50                 @ DW_AT_name
	.byte	1                               @ DW_AT_decl_file
	.byte	58                              @ DW_AT_decl_line
	.byte	1                               @ DW_AT_prototyped
	.long	1176                            @ DW_AT_type
	.byte	1                               @ DW_AT_external
	.byte	19                              @ Abbrev [19] 0x2b6:0xe DW_TAG_formal_parameter
	.byte	2                               @ DW_AT_location
	.byte	145
	.byte	12
	.long	.Linfo_string60                 @ DW_AT_name
	.byte	1                               @ DW_AT_decl_file
	.byte	58                              @ DW_AT_decl_line
	.long	1187                            @ DW_AT_type
	.byte	19                              @ Abbrev [19] 0x2c4:0xe DW_TAG_formal_parameter
	.byte	2                               @ DW_AT_location
	.byte	145
	.byte	8
	.long	.Linfo_string61                 @ DW_AT_name
	.byte	1                               @ DW_AT_decl_file
	.byte	58                              @ DW_AT_decl_line
	.long	1197                            @ DW_AT_type
	.byte	20                              @ Abbrev [20] 0x2d2:0xe DW_TAG_variable
	.byte	2                               @ DW_AT_location
	.byte	145
	.byte	7
	.long	.Linfo_string62                 @ DW_AT_name
	.byte	1                               @ DW_AT_decl_file
	.byte	59                              @ DW_AT_decl_line
	.long	1176                            @ DW_AT_type
	.byte	0                               @ End Of Children Mark
	.byte	21                              @ Abbrev [21] 0x2e1:0x4d DW_TAG_subprogram
	.long	.Lfunc_begin1                   @ DW_AT_low_pc
	.long	.Lfunc_end1                     @ DW_AT_high_pc
	.byte	1                               @ DW_AT_frame_base
	.byte	93
	.long	.Linfo_string52                 @ DW_AT_name
	.byte	1                               @ DW_AT_decl_file
	.byte	158                             @ DW_AT_decl_line
	.byte	1                               @ DW_AT_prototyped
	.byte	1                               @ DW_AT_external
	.byte	19                              @ Abbrev [19] 0x2f4:0xe DW_TAG_formal_parameter
	.byte	2                               @ DW_AT_location
	.byte	145
	.byte	16
	.long	.Linfo_string63                 @ DW_AT_name
	.byte	1                               @ DW_AT_decl_file
	.byte	158                             @ DW_AT_decl_line
	.long	1202                            @ DW_AT_type
	.byte	19                              @ Abbrev [19] 0x302:0xe DW_TAG_formal_parameter
	.byte	2                               @ DW_AT_location
	.byte	145
	.byte	12
	.long	.Linfo_string64                 @ DW_AT_name
	.byte	1                               @ DW_AT_decl_file
	.byte	158                             @ DW_AT_decl_line
	.long	1212                            @ DW_AT_type
	.byte	19                              @ Abbrev [19] 0x310:0xe DW_TAG_formal_parameter
	.byte	2                               @ DW_AT_location
	.byte	145
	.byte	8
	.long	.Linfo_string65                 @ DW_AT_name
	.byte	1                               @ DW_AT_decl_file
	.byte	158                             @ DW_AT_decl_line
	.long	1202                            @ DW_AT_type
	.byte	20                              @ Abbrev [20] 0x31e:0xe DW_TAG_variable
	.byte	2                               @ DW_AT_location
	.byte	145
	.byte	4
	.long	.Linfo_string66                 @ DW_AT_name
	.byte	1                               @ DW_AT_decl_file
	.byte	162                             @ DW_AT_decl_line
	.long	1217                            @ DW_AT_type
	.byte	22                              @ Abbrev [22] 0x32c:0x1 DW_TAG_unspecified_parameters
	.byte	0                               @ End Of Children Mark
	.byte	18                              @ Abbrev [18] 0x32e:0x50 DW_TAG_subprogram
	.long	.Lfunc_begin2                   @ DW_AT_low_pc
	.long	.Lfunc_end2                     @ DW_AT_high_pc
	.byte	1                               @ DW_AT_frame_base
	.byte	93
	.long	.Linfo_string53                 @ DW_AT_name
	.byte	1                               @ DW_AT_decl_file
	.byte	82                              @ DW_AT_decl_line
	.byte	1                               @ DW_AT_prototyped
	.long	1176                            @ DW_AT_type
	.byte	1                               @ DW_AT_external
	.byte	19                              @ Abbrev [19] 0x345:0xe DW_TAG_formal_parameter
	.byte	2                               @ DW_AT_location
	.byte	145
	.byte	12
	.long	.Linfo_string71                 @ DW_AT_name
	.byte	1                               @ DW_AT_decl_file
	.byte	82                              @ DW_AT_decl_line
	.long	568                             @ DW_AT_type
	.byte	19                              @ Abbrev [19] 0x353:0xe DW_TAG_formal_parameter
	.byte	2                               @ DW_AT_location
	.byte	145
	.byte	8
	.long	.Linfo_string72                 @ DW_AT_name
	.byte	1                               @ DW_AT_decl_file
	.byte	82                              @ DW_AT_decl_line
	.long	1256                            @ DW_AT_type
	.byte	19                              @ Abbrev [19] 0x361:0xe DW_TAG_formal_parameter
	.byte	2                               @ DW_AT_location
	.byte	145
	.byte	4
	.long	.Linfo_string73                 @ DW_AT_name
	.byte	1                               @ DW_AT_decl_file
	.byte	82                              @ DW_AT_decl_line
	.long	442                             @ DW_AT_type
	.byte	20                              @ Abbrev [20] 0x36f:0xe DW_TAG_variable
	.byte	2                               @ DW_AT_location
	.byte	145
	.byte	3
	.long	.Linfo_string62                 @ DW_AT_name
	.byte	1                               @ DW_AT_decl_file
	.byte	83                              @ DW_AT_decl_line
	.long	1176                            @ DW_AT_type
	.byte	0                               @ End Of Children Mark
	.byte	18                              @ Abbrev [18] 0x37e:0x42 DW_TAG_subprogram
	.long	.Lfunc_begin3                   @ DW_AT_low_pc
	.long	.Lfunc_end3                     @ DW_AT_high_pc
	.byte	1                               @ DW_AT_frame_base
	.byte	93
	.long	.Linfo_string54                 @ DW_AT_name
	.byte	1                               @ DW_AT_decl_file
	.byte	100                             @ DW_AT_decl_line
	.byte	1                               @ DW_AT_prototyped
	.long	1176                            @ DW_AT_type
	.byte	1                               @ DW_AT_external
	.byte	19                              @ Abbrev [19] 0x395:0xe DW_TAG_formal_parameter
	.byte	2                               @ DW_AT_location
	.byte	145
	.byte	12
	.long	.Linfo_string71                 @ DW_AT_name
	.byte	1                               @ DW_AT_decl_file
	.byte	100                             @ DW_AT_decl_line
	.long	568                             @ DW_AT_type
	.byte	19                              @ Abbrev [19] 0x3a3:0xe DW_TAG_formal_parameter
	.byte	2                               @ DW_AT_location
	.byte	145
	.byte	8
	.long	.Linfo_string73                 @ DW_AT_name
	.byte	1                               @ DW_AT_decl_file
	.byte	100                             @ DW_AT_decl_line
	.long	442                             @ DW_AT_type
	.byte	20                              @ Abbrev [20] 0x3b1:0xe DW_TAG_variable
	.byte	2                               @ DW_AT_location
	.byte	145
	.byte	7
	.long	.Linfo_string62                 @ DW_AT_name
	.byte	1                               @ DW_AT_decl_file
	.byte	101                             @ DW_AT_decl_line
	.long	1176                            @ DW_AT_type
	.byte	0                               @ End Of Children Mark
	.byte	18                              @ Abbrev [18] 0x3c0:0x50 DW_TAG_subprogram
	.long	.Lfunc_begin4                   @ DW_AT_low_pc
	.long	.Lfunc_end4                     @ DW_AT_high_pc
	.byte	1                               @ DW_AT_frame_base
	.byte	93
	.long	.Linfo_string55                 @ DW_AT_name
	.byte	1                               @ DW_AT_decl_file
	.byte	124                             @ DW_AT_decl_line
	.byte	1                               @ DW_AT_prototyped
	.long	1176                            @ DW_AT_type
	.byte	1                               @ DW_AT_external
	.byte	19                              @ Abbrev [19] 0x3d7:0xe DW_TAG_formal_parameter
	.byte	2                               @ DW_AT_location
	.byte	145
	.byte	12
	.long	.Linfo_string71                 @ DW_AT_name
	.byte	1                               @ DW_AT_decl_file
	.byte	124                             @ DW_AT_decl_line
	.long	568                             @ DW_AT_type
	.byte	19                              @ Abbrev [19] 0x3e5:0xe DW_TAG_formal_parameter
	.byte	2                               @ DW_AT_location
	.byte	145
	.byte	8
	.long	.Linfo_string72                 @ DW_AT_name
	.byte	1                               @ DW_AT_decl_file
	.byte	124                             @ DW_AT_decl_line
	.long	1261                            @ DW_AT_type
	.byte	19                              @ Abbrev [19] 0x3f3:0xe DW_TAG_formal_parameter
	.byte	2                               @ DW_AT_location
	.byte	145
	.byte	4
	.long	.Linfo_string73                 @ DW_AT_name
	.byte	1                               @ DW_AT_decl_file
	.byte	124                             @ DW_AT_decl_line
	.long	442                             @ DW_AT_type
	.byte	20                              @ Abbrev [20] 0x401:0xe DW_TAG_variable
	.byte	2                               @ DW_AT_location
	.byte	145
	.byte	3
	.long	.Linfo_string62                 @ DW_AT_name
	.byte	1                               @ DW_AT_decl_file
	.byte	125                             @ DW_AT_decl_line
	.long	1176                            @ DW_AT_type
	.byte	0                               @ End Of Children Mark
	.byte	23                              @ Abbrev [23] 0x410:0x13 DW_TAG_subprogram
	.long	.Lfunc_begin5                   @ DW_AT_low_pc
	.long	.Lfunc_end5                     @ DW_AT_high_pc
	.byte	1                               @ DW_AT_frame_base
	.byte	93
	.long	.Linfo_string56                 @ DW_AT_name
	.byte	1                               @ DW_AT_decl_file
	.byte	138                             @ DW_AT_decl_line
	.byte	1                               @ DW_AT_prototyped
	.byte	1                               @ DW_AT_external
	.byte	23                              @ Abbrev [23] 0x423:0x13 DW_TAG_subprogram
	.long	.Lfunc_begin6                   @ DW_AT_low_pc
	.long	.Lfunc_end6                     @ DW_AT_high_pc
	.byte	1                               @ DW_AT_frame_base
	.byte	93
	.long	.Linfo_string57                 @ DW_AT_name
	.byte	1                               @ DW_AT_decl_file
	.byte	145                             @ DW_AT_decl_line
	.byte	1                               @ DW_AT_prototyped
	.byte	1                               @ DW_AT_external
	.byte	21                              @ Abbrev [21] 0x436:0x31 DW_TAG_subprogram
	.long	.Lfunc_begin7                   @ DW_AT_low_pc
	.long	.Lfunc_end7                     @ DW_AT_high_pc
	.byte	1                               @ DW_AT_frame_base
	.byte	93
	.long	.Linfo_string58                 @ DW_AT_name
	.byte	1                               @ DW_AT_decl_file
	.byte	199                             @ DW_AT_decl_line
	.byte	1                               @ DW_AT_prototyped
	.byte	1                               @ DW_AT_external
	.byte	19                              @ Abbrev [19] 0x449:0xe DW_TAG_formal_parameter
	.byte	2                               @ DW_AT_location
	.byte	145
	.byte	8
	.long	.Linfo_string65                 @ DW_AT_name
	.byte	1                               @ DW_AT_decl_file
	.byte	199                             @ DW_AT_decl_line
	.long	1202                            @ DW_AT_type
	.byte	20                              @ Abbrev [20] 0x457:0xe DW_TAG_variable
	.byte	2                               @ DW_AT_location
	.byte	145
	.byte	4
	.long	.Linfo_string66                 @ DW_AT_name
	.byte	1                               @ DW_AT_decl_file
	.byte	200                             @ DW_AT_decl_line
	.long	1217                            @ DW_AT_type
	.byte	22                              @ Abbrev [22] 0x465:0x1 DW_TAG_unspecified_parameters
	.byte	0                               @ End Of Children Mark
	.byte	21                              @ Abbrev [21] 0x467:0x31 DW_TAG_subprogram
	.long	.Lfunc_begin8                   @ DW_AT_low_pc
	.long	.Lfunc_end8                     @ DW_AT_high_pc
	.byte	1                               @ DW_AT_frame_base
	.byte	93
	.long	.Linfo_string59                 @ DW_AT_name
	.byte	1                               @ DW_AT_decl_file
	.byte	182                             @ DW_AT_decl_line
	.byte	1                               @ DW_AT_prototyped
	.byte	1                               @ DW_AT_external
	.byte	19                              @ Abbrev [19] 0x47a:0xe DW_TAG_formal_parameter
	.byte	2                               @ DW_AT_location
	.byte	145
	.byte	8
	.long	.Linfo_string65                 @ DW_AT_name
	.byte	1                               @ DW_AT_decl_file
	.byte	182                             @ DW_AT_decl_line
	.long	1202                            @ DW_AT_type
	.byte	20                              @ Abbrev [20] 0x488:0xe DW_TAG_variable
	.byte	2                               @ DW_AT_location
	.byte	145
	.byte	4
	.long	.Linfo_string66                 @ DW_AT_name
	.byte	1                               @ DW_AT_decl_file
	.byte	183                             @ DW_AT_decl_line
	.long	1217                            @ DW_AT_type
	.byte	22                              @ Abbrev [22] 0x496:0x1 DW_TAG_unspecified_parameters
	.byte	0                               @ End Of Children Mark
	.byte	9                               @ Abbrev [9] 0x498:0xb DW_TAG_typedef
	.long	598                             @ DW_AT_type
	.long	.Linfo_string51                 @ DW_AT_name
	.byte	3                               @ DW_AT_decl_file
	.byte	85                              @ DW_AT_decl_line
	.byte	11                              @ Abbrev [11] 0x4a3:0x5 DW_TAG_pointer_type
	.long	1192                            @ DW_AT_type
	.byte	11                              @ Abbrev [11] 0x4a8:0x5 DW_TAG_pointer_type
	.long	375                             @ DW_AT_type
	.byte	11                              @ Abbrev [11] 0x4ad:0x5 DW_TAG_pointer_type
	.long	442                             @ DW_AT_type
	.byte	11                              @ Abbrev [11] 0x4b2:0x5 DW_TAG_pointer_type
	.long	1207                            @ DW_AT_type
	.byte	12                              @ Abbrev [12] 0x4b7:0x5 DW_TAG_const_type
	.long	67                              @ DW_AT_type
	.byte	12                              @ Abbrev [12] 0x4bc:0x5 DW_TAG_const_type
	.long	591                             @ DW_AT_type
	.byte	9                               @ Abbrev [9] 0x4c1:0xb DW_TAG_typedef
	.long	1228                            @ DW_AT_type
	.long	.Linfo_string70                 @ DW_AT_name
	.byte	8                               @ DW_AT_decl_file
	.byte	40                              @ DW_AT_decl_line
	.byte	24                              @ Abbrev [24] 0x4cc:0x9 DW_TAG_typedef
	.long	1237                            @ DW_AT_type
	.long	.Linfo_string69                 @ DW_AT_name
	.byte	25                              @ Abbrev [25] 0x4d5:0x13 DW_TAG_structure_type
	.long	.Linfo_string68                 @ DW_AT_name
	.byte	4                               @ DW_AT_byte_size
	.byte	14                              @ Abbrev [14] 0x4db:0xc DW_TAG_member
	.long	.Linfo_string67                 @ DW_AT_name
	.long	441                             @ DW_AT_type
	.byte	7                               @ DW_AT_decl_file
	.byte	162                             @ DW_AT_decl_line
	.byte	0                               @ DW_AT_data_member_location
	.byte	0                               @ End Of Children Mark
	.byte	11                              @ Abbrev [11] 0x4e8:0x5 DW_TAG_pointer_type
	.long	568                             @ DW_AT_type
	.byte	11                              @ Abbrev [11] 0x4ed:0x5 DW_TAG_pointer_type
	.long	1266                            @ DW_AT_type
	.byte	12                              @ Abbrev [12] 0x4f2:0x5 DW_TAG_const_type
	.long	568                             @ DW_AT_type
	.byte	0                               @ End Of Children Mark
.Ldebug_info_end0:
	.section	.debug_ranges,"",%progbits
.Ldebug_ranges0:
	.long	.Lfunc_begin0
	.long	.Lfunc_end0
	.long	.Lfunc_begin1
	.long	.Lfunc_end1
	.long	.Lfunc_begin2
	.long	.Lfunc_end2
	.long	.Lfunc_begin3
	.long	.Lfunc_end3
	.long	.Lfunc_begin4
	.long	.Lfunc_end4
	.long	.Lfunc_begin5
	.long	.Lfunc_end5
	.long	.Lfunc_begin6
	.long	.Lfunc_end6
	.long	.Lfunc_begin7
	.long	.Lfunc_end7
	.long	.Lfunc_begin8
	.long	.Lfunc_end8
	.long	0
	.long	0
	.section	.debug_str,"MS",%progbits,1
.Linfo_string0:
	.asciz	"Component: ARM Compiler 6.16 Tool: armclang [5dfeb700]" @ string offset=0
.Linfo_string1:
	.asciz	"board/port\\ef_fal_port.c"     @ string offset=55
.Linfo_string2:
	.asciz	"E:\\Smart-access-control\\Hardware\\CODE" @ string offset=80
.Linfo_string3:
	.asciz	"log_buf"                       @ string offset=118
.Linfo_string4:
	.asciz	"char"                          @ string offset=126
.Linfo_string5:
	.asciz	"__ARRAY_SIZE_TYPE__"           @ string offset=131
.Linfo_string6:
	.asciz	"env_cache_lock"                @ string offset=151
.Linfo_string7:
	.asciz	"parent"                        @ string offset=166
.Linfo_string8:
	.asciz	"name"                          @ string offset=173
.Linfo_string9:
	.asciz	"type"                          @ string offset=178
.Linfo_string10:
	.asciz	"unsigned char"                 @ string offset=183
.Linfo_string11:
	.asciz	"rt_uint8_t"                    @ string offset=197
.Linfo_string12:
	.asciz	"flag"                          @ string offset=208
.Linfo_string13:
	.asciz	"list"                          @ string offset=213
.Linfo_string14:
	.asciz	"next"                          @ string offset=218
.Linfo_string15:
	.asciz	"prev"                          @ string offset=223
.Linfo_string16:
	.asciz	"rt_list_node"                  @ string offset=228
.Linfo_string17:
	.asciz	"rt_list_t"                     @ string offset=241
.Linfo_string18:
	.asciz	"rt_object"                     @ string offset=251
.Linfo_string19:
	.asciz	"suspend_thread"                @ string offset=261
.Linfo_string20:
	.asciz	"rt_ipc_object"                 @ string offset=276
.Linfo_string21:
	.asciz	"value"                         @ string offset=290
.Linfo_string22:
	.asciz	"unsigned short"                @ string offset=296
.Linfo_string23:
	.asciz	"rt_uint16_t"                   @ string offset=311
.Linfo_string24:
	.asciz	"reserved"                      @ string offset=323
.Linfo_string25:
	.asciz	"rt_semaphore"                  @ string offset=332
.Linfo_string26:
	.asciz	"default_env_set"               @ string offset=345
.Linfo_string27:
	.asciz	"key"                           @ string offset=361
.Linfo_string28:
	.asciz	"value_len"                     @ string offset=365
.Linfo_string29:
	.asciz	"unsigned int"                  @ string offset=375
.Linfo_string30:
	.asciz	"size_t"                        @ string offset=388
.Linfo_string31:
	.asciz	"_ef_env"                       @ string offset=395
.Linfo_string32:
	.asciz	"ef_env"                        @ string offset=403
.Linfo_string33:
	.asciz	"part"                          @ string offset=410
.Linfo_string34:
	.asciz	"magic_word"                    @ string offset=415
.Linfo_string35:
	.asciz	"uint32_t"                      @ string offset=426
.Linfo_string36:
	.asciz	"flash_name"                    @ string offset=435
.Linfo_string37:
	.asciz	"offset"                        @ string offset=446
.Linfo_string38:
	.asciz	"long int"                      @ string offset=453
.Linfo_string39:
	.asciz	"len"                           @ string offset=462
.Linfo_string40:
	.asciz	"fal_partition"                 @ string offset=466
.Linfo_string41:
	.asciz	"EF_NO_ERR"                     @ string offset=480
.Linfo_string42:
	.asciz	"EF_ERASE_ERR"                  @ string offset=490
.Linfo_string43:
	.asciz	"EF_READ_ERR"                   @ string offset=503
.Linfo_string44:
	.asciz	"EF_WRITE_ERR"                  @ string offset=515
.Linfo_string45:
	.asciz	"EF_ENV_NAME_ERR"               @ string offset=528
.Linfo_string46:
	.asciz	"EF_ENV_NAME_EXIST"             @ string offset=544
.Linfo_string47:
	.asciz	"EF_ENV_FULL"                   @ string offset=562
.Linfo_string48:
	.asciz	"EF_ENV_INIT_FAILED"            @ string offset=574
.Linfo_string49:
	.asciz	"uint8_t"                       @ string offset=593
.Linfo_string50:
	.asciz	"ef_port_init"                  @ string offset=601
.Linfo_string51:
	.asciz	"EfErrCode"                     @ string offset=614
.Linfo_string52:
	.asciz	"ef_log_debug"                  @ string offset=624
.Linfo_string53:
	.asciz	"ef_port_read"                  @ string offset=637
.Linfo_string54:
	.asciz	"ef_port_erase"                 @ string offset=650
.Linfo_string55:
	.asciz	"ef_port_write"                 @ string offset=664
.Linfo_string56:
	.asciz	"ef_port_env_lock"              @ string offset=678
.Linfo_string57:
	.asciz	"ef_port_env_unlock"            @ string offset=695
.Linfo_string58:
	.asciz	"ef_print"                      @ string offset=714
.Linfo_string59:
	.asciz	"ef_log_info"                   @ string offset=723
.Linfo_string60:
	.asciz	"default_env"                   @ string offset=735
.Linfo_string61:
	.asciz	"default_env_size"              @ string offset=747
.Linfo_string62:
	.asciz	"result"                        @ string offset=764
.Linfo_string63:
	.asciz	"file"                          @ string offset=771
.Linfo_string64:
	.asciz	"line"                          @ string offset=776
.Linfo_string65:
	.asciz	"format"                        @ string offset=781
.Linfo_string66:
	.asciz	"args"                          @ string offset=788
.Linfo_string67:
	.asciz	"__ap"                          @ string offset=793
.Linfo_string68:
	.asciz	"__va_list"                     @ string offset=798
.Linfo_string69:
	.asciz	"__builtin_va_list"             @ string offset=808
.Linfo_string70:
	.asciz	"va_list"                       @ string offset=826
.Linfo_string71:
	.asciz	"addr"                          @ string offset=834
.Linfo_string72:
	.asciz	"buf"                           @ string offset=839
.Linfo_string73:
	.asciz	"size"                          @ string offset=843
	.ident	"Component: ARM Compiler 6.16 Tool: armclang [5dfeb700]"
	.section	".note.GNU-stack","",%progbits
	.eabi_attribute	30, 6	@ Tag_ABI_optimization_goals
	.ARM_attribute	16, 1	@ Tag_AV_eba
	.section	.debug_line,"",%progbits
.Lline_table_start0:
