	.text
	.syntax unified
	.eabi_attribute	67, "2.09"	@ Tag_conformance
	.cpu	cortex-m7
	.eabi_attribute	6, 13	@ Tag_CPU_arch
	.eabi_attribute	7, 77	@ Tag_CPU_arch_profile
	.eabi_attribute	8, 0	@ Tag_ARM_ISA_use
	.eabi_attribute	9, 2	@ Tag_THUMB_ISA_use
	.fpu	fpv5-d16
	.eabi_attribute	36, 1	@ Tag_FP_HP_extension
	.eabi_attribute	34, 1	@ Tag_CPU_unaligned_access
	.eabi_attribute	17, 1	@ Tag_ABI_PCS_GOT_use
	.eabi_attribute	20, 2	@ Tag_ABI_FP_denormal
	.eabi_attribute	21, 0	@ Tag_ABI_FP_exceptions
	.eabi_attribute	23, 1	@ Tag_ABI_FP_number_model
	.eabi_attribute	24, 1	@ Tag_ABI_align_needed
	.eabi_attribute	25, 1	@ Tag_ABI_align_preserved
	.eabi_attribute	28, 1	@ Tag_ABI_VFP_args
	.eabi_attribute	38, 1	@ Tag_ABI_FP_16bit_format
	.eabi_attribute	18, 2	@ Tag_ABI_PCS_wchar_t
	.eabi_attribute	26, 1	@ Tag_ABI_enum_size
	.eabi_attribute	14, 0	@ Tag_ABI_PCS_R9_use
	.file	"ethernet.c"
	.file	1 "D:\\Keil_v5\\ARM\\ARMCLANG\\Bin\\..\\include" "stdint.h"
	.file	2 "E:\\Smart-access-control\\Hardware\\CODE" "./rt-thread/components/net/lwip-2.0.2/src/include\\lwip/arch.h"
	.file	3 "E:\\Smart-access-control\\Hardware\\CODE" "./rt-thread/components/net/lwip-2.0.2/src/include\\lwip/prot/ethernet.h"
	.file	4 "E:\\Smart-access-control\\Hardware\\CODE" "rt-thread/components/net/lwip-2.0.2/src/netif/ethernet.c"
	.file	5 "E:\\Smart-access-control\\Hardware\\CODE" "./rt-thread/components/net/lwip-2.0.2/src/include\\lwip/netif.h"
	.file	6 "E:\\Smart-access-control\\Hardware\\CODE" "./rt-thread/components/net/lwip-2.0.2/src/include\\lwip/err.h"
	.section	.text.ethernet_input,"ax",%progbits
	.hidden	ethernet_input                  @ -- Begin function ethernet_input
	.globl	ethernet_input
	.p2align	3
	.type	ethernet_input,%function
	.code	16                              @ @ethernet_input
	.thumb_func
ethernet_input:
.Lfunc_begin0:
	.loc	4 82 0                          @ rt-thread/components/net/lwip-2.0.2/src/netif/ethernet.c:82:0
	.fnstart
	.cfi_sections .debug_frame
	.cfi_startproc
@ %bb.0:
	@DEBUG_VALUE: ethernet_input:p <- $r0
	@DEBUG_VALUE: ethernet_input:netif <- $r1
	.save	{r4, r5, r6, r7, lr}
	push	{r4, r5, r6, r7, lr}
	.cfi_def_cfa_offset 20
	.cfi_offset lr, -4
	.cfi_offset r7, -8
	.cfi_offset r6, -12
	.cfi_offset r5, -16
	.cfi_offset r4, -20
	.pad	#4
	sub	sp, #4
	.cfi_def_cfa_offset 24
.Ltmp0:
	.loc	4 89 10 prologue_end            @ rt-thread/components/net/lwip-2.0.2/src/netif/ethernet.c:89:10
	ldrh	r6, [r0, #10]
	mov	r4, r0
.Ltmp1:
	@DEBUG_VALUE: ethernet_input:p <- $r4
	@DEBUG_VALUE: ethernet_input:ip_hdr_offset <- 14
	@DEBUG_VALUE: ethernet_input:p <- $r4
	.loc	4 89 7 is_stmt 0                @ rt-thread/components/net/lwip-2.0.2/src/netif/ethernet.c:89:7
	cmp	r6, #15
	@DEBUG_VALUE: ethernet_input:netif <- $r1
	blo	.LBB0_18
.Ltmp2:
@ %bb.1:
	@DEBUG_VALUE: ethernet_input:p <- $r4
	@DEBUG_VALUE: ethernet_input:netif <- $r1
	@DEBUG_VALUE: ethernet_input:ip_hdr_offset <- 14
	.loc	4 98 33 is_stmt 1               @ rt-thread/components/net/lwip-2.0.2/src/netif/ethernet.c:98:33
	ldr	r0, [r4, #4]
.Ltmp3:
	@DEBUG_VALUE: ethernet_input:ethhdr <- $r0
	.loc	4 0 33 is_stmt 0                @ rt-thread/components/net/lwip-2.0.2/src/netif/ethernet.c:0:33
	mov	r5, r1
.Ltmp4:
	@DEBUG_VALUE: ethernet_input:netif <- $r5
	@DEBUG_VALUE: ethernet_input:netif <- $r5
	.loc	4 140 7 is_stmt 1               @ rt-thread/components/net/lwip-2.0.2/src/netif/ethernet.c:140:7
	ldrb	r1, [r0]
.Ltmp5:
	.loc	4 107 18                        @ rt-thread/components/net/lwip-2.0.2/src/netif/ethernet.c:107:18
	ldrh	r7, [r0, #12]
.Ltmp6:
	@DEBUG_VALUE: ethernet_input:type <- undef
	.loc	4 140 7                         @ rt-thread/components/net/lwip-2.0.2/src/netif/ethernet.c:140:7
	lsls	r2, r1, #31
	beq	.LBB0_9
.Ltmp7:
@ %bb.2:
	@DEBUG_VALUE: ethernet_input:netif <- $r5
	@DEBUG_VALUE: ethernet_input:p <- $r4
	@DEBUG_VALUE: ethernet_input:ethhdr <- $r0
	@DEBUG_VALUE: ethernet_input:ip_hdr_offset <- 14
	.loc	4 142 9                         @ rt-thread/components/net/lwip-2.0.2/src/netif/ethernet.c:142:9
	cmp	r1, #1
	bne	.LBB0_6
.Ltmp8:
@ %bb.3:
	@DEBUG_VALUE: ethernet_input:netif <- $r5
	@DEBUG_VALUE: ethernet_input:p <- $r4
	@DEBUG_VALUE: ethernet_input:ethhdr <- $r0
	@DEBUG_VALUE: ethernet_input:ip_hdr_offset <- 14
	.loc	4 144 12                        @ rt-thread/components/net/lwip-2.0.2/src/netif/ethernet.c:144:12
	ldrb	r1, [r0, #1]
	.loc	4 144 61 is_stmt 0              @ rt-thread/components/net/lwip-2.0.2/src/netif/ethernet.c:144:61
	cbnz	r1, .LBB0_9
.Ltmp9:
@ %bb.4:
	@DEBUG_VALUE: ethernet_input:netif <- $r5
	@DEBUG_VALUE: ethernet_input:p <- $r4
	@DEBUG_VALUE: ethernet_input:ethhdr <- $r0
	@DEBUG_VALUE: ethernet_input:ip_hdr_offset <- 14
	.loc	4 145 12 is_stmt 1              @ rt-thread/components/net/lwip-2.0.2/src/netif/ethernet.c:145:12
	ldrb	r0, [r0, #2]
.Ltmp10:
	.loc	4 144 11                        @ rt-thread/components/net/lwip-2.0.2/src/netif/ethernet.c:144:11
	cmp	r0, #94
	bne	.LBB0_9
.Ltmp11:
@ %bb.5:
	@DEBUG_VALUE: ethernet_input:netif <- $r5
	@DEBUG_VALUE: ethernet_input:p <- $r4
	@DEBUG_VALUE: ethernet_input:ip_hdr_offset <- 14
	.loc	4 147 18                        @ rt-thread/components/net/lwip-2.0.2/src/netif/ethernet.c:147:18
	ldrb	r0, [r4, #13]
	orr	r0, r0, #16
	b	.LBB0_8
.Ltmp12:
.LBB0_6:
	@DEBUG_VALUE: ethernet_input:netif <- $r5
	@DEBUG_VALUE: ethernet_input:p <- $r4
	@DEBUG_VALUE: ethernet_input:ethhdr <- $r0
	@DEBUG_VALUE: ethernet_input:ip_hdr_offset <- 14
	.loc	4 158 14                        @ rt-thread/components/net/lwip-2.0.2/src/netif/ethernet.c:158:14
	movw	r1, :lower16:ethbroadcast
	movs	r2, #6
	movt	r1, :upper16:ethbroadcast
	bl	memcmp
.Ltmp13:
	.loc	4 158 14 is_stmt 0              @ rt-thread/components/net/lwip-2.0.2/src/netif/ethernet.c:158:14
	cbnz	r0, .LBB0_9
.Ltmp14:
@ %bb.7:
	@DEBUG_VALUE: ethernet_input:netif <- $r5
	@DEBUG_VALUE: ethernet_input:p <- $r4
	@DEBUG_VALUE: ethernet_input:ip_hdr_offset <- 14
	.loc	4 160 16 is_stmt 1              @ rt-thread/components/net/lwip-2.0.2/src/netif/ethernet.c:160:16
	ldrb	r0, [r4, #13]
	orr	r0, r0, #8
.Ltmp15:
.LBB0_8:
	@DEBUG_VALUE: ethernet_input:netif <- $r5
	@DEBUG_VALUE: ethernet_input:p <- $r4
	@DEBUG_VALUE: ethernet_input:ip_hdr_offset <- 14
	.loc	4 0 0 is_stmt 0                 @ rt-thread/components/net/lwip-2.0.2/src/netif/ethernet.c:0:0
	strb	r0, [r4, #13]
.Ltmp16:
.LBB0_9:
	@DEBUG_VALUE: ethernet_input:netif <- $r5
	@DEBUG_VALUE: ethernet_input:p <- $r4
	@DEBUG_VALUE: ethernet_input:ip_hdr_offset <- 14
	.loc	4 164 3 is_stmt 1               @ rt-thread/components/net/lwip-2.0.2/src/netif/ethernet.c:164:3
	cmp.w	r7, #1544
	beq	.LBB0_15
.Ltmp17:
@ %bb.10:
	@DEBUG_VALUE: ethernet_input:netif <- $r5
	@DEBUG_VALUE: ethernet_input:p <- $r4
	@DEBUG_VALUE: ethernet_input:ip_hdr_offset <- 14
	cmp	r7, #8
	bne	.LBB0_18
.Ltmp18:
@ %bb.11:
	@DEBUG_VALUE: ethernet_input:netif <- $r5
	@DEBUG_VALUE: ethernet_input:p <- $r4
	@DEBUG_VALUE: ethernet_input:ip_hdr_offset <- 14
	.loc	4 168 11                        @ rt-thread/components/net/lwip-2.0.2/src/netif/ethernet.c:168:11
	cmp	r6, #14
	blo	.LBB0_18
.Ltmp19:
@ %bb.12:
	@DEBUG_VALUE: ethernet_input:netif <- $r5
	@DEBUG_VALUE: ethernet_input:p <- $r4
	@DEBUG_VALUE: ethernet_input:ip_hdr_offset <- 14
	.loc	4 0 0 is_stmt 0                 @ rt-thread/components/net/lwip-2.0.2/src/netif/ethernet.c:0:0
	ldrb.w	r0, [r5, #65]
	ands	r0, r0, #8
	.loc	4 168 11                        @ rt-thread/components/net/lwip-2.0.2/src/netif/ethernet.c:168:11
	beq	.LBB0_18
.Ltmp20:
@ %bb.13:
	@DEBUG_VALUE: ethernet_input:netif <- $r5
	@DEBUG_VALUE: ethernet_input:p <- $r4
	@DEBUG_VALUE: ethernet_input:ip_hdr_offset <- 14
	.loc	4 172 39 is_stmt 1              @ rt-thread/components/net/lwip-2.0.2/src/netif/ethernet.c:172:39
	mvn	r1, #13
	mov	r0, r4
	bl	pbuf_header
.Ltmp21:
	.loc	4 172 11 is_stmt 0              @ rt-thread/components/net/lwip-2.0.2/src/netif/ethernet.c:172:11
	cbnz	r0, .LBB0_18
.Ltmp22:
@ %bb.14:
	@DEBUG_VALUE: ethernet_input:netif <- $r5
	@DEBUG_VALUE: ethernet_input:p <- $r4
	@DEBUG_VALUE: ethernet_input:ip_hdr_offset <- 14
	.loc	4 180 9 is_stmt 1               @ rt-thread/components/net/lwip-2.0.2/src/netif/ethernet.c:180:9
	mov	r0, r4
	mov	r1, r5
	bl	ip4_input
.Ltmp23:
	.loc	4 182 7                         @ rt-thread/components/net/lwip-2.0.2/src/netif/ethernet.c:182:7
	b	.LBB0_19
.Ltmp24:
.LBB0_15:
	@DEBUG_VALUE: ethernet_input:netif <- $r5
	@DEBUG_VALUE: ethernet_input:p <- $r4
	@DEBUG_VALUE: ethernet_input:ip_hdr_offset <- 14
	.loc	4 185 11                        @ rt-thread/components/net/lwip-2.0.2/src/netif/ethernet.c:185:11
	cmp	r6, #14
	blo	.LBB0_18
.Ltmp25:
@ %bb.16:
	@DEBUG_VALUE: ethernet_input:netif <- $r5
	@DEBUG_VALUE: ethernet_input:p <- $r4
	@DEBUG_VALUE: ethernet_input:ip_hdr_offset <- 14
	.loc	4 0 0 is_stmt 0                 @ rt-thread/components/net/lwip-2.0.2/src/netif/ethernet.c:0:0
	ldrb.w	r0, [r5, #65]
	ands	r0, r0, #8
	.loc	4 185 11                        @ rt-thread/components/net/lwip-2.0.2/src/netif/ethernet.c:185:11
	beq	.LBB0_18
.Ltmp26:
@ %bb.17:
	@DEBUG_VALUE: ethernet_input:netif <- $r5
	@DEBUG_VALUE: ethernet_input:p <- $r4
	@DEBUG_VALUE: ethernet_input:ip_hdr_offset <- 14
	.loc	4 189 39 is_stmt 1              @ rt-thread/components/net/lwip-2.0.2/src/netif/ethernet.c:189:39
	mvn	r1, #13
	mov	r0, r4
	bl	pbuf_header
.Ltmp27:
	.loc	4 189 11 is_stmt 0              @ rt-thread/components/net/lwip-2.0.2/src/netif/ethernet.c:189:11
	cbz	r0, .LBB0_20
.Ltmp28:
.LBB0_18:
	@DEBUG_VALUE: ethernet_input:p <- $r4
	@DEBUG_VALUE: ethernet_input:ip_hdr_offset <- 14
	@DEBUG_LABEL: ethernet_input:free_and_return
	.loc	4 245 3 is_stmt 1               @ rt-thread/components/net/lwip-2.0.2/src/netif/ethernet.c:245:3
	mov	r0, r4
	bl	pbuf_free
.Ltmp29:
.LBB0_19:
	@DEBUG_VALUE: ethernet_input:p <- $r4
	@DEBUG_VALUE: ethernet_input:ip_hdr_offset <- 14
	.loc	4 247 1                         @ rt-thread/components/net/lwip-2.0.2/src/netif/ethernet.c:247:1
	movs	r0, #0
	add	sp, #4
	pop	{r4, r5, r6, r7, pc}
.Ltmp30:
.LBB0_20:
	@DEBUG_VALUE: ethernet_input:netif <- $r5
	@DEBUG_VALUE: ethernet_input:p <- $r4
	@DEBUG_VALUE: ethernet_input:ip_hdr_offset <- 14
	.loc	4 199 9                         @ rt-thread/components/net/lwip-2.0.2/src/netif/ethernet.c:199:9
	mov	r0, r4
	mov	r1, r5
	bl	etharp_input
.Ltmp31:
	.loc	4 201 7                         @ rt-thread/components/net/lwip-2.0.2/src/netif/ethernet.c:201:7
	b	.LBB0_19
.Ltmp32:
.Lfunc_end0:
	.size	ethernet_input, .Lfunc_end0-ethernet_input
	.cfi_endproc
	.cantunwind
	.fnend
                                        @ -- End function
	.section	.text.ethernet_output,"ax",%progbits
	.hidden	ethernet_output                 @ -- Begin function ethernet_output
	.globl	ethernet_output
	.p2align	3
	.type	ethernet_output,%function
	.code	16                              @ @ethernet_output
	.thumb_func
ethernet_output:
.Lfunc_begin1:
	.loc	4 267 0                         @ rt-thread/components/net/lwip-2.0.2/src/netif/ethernet.c:267:0
	.fnstart
	.cfi_startproc
@ %bb.0:
	@DEBUG_VALUE: ethernet_output:netif <- $r0
	@DEBUG_VALUE: ethernet_output:p <- $r1
	@DEBUG_VALUE: ethernet_output:src <- $r2
	@DEBUG_VALUE: ethernet_output:dst <- $r3
	.save	{r4, r5, r6, r7, r8, lr}
	push.w	{r4, r5, r6, r7, r8, lr}
	.cfi_def_cfa_offset 24
	.cfi_offset lr, -4
	.cfi_offset r8, -8
	.cfi_offset r7, -12
	.cfi_offset r6, -16
	.cfi_offset r5, -20
	.cfi_offset r4, -24
	mov	r8, r0
.Ltmp33:
	@DEBUG_VALUE: ethernet_output:netif <- $r8
	ldr	r0, [sp, #24]
	@DEBUG_VALUE: ethernet_output:eth_type <- undef
.Ltmp34:
	@DEBUG_VALUE: ethernet_output:dst <- $r7
	@DEBUG_VALUE: ethernet_output:src <- $r6
	@DEBUG_VALUE: ethernet_output:p <- $r4
	@DEBUG_VALUE: ethernet_output:netif <- $r8
	mov	r7, r3
.Ltmp35:
	mov	r6, r2
.Ltmp36:
	mov	r4, r1
.Ltmp37:
	.loc	4 269 23 prologue_end           @ rt-thread/components/net/lwip-2.0.2/src/netif/ethernet.c:269:23
	bl	lwip_htons
	mov	r5, r0
.Ltmp38:
	@DEBUG_VALUE: ethernet_output:eth_type_be <- undef
	.loc	4 289 9                         @ rt-thread/components/net/lwip-2.0.2/src/netif/ethernet.c:289:9
	movs	r1, #14
	mov	r0, r4
	bl	pbuf_header
.Ltmp39:
	.loc	4 289 9 is_stmt 0               @ rt-thread/components/net/lwip-2.0.2/src/netif/ethernet.c:289:9
	cbz	r0, .LBB1_2
.Ltmp40:
@ %bb.1:
	@DEBUG_VALUE: ethernet_output:netif <- $r8
	.loc	4 0 9                           @ rt-thread/components/net/lwip-2.0.2/src/netif/ethernet.c:0:9
	movs	r0, #254
	.loc	4 312 1 is_stmt 1               @ rt-thread/components/net/lwip-2.0.2/src/netif/ethernet.c:312:1
	sxtb	r0, r0
	pop.w	{r4, r5, r6, r7, r8, pc}
.Ltmp41:
.LBB1_2:
	@DEBUG_VALUE: ethernet_output:netif <- $r8
	.loc	4 294 32                        @ rt-thread/components/net/lwip-2.0.2/src/netif/ethernet.c:294:32
	ldr	r0, [r4, #4]
.Ltmp42:
	@DEBUG_VALUE: ethernet_output:ethhdr <- $r0
	.loc	4 295 16                        @ rt-thread/components/net/lwip-2.0.2/src/netif/ethernet.c:295:16
	strh	r5, [r0, #12]
	.loc	4 296 3                         @ rt-thread/components/net/lwip-2.0.2/src/netif/ethernet.c:296:3
	ldrh	r1, [r7, #4]
	strh	r1, [r0, #4]
	ldr	r1, [r7]
	str	r1, [r0]
	.loc	4 297 3                         @ rt-thread/components/net/lwip-2.0.2/src/netif/ethernet.c:297:3
	ldrh	r1, [r6, #4]
	strh	r1, [r0, #10]
	ldr	r1, [r6]
	str.w	r1, [r0, #6]
.Ltmp43:
	.loc	4 299 3                         @ rt-thread/components/net/lwip-2.0.2/src/netif/ethernet.c:299:3
	ldrb.w	r0, [r8, #58]
.Ltmp44:
	.loc	4 299 3 is_stmt 0               @ rt-thread/components/net/lwip-2.0.2/src/netif/ethernet.c:299:3
	cmp	r0, #6
	beq	.LBB1_4
.Ltmp45:
@ %bb.3:
	@DEBUG_VALUE: ethernet_output:netif <- $r8
	.loc	4 299 3                         @ rt-thread/components/net/lwip-2.0.2/src/netif/ethernet.c:299:3
	adr	r0, .LCPI1_0
	bl	rt_kprintf
	adr	r0, .LCPI1_1
	mov.w	r1, #300
	bl	sys_arch_assert
.Ltmp46:
.LBB1_4:
	@DEBUG_VALUE: ethernet_output:netif <- $r8
	.loc	4 305 17 is_stmt 1              @ rt-thread/components/net/lwip-2.0.2/src/netif/ethernet.c:305:17
	ldr.w	r2, [r8, #24]
	.loc	4 305 10 is_stmt 0              @ rt-thread/components/net/lwip-2.0.2/src/netif/ethernet.c:305:10
	mov	r0, r8
	mov	r1, r4
	blx	r2
	.loc	4 312 1 is_stmt 1               @ rt-thread/components/net/lwip-2.0.2/src/netif/ethernet.c:312:1
	sxtb	r0, r0
	pop.w	{r4, r5, r6, r7, r8, pc}
.Ltmp47:
	.p2align	2
@ %bb.5:
	.loc	4 0 1 is_stmt 0                 @ rt-thread/components/net/lwip-2.0.2/src/netif/ethernet.c:0:1
.LCPI1_0:
.L.str:
	.asciz	"netif->hwaddr_len must be 6 for ethernet_output!\000\000\000"
.LCPI1_1:
.L.str.1:
	.asciz	"rt-thread/components/net/lwip-2.0.2/src/netif/ethernet.c\000\000\000"
.Lfunc_end1:
	.size	ethernet_output, .Lfunc_end1-ethernet_output
	.cfi_endproc
	.cantunwind
	.fnend
                                        @ -- End function
	.hidden	ethbroadcast                    @ @ethbroadcast
	.type	ethbroadcast,%object
	.section	.rodata.ethbroadcast,"a",%progbits
	.globl	ethbroadcast
ethbroadcast:
	.zero	6,255
	.size	ethbroadcast, 6

	.hidden	ethzero                         @ @ethzero
	.type	ethzero,%object
	.section	.rodata.ethzero,"a",%progbits
	.globl	ethzero
ethzero:
	.zero	6
	.size	ethzero, 6

	.file	7 "E:\\Smart-access-control\\Hardware\\CODE" "./rt-thread/components/net/lwip-2.0.2/src/include\\lwip/pbuf.h"
	.file	8 "E:\\Smart-access-control\\Hardware\\CODE" "./rt-thread/components/net/lwip-2.0.2/src/include\\lwip/ip4_addr.h"
	.file	9 "E:\\Smart-access-control\\Hardware\\CODE" "./rt-thread/components/net/lwip-2.0.2/src/include\\lwip/ip_addr.h"
	.section	.debug_loc,"",%progbits
.Ldebug_loc0:
	.long	-1
	.long	.Lfunc_begin0                   @   base address
	.long	.Lfunc_begin0-.Lfunc_begin0
	.long	.Ltmp1-.Lfunc_begin0
	.short	1                               @ Loc expr size
	.byte	80                              @ DW_OP_reg0
	.long	.Ltmp1-.Lfunc_begin0
	.long	.Lfunc_end0-.Lfunc_begin0
	.short	1                               @ Loc expr size
	.byte	84                              @ DW_OP_reg4
	.long	0
	.long	0
.Ldebug_loc1:
	.long	-1
	.long	.Lfunc_begin0                   @   base address
	.long	.Lfunc_begin0-.Lfunc_begin0
	.long	.Ltmp4-.Lfunc_begin0
	.short	1                               @ Loc expr size
	.byte	81                              @ DW_OP_reg1
	.long	.Ltmp4-.Lfunc_begin0
	.long	.Ltmp28-.Lfunc_begin0
	.short	1                               @ Loc expr size
	.byte	85                              @ DW_OP_reg5
	.long	.Ltmp30-.Lfunc_begin0
	.long	.Lfunc_end0-.Lfunc_begin0
	.short	1                               @ Loc expr size
	.byte	85                              @ DW_OP_reg5
	.long	0
	.long	0
.Ldebug_loc2:
	.long	-1
	.long	.Lfunc_begin0                   @   base address
	.long	.Ltmp1-.Lfunc_begin0
	.long	.Lfunc_end0-.Lfunc_begin0
	.short	1                               @ Loc expr size
	.byte	62                              @ DW_OP_lit14
	.long	0
	.long	0
.Ldebug_loc3:
	.long	-1
	.long	.Lfunc_begin0                   @   base address
	.long	.Ltmp3-.Lfunc_begin0
	.long	.Ltmp10-.Lfunc_begin0
	.short	1                               @ Loc expr size
	.byte	80                              @ DW_OP_reg0
	.long	.Ltmp12-.Lfunc_begin0
	.long	.Ltmp13-.Lfunc_begin0
	.short	1                               @ Loc expr size
	.byte	80                              @ DW_OP_reg0
	.long	0
	.long	0
.Ldebug_loc4:
	.long	-1
	.long	.Lfunc_begin1                   @   base address
	.long	.Lfunc_begin1-.Lfunc_begin1
	.long	.Ltmp33-.Lfunc_begin1
	.short	1                               @ Loc expr size
	.byte	80                              @ DW_OP_reg0
	.long	.Ltmp33-.Lfunc_begin1
	.long	.Ltmp47-.Lfunc_begin1
	.short	1                               @ Loc expr size
	.byte	88                              @ DW_OP_reg8
	.long	0
	.long	0
.Ldebug_loc5:
	.long	-1
	.long	.Lfunc_begin1                   @   base address
	.long	.Lfunc_begin1-.Lfunc_begin1
	.long	.Ltmp34-.Lfunc_begin1
	.short	1                               @ Loc expr size
	.byte	81                              @ DW_OP_reg1
	.long	.Ltmp34-.Lfunc_begin1
	.long	.Ltmp37-.Lfunc_begin1
	.short	1                               @ Loc expr size
	.byte	84                              @ DW_OP_reg4
	.long	0
	.long	0
.Ldebug_loc6:
	.long	-1
	.long	.Lfunc_begin1                   @   base address
	.long	.Lfunc_begin1-.Lfunc_begin1
	.long	.Ltmp34-.Lfunc_begin1
	.short	1                               @ Loc expr size
	.byte	82                              @ DW_OP_reg2
	.long	.Ltmp34-.Lfunc_begin1
	.long	.Ltmp36-.Lfunc_begin1
	.short	1                               @ Loc expr size
	.byte	86                              @ DW_OP_reg6
	.long	0
	.long	0
.Ldebug_loc7:
	.long	-1
	.long	.Lfunc_begin1                   @   base address
	.long	.Lfunc_begin1-.Lfunc_begin1
	.long	.Ltmp34-.Lfunc_begin1
	.short	1                               @ Loc expr size
	.byte	83                              @ DW_OP_reg3
	.long	.Ltmp34-.Lfunc_begin1
	.long	.Ltmp35-.Lfunc_begin1
	.short	1                               @ Loc expr size
	.byte	87                              @ DW_OP_reg7
	.long	0
	.long	0
.Ldebug_loc8:
	.long	-1
	.long	.Lfunc_begin1                   @   base address
	.long	.Ltmp42-.Lfunc_begin1
	.long	.Ltmp44-.Lfunc_begin1
	.short	1                               @ Loc expr size
	.byte	80                              @ DW_OP_reg0
	.long	0
	.long	0
	.section	.debug_abbrev,"",%progbits
	.byte	1                               @ Abbreviation Code
	.byte	17                              @ DW_TAG_compile_unit
	.byte	1                               @ DW_CHILDREN_yes
	.byte	37                              @ DW_AT_producer
	.byte	14                              @ DW_FORM_strp
	.byte	19                              @ DW_AT_language
	.byte	5                               @ DW_FORM_data2
	.byte	3                               @ DW_AT_name
	.byte	14                              @ DW_FORM_strp
	.byte	16                              @ DW_AT_stmt_list
	.byte	6                               @ DW_FORM_data4
	.byte	27                              @ DW_AT_comp_dir
	.byte	14                              @ DW_FORM_strp
	.byte	17                              @ DW_AT_low_pc
	.byte	1                               @ DW_FORM_addr
	.byte	85                              @ DW_AT_ranges
	.byte	6                               @ DW_FORM_data4
	.byte	0                               @ EOM(1)
	.byte	0                               @ EOM(2)
	.byte	2                               @ Abbreviation Code
	.byte	52                              @ DW_TAG_variable
	.byte	0                               @ DW_CHILDREN_no
	.byte	3                               @ DW_AT_name
	.byte	14                              @ DW_FORM_strp
	.byte	73                              @ DW_AT_type
	.byte	19                              @ DW_FORM_ref4
	.byte	63                              @ DW_AT_external
	.byte	12                              @ DW_FORM_flag
	.byte	58                              @ DW_AT_decl_file
	.byte	11                              @ DW_FORM_data1
	.byte	59                              @ DW_AT_decl_line
	.byte	11                              @ DW_FORM_data1
	.byte	2                               @ DW_AT_location
	.byte	10                              @ DW_FORM_block1
	.byte	0                               @ EOM(1)
	.byte	0                               @ EOM(2)
	.byte	3                               @ Abbreviation Code
	.byte	38                              @ DW_TAG_const_type
	.byte	0                               @ DW_CHILDREN_no
	.byte	73                              @ DW_AT_type
	.byte	19                              @ DW_FORM_ref4
	.byte	0                               @ EOM(1)
	.byte	0                               @ EOM(2)
	.byte	4                               @ Abbreviation Code
	.byte	19                              @ DW_TAG_structure_type
	.byte	1                               @ DW_CHILDREN_yes
	.byte	3                               @ DW_AT_name
	.byte	14                              @ DW_FORM_strp
	.byte	11                              @ DW_AT_byte_size
	.byte	11                              @ DW_FORM_data1
	.byte	58                              @ DW_AT_decl_file
	.byte	11                              @ DW_FORM_data1
	.byte	59                              @ DW_AT_decl_line
	.byte	11                              @ DW_FORM_data1
	.byte	0                               @ EOM(1)
	.byte	0                               @ EOM(2)
	.byte	5                               @ Abbreviation Code
	.byte	13                              @ DW_TAG_member
	.byte	0                               @ DW_CHILDREN_no
	.byte	3                               @ DW_AT_name
	.byte	14                              @ DW_FORM_strp
	.byte	73                              @ DW_AT_type
	.byte	19                              @ DW_FORM_ref4
	.byte	58                              @ DW_AT_decl_file
	.byte	11                              @ DW_FORM_data1
	.byte	59                              @ DW_AT_decl_line
	.byte	11                              @ DW_FORM_data1
	.byte	56                              @ DW_AT_data_member_location
	.byte	11                              @ DW_FORM_data1
	.byte	0                               @ EOM(1)
	.byte	0                               @ EOM(2)
	.byte	6                               @ Abbreviation Code
	.byte	1                               @ DW_TAG_array_type
	.byte	1                               @ DW_CHILDREN_yes
	.byte	73                              @ DW_AT_type
	.byte	19                              @ DW_FORM_ref4
	.byte	0                               @ EOM(1)
	.byte	0                               @ EOM(2)
	.byte	7                               @ Abbreviation Code
	.byte	33                              @ DW_TAG_subrange_type
	.byte	0                               @ DW_CHILDREN_no
	.byte	73                              @ DW_AT_type
	.byte	19                              @ DW_FORM_ref4
	.byte	55                              @ DW_AT_count
	.byte	11                              @ DW_FORM_data1
	.byte	0                               @ EOM(1)
	.byte	0                               @ EOM(2)
	.byte	8                               @ Abbreviation Code
	.byte	22                              @ DW_TAG_typedef
	.byte	0                               @ DW_CHILDREN_no
	.byte	73                              @ DW_AT_type
	.byte	19                              @ DW_FORM_ref4
	.byte	3                               @ DW_AT_name
	.byte	14                              @ DW_FORM_strp
	.byte	58                              @ DW_AT_decl_file
	.byte	11                              @ DW_FORM_data1
	.byte	59                              @ DW_AT_decl_line
	.byte	11                              @ DW_FORM_data1
	.byte	0                               @ EOM(1)
	.byte	0                               @ EOM(2)
	.byte	9                               @ Abbreviation Code
	.byte	36                              @ DW_TAG_base_type
	.byte	0                               @ DW_CHILDREN_no
	.byte	3                               @ DW_AT_name
	.byte	14                              @ DW_FORM_strp
	.byte	62                              @ DW_AT_encoding
	.byte	11                              @ DW_FORM_data1
	.byte	11                              @ DW_AT_byte_size
	.byte	11                              @ DW_FORM_data1
	.byte	0                               @ EOM(1)
	.byte	0                               @ EOM(2)
	.byte	10                              @ Abbreviation Code
	.byte	36                              @ DW_TAG_base_type
	.byte	0                               @ DW_CHILDREN_no
	.byte	3                               @ DW_AT_name
	.byte	14                              @ DW_FORM_strp
	.byte	11                              @ DW_AT_byte_size
	.byte	11                              @ DW_FORM_data1
	.byte	62                              @ DW_AT_encoding
	.byte	11                              @ DW_FORM_data1
	.byte	0                               @ EOM(1)
	.byte	0                               @ EOM(2)
	.byte	11                              @ Abbreviation Code
	.byte	4                               @ DW_TAG_enumeration_type
	.byte	1                               @ DW_CHILDREN_yes
	.byte	73                              @ DW_AT_type
	.byte	19                              @ DW_FORM_ref4
	.byte	3                               @ DW_AT_name
	.byte	14                              @ DW_FORM_strp
	.byte	11                              @ DW_AT_byte_size
	.byte	11                              @ DW_FORM_data1
	.byte	58                              @ DW_AT_decl_file
	.byte	11                              @ DW_FORM_data1
	.byte	59                              @ DW_AT_decl_line
	.byte	11                              @ DW_FORM_data1
	.byte	0                               @ EOM(1)
	.byte	0                               @ EOM(2)
	.byte	12                              @ Abbreviation Code
	.byte	40                              @ DW_TAG_enumerator
	.byte	0                               @ DW_CHILDREN_no
	.byte	3                               @ DW_AT_name
	.byte	14                              @ DW_FORM_strp
	.byte	28                              @ DW_AT_const_value
	.byte	15                              @ DW_FORM_udata
	.byte	0                               @ EOM(1)
	.byte	0                               @ EOM(2)
	.byte	13                              @ Abbreviation Code
	.byte	4                               @ DW_TAG_enumeration_type
	.byte	1                               @ DW_CHILDREN_yes
	.byte	73                              @ DW_AT_type
	.byte	19                              @ DW_FORM_ref4
	.byte	11                              @ DW_AT_byte_size
	.byte	11                              @ DW_FORM_data1
	.byte	58                              @ DW_AT_decl_file
	.byte	11                              @ DW_FORM_data1
	.byte	59                              @ DW_AT_decl_line
	.byte	11                              @ DW_FORM_data1
	.byte	0                               @ EOM(1)
	.byte	0                               @ EOM(2)
	.byte	14                              @ Abbreviation Code
	.byte	40                              @ DW_TAG_enumerator
	.byte	0                               @ DW_CHILDREN_no
	.byte	3                               @ DW_AT_name
	.byte	14                              @ DW_FORM_strp
	.byte	28                              @ DW_AT_const_value
	.byte	13                              @ DW_FORM_sdata
	.byte	0                               @ EOM(1)
	.byte	0                               @ EOM(2)
	.byte	15                              @ Abbreviation Code
	.byte	15                              @ DW_TAG_pointer_type
	.byte	0                               @ DW_CHILDREN_no
	.byte	73                              @ DW_AT_type
	.byte	19                              @ DW_FORM_ref4
	.byte	0                               @ EOM(1)
	.byte	0                               @ EOM(2)
	.byte	16                              @ Abbreviation Code
	.byte	46                              @ DW_TAG_subprogram
	.byte	1                               @ DW_CHILDREN_yes
	.byte	17                              @ DW_AT_low_pc
	.byte	1                               @ DW_FORM_addr
	.byte	18                              @ DW_AT_high_pc
	.byte	1                               @ DW_FORM_addr
	.byte	64                              @ DW_AT_frame_base
	.byte	10                              @ DW_FORM_block1
	.byte	3                               @ DW_AT_name
	.byte	14                              @ DW_FORM_strp
	.byte	58                              @ DW_AT_decl_file
	.byte	11                              @ DW_FORM_data1
	.byte	59                              @ DW_AT_decl_line
	.byte	11                              @ DW_FORM_data1
	.byte	39                              @ DW_AT_prototyped
	.byte	12                              @ DW_FORM_flag
	.byte	73                              @ DW_AT_type
	.byte	19                              @ DW_FORM_ref4
	.byte	63                              @ DW_AT_external
	.byte	12                              @ DW_FORM_flag
	.byte	0                               @ EOM(1)
	.byte	0                               @ EOM(2)
	.byte	17                              @ Abbreviation Code
	.byte	5                               @ DW_TAG_formal_parameter
	.byte	0                               @ DW_CHILDREN_no
	.byte	2                               @ DW_AT_location
	.byte	6                               @ DW_FORM_data4
	.byte	3                               @ DW_AT_name
	.byte	14                              @ DW_FORM_strp
	.byte	58                              @ DW_AT_decl_file
	.byte	11                              @ DW_FORM_data1
	.byte	59                              @ DW_AT_decl_line
	.byte	11                              @ DW_FORM_data1
	.byte	73                              @ DW_AT_type
	.byte	19                              @ DW_FORM_ref4
	.byte	0                               @ EOM(1)
	.byte	0                               @ EOM(2)
	.byte	18                              @ Abbreviation Code
	.byte	52                              @ DW_TAG_variable
	.byte	0                               @ DW_CHILDREN_no
	.byte	2                               @ DW_AT_location
	.byte	6                               @ DW_FORM_data4
	.byte	3                               @ DW_AT_name
	.byte	14                              @ DW_FORM_strp
	.byte	58                              @ DW_AT_decl_file
	.byte	11                              @ DW_FORM_data1
	.byte	59                              @ DW_AT_decl_line
	.byte	11                              @ DW_FORM_data1
	.byte	73                              @ DW_AT_type
	.byte	19                              @ DW_FORM_ref4
	.byte	0                               @ EOM(1)
	.byte	0                               @ EOM(2)
	.byte	19                              @ Abbreviation Code
	.byte	52                              @ DW_TAG_variable
	.byte	0                               @ DW_CHILDREN_no
	.byte	3                               @ DW_AT_name
	.byte	14                              @ DW_FORM_strp
	.byte	58                              @ DW_AT_decl_file
	.byte	11                              @ DW_FORM_data1
	.byte	59                              @ DW_AT_decl_line
	.byte	11                              @ DW_FORM_data1
	.byte	73                              @ DW_AT_type
	.byte	19                              @ DW_FORM_ref4
	.byte	0                               @ EOM(1)
	.byte	0                               @ EOM(2)
	.byte	20                              @ Abbreviation Code
	.byte	10                              @ DW_TAG_label
	.byte	0                               @ DW_CHILDREN_no
	.byte	3                               @ DW_AT_name
	.byte	14                              @ DW_FORM_strp
	.byte	58                              @ DW_AT_decl_file
	.byte	11                              @ DW_FORM_data1
	.byte	59                              @ DW_AT_decl_line
	.byte	11                              @ DW_FORM_data1
	.byte	17                              @ DW_AT_low_pc
	.byte	1                               @ DW_FORM_addr
	.byte	0                               @ EOM(1)
	.byte	0                               @ EOM(2)
	.byte	21                              @ Abbreviation Code
	.byte	46                              @ DW_TAG_subprogram
	.byte	1                               @ DW_CHILDREN_yes
	.byte	17                              @ DW_AT_low_pc
	.byte	1                               @ DW_FORM_addr
	.byte	18                              @ DW_AT_high_pc
	.byte	1                               @ DW_FORM_addr
	.byte	64                              @ DW_AT_frame_base
	.byte	10                              @ DW_FORM_block1
	.byte	3                               @ DW_AT_name
	.byte	14                              @ DW_FORM_strp
	.byte	58                              @ DW_AT_decl_file
	.byte	11                              @ DW_FORM_data1
	.byte	59                              @ DW_AT_decl_line
	.byte	5                               @ DW_FORM_data2
	.byte	39                              @ DW_AT_prototyped
	.byte	12                              @ DW_FORM_flag
	.byte	73                              @ DW_AT_type
	.byte	19                              @ DW_FORM_ref4
	.byte	63                              @ DW_AT_external
	.byte	12                              @ DW_FORM_flag
	.byte	0                               @ EOM(1)
	.byte	0                               @ EOM(2)
	.byte	22                              @ Abbreviation Code
	.byte	5                               @ DW_TAG_formal_parameter
	.byte	0                               @ DW_CHILDREN_no
	.byte	2                               @ DW_AT_location
	.byte	6                               @ DW_FORM_data4
	.byte	3                               @ DW_AT_name
	.byte	14                              @ DW_FORM_strp
	.byte	58                              @ DW_AT_decl_file
	.byte	11                              @ DW_FORM_data1
	.byte	59                              @ DW_AT_decl_line
	.byte	5                               @ DW_FORM_data2
	.byte	73                              @ DW_AT_type
	.byte	19                              @ DW_FORM_ref4
	.byte	0                               @ EOM(1)
	.byte	0                               @ EOM(2)
	.byte	23                              @ Abbreviation Code
	.byte	5                               @ DW_TAG_formal_parameter
	.byte	0                               @ DW_CHILDREN_no
	.byte	3                               @ DW_AT_name
	.byte	14                              @ DW_FORM_strp
	.byte	58                              @ DW_AT_decl_file
	.byte	11                              @ DW_FORM_data1
	.byte	59                              @ DW_AT_decl_line
	.byte	5                               @ DW_FORM_data2
	.byte	73                              @ DW_AT_type
	.byte	19                              @ DW_FORM_ref4
	.byte	0                               @ EOM(1)
	.byte	0                               @ EOM(2)
	.byte	24                              @ Abbreviation Code
	.byte	52                              @ DW_TAG_variable
	.byte	0                               @ DW_CHILDREN_no
	.byte	3                               @ DW_AT_name
	.byte	14                              @ DW_FORM_strp
	.byte	58                              @ DW_AT_decl_file
	.byte	11                              @ DW_FORM_data1
	.byte	59                              @ DW_AT_decl_line
	.byte	5                               @ DW_FORM_data2
	.byte	73                              @ DW_AT_type
	.byte	19                              @ DW_FORM_ref4
	.byte	0                               @ EOM(1)
	.byte	0                               @ EOM(2)
	.byte	25                              @ Abbreviation Code
	.byte	52                              @ DW_TAG_variable
	.byte	0                               @ DW_CHILDREN_no
	.byte	2                               @ DW_AT_location
	.byte	6                               @ DW_FORM_data4
	.byte	3                               @ DW_AT_name
	.byte	14                              @ DW_FORM_strp
	.byte	58                              @ DW_AT_decl_file
	.byte	11                              @ DW_FORM_data1
	.byte	59                              @ DW_AT_decl_line
	.byte	5                               @ DW_FORM_data2
	.byte	73                              @ DW_AT_type
	.byte	19                              @ DW_FORM_ref4
	.byte	0                               @ EOM(1)
	.byte	0                               @ EOM(2)
	.byte	26                              @ Abbreviation Code
	.byte	10                              @ DW_TAG_label
	.byte	0                               @ DW_CHILDREN_no
	.byte	3                               @ DW_AT_name
	.byte	14                              @ DW_FORM_strp
	.byte	58                              @ DW_AT_decl_file
	.byte	11                              @ DW_FORM_data1
	.byte	59                              @ DW_AT_decl_line
	.byte	5                               @ DW_FORM_data2
	.byte	0                               @ EOM(1)
	.byte	0                               @ EOM(2)
	.byte	27                              @ Abbreviation Code
	.byte	15                              @ DW_TAG_pointer_type
	.byte	0                               @ DW_CHILDREN_no
	.byte	0                               @ EOM(1)
	.byte	0                               @ EOM(2)
	.byte	28                              @ Abbreviation Code
	.byte	13                              @ DW_TAG_member
	.byte	0                               @ DW_CHILDREN_no
	.byte	3                               @ DW_AT_name
	.byte	14                              @ DW_FORM_strp
	.byte	73                              @ DW_AT_type
	.byte	19                              @ DW_FORM_ref4
	.byte	58                              @ DW_AT_decl_file
	.byte	11                              @ DW_FORM_data1
	.byte	59                              @ DW_AT_decl_line
	.byte	5                               @ DW_FORM_data2
	.byte	56                              @ DW_AT_data_member_location
	.byte	11                              @ DW_FORM_data1
	.byte	0                               @ EOM(1)
	.byte	0                               @ EOM(2)
	.byte	29                              @ Abbreviation Code
	.byte	21                              @ DW_TAG_subroutine_type
	.byte	1                               @ DW_CHILDREN_yes
	.byte	73                              @ DW_AT_type
	.byte	19                              @ DW_FORM_ref4
	.byte	39                              @ DW_AT_prototyped
	.byte	12                              @ DW_FORM_flag
	.byte	0                               @ EOM(1)
	.byte	0                               @ EOM(2)
	.byte	30                              @ Abbreviation Code
	.byte	5                               @ DW_TAG_formal_parameter
	.byte	0                               @ DW_CHILDREN_no
	.byte	73                              @ DW_AT_type
	.byte	19                              @ DW_FORM_ref4
	.byte	0                               @ EOM(1)
	.byte	0                               @ EOM(2)
	.byte	31                              @ Abbreviation Code
	.byte	21                              @ DW_TAG_subroutine_type
	.byte	1                               @ DW_CHILDREN_yes
	.byte	39                              @ DW_AT_prototyped
	.byte	12                              @ DW_FORM_flag
	.byte	0                               @ EOM(1)
	.byte	0                               @ EOM(2)
	.byte	0                               @ EOM(3)
	.section	.debug_info,"",%progbits
.Lcu_begin0:
	.long	.Ldebug_info_end0-.Ldebug_info_start0 @ Length of Unit
.Ldebug_info_start0:
	.short	3                               @ DWARF version number
	.long	.debug_abbrev                   @ Offset Into Abbrev. Section
	.byte	4                               @ Address Size (in bytes)
	.byte	1                               @ Abbrev [1] 0xb:0x52d DW_TAG_compile_unit
	.long	.Linfo_string0                  @ DW_AT_producer
	.short	12                              @ DW_AT_language
	.long	.Linfo_string1                  @ DW_AT_name
	.long	.Lline_table_start0             @ DW_AT_stmt_list
	.long	.Linfo_string2                  @ DW_AT_comp_dir
	.long	0                               @ DW_AT_low_pc
	.long	.Ldebug_ranges0                 @ DW_AT_ranges
	.byte	2                               @ Abbrev [2] 0x26:0x12 DW_TAG_variable
	.long	.Linfo_string3                  @ DW_AT_name
	.long	56                              @ DW_AT_type
	.byte	1                               @ DW_AT_external
	.byte	4                               @ DW_AT_decl_file
	.byte	63                              @ DW_AT_decl_line
	.byte	5                               @ DW_AT_location
	.byte	3
	.long	ethbroadcast
	.byte	3                               @ Abbrev [3] 0x38:0x5 DW_TAG_const_type
	.long	61                              @ DW_AT_type
	.byte	4                               @ Abbrev [4] 0x3d:0x15 DW_TAG_structure_type
	.long	.Linfo_string9                  @ DW_AT_name
	.byte	6                               @ DW_AT_byte_size
	.byte	3                               @ DW_AT_decl_file
	.byte	58                              @ DW_AT_decl_line
	.byte	5                               @ Abbrev [5] 0x45:0xc DW_TAG_member
	.long	.Linfo_string4                  @ DW_AT_name
	.long	82                              @ DW_AT_type
	.byte	3                               @ DW_AT_decl_file
	.byte	59                              @ DW_AT_decl_line
	.byte	0                               @ DW_AT_data_member_location
	.byte	0                               @ End Of Children Mark
	.byte	6                               @ Abbrev [6] 0x52:0xc DW_TAG_array_type
	.long	94                              @ DW_AT_type
	.byte	7                               @ Abbrev [7] 0x57:0x6 DW_TAG_subrange_type
	.long	123                             @ DW_AT_type
	.byte	6                               @ DW_AT_count
	.byte	0                               @ End Of Children Mark
	.byte	8                               @ Abbrev [8] 0x5e:0xb DW_TAG_typedef
	.long	105                             @ DW_AT_type
	.long	.Linfo_string7                  @ DW_AT_name
	.byte	2                               @ DW_AT_decl_file
	.byte	119                             @ DW_AT_decl_line
	.byte	8                               @ Abbrev [8] 0x69:0xb DW_TAG_typedef
	.long	116                             @ DW_AT_type
	.long	.Linfo_string6                  @ DW_AT_name
	.byte	1                               @ DW_AT_decl_file
	.byte	62                              @ DW_AT_decl_line
	.byte	9                               @ Abbrev [9] 0x74:0x7 DW_TAG_base_type
	.long	.Linfo_string5                  @ DW_AT_name
	.byte	8                               @ DW_AT_encoding
	.byte	1                               @ DW_AT_byte_size
	.byte	10                              @ Abbrev [10] 0x7b:0x7 DW_TAG_base_type
	.long	.Linfo_string8                  @ DW_AT_name
	.byte	8                               @ DW_AT_byte_size
	.byte	7                               @ DW_AT_encoding
	.byte	2                               @ Abbrev [2] 0x82:0x12 DW_TAG_variable
	.long	.Linfo_string10                 @ DW_AT_name
	.long	56                              @ DW_AT_type
	.byte	1                               @ DW_AT_external
	.byte	4                               @ DW_AT_decl_file
	.byte	64                              @ DW_AT_decl_line
	.byte	5                               @ DW_AT_location
	.byte	3
	.long	ethzero
	.byte	11                              @ Abbrev [11] 0x94:0x19 DW_TAG_enumeration_type
	.long	116                             @ DW_AT_type
	.long	.Linfo_string13                 @ DW_AT_name
	.byte	1                               @ DW_AT_byte_size
	.byte	5                               @ DW_AT_decl_file
	.byte	143                             @ DW_AT_decl_line
	.byte	12                              @ Abbrev [12] 0xa0:0x6 DW_TAG_enumerator
	.long	.Linfo_string11                 @ DW_AT_name
	.byte	0                               @ DW_AT_const_value
	.byte	12                              @ Abbrev [12] 0xa6:0x6 DW_TAG_enumerator
	.long	.Linfo_string12                 @ DW_AT_name
	.byte	1                               @ DW_AT_const_value
	.byte	0                               @ End Of Children Mark
	.byte	13                              @ Abbrev [13] 0xad:0x6f DW_TAG_enumeration_type
	.long	284                             @ DW_AT_type
	.byte	1                               @ DW_AT_byte_size
	.byte	6                               @ DW_AT_decl_file
	.byte	61                              @ DW_AT_decl_line
	.byte	14                              @ Abbrev [14] 0xb5:0x6 DW_TAG_enumerator
	.long	.Linfo_string15                 @ DW_AT_name
	.byte	0                               @ DW_AT_const_value
	.byte	14                              @ Abbrev [14] 0xbb:0x6 DW_TAG_enumerator
	.long	.Linfo_string16                 @ DW_AT_name
	.byte	127                             @ DW_AT_const_value
	.byte	14                              @ Abbrev [14] 0xc1:0x6 DW_TAG_enumerator
	.long	.Linfo_string17                 @ DW_AT_name
	.byte	126                             @ DW_AT_const_value
	.byte	14                              @ Abbrev [14] 0xc7:0x6 DW_TAG_enumerator
	.long	.Linfo_string18                 @ DW_AT_name
	.byte	125                             @ DW_AT_const_value
	.byte	14                              @ Abbrev [14] 0xcd:0x6 DW_TAG_enumerator
	.long	.Linfo_string19                 @ DW_AT_name
	.byte	124                             @ DW_AT_const_value
	.byte	14                              @ Abbrev [14] 0xd3:0x6 DW_TAG_enumerator
	.long	.Linfo_string20                 @ DW_AT_name
	.byte	123                             @ DW_AT_const_value
	.byte	14                              @ Abbrev [14] 0xd9:0x6 DW_TAG_enumerator
	.long	.Linfo_string21                 @ DW_AT_name
	.byte	122                             @ DW_AT_const_value
	.byte	14                              @ Abbrev [14] 0xdf:0x6 DW_TAG_enumerator
	.long	.Linfo_string22                 @ DW_AT_name
	.byte	121                             @ DW_AT_const_value
	.byte	14                              @ Abbrev [14] 0xe5:0x6 DW_TAG_enumerator
	.long	.Linfo_string23                 @ DW_AT_name
	.byte	120                             @ DW_AT_const_value
	.byte	14                              @ Abbrev [14] 0xeb:0x6 DW_TAG_enumerator
	.long	.Linfo_string24                 @ DW_AT_name
	.byte	119                             @ DW_AT_const_value
	.byte	14                              @ Abbrev [14] 0xf1:0x6 DW_TAG_enumerator
	.long	.Linfo_string25                 @ DW_AT_name
	.byte	118                             @ DW_AT_const_value
	.byte	14                              @ Abbrev [14] 0xf7:0x6 DW_TAG_enumerator
	.long	.Linfo_string26                 @ DW_AT_name
	.byte	117                             @ DW_AT_const_value
	.byte	14                              @ Abbrev [14] 0xfd:0x6 DW_TAG_enumerator
	.long	.Linfo_string27                 @ DW_AT_name
	.byte	116                             @ DW_AT_const_value
	.byte	14                              @ Abbrev [14] 0x103:0x6 DW_TAG_enumerator
	.long	.Linfo_string28                 @ DW_AT_name
	.byte	115                             @ DW_AT_const_value
	.byte	14                              @ Abbrev [14] 0x109:0x6 DW_TAG_enumerator
	.long	.Linfo_string29                 @ DW_AT_name
	.byte	114                             @ DW_AT_const_value
	.byte	14                              @ Abbrev [14] 0x10f:0x6 DW_TAG_enumerator
	.long	.Linfo_string30                 @ DW_AT_name
	.byte	113                             @ DW_AT_const_value
	.byte	14                              @ Abbrev [14] 0x115:0x6 DW_TAG_enumerator
	.long	.Linfo_string31                 @ DW_AT_name
	.byte	112                             @ DW_AT_const_value
	.byte	0                               @ End Of Children Mark
	.byte	9                               @ Abbrev [9] 0x11c:0x7 DW_TAG_base_type
	.long	.Linfo_string14                 @ DW_AT_name
	.byte	6                               @ DW_AT_encoding
	.byte	1                               @ DW_AT_byte_size
	.byte	15                              @ Abbrev [15] 0x123:0x5 DW_TAG_pointer_type
	.long	296                             @ DW_AT_type
	.byte	4                               @ Abbrev [4] 0x128:0x2d DW_TAG_structure_type
	.long	.Linfo_string38                 @ DW_AT_name
	.byte	14                              @ DW_AT_byte_size
	.byte	3                               @ DW_AT_decl_file
	.byte	71                              @ DW_AT_decl_line
	.byte	5                               @ Abbrev [5] 0x130:0xc DW_TAG_member
	.long	.Linfo_string32                 @ DW_AT_name
	.long	61                              @ DW_AT_type
	.byte	3                               @ DW_AT_decl_file
	.byte	75                              @ DW_AT_decl_line
	.byte	0                               @ DW_AT_data_member_location
	.byte	5                               @ Abbrev [5] 0x13c:0xc DW_TAG_member
	.long	.Linfo_string33                 @ DW_AT_name
	.long	61                              @ DW_AT_type
	.byte	3                               @ DW_AT_decl_file
	.byte	76                              @ DW_AT_decl_line
	.byte	6                               @ DW_AT_data_member_location
	.byte	5                               @ Abbrev [5] 0x148:0xc DW_TAG_member
	.long	.Linfo_string34                 @ DW_AT_name
	.long	341                             @ DW_AT_type
	.byte	3                               @ DW_AT_decl_file
	.byte	77                              @ DW_AT_decl_line
	.byte	12                              @ DW_AT_data_member_location
	.byte	0                               @ End Of Children Mark
	.byte	8                               @ Abbrev [8] 0x155:0xb DW_TAG_typedef
	.long	352                             @ DW_AT_type
	.long	.Linfo_string37                 @ DW_AT_name
	.byte	2                               @ DW_AT_decl_file
	.byte	121                             @ DW_AT_decl_line
	.byte	8                               @ Abbrev [8] 0x160:0xb DW_TAG_typedef
	.long	363                             @ DW_AT_type
	.long	.Linfo_string36                 @ DW_AT_name
	.byte	1                               @ DW_AT_decl_file
	.byte	63                              @ DW_AT_decl_line
	.byte	9                               @ Abbrev [9] 0x16b:0x7 DW_TAG_base_type
	.long	.Linfo_string35                 @ DW_AT_name
	.byte	7                               @ DW_AT_encoding
	.byte	2                               @ DW_AT_byte_size
	.byte	8                               @ Abbrev [8] 0x172:0xb DW_TAG_typedef
	.long	381                             @ DW_AT_type
	.long	.Linfo_string41                 @ DW_AT_name
	.byte	2                               @ DW_AT_decl_file
	.byte	122                             @ DW_AT_decl_line
	.byte	8                               @ Abbrev [8] 0x17d:0xb DW_TAG_typedef
	.long	392                             @ DW_AT_type
	.long	.Linfo_string40                 @ DW_AT_name
	.byte	1                               @ DW_AT_decl_file
	.byte	57                              @ DW_AT_decl_line
	.byte	9                               @ Abbrev [9] 0x188:0x7 DW_TAG_base_type
	.long	.Linfo_string39                 @ DW_AT_name
	.byte	5                               @ DW_AT_encoding
	.byte	2                               @ DW_AT_byte_size
	.byte	16                              @ Abbrev [16] 0x18f:0x6a DW_TAG_subprogram
	.long	.Lfunc_begin0                   @ DW_AT_low_pc
	.long	.Lfunc_end0                     @ DW_AT_high_pc
	.byte	1                               @ DW_AT_frame_base
	.byte	93
	.long	.Linfo_string42                 @ DW_AT_name
	.byte	4                               @ DW_AT_decl_file
	.byte	81                              @ DW_AT_decl_line
	.byte	1                               @ DW_AT_prototyped
	.long	642                             @ DW_AT_type
	.byte	1                               @ DW_AT_external
	.byte	17                              @ Abbrev [17] 0x1a6:0xf DW_TAG_formal_parameter
	.long	.Ldebug_loc0                    @ DW_AT_location
	.long	.Linfo_string47                 @ DW_AT_name
	.byte	4                               @ DW_AT_decl_file
	.byte	81                              @ DW_AT_decl_line
	.long	675                             @ DW_AT_type
	.byte	17                              @ Abbrev [17] 0x1b5:0xf DW_TAG_formal_parameter
	.long	.Ldebug_loc1                    @ DW_AT_location
	.long	.Linfo_string55                 @ DW_AT_name
	.byte	4                               @ DW_AT_decl_file
	.byte	81                              @ DW_AT_decl_line
	.long	774                             @ DW_AT_type
	.byte	18                              @ Abbrev [18] 0x1c4:0xf DW_TAG_variable
	.long	.Ldebug_loc2                    @ DW_AT_location
	.long	.Linfo_string86                 @ DW_AT_name
	.byte	4                               @ DW_AT_decl_file
	.byte	86                              @ DW_AT_decl_line
	.long	370                             @ DW_AT_type
	.byte	18                              @ Abbrev [18] 0x1d3:0xf DW_TAG_variable
	.long	.Ldebug_loc3                    @ DW_AT_location
	.long	.Linfo_string87                 @ DW_AT_name
	.byte	4                               @ DW_AT_decl_file
	.byte	83                              @ DW_AT_decl_line
	.long	291                             @ DW_AT_type
	.byte	19                              @ Abbrev [19] 0x1e2:0xb DW_TAG_variable
	.long	.Linfo_string34                 @ DW_AT_name
	.byte	4                               @ DW_AT_decl_file
	.byte	84                              @ DW_AT_decl_line
	.long	341                             @ DW_AT_type
	.byte	20                              @ Abbrev [20] 0x1ed:0xb DW_TAG_label
	.long	.Linfo_string88                 @ DW_AT_name
	.byte	4                               @ DW_AT_decl_file
	.byte	244                             @ DW_AT_decl_line
	.long	.Ltmp28                         @ DW_AT_low_pc
	.byte	0                               @ End Of Children Mark
	.byte	21                              @ Abbrev [21] 0x1f9:0x89 DW_TAG_subprogram
	.long	.Lfunc_begin1                   @ DW_AT_low_pc
	.long	.Lfunc_end1                     @ DW_AT_high_pc
	.byte	1                               @ DW_AT_frame_base
	.byte	93
	.long	.Linfo_string46                 @ DW_AT_name
	.byte	4                               @ DW_AT_decl_file
	.short	264                             @ DW_AT_decl_line
	.byte	1                               @ DW_AT_prototyped
	.long	642                             @ DW_AT_type
	.byte	1                               @ DW_AT_external
	.byte	22                              @ Abbrev [22] 0x211:0x10 DW_TAG_formal_parameter
	.long	.Ldebug_loc4                    @ DW_AT_location
	.long	.Linfo_string55                 @ DW_AT_name
	.byte	4                               @ DW_AT_decl_file
	.short	264                             @ DW_AT_decl_line
	.long	774                             @ DW_AT_type
	.byte	22                              @ Abbrev [22] 0x221:0x10 DW_TAG_formal_parameter
	.long	.Ldebug_loc5                    @ DW_AT_location
	.long	.Linfo_string47                 @ DW_AT_name
	.byte	4                               @ DW_AT_decl_file
	.short	264                             @ DW_AT_decl_line
	.long	675                             @ DW_AT_type
	.byte	22                              @ Abbrev [22] 0x231:0x10 DW_TAG_formal_parameter
	.long	.Ldebug_loc6                    @ DW_AT_location
	.long	.Linfo_string33                 @ DW_AT_name
	.byte	4                               @ DW_AT_decl_file
	.short	265                             @ DW_AT_decl_line
	.long	1330                            @ DW_AT_type
	.byte	22                              @ Abbrev [22] 0x241:0x10 DW_TAG_formal_parameter
	.long	.Ldebug_loc7                    @ DW_AT_location
	.long	.Linfo_string89                 @ DW_AT_name
	.byte	4                               @ DW_AT_decl_file
	.short	265                             @ DW_AT_decl_line
	.long	1330                            @ DW_AT_type
	.byte	23                              @ Abbrev [23] 0x251:0xc DW_TAG_formal_parameter
	.long	.Linfo_string90                 @ DW_AT_name
	.byte	4                               @ DW_AT_decl_file
	.short	266                             @ DW_AT_decl_line
	.long	341                             @ DW_AT_type
	.byte	24                              @ Abbrev [24] 0x25d:0xc DW_TAG_variable
	.long	.Linfo_string91                 @ DW_AT_name
	.byte	4                               @ DW_AT_decl_file
	.short	269                             @ DW_AT_decl_line
	.long	341                             @ DW_AT_type
	.byte	25                              @ Abbrev [25] 0x269:0x10 DW_TAG_variable
	.long	.Ldebug_loc8                    @ DW_AT_location
	.long	.Linfo_string87                 @ DW_AT_name
	.byte	4                               @ DW_AT_decl_file
	.short	268                             @ DW_AT_decl_line
	.long	291                             @ DW_AT_type
	.byte	26                              @ Abbrev [26] 0x279:0x8 DW_TAG_label
	.long	.Linfo_string92                 @ DW_AT_name
	.byte	4                               @ DW_AT_decl_file
	.short	307                             @ DW_AT_decl_line
	.byte	0                               @ End Of Children Mark
	.byte	8                               @ Abbrev [8] 0x282:0xb DW_TAG_typedef
	.long	653                             @ DW_AT_type
	.long	.Linfo_string45                 @ DW_AT_name
	.byte	6                               @ DW_AT_decl_file
	.byte	57                              @ DW_AT_decl_line
	.byte	8                               @ Abbrev [8] 0x28d:0xb DW_TAG_typedef
	.long	664                             @ DW_AT_type
	.long	.Linfo_string44                 @ DW_AT_name
	.byte	2                               @ DW_AT_decl_file
	.byte	120                             @ DW_AT_decl_line
	.byte	8                               @ Abbrev [8] 0x298:0xb DW_TAG_typedef
	.long	284                             @ DW_AT_type
	.long	.Linfo_string43                 @ DW_AT_name
	.byte	1                               @ DW_AT_decl_file
	.byte	56                              @ DW_AT_decl_line
	.byte	15                              @ Abbrev [15] 0x2a3:0x5 DW_TAG_pointer_type
	.long	680                             @ DW_AT_type
	.byte	4                               @ Abbrev [4] 0x2a8:0x5d DW_TAG_structure_type
	.long	.Linfo_string54                 @ DW_AT_name
	.byte	16                              @ DW_AT_byte_size
	.byte	7                               @ DW_AT_decl_file
	.byte	142                             @ DW_AT_decl_line
	.byte	5                               @ Abbrev [5] 0x2b0:0xc DW_TAG_member
	.long	.Linfo_string48                 @ DW_AT_name
	.long	675                             @ DW_AT_type
	.byte	7                               @ DW_AT_decl_file
	.byte	144                             @ DW_AT_decl_line
	.byte	0                               @ DW_AT_data_member_location
	.byte	5                               @ Abbrev [5] 0x2bc:0xc DW_TAG_member
	.long	.Linfo_string49                 @ DW_AT_name
	.long	773                             @ DW_AT_type
	.byte	7                               @ DW_AT_decl_file
	.byte	147                             @ DW_AT_decl_line
	.byte	4                               @ DW_AT_data_member_location
	.byte	5                               @ Abbrev [5] 0x2c8:0xc DW_TAG_member
	.long	.Linfo_string50                 @ DW_AT_name
	.long	341                             @ DW_AT_type
	.byte	7                               @ DW_AT_decl_file
	.byte	156                             @ DW_AT_decl_line
	.byte	8                               @ DW_AT_data_member_location
	.byte	5                               @ Abbrev [5] 0x2d4:0xc DW_TAG_member
	.long	.Linfo_string51                 @ DW_AT_name
	.long	341                             @ DW_AT_type
	.byte	7                               @ DW_AT_decl_file
	.byte	159                             @ DW_AT_decl_line
	.byte	10                              @ DW_AT_data_member_location
	.byte	5                               @ Abbrev [5] 0x2e0:0xc DW_TAG_member
	.long	.Linfo_string34                 @ DW_AT_name
	.long	94                              @ DW_AT_type
	.byte	7                               @ DW_AT_decl_file
	.byte	162                             @ DW_AT_decl_line
	.byte	12                              @ DW_AT_data_member_location
	.byte	5                               @ Abbrev [5] 0x2ec:0xc DW_TAG_member
	.long	.Linfo_string52                 @ DW_AT_name
	.long	94                              @ DW_AT_type
	.byte	7                               @ DW_AT_decl_file
	.byte	165                             @ DW_AT_decl_line
	.byte	13                              @ DW_AT_data_member_location
	.byte	5                               @ Abbrev [5] 0x2f8:0xc DW_TAG_member
	.long	.Linfo_string53                 @ DW_AT_name
	.long	341                             @ DW_AT_type
	.byte	7                               @ DW_AT_decl_file
	.byte	172                             @ DW_AT_decl_line
	.byte	14                              @ DW_AT_data_member_location
	.byte	0                               @ End Of Children Mark
	.byte	27                              @ Abbrev [27] 0x305:0x1 DW_TAG_pointer_type
	.byte	15                              @ Abbrev [15] 0x306:0x5 DW_TAG_pointer_type
	.long	779                             @ DW_AT_type
	.byte	4                               @ Abbrev [4] 0x30b:0x106 DW_TAG_structure_type
	.long	.Linfo_string55                 @ DW_AT_name
	.byte	76                              @ DW_AT_byte_size
	.byte	5                               @ DW_AT_decl_file
	.byte	225                             @ DW_AT_decl_line
	.byte	5                               @ Abbrev [5] 0x313:0xc DW_TAG_member
	.long	.Linfo_string48                 @ DW_AT_name
	.long	774                             @ DW_AT_type
	.byte	5                               @ DW_AT_decl_file
	.byte	227                             @ DW_AT_decl_line
	.byte	0                               @ DW_AT_data_member_location
	.byte	5                               @ Abbrev [5] 0x31f:0xc DW_TAG_member
	.long	.Linfo_string56                 @ DW_AT_name
	.long	1041                            @ DW_AT_type
	.byte	5                               @ DW_AT_decl_file
	.byte	231                             @ DW_AT_decl_line
	.byte	4                               @ DW_AT_data_member_location
	.byte	5                               @ Abbrev [5] 0x32b:0xc DW_TAG_member
	.long	.Linfo_string63                 @ DW_AT_name
	.long	1041                            @ DW_AT_type
	.byte	5                               @ DW_AT_decl_file
	.byte	232                             @ DW_AT_decl_line
	.byte	8                               @ DW_AT_data_member_location
	.byte	5                               @ Abbrev [5] 0x337:0xc DW_TAG_member
	.long	.Linfo_string64                 @ DW_AT_name
	.long	1041                            @ DW_AT_type
	.byte	5                               @ DW_AT_decl_file
	.byte	233                             @ DW_AT_decl_line
	.byte	12                              @ DW_AT_data_member_location
	.byte	5                               @ Abbrev [5] 0x343:0xc DW_TAG_member
	.long	.Linfo_string65                 @ DW_AT_name
	.long	1113                            @ DW_AT_type
	.byte	5                               @ DW_AT_decl_file
	.byte	244                             @ DW_AT_decl_line
	.byte	16                              @ DW_AT_data_member_location
	.byte	5                               @ Abbrev [5] 0x34f:0xc DW_TAG_member
	.long	.Linfo_string67                 @ DW_AT_name
	.long	1146                            @ DW_AT_type
	.byte	5                               @ DW_AT_decl_file
	.byte	250                             @ DW_AT_decl_line
	.byte	20                              @ DW_AT_data_member_location
	.byte	5                               @ Abbrev [5] 0x35b:0xc DW_TAG_member
	.long	.Linfo_string69                 @ DW_AT_name
	.long	1194                            @ DW_AT_type
	.byte	5                               @ DW_AT_decl_file
	.byte	255                             @ DW_AT_decl_line
	.byte	24                              @ DW_AT_data_member_location
	.byte	28                              @ Abbrev [28] 0x367:0xd DW_TAG_member
	.long	.Linfo_string71                 @ DW_AT_name
	.long	1227                            @ DW_AT_type
	.byte	5                               @ DW_AT_decl_file
	.short	266                             @ DW_AT_decl_line
	.byte	28                              @ DW_AT_data_member_location
	.byte	28                              @ Abbrev [28] 0x374:0xd DW_TAG_member
	.long	.Linfo_string73                 @ DW_AT_name
	.long	1227                            @ DW_AT_type
	.byte	5                               @ DW_AT_decl_file
	.short	271                             @ DW_AT_decl_line
	.byte	32                              @ DW_AT_data_member_location
	.byte	28                              @ Abbrev [28] 0x381:0xd DW_TAG_member
	.long	.Linfo_string74                 @ DW_AT_name
	.long	773                             @ DW_AT_type
	.byte	5                               @ DW_AT_decl_file
	.short	279                             @ DW_AT_decl_line
	.byte	36                              @ DW_AT_data_member_location
	.byte	28                              @ Abbrev [28] 0x38e:0xd DW_TAG_member
	.long	.Linfo_string75                 @ DW_AT_name
	.long	1251                            @ DW_AT_type
	.byte	5                               @ DW_AT_decl_file
	.short	281                             @ DW_AT_decl_line
	.byte	40                              @ DW_AT_data_member_location
	.byte	28                              @ Abbrev [28] 0x39b:0xd DW_TAG_member
	.long	.Linfo_string76                 @ DW_AT_name
	.long	94                              @ DW_AT_type
	.byte	5                               @ DW_AT_decl_file
	.short	289                             @ DW_AT_decl_line
	.byte	48                              @ DW_AT_data_member_location
	.byte	28                              @ Abbrev [28] 0x3a8:0xd DW_TAG_member
	.long	.Linfo_string77                 @ DW_AT_name
	.long	1263                            @ DW_AT_type
	.byte	5                               @ DW_AT_decl_file
	.short	293                             @ DW_AT_decl_line
	.byte	52                              @ DW_AT_data_member_location
	.byte	28                              @ Abbrev [28] 0x3b5:0xd DW_TAG_member
	.long	.Linfo_string79                 @ DW_AT_name
	.long	341                             @ DW_AT_type
	.byte	5                               @ DW_AT_decl_file
	.short	299                             @ DW_AT_decl_line
	.byte	56                              @ DW_AT_data_member_location
	.byte	28                              @ Abbrev [28] 0x3c2:0xd DW_TAG_member
	.long	.Linfo_string80                 @ DW_AT_name
	.long	94                              @ DW_AT_type
	.byte	5                               @ DW_AT_decl_file
	.short	301                             @ DW_AT_decl_line
	.byte	58                              @ DW_AT_data_member_location
	.byte	28                              @ Abbrev [28] 0x3cf:0xd DW_TAG_member
	.long	.Linfo_string81                 @ DW_AT_name
	.long	82                              @ DW_AT_type
	.byte	5                               @ DW_AT_decl_file
	.short	303                             @ DW_AT_decl_line
	.byte	59                              @ DW_AT_data_member_location
	.byte	28                              @ Abbrev [28] 0x3dc:0xd DW_TAG_member
	.long	.Linfo_string52                 @ DW_AT_name
	.long	94                              @ DW_AT_type
	.byte	5                               @ DW_AT_decl_file
	.short	305                             @ DW_AT_decl_line
	.byte	65                              @ DW_AT_data_member_location
	.byte	28                              @ Abbrev [28] 0x3e9:0xd DW_TAG_member
	.long	.Linfo_string82                 @ DW_AT_name
	.long	1280                            @ DW_AT_type
	.byte	5                               @ DW_AT_decl_file
	.short	307                             @ DW_AT_decl_line
	.byte	66                              @ DW_AT_data_member_location
	.byte	28                              @ Abbrev [28] 0x3f6:0xd DW_TAG_member
	.long	.Linfo_string83                 @ DW_AT_name
	.long	94                              @ DW_AT_type
	.byte	5                               @ DW_AT_decl_file
	.short	309                             @ DW_AT_decl_line
	.byte	68                              @ DW_AT_data_member_location
	.byte	28                              @ Abbrev [28] 0x403:0xd DW_TAG_member
	.long	.Linfo_string84                 @ DW_AT_name
	.long	1292                            @ DW_AT_type
	.byte	5                               @ DW_AT_decl_file
	.short	323                             @ DW_AT_decl_line
	.byte	72                              @ DW_AT_data_member_location
	.byte	0                               @ End Of Children Mark
	.byte	8                               @ Abbrev [8] 0x411:0xb DW_TAG_typedef
	.long	1052                            @ DW_AT_type
	.long	.Linfo_string62                 @ DW_AT_name
	.byte	9                               @ DW_AT_decl_file
	.byte	244                             @ DW_AT_decl_line
	.byte	8                               @ Abbrev [8] 0x41c:0xb DW_TAG_typedef
	.long	1063                            @ DW_AT_type
	.long	.Linfo_string61                 @ DW_AT_name
	.byte	8                               @ DW_AT_decl_file
	.byte	57                              @ DW_AT_decl_line
	.byte	4                               @ Abbrev [4] 0x427:0x15 DW_TAG_structure_type
	.long	.Linfo_string60                 @ DW_AT_name
	.byte	4                               @ DW_AT_byte_size
	.byte	8                               @ DW_AT_decl_file
	.byte	51                              @ DW_AT_decl_line
	.byte	5                               @ Abbrev [5] 0x42f:0xc DW_TAG_member
	.long	.Linfo_string4                  @ DW_AT_name
	.long	1084                            @ DW_AT_type
	.byte	8                               @ DW_AT_decl_file
	.byte	52                              @ DW_AT_decl_line
	.byte	0                               @ DW_AT_data_member_location
	.byte	0                               @ End Of Children Mark
	.byte	8                               @ Abbrev [8] 0x43c:0xb DW_TAG_typedef
	.long	1095                            @ DW_AT_type
	.long	.Linfo_string59                 @ DW_AT_name
	.byte	2                               @ DW_AT_decl_file
	.byte	123                             @ DW_AT_decl_line
	.byte	8                               @ Abbrev [8] 0x447:0xb DW_TAG_typedef
	.long	1106                            @ DW_AT_type
	.long	.Linfo_string58                 @ DW_AT_name
	.byte	1                               @ DW_AT_decl_file
	.byte	64                              @ DW_AT_decl_line
	.byte	9                               @ Abbrev [9] 0x452:0x7 DW_TAG_base_type
	.long	.Linfo_string57                 @ DW_AT_name
	.byte	7                               @ DW_AT_encoding
	.byte	4                               @ DW_AT_byte_size
	.byte	8                               @ Abbrev [8] 0x459:0xb DW_TAG_typedef
	.long	1124                            @ DW_AT_type
	.long	.Linfo_string66                 @ DW_AT_name
	.byte	5                               @ DW_AT_decl_file
	.byte	162                             @ DW_AT_decl_line
	.byte	15                              @ Abbrev [15] 0x464:0x5 DW_TAG_pointer_type
	.long	1129                            @ DW_AT_type
	.byte	29                              @ Abbrev [29] 0x469:0x11 DW_TAG_subroutine_type
	.long	642                             @ DW_AT_type
	.byte	1                               @ DW_AT_prototyped
	.byte	30                              @ Abbrev [30] 0x46f:0x5 DW_TAG_formal_parameter
	.long	675                             @ DW_AT_type
	.byte	30                              @ Abbrev [30] 0x474:0x5 DW_TAG_formal_parameter
	.long	774                             @ DW_AT_type
	.byte	0                               @ End Of Children Mark
	.byte	8                               @ Abbrev [8] 0x47a:0xb DW_TAG_typedef
	.long	1157                            @ DW_AT_type
	.long	.Linfo_string68                 @ DW_AT_name
	.byte	5                               @ DW_AT_decl_file
	.byte	173                             @ DW_AT_decl_line
	.byte	15                              @ Abbrev [15] 0x485:0x5 DW_TAG_pointer_type
	.long	1162                            @ DW_AT_type
	.byte	29                              @ Abbrev [29] 0x48a:0x16 DW_TAG_subroutine_type
	.long	642                             @ DW_AT_type
	.byte	1                               @ DW_AT_prototyped
	.byte	30                              @ Abbrev [30] 0x490:0x5 DW_TAG_formal_parameter
	.long	774                             @ DW_AT_type
	.byte	30                              @ Abbrev [30] 0x495:0x5 DW_TAG_formal_parameter
	.long	675                             @ DW_AT_type
	.byte	30                              @ Abbrev [30] 0x49a:0x5 DW_TAG_formal_parameter
	.long	1184                            @ DW_AT_type
	.byte	0                               @ End Of Children Mark
	.byte	15                              @ Abbrev [15] 0x4a0:0x5 DW_TAG_pointer_type
	.long	1189                            @ DW_AT_type
	.byte	3                               @ Abbrev [3] 0x4a5:0x5 DW_TAG_const_type
	.long	1052                            @ DW_AT_type
	.byte	8                               @ Abbrev [8] 0x4aa:0xb DW_TAG_typedef
	.long	1205                            @ DW_AT_type
	.long	.Linfo_string70                 @ DW_AT_name
	.byte	5                               @ DW_AT_decl_file
	.byte	196                             @ DW_AT_decl_line
	.byte	15                              @ Abbrev [15] 0x4b5:0x5 DW_TAG_pointer_type
	.long	1210                            @ DW_AT_type
	.byte	29                              @ Abbrev [29] 0x4ba:0x11 DW_TAG_subroutine_type
	.long	642                             @ DW_AT_type
	.byte	1                               @ DW_AT_prototyped
	.byte	30                              @ Abbrev [30] 0x4c0:0x5 DW_TAG_formal_parameter
	.long	774                             @ DW_AT_type
	.byte	30                              @ Abbrev [30] 0x4c5:0x5 DW_TAG_formal_parameter
	.long	675                             @ DW_AT_type
	.byte	0                               @ End Of Children Mark
	.byte	8                               @ Abbrev [8] 0x4cb:0xb DW_TAG_typedef
	.long	1238                            @ DW_AT_type
	.long	.Linfo_string72                 @ DW_AT_name
	.byte	5                               @ DW_AT_decl_file
	.byte	198                             @ DW_AT_decl_line
	.byte	15                              @ Abbrev [15] 0x4d6:0x5 DW_TAG_pointer_type
	.long	1243                            @ DW_AT_type
	.byte	31                              @ Abbrev [31] 0x4db:0x8 DW_TAG_subroutine_type
	.byte	1                               @ DW_AT_prototyped
	.byte	30                              @ Abbrev [30] 0x4dd:0x5 DW_TAG_formal_parameter
	.long	774                             @ DW_AT_type
	.byte	0                               @ End Of Children Mark
	.byte	6                               @ Abbrev [6] 0x4e3:0xc DW_TAG_array_type
	.long	773                             @ DW_AT_type
	.byte	7                               @ Abbrev [7] 0x4e8:0x6 DW_TAG_subrange_type
	.long	123                             @ DW_AT_type
	.byte	2                               @ DW_AT_count
	.byte	0                               @ End Of Children Mark
	.byte	15                              @ Abbrev [15] 0x4ef:0x5 DW_TAG_pointer_type
	.long	1268                            @ DW_AT_type
	.byte	3                               @ Abbrev [3] 0x4f4:0x5 DW_TAG_const_type
	.long	1273                            @ DW_AT_type
	.byte	9                               @ Abbrev [9] 0x4f9:0x7 DW_TAG_base_type
	.long	.Linfo_string78                 @ DW_AT_name
	.byte	6                               @ DW_AT_encoding
	.byte	1                               @ DW_AT_byte_size
	.byte	6                               @ Abbrev [6] 0x500:0xc DW_TAG_array_type
	.long	1273                            @ DW_AT_type
	.byte	7                               @ Abbrev [7] 0x505:0x6 DW_TAG_subrange_type
	.long	123                             @ DW_AT_type
	.byte	2                               @ DW_AT_count
	.byte	0                               @ End Of Children Mark
	.byte	8                               @ Abbrev [8] 0x50c:0xb DW_TAG_typedef
	.long	1303                            @ DW_AT_type
	.long	.Linfo_string85                 @ DW_AT_name
	.byte	5                               @ DW_AT_decl_file
	.byte	201                             @ DW_AT_decl_line
	.byte	15                              @ Abbrev [15] 0x517:0x5 DW_TAG_pointer_type
	.long	1308                            @ DW_AT_type
	.byte	29                              @ Abbrev [29] 0x51c:0x16 DW_TAG_subroutine_type
	.long	642                             @ DW_AT_type
	.byte	1                               @ DW_AT_prototyped
	.byte	30                              @ Abbrev [30] 0x522:0x5 DW_TAG_formal_parameter
	.long	774                             @ DW_AT_type
	.byte	30                              @ Abbrev [30] 0x527:0x5 DW_TAG_formal_parameter
	.long	1184                            @ DW_AT_type
	.byte	30                              @ Abbrev [30] 0x52c:0x5 DW_TAG_formal_parameter
	.long	148                             @ DW_AT_type
	.byte	0                               @ End Of Children Mark
	.byte	15                              @ Abbrev [15] 0x532:0x5 DW_TAG_pointer_type
	.long	56                              @ DW_AT_type
	.byte	0                               @ End Of Children Mark
.Ldebug_info_end0:
	.section	.debug_ranges,"",%progbits
.Ldebug_ranges0:
	.long	.Lfunc_begin0
	.long	.Lfunc_end0
	.long	.Lfunc_begin1
	.long	.Lfunc_end1
	.long	0
	.long	0
	.section	.debug_str,"MS",%progbits,1
.Linfo_string0:
	.asciz	"Component: ARM Compiler 6.16 Tool: armclang [5dfeb700]" @ string offset=0
.Linfo_string1:
	.asciz	"rt-thread/components/net/lwip-2.0.2/src/netif\\ethernet.c" @ string offset=55
.Linfo_string2:
	.asciz	"E:\\Smart-access-control\\Hardware\\CODE" @ string offset=112
.Linfo_string3:
	.asciz	"ethbroadcast"                  @ string offset=150
.Linfo_string4:
	.asciz	"addr"                          @ string offset=163
.Linfo_string5:
	.asciz	"unsigned char"                 @ string offset=168
.Linfo_string6:
	.asciz	"uint8_t"                       @ string offset=182
.Linfo_string7:
	.asciz	"u8_t"                          @ string offset=190
.Linfo_string8:
	.asciz	"__ARRAY_SIZE_TYPE__"           @ string offset=195
.Linfo_string9:
	.asciz	"eth_addr"                      @ string offset=215
.Linfo_string10:
	.asciz	"ethzero"                       @ string offset=224
.Linfo_string11:
	.asciz	"NETIF_DEL_MAC_FILTER"          @ string offset=232
.Linfo_string12:
	.asciz	"NETIF_ADD_MAC_FILTER"          @ string offset=253
.Linfo_string13:
	.asciz	"netif_mac_filter_action"       @ string offset=274
.Linfo_string14:
	.asciz	"signed char"                   @ string offset=298
.Linfo_string15:
	.asciz	"ERR_OK"                        @ string offset=310
.Linfo_string16:
	.asciz	"ERR_MEM"                       @ string offset=317
.Linfo_string17:
	.asciz	"ERR_BUF"                       @ string offset=325
.Linfo_string18:
	.asciz	"ERR_TIMEOUT"                   @ string offset=333
.Linfo_string19:
	.asciz	"ERR_RTE"                       @ string offset=345
.Linfo_string20:
	.asciz	"ERR_INPROGRESS"                @ string offset=353
.Linfo_string21:
	.asciz	"ERR_VAL"                       @ string offset=368
.Linfo_string22:
	.asciz	"ERR_WOULDBLOCK"                @ string offset=376
.Linfo_string23:
	.asciz	"ERR_USE"                       @ string offset=391
.Linfo_string24:
	.asciz	"ERR_ALREADY"                   @ string offset=399
.Linfo_string25:
	.asciz	"ERR_ISCONN"                    @ string offset=411
.Linfo_string26:
	.asciz	"ERR_CONN"                      @ string offset=422
.Linfo_string27:
	.asciz	"ERR_IF"                        @ string offset=431
.Linfo_string28:
	.asciz	"ERR_ABRT"                      @ string offset=438
.Linfo_string29:
	.asciz	"ERR_RST"                       @ string offset=447
.Linfo_string30:
	.asciz	"ERR_CLSD"                      @ string offset=455
.Linfo_string31:
	.asciz	"ERR_ARG"                       @ string offset=464
.Linfo_string32:
	.asciz	"dest"                          @ string offset=472
.Linfo_string33:
	.asciz	"src"                           @ string offset=477
.Linfo_string34:
	.asciz	"type"                          @ string offset=481
.Linfo_string35:
	.asciz	"unsigned short"                @ string offset=486
.Linfo_string36:
	.asciz	"uint16_t"                      @ string offset=501
.Linfo_string37:
	.asciz	"u16_t"                         @ string offset=510
.Linfo_string38:
	.asciz	"eth_hdr"                       @ string offset=516
.Linfo_string39:
	.asciz	"short"                         @ string offset=524
.Linfo_string40:
	.asciz	"int16_t"                       @ string offset=530
.Linfo_string41:
	.asciz	"s16_t"                         @ string offset=538
.Linfo_string42:
	.asciz	"ethernet_input"                @ string offset=544
.Linfo_string43:
	.asciz	"int8_t"                        @ string offset=559
.Linfo_string44:
	.asciz	"s8_t"                          @ string offset=566
.Linfo_string45:
	.asciz	"err_t"                         @ string offset=571
.Linfo_string46:
	.asciz	"ethernet_output"               @ string offset=577
.Linfo_string47:
	.asciz	"p"                             @ string offset=593
.Linfo_string48:
	.asciz	"next"                          @ string offset=595
.Linfo_string49:
	.asciz	"payload"                       @ string offset=600
.Linfo_string50:
	.asciz	"tot_len"                       @ string offset=608
.Linfo_string51:
	.asciz	"len"                           @ string offset=616
.Linfo_string52:
	.asciz	"flags"                         @ string offset=620
.Linfo_string53:
	.asciz	"ref"                           @ string offset=626
.Linfo_string54:
	.asciz	"pbuf"                          @ string offset=630
.Linfo_string55:
	.asciz	"netif"                         @ string offset=635
.Linfo_string56:
	.asciz	"ip_addr"                       @ string offset=641
.Linfo_string57:
	.asciz	"unsigned int"                  @ string offset=649
.Linfo_string58:
	.asciz	"uint32_t"                      @ string offset=662
.Linfo_string59:
	.asciz	"u32_t"                         @ string offset=671
.Linfo_string60:
	.asciz	"ip4_addr"                      @ string offset=677
.Linfo_string61:
	.asciz	"ip4_addr_t"                    @ string offset=686
.Linfo_string62:
	.asciz	"ip_addr_t"                     @ string offset=697
.Linfo_string63:
	.asciz	"netmask"                       @ string offset=707
.Linfo_string64:
	.asciz	"gw"                            @ string offset=715
.Linfo_string65:
	.asciz	"input"                         @ string offset=718
.Linfo_string66:
	.asciz	"netif_input_fn"                @ string offset=724
.Linfo_string67:
	.asciz	"output"                        @ string offset=739
.Linfo_string68:
	.asciz	"netif_output_fn"               @ string offset=746
.Linfo_string69:
	.asciz	"linkoutput"                    @ string offset=762
.Linfo_string70:
	.asciz	"netif_linkoutput_fn"           @ string offset=773
.Linfo_string71:
	.asciz	"status_callback"               @ string offset=793
.Linfo_string72:
	.asciz	"netif_status_callback_fn"      @ string offset=809
.Linfo_string73:
	.asciz	"link_callback"                 @ string offset=834
.Linfo_string74:
	.asciz	"state"                         @ string offset=848
.Linfo_string75:
	.asciz	"client_data"                   @ string offset=854
.Linfo_string76:
	.asciz	"rs_count"                      @ string offset=866
.Linfo_string77:
	.asciz	"hostname"                      @ string offset=875
.Linfo_string78:
	.asciz	"char"                          @ string offset=884
.Linfo_string79:
	.asciz	"mtu"                           @ string offset=889
.Linfo_string80:
	.asciz	"hwaddr_len"                    @ string offset=893
.Linfo_string81:
	.asciz	"hwaddr"                        @ string offset=904
.Linfo_string82:
	.asciz	"name"                          @ string offset=911
.Linfo_string83:
	.asciz	"num"                           @ string offset=916
.Linfo_string84:
	.asciz	"igmp_mac_filter"               @ string offset=920
.Linfo_string85:
	.asciz	"netif_igmp_mac_filter_fn"      @ string offset=936
.Linfo_string86:
	.asciz	"ip_hdr_offset"                 @ string offset=961
.Linfo_string87:
	.asciz	"ethhdr"                        @ string offset=975
.Linfo_string88:
	.asciz	"free_and_return"               @ string offset=982
.Linfo_string89:
	.asciz	"dst"                           @ string offset=998
.Linfo_string90:
	.asciz	"eth_type"                      @ string offset=1002
.Linfo_string91:
	.asciz	"eth_type_be"                   @ string offset=1011
.Linfo_string92:
	.asciz	"pbuf_header_failed"            @ string offset=1023
	.ident	"Component: ARM Compiler 6.16 Tool: armclang [5dfeb700]"
	.section	".note.GNU-stack","",%progbits
	.eabi_attribute	30, 1	@ Tag_ABI_optimization_goals
	.ARM_attribute	16, 1	@ Tag_AV_eba
	.section	.debug_line,"",%progbits
.Lline_table_start0:
