	.text
	.syntax unified
	.eabi_attribute	67, "2.09"	@ Tag_conformance
	.cpu	cortex-m7
	.eabi_attribute	6, 13	@ Tag_CPU_arch
	.eabi_attribute	7, 77	@ Tag_CPU_arch_profile
	.eabi_attribute	8, 0	@ Tag_ARM_ISA_use
	.eabi_attribute	9, 2	@ Tag_THUMB_ISA_use
	.fpu	fpv5-d16
	.eabi_attribute	36, 1	@ Tag_FP_HP_extension
	.eabi_attribute	34, 1	@ Tag_CPU_unaligned_access
	.eabi_attribute	17, 1	@ Tag_ABI_PCS_GOT_use
	.eabi_attribute	20, 2	@ Tag_ABI_FP_denormal
	.eabi_attribute	21, 0	@ Tag_ABI_FP_exceptions
	.eabi_attribute	23, 1	@ Tag_ABI_FP_number_model
	.eabi_attribute	24, 1	@ Tag_ABI_align_needed
	.eabi_attribute	25, 1	@ Tag_ABI_align_preserved
	.eabi_attribute	28, 1	@ Tag_ABI_VFP_args
	.eabi_attribute	38, 1	@ Tag_ABI_FP_16bit_format
	.eabi_attribute	18, 2	@ Tag_ABI_PCS_wchar_t
	.eabi_attribute	26, 1	@ Tag_ABI_enum_size
	.eabi_attribute	14, 0	@ Tag_ABI_PCS_R9_use
	.file	"fal.c"
	.file	1 "D:\\Keil_v5\\ARM\\ARMCLANG\\Bin\\..\\include" "stdint.h"
	.file	2 "E:\\Smart-access-control\\Hardware\\CODE" "packages/fal-v0.5.0/src/fal.c"
	.section	.text.fal_init,"ax",%progbits
	.hidden	fal_init                        @ -- Begin function fal_init
	.globl	fal_init
	.p2align	3
	.type	fal_init,%function
	.code	16                              @ @fal_init
	.thumb_func
fal_init:
.Lfunc_begin0:
	.loc	2 36 0                          @ packages/fal-v0.5.0/src/fal.c:36:0
	.fnstart
	.cfi_sections .debug_frame
	.cfi_startproc
@ %bb.0:
	.save	{r4, lr}
	push	{r4, lr}
	.cfi_def_cfa_offset 8
	.cfi_offset lr, -4
	.cfi_offset r4, -8
.Ltmp0:
	.loc	2 43 14 prologue_end            @ packages/fal-v0.5.0/src/fal.c:43:14
	bl	fal_flash_init
.Ltmp1:
	@DEBUG_VALUE: fal_init:result <- $r0
	.loc	2 45 9                          @ packages/fal-v0.5.0/src/fal.c:45:9
	cmp	r0, #0
	bmi	.LBB0_2
.Ltmp2:
@ %bb.1:
	@DEBUG_VALUE: fal_init:result <- $r0
	.loc	2 50 14                         @ packages/fal-v0.5.0/src/fal.c:50:14
	bl	fal_partition_init
.Ltmp3:
.LBB0_2:
	.loc	2 0 14 is_stmt 0                @ packages/fal-v0.5.0/src/fal.c:0:14
	mov	r4, r0
.Ltmp4:
	@DEBUG_VALUE: fal_init:result <- $r4
	@DEBUG_LABEL: fal_init:__exit
	.loc	2 54 22 is_stmt 1               @ packages/fal-v0.5.0/src/fal.c:54:22
	cmp	r0, #1
	movw	r0, :lower16:init_ok
	movt	r0, :upper16:init_ok
	blt	.LBB0_5
.Ltmp5:
@ %bb.3:
	@DEBUG_VALUE: fal_init:result <- $r4
	.loc	2 0 22 is_stmt 0                @ packages/fal-v0.5.0/src/fal.c:0:22
	ldrb	r1, [r0]
	.loc	2 54 22                         @ packages/fal-v0.5.0/src/fal.c:54:22
	cbnz	r1, .LBB0_5
.Ltmp6:
@ %bb.4:
	@DEBUG_VALUE: fal_init:result <- $r4
	.loc	2 0 22                          @ packages/fal-v0.5.0/src/fal.c:0:22
	movs	r1, #1
.Ltmp7:
	.loc	2 56 17 is_stmt 1               @ packages/fal-v0.5.0/src/fal.c:56:17
	strb	r1, [r0]
	.loc	2 57 9                          @ packages/fal-v0.5.0/src/fal.c:57:9
	adr	r0, .LCPI0_0
	bl	rt_kprintf
	adr	r0, .LCPI0_1
	b	.LBB0_8
.Ltmp8:
.LBB0_5:
	@DEBUG_VALUE: fal_init:result <- $r4
	.loc	2 59 13                         @ packages/fal-v0.5.0/src/fal.c:59:13
	cmp	r4, #0
	ble	.LBB0_7
.Ltmp9:
@ %bb.6:
	@DEBUG_VALUE: fal_init:result <- $r4
	.loc	2 65 5                          @ packages/fal-v0.5.0/src/fal.c:65:5
	mov	r0, r4
	pop	{r4, pc}
.Ltmp10:
.LBB0_7:
	@DEBUG_VALUE: fal_init:result <- $r4
	.loc	2 0 5 is_stmt 0                 @ packages/fal-v0.5.0/src/fal.c:0:5
	movs	r1, #0
.Ltmp11:
	.loc	2 61 17 is_stmt 1               @ packages/fal-v0.5.0/src/fal.c:61:17
	strb	r1, [r0]
	.loc	2 62 9                          @ packages/fal-v0.5.0/src/fal.c:62:9
	adr	r0, .LCPI0_2
	adr	r1, .LCPI0_3
	movs	r2, #62
	bl	rt_kprintf
	movw	r0, :lower16:.L.str.5
	movt	r0, :upper16:.L.str.5
.Ltmp12:
.LBB0_8:
	@DEBUG_VALUE: fal_init:result <- $r4
	.loc	2 0 0 is_stmt 0                 @ packages/fal-v0.5.0/src/fal.c:0:0
	adr	r1, .LCPI0_4
	bl	rt_kprintf
	adr	r0, .LCPI0_5
	bl	rt_kprintf
.Ltmp13:
	.loc	2 65 5 is_stmt 1                @ packages/fal-v0.5.0/src/fal.c:65:5
	mov	r0, r4
	pop	{r4, pc}
.Ltmp14:
	.p2align	2
@ %bb.9:
	.loc	2 0 5 is_stmt 0                 @ packages/fal-v0.5.0/src/fal.c:0:5
.LCPI0_0:
.L.str:
	.asciz	"\033[32;22m[I/FAL] \000\000\000"
.LCPI0_1:
.L.str.1:
	.asciz	"RT-Thread Flash Abstraction Layer (V%s) initialize success."
.LCPI0_2:
.L.str.4:
	.asciz	"\033[31;22m[E/FAL] (%s:%d) \000\000\000"
.LCPI0_3:
.L__FUNCTION__.fal_init:
	.asciz	"fal_init\000\000\000"
.LCPI0_4:
.L.str.2:
	.asciz	"0.5.0\000\000"
.LCPI0_5:
.L.str.3:
	.asciz	"\033[0m\n\000\000"
.Lfunc_end0:
	.size	fal_init, .Lfunc_end0-fal_init
	.cfi_endproc
	.cantunwind
	.fnend
                                        @ -- End function
	.section	.text.fal_init_check,"ax",%progbits
	.hidden	fal_init_check                  @ -- Begin function fal_init_check
	.globl	fal_init_check
	.p2align	3
	.type	fal_init_check,%function
	.code	16                              @ @fal_init_check
	.thumb_func
fal_init_check:
.Lfunc_begin1:
	.loc	2 74 0 is_stmt 1                @ packages/fal-v0.5.0/src/fal.c:74:0
	.fnstart
	.cfi_startproc
@ %bb.0:
	.loc	2 75 12 prologue_end            @ packages/fal-v0.5.0/src/fal.c:75:12
	movw	r0, :lower16:init_ok
	movt	r0, :upper16:init_ok
	ldrb	r0, [r0]
	.loc	2 75 5 is_stmt 0                @ packages/fal-v0.5.0/src/fal.c:75:5
	bx	lr
.Ltmp15:
.Lfunc_end1:
	.size	fal_init_check, .Lfunc_end1-fal_init_check
	.cfi_endproc
	.cantunwind
	.fnend
                                        @ -- End function
	.type	init_ok,%object                 @ @init_ok
	.section	.bss.init_ok,"aw",%nobits
init_ok:
	.byte	0                               @ 0x0
	.size	init_ok, 1

	.type	.L.str.5,%object                @ @.str.5
	.section	.rodata.str1.1,"aMS",%progbits,1
.L.str.5:
	.asciz	"RT-Thread Flash Abstraction Layer (V%s) initialize failed."
	.size	.L.str.5, 59

	.section	.debug_loc,"",%progbits
.Ldebug_loc0:
	.long	-1
	.long	.Lfunc_begin0                   @   base address
	.long	.Ltmp1-.Lfunc_begin0
	.long	.Ltmp3-.Lfunc_begin0
	.short	1                               @ Loc expr size
	.byte	80                              @ DW_OP_reg0
	.long	.Ltmp4-.Lfunc_begin0
	.long	.Ltmp14-.Lfunc_begin0
	.short	1                               @ Loc expr size
	.byte	84                              @ DW_OP_reg4
	.long	0
	.long	0
	.section	.debug_abbrev,"",%progbits
	.byte	1                               @ Abbreviation Code
	.byte	17                              @ DW_TAG_compile_unit
	.byte	1                               @ DW_CHILDREN_yes
	.byte	37                              @ DW_AT_producer
	.byte	14                              @ DW_FORM_strp
	.byte	19                              @ DW_AT_language
	.byte	5                               @ DW_FORM_data2
	.byte	3                               @ DW_AT_name
	.byte	14                              @ DW_FORM_strp
	.byte	16                              @ DW_AT_stmt_list
	.byte	6                               @ DW_FORM_data4
	.byte	27                              @ DW_AT_comp_dir
	.byte	14                              @ DW_FORM_strp
	.byte	17                              @ DW_AT_low_pc
	.byte	1                               @ DW_FORM_addr
	.byte	85                              @ DW_AT_ranges
	.byte	6                               @ DW_FORM_data4
	.byte	0                               @ EOM(1)
	.byte	0                               @ EOM(2)
	.byte	2                               @ Abbreviation Code
	.byte	52                              @ DW_TAG_variable
	.byte	0                               @ DW_CHILDREN_no
	.byte	3                               @ DW_AT_name
	.byte	14                              @ DW_FORM_strp
	.byte	73                              @ DW_AT_type
	.byte	19                              @ DW_FORM_ref4
	.byte	58                              @ DW_AT_decl_file
	.byte	11                              @ DW_FORM_data1
	.byte	59                              @ DW_AT_decl_line
	.byte	11                              @ DW_FORM_data1
	.byte	2                               @ DW_AT_location
	.byte	10                              @ DW_FORM_block1
	.byte	0                               @ EOM(1)
	.byte	0                               @ EOM(2)
	.byte	3                               @ Abbreviation Code
	.byte	22                              @ DW_TAG_typedef
	.byte	0                               @ DW_CHILDREN_no
	.byte	73                              @ DW_AT_type
	.byte	19                              @ DW_FORM_ref4
	.byte	3                               @ DW_AT_name
	.byte	14                              @ DW_FORM_strp
	.byte	58                              @ DW_AT_decl_file
	.byte	11                              @ DW_FORM_data1
	.byte	59                              @ DW_AT_decl_line
	.byte	11                              @ DW_FORM_data1
	.byte	0                               @ EOM(1)
	.byte	0                               @ EOM(2)
	.byte	4                               @ Abbreviation Code
	.byte	36                              @ DW_TAG_base_type
	.byte	0                               @ DW_CHILDREN_no
	.byte	3                               @ DW_AT_name
	.byte	14                              @ DW_FORM_strp
	.byte	62                              @ DW_AT_encoding
	.byte	11                              @ DW_FORM_data1
	.byte	11                              @ DW_AT_byte_size
	.byte	11                              @ DW_FORM_data1
	.byte	0                               @ EOM(1)
	.byte	0                               @ EOM(2)
	.byte	5                               @ Abbreviation Code
	.byte	46                              @ DW_TAG_subprogram
	.byte	1                               @ DW_CHILDREN_yes
	.byte	17                              @ DW_AT_low_pc
	.byte	1                               @ DW_FORM_addr
	.byte	18                              @ DW_AT_high_pc
	.byte	1                               @ DW_FORM_addr
	.byte	64                              @ DW_AT_frame_base
	.byte	10                              @ DW_FORM_block1
	.byte	3                               @ DW_AT_name
	.byte	14                              @ DW_FORM_strp
	.byte	58                              @ DW_AT_decl_file
	.byte	11                              @ DW_FORM_data1
	.byte	59                              @ DW_AT_decl_line
	.byte	11                              @ DW_FORM_data1
	.byte	39                              @ DW_AT_prototyped
	.byte	12                              @ DW_FORM_flag
	.byte	73                              @ DW_AT_type
	.byte	19                              @ DW_FORM_ref4
	.byte	63                              @ DW_AT_external
	.byte	12                              @ DW_FORM_flag
	.byte	0                               @ EOM(1)
	.byte	0                               @ EOM(2)
	.byte	6                               @ Abbreviation Code
	.byte	52                              @ DW_TAG_variable
	.byte	0                               @ DW_CHILDREN_no
	.byte	2                               @ DW_AT_location
	.byte	6                               @ DW_FORM_data4
	.byte	3                               @ DW_AT_name
	.byte	14                              @ DW_FORM_strp
	.byte	58                              @ DW_AT_decl_file
	.byte	11                              @ DW_FORM_data1
	.byte	59                              @ DW_AT_decl_line
	.byte	11                              @ DW_FORM_data1
	.byte	73                              @ DW_AT_type
	.byte	19                              @ DW_FORM_ref4
	.byte	0                               @ EOM(1)
	.byte	0                               @ EOM(2)
	.byte	7                               @ Abbreviation Code
	.byte	10                              @ DW_TAG_label
	.byte	0                               @ DW_CHILDREN_no
	.byte	3                               @ DW_AT_name
	.byte	14                              @ DW_FORM_strp
	.byte	58                              @ DW_AT_decl_file
	.byte	11                              @ DW_FORM_data1
	.byte	59                              @ DW_AT_decl_line
	.byte	11                              @ DW_FORM_data1
	.byte	17                              @ DW_AT_low_pc
	.byte	1                               @ DW_FORM_addr
	.byte	0                               @ EOM(1)
	.byte	0                               @ EOM(2)
	.byte	8                               @ Abbreviation Code
	.byte	46                              @ DW_TAG_subprogram
	.byte	0                               @ DW_CHILDREN_no
	.byte	17                              @ DW_AT_low_pc
	.byte	1                               @ DW_FORM_addr
	.byte	18                              @ DW_AT_high_pc
	.byte	1                               @ DW_FORM_addr
	.byte	64                              @ DW_AT_frame_base
	.byte	10                              @ DW_FORM_block1
	.byte	3                               @ DW_AT_name
	.byte	14                              @ DW_FORM_strp
	.byte	58                              @ DW_AT_decl_file
	.byte	11                              @ DW_FORM_data1
	.byte	59                              @ DW_AT_decl_line
	.byte	11                              @ DW_FORM_data1
	.byte	39                              @ DW_AT_prototyped
	.byte	12                              @ DW_FORM_flag
	.byte	73                              @ DW_AT_type
	.byte	19                              @ DW_FORM_ref4
	.byte	63                              @ DW_AT_external
	.byte	12                              @ DW_FORM_flag
	.byte	0                               @ EOM(1)
	.byte	0                               @ EOM(2)
	.byte	0                               @ EOM(3)
	.section	.debug_info,"",%progbits
.Lcu_begin0:
	.long	.Ldebug_info_end0-.Ldebug_info_start0 @ Length of Unit
.Ldebug_info_start0:
	.short	3                               @ DWARF version number
	.long	.debug_abbrev                   @ Offset Into Abbrev. Section
	.byte	4                               @ Address Size (in bytes)
	.byte	1                               @ Abbrev [1] 0xb:0x95 DW_TAG_compile_unit
	.long	.Linfo_string0                  @ DW_AT_producer
	.short	12                              @ DW_AT_language
	.long	.Linfo_string1                  @ DW_AT_name
	.long	.Lline_table_start0             @ DW_AT_stmt_list
	.long	.Linfo_string2                  @ DW_AT_comp_dir
	.long	0                               @ DW_AT_low_pc
	.long	.Ldebug_ranges0                 @ DW_AT_ranges
	.byte	2                               @ Abbrev [2] 0x26:0x17 DW_TAG_variable
	.long	.Linfo_string3                  @ DW_AT_name
	.long	61                              @ DW_AT_type
	.byte	2                               @ DW_AT_decl_file
	.byte	27                              @ DW_AT_decl_line
	.byte	11                              @ DW_AT_location
	.byte	3
	.long	init_ok
	.byte	148
	.byte	1
	.byte	49
	.byte	30
	.byte	48
	.byte	34
	.byte	3                               @ Abbrev [3] 0x3d:0xb DW_TAG_typedef
	.long	72                              @ DW_AT_type
	.long	.Linfo_string5                  @ DW_AT_name
	.byte	1                               @ DW_AT_decl_file
	.byte	62                              @ DW_AT_decl_line
	.byte	4                               @ Abbrev [4] 0x48:0x7 DW_TAG_base_type
	.long	.Linfo_string4                  @ DW_AT_name
	.byte	8                               @ DW_AT_encoding
	.byte	1                               @ DW_AT_byte_size
	.byte	5                               @ Abbrev [5] 0x4f:0x32 DW_TAG_subprogram
	.long	.Lfunc_begin0                   @ DW_AT_low_pc
	.long	.Lfunc_end0                     @ DW_AT_high_pc
	.byte	1                               @ DW_AT_frame_base
	.byte	93
	.long	.Linfo_string6                  @ DW_AT_name
	.byte	2                               @ DW_AT_decl_file
	.byte	35                              @ DW_AT_decl_line
	.byte	1                               @ DW_AT_prototyped
	.long	152                             @ DW_AT_type
	.byte	1                               @ DW_AT_external
	.byte	6                               @ Abbrev [6] 0x66:0xf DW_TAG_variable
	.long	.Ldebug_loc0                    @ DW_AT_location
	.long	.Linfo_string9                  @ DW_AT_name
	.byte	2                               @ DW_AT_decl_file
	.byte	40                              @ DW_AT_decl_line
	.long	152                             @ DW_AT_type
	.byte	7                               @ Abbrev [7] 0x75:0xb DW_TAG_label
	.long	.Linfo_string10                 @ DW_AT_name
	.byte	2                               @ DW_AT_decl_file
	.byte	52                              @ DW_AT_decl_line
	.long	.Ltmp4                          @ DW_AT_low_pc
	.byte	0                               @ End Of Children Mark
	.byte	8                               @ Abbrev [8] 0x81:0x17 DW_TAG_subprogram
	.long	.Lfunc_begin1                   @ DW_AT_low_pc
	.long	.Lfunc_end1                     @ DW_AT_high_pc
	.byte	1                               @ DW_AT_frame_base
	.byte	93
	.long	.Linfo_string8                  @ DW_AT_name
	.byte	2                               @ DW_AT_decl_file
	.byte	73                              @ DW_AT_decl_line
	.byte	1                               @ DW_AT_prototyped
	.long	152                             @ DW_AT_type
	.byte	1                               @ DW_AT_external
	.byte	4                               @ Abbrev [4] 0x98:0x7 DW_TAG_base_type
	.long	.Linfo_string7                  @ DW_AT_name
	.byte	5                               @ DW_AT_encoding
	.byte	4                               @ DW_AT_byte_size
	.byte	0                               @ End Of Children Mark
.Ldebug_info_end0:
	.section	.debug_ranges,"",%progbits
.Ldebug_ranges0:
	.long	.Lfunc_begin0
	.long	.Lfunc_end0
	.long	.Lfunc_begin1
	.long	.Lfunc_end1
	.long	0
	.long	0
	.section	.debug_str,"MS",%progbits,1
.Linfo_string0:
	.asciz	"Component: ARM Compiler 6.16 Tool: armclang [5dfeb700]" @ string offset=0
.Linfo_string1:
	.asciz	"packages/fal-v0.5.0/src\\fal.c" @ string offset=55
.Linfo_string2:
	.asciz	"E:\\Smart-access-control\\Hardware\\CODE" @ string offset=85
.Linfo_string3:
	.asciz	"init_ok"                       @ string offset=123
.Linfo_string4:
	.asciz	"unsigned char"                 @ string offset=131
.Linfo_string5:
	.asciz	"uint8_t"                       @ string offset=145
.Linfo_string6:
	.asciz	"fal_init"                      @ string offset=153
.Linfo_string7:
	.asciz	"int"                           @ string offset=162
.Linfo_string8:
	.asciz	"fal_init_check"                @ string offset=166
.Linfo_string9:
	.asciz	"result"                        @ string offset=181
.Linfo_string10:
	.asciz	"__exit"                        @ string offset=188
	.ident	"Component: ARM Compiler 6.16 Tool: armclang [5dfeb700]"
	.section	".note.GNU-stack","",%progbits
	.eabi_attribute	30, 1	@ Tag_ABI_optimization_goals
	.ARM_attribute	16, 1	@ Tag_AV_eba
	.section	.debug_line,"",%progbits
.Lline_table_start0:
