	.text
	.syntax unified
	.eabi_attribute	67, "2.09"	@ Tag_conformance
	.cpu	cortex-m7
	.eabi_attribute	6, 13	@ Tag_CPU_arch
	.eabi_attribute	7, 77	@ Tag_CPU_arch_profile
	.eabi_attribute	8, 0	@ Tag_ARM_ISA_use
	.eabi_attribute	9, 2	@ Tag_THUMB_ISA_use
	.fpu	fpv5-d16
	.eabi_attribute	36, 1	@ Tag_FP_HP_extension
	.eabi_attribute	34, 1	@ Tag_CPU_unaligned_access
	.eabi_attribute	17, 1	@ Tag_ABI_PCS_GOT_use
	.eabi_attribute	20, 2	@ Tag_ABI_FP_denormal
	.eabi_attribute	21, 0	@ Tag_ABI_FP_exceptions
	.eabi_attribute	23, 1	@ Tag_ABI_FP_number_model
	.eabi_attribute	24, 1	@ Tag_ABI_align_needed
	.eabi_attribute	25, 1	@ Tag_ABI_align_preserved
	.eabi_attribute	28, 1	@ Tag_ABI_VFP_args
	.eabi_attribute	38, 1	@ Tag_ABI_FP_16bit_format
	.eabi_attribute	18, 2	@ Tag_ABI_PCS_wchar_t
	.eabi_attribute	26, 1	@ Tag_ABI_enum_size
	.eabi_attribute	14, 0	@ Tag_ABI_PCS_R9_use
	.file	"fal_flash.c"
	.file	1 "D:\\Keil_v5\\ARM\\ARMCLANG\\Bin\\..\\include" "time.h"
	.file	2 "E:\\Smart-access-control\\Hardware\\CODE" "packages/fal-v0.5.0/src/fal_flash.c"
	.file	3 "D:\\Keil_v5\\ARM\\ARMCLANG\\Bin\\..\\include" "stdint.h"
	.file	4 "E:\\Smart-access-control\\Hardware\\CODE" "./packages/fal-v0.5.0/inc/fal_def.h"
	.section	.text.fal_flash_init,"ax",%progbits
	.hidden	fal_flash_init                  @ -- Begin function fal_flash_init
	.globl	fal_flash_init
	.p2align	3
	.type	fal_flash_init,%function
	.code	16                              @ @fal_flash_init
	.thumb_func
fal_flash_init:
.Lfunc_begin0:
	.loc	2 43 0                          @ packages/fal-v0.5.0/src/fal_flash.c:43:0
	.fnstart
	.cfi_sections .debug_frame
	.cfi_startproc
@ %bb.0:
	.save	{r4, r5, r7, lr}
	push	{r4, r5, r7, lr}
	.cfi_def_cfa_offset 16
	.cfi_offset lr, -4
	.cfi_offset r7, -8
	.cfi_offset r5, -12
	.cfi_offset r4, -16
	.pad	#16
	sub	sp, #16
	.cfi_def_cfa_offset 32
.Ltmp0:
	.loc	2 46 9 prologue_end             @ packages/fal-v0.5.0/src/fal_flash.c:46:9
	movw	r5, :lower16:init_ok
	movt	r5, :upper16:init_ok
	ldrb	r0, [r5]
.Ltmp1:
	.loc	2 46 9 is_stmt 0                @ packages/fal-v0.5.0/src/fal_flash.c:46:9
	cbnz	r0, .LBB0_7
@ %bb.1:
.Ltmp2:
	@DEBUG_VALUE: fal_flash_init:i <- undef
	.loc	2 53 9 is_stmt 1                @ packages/fal-v0.5.0/src/fal_flash.c:53:9
	movw	r4, :lower16:nor_flash0
	movt	r4, :upper16:nor_flash0
	ldr	r0, [r4, #40]
.Ltmp3:
	.loc	2 53 9 is_stmt 0                @ packages/fal-v0.5.0/src/fal_flash.c:53:9
	cbz	r0, .LBB0_8
.Ltmp4:
@ %bb.2:
	.loc	2 54 9 is_stmt 1                @ packages/fal-v0.5.0/src/fal_flash.c:54:9
	ldr	r0, [r4, #44]
.Ltmp5:
	.loc	2 54 9 is_stmt 0                @ packages/fal-v0.5.0/src/fal_flash.c:54:9
	cbz	r0, .LBB0_10
@ %bb.3:
.Ltmp6:
	.loc	2 55 9 is_stmt 1                @ packages/fal-v0.5.0/src/fal_flash.c:55:9
	ldr	r0, [r4, #48]
.Ltmp7:
	.loc	2 55 9 is_stmt 0                @ packages/fal-v0.5.0/src/fal_flash.c:55:9
	cbz	r0, .LBB0_12
@ %bb.4:
.Ltmp8:
	.loc	2 57 34 is_stmt 1               @ packages/fal-v0.5.0/src/fal_flash.c:57:34
	ldr	r0, [r4, #36]
.Ltmp9:
	.loc	2 57 13 is_stmt 0               @ packages/fal-v0.5.0/src/fal_flash.c:57:13
	cbz	r0, .LBB0_6
@ %bb.5:
.Ltmp10:
	.loc	2 59 13 is_stmt 1               @ packages/fal-v0.5.0/src/fal_flash.c:59:13
	blx	r0
.Ltmp11:
.LBB0_6:
	.loc	2 61 9                          @ packages/fal-v0.5.0/src/fal_flash.c:61:9
	movw	r1, :lower16:.L__FUNCTION__.fal_flash_init
	adr	r0, .LCPI0_0
	movt	r1, :upper16:.L__FUNCTION__.fal_flash_init
	movs	r2, #63
	bl	rt_kprintf
	add.w	r3, r4, #24
	movs	r2, #24
	ldm	r3, {r0, r1, r3}
	strd	r0, r1, [sp]
	movw	r0, :lower16:.L.str.5
	movs	r1, #24
	movt	r0, :upper16:.L.str.5
	str	r3, [sp, #8]
	mov	r3, r4
	bl	rt_kprintf
	adr	r0, .LCPI0_1
	bl	rt_kprintf
.Ltmp12:
	@DEBUG_VALUE: fal_flash_init:i <- undef
	.loc	2 0 9 is_stmt 0                 @ packages/fal-v0.5.0/src/fal_flash.c:0:9
	movs	r0, #1
.Ltmp13:
	.loc	2 66 13 is_stmt 1               @ packages/fal-v0.5.0/src/fal_flash.c:66:13
	strb	r0, [r5]
.Ltmp14:
.LBB0_7:
	.loc	2 68 1                          @ packages/fal-v0.5.0/src/fal_flash.c:68:1
	movs	r0, #0
	add	sp, #16
	pop	{r4, r5, r7, pc}
.LBB0_8:
.Ltmp15:
	.loc	2 53 9                          @ packages/fal-v0.5.0/src/fal_flash.c:53:9
	movw	r0, :lower16:.L.str
	movw	r2, :lower16:.L__FUNCTION__.fal_flash_init
	movt	r0, :upper16:.L.str
	adr	r1, .LCPI0_4
	movt	r2, :upper16:.L__FUNCTION__.fal_flash_init
	bl	rt_kprintf
	.p2align	2
.LBB0_9:                                @ =>This Inner Loop Header: Depth=1
	b	.LBB0_9
.Ltmp16:
.LBB0_10:
	.loc	2 54 9                          @ packages/fal-v0.5.0/src/fal_flash.c:54:9
	movw	r0, :lower16:.L.str
	movw	r2, :lower16:.L__FUNCTION__.fal_flash_init
	movt	r0, :upper16:.L.str
	adr	r1, .LCPI0_3
	movt	r2, :upper16:.L__FUNCTION__.fal_flash_init
	bl	rt_kprintf
	.p2align	2
.LBB0_11:                               @ =>This Inner Loop Header: Depth=1
	b	.LBB0_11
.Ltmp17:
.LBB0_12:
	.loc	2 55 9                          @ packages/fal-v0.5.0/src/fal_flash.c:55:9
	movw	r0, :lower16:.L.str
	movw	r2, :lower16:.L__FUNCTION__.fal_flash_init
	movt	r0, :upper16:.L.str
	adr	r1, .LCPI0_2
	movt	r2, :upper16:.L__FUNCTION__.fal_flash_init
	bl	rt_kprintf
	.p2align	2
.LBB0_13:                               @ =>This Inner Loop Header: Depth=1
	b	.LBB0_13
.Ltmp18:
	.p2align	2
@ %bb.14:
	.loc	2 0 9 is_stmt 0                 @ packages/fal-v0.5.0/src/fal_flash.c:0:9
.LCPI0_0:
.L.str.4:
	.asciz	"[D/FAL] (%s:%d) \000\000\000"
.LCPI0_1:
.L.str.6:
	.asciz	"\n\000\000"
.LCPI0_2:
.L.str.3:
	.asciz	"device_table[i]->ops.erase\000"
.LCPI0_3:
.L.str.2:
	.asciz	"device_table[i]->ops.write\000"
.LCPI0_4:
.L.str.1:
	.asciz	"device_table[i]->ops.read\000\000"
.Lfunc_end0:
	.size	fal_flash_init, .Lfunc_end0-fal_flash_init
	.cfi_endproc
	.cantunwind
	.fnend
                                        @ -- End function
	.section	.text.fal_flash_device_find,"ax",%progbits
	.hidden	fal_flash_device_find           @ -- Begin function fal_flash_device_find
	.globl	fal_flash_device_find
	.p2align	3
	.type	fal_flash_device_find,%function
	.code	16                              @ @fal_flash_device_find
	.thumb_func
fal_flash_device_find:
.Lfunc_begin1:
	.loc	2 79 0 is_stmt 1                @ packages/fal-v0.5.0/src/fal_flash.c:79:0
	.fnstart
	.cfi_startproc
@ %bb.0:
	@DEBUG_VALUE: fal_flash_device_find:name <- $r0
	.save	{r4, lr}
	push	{r4, lr}
	.cfi_def_cfa_offset 8
	.cfi_offset lr, -4
	.cfi_offset r4, -8
.Ltmp19:
	.loc	2 80 5 prologue_end             @ packages/fal-v0.5.0/src/fal_flash.c:80:5
	movw	r1, :lower16:init_ok
	movt	r1, :upper16:init_ok
	ldrb	r1, [r1]
.Ltmp20:
	@DEBUG_VALUE: fal_flash_device_find:name <- $r0
	.loc	2 80 5 is_stmt 0                @ packages/fal-v0.5.0/src/fal_flash.c:80:5
	cbz	r1, .LBB1_3
.Ltmp21:
@ %bb.1:
	@DEBUG_VALUE: fal_flash_device_find:name <- $r0
	.loc	2 81 5 is_stmt 1                @ packages/fal-v0.5.0/src/fal_flash.c:81:5
	cbz	r0, .LBB1_5
.Ltmp22:
@ %bb.2:
	@DEBUG_VALUE: fal_flash_device_find:name <- $r0
	@DEBUG_VALUE: fal_flash_device_find:i <- undef
	.loc	2 87 14                         @ packages/fal-v0.5.0/src/fal_flash.c:87:14
	movw	r4, :lower16:nor_flash0
	movs	r2, #24
	movt	r4, :upper16:nor_flash0
	mov	r1, r4
	bl	strncmp
.Ltmp23:
	@DEBUG_VALUE: fal_flash_device_find:name <- [DW_OP_LLVM_entry_value 1] $r0
	.loc	2 87 13 is_stmt 0               @ packages/fal-v0.5.0/src/fal_flash.c:87:13
	cmp	r0, #0
	it	ne
	movne	r4, #0
.Ltmp24:
	.loc	2 93 1 is_stmt 1                @ packages/fal-v0.5.0/src/fal_flash.c:93:1
	mov	r0, r4
	pop	{r4, pc}
.Ltmp25:
.LBB1_3:
	@DEBUG_VALUE: fal_flash_device_find:name <- $r0
	.loc	2 80 5                          @ packages/fal-v0.5.0/src/fal_flash.c:80:5
	movw	r0, :lower16:.L.str
.Ltmp26:
	@DEBUG_VALUE: fal_flash_device_find:name <- [DW_OP_LLVM_entry_value 1] $r0
	movw	r2, :lower16:.L__FUNCTION__.fal_flash_device_find
	movt	r0, :upper16:.L.str
	adr	r1, .LCPI1_0
	movt	r2, :upper16:.L__FUNCTION__.fal_flash_device_find
	bl	rt_kprintf
.Ltmp27:
	.p2align	2
.LBB1_4:                                @ =>This Inner Loop Header: Depth=1
	@DEBUG_VALUE: fal_flash_device_find:name <- [DW_OP_LLVM_entry_value 1] $r0
	b	.LBB1_4
.Ltmp28:
.LBB1_5:
	@DEBUG_VALUE: fal_flash_device_find:name <- $r0
	.loc	2 81 5                          @ packages/fal-v0.5.0/src/fal_flash.c:81:5
	movw	r0, :lower16:.L.str
.Ltmp29:
	@DEBUG_VALUE: fal_flash_device_find:name <- [DW_OP_LLVM_entry_value 1] $r0
	movw	r2, :lower16:.L__FUNCTION__.fal_flash_device_find
	movt	r0, :upper16:.L.str
	adr	r1, .LCPI1_1
	movt	r2, :upper16:.L__FUNCTION__.fal_flash_device_find
	bl	rt_kprintf
.Ltmp30:
	.p2align	2
.LBB1_6:                                @ =>This Inner Loop Header: Depth=1
	@DEBUG_VALUE: fal_flash_device_find:name <- [DW_OP_LLVM_entry_value 1] $r0
	b	.LBB1_6
.Ltmp31:
	.p2align	2
@ %bb.7:
	.loc	2 0 5 is_stmt 0                 @ packages/fal-v0.5.0/src/fal_flash.c:0:5
.LCPI1_0:
.L.str.7:
	.asciz	"init_ok"
.LCPI1_1:
.L.str.8:
	.asciz	"name\000\000\000"
.Lfunc_end1:
	.size	fal_flash_device_find, .Lfunc_end1-fal_flash_device_find
	.cfi_endproc
	.cantunwind
	.fnend
                                        @ -- End function
	.type	init_ok,%object                 @ @init_ok
	.section	.bss.init_ok,"aw",%nobits
init_ok:
	.byte	0                               @ 0x0
	.size	init_ok, 1

	.type	.L.str,%object                  @ @.str
	.section	.rodata.str1.1,"aMS",%progbits,1
.L.str:
	.asciz	"(%s) has assert failed at %s.\n"
	.size	.L.str, 31

	.type	.L__FUNCTION__.fal_flash_init,%object @ @__FUNCTION__.fal_flash_init
.L__FUNCTION__.fal_flash_init:
	.asciz	"fal_flash_init"
	.size	.L__FUNCTION__.fal_flash_init, 15

	.type	.L.str.5,%object                @ @.str.5
.L.str.5:
	.asciz	"Flash device | %*.*s | addr: 0x%08lx | len: 0x%08x | blk_size: 0x%08x |initialized finish."
	.size	.L.str.5, 91

	.type	.L__FUNCTION__.fal_flash_device_find,%object @ @__FUNCTION__.fal_flash_device_find
.L__FUNCTION__.fal_flash_device_find:
	.asciz	"fal_flash_device_find"
	.size	.L__FUNCTION__.fal_flash_device_find, 22

	.section	.debug_loc,"",%progbits
.Ldebug_loc0:
	.long	-1
	.long	.Lfunc_begin1                   @   base address
	.long	.Lfunc_begin1-.Lfunc_begin1
	.long	.Ltmp23-.Lfunc_begin1
	.short	1                               @ Loc expr size
	.byte	80                              @ DW_OP_reg0
	.long	.Ltmp23-.Lfunc_begin1
	.long	.Ltmp25-.Lfunc_begin1
	.short	3                               @ Loc expr size
	.byte	163                             @ DW_OP_entry_value
	.byte	1                               @ 1
	.byte	80                              @ DW_OP_reg0
	.long	.Ltmp25-.Lfunc_begin1
	.long	.Ltmp26-.Lfunc_begin1
	.short	1                               @ Loc expr size
	.byte	80                              @ DW_OP_reg0
	.long	.Ltmp26-.Lfunc_begin1
	.long	.Ltmp28-.Lfunc_begin1
	.short	3                               @ Loc expr size
	.byte	163                             @ DW_OP_entry_value
	.byte	1                               @ 1
	.byte	80                              @ DW_OP_reg0
	.long	.Ltmp28-.Lfunc_begin1
	.long	.Ltmp29-.Lfunc_begin1
	.short	1                               @ Loc expr size
	.byte	80                              @ DW_OP_reg0
	.long	.Ltmp29-.Lfunc_begin1
	.long	.Ltmp31-.Lfunc_begin1
	.short	3                               @ Loc expr size
	.byte	163                             @ DW_OP_entry_value
	.byte	1                               @ 1
	.byte	80                              @ DW_OP_reg0
	.long	0
	.long	0
	.section	.debug_abbrev,"",%progbits
	.byte	1                               @ Abbreviation Code
	.byte	17                              @ DW_TAG_compile_unit
	.byte	1                               @ DW_CHILDREN_yes
	.byte	37                              @ DW_AT_producer
	.byte	14                              @ DW_FORM_strp
	.byte	19                              @ DW_AT_language
	.byte	5                               @ DW_FORM_data2
	.byte	3                               @ DW_AT_name
	.byte	14                              @ DW_FORM_strp
	.byte	16                              @ DW_AT_stmt_list
	.byte	6                               @ DW_FORM_data4
	.byte	27                              @ DW_AT_comp_dir
	.byte	14                              @ DW_FORM_strp
	.byte	17                              @ DW_AT_low_pc
	.byte	1                               @ DW_FORM_addr
	.byte	85                              @ DW_AT_ranges
	.byte	6                               @ DW_FORM_data4
	.byte	0                               @ EOM(1)
	.byte	0                               @ EOM(2)
	.byte	2                               @ Abbreviation Code
	.byte	52                              @ DW_TAG_variable
	.byte	0                               @ DW_CHILDREN_no
	.byte	3                               @ DW_AT_name
	.byte	14                              @ DW_FORM_strp
	.byte	73                              @ DW_AT_type
	.byte	19                              @ DW_FORM_ref4
	.byte	58                              @ DW_AT_decl_file
	.byte	11                              @ DW_FORM_data1
	.byte	59                              @ DW_AT_decl_line
	.byte	11                              @ DW_FORM_data1
	.byte	28                              @ DW_AT_const_value
	.byte	15                              @ DW_FORM_udata
	.byte	0                               @ EOM(1)
	.byte	0                               @ EOM(2)
	.byte	3                               @ Abbreviation Code
	.byte	38                              @ DW_TAG_const_type
	.byte	0                               @ DW_CHILDREN_no
	.byte	73                              @ DW_AT_type
	.byte	19                              @ DW_FORM_ref4
	.byte	0                               @ EOM(1)
	.byte	0                               @ EOM(2)
	.byte	4                               @ Abbreviation Code
	.byte	22                              @ DW_TAG_typedef
	.byte	0                               @ DW_CHILDREN_no
	.byte	73                              @ DW_AT_type
	.byte	19                              @ DW_FORM_ref4
	.byte	3                               @ DW_AT_name
	.byte	14                              @ DW_FORM_strp
	.byte	58                              @ DW_AT_decl_file
	.byte	11                              @ DW_FORM_data1
	.byte	59                              @ DW_AT_decl_line
	.byte	11                              @ DW_FORM_data1
	.byte	0                               @ EOM(1)
	.byte	0                               @ EOM(2)
	.byte	5                               @ Abbreviation Code
	.byte	36                              @ DW_TAG_base_type
	.byte	0                               @ DW_CHILDREN_no
	.byte	3                               @ DW_AT_name
	.byte	14                              @ DW_FORM_strp
	.byte	62                              @ DW_AT_encoding
	.byte	11                              @ DW_FORM_data1
	.byte	11                              @ DW_AT_byte_size
	.byte	11                              @ DW_FORM_data1
	.byte	0                               @ EOM(1)
	.byte	0                               @ EOM(2)
	.byte	6                               @ Abbreviation Code
	.byte	52                              @ DW_TAG_variable
	.byte	0                               @ DW_CHILDREN_no
	.byte	3                               @ DW_AT_name
	.byte	14                              @ DW_FORM_strp
	.byte	73                              @ DW_AT_type
	.byte	19                              @ DW_FORM_ref4
	.byte	58                              @ DW_AT_decl_file
	.byte	11                              @ DW_FORM_data1
	.byte	59                              @ DW_AT_decl_line
	.byte	11                              @ DW_FORM_data1
	.byte	2                               @ DW_AT_location
	.byte	10                              @ DW_FORM_block1
	.byte	0                               @ EOM(1)
	.byte	0                               @ EOM(2)
	.byte	7                               @ Abbreviation Code
	.byte	52                              @ DW_TAG_variable
	.byte	0                               @ DW_CHILDREN_no
	.byte	3                               @ DW_AT_name
	.byte	14                              @ DW_FORM_strp
	.byte	73                              @ DW_AT_type
	.byte	19                              @ DW_FORM_ref4
	.byte	58                              @ DW_AT_decl_file
	.byte	11                              @ DW_FORM_data1
	.byte	59                              @ DW_AT_decl_line
	.byte	11                              @ DW_FORM_data1
	.byte	0                               @ EOM(1)
	.byte	0                               @ EOM(2)
	.byte	8                               @ Abbreviation Code
	.byte	1                               @ DW_TAG_array_type
	.byte	1                               @ DW_CHILDREN_yes
	.byte	73                              @ DW_AT_type
	.byte	19                              @ DW_FORM_ref4
	.byte	0                               @ EOM(1)
	.byte	0                               @ EOM(2)
	.byte	9                               @ Abbreviation Code
	.byte	33                              @ DW_TAG_subrange_type
	.byte	0                               @ DW_CHILDREN_no
	.byte	73                              @ DW_AT_type
	.byte	19                              @ DW_FORM_ref4
	.byte	55                              @ DW_AT_count
	.byte	11                              @ DW_FORM_data1
	.byte	0                               @ EOM(1)
	.byte	0                               @ EOM(2)
	.byte	10                              @ Abbreviation Code
	.byte	15                              @ DW_TAG_pointer_type
	.byte	0                               @ DW_CHILDREN_no
	.byte	73                              @ DW_AT_type
	.byte	19                              @ DW_FORM_ref4
	.byte	0                               @ EOM(1)
	.byte	0                               @ EOM(2)
	.byte	11                              @ Abbreviation Code
	.byte	19                              @ DW_TAG_structure_type
	.byte	1                               @ DW_CHILDREN_yes
	.byte	3                               @ DW_AT_name
	.byte	14                              @ DW_FORM_strp
	.byte	11                              @ DW_AT_byte_size
	.byte	11                              @ DW_FORM_data1
	.byte	58                              @ DW_AT_decl_file
	.byte	11                              @ DW_FORM_data1
	.byte	59                              @ DW_AT_decl_line
	.byte	11                              @ DW_FORM_data1
	.byte	0                               @ EOM(1)
	.byte	0                               @ EOM(2)
	.byte	12                              @ Abbreviation Code
	.byte	13                              @ DW_TAG_member
	.byte	0                               @ DW_CHILDREN_no
	.byte	3                               @ DW_AT_name
	.byte	14                              @ DW_FORM_strp
	.byte	73                              @ DW_AT_type
	.byte	19                              @ DW_FORM_ref4
	.byte	58                              @ DW_AT_decl_file
	.byte	11                              @ DW_FORM_data1
	.byte	59                              @ DW_AT_decl_line
	.byte	11                              @ DW_FORM_data1
	.byte	56                              @ DW_AT_data_member_location
	.byte	11                              @ DW_FORM_data1
	.byte	0                               @ EOM(1)
	.byte	0                               @ EOM(2)
	.byte	13                              @ Abbreviation Code
	.byte	19                              @ DW_TAG_structure_type
	.byte	1                               @ DW_CHILDREN_yes
	.byte	11                              @ DW_AT_byte_size
	.byte	11                              @ DW_FORM_data1
	.byte	58                              @ DW_AT_decl_file
	.byte	11                              @ DW_FORM_data1
	.byte	59                              @ DW_AT_decl_line
	.byte	11                              @ DW_FORM_data1
	.byte	0                               @ EOM(1)
	.byte	0                               @ EOM(2)
	.byte	14                              @ Abbreviation Code
	.byte	36                              @ DW_TAG_base_type
	.byte	0                               @ DW_CHILDREN_no
	.byte	3                               @ DW_AT_name
	.byte	14                              @ DW_FORM_strp
	.byte	11                              @ DW_AT_byte_size
	.byte	11                              @ DW_FORM_data1
	.byte	62                              @ DW_AT_encoding
	.byte	11                              @ DW_FORM_data1
	.byte	0                               @ EOM(1)
	.byte	0                               @ EOM(2)
	.byte	15                              @ Abbreviation Code
	.byte	21                              @ DW_TAG_subroutine_type
	.byte	0                               @ DW_CHILDREN_no
	.byte	73                              @ DW_AT_type
	.byte	19                              @ DW_FORM_ref4
	.byte	39                              @ DW_AT_prototyped
	.byte	12                              @ DW_FORM_flag
	.byte	0                               @ EOM(1)
	.byte	0                               @ EOM(2)
	.byte	16                              @ Abbreviation Code
	.byte	21                              @ DW_TAG_subroutine_type
	.byte	1                               @ DW_CHILDREN_yes
	.byte	73                              @ DW_AT_type
	.byte	19                              @ DW_FORM_ref4
	.byte	39                              @ DW_AT_prototyped
	.byte	12                              @ DW_FORM_flag
	.byte	0                               @ EOM(1)
	.byte	0                               @ EOM(2)
	.byte	17                              @ Abbreviation Code
	.byte	5                               @ DW_TAG_formal_parameter
	.byte	0                               @ DW_CHILDREN_no
	.byte	73                              @ DW_AT_type
	.byte	19                              @ DW_FORM_ref4
	.byte	0                               @ EOM(1)
	.byte	0                               @ EOM(2)
	.byte	18                              @ Abbreviation Code
	.byte	46                              @ DW_TAG_subprogram
	.byte	1                               @ DW_CHILDREN_yes
	.byte	17                              @ DW_AT_low_pc
	.byte	1                               @ DW_FORM_addr
	.byte	18                              @ DW_AT_high_pc
	.byte	1                               @ DW_FORM_addr
	.byte	64                              @ DW_AT_frame_base
	.byte	10                              @ DW_FORM_block1
	.byte	3                               @ DW_AT_name
	.byte	14                              @ DW_FORM_strp
	.byte	58                              @ DW_AT_decl_file
	.byte	11                              @ DW_FORM_data1
	.byte	59                              @ DW_AT_decl_line
	.byte	11                              @ DW_FORM_data1
	.byte	39                              @ DW_AT_prototyped
	.byte	12                              @ DW_FORM_flag
	.byte	73                              @ DW_AT_type
	.byte	19                              @ DW_FORM_ref4
	.byte	63                              @ DW_AT_external
	.byte	12                              @ DW_FORM_flag
	.byte	0                               @ EOM(1)
	.byte	0                               @ EOM(2)
	.byte	19                              @ Abbreviation Code
	.byte	52                              @ DW_TAG_variable
	.byte	0                               @ DW_CHILDREN_no
	.byte	3                               @ DW_AT_name
	.byte	14                              @ DW_FORM_strp
	.byte	58                              @ DW_AT_decl_file
	.byte	11                              @ DW_FORM_data1
	.byte	59                              @ DW_AT_decl_line
	.byte	11                              @ DW_FORM_data1
	.byte	73                              @ DW_AT_type
	.byte	19                              @ DW_FORM_ref4
	.byte	0                               @ EOM(1)
	.byte	0                               @ EOM(2)
	.byte	20                              @ Abbreviation Code
	.byte	5                               @ DW_TAG_formal_parameter
	.byte	0                               @ DW_CHILDREN_no
	.byte	2                               @ DW_AT_location
	.byte	6                               @ DW_FORM_data4
	.byte	3                               @ DW_AT_name
	.byte	14                              @ DW_FORM_strp
	.byte	58                              @ DW_AT_decl_file
	.byte	11                              @ DW_FORM_data1
	.byte	59                              @ DW_AT_decl_line
	.byte	11                              @ DW_FORM_data1
	.byte	73                              @ DW_AT_type
	.byte	19                              @ DW_FORM_ref4
	.byte	0                               @ EOM(1)
	.byte	0                               @ EOM(2)
	.byte	0                               @ EOM(3)
	.section	.debug_info,"",%progbits
.Lcu_begin0:
	.long	.Ldebug_info_end0-.Ldebug_info_start0 @ Length of Unit
.Ldebug_info_start0:
	.short	3                               @ DWARF version number
	.long	.debug_abbrev                   @ Offset Into Abbrev. Section
	.byte	4                               @ Address Size (in bytes)
	.byte	1                               @ Abbrev [1] 0xb:0x20c DW_TAG_compile_unit
	.long	.Linfo_string0                  @ DW_AT_producer
	.short	12                              @ DW_AT_language
	.long	.Linfo_string1                  @ DW_AT_name
	.long	.Lline_table_start0             @ DW_AT_stmt_list
	.long	.Linfo_string2                  @ DW_AT_comp_dir
	.long	0                               @ DW_AT_low_pc
	.long	.Ldebug_ranges0                 @ DW_AT_ranges
	.byte	2                               @ Abbrev [2] 0x26:0xc DW_TAG_variable
	.long	.Linfo_string3                  @ DW_AT_name
	.long	50                              @ DW_AT_type
	.byte	2                               @ DW_AT_decl_file
	.byte	34                              @ DW_AT_decl_line
	.byte	1                               @ DW_AT_const_value
	.byte	3                               @ Abbrev [3] 0x32:0x5 DW_TAG_const_type
	.long	55                              @ DW_AT_type
	.byte	4                               @ Abbrev [4] 0x37:0xb DW_TAG_typedef
	.long	66                              @ DW_AT_type
	.long	.Linfo_string5                  @ DW_AT_name
	.byte	1                               @ DW_AT_decl_file
	.byte	58                              @ DW_AT_decl_line
	.byte	5                               @ Abbrev [5] 0x42:0x7 DW_TAG_base_type
	.long	.Linfo_string4                  @ DW_AT_name
	.byte	7                               @ DW_AT_encoding
	.byte	4                               @ DW_AT_byte_size
	.byte	6                               @ Abbrev [6] 0x49:0x17 DW_TAG_variable
	.long	.Linfo_string6                  @ DW_AT_name
	.long	96                              @ DW_AT_type
	.byte	2                               @ DW_AT_decl_file
	.byte	35                              @ DW_AT_decl_line
	.byte	11                              @ DW_AT_location
	.byte	3
	.long	init_ok
	.byte	148
	.byte	1
	.byte	49
	.byte	30
	.byte	48
	.byte	34
	.byte	4                               @ Abbrev [4] 0x60:0xb DW_TAG_typedef
	.long	107                             @ DW_AT_type
	.long	.Linfo_string8                  @ DW_AT_name
	.byte	3                               @ DW_AT_decl_file
	.byte	62                              @ DW_AT_decl_line
	.byte	5                               @ Abbrev [5] 0x6b:0x7 DW_TAG_base_type
	.long	.Linfo_string7                  @ DW_AT_name
	.byte	8                               @ DW_AT_encoding
	.byte	1                               @ DW_AT_byte_size
	.byte	7                               @ Abbrev [7] 0x72:0xb DW_TAG_variable
	.long	.Linfo_string9                  @ DW_AT_name
	.long	125                             @ DW_AT_type
	.byte	2                               @ DW_AT_decl_file
	.byte	33                              @ DW_AT_decl_line
	.byte	8                               @ Abbrev [8] 0x7d:0xc DW_TAG_array_type
	.long	137                             @ DW_AT_type
	.byte	9                               @ Abbrev [9] 0x82:0x6 DW_TAG_subrange_type
	.long	305                             @ DW_AT_type
	.byte	1                               @ DW_AT_count
	.byte	0                               @ End Of Children Mark
	.byte	3                               @ Abbrev [3] 0x89:0x5 DW_TAG_const_type
	.long	142                             @ DW_AT_type
	.byte	10                              @ Abbrev [10] 0x8e:0x5 DW_TAG_pointer_type
	.long	147                             @ DW_AT_type
	.byte	3                               @ Abbrev [3] 0x93:0x5 DW_TAG_const_type
	.long	152                             @ DW_AT_type
	.byte	11                              @ Abbrev [11] 0x98:0x86 DW_TAG_structure_type
	.long	.Linfo_string25                 @ DW_AT_name
	.byte	56                              @ DW_AT_byte_size
	.byte	4                               @ DW_AT_decl_file
	.byte	111                             @ DW_AT_decl_line
	.byte	12                              @ Abbrev [12] 0xa0:0xc DW_TAG_member
	.long	.Linfo_string10                 @ DW_AT_name
	.long	286                             @ DW_AT_type
	.byte	4                               @ DW_AT_decl_file
	.byte	113                             @ DW_AT_decl_line
	.byte	0                               @ DW_AT_data_member_location
	.byte	12                              @ Abbrev [12] 0xac:0xc DW_TAG_member
	.long	.Linfo_string13                 @ DW_AT_name
	.long	312                             @ DW_AT_type
	.byte	4                               @ DW_AT_decl_file
	.byte	116                             @ DW_AT_decl_line
	.byte	24                              @ DW_AT_data_member_location
	.byte	12                              @ Abbrev [12] 0xb8:0xc DW_TAG_member
	.long	.Linfo_string15                 @ DW_AT_name
	.long	55                              @ DW_AT_type
	.byte	4                               @ DW_AT_decl_file
	.byte	117                             @ DW_AT_decl_line
	.byte	28                              @ DW_AT_data_member_location
	.byte	12                              @ Abbrev [12] 0xc4:0xc DW_TAG_member
	.long	.Linfo_string16                 @ DW_AT_name
	.long	55                              @ DW_AT_type
	.byte	4                               @ DW_AT_decl_file
	.byte	119                             @ DW_AT_decl_line
	.byte	32                              @ DW_AT_data_member_location
	.byte	12                              @ Abbrev [12] 0xd0:0xc DW_TAG_member
	.long	.Linfo_string17                 @ DW_AT_name
	.long	220                             @ DW_AT_type
	.byte	4                               @ DW_AT_decl_file
	.byte	127                             @ DW_AT_decl_line
	.byte	36                              @ DW_AT_data_member_location
	.byte	13                              @ Abbrev [13] 0xdc:0x35 DW_TAG_structure_type
	.byte	16                              @ DW_AT_byte_size
	.byte	4                               @ DW_AT_decl_file
	.byte	121                             @ DW_AT_decl_line
	.byte	12                              @ Abbrev [12] 0xe0:0xc DW_TAG_member
	.long	.Linfo_string18                 @ DW_AT_name
	.long	323                             @ DW_AT_type
	.byte	4                               @ DW_AT_decl_file
	.byte	123                             @ DW_AT_decl_line
	.byte	0                               @ DW_AT_data_member_location
	.byte	12                              @ Abbrev [12] 0xec:0xc DW_TAG_member
	.long	.Linfo_string20                 @ DW_AT_name
	.long	341                             @ DW_AT_type
	.byte	4                               @ DW_AT_decl_file
	.byte	124                             @ DW_AT_decl_line
	.byte	4                               @ DW_AT_data_member_location
	.byte	12                              @ Abbrev [12] 0xf8:0xc DW_TAG_member
	.long	.Linfo_string22                 @ DW_AT_name
	.long	380                             @ DW_AT_type
	.byte	4                               @ DW_AT_decl_file
	.byte	125                             @ DW_AT_decl_line
	.byte	8                               @ DW_AT_data_member_location
	.byte	12                              @ Abbrev [12] 0x104:0xc DW_TAG_member
	.long	.Linfo_string23                 @ DW_AT_name
	.long	417                             @ DW_AT_type
	.byte	4                               @ DW_AT_decl_file
	.byte	126                             @ DW_AT_decl_line
	.byte	12                              @ DW_AT_data_member_location
	.byte	0                               @ End Of Children Mark
	.byte	12                              @ Abbrev [12] 0x111:0xc DW_TAG_member
	.long	.Linfo_string24                 @ DW_AT_name
	.long	55                              @ DW_AT_type
	.byte	4                               @ DW_AT_decl_file
	.byte	132                             @ DW_AT_decl_line
	.byte	52                              @ DW_AT_data_member_location
	.byte	0                               @ End Of Children Mark
	.byte	8                               @ Abbrev [8] 0x11e:0xc DW_TAG_array_type
	.long	298                             @ DW_AT_type
	.byte	9                               @ Abbrev [9] 0x123:0x6 DW_TAG_subrange_type
	.long	305                             @ DW_AT_type
	.byte	24                              @ DW_AT_count
	.byte	0                               @ End Of Children Mark
	.byte	5                               @ Abbrev [5] 0x12a:0x7 DW_TAG_base_type
	.long	.Linfo_string11                 @ DW_AT_name
	.byte	6                               @ DW_AT_encoding
	.byte	1                               @ DW_AT_byte_size
	.byte	14                              @ Abbrev [14] 0x131:0x7 DW_TAG_base_type
	.long	.Linfo_string12                 @ DW_AT_name
	.byte	8                               @ DW_AT_byte_size
	.byte	7                               @ DW_AT_encoding
	.byte	4                               @ Abbrev [4] 0x138:0xb DW_TAG_typedef
	.long	66                              @ DW_AT_type
	.long	.Linfo_string14                 @ DW_AT_name
	.byte	3                               @ DW_AT_decl_file
	.byte	64                              @ DW_AT_decl_line
	.byte	10                              @ Abbrev [10] 0x143:0x5 DW_TAG_pointer_type
	.long	328                             @ DW_AT_type
	.byte	15                              @ Abbrev [15] 0x148:0x6 DW_TAG_subroutine_type
	.long	334                             @ DW_AT_type
	.byte	1                               @ DW_AT_prototyped
	.byte	5                               @ Abbrev [5] 0x14e:0x7 DW_TAG_base_type
	.long	.Linfo_string19                 @ DW_AT_name
	.byte	5                               @ DW_AT_encoding
	.byte	4                               @ DW_AT_byte_size
	.byte	10                              @ Abbrev [10] 0x155:0x5 DW_TAG_pointer_type
	.long	346                             @ DW_AT_type
	.byte	16                              @ Abbrev [16] 0x15a:0x16 DW_TAG_subroutine_type
	.long	334                             @ DW_AT_type
	.byte	1                               @ DW_AT_prototyped
	.byte	17                              @ Abbrev [17] 0x160:0x5 DW_TAG_formal_parameter
	.long	368                             @ DW_AT_type
	.byte	17                              @ Abbrev [17] 0x165:0x5 DW_TAG_formal_parameter
	.long	375                             @ DW_AT_type
	.byte	17                              @ Abbrev [17] 0x16a:0x5 DW_TAG_formal_parameter
	.long	55                              @ DW_AT_type
	.byte	0                               @ End Of Children Mark
	.byte	5                               @ Abbrev [5] 0x170:0x7 DW_TAG_base_type
	.long	.Linfo_string21                 @ DW_AT_name
	.byte	5                               @ DW_AT_encoding
	.byte	4                               @ DW_AT_byte_size
	.byte	10                              @ Abbrev [10] 0x177:0x5 DW_TAG_pointer_type
	.long	96                              @ DW_AT_type
	.byte	10                              @ Abbrev [10] 0x17c:0x5 DW_TAG_pointer_type
	.long	385                             @ DW_AT_type
	.byte	16                              @ Abbrev [16] 0x181:0x16 DW_TAG_subroutine_type
	.long	334                             @ DW_AT_type
	.byte	1                               @ DW_AT_prototyped
	.byte	17                              @ Abbrev [17] 0x187:0x5 DW_TAG_formal_parameter
	.long	368                             @ DW_AT_type
	.byte	17                              @ Abbrev [17] 0x18c:0x5 DW_TAG_formal_parameter
	.long	407                             @ DW_AT_type
	.byte	17                              @ Abbrev [17] 0x191:0x5 DW_TAG_formal_parameter
	.long	55                              @ DW_AT_type
	.byte	0                               @ End Of Children Mark
	.byte	10                              @ Abbrev [10] 0x197:0x5 DW_TAG_pointer_type
	.long	412                             @ DW_AT_type
	.byte	3                               @ Abbrev [3] 0x19c:0x5 DW_TAG_const_type
	.long	96                              @ DW_AT_type
	.byte	10                              @ Abbrev [10] 0x1a1:0x5 DW_TAG_pointer_type
	.long	422                             @ DW_AT_type
	.byte	16                              @ Abbrev [16] 0x1a6:0x11 DW_TAG_subroutine_type
	.long	334                             @ DW_AT_type
	.byte	1                               @ DW_AT_prototyped
	.byte	17                              @ Abbrev [17] 0x1ac:0x5 DW_TAG_formal_parameter
	.long	368                             @ DW_AT_type
	.byte	17                              @ Abbrev [17] 0x1b1:0x5 DW_TAG_formal_parameter
	.long	55                              @ DW_AT_type
	.byte	0                               @ End Of Children Mark
	.byte	18                              @ Abbrev [18] 0x1b7:0x23 DW_TAG_subprogram
	.long	.Lfunc_begin0                   @ DW_AT_low_pc
	.long	.Lfunc_end0                     @ DW_AT_high_pc
	.byte	1                               @ DW_AT_frame_base
	.byte	93
	.long	.Linfo_string26                 @ DW_AT_name
	.byte	2                               @ DW_AT_decl_file
	.byte	42                              @ DW_AT_decl_line
	.byte	1                               @ DW_AT_prototyped
	.long	334                             @ DW_AT_type
	.byte	1                               @ DW_AT_external
	.byte	19                              @ Abbrev [19] 0x1ce:0xb DW_TAG_variable
	.long	.Linfo_string28                 @ DW_AT_name
	.byte	2                               @ DW_AT_decl_file
	.byte	44                              @ DW_AT_decl_line
	.long	55                              @ DW_AT_type
	.byte	0                               @ End Of Children Mark
	.byte	18                              @ Abbrev [18] 0x1da:0x32 DW_TAG_subprogram
	.long	.Lfunc_begin1                   @ DW_AT_low_pc
	.long	.Lfunc_end1                     @ DW_AT_high_pc
	.byte	1                               @ DW_AT_frame_base
	.byte	93
	.long	.Linfo_string27                 @ DW_AT_name
	.byte	2                               @ DW_AT_decl_file
	.byte	78                              @ DW_AT_decl_line
	.byte	1                               @ DW_AT_prototyped
	.long	142                             @ DW_AT_type
	.byte	1                               @ DW_AT_external
	.byte	20                              @ Abbrev [20] 0x1f1:0xf DW_TAG_formal_parameter
	.long	.Ldebug_loc0                    @ DW_AT_location
	.long	.Linfo_string10                 @ DW_AT_name
	.byte	2                               @ DW_AT_decl_file
	.byte	78                              @ DW_AT_decl_line
	.long	524                             @ DW_AT_type
	.byte	19                              @ Abbrev [19] 0x200:0xb DW_TAG_variable
	.long	.Linfo_string28                 @ DW_AT_name
	.byte	2                               @ DW_AT_decl_file
	.byte	83                              @ DW_AT_decl_line
	.long	55                              @ DW_AT_type
	.byte	0                               @ End Of Children Mark
	.byte	10                              @ Abbrev [10] 0x20c:0x5 DW_TAG_pointer_type
	.long	529                             @ DW_AT_type
	.byte	3                               @ Abbrev [3] 0x211:0x5 DW_TAG_const_type
	.long	298                             @ DW_AT_type
	.byte	0                               @ End Of Children Mark
.Ldebug_info_end0:
	.section	.debug_ranges,"",%progbits
.Ldebug_ranges0:
	.long	.Lfunc_begin0
	.long	.Lfunc_end0
	.long	.Lfunc_begin1
	.long	.Lfunc_end1
	.long	0
	.long	0
	.section	.debug_str,"MS",%progbits,1
.Linfo_string0:
	.asciz	"Component: ARM Compiler 6.16 Tool: armclang [5dfeb700]" @ string offset=0
.Linfo_string1:
	.asciz	"packages/fal-v0.5.0/src\\fal_flash.c" @ string offset=55
.Linfo_string2:
	.asciz	"E:\\Smart-access-control\\Hardware\\CODE" @ string offset=91
.Linfo_string3:
	.asciz	"device_table_len"              @ string offset=129
.Linfo_string4:
	.asciz	"unsigned int"                  @ string offset=146
.Linfo_string5:
	.asciz	"size_t"                        @ string offset=159
.Linfo_string6:
	.asciz	"init_ok"                       @ string offset=166
.Linfo_string7:
	.asciz	"unsigned char"                 @ string offset=174
.Linfo_string8:
	.asciz	"uint8_t"                       @ string offset=188
.Linfo_string9:
	.asciz	"device_table"                  @ string offset=196
.Linfo_string10:
	.asciz	"name"                          @ string offset=209
.Linfo_string11:
	.asciz	"char"                          @ string offset=214
.Linfo_string12:
	.asciz	"__ARRAY_SIZE_TYPE__"           @ string offset=219
.Linfo_string13:
	.asciz	"addr"                          @ string offset=239
.Linfo_string14:
	.asciz	"uint32_t"                      @ string offset=244
.Linfo_string15:
	.asciz	"len"                           @ string offset=253
.Linfo_string16:
	.asciz	"blk_size"                      @ string offset=257
.Linfo_string17:
	.asciz	"ops"                           @ string offset=266
.Linfo_string18:
	.asciz	"init"                          @ string offset=270
.Linfo_string19:
	.asciz	"int"                           @ string offset=275
.Linfo_string20:
	.asciz	"read"                          @ string offset=279
.Linfo_string21:
	.asciz	"long int"                      @ string offset=284
.Linfo_string22:
	.asciz	"write"                         @ string offset=293
.Linfo_string23:
	.asciz	"erase"                         @ string offset=299
.Linfo_string24:
	.asciz	"write_gran"                    @ string offset=305
.Linfo_string25:
	.asciz	"fal_flash_dev"                 @ string offset=316
.Linfo_string26:
	.asciz	"fal_flash_init"                @ string offset=330
.Linfo_string27:
	.asciz	"fal_flash_device_find"         @ string offset=345
.Linfo_string28:
	.asciz	"i"                             @ string offset=367
	.ident	"Component: ARM Compiler 6.16 Tool: armclang [5dfeb700]"
	.section	".note.GNU-stack","",%progbits
	.eabi_attribute	30, 1	@ Tag_ABI_optimization_goals
	.ARM_attribute	16, 1	@ Tag_AV_eba
	.section	.debug_line,"",%progbits
.Lline_table_start0:
