	.text
	.syntax unified
	.eabi_attribute	67, "2.09"	@ Tag_conformance
	.cpu	cortex-m7
	.eabi_attribute	6, 13	@ Tag_CPU_arch
	.eabi_attribute	7, 77	@ Tag_CPU_arch_profile
	.eabi_attribute	8, 0	@ Tag_ARM_ISA_use
	.eabi_attribute	9, 2	@ Tag_THUMB_ISA_use
	.fpu	fpv5-d16
	.eabi_attribute	36, 1	@ Tag_FP_HP_extension
	.eabi_attribute	34, 1	@ Tag_CPU_unaligned_access
	.eabi_attribute	17, 1	@ Tag_ABI_PCS_GOT_use
	.eabi_attribute	20, 2	@ Tag_ABI_FP_denormal
	.eabi_attribute	21, 0	@ Tag_ABI_FP_exceptions
	.eabi_attribute	23, 1	@ Tag_ABI_FP_number_model
	.eabi_attribute	24, 1	@ Tag_ABI_align_needed
	.eabi_attribute	25, 1	@ Tag_ABI_align_preserved
	.eabi_attribute	28, 1	@ Tag_ABI_VFP_args
	.eabi_attribute	38, 1	@ Tag_ABI_FP_16bit_format
	.eabi_attribute	18, 2	@ Tag_ABI_PCS_wchar_t
	.eabi_attribute	26, 1	@ Tag_ABI_enum_size
	.eabi_attribute	14, 0	@ Tag_ABI_PCS_R9_use
	.file	"filesystem.c"
	.file	1 "E:\\Smart-access-control\\Hardware\\CODE" "rt-thread/include\\rtdef.h"
	.file	2 "E:\\Smart-access-control\\Hardware\\CODE" "./rt-thread/components/dfs/filesystems/romfs\\dfs_romfs.h"
	.file	3 "E:\\Smart-access-control\\Hardware\\CODE" "board/port/filesystem.c"
	.section	.text.mount_init,"ax",%progbits
	.hidden	mount_init                      @ -- Begin function mount_init
	.globl	mount_init
	.p2align	3
	.type	mount_init,%function
	.code	16                              @ @mount_init
	.thumb_func
mount_init:
.Lfunc_begin0:
	.loc	3 104 0                         @ board/port/filesystem.c:104:0
	.fnstart
	.cfi_sections .debug_frame
	.cfi_startproc
@ %bb.0:
	.save	{r7, lr}
	push	{r7, lr}
	.cfi_def_cfa_offset 8
	.cfi_offset lr, -4
	.cfi_offset r7, -8
	.pad	#24
	sub	sp, #24
	.cfi_def_cfa_offset 32
.Ltmp0:
	.loc	3 105 9 prologue_end            @ board/port/filesystem.c:105:9
	movw	r0, :lower16:romfs_root
	movt	r0, :upper16:romfs_root
	mov	r1, sp
	str	r0, [r1]
	movw	r1, :lower16:.L.str
	movt	r1, :upper16:.L.str
	movw	r2, :lower16:.L.str.1
	movt	r2, :upper16:.L.str.1
	movs	r3, #0
	mov	r0, r3
	bl	dfs_mount
.Ltmp1:
	.loc	3 105 9 is_stmt 0               @ board/port/filesystem.c:105:9
	cbz	r0, .LBB0_4
	b	.LBB0_1
.LBB0_1:
.Ltmp2:
	.loc	3 107 9 is_stmt 1               @ board/port/filesystem.c:107:9
	b	.LBB0_2
.LBB0_2:
.Ltmp3:
	.loc	3 107 9 is_stmt 0               @ board/port/filesystem.c:107:9
	movw	r0, :lower16:.L.str.2
	movt	r0, :upper16:.L.str.2
	bl	rt_kprintf
	movw	r0, :lower16:.L.str.3
	movt	r0, :upper16:.L.str.3
	bl	rt_kprintf
	movw	r0, :lower16:.L.str.4
	movt	r0, :upper16:.L.str.4
	bl	rt_kprintf
	b	.LBB0_3
.Ltmp4:
.LBB0_3:
	.loc	3 108 5 is_stmt 1               @ board/port/filesystem.c:108:5
	b	.LBB0_4
.Ltmp5:
.LBB0_4:
	.loc	3 0 5 is_stmt 0                 @ board/port/filesystem.c:0:5
	movs	r0, #0
	.loc	3 110 23 is_stmt 1              @ board/port/filesystem.c:110:23
	str	r0, [sp, #20]
	.loc	3 116 17                        @ board/port/filesystem.c:116:17
	movw	r0, :lower16:.L.str.5
	movt	r0, :upper16:.L.str.5
	bl	fal_mtd_nor_device_create
	.loc	3 116 15 is_stmt 0              @ board/port/filesystem.c:116:15
	str	r0, [sp, #20]
.Ltmp6:
	.loc	3 118 9 is_stmt 1               @ board/port/filesystem.c:118:9
	ldr	r0, [sp, #20]
.Ltmp7:
	.loc	3 118 9 is_stmt 0               @ board/port/filesystem.c:118:9
	cmp	r0, #0
	beq	.LBB0_17
	b	.LBB0_5
.LBB0_5:
.Ltmp8:
	.loc	3 121 23 is_stmt 1              @ board/port/filesystem.c:121:23
	ldr	r0, [sp, #20]
	.loc	3 121 13 is_stmt 0              @ board/port/filesystem.c:121:13
	mov	r1, sp
	movs	r3, #0
	str	r3, [r1]
	movw	r1, :lower16:.L.str.6
	movt	r1, :upper16:.L.str.6
	movw	r2, :lower16:.L.str.7
	movt	r2, :upper16:.L.str.7
	bl	dfs_mount
.Ltmp9:
	.loc	3 121 13                        @ board/port/filesystem.c:121:13
	cmp	r0, #0
	beq	.LBB0_13
	b	.LBB0_6
.LBB0_6:
.Ltmp10:
	.loc	3 123 13 is_stmt 1              @ board/port/filesystem.c:123:13
	b	.LBB0_7
.LBB0_7:
.Ltmp11:
	.loc	3 123 13 is_stmt 0              @ board/port/filesystem.c:123:13
	movw	r0, :lower16:.L.str.8
	movt	r0, :upper16:.L.str.8
	bl	rt_kprintf
	ldr	r1, [sp, #20]
	movw	r0, :lower16:.L.str.9
	movt	r0, :upper16:.L.str.9
	bl	rt_kprintf
	movw	r0, :lower16:.L.str.4
	movt	r0, :upper16:.L.str.4
	bl	rt_kprintf
	b	.LBB0_8
.Ltmp12:
.LBB0_8:
	.loc	3 124 29 is_stmt 1              @ board/port/filesystem.c:124:29
	ldr	r1, [sp, #20]
	.loc	3 124 13 is_stmt 0              @ board/port/filesystem.c:124:13
	movw	r0, :lower16:.L.str.7
	movt	r0, :upper16:.L.str.7
	str	r0, [sp, #12]                   @ 4-byte Spill
	bl	dfs_mkfs
	ldr	r2, [sp, #12]                   @ 4-byte Reload
.Ltmp13:
	.loc	3 125 27 is_stmt 1              @ board/port/filesystem.c:125:27
	ldr	r0, [sp, #20]
	.loc	3 125 17 is_stmt 0              @ board/port/filesystem.c:125:17
	mov	r1, sp
	movs	r3, #0
	str	r3, [r1]
	movw	r1, :lower16:.L.str.6
	movt	r1, :upper16:.L.str.6
	bl	dfs_mount
.Ltmp14:
	.loc	3 125 17                        @ board/port/filesystem.c:125:17
	cbnz	r0, .LBB0_12
	b	.LBB0_9
.LBB0_9:
.Ltmp15:
	.loc	3 127 17 is_stmt 1              @ board/port/filesystem.c:127:17
	b	.LBB0_10
.LBB0_10:
.Ltmp16:
	.loc	3 127 17 is_stmt 0              @ board/port/filesystem.c:127:17
	movw	r0, :lower16:.L.str.10
	movt	r0, :upper16:.L.str.10
	bl	rt_kprintf
	movw	r0, :lower16:.L.str.11
	movt	r0, :upper16:.L.str.11
	bl	rt_kprintf
	movw	r0, :lower16:.L.str.4
	movt	r0, :upper16:.L.str.4
	bl	rt_kprintf
	b	.LBB0_11
.Ltmp17:
.LBB0_11:
	.loc	3 128 13 is_stmt 1              @ board/port/filesystem.c:128:13
	b	.LBB0_12
.Ltmp18:
.LBB0_12:
	.loc	3 129 9                         @ board/port/filesystem.c:129:9
	b	.LBB0_16
.Ltmp19:
.LBB0_13:
	.loc	3 132 13                        @ board/port/filesystem.c:132:13
	b	.LBB0_14
.LBB0_14:
.Ltmp20:
	.loc	3 132 13 is_stmt 0              @ board/port/filesystem.c:132:13
	movw	r0, :lower16:.L.str.10
	movt	r0, :upper16:.L.str.10
	bl	rt_kprintf
	movw	r0, :lower16:.L.str.11
	movt	r0, :upper16:.L.str.11
	bl	rt_kprintf
	movw	r0, :lower16:.L.str.4
	movt	r0, :upper16:.L.str.4
	bl	rt_kprintf
	b	.LBB0_15
.Ltmp21:
.LBB0_15:
	.loc	3 0 13                          @ board/port/filesystem.c:0:13
	b	.LBB0_16
.LBB0_16:
	.loc	3 134 5 is_stmt 1               @ board/port/filesystem.c:134:5
	b	.LBB0_20
.Ltmp22:
.LBB0_17:
	.loc	3 137 9                         @ board/port/filesystem.c:137:9
	b	.LBB0_18
.LBB0_18:
.Ltmp23:
	.loc	3 137 9 is_stmt 0               @ board/port/filesystem.c:137:9
	movw	r0, :lower16:.L.str.2
	movt	r0, :upper16:.L.str.2
	bl	rt_kprintf
	movw	r0, :lower16:.L.str.12
	movt	r0, :upper16:.L.str.12
	bl	rt_kprintf
	movw	r0, :lower16:.L.str.4
	movt	r0, :upper16:.L.str.4
	bl	rt_kprintf
	b	.LBB0_19
.Ltmp24:
.LBB0_19:
	.loc	3 0 9                           @ board/port/filesystem.c:0:9
	b	.LBB0_20
.LBB0_20:
	movs	r0, #53
	movs	r1, #2
	.loc	3 145 5 is_stmt 1               @ board/port/filesystem.c:145:5
	bl	rt_pin_mode
	.loc	3 147 11                        @ board/port/filesystem.c:147:11
	mov	r1, sp
	movs	r0, #20
	str	r0, [r1, #4]
	movs	r0, #30
	str	r0, [r1]
	movw	r0, :lower16:.L.str.13
	movt	r0, :upper16:.L.str.13
	movw	r1, :lower16:sd_mount
	movt	r1, :upper16:sd_mount
	movs	r2, #0
	mov.w	r3, #2048
	bl	rt_thread_create
	.loc	3 147 9 is_stmt 0               @ board/port/filesystem.c:147:9
	str	r0, [sp, #16]
.Ltmp25:
	.loc	3 149 9 is_stmt 1               @ board/port/filesystem.c:149:9
	ldr	r0, [sp, #16]
.Ltmp26:
	.loc	3 149 9 is_stmt 0               @ board/port/filesystem.c:149:9
	cbz	r0, .LBB0_22
	b	.LBB0_21
.LBB0_21:
.Ltmp27:
	.loc	3 151 27 is_stmt 1              @ board/port/filesystem.c:151:27
	ldr	r0, [sp, #16]
	.loc	3 151 9 is_stmt 0               @ board/port/filesystem.c:151:9
	bl	rt_thread_startup
	.loc	3 152 5 is_stmt 1               @ board/port/filesystem.c:152:5
	b	.LBB0_25
.Ltmp28:
.LBB0_22:
	.loc	3 155 9                         @ board/port/filesystem.c:155:9
	b	.LBB0_23
.LBB0_23:
.Ltmp29:
	.loc	3 155 9 is_stmt 0               @ board/port/filesystem.c:155:9
	movw	r0, :lower16:.L.str.2
	movt	r0, :upper16:.L.str.2
	bl	rt_kprintf
	movw	r0, :lower16:.L.str.14
	movt	r0, :upper16:.L.str.14
	bl	rt_kprintf
	movw	r0, :lower16:.L.str.4
	movt	r0, :upper16:.L.str.4
	bl	rt_kprintf
	b	.LBB0_24
.Ltmp30:
.LBB0_24:
	.loc	3 0 9                           @ board/port/filesystem.c:0:9
	b	.LBB0_25
.LBB0_25:
	movs	r0, #0
	.loc	3 158 5 is_stmt 1               @ board/port/filesystem.c:158:5
	add	sp, #24
	pop	{r7, pc}
.Ltmp31:
.Lfunc_end0:
	.size	mount_init, .Lfunc_end0-mount_init
	.cfi_endproc
	.cantunwind
	.fnend
                                        @ -- End function
	.section	.text.sd_mount,"ax",%progbits
	.p2align	3                               @ -- Begin function sd_mount
	.type	sd_mount,%function
	.code	16                              @ @sd_mount
	.thumb_func
sd_mount:
.Lfunc_begin1:
	.loc	3 79 0                          @ board/port/filesystem.c:79:0
	.fnstart
	.cfi_startproc
@ %bb.0:
	.save	{r7, lr}
	push	{r7, lr}
	.cfi_def_cfa_offset 8
	.cfi_offset lr, -4
	.cfi_offset r7, -8
	.pad	#8
	sub	sp, #8
	.cfi_def_cfa_offset 16
	str	r0, [sp, #4]
	movs	r0, #1
.Ltmp32:
	.loc	3 80 16 prologue_end            @ board/port/filesystem.c:80:16
	strb.w	r0, [sp, #3]
	movs	r0, #200
	.loc	3 81 5                          @ board/port/filesystem.c:81:5
	bl	rt_thread_mdelay
	movs	r0, #53
.Ltmp33:
	.loc	3 82 9                          @ board/port/filesystem.c:82:9
	bl	rt_pin_read
.Ltmp34:
	.loc	3 82 9 is_stmt 0                @ board/port/filesystem.c:82:9
	cbz	r0, .LBB1_2
	b	.LBB1_1
.LBB1_1:
.Ltmp35:
	.loc	3 84 9 is_stmt 1                @ board/port/filesystem.c:84:9
	bl	_sdcard_mount
	.loc	3 85 5                          @ board/port/filesystem.c:85:5
	b	.LBB1_2
.Ltmp36:
.LBB1_2:
	.loc	3 86 5                          @ board/port/filesystem.c:86:5
	b	.LBB1_3
.LBB1_3:                                @ =>This Inner Loop Header: Depth=1
	.loc	3 0 5 is_stmt 0                 @ board/port/filesystem.c:0:5
	movs	r0, #200
.Ltmp37:
	.loc	3 88 9 is_stmt 1                @ board/port/filesystem.c:88:9
	bl	rt_thread_mdelay
.Ltmp38:
	.loc	3 89 14                         @ board/port/filesystem.c:89:14
	ldrb.w	r0, [sp, #3]
	.loc	3 89 30 is_stmt 0               @ board/port/filesystem.c:89:30
	cbnz	r0, .LBB1_6
	b	.LBB1_4
.LBB1_4:                                @   in Loop: Header=BB1_3 Depth=1
	.loc	3 0 30                          @ board/port/filesystem.c:0:30
	movs	r0, #53
	.loc	3 89 52                         @ board/port/filesystem.c:89:52
	bl	rt_pin_read
	.loc	3 89 50                         @ board/port/filesystem.c:89:50
	strb.w	r0, [sp, #3]
.Ltmp39:
	.loc	3 89 13                         @ board/port/filesystem.c:89:13
	lsls	r0, r0, #24
	cbz	r0, .LBB1_6
	b	.LBB1_5
.LBB1_5:                                @   in Loop: Header=BB1_3 Depth=1
.Ltmp40:
	.loc	3 91 13 is_stmt 1               @ board/port/filesystem.c:91:13
	bl	_sdcard_mount
	.loc	3 92 9                          @ board/port/filesystem.c:92:9
	b	.LBB1_6
.Ltmp41:
.LBB1_6:                                @   in Loop: Header=BB1_3 Depth=1
	.loc	3 94 13                         @ board/port/filesystem.c:94:13
	ldrb.w	r0, [sp, #3]
	.loc	3 94 29 is_stmt 0               @ board/port/filesystem.c:94:29
	cbz	r0, .LBB1_9
	b	.LBB1_7
.LBB1_7:                                @   in Loop: Header=BB1_3 Depth=1
	.loc	3 0 29                          @ board/port/filesystem.c:0:29
	movs	r0, #53
	.loc	3 94 51                         @ board/port/filesystem.c:94:51
	bl	rt_pin_read
	.loc	3 94 49                         @ board/port/filesystem.c:94:49
	strb.w	r0, [sp, #3]
.Ltmp42:
	.loc	3 94 13                         @ board/port/filesystem.c:94:13
	lsls	r0, r0, #24
	cbnz	r0, .LBB1_9
	b	.LBB1_8
.LBB1_8:                                @   in Loop: Header=BB1_3 Depth=1
.Ltmp43:
	.loc	3 96 13 is_stmt 1               @ board/port/filesystem.c:96:13
	bl	_sdcard_unmount
	.loc	3 97 9                          @ board/port/filesystem.c:97:9
	b	.LBB1_9
.Ltmp44:
.LBB1_9:                                @   in Loop: Header=BB1_3 Depth=1
	.loc	3 86 5                          @ board/port/filesystem.c:86:5
	b	.LBB1_3
.Ltmp45:
.Lfunc_end1:
	.size	sd_mount, .Lfunc_end1-sd_mount
	.cfi_endproc
	.cantunwind
	.fnend
                                        @ -- End function
	.section	.text._sdcard_mount,"ax",%progbits
	.p2align	3                               @ -- Begin function _sdcard_mount
	.type	_sdcard_mount,%function
	.code	16                              @ @_sdcard_mount
	.thumb_func
_sdcard_mount:
.Lfunc_begin2:
	.loc	3 43 0                          @ board/port/filesystem.c:43:0
	.fnstart
	.cfi_startproc
@ %bb.0:
	.save	{r7, lr}
	push	{r7, lr}
	.cfi_def_cfa_offset 8
	.cfi_offset lr, -4
	.cfi_offset r7, -8
	.pad	#8
	sub	sp, #8
	.cfi_def_cfa_offset 16
.Ltmp46:
	.loc	3 46 14 prologue_end            @ board/port/filesystem.c:46:14
	movw	r0, :lower16:.L.str.17
	movt	r0, :upper16:.L.str.17
	bl	rt_device_find
	.loc	3 46 12 is_stmt 0               @ board/port/filesystem.c:46:12
	str	r0, [sp, #4]
.Ltmp47:
	.loc	3 47 9 is_stmt 1                @ board/port/filesystem.c:47:9
	ldr	r0, [sp, #4]
.Ltmp48:
	.loc	3 47 9 is_stmt 0                @ board/port/filesystem.c:47:9
	cbnz	r0, .LBB2_2
	b	.LBB2_1
.LBB2_1:
	.loc	3 0 9                           @ board/port/filesystem.c:0:9
	movs	r0, #0
.Ltmp49:
	.loc	3 49 9 is_stmt 1                @ board/port/filesystem.c:49:9
	bl	mmcsd_wait_cd_changed
	.loc	3 50 9                          @ board/port/filesystem.c:50:9
	bl	sdcard_change
	mov.w	r0, #-1
	.loc	3 51 9                          @ board/port/filesystem.c:51:9
	bl	mmcsd_wait_cd_changed
	.loc	3 52 18                         @ board/port/filesystem.c:52:18
	movw	r0, :lower16:.L.str.17
	movt	r0, :upper16:.L.str.17
	bl	rt_device_find
	.loc	3 52 16 is_stmt 0               @ board/port/filesystem.c:52:16
	str	r0, [sp, #4]
	.loc	3 53 5 is_stmt 1                @ board/port/filesystem.c:53:5
	b	.LBB2_2
.Ltmp50:
.LBB2_2:
	.loc	3 54 9                          @ board/port/filesystem.c:54:9
	ldr	r0, [sp, #4]
.Ltmp51:
	.loc	3 54 9 is_stmt 0                @ board/port/filesystem.c:54:9
	cmp	r0, #0
	beq	.LBB2_11
	b	.LBB2_3
.LBB2_3:
.Ltmp52:
	.loc	3 56 13 is_stmt 1               @ board/port/filesystem.c:56:13
	mov	r0, sp
	movs	r3, #0
	str	r3, [r0]
	movw	r0, :lower16:.L.str.17
	movt	r0, :upper16:.L.str.17
	movw	r1, :lower16:.L.str.18
	movt	r1, :upper16:.L.str.18
	movw	r2, :lower16:.L.str.19
	movt	r2, :upper16:.L.str.19
	bl	dfs_mount
.Ltmp53:
	.loc	3 56 13 is_stmt 0               @ board/port/filesystem.c:56:13
	cbnz	r0, .LBB2_7
	b	.LBB2_4
.LBB2_4:
.Ltmp54:
	.loc	3 58 13 is_stmt 1               @ board/port/filesystem.c:58:13
	b	.LBB2_5
.LBB2_5:
.Ltmp55:
	.loc	3 58 13 is_stmt 0               @ board/port/filesystem.c:58:13
	movw	r0, :lower16:.L.str.10
	movt	r0, :upper16:.L.str.10
	bl	rt_kprintf
	movw	r0, :lower16:.L.str.20
	movt	r0, :upper16:.L.str.20
	bl	rt_kprintf
	movw	r0, :lower16:.L.str.4
	movt	r0, :upper16:.L.str.4
	bl	rt_kprintf
	b	.LBB2_6
.Ltmp56:
.LBB2_6:
	.loc	3 59 9 is_stmt 1                @ board/port/filesystem.c:59:9
	b	.LBB2_10
.Ltmp57:
.LBB2_7:
	.loc	3 62 13                         @ board/port/filesystem.c:62:13
	b	.LBB2_8
.LBB2_8:
.Ltmp58:
	.loc	3 62 13 is_stmt 0               @ board/port/filesystem.c:62:13
	movw	r0, :lower16:.L.str.8
	movt	r0, :upper16:.L.str.8
	bl	rt_kprintf
	movw	r0, :lower16:.L.str.21
	movt	r0, :upper16:.L.str.21
	bl	rt_kprintf
	movw	r0, :lower16:.L.str.4
	movt	r0, :upper16:.L.str.4
	bl	rt_kprintf
	b	.LBB2_9
.Ltmp59:
.LBB2_9:
	.loc	3 0 13                          @ board/port/filesystem.c:0:13
	b	.LBB2_10
.LBB2_10:
	.loc	3 64 5 is_stmt 1                @ board/port/filesystem.c:64:5
	b	.LBB2_11
.Ltmp60:
.LBB2_11:
	.loc	3 65 1                          @ board/port/filesystem.c:65:1
	add	sp, #8
	pop	{r7, pc}
.Ltmp61:
.Lfunc_end2:
	.size	_sdcard_mount, .Lfunc_end2-_sdcard_mount
	.cfi_endproc
	.cantunwind
	.fnend
                                        @ -- End function
	.section	.text._sdcard_unmount,"ax",%progbits
	.p2align	3                               @ -- Begin function _sdcard_unmount
	.type	_sdcard_unmount,%function
	.code	16                              @ @_sdcard_unmount
	.thumb_func
_sdcard_unmount:
.Lfunc_begin3:
	.loc	3 68 0                          @ board/port/filesystem.c:68:0
	.fnstart
	.cfi_startproc
@ %bb.0:
	.save	{r7, lr}
	push	{r7, lr}
	.cfi_def_cfa_offset 8
	.cfi_offset lr, -4
	.cfi_offset r7, -8
	movs	r0, #200
.Ltmp62:
	.loc	3 69 5 prologue_end             @ board/port/filesystem.c:69:5
	bl	rt_thread_mdelay
	.loc	3 70 5                          @ board/port/filesystem.c:70:5
	movw	r0, :lower16:.L.str.18
	movt	r0, :upper16:.L.str.18
	bl	dfs_unmount
	.loc	3 71 5                          @ board/port/filesystem.c:71:5
	b	.LBB3_1
.LBB3_1:
.Ltmp63:
	.loc	3 71 5 is_stmt 0                @ board/port/filesystem.c:71:5
	movw	r0, :lower16:.L.str.10
	movt	r0, :upper16:.L.str.10
	bl	rt_kprintf
	movw	r0, :lower16:.L.str.22
	movt	r0, :upper16:.L.str.22
	bl	rt_kprintf
	movw	r0, :lower16:.L.str.4
	movt	r0, :upper16:.L.str.4
	bl	rt_kprintf
	b	.LBB3_2
.Ltmp64:
.LBB3_2:
	.loc	3 0 5                           @ board/port/filesystem.c:0:5
	movs	r0, #0
	.loc	3 73 5 is_stmt 1                @ board/port/filesystem.c:73:5
	bl	mmcsd_wait_cd_changed
	.loc	3 74 5                          @ board/port/filesystem.c:74:5
	bl	sdcard_change
	mov.w	r0, #-1
	.loc	3 75 5                          @ board/port/filesystem.c:75:5
	bl	mmcsd_wait_cd_changed
	.loc	3 76 1                          @ board/port/filesystem.c:76:1
	pop	{r7, pc}
.Ltmp65:
.Lfunc_end3:
	.size	_sdcard_unmount, .Lfunc_end3-_sdcard_unmount
	.cfi_endproc
	.cantunwind
	.fnend
                                        @ -- End function
	.type	.L.str,%object                  @ @.str
	.section	.rodata.str1.1,"aMS",%progbits,1
.L.str:
	.asciz	"/"
	.size	.L.str, 2

	.type	_romfs_root,%object             @ @_romfs_root
	.section	.rodata._romfs_root,"a",%progbits
	.p2align	2
_romfs_root:
	.long	1                               @ 0x1
	.long	.L.str.15
	.long	0
	.long	0                               @ 0x0
	.long	1                               @ 0x1
	.long	.L.str.16
	.long	0
	.long	0                               @ 0x0
	.size	_romfs_root, 32

	.hidden	romfs_root                      @ @romfs_root
	.type	romfs_root,%object
	.section	.rodata.romfs_root,"a",%progbits
	.globl	romfs_root
	.p2align	2
romfs_root:
	.long	1                               @ 0x1
	.long	.L.str
	.long	_romfs_root
	.long	2                               @ 0x2
	.size	romfs_root, 16

	.type	.L.str.1,%object                @ @.str.1
	.section	.rodata.str1.1,"aMS",%progbits,1
.L.str.1:
	.asciz	"rom"
	.size	.L.str.1, 4

	.type	.L.str.2,%object                @ @.str.2
.L.str.2:
	.asciz	"[E/app.filesystem] "
	.size	.L.str.2, 20

	.type	.L.str.3,%object                @ @.str.3
.L.str.3:
	.asciz	"rom mount to '/' failed!"
	.size	.L.str.3, 25

	.type	.L.str.4,%object                @ @.str.4
.L.str.4:
	.asciz	"\n"
	.size	.L.str.4, 2

	.type	.L.str.5,%object                @ @.str.5
.L.str.5:
	.asciz	"filesystem"
	.size	.L.str.5, 11

	.type	.L.str.6,%object                @ @.str.6
.L.str.6:
	.asciz	"/flash"
	.size	.L.str.6, 7

	.type	.L.str.7,%object                @ @.str.7
.L.str.7:
	.asciz	"lfs"
	.size	.L.str.7, 4

	.type	.L.str.8,%object                @ @.str.8
.L.str.8:
	.asciz	"[W/app.filesystem] "
	.size	.L.str.8, 20

	.type	.L.str.9,%object                @ @.str.9
.L.str.9:
	.asciz	"mount to '/flash' failed! try to mkfs %s"
	.size	.L.str.9, 41

	.type	.L.str.10,%object               @ @.str.10
.L.str.10:
	.asciz	"[I/app.filesystem] "
	.size	.L.str.10, 20

	.type	.L.str.11,%object               @ @.str.11
.L.str.11:
	.asciz	"mount to '/flash' success!"
	.size	.L.str.11, 27

	.type	.L.str.12,%object               @ @.str.12
.L.str.12:
	.asciz	"Can't create  block device  filesystem or bt_image partition."
	.size	.L.str.12, 62

	.type	.L.str.13,%object               @ @.str.13
.L.str.13:
	.asciz	"sd_mount"
	.size	.L.str.13, 9

	.type	.L.str.14,%object               @ @.str.14
.L.str.14:
	.asciz	"create sd_mount thread err!"
	.size	.L.str.14, 28

	.hidden	__rt_init_mount_init            @ @__rt_init_mount_init
	.type	__rt_init_mount_init,%object
	.section	.rti_fn.6,"a",%progbits
	.globl	__rt_init_mount_init
	.p2align	2
__rt_init_mount_init:
__tagsym$$used.0:
	.long	mount_init
	.size	__rt_init_mount_init, 4

	.type	.L.str.15,%object               @ @.str.15
	.section	.rodata.str1.1,"aMS",%progbits,1
.L.str.15:
	.asciz	"flash"
	.size	.L.str.15, 6

	.type	.L.str.16,%object               @ @.str.16
.L.str.16:
	.asciz	"sdcard"
	.size	.L.str.16, 7

	.type	.L.str.17,%object               @ @.str.17
.L.str.17:
	.asciz	"sd0"
	.size	.L.str.17, 4

	.type	.L.str.18,%object               @ @.str.18
.L.str.18:
	.asciz	"/sdcard"
	.size	.L.str.18, 8

	.type	.L.str.19,%object               @ @.str.19
.L.str.19:
	.asciz	"elm"
	.size	.L.str.19, 4

	.type	.L.str.20,%object               @ @.str.20
.L.str.20:
	.asciz	"sd card mount to '/sdcard'"
	.size	.L.str.20, 27

	.type	.L.str.21,%object               @ @.str.21
.L.str.21:
	.asciz	"sd card mount to '/sdcard' failed!"
	.size	.L.str.21, 35

	.type	.L.str.22,%object               @ @.str.22
.L.str.22:
	.asciz	"Unmount \"/sdcard\""
	.size	.L.str.22, 18

	.globl	__rt_init_mount_init
	.section	.debug_abbrev,"",%progbits
	.byte	1                               @ Abbreviation Code
	.byte	17                              @ DW_TAG_compile_unit
	.byte	1                               @ DW_CHILDREN_yes
	.byte	37                              @ DW_AT_producer
	.byte	14                              @ DW_FORM_strp
	.byte	19                              @ DW_AT_language
	.byte	5                               @ DW_FORM_data2
	.byte	3                               @ DW_AT_name
	.byte	14                              @ DW_FORM_strp
	.byte	16                              @ DW_AT_stmt_list
	.byte	6                               @ DW_FORM_data4
	.byte	27                              @ DW_AT_comp_dir
	.byte	14                              @ DW_FORM_strp
	.byte	17                              @ DW_AT_low_pc
	.byte	1                               @ DW_FORM_addr
	.byte	85                              @ DW_AT_ranges
	.byte	6                               @ DW_FORM_data4
	.byte	0                               @ EOM(1)
	.byte	0                               @ EOM(2)
	.byte	2                               @ Abbreviation Code
	.byte	52                              @ DW_TAG_variable
	.byte	0                               @ DW_CHILDREN_no
	.byte	3                               @ DW_AT_name
	.byte	14                              @ DW_FORM_strp
	.byte	73                              @ DW_AT_type
	.byte	19                              @ DW_FORM_ref4
	.byte	63                              @ DW_AT_external
	.byte	12                              @ DW_FORM_flag
	.byte	58                              @ DW_AT_decl_file
	.byte	11                              @ DW_FORM_data1
	.byte	59                              @ DW_AT_decl_line
	.byte	11                              @ DW_FORM_data1
	.byte	2                               @ DW_AT_location
	.byte	10                              @ DW_FORM_block1
	.byte	0                               @ EOM(1)
	.byte	0                               @ EOM(2)
	.byte	3                               @ Abbreviation Code
	.byte	38                              @ DW_TAG_const_type
	.byte	0                               @ DW_CHILDREN_no
	.byte	73                              @ DW_AT_type
	.byte	19                              @ DW_FORM_ref4
	.byte	0                               @ EOM(1)
	.byte	0                               @ EOM(2)
	.byte	4                               @ Abbreviation Code
	.byte	19                              @ DW_TAG_structure_type
	.byte	1                               @ DW_CHILDREN_yes
	.byte	3                               @ DW_AT_name
	.byte	14                              @ DW_FORM_strp
	.byte	11                              @ DW_AT_byte_size
	.byte	11                              @ DW_FORM_data1
	.byte	58                              @ DW_AT_decl_file
	.byte	11                              @ DW_FORM_data1
	.byte	59                              @ DW_AT_decl_line
	.byte	11                              @ DW_FORM_data1
	.byte	0                               @ EOM(1)
	.byte	0                               @ EOM(2)
	.byte	5                               @ Abbreviation Code
	.byte	13                              @ DW_TAG_member
	.byte	0                               @ DW_CHILDREN_no
	.byte	3                               @ DW_AT_name
	.byte	14                              @ DW_FORM_strp
	.byte	73                              @ DW_AT_type
	.byte	19                              @ DW_FORM_ref4
	.byte	58                              @ DW_AT_decl_file
	.byte	11                              @ DW_FORM_data1
	.byte	59                              @ DW_AT_decl_line
	.byte	11                              @ DW_FORM_data1
	.byte	56                              @ DW_AT_data_member_location
	.byte	11                              @ DW_FORM_data1
	.byte	0                               @ EOM(1)
	.byte	0                               @ EOM(2)
	.byte	6                               @ Abbreviation Code
	.byte	22                              @ DW_TAG_typedef
	.byte	0                               @ DW_CHILDREN_no
	.byte	73                              @ DW_AT_type
	.byte	19                              @ DW_FORM_ref4
	.byte	3                               @ DW_AT_name
	.byte	14                              @ DW_FORM_strp
	.byte	58                              @ DW_AT_decl_file
	.byte	11                              @ DW_FORM_data1
	.byte	59                              @ DW_AT_decl_line
	.byte	11                              @ DW_FORM_data1
	.byte	0                               @ EOM(1)
	.byte	0                               @ EOM(2)
	.byte	7                               @ Abbreviation Code
	.byte	36                              @ DW_TAG_base_type
	.byte	0                               @ DW_CHILDREN_no
	.byte	3                               @ DW_AT_name
	.byte	14                              @ DW_FORM_strp
	.byte	62                              @ DW_AT_encoding
	.byte	11                              @ DW_FORM_data1
	.byte	11                              @ DW_AT_byte_size
	.byte	11                              @ DW_FORM_data1
	.byte	0                               @ EOM(1)
	.byte	0                               @ EOM(2)
	.byte	8                               @ Abbreviation Code
	.byte	15                              @ DW_TAG_pointer_type
	.byte	0                               @ DW_CHILDREN_no
	.byte	73                              @ DW_AT_type
	.byte	19                              @ DW_FORM_ref4
	.byte	0                               @ EOM(1)
	.byte	0                               @ EOM(2)
	.byte	9                               @ Abbreviation Code
	.byte	21                              @ DW_TAG_subroutine_type
	.byte	0                               @ DW_CHILDREN_no
	.byte	73                              @ DW_AT_type
	.byte	19                              @ DW_FORM_ref4
	.byte	39                              @ DW_AT_prototyped
	.byte	12                              @ DW_FORM_flag
	.byte	0                               @ EOM(1)
	.byte	0                               @ EOM(2)
	.byte	10                              @ Abbreviation Code
	.byte	52                              @ DW_TAG_variable
	.byte	0                               @ DW_CHILDREN_no
	.byte	3                               @ DW_AT_name
	.byte	14                              @ DW_FORM_strp
	.byte	73                              @ DW_AT_type
	.byte	19                              @ DW_FORM_ref4
	.byte	58                              @ DW_AT_decl_file
	.byte	11                              @ DW_FORM_data1
	.byte	59                              @ DW_AT_decl_line
	.byte	11                              @ DW_FORM_data1
	.byte	2                               @ DW_AT_location
	.byte	10                              @ DW_FORM_block1
	.byte	0                               @ EOM(1)
	.byte	0                               @ EOM(2)
	.byte	11                              @ Abbreviation Code
	.byte	1                               @ DW_TAG_array_type
	.byte	1                               @ DW_CHILDREN_yes
	.byte	73                              @ DW_AT_type
	.byte	19                              @ DW_FORM_ref4
	.byte	0                               @ EOM(1)
	.byte	0                               @ EOM(2)
	.byte	12                              @ Abbreviation Code
	.byte	33                              @ DW_TAG_subrange_type
	.byte	0                               @ DW_CHILDREN_no
	.byte	73                              @ DW_AT_type
	.byte	19                              @ DW_FORM_ref4
	.byte	55                              @ DW_AT_count
	.byte	11                              @ DW_FORM_data1
	.byte	0                               @ EOM(1)
	.byte	0                               @ EOM(2)
	.byte	13                              @ Abbreviation Code
	.byte	36                              @ DW_TAG_base_type
	.byte	0                               @ DW_CHILDREN_no
	.byte	3                               @ DW_AT_name
	.byte	14                              @ DW_FORM_strp
	.byte	11                              @ DW_AT_byte_size
	.byte	11                              @ DW_FORM_data1
	.byte	62                              @ DW_AT_encoding
	.byte	11                              @ DW_FORM_data1
	.byte	0                               @ EOM(1)
	.byte	0                               @ EOM(2)
	.byte	14                              @ Abbreviation Code
	.byte	4                               @ DW_TAG_enumeration_type
	.byte	1                               @ DW_CHILDREN_yes
	.byte	73                              @ DW_AT_type
	.byte	19                              @ DW_FORM_ref4
	.byte	3                               @ DW_AT_name
	.byte	14                              @ DW_FORM_strp
	.byte	11                              @ DW_AT_byte_size
	.byte	11                              @ DW_FORM_data1
	.byte	58                              @ DW_AT_decl_file
	.byte	11                              @ DW_FORM_data1
	.byte	59                              @ DW_AT_decl_line
	.byte	5                               @ DW_FORM_data2
	.byte	0                               @ EOM(1)
	.byte	0                               @ EOM(2)
	.byte	15                              @ Abbreviation Code
	.byte	40                              @ DW_TAG_enumerator
	.byte	0                               @ DW_CHILDREN_no
	.byte	3                               @ DW_AT_name
	.byte	14                              @ DW_FORM_strp
	.byte	28                              @ DW_AT_const_value
	.byte	15                              @ DW_FORM_udata
	.byte	0                               @ EOM(1)
	.byte	0                               @ EOM(2)
	.byte	16                              @ Abbreviation Code
	.byte	46                              @ DW_TAG_subprogram
	.byte	1                               @ DW_CHILDREN_yes
	.byte	17                              @ DW_AT_low_pc
	.byte	1                               @ DW_FORM_addr
	.byte	18                              @ DW_AT_high_pc
	.byte	1                               @ DW_FORM_addr
	.byte	64                              @ DW_AT_frame_base
	.byte	10                              @ DW_FORM_block1
	.byte	3                               @ DW_AT_name
	.byte	14                              @ DW_FORM_strp
	.byte	58                              @ DW_AT_decl_file
	.byte	11                              @ DW_FORM_data1
	.byte	59                              @ DW_AT_decl_line
	.byte	11                              @ DW_FORM_data1
	.byte	39                              @ DW_AT_prototyped
	.byte	12                              @ DW_FORM_flag
	.byte	73                              @ DW_AT_type
	.byte	19                              @ DW_FORM_ref4
	.byte	63                              @ DW_AT_external
	.byte	12                              @ DW_FORM_flag
	.byte	0                               @ EOM(1)
	.byte	0                               @ EOM(2)
	.byte	17                              @ Abbreviation Code
	.byte	52                              @ DW_TAG_variable
	.byte	0                               @ DW_CHILDREN_no
	.byte	2                               @ DW_AT_location
	.byte	10                              @ DW_FORM_block1
	.byte	3                               @ DW_AT_name
	.byte	14                              @ DW_FORM_strp
	.byte	58                              @ DW_AT_decl_file
	.byte	11                              @ DW_FORM_data1
	.byte	59                              @ DW_AT_decl_line
	.byte	11                              @ DW_FORM_data1
	.byte	73                              @ DW_AT_type
	.byte	19                              @ DW_FORM_ref4
	.byte	0                               @ EOM(1)
	.byte	0                               @ EOM(2)
	.byte	18                              @ Abbreviation Code
	.byte	46                              @ DW_TAG_subprogram
	.byte	1                               @ DW_CHILDREN_yes
	.byte	17                              @ DW_AT_low_pc
	.byte	1                               @ DW_FORM_addr
	.byte	18                              @ DW_AT_high_pc
	.byte	1                               @ DW_FORM_addr
	.byte	64                              @ DW_AT_frame_base
	.byte	10                              @ DW_FORM_block1
	.byte	3                               @ DW_AT_name
	.byte	14                              @ DW_FORM_strp
	.byte	58                              @ DW_AT_decl_file
	.byte	11                              @ DW_FORM_data1
	.byte	59                              @ DW_AT_decl_line
	.byte	11                              @ DW_FORM_data1
	.byte	39                              @ DW_AT_prototyped
	.byte	12                              @ DW_FORM_flag
	.byte	0                               @ EOM(1)
	.byte	0                               @ EOM(2)
	.byte	19                              @ Abbreviation Code
	.byte	5                               @ DW_TAG_formal_parameter
	.byte	0                               @ DW_CHILDREN_no
	.byte	2                               @ DW_AT_location
	.byte	10                              @ DW_FORM_block1
	.byte	3                               @ DW_AT_name
	.byte	14                              @ DW_FORM_strp
	.byte	58                              @ DW_AT_decl_file
	.byte	11                              @ DW_FORM_data1
	.byte	59                              @ DW_AT_decl_line
	.byte	11                              @ DW_FORM_data1
	.byte	73                              @ DW_AT_type
	.byte	19                              @ DW_FORM_ref4
	.byte	0                               @ EOM(1)
	.byte	0                               @ EOM(2)
	.byte	20                              @ Abbreviation Code
	.byte	46                              @ DW_TAG_subprogram
	.byte	0                               @ DW_CHILDREN_no
	.byte	17                              @ DW_AT_low_pc
	.byte	1                               @ DW_FORM_addr
	.byte	18                              @ DW_AT_high_pc
	.byte	1                               @ DW_FORM_addr
	.byte	64                              @ DW_AT_frame_base
	.byte	10                              @ DW_FORM_block1
	.byte	3                               @ DW_AT_name
	.byte	14                              @ DW_FORM_strp
	.byte	58                              @ DW_AT_decl_file
	.byte	11                              @ DW_FORM_data1
	.byte	59                              @ DW_AT_decl_line
	.byte	11                              @ DW_FORM_data1
	.byte	39                              @ DW_AT_prototyped
	.byte	12                              @ DW_FORM_flag
	.byte	0                               @ EOM(1)
	.byte	0                               @ EOM(2)
	.byte	21                              @ Abbreviation Code
	.byte	19                              @ DW_TAG_structure_type
	.byte	1                               @ DW_CHILDREN_yes
	.byte	3                               @ DW_AT_name
	.byte	14                              @ DW_FORM_strp
	.byte	11                              @ DW_AT_byte_size
	.byte	11                              @ DW_FORM_data1
	.byte	58                              @ DW_AT_decl_file
	.byte	11                              @ DW_FORM_data1
	.byte	59                              @ DW_AT_decl_line
	.byte	5                               @ DW_FORM_data2
	.byte	0                               @ EOM(1)
	.byte	0                               @ EOM(2)
	.byte	22                              @ Abbreviation Code
	.byte	13                              @ DW_TAG_member
	.byte	0                               @ DW_CHILDREN_no
	.byte	3                               @ DW_AT_name
	.byte	14                              @ DW_FORM_strp
	.byte	73                              @ DW_AT_type
	.byte	19                              @ DW_FORM_ref4
	.byte	58                              @ DW_AT_decl_file
	.byte	11                              @ DW_FORM_data1
	.byte	59                              @ DW_AT_decl_line
	.byte	5                               @ DW_FORM_data2
	.byte	56                              @ DW_AT_data_member_location
	.byte	11                              @ DW_FORM_data1
	.byte	0                               @ EOM(1)
	.byte	0                               @ EOM(2)
	.byte	23                              @ Abbreviation Code
	.byte	22                              @ DW_TAG_typedef
	.byte	0                               @ DW_CHILDREN_no
	.byte	73                              @ DW_AT_type
	.byte	19                              @ DW_FORM_ref4
	.byte	3                               @ DW_AT_name
	.byte	14                              @ DW_FORM_strp
	.byte	58                              @ DW_AT_decl_file
	.byte	11                              @ DW_FORM_data1
	.byte	59                              @ DW_AT_decl_line
	.byte	5                               @ DW_FORM_data2
	.byte	0                               @ EOM(1)
	.byte	0                               @ EOM(2)
	.byte	24                              @ Abbreviation Code
	.byte	21                              @ DW_TAG_subroutine_type
	.byte	1                               @ DW_CHILDREN_yes
	.byte	73                              @ DW_AT_type
	.byte	19                              @ DW_FORM_ref4
	.byte	39                              @ DW_AT_prototyped
	.byte	12                              @ DW_FORM_flag
	.byte	0                               @ EOM(1)
	.byte	0                               @ EOM(2)
	.byte	25                              @ Abbreviation Code
	.byte	5                               @ DW_TAG_formal_parameter
	.byte	0                               @ DW_CHILDREN_no
	.byte	73                              @ DW_AT_type
	.byte	19                              @ DW_FORM_ref4
	.byte	0                               @ EOM(1)
	.byte	0                               @ EOM(2)
	.byte	26                              @ Abbreviation Code
	.byte	15                              @ DW_TAG_pointer_type
	.byte	0                               @ DW_CHILDREN_no
	.byte	0                               @ EOM(1)
	.byte	0                               @ EOM(2)
	.byte	27                              @ Abbreviation Code
	.byte	38                              @ DW_TAG_const_type
	.byte	0                               @ DW_CHILDREN_no
	.byte	0                               @ EOM(1)
	.byte	0                               @ EOM(2)
	.byte	28                              @ Abbreviation Code
	.byte	19                              @ DW_TAG_structure_type
	.byte	0                               @ DW_CHILDREN_no
	.byte	3                               @ DW_AT_name
	.byte	14                              @ DW_FORM_strp
	.byte	60                              @ DW_AT_declaration
	.byte	12                              @ DW_FORM_flag
	.byte	0                               @ EOM(1)
	.byte	0                               @ EOM(2)
	.byte	29                              @ Abbreviation Code
	.byte	21                              @ DW_TAG_subroutine_type
	.byte	1                               @ DW_CHILDREN_yes
	.byte	39                              @ DW_AT_prototyped
	.byte	12                              @ DW_FORM_flag
	.byte	0                               @ EOM(1)
	.byte	0                               @ EOM(2)
	.byte	0                               @ EOM(3)
	.section	.debug_info,"",%progbits
.Lcu_begin0:
	.long	.Ldebug_info_end0-.Ldebug_info_start0 @ Length of Unit
.Ldebug_info_start0:
	.short	3                               @ DWARF version number
	.long	.debug_abbrev                   @ Offset Into Abbrev. Section
	.byte	4                               @ Address Size (in bytes)
	.byte	1                               @ Abbrev [1] 0xb:0x6a4 DW_TAG_compile_unit
	.long	.Linfo_string0                  @ DW_AT_producer
	.short	12                              @ DW_AT_language
	.long	.Linfo_string1                  @ DW_AT_name
	.long	.Lline_table_start0             @ DW_AT_stmt_list
	.long	.Linfo_string2                  @ DW_AT_comp_dir
	.long	0                               @ DW_AT_low_pc
	.long	.Ldebug_ranges0                 @ DW_AT_ranges
	.byte	2                               @ Abbrev [2] 0x26:0x12 DW_TAG_variable
	.long	.Linfo_string3                  @ DW_AT_name
	.long	56                              @ DW_AT_type
	.byte	1                               @ DW_AT_external
	.byte	3                               @ DW_AT_decl_file
	.byte	34                              @ DW_AT_decl_line
	.byte	5                               @ DW_AT_location
	.byte	3
	.long	romfs_root
	.byte	3                               @ Abbrev [3] 0x38:0x5 DW_TAG_const_type
	.long	61                              @ DW_AT_type
	.byte	4                               @ Abbrev [4] 0x3d:0x39 DW_TAG_structure_type
	.long	.Linfo_string16                 @ DW_AT_name
	.byte	16                              @ DW_AT_byte_size
	.byte	2                               @ DW_AT_decl_file
	.byte	19                              @ DW_AT_decl_line
	.byte	5                               @ Abbrev [5] 0x45:0xc DW_TAG_member
	.long	.Linfo_string4                  @ DW_AT_name
	.long	118                             @ DW_AT_type
	.byte	2                               @ DW_AT_decl_file
	.byte	21                              @ DW_AT_decl_line
	.byte	0                               @ DW_AT_data_member_location
	.byte	5                               @ Abbrev [5] 0x51:0xc DW_TAG_member
	.long	.Linfo_string7                  @ DW_AT_name
	.long	136                             @ DW_AT_type
	.byte	2                               @ DW_AT_decl_file
	.byte	23                              @ DW_AT_decl_line
	.byte	4                               @ DW_AT_data_member_location
	.byte	5                               @ Abbrev [5] 0x5d:0xc DW_TAG_member
	.long	.Linfo_string9                  @ DW_AT_name
	.long	153                             @ DW_AT_type
	.byte	2                               @ DW_AT_decl_file
	.byte	24                              @ DW_AT_decl_line
	.byte	8                               @ DW_AT_data_member_location
	.byte	5                               @ Abbrev [5] 0x69:0xc DW_TAG_member
	.long	.Linfo_string12                 @ DW_AT_name
	.long	181                             @ DW_AT_type
	.byte	2                               @ DW_AT_decl_file
	.byte	25                              @ DW_AT_decl_line
	.byte	12                              @ DW_AT_data_member_location
	.byte	0                               @ End Of Children Mark
	.byte	6                               @ Abbrev [6] 0x76:0xb DW_TAG_typedef
	.long	129                             @ DW_AT_type
	.long	.Linfo_string6                  @ DW_AT_name
	.byte	1                               @ DW_AT_decl_file
	.byte	69                              @ DW_AT_decl_line
	.byte	7                               @ Abbrev [7] 0x81:0x7 DW_TAG_base_type
	.long	.Linfo_string5                  @ DW_AT_name
	.byte	7                               @ DW_AT_encoding
	.byte	4                               @ DW_AT_byte_size
	.byte	8                               @ Abbrev [8] 0x88:0x5 DW_TAG_pointer_type
	.long	141                             @ DW_AT_type
	.byte	3                               @ Abbrev [3] 0x8d:0x5 DW_TAG_const_type
	.long	146                             @ DW_AT_type
	.byte	7                               @ Abbrev [7] 0x92:0x7 DW_TAG_base_type
	.long	.Linfo_string8                  @ DW_AT_name
	.byte	6                               @ DW_AT_encoding
	.byte	1                               @ DW_AT_byte_size
	.byte	8                               @ Abbrev [8] 0x99:0x5 DW_TAG_pointer_type
	.long	158                             @ DW_AT_type
	.byte	3                               @ Abbrev [3] 0x9e:0x5 DW_TAG_const_type
	.long	163                             @ DW_AT_type
	.byte	6                               @ Abbrev [6] 0xa3:0xb DW_TAG_typedef
	.long	174                             @ DW_AT_type
	.long	.Linfo_string11                 @ DW_AT_name
	.byte	1                               @ DW_AT_decl_file
	.byte	67                              @ DW_AT_decl_line
	.byte	7                               @ Abbrev [7] 0xae:0x7 DW_TAG_base_type
	.long	.Linfo_string10                 @ DW_AT_name
	.byte	8                               @ DW_AT_encoding
	.byte	1                               @ DW_AT_byte_size
	.byte	6                               @ Abbrev [6] 0xb5:0xb DW_TAG_typedef
	.long	192                             @ DW_AT_type
	.long	.Linfo_string15                 @ DW_AT_name
	.byte	1                               @ DW_AT_decl_file
	.byte	88                              @ DW_AT_decl_line
	.byte	6                               @ Abbrev [6] 0xc0:0xb DW_TAG_typedef
	.long	203                             @ DW_AT_type
	.long	.Linfo_string14                 @ DW_AT_name
	.byte	1                               @ DW_AT_decl_file
	.byte	82                              @ DW_AT_decl_line
	.byte	7                               @ Abbrev [7] 0xcb:0x7 DW_TAG_base_type
	.long	.Linfo_string13                 @ DW_AT_name
	.byte	7                               @ DW_AT_encoding
	.byte	4                               @ DW_AT_byte_size
	.byte	2                               @ Abbrev [2] 0xd2:0x12 DW_TAG_variable
	.long	.Linfo_string17                 @ DW_AT_name
	.long	228                             @ DW_AT_type
	.byte	1                               @ DW_AT_external
	.byte	3                               @ DW_AT_decl_file
	.byte	160                             @ DW_AT_decl_line
	.byte	5                               @ DW_AT_location
	.byte	3
	.long	__rt_init_mount_init
	.byte	3                               @ Abbrev [3] 0xe4:0x5 DW_TAG_const_type
	.long	233                             @ DW_AT_type
	.byte	6                               @ Abbrev [6] 0xe9:0xb DW_TAG_typedef
	.long	244                             @ DW_AT_type
	.long	.Linfo_string19                 @ DW_AT_name
	.byte	1                               @ DW_AT_decl_file
	.byte	192                             @ DW_AT_decl_line
	.byte	8                               @ Abbrev [8] 0xf4:0x5 DW_TAG_pointer_type
	.long	249                             @ DW_AT_type
	.byte	9                               @ Abbrev [9] 0xf9:0x6 DW_TAG_subroutine_type
	.long	255                             @ DW_AT_type
	.byte	1                               @ DW_AT_prototyped
	.byte	7                               @ Abbrev [7] 0xff:0x7 DW_TAG_base_type
	.long	.Linfo_string18                 @ DW_AT_name
	.byte	5                               @ DW_AT_encoding
	.byte	4                               @ DW_AT_byte_size
	.byte	10                              @ Abbrev [10] 0x106:0x11 DW_TAG_variable
	.long	.Linfo_string20                 @ DW_AT_name
	.long	279                             @ DW_AT_type
	.byte	3                               @ DW_AT_decl_file
	.byte	30                              @ DW_AT_decl_line
	.byte	5                               @ DW_AT_location
	.byte	3
	.long	_romfs_root
	.byte	11                              @ Abbrev [11] 0x117:0xc DW_TAG_array_type
	.long	56                              @ DW_AT_type
	.byte	12                              @ Abbrev [12] 0x11c:0x6 DW_TAG_subrange_type
	.long	291                             @ DW_AT_type
	.byte	2                               @ DW_AT_count
	.byte	0                               @ End Of Children Mark
	.byte	13                              @ Abbrev [13] 0x123:0x7 DW_TAG_base_type
	.long	.Linfo_string21                 @ DW_AT_name
	.byte	8                               @ DW_AT_byte_size
	.byte	7                               @ DW_AT_encoding
	.byte	14                              @ Abbrev [14] 0x12a:0x92 DW_TAG_enumeration_type
	.long	174                             @ DW_AT_type
	.long	.Linfo_string44                 @ DW_AT_name
	.byte	1                               @ DW_AT_byte_size
	.byte	1                               @ DW_AT_decl_file
	.short	842                             @ DW_AT_decl_line
	.byte	15                              @ Abbrev [15] 0x137:0x6 DW_TAG_enumerator
	.long	.Linfo_string22                 @ DW_AT_name
	.byte	0                               @ DW_AT_const_value
	.byte	15                              @ Abbrev [15] 0x13d:0x6 DW_TAG_enumerator
	.long	.Linfo_string23                 @ DW_AT_name
	.byte	1                               @ DW_AT_const_value
	.byte	15                              @ Abbrev [15] 0x143:0x6 DW_TAG_enumerator
	.long	.Linfo_string24                 @ DW_AT_name
	.byte	2                               @ DW_AT_const_value
	.byte	15                              @ Abbrev [15] 0x149:0x6 DW_TAG_enumerator
	.long	.Linfo_string25                 @ DW_AT_name
	.byte	3                               @ DW_AT_const_value
	.byte	15                              @ Abbrev [15] 0x14f:0x6 DW_TAG_enumerator
	.long	.Linfo_string26                 @ DW_AT_name
	.byte	4                               @ DW_AT_const_value
	.byte	15                              @ Abbrev [15] 0x155:0x6 DW_TAG_enumerator
	.long	.Linfo_string27                 @ DW_AT_name
	.byte	5                               @ DW_AT_const_value
	.byte	15                              @ Abbrev [15] 0x15b:0x6 DW_TAG_enumerator
	.long	.Linfo_string28                 @ DW_AT_name
	.byte	6                               @ DW_AT_const_value
	.byte	15                              @ Abbrev [15] 0x161:0x6 DW_TAG_enumerator
	.long	.Linfo_string29                 @ DW_AT_name
	.byte	7                               @ DW_AT_const_value
	.byte	15                              @ Abbrev [15] 0x167:0x6 DW_TAG_enumerator
	.long	.Linfo_string30                 @ DW_AT_name
	.byte	8                               @ DW_AT_const_value
	.byte	15                              @ Abbrev [15] 0x16d:0x6 DW_TAG_enumerator
	.long	.Linfo_string31                 @ DW_AT_name
	.byte	9                               @ DW_AT_const_value
	.byte	15                              @ Abbrev [15] 0x173:0x6 DW_TAG_enumerator
	.long	.Linfo_string32                 @ DW_AT_name
	.byte	10                              @ DW_AT_const_value
	.byte	15                              @ Abbrev [15] 0x179:0x6 DW_TAG_enumerator
	.long	.Linfo_string33                 @ DW_AT_name
	.byte	11                              @ DW_AT_const_value
	.byte	15                              @ Abbrev [15] 0x17f:0x6 DW_TAG_enumerator
	.long	.Linfo_string34                 @ DW_AT_name
	.byte	12                              @ DW_AT_const_value
	.byte	15                              @ Abbrev [15] 0x185:0x6 DW_TAG_enumerator
	.long	.Linfo_string35                 @ DW_AT_name
	.byte	13                              @ DW_AT_const_value
	.byte	15                              @ Abbrev [15] 0x18b:0x6 DW_TAG_enumerator
	.long	.Linfo_string36                 @ DW_AT_name
	.byte	14                              @ DW_AT_const_value
	.byte	15                              @ Abbrev [15] 0x191:0x6 DW_TAG_enumerator
	.long	.Linfo_string37                 @ DW_AT_name
	.byte	15                              @ DW_AT_const_value
	.byte	15                              @ Abbrev [15] 0x197:0x6 DW_TAG_enumerator
	.long	.Linfo_string38                 @ DW_AT_name
	.byte	16                              @ DW_AT_const_value
	.byte	15                              @ Abbrev [15] 0x19d:0x6 DW_TAG_enumerator
	.long	.Linfo_string39                 @ DW_AT_name
	.byte	17                              @ DW_AT_const_value
	.byte	15                              @ Abbrev [15] 0x1a3:0x6 DW_TAG_enumerator
	.long	.Linfo_string40                 @ DW_AT_name
	.byte	18                              @ DW_AT_const_value
	.byte	15                              @ Abbrev [15] 0x1a9:0x6 DW_TAG_enumerator
	.long	.Linfo_string41                 @ DW_AT_name
	.byte	19                              @ DW_AT_const_value
	.byte	15                              @ Abbrev [15] 0x1af:0x6 DW_TAG_enumerator
	.long	.Linfo_string42                 @ DW_AT_name
	.byte	20                              @ DW_AT_const_value
	.byte	15                              @ Abbrev [15] 0x1b5:0x6 DW_TAG_enumerator
	.long	.Linfo_string43                 @ DW_AT_name
	.byte	21                              @ DW_AT_const_value
	.byte	0                               @ End Of Children Mark
	.byte	6                               @ Abbrev [6] 0x1bc:0xb DW_TAG_typedef
	.long	455                             @ DW_AT_type
	.long	.Linfo_string46                 @ DW_AT_name
	.byte	1                               @ DW_AT_decl_file
	.byte	81                              @ DW_AT_decl_line
	.byte	7                               @ Abbrev [7] 0x1c7:0x7 DW_TAG_base_type
	.long	.Linfo_string45                 @ DW_AT_name
	.byte	5                               @ DW_AT_encoding
	.byte	4                               @ DW_AT_byte_size
	.byte	16                              @ Abbrev [16] 0x1ce:0x34 DW_TAG_subprogram
	.long	.Lfunc_begin0                   @ DW_AT_low_pc
	.long	.Lfunc_end0                     @ DW_AT_high_pc
	.byte	1                               @ DW_AT_frame_base
	.byte	93
	.long	.Linfo_string47                 @ DW_AT_name
	.byte	3                               @ DW_AT_decl_file
	.byte	103                             @ DW_AT_decl_line
	.byte	1                               @ DW_AT_prototyped
	.long	255                             @ DW_AT_type
	.byte	1                               @ DW_AT_external
	.byte	17                              @ Abbrev [17] 0x1e5:0xe DW_TAG_variable
	.byte	2                               @ DW_AT_location
	.byte	145
	.byte	20
	.long	.Linfo_string51                 @ DW_AT_name
	.byte	3                               @ DW_AT_decl_file
	.byte	110                             @ DW_AT_decl_line
	.long	612                             @ DW_AT_type
	.byte	17                              @ Abbrev [17] 0x1f3:0xe DW_TAG_variable
	.byte	2                               @ DW_AT_location
	.byte	145
	.byte	16
	.long	.Linfo_string83                 @ DW_AT_name
	.byte	3                               @ DW_AT_decl_file
	.byte	143                             @ DW_AT_decl_line
	.long	1260                            @ DW_AT_type
	.byte	0                               @ End Of Children Mark
	.byte	18                              @ Abbrev [18] 0x202:0x2f DW_TAG_subprogram
	.long	.Lfunc_begin1                   @ DW_AT_low_pc
	.long	.Lfunc_end1                     @ DW_AT_high_pc
	.byte	1                               @ DW_AT_frame_base
	.byte	93
	.long	.Linfo_string48                 @ DW_AT_name
	.byte	3                               @ DW_AT_decl_file
	.byte	78                              @ DW_AT_decl_line
	.byte	1                               @ DW_AT_prototyped
	.byte	19                              @ Abbrev [19] 0x214:0xe DW_TAG_formal_parameter
	.byte	2                               @ DW_AT_location
	.byte	145
	.byte	4
	.long	.Linfo_string88                 @ DW_AT_name
	.byte	3                               @ DW_AT_decl_file
	.byte	78                              @ DW_AT_decl_line
	.long	1060                            @ DW_AT_type
	.byte	17                              @ Abbrev [17] 0x222:0xe DW_TAG_variable
	.byte	2                               @ DW_AT_location
	.byte	145
	.byte	3
	.long	.Linfo_string109                @ DW_AT_name
	.byte	3                               @ DW_AT_decl_file
	.byte	80                              @ DW_AT_decl_line
	.long	163                             @ DW_AT_type
	.byte	0                               @ End Of Children Mark
	.byte	18                              @ Abbrev [18] 0x231:0x21 DW_TAG_subprogram
	.long	.Lfunc_begin2                   @ DW_AT_low_pc
	.long	.Lfunc_end2                     @ DW_AT_high_pc
	.byte	1                               @ DW_AT_frame_base
	.byte	93
	.long	.Linfo_string49                 @ DW_AT_name
	.byte	3                               @ DW_AT_decl_file
	.byte	42                              @ DW_AT_decl_line
	.byte	1                               @ DW_AT_prototyped
	.byte	17                              @ Abbrev [17] 0x243:0xe DW_TAG_variable
	.byte	2                               @ DW_AT_location
	.byte	145
	.byte	4
	.long	.Linfo_string110                @ DW_AT_name
	.byte	3                               @ DW_AT_decl_file
	.byte	44                              @ DW_AT_decl_line
	.long	1026                            @ DW_AT_type
	.byte	0                               @ End Of Children Mark
	.byte	20                              @ Abbrev [20] 0x252:0x12 DW_TAG_subprogram
	.long	.Lfunc_begin3                   @ DW_AT_low_pc
	.long	.Lfunc_end3                     @ DW_AT_high_pc
	.byte	1                               @ DW_AT_frame_base
	.byte	93
	.long	.Linfo_string50                 @ DW_AT_name
	.byte	3                               @ DW_AT_decl_file
	.byte	67                              @ DW_AT_decl_line
	.byte	1                               @ DW_AT_prototyped
	.byte	8                               @ Abbrev [8] 0x264:0x5 DW_TAG_pointer_type
	.long	617                             @ DW_AT_type
	.byte	21                              @ Abbrev [21] 0x269:0xe7 DW_TAG_structure_type
	.long	.Linfo_string82                 @ DW_AT_name
	.byte	80                              @ DW_AT_byte_size
	.byte	1                               @ DW_AT_decl_file
	.short	950                             @ DW_AT_decl_line
	.byte	22                              @ Abbrev [22] 0x272:0xd DW_TAG_member
	.long	.Linfo_string52                 @ DW_AT_name
	.long	848                             @ DW_AT_type
	.byte	1                               @ DW_AT_decl_file
	.short	952                             @ DW_AT_decl_line
	.byte	0                               @ DW_AT_data_member_location
	.byte	22                              @ Abbrev [22] 0x27f:0xd DW_TAG_member
	.long	.Linfo_string4                  @ DW_AT_name
	.long	298                             @ DW_AT_type
	.byte	1                               @ DW_AT_decl_file
	.short	954                             @ DW_AT_decl_line
	.byte	20                              @ DW_AT_data_member_location
	.byte	22                              @ Abbrev [22] 0x28c:0xd DW_TAG_member
	.long	.Linfo_string53                 @ DW_AT_name
	.long	975                             @ DW_AT_type
	.byte	1                               @ DW_AT_decl_file
	.short	955                             @ DW_AT_decl_line
	.byte	22                              @ DW_AT_data_member_location
	.byte	22                              @ Abbrev [22] 0x299:0xd DW_TAG_member
	.long	.Linfo_string62                 @ DW_AT_name
	.long	975                             @ DW_AT_type
	.byte	1                               @ DW_AT_decl_file
	.short	956                             @ DW_AT_decl_line
	.byte	24                              @ DW_AT_data_member_location
	.byte	22                              @ Abbrev [22] 0x2a6:0xd DW_TAG_member
	.long	.Linfo_string63                 @ DW_AT_name
	.long	163                             @ DW_AT_type
	.byte	1                               @ DW_AT_decl_file
	.short	958                             @ DW_AT_decl_line
	.byte	26                              @ DW_AT_data_member_location
	.byte	22                              @ Abbrev [22] 0x2b3:0xd DW_TAG_member
	.long	.Linfo_string64                 @ DW_AT_name
	.long	163                             @ DW_AT_type
	.byte	1                               @ DW_AT_decl_file
	.short	959                             @ DW_AT_decl_line
	.byte	27                              @ DW_AT_data_member_location
	.byte	22                              @ Abbrev [22] 0x2c0:0xd DW_TAG_member
	.long	.Linfo_string65                 @ DW_AT_name
	.long	993                             @ DW_AT_type
	.byte	1                               @ DW_AT_decl_file
	.short	962                             @ DW_AT_decl_line
	.byte	28                              @ DW_AT_data_member_location
	.byte	22                              @ Abbrev [22] 0x2cd:0xd DW_TAG_member
	.long	.Linfo_string68                 @ DW_AT_name
	.long	1038                            @ DW_AT_type
	.byte	1                               @ DW_AT_decl_file
	.short	963                             @ DW_AT_decl_line
	.byte	32                              @ DW_AT_data_member_location
	.byte	22                              @ Abbrev [22] 0x2da:0xd DW_TAG_member
	.long	.Linfo_string69                 @ DW_AT_name
	.long	1061                            @ DW_AT_type
	.byte	1                               @ DW_AT_decl_file
	.short	969                             @ DW_AT_decl_line
	.byte	36                              @ DW_AT_data_member_location
	.byte	22                              @ Abbrev [22] 0x2e7:0xd DW_TAG_member
	.long	.Linfo_string70                 @ DW_AT_name
	.long	1078                            @ DW_AT_type
	.byte	1                               @ DW_AT_decl_file
	.short	970                             @ DW_AT_decl_line
	.byte	40                              @ DW_AT_data_member_location
	.byte	22                              @ Abbrev [22] 0x2f4:0xd DW_TAG_member
	.long	.Linfo_string71                 @ DW_AT_name
	.long	1061                            @ DW_AT_type
	.byte	1                               @ DW_AT_decl_file
	.short	971                             @ DW_AT_decl_line
	.byte	44                              @ DW_AT_data_member_location
	.byte	22                              @ Abbrev [22] 0x301:0xd DW_TAG_member
	.long	.Linfo_string72                 @ DW_AT_name
	.long	1100                            @ DW_AT_type
	.byte	1                               @ DW_AT_decl_file
	.short	972                             @ DW_AT_decl_line
	.byte	48                              @ DW_AT_data_member_location
	.byte	22                              @ Abbrev [22] 0x30e:0xd DW_TAG_member
	.long	.Linfo_string74                 @ DW_AT_name
	.long	1143                            @ DW_AT_type
	.byte	1                               @ DW_AT_decl_file
	.short	973                             @ DW_AT_decl_line
	.byte	52                              @ DW_AT_data_member_location
	.byte	22                              @ Abbrev [22] 0x31b:0xd DW_TAG_member
	.long	.Linfo_string75                 @ DW_AT_name
	.long	1181                            @ DW_AT_type
	.byte	1                               @ DW_AT_decl_file
	.short	974                             @ DW_AT_decl_line
	.byte	56                              @ DW_AT_data_member_location
	.byte	22                              @ Abbrev [22] 0x328:0xd DW_TAG_member
	.long	.Linfo_string76                 @ DW_AT_name
	.long	1208                            @ DW_AT_type
	.byte	1                               @ DW_AT_decl_file
	.short	978                             @ DW_AT_decl_line
	.byte	60                              @ DW_AT_data_member_location
	.byte	22                              @ Abbrev [22] 0x335:0xd DW_TAG_member
	.long	.Linfo_string78                 @ DW_AT_name
	.long	1224                            @ DW_AT_type
	.byte	1                               @ DW_AT_decl_file
	.short	979                             @ DW_AT_decl_line
	.byte	64                              @ DW_AT_data_member_location
	.byte	22                              @ Abbrev [22] 0x342:0xd DW_TAG_member
	.long	.Linfo_string81                 @ DW_AT_name
	.long	1060                            @ DW_AT_type
	.byte	1                               @ DW_AT_decl_file
	.short	982                             @ DW_AT_decl_line
	.byte	76                              @ DW_AT_data_member_location
	.byte	0                               @ End Of Children Mark
	.byte	21                              @ Abbrev [21] 0x350:0x3e DW_TAG_structure_type
	.long	.Linfo_string59                 @ DW_AT_name
	.byte	20                              @ DW_AT_byte_size
	.byte	1                               @ DW_AT_decl_file
	.short	343                             @ DW_AT_decl_line
	.byte	22                              @ Abbrev [22] 0x359:0xd DW_TAG_member
	.long	.Linfo_string7                  @ DW_AT_name
	.long	910                             @ DW_AT_type
	.byte	1                               @ DW_AT_decl_file
	.short	345                             @ DW_AT_decl_line
	.byte	0                               @ DW_AT_data_member_location
	.byte	22                              @ Abbrev [22] 0x366:0xd DW_TAG_member
	.long	.Linfo_string4                  @ DW_AT_name
	.long	163                             @ DW_AT_type
	.byte	1                               @ DW_AT_decl_file
	.short	346                             @ DW_AT_decl_line
	.byte	8                               @ DW_AT_data_member_location
	.byte	22                              @ Abbrev [22] 0x373:0xd DW_TAG_member
	.long	.Linfo_string53                 @ DW_AT_name
	.long	163                             @ DW_AT_type
	.byte	1                               @ DW_AT_decl_file
	.short	347                             @ DW_AT_decl_line
	.byte	9                               @ DW_AT_data_member_location
	.byte	22                              @ Abbrev [22] 0x380:0xd DW_TAG_member
	.long	.Linfo_string54                 @ DW_AT_name
	.long	922                             @ DW_AT_type
	.byte	1                               @ DW_AT_decl_file
	.short	352                             @ DW_AT_decl_line
	.byte	12                              @ DW_AT_data_member_location
	.byte	0                               @ End Of Children Mark
	.byte	11                              @ Abbrev [11] 0x38e:0xc DW_TAG_array_type
	.long	146                             @ DW_AT_type
	.byte	12                              @ Abbrev [12] 0x393:0x6 DW_TAG_subrange_type
	.long	291                             @ DW_AT_type
	.byte	8                               @ DW_AT_count
	.byte	0                               @ End Of Children Mark
	.byte	23                              @ Abbrev [23] 0x39a:0xc DW_TAG_typedef
	.long	934                             @ DW_AT_type
	.long	.Linfo_string58                 @ DW_AT_name
	.byte	1                               @ DW_AT_decl_file
	.short	318                             @ DW_AT_decl_line
	.byte	21                              @ Abbrev [21] 0x3a6:0x24 DW_TAG_structure_type
	.long	.Linfo_string57                 @ DW_AT_name
	.byte	8                               @ DW_AT_byte_size
	.byte	1                               @ DW_AT_decl_file
	.short	313                             @ DW_AT_decl_line
	.byte	22                              @ Abbrev [22] 0x3af:0xd DW_TAG_member
	.long	.Linfo_string55                 @ DW_AT_name
	.long	970                             @ DW_AT_type
	.byte	1                               @ DW_AT_decl_file
	.short	315                             @ DW_AT_decl_line
	.byte	0                               @ DW_AT_data_member_location
	.byte	22                              @ Abbrev [22] 0x3bc:0xd DW_TAG_member
	.long	.Linfo_string56                 @ DW_AT_name
	.long	970                             @ DW_AT_type
	.byte	1                               @ DW_AT_decl_file
	.short	316                             @ DW_AT_decl_line
	.byte	4                               @ DW_AT_data_member_location
	.byte	0                               @ End Of Children Mark
	.byte	8                               @ Abbrev [8] 0x3ca:0x5 DW_TAG_pointer_type
	.long	934                             @ DW_AT_type
	.byte	6                               @ Abbrev [6] 0x3cf:0xb DW_TAG_typedef
	.long	986                             @ DW_AT_type
	.long	.Linfo_string61                 @ DW_AT_name
	.byte	1                               @ DW_AT_decl_file
	.byte	68                              @ DW_AT_decl_line
	.byte	7                               @ Abbrev [7] 0x3da:0x7 DW_TAG_base_type
	.long	.Linfo_string60                 @ DW_AT_name
	.byte	7                               @ DW_AT_encoding
	.byte	2                               @ DW_AT_byte_size
	.byte	8                               @ Abbrev [8] 0x3e1:0x5 DW_TAG_pointer_type
	.long	998                             @ DW_AT_type
	.byte	24                              @ Abbrev [24] 0x3e6:0x11 DW_TAG_subroutine_type
	.long	1015                            @ DW_AT_type
	.byte	1                               @ DW_AT_prototyped
	.byte	25                              @ Abbrev [25] 0x3ec:0x5 DW_TAG_formal_parameter
	.long	1026                            @ DW_AT_type
	.byte	25                              @ Abbrev [25] 0x3f1:0x5 DW_TAG_formal_parameter
	.long	181                             @ DW_AT_type
	.byte	0                               @ End Of Children Mark
	.byte	6                               @ Abbrev [6] 0x3f7:0xb DW_TAG_typedef
	.long	444                             @ DW_AT_type
	.long	.Linfo_string66                 @ DW_AT_name
	.byte	1                               @ DW_AT_decl_file
	.byte	84                              @ DW_AT_decl_line
	.byte	23                              @ Abbrev [23] 0x402:0xc DW_TAG_typedef
	.long	612                             @ DW_AT_type
	.long	.Linfo_string67                 @ DW_AT_name
	.byte	1                               @ DW_AT_decl_file
	.short	922                             @ DW_AT_decl_line
	.byte	8                               @ Abbrev [8] 0x40e:0x5 DW_TAG_pointer_type
	.long	1043                            @ DW_AT_type
	.byte	24                              @ Abbrev [24] 0x413:0x11 DW_TAG_subroutine_type
	.long	1015                            @ DW_AT_type
	.byte	1                               @ DW_AT_prototyped
	.byte	25                              @ Abbrev [25] 0x419:0x5 DW_TAG_formal_parameter
	.long	1026                            @ DW_AT_type
	.byte	25                              @ Abbrev [25] 0x41e:0x5 DW_TAG_formal_parameter
	.long	1060                            @ DW_AT_type
	.byte	0                               @ End Of Children Mark
	.byte	26                              @ Abbrev [26] 0x424:0x1 DW_TAG_pointer_type
	.byte	8                               @ Abbrev [8] 0x425:0x5 DW_TAG_pointer_type
	.long	1066                            @ DW_AT_type
	.byte	24                              @ Abbrev [24] 0x42a:0xc DW_TAG_subroutine_type
	.long	1015                            @ DW_AT_type
	.byte	1                               @ DW_AT_prototyped
	.byte	25                              @ Abbrev [25] 0x430:0x5 DW_TAG_formal_parameter
	.long	1026                            @ DW_AT_type
	.byte	0                               @ End Of Children Mark
	.byte	8                               @ Abbrev [8] 0x436:0x5 DW_TAG_pointer_type
	.long	1083                            @ DW_AT_type
	.byte	24                              @ Abbrev [24] 0x43b:0x11 DW_TAG_subroutine_type
	.long	1015                            @ DW_AT_type
	.byte	1                               @ DW_AT_prototyped
	.byte	25                              @ Abbrev [25] 0x441:0x5 DW_TAG_formal_parameter
	.long	1026                            @ DW_AT_type
	.byte	25                              @ Abbrev [25] 0x446:0x5 DW_TAG_formal_parameter
	.long	975                             @ DW_AT_type
	.byte	0                               @ End Of Children Mark
	.byte	8                               @ Abbrev [8] 0x44c:0x5 DW_TAG_pointer_type
	.long	1105                            @ DW_AT_type
	.byte	24                              @ Abbrev [24] 0x451:0x1b DW_TAG_subroutine_type
	.long	181                             @ DW_AT_type
	.byte	1                               @ DW_AT_prototyped
	.byte	25                              @ Abbrev [25] 0x457:0x5 DW_TAG_formal_parameter
	.long	1026                            @ DW_AT_type
	.byte	25                              @ Abbrev [25] 0x45c:0x5 DW_TAG_formal_parameter
	.long	1132                            @ DW_AT_type
	.byte	25                              @ Abbrev [25] 0x461:0x5 DW_TAG_formal_parameter
	.long	1060                            @ DW_AT_type
	.byte	25                              @ Abbrev [25] 0x466:0x5 DW_TAG_formal_parameter
	.long	181                             @ DW_AT_type
	.byte	0                               @ End Of Children Mark
	.byte	6                               @ Abbrev [6] 0x46c:0xb DW_TAG_typedef
	.long	444                             @ DW_AT_type
	.long	.Linfo_string73                 @ DW_AT_name
	.byte	1                               @ DW_AT_decl_file
	.byte	90                              @ DW_AT_decl_line
	.byte	8                               @ Abbrev [8] 0x477:0x5 DW_TAG_pointer_type
	.long	1148                            @ DW_AT_type
	.byte	24                              @ Abbrev [24] 0x47c:0x1b DW_TAG_subroutine_type
	.long	181                             @ DW_AT_type
	.byte	1                               @ DW_AT_prototyped
	.byte	25                              @ Abbrev [25] 0x482:0x5 DW_TAG_formal_parameter
	.long	1026                            @ DW_AT_type
	.byte	25                              @ Abbrev [25] 0x487:0x5 DW_TAG_formal_parameter
	.long	1132                            @ DW_AT_type
	.byte	25                              @ Abbrev [25] 0x48c:0x5 DW_TAG_formal_parameter
	.long	1175                            @ DW_AT_type
	.byte	25                              @ Abbrev [25] 0x491:0x5 DW_TAG_formal_parameter
	.long	181                             @ DW_AT_type
	.byte	0                               @ End Of Children Mark
	.byte	8                               @ Abbrev [8] 0x497:0x5 DW_TAG_pointer_type
	.long	1180                            @ DW_AT_type
	.byte	27                              @ Abbrev [27] 0x49c:0x1 DW_TAG_const_type
	.byte	8                               @ Abbrev [8] 0x49d:0x5 DW_TAG_pointer_type
	.long	1186                            @ DW_AT_type
	.byte	24                              @ Abbrev [24] 0x4a2:0x16 DW_TAG_subroutine_type
	.long	1015                            @ DW_AT_type
	.byte	1                               @ DW_AT_prototyped
	.byte	25                              @ Abbrev [25] 0x4a8:0x5 DW_TAG_formal_parameter
	.long	1026                            @ DW_AT_type
	.byte	25                              @ Abbrev [25] 0x4ad:0x5 DW_TAG_formal_parameter
	.long	255                             @ DW_AT_type
	.byte	25                              @ Abbrev [25] 0x4b2:0x5 DW_TAG_formal_parameter
	.long	1060                            @ DW_AT_type
	.byte	0                               @ End Of Children Mark
	.byte	8                               @ Abbrev [8] 0x4b8:0x5 DW_TAG_pointer_type
	.long	1213                            @ DW_AT_type
	.byte	3                               @ Abbrev [3] 0x4bd:0x5 DW_TAG_const_type
	.long	1218                            @ DW_AT_type
	.byte	28                              @ Abbrev [28] 0x4c2:0x6 DW_TAG_structure_type
	.long	.Linfo_string77                 @ DW_AT_name
	.byte	1                               @ DW_AT_declaration
	.byte	21                              @ Abbrev [21] 0x4c8:0x24 DW_TAG_structure_type
	.long	.Linfo_string80                 @ DW_AT_name
	.byte	12                              @ DW_AT_byte_size
	.byte	1                               @ DW_AT_decl_file
	.short	940                             @ DW_AT_decl_line
	.byte	22                              @ Abbrev [22] 0x4d1:0xd DW_TAG_member
	.long	.Linfo_string53                 @ DW_AT_name
	.long	118                             @ DW_AT_type
	.byte	1                               @ DW_AT_decl_file
	.short	942                             @ DW_AT_decl_line
	.byte	0                               @ DW_AT_data_member_location
	.byte	22                              @ Abbrev [22] 0x4de:0xd DW_TAG_member
	.long	.Linfo_string79                 @ DW_AT_name
	.long	922                             @ DW_AT_type
	.byte	1                               @ DW_AT_decl_file
	.short	943                             @ DW_AT_decl_line
	.byte	4                               @ DW_AT_data_member_location
	.byte	0                               @ End Of Children Mark
	.byte	23                              @ Abbrev [23] 0x4ec:0xc DW_TAG_typedef
	.long	1272                            @ DW_AT_type
	.long	.Linfo_string108                @ DW_AT_name
	.byte	1                               @ DW_AT_decl_file
	.short	628                             @ DW_AT_decl_line
	.byte	8                               @ Abbrev [8] 0x4f8:0x5 DW_TAG_pointer_type
	.long	1277                            @ DW_AT_type
	.byte	21                              @ Abbrev [21] 0x4fd:0x128 DW_TAG_structure_type
	.long	.Linfo_string107                @ DW_AT_name
	.byte	128                             @ DW_AT_byte_size
	.byte	1                               @ DW_AT_decl_file
	.short	553                             @ DW_AT_decl_line
	.byte	22                              @ Abbrev [22] 0x506:0xd DW_TAG_member
	.long	.Linfo_string7                  @ DW_AT_name
	.long	910                             @ DW_AT_type
	.byte	1                               @ DW_AT_decl_file
	.short	556                             @ DW_AT_decl_line
	.byte	0                               @ DW_AT_data_member_location
	.byte	22                              @ Abbrev [22] 0x513:0xd DW_TAG_member
	.long	.Linfo_string4                  @ DW_AT_name
	.long	163                             @ DW_AT_type
	.byte	1                               @ DW_AT_decl_file
	.short	557                             @ DW_AT_decl_line
	.byte	8                               @ DW_AT_data_member_location
	.byte	22                              @ Abbrev [22] 0x520:0xd DW_TAG_member
	.long	.Linfo_string84                 @ DW_AT_name
	.long	163                             @ DW_AT_type
	.byte	1                               @ DW_AT_decl_file
	.short	558                             @ DW_AT_decl_line
	.byte	9                               @ DW_AT_data_member_location
	.byte	22                              @ Abbrev [22] 0x52d:0xd DW_TAG_member
	.long	.Linfo_string54                 @ DW_AT_name
	.long	922                             @ DW_AT_type
	.byte	1                               @ DW_AT_decl_file
	.short	564                             @ DW_AT_decl_line
	.byte	12                              @ DW_AT_data_member_location
	.byte	22                              @ Abbrev [22] 0x53a:0xd DW_TAG_member
	.long	.Linfo_string85                 @ DW_AT_name
	.long	922                             @ DW_AT_type
	.byte	1                               @ DW_AT_decl_file
	.short	565                             @ DW_AT_decl_line
	.byte	20                              @ DW_AT_data_member_location
	.byte	22                              @ Abbrev [22] 0x547:0xd DW_TAG_member
	.long	.Linfo_string86                 @ DW_AT_name
	.long	1060                            @ DW_AT_type
	.byte	1                               @ DW_AT_decl_file
	.short	568                             @ DW_AT_decl_line
	.byte	28                              @ DW_AT_data_member_location
	.byte	22                              @ Abbrev [22] 0x554:0xd DW_TAG_member
	.long	.Linfo_string87                 @ DW_AT_name
	.long	1060                            @ DW_AT_type
	.byte	1                               @ DW_AT_decl_file
	.short	569                             @ DW_AT_decl_line
	.byte	32                              @ DW_AT_data_member_location
	.byte	22                              @ Abbrev [22] 0x561:0xd DW_TAG_member
	.long	.Linfo_string88                 @ DW_AT_name
	.long	1060                            @ DW_AT_type
	.byte	1                               @ DW_AT_decl_file
	.short	570                             @ DW_AT_decl_line
	.byte	36                              @ DW_AT_data_member_location
	.byte	22                              @ Abbrev [22] 0x56e:0xd DW_TAG_member
	.long	.Linfo_string89                 @ DW_AT_name
	.long	1060                            @ DW_AT_type
	.byte	1                               @ DW_AT_decl_file
	.short	571                             @ DW_AT_decl_line
	.byte	40                              @ DW_AT_data_member_location
	.byte	22                              @ Abbrev [22] 0x57b:0xd DW_TAG_member
	.long	.Linfo_string90                 @ DW_AT_name
	.long	118                             @ DW_AT_type
	.byte	1                               @ DW_AT_decl_file
	.short	572                             @ DW_AT_decl_line
	.byte	44                              @ DW_AT_data_member_location
	.byte	22                              @ Abbrev [22] 0x588:0xd DW_TAG_member
	.long	.Linfo_string91                 @ DW_AT_name
	.long	1015                            @ DW_AT_type
	.byte	1                               @ DW_AT_decl_file
	.short	575                             @ DW_AT_decl_line
	.byte	48                              @ DW_AT_data_member_location
	.byte	22                              @ Abbrev [22] 0x595:0xd DW_TAG_member
	.long	.Linfo_string92                 @ DW_AT_name
	.long	163                             @ DW_AT_type
	.byte	1                               @ DW_AT_decl_file
	.short	577                             @ DW_AT_decl_line
	.byte	52                              @ DW_AT_data_member_location
	.byte	22                              @ Abbrev [22] 0x5a2:0xd DW_TAG_member
	.long	.Linfo_string93                 @ DW_AT_name
	.long	163                             @ DW_AT_type
	.byte	1                               @ DW_AT_decl_file
	.short	589                             @ DW_AT_decl_line
	.byte	53                              @ DW_AT_data_member_location
	.byte	22                              @ Abbrev [22] 0x5af:0xd DW_TAG_member
	.long	.Linfo_string94                 @ DW_AT_name
	.long	163                             @ DW_AT_type
	.byte	1                               @ DW_AT_decl_file
	.short	590                             @ DW_AT_decl_line
	.byte	54                              @ DW_AT_data_member_location
	.byte	22                              @ Abbrev [22] 0x5bc:0xd DW_TAG_member
	.long	.Linfo_string95                 @ DW_AT_name
	.long	118                             @ DW_AT_type
	.byte	1                               @ DW_AT_decl_file
	.short	595                             @ DW_AT_decl_line
	.byte	56                              @ DW_AT_data_member_location
	.byte	22                              @ Abbrev [22] 0x5c9:0xd DW_TAG_member
	.long	.Linfo_string96                 @ DW_AT_name
	.long	118                             @ DW_AT_type
	.byte	1                               @ DW_AT_decl_file
	.short	599                             @ DW_AT_decl_line
	.byte	60                              @ DW_AT_data_member_location
	.byte	22                              @ Abbrev [22] 0x5d6:0xd DW_TAG_member
	.long	.Linfo_string97                 @ DW_AT_name
	.long	163                             @ DW_AT_type
	.byte	1                               @ DW_AT_decl_file
	.short	600                             @ DW_AT_decl_line
	.byte	64                              @ DW_AT_data_member_location
	.byte	22                              @ Abbrev [22] 0x5e3:0xd DW_TAG_member
	.long	.Linfo_string98                 @ DW_AT_name
	.long	192                             @ DW_AT_type
	.byte	1                               @ DW_AT_decl_file
	.short	614                             @ DW_AT_decl_line
	.byte	68                              @ DW_AT_data_member_location
	.byte	22                              @ Abbrev [22] 0x5f0:0xd DW_TAG_member
	.long	.Linfo_string99                 @ DW_AT_name
	.long	192                             @ DW_AT_type
	.byte	1                               @ DW_AT_decl_file
	.short	615                             @ DW_AT_decl_line
	.byte	72                              @ DW_AT_data_member_location
	.byte	22                              @ Abbrev [22] 0x5fd:0xd DW_TAG_member
	.long	.Linfo_string100                @ DW_AT_name
	.long	1573                            @ DW_AT_type
	.byte	1                               @ DW_AT_decl_file
	.short	617                             @ DW_AT_decl_line
	.byte	76                              @ DW_AT_data_member_location
	.byte	22                              @ Abbrev [22] 0x60a:0xd DW_TAG_member
	.long	.Linfo_string106                @ DW_AT_name
	.long	1697                            @ DW_AT_type
	.byte	1                               @ DW_AT_decl_file
	.short	619                             @ DW_AT_decl_line
	.byte	120                             @ DW_AT_data_member_location
	.byte	22                              @ Abbrev [22] 0x617:0xd DW_TAG_member
	.long	.Linfo_string81                 @ DW_AT_name
	.long	192                             @ DW_AT_type
	.byte	1                               @ DW_AT_decl_file
	.short	626                             @ DW_AT_decl_line
	.byte	124                             @ DW_AT_data_member_location
	.byte	0                               @ End Of Children Mark
	.byte	21                              @ Abbrev [21] 0x625:0x58 DW_TAG_structure_type
	.long	.Linfo_string105                @ DW_AT_name
	.byte	44                              @ DW_AT_byte_size
	.byte	1                               @ DW_AT_decl_file
	.short	448                             @ DW_AT_decl_line
	.byte	22                              @ Abbrev [22] 0x62e:0xd DW_TAG_member
	.long	.Linfo_string52                 @ DW_AT_name
	.long	848                             @ DW_AT_type
	.byte	1                               @ DW_AT_decl_file
	.short	450                             @ DW_AT_decl_line
	.byte	0                               @ DW_AT_data_member_location
	.byte	22                              @ Abbrev [22] 0x63b:0xd DW_TAG_member
	.long	.Linfo_string101                @ DW_AT_name
	.long	1661                            @ DW_AT_type
	.byte	1                               @ DW_AT_decl_file
	.short	452                             @ DW_AT_decl_line
	.byte	20                              @ DW_AT_data_member_location
	.byte	22                              @ Abbrev [22] 0x648:0xd DW_TAG_member
	.long	.Linfo_string102                @ DW_AT_name
	.long	1673                            @ DW_AT_type
	.byte	1                               @ DW_AT_decl_file
	.short	454                             @ DW_AT_decl_line
	.byte	28                              @ DW_AT_data_member_location
	.byte	22                              @ Abbrev [22] 0x655:0xd DW_TAG_member
	.long	.Linfo_string88                 @ DW_AT_name
	.long	1060                            @ DW_AT_type
	.byte	1                               @ DW_AT_decl_file
	.short	455                             @ DW_AT_decl_line
	.byte	32                              @ DW_AT_data_member_location
	.byte	22                              @ Abbrev [22] 0x662:0xd DW_TAG_member
	.long	.Linfo_string98                 @ DW_AT_name
	.long	1686                            @ DW_AT_type
	.byte	1                               @ DW_AT_decl_file
	.short	457                             @ DW_AT_decl_line
	.byte	36                              @ DW_AT_data_member_location
	.byte	22                              @ Abbrev [22] 0x66f:0xd DW_TAG_member
	.long	.Linfo_string104                @ DW_AT_name
	.long	1686                            @ DW_AT_type
	.byte	1                               @ DW_AT_decl_file
	.short	458                             @ DW_AT_decl_line
	.byte	40                              @ DW_AT_data_member_location
	.byte	0                               @ End Of Children Mark
	.byte	11                              @ Abbrev [11] 0x67d:0xc DW_TAG_array_type
	.long	922                             @ DW_AT_type
	.byte	12                              @ Abbrev [12] 0x682:0x6 DW_TAG_subrange_type
	.long	291                             @ DW_AT_type
	.byte	1                               @ DW_AT_count
	.byte	0                               @ End Of Children Mark
	.byte	8                               @ Abbrev [8] 0x689:0x5 DW_TAG_pointer_type
	.long	1678                            @ DW_AT_type
	.byte	29                              @ Abbrev [29] 0x68e:0x8 DW_TAG_subroutine_type
	.byte	1                               @ DW_AT_prototyped
	.byte	25                              @ Abbrev [25] 0x690:0x5 DW_TAG_formal_parameter
	.long	1060                            @ DW_AT_type
	.byte	0                               @ End Of Children Mark
	.byte	6                               @ Abbrev [6] 0x696:0xb DW_TAG_typedef
	.long	118                             @ DW_AT_type
	.long	.Linfo_string103                @ DW_AT_name
	.byte	1                               @ DW_AT_decl_file
	.byte	86                              @ DW_AT_decl_line
	.byte	8                               @ Abbrev [8] 0x6a1:0x5 DW_TAG_pointer_type
	.long	1702                            @ DW_AT_type
	.byte	29                              @ Abbrev [29] 0x6a6:0x8 DW_TAG_subroutine_type
	.byte	1                               @ DW_AT_prototyped
	.byte	25                              @ Abbrev [25] 0x6a8:0x5 DW_TAG_formal_parameter
	.long	1272                            @ DW_AT_type
	.byte	0                               @ End Of Children Mark
	.byte	0                               @ End Of Children Mark
.Ldebug_info_end0:
	.section	.debug_ranges,"",%progbits
.Ldebug_ranges0:
	.long	.Lfunc_begin0
	.long	.Lfunc_end0
	.long	.Lfunc_begin1
	.long	.Lfunc_end1
	.long	.Lfunc_begin2
	.long	.Lfunc_end2
	.long	.Lfunc_begin3
	.long	.Lfunc_end3
	.long	0
	.long	0
	.section	.debug_str,"MS",%progbits,1
.Linfo_string0:
	.asciz	"Component: ARM Compiler 6.16 Tool: armclang [5dfeb700]" @ string offset=0
.Linfo_string1:
	.asciz	"board/port\\filesystem.c"      @ string offset=55
.Linfo_string2:
	.asciz	"E:\\Smart-access-control\\Hardware\\CODE" @ string offset=79
.Linfo_string3:
	.asciz	"romfs_root"                    @ string offset=117
.Linfo_string4:
	.asciz	"type"                          @ string offset=128
.Linfo_string5:
	.asciz	"unsigned int"                  @ string offset=133
.Linfo_string6:
	.asciz	"rt_uint32_t"                   @ string offset=146
.Linfo_string7:
	.asciz	"name"                          @ string offset=158
.Linfo_string8:
	.asciz	"char"                          @ string offset=163
.Linfo_string9:
	.asciz	"data"                          @ string offset=168
.Linfo_string10:
	.asciz	"unsigned char"                 @ string offset=173
.Linfo_string11:
	.asciz	"rt_uint8_t"                    @ string offset=187
.Linfo_string12:
	.asciz	"size"                          @ string offset=198
.Linfo_string13:
	.asciz	"long unsigned int"             @ string offset=203
.Linfo_string14:
	.asciz	"rt_ubase_t"                    @ string offset=221
.Linfo_string15:
	.asciz	"rt_size_t"                     @ string offset=232
.Linfo_string16:
	.asciz	"romfs_dirent"                  @ string offset=242
.Linfo_string17:
	.asciz	"__rt_init_mount_init"          @ string offset=255
.Linfo_string18:
	.asciz	"int"                           @ string offset=276
.Linfo_string19:
	.asciz	"init_fn_t"                     @ string offset=280
.Linfo_string20:
	.asciz	"_romfs_root"                   @ string offset=290
.Linfo_string21:
	.asciz	"__ARRAY_SIZE_TYPE__"           @ string offset=302
.Linfo_string22:
	.asciz	"RT_Device_Class_Char"          @ string offset=322
.Linfo_string23:
	.asciz	"RT_Device_Class_Block"         @ string offset=343
.Linfo_string24:
	.asciz	"RT_Device_Class_NetIf"         @ string offset=365
.Linfo_string25:
	.asciz	"RT_Device_Class_MTD"           @ string offset=387
.Linfo_string26:
	.asciz	"RT_Device_Class_CAN"           @ string offset=407
.Linfo_string27:
	.asciz	"RT_Device_Class_RTC"           @ string offset=427
.Linfo_string28:
	.asciz	"RT_Device_Class_Sound"         @ string offset=447
.Linfo_string29:
	.asciz	"RT_Device_Class_Graphic"       @ string offset=469
.Linfo_string30:
	.asciz	"RT_Device_Class_I2CBUS"        @ string offset=493
.Linfo_string31:
	.asciz	"RT_Device_Class_USBDevice"     @ string offset=516
.Linfo_string32:
	.asciz	"RT_Device_Class_USBHost"       @ string offset=542
.Linfo_string33:
	.asciz	"RT_Device_Class_SPIBUS"        @ string offset=566
.Linfo_string34:
	.asciz	"RT_Device_Class_SPIDevice"     @ string offset=589
.Linfo_string35:
	.asciz	"RT_Device_Class_SDIO"          @ string offset=615
.Linfo_string36:
	.asciz	"RT_Device_Class_PM"            @ string offset=636
.Linfo_string37:
	.asciz	"RT_Device_Class_Pipe"          @ string offset=655
.Linfo_string38:
	.asciz	"RT_Device_Class_Portal"        @ string offset=676
.Linfo_string39:
	.asciz	"RT_Device_Class_Timer"         @ string offset=699
.Linfo_string40:
	.asciz	"RT_Device_Class_Miscellaneous" @ string offset=721
.Linfo_string41:
	.asciz	"RT_Device_Class_Sensor"        @ string offset=751
.Linfo_string42:
	.asciz	"RT_Device_Class_Touch"         @ string offset=774
.Linfo_string43:
	.asciz	"RT_Device_Class_Unknown"       @ string offset=796
.Linfo_string44:
	.asciz	"rt_device_class_type"          @ string offset=820
.Linfo_string45:
	.asciz	"long int"                      @ string offset=841
.Linfo_string46:
	.asciz	"rt_base_t"                     @ string offset=850
.Linfo_string47:
	.asciz	"mount_init"                    @ string offset=860
.Linfo_string48:
	.asciz	"sd_mount"                      @ string offset=871
.Linfo_string49:
	.asciz	"_sdcard_mount"                 @ string offset=880
.Linfo_string50:
	.asciz	"_sdcard_unmount"               @ string offset=894
.Linfo_string51:
	.asciz	"flash_dev"                     @ string offset=910
.Linfo_string52:
	.asciz	"parent"                        @ string offset=920
.Linfo_string53:
	.asciz	"flag"                          @ string offset=927
.Linfo_string54:
	.asciz	"list"                          @ string offset=932
.Linfo_string55:
	.asciz	"next"                          @ string offset=937
.Linfo_string56:
	.asciz	"prev"                          @ string offset=942
.Linfo_string57:
	.asciz	"rt_list_node"                  @ string offset=947
.Linfo_string58:
	.asciz	"rt_list_t"                     @ string offset=960
.Linfo_string59:
	.asciz	"rt_object"                     @ string offset=970
.Linfo_string60:
	.asciz	"unsigned short"                @ string offset=980
.Linfo_string61:
	.asciz	"rt_uint16_t"                   @ string offset=995
.Linfo_string62:
	.asciz	"open_flag"                     @ string offset=1007
.Linfo_string63:
	.asciz	"ref_count"                     @ string offset=1017
.Linfo_string64:
	.asciz	"device_id"                     @ string offset=1027
.Linfo_string65:
	.asciz	"rx_indicate"                   @ string offset=1037
.Linfo_string66:
	.asciz	"rt_err_t"                      @ string offset=1049
.Linfo_string67:
	.asciz	"rt_device_t"                   @ string offset=1058
.Linfo_string68:
	.asciz	"tx_complete"                   @ string offset=1070
.Linfo_string69:
	.asciz	"init"                          @ string offset=1082
.Linfo_string70:
	.asciz	"open"                          @ string offset=1087
.Linfo_string71:
	.asciz	"close"                         @ string offset=1092
.Linfo_string72:
	.asciz	"read"                          @ string offset=1098
.Linfo_string73:
	.asciz	"rt_off_t"                      @ string offset=1103
.Linfo_string74:
	.asciz	"write"                         @ string offset=1112
.Linfo_string75:
	.asciz	"control"                       @ string offset=1118
.Linfo_string76:
	.asciz	"fops"                          @ string offset=1126
.Linfo_string77:
	.asciz	"dfs_file_ops"                  @ string offset=1131
.Linfo_string78:
	.asciz	"wait_queue"                    @ string offset=1144
.Linfo_string79:
	.asciz	"waiting_list"                  @ string offset=1155
.Linfo_string80:
	.asciz	"rt_wqueue"                     @ string offset=1168
.Linfo_string81:
	.asciz	"user_data"                     @ string offset=1178
.Linfo_string82:
	.asciz	"rt_device"                     @ string offset=1188
.Linfo_string83:
	.asciz	"tid"                           @ string offset=1198
.Linfo_string84:
	.asciz	"flags"                         @ string offset=1202
.Linfo_string85:
	.asciz	"tlist"                         @ string offset=1208
.Linfo_string86:
	.asciz	"sp"                            @ string offset=1214
.Linfo_string87:
	.asciz	"entry"                         @ string offset=1217
.Linfo_string88:
	.asciz	"parameter"                     @ string offset=1223
.Linfo_string89:
	.asciz	"stack_addr"                    @ string offset=1233
.Linfo_string90:
	.asciz	"stack_size"                    @ string offset=1244
.Linfo_string91:
	.asciz	"error"                         @ string offset=1255
.Linfo_string92:
	.asciz	"stat"                          @ string offset=1261
.Linfo_string93:
	.asciz	"current_priority"              @ string offset=1266
.Linfo_string94:
	.asciz	"init_priority"                 @ string offset=1283
.Linfo_string95:
	.asciz	"number_mask"                   @ string offset=1297
.Linfo_string96:
	.asciz	"event_set"                     @ string offset=1309
.Linfo_string97:
	.asciz	"event_info"                    @ string offset=1319
.Linfo_string98:
	.asciz	"init_tick"                     @ string offset=1330
.Linfo_string99:
	.asciz	"remaining_tick"                @ string offset=1340
.Linfo_string100:
	.asciz	"thread_timer"                  @ string offset=1355
.Linfo_string101:
	.asciz	"row"                           @ string offset=1368
.Linfo_string102:
	.asciz	"timeout_func"                  @ string offset=1372
.Linfo_string103:
	.asciz	"rt_tick_t"                     @ string offset=1385
.Linfo_string104:
	.asciz	"timeout_tick"                  @ string offset=1395
.Linfo_string105:
	.asciz	"rt_timer"                      @ string offset=1408
.Linfo_string106:
	.asciz	"cleanup"                       @ string offset=1417
.Linfo_string107:
	.asciz	"rt_thread"                     @ string offset=1425
.Linfo_string108:
	.asciz	"rt_thread_t"                   @ string offset=1435
.Linfo_string109:
	.asciz	"re_sd_check_pin"               @ string offset=1447
.Linfo_string110:
	.asciz	"device"                        @ string offset=1463
	.ident	"Component: ARM Compiler 6.16 Tool: armclang [5dfeb700]"
	.section	".note.GNU-stack","",%progbits
	.eabi_attribute	30, 6	@ Tag_ABI_optimization_goals
	.ARM_attribute	16, 1	@ Tag_AV_eba
	.section	.debug_line,"",%progbits
.Lline_table_start0:
