	.text
	.syntax unified
	.eabi_attribute	67, "2.09"	@ Tag_conformance
	.cpu	cortex-m7
	.eabi_attribute	6, 13	@ Tag_CPU_arch
	.eabi_attribute	7, 77	@ Tag_CPU_arch_profile
	.eabi_attribute	8, 0	@ Tag_ARM_ISA_use
	.eabi_attribute	9, 2	@ Tag_THUMB_ISA_use
	.fpu	fpv5-d16
	.eabi_attribute	36, 1	@ Tag_FP_HP_extension
	.eabi_attribute	34, 1	@ Tag_CPU_unaligned_access
	.eabi_attribute	17, 1	@ Tag_ABI_PCS_GOT_use
	.eabi_attribute	20, 2	@ Tag_ABI_FP_denormal
	.eabi_attribute	21, 0	@ Tag_ABI_FP_exceptions
	.eabi_attribute	23, 1	@ Tag_ABI_FP_number_model
	.eabi_attribute	24, 1	@ Tag_ABI_align_needed
	.eabi_attribute	25, 1	@ Tag_ABI_align_preserved
	.eabi_attribute	28, 1	@ Tag_ABI_VFP_args
	.eabi_attribute	38, 1	@ Tag_ABI_FP_16bit_format
	.eabi_attribute	18, 2	@ Tag_ABI_PCS_wchar_t
	.eabi_attribute	26, 1	@ Tag_ABI_enum_size
	.eabi_attribute	14, 0	@ Tag_ABI_PCS_R9_use
	.file	"finsh_init.c"
	.section	.text.finsh_init,"ax",%progbits
	.hidden	finsh_init                      @ -- Begin function finsh_init
	.globl	finsh_init
	.p2align	3
	.type	finsh_init,%function
	.code	16                              @ @finsh_init
	.thumb_func
finsh_init:
.Lfunc_begin0:
	.file	1 "E:\\Smart-access-control\\Hardware\\CODE" "rt-thread/components/finsh/finsh_init.c"
	.loc	1 20 0                          @ rt-thread/components/finsh/finsh_init.c:20:0
	.fnstart
	.cfi_sections .debug_frame
	.cfi_startproc
@ %bb.0:
	@DEBUG_VALUE: finsh_init:parser <- $r0
	@DEBUG_VALUE: finsh_init:parser <- $r0
	@DEBUG_VALUE: finsh_init:parser <- $r0
	.save	{r7, lr}
	push	{r7, lr}
	.cfi_def_cfa_offset 8
	.cfi_offset lr, -4
	.cfi_offset r7, -8
.Ltmp0:
	.loc	1 21 5 prologue_end             @ rt-thread/components/finsh/finsh_init.c:21:5
	bl	finsh_parser_init
.Ltmp1:
	@DEBUG_VALUE: finsh_init:parser <- [DW_OP_LLVM_entry_value 1] $r0
	.loc	1 24 5                          @ rt-thread/components/finsh/finsh_init.c:24:5
	bl	finsh_node_init
	.loc	1 25 5                          @ rt-thread/components/finsh/finsh_init.c:25:5
	bl	finsh_var_init
	.loc	1 26 5                          @ rt-thread/components/finsh/finsh_init.c:26:5
	bl	finsh_error_init
	.loc	1 27 5                          @ rt-thread/components/finsh/finsh_init.c:27:5
	bl	finsh_heap_init
	.loc	1 29 5                          @ rt-thread/components/finsh/finsh_init.c:29:5
	movs	r0, #0
	pop	{r7, pc}
.Ltmp2:
.Lfunc_end0:
	.size	finsh_init, .Lfunc_end0-finsh_init
	.cfi_endproc
	.cantunwind
	.fnend
                                        @ -- End function
	.section	.text.finsh_stack_bottom,"ax",%progbits
	.hidden	finsh_stack_bottom              @ -- Begin function finsh_stack_bottom
	.globl	finsh_stack_bottom
	.p2align	3
	.type	finsh_stack_bottom,%function
	.code	16                              @ @finsh_stack_bottom
	.thumb_func
finsh_stack_bottom:
.Lfunc_begin1:
	.loc	1 33 0                          @ rt-thread/components/finsh/finsh_init.c:33:0
	.fnstart
	.cfi_startproc
@ %bb.0:
	.loc	1 34 30 prologue_end            @ rt-thread/components/finsh/finsh_init.c:34:30
	movw	r0, :lower16:finsh_vm_stack
	movt	r0, :upper16:finsh_vm_stack
	ldr	r0, [r0]
	.loc	1 34 5 is_stmt 0                @ rt-thread/components/finsh/finsh_init.c:34:5
	bx	lr
.Ltmp3:
.Lfunc_end1:
	.size	finsh_stack_bottom, .Lfunc_end1-finsh_stack_bottom
	.cfi_endproc
	.cantunwind
	.fnend
                                        @ -- End function
	.section	.text.finsh_flush,"ax",%progbits
	.hidden	finsh_flush                     @ -- Begin function finsh_flush
	.globl	finsh_flush
	.p2align	3
	.type	finsh_flush,%function
	.code	16                              @ @finsh_flush
	.thumb_func
finsh_flush:
.Lfunc_begin2:
	.loc	1 38 0 is_stmt 1                @ rt-thread/components/finsh/finsh_init.c:38:0
	.fnstart
	.cfi_startproc
@ %bb.0:
	@DEBUG_VALUE: finsh_flush:parser <- $r0
	@DEBUG_VALUE: finsh_flush:parser <- $r0
	@DEBUG_VALUE: finsh_flush:parser <- $r0
	.save	{r7, lr}
	push	{r7, lr}
	.cfi_def_cfa_offset 8
	.cfi_offset lr, -4
	.cfi_offset r7, -8
.Ltmp4:
	.loc	1 39 5 prologue_end             @ rt-thread/components/finsh/finsh_init.c:39:5
	bl	finsh_parser_init
.Ltmp5:
	@DEBUG_VALUE: finsh_flush:parser <- [DW_OP_LLVM_entry_value 1] $r0
	.loc	1 42 5                          @ rt-thread/components/finsh/finsh_init.c:42:5
	bl	finsh_node_init
	.loc	1 43 5                          @ rt-thread/components/finsh/finsh_init.c:43:5
	bl	finsh_error_init
	.loc	1 45 5                          @ rt-thread/components/finsh/finsh_init.c:45:5
	movs	r0, #0
	pop	{r7, pc}
.Ltmp6:
.Lfunc_end2:
	.size	finsh_flush, .Lfunc_end2-finsh_flush
	.cfi_endproc
	.cantunwind
	.fnend
                                        @ -- End function
	.section	.text.finsh_reset,"ax",%progbits
	.hidden	finsh_reset                     @ -- Begin function finsh_reset
	.globl	finsh_reset
	.p2align	3
	.type	finsh_reset,%function
	.code	16                              @ @finsh_reset
	.thumb_func
finsh_reset:
.Lfunc_begin3:
	.loc	1 49 0                          @ rt-thread/components/finsh/finsh_init.c:49:0
	.fnstart
	.cfi_startproc
@ %bb.0:
	@DEBUG_VALUE: finsh_reset:parser <- $r0
	.save	{r7, lr}
	push	{r7, lr}
	.cfi_def_cfa_offset 8
	.cfi_offset lr, -4
	.cfi_offset r7, -8
.Ltmp7:
	.loc	1 51 5 prologue_end             @ rt-thread/components/finsh/finsh_init.c:51:5
	bl	finsh_node_init
.Ltmp8:
	@DEBUG_VALUE: finsh_reset:parser <- [DW_OP_LLVM_entry_value 1] $r0
	.loc	1 52 5                          @ rt-thread/components/finsh/finsh_init.c:52:5
	bl	finsh_var_init
	.loc	1 53 5                          @ rt-thread/components/finsh/finsh_init.c:53:5
	bl	finsh_error_init
	.loc	1 54 5                          @ rt-thread/components/finsh/finsh_init.c:54:5
	bl	finsh_heap_init
	.loc	1 56 5                          @ rt-thread/components/finsh/finsh_init.c:56:5
	movs	r0, #0
	pop	{r7, pc}
.Ltmp9:
.Lfunc_end3:
	.size	finsh_reset, .Lfunc_end3-finsh_reset
	.cfi_endproc
	.cantunwind
	.fnend
                                        @ -- End function
	.file	2 "D:\\Keil_v5\\ARM\\ARMCLANG\\Bin\\..\\include" "stdint.h"
	.file	3 "E:\\Smart-access-control\\Hardware\\CODE" "rt-thread/components/finsh\\finsh.h"
	.file	4 "E:\\Smart-access-control\\Hardware\\CODE" "rt-thread/components/finsh/finsh_var.h"
	.file	5 "E:\\Smart-access-control\\Hardware\\CODE" "rt-thread/components/finsh/finsh_api.h"
	.section	.debug_loc,"",%progbits
.Ldebug_loc0:
	.long	-1
	.long	.Lfunc_begin0                   @   base address
	.long	.Lfunc_begin0-.Lfunc_begin0
	.long	.Ltmp1-.Lfunc_begin0
	.short	1                               @ Loc expr size
	.byte	80                              @ DW_OP_reg0
	.long	.Ltmp1-.Lfunc_begin0
	.long	.Lfunc_end0-.Lfunc_begin0
	.short	3                               @ Loc expr size
	.byte	163                             @ DW_OP_entry_value
	.byte	1                               @ 1
	.byte	80                              @ DW_OP_reg0
	.long	0
	.long	0
.Ldebug_loc1:
	.long	-1
	.long	.Lfunc_begin2                   @   base address
	.long	.Lfunc_begin2-.Lfunc_begin2
	.long	.Ltmp5-.Lfunc_begin2
	.short	1                               @ Loc expr size
	.byte	80                              @ DW_OP_reg0
	.long	.Ltmp5-.Lfunc_begin2
	.long	.Lfunc_end2-.Lfunc_begin2
	.short	3                               @ Loc expr size
	.byte	163                             @ DW_OP_entry_value
	.byte	1                               @ 1
	.byte	80                              @ DW_OP_reg0
	.long	0
	.long	0
.Ldebug_loc2:
	.long	-1
	.long	.Lfunc_begin3                   @   base address
	.long	.Lfunc_begin3-.Lfunc_begin3
	.long	.Ltmp8-.Lfunc_begin3
	.short	1                               @ Loc expr size
	.byte	80                              @ DW_OP_reg0
	.long	.Ltmp8-.Lfunc_begin3
	.long	.Lfunc_end3-.Lfunc_begin3
	.short	3                               @ Loc expr size
	.byte	163                             @ DW_OP_entry_value
	.byte	1                               @ 1
	.byte	80                              @ DW_OP_reg0
	.long	0
	.long	0
	.section	.debug_abbrev,"",%progbits
	.byte	1                               @ Abbreviation Code
	.byte	17                              @ DW_TAG_compile_unit
	.byte	1                               @ DW_CHILDREN_yes
	.byte	37                              @ DW_AT_producer
	.byte	14                              @ DW_FORM_strp
	.byte	19                              @ DW_AT_language
	.byte	5                               @ DW_FORM_data2
	.byte	3                               @ DW_AT_name
	.byte	14                              @ DW_FORM_strp
	.byte	16                              @ DW_AT_stmt_list
	.byte	6                               @ DW_FORM_data4
	.byte	27                              @ DW_AT_comp_dir
	.byte	14                              @ DW_FORM_strp
	.byte	17                              @ DW_AT_low_pc
	.byte	1                               @ DW_FORM_addr
	.byte	85                              @ DW_AT_ranges
	.byte	6                               @ DW_FORM_data4
	.byte	0                               @ EOM(1)
	.byte	0                               @ EOM(2)
	.byte	2                               @ Abbreviation Code
	.byte	46                              @ DW_TAG_subprogram
	.byte	1                               @ DW_CHILDREN_yes
	.byte	17                              @ DW_AT_low_pc
	.byte	1                               @ DW_FORM_addr
	.byte	18                              @ DW_AT_high_pc
	.byte	1                               @ DW_FORM_addr
	.byte	64                              @ DW_AT_frame_base
	.byte	10                              @ DW_FORM_block1
	.byte	3                               @ DW_AT_name
	.byte	14                              @ DW_FORM_strp
	.byte	58                              @ DW_AT_decl_file
	.byte	11                              @ DW_FORM_data1
	.byte	59                              @ DW_AT_decl_line
	.byte	11                              @ DW_FORM_data1
	.byte	39                              @ DW_AT_prototyped
	.byte	12                              @ DW_FORM_flag
	.byte	73                              @ DW_AT_type
	.byte	19                              @ DW_FORM_ref4
	.byte	63                              @ DW_AT_external
	.byte	12                              @ DW_FORM_flag
	.byte	0                               @ EOM(1)
	.byte	0                               @ EOM(2)
	.byte	3                               @ Abbreviation Code
	.byte	5                               @ DW_TAG_formal_parameter
	.byte	0                               @ DW_CHILDREN_no
	.byte	2                               @ DW_AT_location
	.byte	6                               @ DW_FORM_data4
	.byte	3                               @ DW_AT_name
	.byte	14                              @ DW_FORM_strp
	.byte	58                              @ DW_AT_decl_file
	.byte	11                              @ DW_FORM_data1
	.byte	59                              @ DW_AT_decl_line
	.byte	11                              @ DW_FORM_data1
	.byte	73                              @ DW_AT_type
	.byte	19                              @ DW_FORM_ref4
	.byte	0                               @ EOM(1)
	.byte	0                               @ EOM(2)
	.byte	4                               @ Abbreviation Code
	.byte	46                              @ DW_TAG_subprogram
	.byte	0                               @ DW_CHILDREN_no
	.byte	17                              @ DW_AT_low_pc
	.byte	1                               @ DW_FORM_addr
	.byte	18                              @ DW_AT_high_pc
	.byte	1                               @ DW_FORM_addr
	.byte	64                              @ DW_AT_frame_base
	.byte	10                              @ DW_FORM_block1
	.byte	3                               @ DW_AT_name
	.byte	14                              @ DW_FORM_strp
	.byte	58                              @ DW_AT_decl_file
	.byte	11                              @ DW_FORM_data1
	.byte	59                              @ DW_AT_decl_line
	.byte	11                              @ DW_FORM_data1
	.byte	39                              @ DW_AT_prototyped
	.byte	12                              @ DW_FORM_flag
	.byte	73                              @ DW_AT_type
	.byte	19                              @ DW_FORM_ref4
	.byte	63                              @ DW_AT_external
	.byte	12                              @ DW_FORM_flag
	.byte	0                               @ EOM(1)
	.byte	0                               @ EOM(2)
	.byte	5                               @ Abbreviation Code
	.byte	36                              @ DW_TAG_base_type
	.byte	0                               @ DW_CHILDREN_no
	.byte	3                               @ DW_AT_name
	.byte	14                              @ DW_FORM_strp
	.byte	62                              @ DW_AT_encoding
	.byte	11                              @ DW_FORM_data1
	.byte	11                              @ DW_AT_byte_size
	.byte	11                              @ DW_FORM_data1
	.byte	0                               @ EOM(1)
	.byte	0                               @ EOM(2)
	.byte	6                               @ Abbreviation Code
	.byte	15                              @ DW_TAG_pointer_type
	.byte	0                               @ DW_CHILDREN_no
	.byte	73                              @ DW_AT_type
	.byte	19                              @ DW_FORM_ref4
	.byte	0                               @ EOM(1)
	.byte	0                               @ EOM(2)
	.byte	7                               @ Abbreviation Code
	.byte	19                              @ DW_TAG_structure_type
	.byte	1                               @ DW_CHILDREN_yes
	.byte	3                               @ DW_AT_name
	.byte	14                              @ DW_FORM_strp
	.byte	11                              @ DW_AT_byte_size
	.byte	11                              @ DW_FORM_data1
	.byte	58                              @ DW_AT_decl_file
	.byte	11                              @ DW_FORM_data1
	.byte	59                              @ DW_AT_decl_line
	.byte	11                              @ DW_FORM_data1
	.byte	0                               @ EOM(1)
	.byte	0                               @ EOM(2)
	.byte	8                               @ Abbreviation Code
	.byte	13                              @ DW_TAG_member
	.byte	0                               @ DW_CHILDREN_no
	.byte	3                               @ DW_AT_name
	.byte	14                              @ DW_FORM_strp
	.byte	73                              @ DW_AT_type
	.byte	19                              @ DW_FORM_ref4
	.byte	58                              @ DW_AT_decl_file
	.byte	11                              @ DW_FORM_data1
	.byte	59                              @ DW_AT_decl_line
	.byte	11                              @ DW_FORM_data1
	.byte	56                              @ DW_AT_data_member_location
	.byte	11                              @ DW_FORM_data1
	.byte	0                               @ EOM(1)
	.byte	0                               @ EOM(2)
	.byte	9                               @ Abbreviation Code
	.byte	22                              @ DW_TAG_typedef
	.byte	0                               @ DW_CHILDREN_no
	.byte	73                              @ DW_AT_type
	.byte	19                              @ DW_FORM_ref4
	.byte	3                               @ DW_AT_name
	.byte	14                              @ DW_FORM_strp
	.byte	58                              @ DW_AT_decl_file
	.byte	11                              @ DW_FORM_data1
	.byte	59                              @ DW_AT_decl_line
	.byte	11                              @ DW_FORM_data1
	.byte	0                               @ EOM(1)
	.byte	0                               @ EOM(2)
	.byte	10                              @ Abbreviation Code
	.byte	23                              @ DW_TAG_union_type
	.byte	1                               @ DW_CHILDREN_yes
	.byte	11                              @ DW_AT_byte_size
	.byte	11                              @ DW_FORM_data1
	.byte	58                              @ DW_AT_decl_file
	.byte	11                              @ DW_FORM_data1
	.byte	59                              @ DW_AT_decl_line
	.byte	11                              @ DW_FORM_data1
	.byte	0                               @ EOM(1)
	.byte	0                               @ EOM(2)
	.byte	11                              @ Abbreviation Code
	.byte	1                               @ DW_TAG_array_type
	.byte	1                               @ DW_CHILDREN_yes
	.byte	73                              @ DW_AT_type
	.byte	19                              @ DW_FORM_ref4
	.byte	0                               @ EOM(1)
	.byte	0                               @ EOM(2)
	.byte	12                              @ Abbreviation Code
	.byte	33                              @ DW_TAG_subrange_type
	.byte	0                               @ DW_CHILDREN_no
	.byte	73                              @ DW_AT_type
	.byte	19                              @ DW_FORM_ref4
	.byte	55                              @ DW_AT_count
	.byte	11                              @ DW_FORM_data1
	.byte	0                               @ EOM(1)
	.byte	0                               @ EOM(2)
	.byte	13                              @ Abbreviation Code
	.byte	36                              @ DW_TAG_base_type
	.byte	0                               @ DW_CHILDREN_no
	.byte	3                               @ DW_AT_name
	.byte	14                              @ DW_FORM_strp
	.byte	11                              @ DW_AT_byte_size
	.byte	11                              @ DW_FORM_data1
	.byte	62                              @ DW_AT_encoding
	.byte	11                              @ DW_FORM_data1
	.byte	0                               @ EOM(1)
	.byte	0                               @ EOM(2)
	.byte	14                              @ Abbreviation Code
	.byte	15                              @ DW_TAG_pointer_type
	.byte	0                               @ DW_CHILDREN_no
	.byte	0                               @ EOM(1)
	.byte	0                               @ EOM(2)
	.byte	15                              @ Abbreviation Code
	.byte	38                              @ DW_TAG_const_type
	.byte	0                               @ DW_CHILDREN_no
	.byte	73                              @ DW_AT_type
	.byte	19                              @ DW_FORM_ref4
	.byte	0                               @ EOM(1)
	.byte	0                               @ EOM(2)
	.byte	16                              @ Abbreviation Code
	.byte	21                              @ DW_TAG_subroutine_type
	.byte	0                               @ DW_CHILDREN_no
	.byte	73                              @ DW_AT_type
	.byte	19                              @ DW_FORM_ref4
	.byte	39                              @ DW_AT_prototyped
	.byte	12                              @ DW_FORM_flag
	.byte	0                               @ EOM(1)
	.byte	0                               @ EOM(2)
	.byte	0                               @ EOM(3)
	.section	.debug_info,"",%progbits
.Lcu_begin0:
	.long	.Ldebug_info_end0-.Ldebug_info_start0 @ Length of Unit
.Ldebug_info_start0:
	.short	3                               @ DWARF version number
	.long	.debug_abbrev                   @ Offset Into Abbrev. Section
	.byte	4                               @ Address Size (in bytes)
	.byte	1                               @ Abbrev [1] 0xb:0x382 DW_TAG_compile_unit
	.long	.Linfo_string0                  @ DW_AT_producer
	.short	12                              @ DW_AT_language
	.long	.Linfo_string1                  @ DW_AT_name
	.long	.Lline_table_start0             @ DW_AT_stmt_list
	.long	.Linfo_string2                  @ DW_AT_comp_dir
	.long	0                               @ DW_AT_low_pc
	.long	.Ldebug_ranges0                 @ DW_AT_ranges
	.byte	2                               @ Abbrev [2] 0x26:0x27 DW_TAG_subprogram
	.long	.Lfunc_begin0                   @ DW_AT_low_pc
	.long	.Lfunc_end0                     @ DW_AT_high_pc
	.byte	1                               @ DW_AT_frame_base
	.byte	93
	.long	.Linfo_string3                  @ DW_AT_name
	.byte	1                               @ DW_AT_decl_file
	.byte	19                              @ DW_AT_decl_line
	.byte	1                               @ DW_AT_prototyped
	.long	178                             @ DW_AT_type
	.byte	1                               @ DW_AT_external
	.byte	3                               @ Abbrev [3] 0x3d:0xf DW_TAG_formal_parameter
	.long	.Ldebug_loc0                    @ DW_AT_location
	.long	.Linfo_string9                  @ DW_AT_name
	.byte	1                               @ DW_AT_decl_file
	.byte	19                              @ DW_AT_decl_line
	.long	192                             @ DW_AT_type
	.byte	0                               @ End Of Children Mark
	.byte	4                               @ Abbrev [4] 0x4d:0x17 DW_TAG_subprogram
	.long	.Lfunc_begin1                   @ DW_AT_low_pc
	.long	.Lfunc_end1                     @ DW_AT_high_pc
	.byte	1                               @ DW_AT_frame_base
	.byte	93
	.long	.Linfo_string5                  @ DW_AT_name
	.byte	1                               @ DW_AT_decl_file
	.byte	32                              @ DW_AT_decl_line
	.byte	1                               @ DW_AT_prototyped
	.long	185                             @ DW_AT_type
	.byte	1                               @ DW_AT_external
	.byte	2                               @ Abbrev [2] 0x64:0x27 DW_TAG_subprogram
	.long	.Lfunc_begin2                   @ DW_AT_low_pc
	.long	.Lfunc_end2                     @ DW_AT_high_pc
	.byte	1                               @ DW_AT_frame_base
	.byte	93
	.long	.Linfo_string7                  @ DW_AT_name
	.byte	1                               @ DW_AT_decl_file
	.byte	37                              @ DW_AT_decl_line
	.byte	1                               @ DW_AT_prototyped
	.long	178                             @ DW_AT_type
	.byte	1                               @ DW_AT_external
	.byte	3                               @ Abbrev [3] 0x7b:0xf DW_TAG_formal_parameter
	.long	.Ldebug_loc1                    @ DW_AT_location
	.long	.Linfo_string9                  @ DW_AT_name
	.byte	1                               @ DW_AT_decl_file
	.byte	37                              @ DW_AT_decl_line
	.long	192                             @ DW_AT_type
	.byte	0                               @ End Of Children Mark
	.byte	2                               @ Abbrev [2] 0x8b:0x27 DW_TAG_subprogram
	.long	.Lfunc_begin3                   @ DW_AT_low_pc
	.long	.Lfunc_end3                     @ DW_AT_high_pc
	.byte	1                               @ DW_AT_frame_base
	.byte	93
	.long	.Linfo_string8                  @ DW_AT_name
	.byte	1                               @ DW_AT_decl_file
	.byte	48                              @ DW_AT_decl_line
	.byte	1                               @ DW_AT_prototyped
	.long	178                             @ DW_AT_type
	.byte	1                               @ DW_AT_external
	.byte	3                               @ Abbrev [3] 0xa2:0xf DW_TAG_formal_parameter
	.long	.Ldebug_loc2                    @ DW_AT_location
	.long	.Linfo_string9                  @ DW_AT_name
	.byte	1                               @ DW_AT_decl_file
	.byte	48                              @ DW_AT_decl_line
	.long	192                             @ DW_AT_type
	.byte	0                               @ End Of Children Mark
	.byte	5                               @ Abbrev [5] 0xb2:0x7 DW_TAG_base_type
	.long	.Linfo_string4                  @ DW_AT_name
	.byte	5                               @ DW_AT_encoding
	.byte	4                               @ DW_AT_byte_size
	.byte	5                               @ Abbrev [5] 0xb9:0x7 DW_TAG_base_type
	.long	.Linfo_string6                  @ DW_AT_name
	.byte	5                               @ DW_AT_encoding
	.byte	4                               @ DW_AT_byte_size
	.byte	6                               @ Abbrev [6] 0xc0:0x5 DW_TAG_pointer_type
	.long	197                             @ DW_AT_type
	.byte	7                               @ Abbrev [7] 0xc5:0x2d DW_TAG_structure_type
	.long	.Linfo_string49                 @ DW_AT_name
	.byte	156                             @ DW_AT_byte_size
	.byte	3                               @ DW_AT_decl_file
	.byte	171                             @ DW_AT_decl_line
	.byte	8                               @ Abbrev [8] 0xcd:0xc DW_TAG_member
	.long	.Linfo_string10                 @ DW_AT_name
	.long	242                             @ DW_AT_type
	.byte	3                               @ DW_AT_decl_file
	.byte	173                             @ DW_AT_decl_line
	.byte	0                               @ DW_AT_data_member_location
	.byte	8                               @ Abbrev [8] 0xd9:0xc DW_TAG_member
	.long	.Linfo_string13                 @ DW_AT_name
	.long	265                             @ DW_AT_type
	.byte	3                               @ DW_AT_decl_file
	.byte	175                             @ DW_AT_decl_line
	.byte	4                               @ DW_AT_data_member_location
	.byte	8                               @ Abbrev [8] 0xe5:0xc DW_TAG_member
	.long	.Linfo_string27                 @ DW_AT_name
	.long	425                             @ DW_AT_type
	.byte	3                               @ DW_AT_decl_file
	.byte	176                             @ DW_AT_decl_line
	.byte	152                             @ DW_AT_data_member_location
	.byte	0                               @ End Of Children Mark
	.byte	6                               @ Abbrev [6] 0xf2:0x5 DW_TAG_pointer_type
	.long	247                             @ DW_AT_type
	.byte	9                               @ Abbrev [9] 0xf7:0xb DW_TAG_typedef
	.long	258                             @ DW_AT_type
	.long	.Linfo_string12                 @ DW_AT_name
	.byte	2                               @ DW_AT_decl_file
	.byte	62                              @ DW_AT_decl_line
	.byte	5                               @ Abbrev [5] 0x102:0x7 DW_TAG_base_type
	.long	.Linfo_string11                 @ DW_AT_name
	.byte	8                               @ DW_AT_encoding
	.byte	1                               @ DW_AT_byte_size
	.byte	7                               @ Abbrev [7] 0x109:0x86 DW_TAG_structure_type
	.long	.Linfo_string26                 @ DW_AT_name
	.byte	148                             @ DW_AT_byte_size
	.byte	3                               @ DW_AT_decl_file
	.byte	124                             @ DW_AT_decl_line
	.byte	8                               @ Abbrev [8] 0x111:0xc DW_TAG_member
	.long	.Linfo_string14                 @ DW_AT_name
	.long	399                             @ DW_AT_type
	.byte	3                               @ DW_AT_decl_file
	.byte	126                             @ DW_AT_decl_line
	.byte	0                               @ DW_AT_data_member_location
	.byte	8                               @ Abbrev [8] 0x11d:0xc DW_TAG_member
	.long	.Linfo_string16                 @ DW_AT_name
	.long	399                             @ DW_AT_type
	.byte	3                               @ DW_AT_decl_file
	.byte	127                             @ DW_AT_decl_line
	.byte	1                               @ DW_AT_data_member_location
	.byte	8                               @ Abbrev [8] 0x129:0xc DW_TAG_member
	.long	.Linfo_string17                 @ DW_AT_name
	.long	178                             @ DW_AT_type
	.byte	3                               @ DW_AT_decl_file
	.byte	129                             @ DW_AT_decl_line
	.byte	4                               @ DW_AT_data_member_location
	.byte	8                               @ Abbrev [8] 0x135:0xc DW_TAG_member
	.long	.Linfo_string18                 @ DW_AT_name
	.long	247                             @ DW_AT_type
	.byte	3                               @ DW_AT_decl_file
	.byte	130                             @ DW_AT_decl_line
	.byte	8                               @ DW_AT_data_member_location
	.byte	8                               @ Abbrev [8] 0x141:0xc DW_TAG_member
	.long	.Linfo_string19                 @ DW_AT_name
	.long	333                             @ DW_AT_type
	.byte	3                               @ DW_AT_decl_file
	.byte	136                             @ DW_AT_decl_line
	.byte	12                              @ DW_AT_data_member_location
	.byte	10                              @ Abbrev [10] 0x14d:0x29 DW_TAG_union_type
	.byte	4                               @ DW_AT_byte_size
	.byte	3                               @ DW_AT_decl_file
	.byte	132                             @ DW_AT_decl_line
	.byte	8                               @ Abbrev [8] 0x151:0xc DW_TAG_member
	.long	.Linfo_string20                 @ DW_AT_name
	.long	399                             @ DW_AT_type
	.byte	3                               @ DW_AT_decl_file
	.byte	133                             @ DW_AT_decl_line
	.byte	0                               @ DW_AT_data_member_location
	.byte	8                               @ Abbrev [8] 0x15d:0xc DW_TAG_member
	.long	.Linfo_string21                 @ DW_AT_name
	.long	178                             @ DW_AT_type
	.byte	3                               @ DW_AT_decl_file
	.byte	134                             @ DW_AT_decl_line
	.byte	0                               @ DW_AT_data_member_location
	.byte	8                               @ Abbrev [8] 0x169:0xc DW_TAG_member
	.long	.Linfo_string22                 @ DW_AT_name
	.long	185                             @ DW_AT_type
	.byte	3                               @ DW_AT_decl_file
	.byte	135                             @ DW_AT_decl_line
	.byte	0                               @ DW_AT_data_member_location
	.byte	0                               @ End Of Children Mark
	.byte	8                               @ Abbrev [8] 0x176:0xc DW_TAG_member
	.long	.Linfo_string23                 @ DW_AT_name
	.long	406                             @ DW_AT_type
	.byte	3                               @ DW_AT_decl_file
	.byte	137                             @ DW_AT_decl_line
	.byte	16                              @ DW_AT_data_member_location
	.byte	8                               @ Abbrev [8] 0x182:0xc DW_TAG_member
	.long	.Linfo_string25                 @ DW_AT_name
	.long	242                             @ DW_AT_type
	.byte	3                               @ DW_AT_decl_file
	.byte	139                             @ DW_AT_decl_line
	.byte	144                             @ DW_AT_data_member_location
	.byte	0                               @ End Of Children Mark
	.byte	5                               @ Abbrev [5] 0x18f:0x7 DW_TAG_base_type
	.long	.Linfo_string15                 @ DW_AT_name
	.byte	6                               @ DW_AT_encoding
	.byte	1                               @ DW_AT_byte_size
	.byte	11                              @ Abbrev [11] 0x196:0xc DW_TAG_array_type
	.long	247                             @ DW_AT_type
	.byte	12                              @ Abbrev [12] 0x19b:0x6 DW_TAG_subrange_type
	.long	418                             @ DW_AT_type
	.byte	128                             @ DW_AT_count
	.byte	0                               @ End Of Children Mark
	.byte	13                              @ Abbrev [13] 0x1a2:0x7 DW_TAG_base_type
	.long	.Linfo_string24                 @ DW_AT_name
	.byte	8                               @ DW_AT_byte_size
	.byte	7                               @ DW_AT_encoding
	.byte	6                               @ Abbrev [6] 0x1a9:0x5 DW_TAG_pointer_type
	.long	430                             @ DW_AT_type
	.byte	7                               @ Abbrev [7] 0x1ae:0xc7 DW_TAG_structure_type
	.long	.Linfo_string48                 @ DW_AT_name
	.byte	20                              @ DW_AT_byte_size
	.byte	3                               @ DW_AT_decl_file
	.byte	146                             @ DW_AT_decl_line
	.byte	8                               @ Abbrev [8] 0x1b6:0xc DW_TAG_member
	.long	.Linfo_string28                 @ DW_AT_name
	.long	247                             @ DW_AT_type
	.byte	3                               @ DW_AT_decl_file
	.byte	148                             @ DW_AT_decl_line
	.byte	0                               @ DW_AT_data_member_location
	.byte	8                               @ Abbrev [8] 0x1c2:0xc DW_TAG_member
	.long	.Linfo_string29                 @ DW_AT_name
	.long	247                             @ DW_AT_type
	.byte	3                               @ DW_AT_decl_file
	.byte	149                             @ DW_AT_decl_line
	.byte	1                               @ DW_AT_data_member_location
	.byte	8                               @ Abbrev [8] 0x1ce:0xc DW_TAG_member
	.long	.Linfo_string30                 @ DW_AT_name
	.long	247                             @ DW_AT_type
	.byte	3                               @ DW_AT_decl_file
	.byte	150                             @ DW_AT_decl_line
	.byte	2                               @ DW_AT_data_member_location
	.byte	8                               @ Abbrev [8] 0x1da:0xc DW_TAG_member
	.long	.Linfo_string19                 @ DW_AT_name
	.long	486                             @ DW_AT_type
	.byte	3                               @ DW_AT_decl_file
	.byte	158                             @ DW_AT_decl_line
	.byte	4                               @ DW_AT_data_member_location
	.byte	10                              @ Abbrev [10] 0x1e6:0x41 DW_TAG_union_type
	.byte	4                               @ DW_AT_byte_size
	.byte	3                               @ DW_AT_decl_file
	.byte	152                             @ DW_AT_decl_line
	.byte	8                               @ Abbrev [8] 0x1ea:0xc DW_TAG_member
	.long	.Linfo_string20                 @ DW_AT_name
	.long	399                             @ DW_AT_type
	.byte	3                               @ DW_AT_decl_file
	.byte	153                             @ DW_AT_decl_line
	.byte	0                               @ DW_AT_data_member_location
	.byte	8                               @ Abbrev [8] 0x1f6:0xc DW_TAG_member
	.long	.Linfo_string31                 @ DW_AT_name
	.long	629                             @ DW_AT_type
	.byte	3                               @ DW_AT_decl_file
	.byte	154                             @ DW_AT_decl_line
	.byte	0                               @ DW_AT_data_member_location
	.byte	8                               @ Abbrev [8] 0x202:0xc DW_TAG_member
	.long	.Linfo_string21                 @ DW_AT_name
	.long	178                             @ DW_AT_type
	.byte	3                               @ DW_AT_decl_file
	.byte	155                             @ DW_AT_decl_line
	.byte	0                               @ DW_AT_data_member_location
	.byte	8                               @ Abbrev [8] 0x20e:0xc DW_TAG_member
	.long	.Linfo_string22                 @ DW_AT_name
	.long	185                             @ DW_AT_type
	.byte	3                               @ DW_AT_decl_file
	.byte	156                             @ DW_AT_decl_line
	.byte	0                               @ DW_AT_data_member_location
	.byte	8                               @ Abbrev [8] 0x21a:0xc DW_TAG_member
	.long	.Linfo_string33                 @ DW_AT_name
	.long	636                             @ DW_AT_type
	.byte	3                               @ DW_AT_decl_file
	.byte	157                             @ DW_AT_decl_line
	.byte	0                               @ DW_AT_data_member_location
	.byte	0                               @ End Of Children Mark
	.byte	8                               @ Abbrev [8] 0x227:0xc DW_TAG_member
	.long	.Linfo_string34                 @ DW_AT_name
	.long	563                             @ DW_AT_type
	.byte	3                               @ DW_AT_decl_file
	.byte	165                             @ DW_AT_decl_line
	.byte	8                               @ DW_AT_data_member_location
	.byte	10                              @ Abbrev [10] 0x233:0x29 DW_TAG_union_type
	.byte	4                               @ DW_AT_byte_size
	.byte	3                               @ DW_AT_decl_file
	.byte	159                             @ DW_AT_decl_line
	.byte	8                               @ Abbrev [8] 0x237:0xc DW_TAG_member
	.long	.Linfo_string35                 @ DW_AT_name
	.long	637                             @ DW_AT_type
	.byte	3                               @ DW_AT_decl_file
	.byte	162                             @ DW_AT_decl_line
	.byte	0                               @ DW_AT_data_member_location
	.byte	8                               @ Abbrev [8] 0x243:0xc DW_TAG_member
	.long	.Linfo_string39                 @ DW_AT_name
	.long	764                             @ DW_AT_type
	.byte	3                               @ DW_AT_decl_file
	.byte	163                             @ DW_AT_decl_line
	.byte	0                               @ DW_AT_data_member_location
	.byte	8                               @ Abbrev [8] 0x24f:0xc DW_TAG_member
	.long	.Linfo_string42                 @ DW_AT_name
	.long	836                             @ DW_AT_type
	.byte	3                               @ DW_AT_decl_file
	.byte	164                             @ DW_AT_decl_line
	.byte	0                               @ DW_AT_data_member_location
	.byte	0                               @ End Of Children Mark
	.byte	8                               @ Abbrev [8] 0x25c:0xc DW_TAG_member
	.long	.Linfo_string46                 @ DW_AT_name
	.long	425                             @ DW_AT_type
	.byte	3                               @ DW_AT_decl_file
	.byte	168                             @ DW_AT_decl_line
	.byte	12                              @ DW_AT_data_member_location
	.byte	8                               @ Abbrev [8] 0x268:0xc DW_TAG_member
	.long	.Linfo_string47                 @ DW_AT_name
	.long	425                             @ DW_AT_type
	.byte	3                               @ DW_AT_decl_file
	.byte	168                             @ DW_AT_decl_line
	.byte	16                              @ DW_AT_data_member_location
	.byte	0                               @ End Of Children Mark
	.byte	5                               @ Abbrev [5] 0x275:0x7 DW_TAG_base_type
	.long	.Linfo_string32                 @ DW_AT_name
	.byte	5                               @ DW_AT_encoding
	.byte	2                               @ DW_AT_byte_size
	.byte	14                              @ Abbrev [14] 0x27c:0x1 DW_TAG_pointer_type
	.byte	6                               @ Abbrev [6] 0x27d:0x5 DW_TAG_pointer_type
	.long	642                             @ DW_AT_type
	.byte	7                               @ Abbrev [7] 0x282:0x6e DW_TAG_structure_type
	.long	.Linfo_string38                 @ DW_AT_name
	.byte	24                              @ DW_AT_byte_size
	.byte	4                               @ DW_AT_decl_file
	.byte	19                              @ DW_AT_decl_line
	.byte	8                               @ Abbrev [8] 0x28a:0xc DW_TAG_member
	.long	.Linfo_string36                 @ DW_AT_name
	.long	752                             @ DW_AT_type
	.byte	4                               @ DW_AT_decl_file
	.byte	21                              @ DW_AT_decl_line
	.byte	0                               @ DW_AT_data_member_location
	.byte	8                               @ Abbrev [8] 0x296:0xc DW_TAG_member
	.long	.Linfo_string37                 @ DW_AT_name
	.long	247                             @ DW_AT_type
	.byte	4                               @ DW_AT_decl_file
	.byte	23                              @ DW_AT_decl_line
	.byte	17                              @ DW_AT_data_member_location
	.byte	8                               @ Abbrev [8] 0x2a2:0xc DW_TAG_member
	.long	.Linfo_string19                 @ DW_AT_name
	.long	686                             @ DW_AT_type
	.byte	4                               @ DW_AT_decl_file
	.byte	32                              @ DW_AT_decl_line
	.byte	20                              @ DW_AT_data_member_location
	.byte	10                              @ Abbrev [10] 0x2ae:0x41 DW_TAG_union_type
	.byte	4                               @ DW_AT_byte_size
	.byte	4                               @ DW_AT_decl_file
	.byte	26                              @ DW_AT_decl_line
	.byte	8                               @ Abbrev [8] 0x2b2:0xc DW_TAG_member
	.long	.Linfo_string20                 @ DW_AT_name
	.long	399                             @ DW_AT_type
	.byte	4                               @ DW_AT_decl_file
	.byte	27                              @ DW_AT_decl_line
	.byte	0                               @ DW_AT_data_member_location
	.byte	8                               @ Abbrev [8] 0x2be:0xc DW_TAG_member
	.long	.Linfo_string31                 @ DW_AT_name
	.long	629                             @ DW_AT_type
	.byte	4                               @ DW_AT_decl_file
	.byte	28                              @ DW_AT_decl_line
	.byte	0                               @ DW_AT_data_member_location
	.byte	8                               @ Abbrev [8] 0x2ca:0xc DW_TAG_member
	.long	.Linfo_string21                 @ DW_AT_name
	.long	178                             @ DW_AT_type
	.byte	4                               @ DW_AT_decl_file
	.byte	29                              @ DW_AT_decl_line
	.byte	0                               @ DW_AT_data_member_location
	.byte	8                               @ Abbrev [8] 0x2d6:0xc DW_TAG_member
	.long	.Linfo_string22                 @ DW_AT_name
	.long	185                             @ DW_AT_type
	.byte	4                               @ DW_AT_decl_file
	.byte	30                              @ DW_AT_decl_line
	.byte	0                               @ DW_AT_data_member_location
	.byte	8                               @ Abbrev [8] 0x2e2:0xc DW_TAG_member
	.long	.Linfo_string33                 @ DW_AT_name
	.long	636                             @ DW_AT_type
	.byte	4                               @ DW_AT_decl_file
	.byte	31                              @ DW_AT_decl_line
	.byte	0                               @ DW_AT_data_member_location
	.byte	0                               @ End Of Children Mark
	.byte	0                               @ End Of Children Mark
	.byte	11                              @ Abbrev [11] 0x2f0:0xc DW_TAG_array_type
	.long	399                             @ DW_AT_type
	.byte	12                              @ Abbrev [12] 0x2f5:0x6 DW_TAG_subrange_type
	.long	418                             @ DW_AT_type
	.byte	17                              @ DW_AT_count
	.byte	0                               @ End Of Children Mark
	.byte	6                               @ Abbrev [6] 0x2fc:0x5 DW_TAG_pointer_type
	.long	769                             @ DW_AT_type
	.byte	7                               @ Abbrev [7] 0x301:0x39 DW_TAG_structure_type
	.long	.Linfo_string41                 @ DW_AT_name
	.byte	16                              @ DW_AT_byte_size
	.byte	3                               @ DW_AT_decl_file
	.byte	91                              @ DW_AT_decl_line
	.byte	8                               @ Abbrev [8] 0x309:0xc DW_TAG_member
	.long	.Linfo_string36                 @ DW_AT_name
	.long	826                             @ DW_AT_type
	.byte	3                               @ DW_AT_decl_file
	.byte	93                              @ DW_AT_decl_line
	.byte	0                               @ DW_AT_data_member_location
	.byte	8                               @ Abbrev [8] 0x315:0xc DW_TAG_member
	.long	.Linfo_string40                 @ DW_AT_name
	.long	826                             @ DW_AT_type
	.byte	3                               @ DW_AT_decl_file
	.byte	95                              @ DW_AT_decl_line
	.byte	4                               @ DW_AT_data_member_location
	.byte	8                               @ Abbrev [8] 0x321:0xc DW_TAG_member
	.long	.Linfo_string37                 @ DW_AT_name
	.long	247                             @ DW_AT_type
	.byte	3                               @ DW_AT_decl_file
	.byte	97                              @ DW_AT_decl_line
	.byte	8                               @ DW_AT_data_member_location
	.byte	8                               @ Abbrev [8] 0x32d:0xc DW_TAG_member
	.long	.Linfo_string35                 @ DW_AT_name
	.long	636                             @ DW_AT_type
	.byte	3                               @ DW_AT_decl_file
	.byte	98                              @ DW_AT_decl_line
	.byte	12                              @ DW_AT_data_member_location
	.byte	0                               @ End Of Children Mark
	.byte	6                               @ Abbrev [6] 0x33a:0x5 DW_TAG_pointer_type
	.long	831                             @ DW_AT_type
	.byte	15                              @ Abbrev [15] 0x33f:0x5 DW_TAG_const_type
	.long	399                             @ DW_AT_type
	.byte	6                               @ Abbrev [6] 0x344:0x5 DW_TAG_pointer_type
	.long	841                             @ DW_AT_type
	.byte	7                               @ Abbrev [7] 0x349:0x2d DW_TAG_structure_type
	.long	.Linfo_string45                 @ DW_AT_name
	.byte	12                              @ DW_AT_byte_size
	.byte	5                               @ DW_AT_decl_file
	.byte	21                              @ DW_AT_decl_line
	.byte	8                               @ Abbrev [8] 0x351:0xc DW_TAG_member
	.long	.Linfo_string36                 @ DW_AT_name
	.long	826                             @ DW_AT_type
	.byte	5                               @ DW_AT_decl_file
	.byte	23                              @ DW_AT_decl_line
	.byte	0                               @ DW_AT_data_member_location
	.byte	8                               @ Abbrev [8] 0x35d:0xc DW_TAG_member
	.long	.Linfo_string40                 @ DW_AT_name
	.long	826                             @ DW_AT_type
	.byte	5                               @ DW_AT_decl_file
	.byte	25                              @ DW_AT_decl_line
	.byte	4                               @ DW_AT_data_member_location
	.byte	8                               @ Abbrev [8] 0x369:0xc DW_TAG_member
	.long	.Linfo_string43                 @ DW_AT_name
	.long	886                             @ DW_AT_type
	.byte	5                               @ DW_AT_decl_file
	.byte	27                              @ DW_AT_decl_line
	.byte	8                               @ DW_AT_data_member_location
	.byte	0                               @ End Of Children Mark
	.byte	9                               @ Abbrev [9] 0x376:0xb DW_TAG_typedef
	.long	897                             @ DW_AT_type
	.long	.Linfo_string44                 @ DW_AT_name
	.byte	5                               @ DW_AT_decl_file
	.byte	18                              @ DW_AT_decl_line
	.byte	6                               @ Abbrev [6] 0x381:0x5 DW_TAG_pointer_type
	.long	902                             @ DW_AT_type
	.byte	16                              @ Abbrev [16] 0x386:0x6 DW_TAG_subroutine_type
	.long	185                             @ DW_AT_type
	.byte	1                               @ DW_AT_prototyped
	.byte	0                               @ End Of Children Mark
.Ldebug_info_end0:
	.section	.debug_ranges,"",%progbits
.Ldebug_ranges0:
	.long	.Lfunc_begin0
	.long	.Lfunc_end0
	.long	.Lfunc_begin1
	.long	.Lfunc_end1
	.long	.Lfunc_begin2
	.long	.Lfunc_end2
	.long	.Lfunc_begin3
	.long	.Lfunc_end3
	.long	0
	.long	0
	.section	.debug_str,"MS",%progbits,1
.Linfo_string0:
	.asciz	"Component: ARM Compiler 6.16 Tool: armclang [5dfeb700]" @ string offset=0
.Linfo_string1:
	.asciz	"rt-thread/components/finsh\\finsh_init.c" @ string offset=55
.Linfo_string2:
	.asciz	"E:\\Smart-access-control\\Hardware\\CODE" @ string offset=95
.Linfo_string3:
	.asciz	"finsh_init"                    @ string offset=133
.Linfo_string4:
	.asciz	"int"                           @ string offset=144
.Linfo_string5:
	.asciz	"finsh_stack_bottom"            @ string offset=148
.Linfo_string6:
	.asciz	"long int"                      @ string offset=167
.Linfo_string7:
	.asciz	"finsh_flush"                   @ string offset=176
.Linfo_string8:
	.asciz	"finsh_reset"                   @ string offset=188
.Linfo_string9:
	.asciz	"parser"                        @ string offset=200
.Linfo_string10:
	.asciz	"parser_string"                 @ string offset=207
.Linfo_string11:
	.asciz	"unsigned char"                 @ string offset=221
.Linfo_string12:
	.asciz	"uint8_t"                       @ string offset=235
.Linfo_string13:
	.asciz	"token"                         @ string offset=243
.Linfo_string14:
	.asciz	"eof"                           @ string offset=249
.Linfo_string15:
	.asciz	"char"                          @ string offset=253
.Linfo_string16:
	.asciz	"replay"                        @ string offset=258
.Linfo_string17:
	.asciz	"position"                      @ string offset=265
.Linfo_string18:
	.asciz	"current_token"                 @ string offset=274
.Linfo_string19:
	.asciz	"value"                         @ string offset=288
.Linfo_string20:
	.asciz	"char_value"                    @ string offset=294
.Linfo_string21:
	.asciz	"int_value"                     @ string offset=305
.Linfo_string22:
	.asciz	"long_value"                    @ string offset=315
.Linfo_string23:
	.asciz	"string"                        @ string offset=326
.Linfo_string24:
	.asciz	"__ARRAY_SIZE_TYPE__"           @ string offset=333
.Linfo_string25:
	.asciz	"line"                          @ string offset=353
.Linfo_string26:
	.asciz	"finsh_token"                   @ string offset=358
.Linfo_string27:
	.asciz	"root"                          @ string offset=370
.Linfo_string28:
	.asciz	"node_type"                     @ string offset=375
.Linfo_string29:
	.asciz	"data_type"                     @ string offset=385
.Linfo_string30:
	.asciz	"idtype"                        @ string offset=395
.Linfo_string31:
	.asciz	"short_value"                   @ string offset=402
.Linfo_string32:
	.asciz	"short"                         @ string offset=414
.Linfo_string33:
	.asciz	"ptr"                           @ string offset=420
.Linfo_string34:
	.asciz	"id"                            @ string offset=424
.Linfo_string35:
	.asciz	"var"                           @ string offset=427
.Linfo_string36:
	.asciz	"name"                          @ string offset=431
.Linfo_string37:
	.asciz	"type"                          @ string offset=436
.Linfo_string38:
	.asciz	"finsh_var"                     @ string offset=441
.Linfo_string39:
	.asciz	"sysvar"                        @ string offset=451
.Linfo_string40:
	.asciz	"desc"                          @ string offset=458
.Linfo_string41:
	.asciz	"finsh_sysvar"                  @ string offset=463
.Linfo_string42:
	.asciz	"syscall"                       @ string offset=476
.Linfo_string43:
	.asciz	"func"                          @ string offset=484
.Linfo_string44:
	.asciz	"syscall_func"                  @ string offset=489
.Linfo_string45:
	.asciz	"finsh_syscall"                 @ string offset=502
.Linfo_string46:
	.asciz	"sibling"                       @ string offset=516
.Linfo_string47:
	.asciz	"child"                         @ string offset=524
.Linfo_string48:
	.asciz	"finsh_node"                    @ string offset=530
.Linfo_string49:
	.asciz	"finsh_parser"                  @ string offset=541
	.ident	"Component: ARM Compiler 6.16 Tool: armclang [5dfeb700]"
	.section	".note.GNU-stack","",%progbits
	.eabi_attribute	30, 1	@ Tag_ABI_optimization_goals
	.ARM_attribute	16, 1	@ Tag_AV_eba
	.section	.debug_line,"",%progbits
.Lline_table_start0:
