	.text
	.syntax unified
	.eabi_attribute	67, "2.09"	@ Tag_conformance
	.cpu	cortex-m7
	.eabi_attribute	6, 13	@ Tag_CPU_arch
	.eabi_attribute	7, 77	@ Tag_CPU_arch_profile
	.eabi_attribute	8, 0	@ Tag_ARM_ISA_use
	.eabi_attribute	9, 2	@ Tag_THUMB_ISA_use
	.fpu	fpv5-d16
	.eabi_attribute	36, 1	@ Tag_FP_HP_extension
	.eabi_attribute	34, 1	@ Tag_CPU_unaligned_access
	.eabi_attribute	17, 1	@ Tag_ABI_PCS_GOT_use
	.eabi_attribute	20, 2	@ Tag_ABI_FP_denormal
	.eabi_attribute	21, 0	@ Tag_ABI_FP_exceptions
	.eabi_attribute	23, 1	@ Tag_ABI_FP_number_model
	.eabi_attribute	24, 1	@ Tag_ABI_align_needed
	.eabi_attribute	25, 1	@ Tag_ABI_align_preserved
	.eabi_attribute	28, 1	@ Tag_ABI_VFP_args
	.eabi_attribute	38, 1	@ Tag_ABI_FP_16bit_format
	.eabi_attribute	18, 2	@ Tag_ABI_PCS_wchar_t
	.eabi_attribute	26, 1	@ Tag_ABI_enum_size
	.eabi_attribute	14, 0	@ Tag_ABI_PCS_R9_use
	.file	"finsh_node.c"
	.file	1 "D:\\Keil_v5\\ARM\\ARMCLANG\\Bin\\..\\include" "stdint.h"
	.file	2 "E:\\Smart-access-control\\Hardware\\CODE" "rt-thread/components/finsh\\finsh.h"
	.file	3 "E:\\Smart-access-control\\Hardware\\CODE" "rt-thread/components/finsh/finsh_var.h"
	.file	4 "E:\\Smart-access-control\\Hardware\\CODE" "rt-thread/components/finsh/finsh_api.h"
	.file	5 "E:\\Smart-access-control\\Hardware\\CODE" "rt-thread/components/finsh/finsh_node.c"
	.section	.text.finsh_node_init,"ax",%progbits
	.hidden	finsh_node_init                 @ -- Begin function finsh_node_init
	.globl	finsh_node_init
	.p2align	3
	.type	finsh_node_init,%function
	.code	16                              @ @finsh_node_init
	.thumb_func
finsh_node_init:
.Lfunc_begin0:
	.loc	5 20 0                          @ rt-thread/components/finsh/finsh_node.c:20:0
	.fnstart
	.cfi_sections .debug_frame
	.cfi_startproc
@ %bb.0:
	.save	{r7, lr}
	push	{r7, lr}
	.cfi_def_cfa_offset 8
	.cfi_offset lr, -4
	.cfi_offset r7, -8
.Ltmp0:
	.loc	5 21 5 prologue_end             @ rt-thread/components/finsh/finsh_node.c:21:5
	movw	r0, :lower16:global_node_table
	mov.w	r1, #320
	movt	r0, :upper16:global_node_table
	bl	__aeabi_memclr4
	.loc	5 23 5                          @ rt-thread/components/finsh/finsh_node.c:23:5
	movs	r0, #0
	pop	{r7, pc}
.Ltmp1:
.Lfunc_end0:
	.size	finsh_node_init, .Lfunc_end0-finsh_node_init
	.cfi_endproc
	.cantunwind
	.fnend
                                        @ -- End function
	.section	.text.finsh_node_allocate,"ax",%progbits
	.hidden	finsh_node_allocate             @ -- Begin function finsh_node_allocate
	.globl	finsh_node_allocate
	.p2align	3
	.type	finsh_node_allocate,%function
	.code	16                              @ @finsh_node_allocate
	.thumb_func
finsh_node_allocate:
.Lfunc_begin1:
	.loc	5 27 0                          @ rt-thread/components/finsh/finsh_node.c:27:0
	.fnstart
	.cfi_startproc
@ %bb.0:
	@DEBUG_VALUE: finsh_node_allocate:type <- $r0
	movw	r12, :lower16:global_node_table
	movs	r1, #0
	movt	r12, :upper16:global_node_table
.Ltmp2:
	@DEBUG_VALUE: finsh_node_allocate:i <- 0
	@DEBUG_VALUE: finsh_node_allocate:type <- $r0
	@DEBUG_VALUE: finsh_node_allocate:type <- undef
	mov	r3, r12
.Ltmp3:
	.p2align	2
.LBB1_1:                                @ =>This Inner Loop Header: Depth=1
	@DEBUG_VALUE: finsh_node_allocate:i <- $r1
	.loc	5 33 34 prologue_end            @ rt-thread/components/finsh/finsh_node.c:33:34
	ldrb	r2, [r3]
.Ltmp4:
	.loc	5 33 13 is_stmt 0               @ rt-thread/components/finsh/finsh_node.c:33:13
	cbz	r2, .LBB1_4
.Ltmp5:
@ %bb.2:                                @   in Loop: Header=BB1_1 Depth=1
	@DEBUG_VALUE: finsh_node_allocate:i <- $r1
	.loc	5 31 39 is_stmt 1               @ rt-thread/components/finsh/finsh_node.c:31:39
	adds	r1, #1
.Ltmp6:
	@DEBUG_VALUE: finsh_node_allocate:i <- $r1
	.loc	5 31 19 is_stmt 0               @ rt-thread/components/finsh/finsh_node.c:31:19
	adds	r3, #20
.Ltmp7:
	.loc	5 31 5                          @ rt-thread/components/finsh/finsh_node.c:31:5
	cmp	r1, #16
	bne	.LBB1_1
.Ltmp8:
@ %bb.3:
	@DEBUG_VALUE: finsh_node_allocate:i <- $r1
	.loc	5 0 5                           @ rt-thread/components/finsh/finsh_node.c:0:5
	movs	r1, #16
.Ltmp9:
.LBB1_4:
	.loc	5 36 9 is_stmt 1                @ rt-thread/components/finsh/finsh_node.c:36:9
	cmp	r1, #16
	bne	.LBB1_6
@ %bb.5:
	.loc	5 0 9 is_stmt 0                 @ rt-thread/components/finsh/finsh_node.c:0:9
	movs	r0, #0
	.loc	5 43 1 is_stmt 1                @ rt-thread/components/finsh/finsh_node.c:43:1
	bx	lr
.LBB1_6:
	.loc	5 39 5                          @ rt-thread/components/finsh/finsh_node.c:39:5
	add.w	r2, r1, r1, lsl #2
	add.w	r1, r12, r2, lsl #2
	.loc	5 39 36 is_stmt 0               @ rt-thread/components/finsh/finsh_node.c:39:36
	strb.w	r0, [r12, r2, lsl #2]
	.loc	5 43 1 is_stmt 1                @ rt-thread/components/finsh/finsh_node.c:43:1
	mov	r0, r1
	bx	lr
.Ltmp10:
.Lfunc_end1:
	.size	finsh_node_allocate, .Lfunc_end1-finsh_node_allocate
	.cfi_endproc
	.cantunwind
	.fnend
                                        @ -- End function
	.section	.text.finsh_node_new_id,"ax",%progbits
	.hidden	finsh_node_new_id               @ -- Begin function finsh_node_new_id
	.globl	finsh_node_new_id
	.p2align	3
	.type	finsh_node_new_id,%function
	.code	16                              @ @finsh_node_new_id
	.thumb_func
finsh_node_new_id:
.Lfunc_begin2:
	.loc	5 46 0                          @ rt-thread/components/finsh/finsh_node.c:46:0
	.fnstart
	.cfi_startproc
@ %bb.0:
	@DEBUG_VALUE: finsh_node_new_id:id <- $r0
	.save	{r4, r5, r7, lr}
	push	{r4, r5, r7, lr}
	.cfi_def_cfa_offset 16
	.cfi_offset lr, -4
	.cfi_offset r7, -8
	.cfi_offset r5, -12
	.cfi_offset r4, -16
	mov	r5, r0
.Ltmp11:
	@DEBUG_VALUE: finsh_node_new_id:node <- 0
	@DEBUG_VALUE: finsh_node_new_id:type <- 0
	@DEBUG_VALUE: finsh_node_new_id:symbol <- 0
	@DEBUG_VALUE: finsh_node_new_id:id <- $r5
	.loc	5 56 21 prologue_end            @ rt-thread/components/finsh/finsh_node.c:56:21
	bl	finsh_var_lookup
.Ltmp12:
	@DEBUG_VALUE: finsh_node_new_id:symbol <- $r0
	.loc	5 57 9                          @ rt-thread/components/finsh/finsh_node.c:57:9
	cbz	r0, .LBB2_2
.Ltmp13:
@ %bb.1:
	@DEBUG_VALUE: finsh_node_new_id:id <- $r5
	@DEBUG_VALUE: finsh_node_new_id:symbol <- $r0
	@DEBUG_VALUE: finsh_node_new_id:type <- 0
	@DEBUG_VALUE: finsh_node_new_id:node <- 0
	.loc	5 0 9 is_stmt 0                 @ rt-thread/components/finsh/finsh_node.c:0:9
	mov	r4, r0
.Ltmp14:
	@DEBUG_VALUE: finsh_node_new_id:symbol <- $r4
	@DEBUG_VALUE: finsh_node_new_id:symbol <- $r4
	movs	r5, #1
.Ltmp15:
	@DEBUG_VALUE: finsh_node_new_id:type <- 1
	@DEBUG_VALUE: finsh_node_new_id:symbol <- $r4
	@DEBUG_VALUE: finsh_node_new_id:symbol <- $r4
	@DEBUG_VALUE: finsh_node_new_id:type <- $r5
	.loc	5 71 9 is_stmt 1                @ rt-thread/components/finsh/finsh_node.c:71:9
	cbnz	r4, .LBB2_4
	b	.LBB2_9
.Ltmp16:
.LBB2_2:
	@DEBUG_VALUE: finsh_node_new_id:id <- $r5
	@DEBUG_VALUE: finsh_node_new_id:symbol <- $r0
	@DEBUG_VALUE: finsh_node_new_id:type <- 0
	@DEBUG_VALUE: finsh_node_new_id:node <- 0
	.loc	5 60 25                         @ rt-thread/components/finsh/finsh_node.c:60:25
	mov	r0, r5
.Ltmp17:
	bl	finsh_sysvar_lookup
.Ltmp18:
	@DEBUG_VALUE: finsh_node_new_id:symbol <- $r0
	.loc	5 61 13                         @ rt-thread/components/finsh/finsh_node.c:61:13
	cbz	r0, .LBB2_8
.Ltmp19:
@ %bb.3:
	@DEBUG_VALUE: finsh_node_new_id:id <- $r5
	@DEBUG_VALUE: finsh_node_new_id:symbol <- $r0
	@DEBUG_VALUE: finsh_node_new_id:type <- 0
	@DEBUG_VALUE: finsh_node_new_id:node <- 0
	.loc	5 0 13 is_stmt 0                @ rt-thread/components/finsh/finsh_node.c:0:13
	mov	r4, r0
.Ltmp20:
	@DEBUG_VALUE: finsh_node_new_id:symbol <- $r4
	@DEBUG_VALUE: finsh_node_new_id:symbol <- $r4
	movs	r5, #2
.Ltmp21:
	@DEBUG_VALUE: finsh_node_new_id:type <- 2
	@DEBUG_VALUE: finsh_node_new_id:symbol <- $r4
	@DEBUG_VALUE: finsh_node_new_id:symbol <- $r4
	@DEBUG_VALUE: finsh_node_new_id:type <- $r5
	.loc	5 71 9 is_stmt 1                @ rt-thread/components/finsh/finsh_node.c:71:9
	cbz	r4, .LBB2_9
.Ltmp22:
.LBB2_4:
	@DEBUG_VALUE: finsh_node_new_id:type <- $r5
	@DEBUG_VALUE: finsh_node_new_id:symbol <- $r4
	@DEBUG_VALUE: finsh_node_new_id:node <- 0
	.loc	5 74 16                         @ rt-thread/components/finsh/finsh_node.c:74:16
	movs	r0, #1
	bl	finsh_node_allocate
.Ltmp23:
	@DEBUG_VALUE: finsh_node_new_id:node <- $r0
	.loc	5 77 13                         @ rt-thread/components/finsh/finsh_node.c:77:13
	cbz	r0, .LBB2_7
.Ltmp24:
@ %bb.5:
	@DEBUG_VALUE: finsh_node_new_id:type <- $r5
	@DEBUG_VALUE: finsh_node_new_id:symbol <- $r4
	@DEBUG_VALUE: finsh_node_new_id:node <- $r0
	.loc	5 84 9                          @ rt-thread/components/finsh/finsh_node.c:84:9
	cmp	r5, #4
	it	ne
	cmpne	r5, #2
	bne	.LBB2_11
.Ltmp25:
@ %bb.6:
	@DEBUG_VALUE: finsh_node_new_id:type <- $r5
	@DEBUG_VALUE: finsh_node_new_id:symbol <- $r4
	@DEBUG_VALUE: finsh_node_new_id:node <- $r0
	.loc	5 0 0 is_stmt 0                 @ rt-thread/components/finsh/finsh_node.c:0:0
	str	r4, [r0, #8]
.Ltmp26:
	.loc	5 99 22 is_stmt 1               @ rt-thread/components/finsh/finsh_node.c:99:22
	strb	r5, [r0, #2]
.Ltmp27:
	.loc	5 104 1                         @ rt-thread/components/finsh/finsh_node.c:104:1
	pop	{r4, r5, r7, pc}
.Ltmp28:
.LBB2_7:
	@DEBUG_VALUE: finsh_node_new_id:type <- $r5
	@DEBUG_VALUE: finsh_node_new_id:symbol <- $r4
	@DEBUG_VALUE: finsh_node_new_id:node <- $r0
	.loc	5 79 13                         @ rt-thread/components/finsh/finsh_node.c:79:13
	movs	r0, #6
.Ltmp29:
	.loc	5 0 13 is_stmt 0                @ rt-thread/components/finsh/finsh_node.c:0:13
	b	.LBB2_10
.Ltmp30:
.LBB2_8:
	@DEBUG_VALUE: finsh_node_new_id:id <- $r5
	@DEBUG_VALUE: finsh_node_new_id:symbol <- $r0
	@DEBUG_VALUE: finsh_node_new_id:type <- 0
	@DEBUG_VALUE: finsh_node_new_id:node <- 0
	.loc	5 64 29 is_stmt 1               @ rt-thread/components/finsh/finsh_node.c:64:29
	mov	r0, r5
.Ltmp31:
	bl	finsh_syscall_lookup
	mov	r4, r0
.Ltmp32:
	@DEBUG_VALUE: finsh_node_new_id:symbol <- $r4
	cmp	r0, #0
	it	ne
	movne	r0, #1
	.loc	5 65 17                         @ rt-thread/components/finsh/finsh_node.c:65:17
	lsls	r5, r0, #2
.Ltmp33:
	@DEBUG_VALUE: finsh_node_new_id:symbol <- $r4
	@DEBUG_VALUE: finsh_node_new_id:type <- $r5
	.loc	5 71 9                          @ rt-thread/components/finsh/finsh_node.c:71:9
	cmp	r4, #0
	bne	.LBB2_4
.Ltmp34:
.LBB2_9:
	@DEBUG_VALUE: finsh_node_new_id:type <- $r5
	@DEBUG_VALUE: finsh_node_new_id:symbol <- $r4
	@DEBUG_VALUE: finsh_node_new_id:node <- 0
	.loc	5 101 10                        @ rt-thread/components/finsh/finsh_node.c:101:10
	movs	r0, #13
.Ltmp35:
.LBB2_10:
	@DEBUG_VALUE: finsh_node_new_id:type <- $r5
	@DEBUG_VALUE: finsh_node_new_id:symbol <- $r4
	.loc	5 0 0 is_stmt 0                 @ rt-thread/components/finsh/finsh_node.c:0:0
	bl	finsh_error_set
	movs	r0, #0
.Ltmp36:
	.loc	5 104 1 is_stmt 1               @ rt-thread/components/finsh/finsh_node.c:104:1
	pop	{r4, r5, r7, pc}
.Ltmp37:
.LBB2_11:
	@DEBUG_VALUE: finsh_node_new_id:type <- $r5
	@DEBUG_VALUE: finsh_node_new_id:symbol <- $r4
	@DEBUG_VALUE: finsh_node_new_id:node <- $r0
	.loc	5 84 9                          @ rt-thread/components/finsh/finsh_node.c:84:9
	cmp	r5, #1
.Ltmp38:
	.loc	5 0 0 is_stmt 0                 @ rt-thread/components/finsh/finsh_node.c:0:0
	it	eq
	streq	r4, [r0, #8]
.Ltmp39:
	.loc	5 99 22 is_stmt 1               @ rt-thread/components/finsh/finsh_node.c:99:22
	strb	r5, [r0, #2]
.Ltmp40:
	.loc	5 104 1                         @ rt-thread/components/finsh/finsh_node.c:104:1
	pop	{r4, r5, r7, pc}
.Ltmp41:
.Lfunc_end2:
	.size	finsh_node_new_id, .Lfunc_end2-finsh_node_new_id
	.cfi_endproc
	.cantunwind
	.fnend
                                        @ -- End function
	.section	.text.finsh_node_new_char,"ax",%progbits
	.hidden	finsh_node_new_char             @ -- Begin function finsh_node_new_char
	.globl	finsh_node_new_char
	.p2align	3
	.type	finsh_node_new_char,%function
	.code	16                              @ @finsh_node_new_char
	.thumb_func
finsh_node_new_char:
.Lfunc_begin3:
	.loc	5 107 0                         @ rt-thread/components/finsh/finsh_node.c:107:0
	.fnstart
	.cfi_startproc
@ %bb.0:
	@DEBUG_VALUE: finsh_node_new_char:c <- $r0
	.save	{r4, lr}
	push	{r4, lr}
	.cfi_def_cfa_offset 8
	.cfi_offset lr, -4
	.cfi_offset r4, -8
	mov	r4, r0
.Ltmp42:
	@DEBUG_VALUE: finsh_node_new_char:c <- $r4
	@DEBUG_VALUE: finsh_node_new_char:c <- $r4
	.loc	5 110 12 prologue_end           @ rt-thread/components/finsh/finsh_node.c:110:12
	movs	r0, #2
	bl	finsh_node_allocate
.Ltmp43:
	@DEBUG_VALUE: finsh_node_new_char:node <- $r0
	.loc	5 111 9                         @ rt-thread/components/finsh/finsh_node.c:111:9
	cbz	r0, .LBB3_2
.Ltmp44:
@ %bb.1:
	@DEBUG_VALUE: finsh_node_new_char:c <- $r4
	@DEBUG_VALUE: finsh_node_new_char:node <- $r0
	@DEBUG_VALUE: finsh_node_new_char:c <- $r4
	.loc	5 117 28                        @ rt-thread/components/finsh/finsh_node.c:117:28
	strb	r4, [r0, #4]
	.loc	5 119 1                         @ rt-thread/components/finsh/finsh_node.c:119:1
	pop	{r4, pc}
.Ltmp45:
.LBB3_2:
	@DEBUG_VALUE: finsh_node_new_char:c <- $r4
	@DEBUG_VALUE: finsh_node_new_char:node <- $r0
	.loc	5 113 9                         @ rt-thread/components/finsh/finsh_node.c:113:9
	movs	r0, #6
.Ltmp46:
	bl	finsh_error_set
	movs	r0, #0
.Ltmp47:
	.loc	5 119 1                         @ rt-thread/components/finsh/finsh_node.c:119:1
	pop	{r4, pc}
.Ltmp48:
.Lfunc_end3:
	.size	finsh_node_new_char, .Lfunc_end3-finsh_node_new_char
	.cfi_endproc
	.cantunwind
	.fnend
                                        @ -- End function
	.section	.text.finsh_node_new_int,"ax",%progbits
	.hidden	finsh_node_new_int              @ -- Begin function finsh_node_new_int
	.globl	finsh_node_new_int
	.p2align	3
	.type	finsh_node_new_int,%function
	.code	16                              @ @finsh_node_new_int
	.thumb_func
finsh_node_new_int:
.Lfunc_begin4:
	.loc	5 122 0                         @ rt-thread/components/finsh/finsh_node.c:122:0
	.fnstart
	.cfi_startproc
@ %bb.0:
	@DEBUG_VALUE: finsh_node_new_int:i <- $r0
	.save	{r4, lr}
	push	{r4, lr}
	.cfi_def_cfa_offset 8
	.cfi_offset lr, -4
	.cfi_offset r4, -8
	mov	r4, r0
.Ltmp49:
	@DEBUG_VALUE: finsh_node_new_int:i <- $r4
	@DEBUG_VALUE: finsh_node_new_int:i <- $r4
	.loc	5 125 12 prologue_end           @ rt-thread/components/finsh/finsh_node.c:125:12
	movs	r0, #3
	bl	finsh_node_allocate
.Ltmp50:
	@DEBUG_VALUE: finsh_node_new_int:node <- $r0
	.loc	5 126 9                         @ rt-thread/components/finsh/finsh_node.c:126:9
	cbz	r0, .LBB4_2
.Ltmp51:
@ %bb.1:
	@DEBUG_VALUE: finsh_node_new_int:i <- $r4
	@DEBUG_VALUE: finsh_node_new_int:node <- $r0
	.loc	5 132 27                        @ rt-thread/components/finsh/finsh_node.c:132:27
	str	r4, [r0, #4]
	.loc	5 134 1                         @ rt-thread/components/finsh/finsh_node.c:134:1
	pop	{r4, pc}
.Ltmp52:
.LBB4_2:
	@DEBUG_VALUE: finsh_node_new_int:i <- $r4
	@DEBUG_VALUE: finsh_node_new_int:node <- $r0
	.loc	5 128 9                         @ rt-thread/components/finsh/finsh_node.c:128:9
	movs	r0, #6
.Ltmp53:
	bl	finsh_error_set
	movs	r0, #0
.Ltmp54:
	.loc	5 134 1                         @ rt-thread/components/finsh/finsh_node.c:134:1
	pop	{r4, pc}
.Ltmp55:
.Lfunc_end4:
	.size	finsh_node_new_int, .Lfunc_end4-finsh_node_new_int
	.cfi_endproc
	.cantunwind
	.fnend
                                        @ -- End function
	.section	.text.finsh_node_new_long,"ax",%progbits
	.hidden	finsh_node_new_long             @ -- Begin function finsh_node_new_long
	.globl	finsh_node_new_long
	.p2align	3
	.type	finsh_node_new_long,%function
	.code	16                              @ @finsh_node_new_long
	.thumb_func
finsh_node_new_long:
.Lfunc_begin5:
	.loc	5 137 0                         @ rt-thread/components/finsh/finsh_node.c:137:0
	.fnstart
	.cfi_startproc
@ %bb.0:
	@DEBUG_VALUE: finsh_node_new_long:l <- $r0
	.save	{r4, lr}
	push	{r4, lr}
	.cfi_def_cfa_offset 8
	.cfi_offset lr, -4
	.cfi_offset r4, -8
	mov	r4, r0
.Ltmp56:
	@DEBUG_VALUE: finsh_node_new_long:l <- $r4
	@DEBUG_VALUE: finsh_node_new_long:l <- $r4
	.loc	5 140 12 prologue_end           @ rt-thread/components/finsh/finsh_node.c:140:12
	movs	r0, #4
	bl	finsh_node_allocate
.Ltmp57:
	@DEBUG_VALUE: finsh_node_new_long:node <- $r0
	.loc	5 141 9                         @ rt-thread/components/finsh/finsh_node.c:141:9
	cbz	r0, .LBB5_2
.Ltmp58:
@ %bb.1:
	@DEBUG_VALUE: finsh_node_new_long:l <- $r4
	@DEBUG_VALUE: finsh_node_new_long:node <- $r0
	.loc	5 147 28                        @ rt-thread/components/finsh/finsh_node.c:147:28
	str	r4, [r0, #4]
	.loc	5 149 1                         @ rt-thread/components/finsh/finsh_node.c:149:1
	pop	{r4, pc}
.Ltmp59:
.LBB5_2:
	@DEBUG_VALUE: finsh_node_new_long:l <- $r4
	@DEBUG_VALUE: finsh_node_new_long:node <- $r0
	.loc	5 143 9                         @ rt-thread/components/finsh/finsh_node.c:143:9
	movs	r0, #6
.Ltmp60:
	bl	finsh_error_set
	movs	r0, #0
.Ltmp61:
	.loc	5 149 1                         @ rt-thread/components/finsh/finsh_node.c:149:1
	pop	{r4, pc}
.Ltmp62:
.Lfunc_end5:
	.size	finsh_node_new_long, .Lfunc_end5-finsh_node_new_long
	.cfi_endproc
	.cantunwind
	.fnend
                                        @ -- End function
	.section	.text.finsh_node_new_string,"ax",%progbits
	.hidden	finsh_node_new_string           @ -- Begin function finsh_node_new_string
	.globl	finsh_node_new_string
	.p2align	3
	.type	finsh_node_new_string,%function
	.code	16                              @ @finsh_node_new_string
	.thumb_func
finsh_node_new_string:
.Lfunc_begin6:
	.loc	5 152 0                         @ rt-thread/components/finsh/finsh_node.c:152:0
	.fnstart
	.cfi_startproc
@ %bb.0:
	@DEBUG_VALUE: finsh_node_new_string:s <- $r0
	.save	{r4, r5, r6, lr}
	push	{r4, r5, r6, lr}
	.cfi_def_cfa_offset 16
	.cfi_offset lr, -4
	.cfi_offset r6, -8
	.cfi_offset r5, -12
	.cfi_offset r4, -16
	mov	r5, r0
.Ltmp63:
	@DEBUG_VALUE: finsh_node_new_string:s <- $r5
	@DEBUG_VALUE: finsh_node_new_string:s <- $r5
	.loc	5 155 12 prologue_end           @ rt-thread/components/finsh/finsh_node.c:155:12
	movs	r0, #5
	bl	finsh_node_allocate
.Ltmp64:
	@DEBUG_VALUE: finsh_node_new_string:node <- $r0
	.loc	5 156 9                         @ rt-thread/components/finsh/finsh_node.c:156:9
	cbz	r0, .LBB6_2
.Ltmp65:
@ %bb.1:
	@DEBUG_VALUE: finsh_node_new_string:s <- $r5
	@DEBUG_VALUE: finsh_node_new_string:node <- $r0
	.loc	5 0 0 is_stmt 0                 @ rt-thread/components/finsh/finsh_node.c:0:0
	mov	r4, r0
.Ltmp66:
	@DEBUG_VALUE: finsh_node_new_string:node <- $r4
	@DEBUG_VALUE: finsh_node_new_string:node <- $r4
	.loc	5 163 43 is_stmt 1              @ rt-thread/components/finsh/finsh_node.c:163:43
	mov	r0, r5
	bl	strlen
	.loc	5 163 53 is_stmt 0              @ rt-thread/components/finsh/finsh_node.c:163:53
	adds	r0, #1
	.loc	5 163 23                        @ rt-thread/components/finsh/finsh_node.c:163:23
	bl	finsh_heap_allocate
	mov	r6, r0
	.loc	5 163 21                        @ rt-thread/components/finsh/finsh_node.c:163:21
	str	r0, [r4, #4]
	.loc	5 164 33 is_stmt 1              @ rt-thread/components/finsh/finsh_node.c:164:33
	mov	r0, r5
	bl	strlen
	mov	r2, r0
	.loc	5 164 5 is_stmt 0               @ rt-thread/components/finsh/finsh_node.c:164:5
	mov	r0, r6
	mov	r1, r5
	bl	strncpy
	.loc	5 165 33 is_stmt 1              @ rt-thread/components/finsh/finsh_node.c:165:33
	mov	r0, r5
	.loc	5 165 28 is_stmt 0              @ rt-thread/components/finsh/finsh_node.c:165:28
	ldr	r6, [r4, #4]
	.loc	5 165 33                        @ rt-thread/components/finsh/finsh_node.c:165:33
	bl	strlen
	movs	r1, #0
	.loc	5 165 44                        @ rt-thread/components/finsh/finsh_node.c:165:44
	strb	r1, [r6, r0]
	.loc	5 168 1 is_stmt 1               @ rt-thread/components/finsh/finsh_node.c:168:1
	mov	r0, r4
	pop	{r4, r5, r6, pc}
.Ltmp67:
.LBB6_2:
	@DEBUG_VALUE: finsh_node_new_string:s <- $r5
	@DEBUG_VALUE: finsh_node_new_string:node <- $r0
	.loc	5 158 9                         @ rt-thread/components/finsh/finsh_node.c:158:9
	movs	r0, #6
.Ltmp68:
	bl	finsh_error_set
	movs	r0, #0
.Ltmp69:
	.loc	5 168 1                         @ rt-thread/components/finsh/finsh_node.c:168:1
	pop	{r4, r5, r6, pc}
.Ltmp70:
.Lfunc_end6:
	.size	finsh_node_new_string, .Lfunc_end6-finsh_node_new_string
	.cfi_endproc
	.cantunwind
	.fnend
                                        @ -- End function
	.section	.text.finsh_node_new_ptr,"ax",%progbits
	.hidden	finsh_node_new_ptr              @ -- Begin function finsh_node_new_ptr
	.globl	finsh_node_new_ptr
	.p2align	3
	.type	finsh_node_new_ptr,%function
	.code	16                              @ @finsh_node_new_ptr
	.thumb_func
finsh_node_new_ptr:
.Lfunc_begin7:
	.loc	5 171 0                         @ rt-thread/components/finsh/finsh_node.c:171:0
	.fnstart
	.cfi_startproc
@ %bb.0:
	@DEBUG_VALUE: finsh_node_new_ptr:ptr <- $r0
	.save	{r4, lr}
	push	{r4, lr}
	.cfi_def_cfa_offset 8
	.cfi_offset lr, -4
	.cfi_offset r4, -8
	mov	r4, r0
.Ltmp71:
	@DEBUG_VALUE: finsh_node_new_ptr:ptr <- $r4
	@DEBUG_VALUE: finsh_node_new_ptr:ptr <- $r4
	.loc	5 174 12 prologue_end           @ rt-thread/components/finsh/finsh_node.c:174:12
	movs	r0, #6
	bl	finsh_node_allocate
.Ltmp72:
	@DEBUG_VALUE: finsh_node_new_ptr:node <- $r0
	.loc	5 175 9                         @ rt-thread/components/finsh/finsh_node.c:175:9
	cbz	r0, .LBB7_2
.Ltmp73:
@ %bb.1:
	@DEBUG_VALUE: finsh_node_new_ptr:ptr <- $r4
	@DEBUG_VALUE: finsh_node_new_ptr:node <- $r0
	.loc	5 181 21                        @ rt-thread/components/finsh/finsh_node.c:181:21
	str	r4, [r0, #4]
	.loc	5 183 1                         @ rt-thread/components/finsh/finsh_node.c:183:1
	pop	{r4, pc}
.Ltmp74:
.LBB7_2:
	@DEBUG_VALUE: finsh_node_new_ptr:ptr <- $r4
	@DEBUG_VALUE: finsh_node_new_ptr:node <- $r0
	.loc	5 177 9                         @ rt-thread/components/finsh/finsh_node.c:177:9
	movs	r0, #6
.Ltmp75:
	bl	finsh_error_set
	movs	r0, #0
.Ltmp76:
	.loc	5 183 1                         @ rt-thread/components/finsh/finsh_node.c:183:1
	pop	{r4, pc}
.Ltmp77:
.Lfunc_end7:
	.size	finsh_node_new_ptr, .Lfunc_end7-finsh_node_new_ptr
	.cfi_endproc
	.cantunwind
	.fnend
                                        @ -- End function
	.hidden	global_node_table               @ @global_node_table
	.type	global_node_table,%object
	.section	.bss.global_node_table,"aw",%nobits
	.globl	global_node_table
	.p2align	2
global_node_table:
	.zero	320
	.size	global_node_table, 320

	.section	.debug_loc,"",%progbits
.Ldebug_loc0:
	.long	-1
	.long	.Lfunc_begin1                   @   base address
	.long	.Lfunc_begin1-.Lfunc_begin1
	.long	.Ltmp2-.Lfunc_begin1
	.short	1                               @ Loc expr size
	.byte	80                              @ DW_OP_reg0
	.long	0
	.long	0
.Ldebug_loc1:
	.long	-1
	.long	.Lfunc_begin1                   @   base address
	.long	.Ltmp2-.Lfunc_begin1
	.long	.Ltmp3-.Lfunc_begin1
	.short	2                               @ Loc expr size
	.byte	17                              @ DW_OP_consts
	.byte	0                               @ 0
	.long	.Ltmp3-.Lfunc_begin1
	.long	.Ltmp9-.Lfunc_begin1
	.short	1                               @ Loc expr size
	.byte	81                              @ DW_OP_reg1
	.long	0
	.long	0
.Ldebug_loc2:
	.long	-1
	.long	.Lfunc_begin2                   @   base address
	.long	.Lfunc_begin2-.Lfunc_begin2
	.long	.Ltmp11-.Lfunc_begin2
	.short	1                               @ Loc expr size
	.byte	80                              @ DW_OP_reg0
	.long	.Ltmp11-.Lfunc_begin2
	.long	.Ltmp15-.Lfunc_begin2
	.short	1                               @ Loc expr size
	.byte	85                              @ DW_OP_reg5
	.long	.Ltmp16-.Lfunc_begin2
	.long	.Ltmp21-.Lfunc_begin2
	.short	1                               @ Loc expr size
	.byte	85                              @ DW_OP_reg5
	.long	.Ltmp30-.Lfunc_begin2
	.long	.Ltmp33-.Lfunc_begin2
	.short	1                               @ Loc expr size
	.byte	85                              @ DW_OP_reg5
	.long	0
	.long	0
.Ldebug_loc3:
	.long	-1
	.long	.Lfunc_begin2                   @   base address
	.long	.Ltmp11-.Lfunc_begin2
	.long	.Ltmp23-.Lfunc_begin2
	.short	1                               @ Loc expr size
	.byte	48                              @ DW_OP_lit0
	.long	.Ltmp23-.Lfunc_begin2
	.long	.Ltmp29-.Lfunc_begin2
	.short	1                               @ Loc expr size
	.byte	80                              @ DW_OP_reg0
	.long	.Ltmp30-.Lfunc_begin2
	.long	.Ltmp35-.Lfunc_begin2
	.short	1                               @ Loc expr size
	.byte	48                              @ DW_OP_lit0
	.long	.Ltmp37-.Lfunc_begin2
	.long	.Lfunc_end2-.Lfunc_begin2
	.short	1                               @ Loc expr size
	.byte	80                              @ DW_OP_reg0
	.long	0
	.long	0
.Ldebug_loc4:
	.long	-1
	.long	.Lfunc_begin2                   @   base address
	.long	.Ltmp11-.Lfunc_begin2
	.long	.Ltmp15-.Lfunc_begin2
	.short	1                               @ Loc expr size
	.byte	48                              @ DW_OP_lit0
	.long	.Ltmp15-.Lfunc_begin2
	.long	.Ltmp16-.Lfunc_begin2
	.short	1                               @ Loc expr size
	.byte	85                              @ DW_OP_reg5
	.long	.Ltmp16-.Lfunc_begin2
	.long	.Ltmp21-.Lfunc_begin2
	.short	1                               @ Loc expr size
	.byte	48                              @ DW_OP_lit0
	.long	.Ltmp21-.Lfunc_begin2
	.long	.Ltmp30-.Lfunc_begin2
	.short	1                               @ Loc expr size
	.byte	85                              @ DW_OP_reg5
	.long	.Ltmp30-.Lfunc_begin2
	.long	.Ltmp33-.Lfunc_begin2
	.short	1                               @ Loc expr size
	.byte	48                              @ DW_OP_lit0
	.long	.Ltmp33-.Lfunc_begin2
	.long	.Ltmp41-.Lfunc_begin2
	.short	1                               @ Loc expr size
	.byte	85                              @ DW_OP_reg5
	.long	0
	.long	0
.Ldebug_loc5:
	.long	-1
	.long	.Lfunc_begin2                   @   base address
	.long	.Ltmp11-.Lfunc_begin2
	.long	.Ltmp12-.Lfunc_begin2
	.short	1                               @ Loc expr size
	.byte	48                              @ DW_OP_lit0
	.long	.Ltmp12-.Lfunc_begin2
	.long	.Ltmp14-.Lfunc_begin2
	.short	1                               @ Loc expr size
	.byte	80                              @ DW_OP_reg0
	.long	.Ltmp14-.Lfunc_begin2
	.long	.Ltmp16-.Lfunc_begin2
	.short	1                               @ Loc expr size
	.byte	84                              @ DW_OP_reg4
	.long	.Ltmp16-.Lfunc_begin2
	.long	.Ltmp17-.Lfunc_begin2
	.short	1                               @ Loc expr size
	.byte	80                              @ DW_OP_reg0
	.long	.Ltmp18-.Lfunc_begin2
	.long	.Ltmp20-.Lfunc_begin2
	.short	1                               @ Loc expr size
	.byte	80                              @ DW_OP_reg0
	.long	.Ltmp20-.Lfunc_begin2
	.long	.Ltmp30-.Lfunc_begin2
	.short	1                               @ Loc expr size
	.byte	84                              @ DW_OP_reg4
	.long	.Ltmp30-.Lfunc_begin2
	.long	.Ltmp31-.Lfunc_begin2
	.short	1                               @ Loc expr size
	.byte	80                              @ DW_OP_reg0
	.long	.Ltmp32-.Lfunc_begin2
	.long	.Ltmp41-.Lfunc_begin2
	.short	1                               @ Loc expr size
	.byte	84                              @ DW_OP_reg4
	.long	0
	.long	0
.Ldebug_loc6:
	.long	-1
	.long	.Lfunc_begin3                   @   base address
	.long	.Lfunc_begin3-.Lfunc_begin3
	.long	.Ltmp42-.Lfunc_begin3
	.short	1                               @ Loc expr size
	.byte	80                              @ DW_OP_reg0
	.long	.Ltmp42-.Lfunc_begin3
	.long	.Ltmp48-.Lfunc_begin3
	.short	1                               @ Loc expr size
	.byte	84                              @ DW_OP_reg4
	.long	0
	.long	0
.Ldebug_loc7:
	.long	-1
	.long	.Lfunc_begin3                   @   base address
	.long	.Ltmp43-.Lfunc_begin3
	.long	.Ltmp46-.Lfunc_begin3
	.short	1                               @ Loc expr size
	.byte	80                              @ DW_OP_reg0
	.long	0
	.long	0
.Ldebug_loc8:
	.long	-1
	.long	.Lfunc_begin4                   @   base address
	.long	.Lfunc_begin4-.Lfunc_begin4
	.long	.Ltmp49-.Lfunc_begin4
	.short	1                               @ Loc expr size
	.byte	80                              @ DW_OP_reg0
	.long	.Ltmp49-.Lfunc_begin4
	.long	.Ltmp55-.Lfunc_begin4
	.short	1                               @ Loc expr size
	.byte	84                              @ DW_OP_reg4
	.long	0
	.long	0
.Ldebug_loc9:
	.long	-1
	.long	.Lfunc_begin4                   @   base address
	.long	.Ltmp50-.Lfunc_begin4
	.long	.Ltmp53-.Lfunc_begin4
	.short	1                               @ Loc expr size
	.byte	80                              @ DW_OP_reg0
	.long	0
	.long	0
.Ldebug_loc10:
	.long	-1
	.long	.Lfunc_begin5                   @   base address
	.long	.Lfunc_begin5-.Lfunc_begin5
	.long	.Ltmp56-.Lfunc_begin5
	.short	1                               @ Loc expr size
	.byte	80                              @ DW_OP_reg0
	.long	.Ltmp56-.Lfunc_begin5
	.long	.Ltmp62-.Lfunc_begin5
	.short	1                               @ Loc expr size
	.byte	84                              @ DW_OP_reg4
	.long	0
	.long	0
.Ldebug_loc11:
	.long	-1
	.long	.Lfunc_begin5                   @   base address
	.long	.Ltmp57-.Lfunc_begin5
	.long	.Ltmp60-.Lfunc_begin5
	.short	1                               @ Loc expr size
	.byte	80                              @ DW_OP_reg0
	.long	0
	.long	0
.Ldebug_loc12:
	.long	-1
	.long	.Lfunc_begin6                   @   base address
	.long	.Lfunc_begin6-.Lfunc_begin6
	.long	.Ltmp63-.Lfunc_begin6
	.short	1                               @ Loc expr size
	.byte	80                              @ DW_OP_reg0
	.long	.Ltmp63-.Lfunc_begin6
	.long	.Ltmp70-.Lfunc_begin6
	.short	1                               @ Loc expr size
	.byte	85                              @ DW_OP_reg5
	.long	0
	.long	0
.Ldebug_loc13:
	.long	-1
	.long	.Lfunc_begin6                   @   base address
	.long	.Ltmp64-.Lfunc_begin6
	.long	.Ltmp66-.Lfunc_begin6
	.short	1                               @ Loc expr size
	.byte	80                              @ DW_OP_reg0
	.long	.Ltmp66-.Lfunc_begin6
	.long	.Ltmp67-.Lfunc_begin6
	.short	1                               @ Loc expr size
	.byte	84                              @ DW_OP_reg4
	.long	.Ltmp67-.Lfunc_begin6
	.long	.Ltmp68-.Lfunc_begin6
	.short	1                               @ Loc expr size
	.byte	80                              @ DW_OP_reg0
	.long	0
	.long	0
.Ldebug_loc14:
	.long	-1
	.long	.Lfunc_begin7                   @   base address
	.long	.Lfunc_begin7-.Lfunc_begin7
	.long	.Ltmp71-.Lfunc_begin7
	.short	1                               @ Loc expr size
	.byte	80                              @ DW_OP_reg0
	.long	.Ltmp71-.Lfunc_begin7
	.long	.Ltmp77-.Lfunc_begin7
	.short	1                               @ Loc expr size
	.byte	84                              @ DW_OP_reg4
	.long	0
	.long	0
.Ldebug_loc15:
	.long	-1
	.long	.Lfunc_begin7                   @   base address
	.long	.Ltmp72-.Lfunc_begin7
	.long	.Ltmp75-.Lfunc_begin7
	.short	1                               @ Loc expr size
	.byte	80                              @ DW_OP_reg0
	.long	0
	.long	0
	.section	.debug_abbrev,"",%progbits
	.byte	1                               @ Abbreviation Code
	.byte	17                              @ DW_TAG_compile_unit
	.byte	1                               @ DW_CHILDREN_yes
	.byte	37                              @ DW_AT_producer
	.byte	14                              @ DW_FORM_strp
	.byte	19                              @ DW_AT_language
	.byte	5                               @ DW_FORM_data2
	.byte	3                               @ DW_AT_name
	.byte	14                              @ DW_FORM_strp
	.byte	16                              @ DW_AT_stmt_list
	.byte	6                               @ DW_FORM_data4
	.byte	27                              @ DW_AT_comp_dir
	.byte	14                              @ DW_FORM_strp
	.byte	17                              @ DW_AT_low_pc
	.byte	1                               @ DW_FORM_addr
	.byte	85                              @ DW_AT_ranges
	.byte	6                               @ DW_FORM_data4
	.byte	0                               @ EOM(1)
	.byte	0                               @ EOM(2)
	.byte	2                               @ Abbreviation Code
	.byte	52                              @ DW_TAG_variable
	.byte	0                               @ DW_CHILDREN_no
	.byte	3                               @ DW_AT_name
	.byte	14                              @ DW_FORM_strp
	.byte	73                              @ DW_AT_type
	.byte	19                              @ DW_FORM_ref4
	.byte	63                              @ DW_AT_external
	.byte	12                              @ DW_FORM_flag
	.byte	58                              @ DW_AT_decl_file
	.byte	11                              @ DW_FORM_data1
	.byte	59                              @ DW_AT_decl_line
	.byte	11                              @ DW_FORM_data1
	.byte	2                               @ DW_AT_location
	.byte	10                              @ DW_FORM_block1
	.byte	0                               @ EOM(1)
	.byte	0                               @ EOM(2)
	.byte	3                               @ Abbreviation Code
	.byte	1                               @ DW_TAG_array_type
	.byte	1                               @ DW_CHILDREN_yes
	.byte	73                              @ DW_AT_type
	.byte	19                              @ DW_FORM_ref4
	.byte	0                               @ EOM(1)
	.byte	0                               @ EOM(2)
	.byte	4                               @ Abbreviation Code
	.byte	33                              @ DW_TAG_subrange_type
	.byte	0                               @ DW_CHILDREN_no
	.byte	73                              @ DW_AT_type
	.byte	19                              @ DW_FORM_ref4
	.byte	55                              @ DW_AT_count
	.byte	11                              @ DW_FORM_data1
	.byte	0                               @ EOM(1)
	.byte	0                               @ EOM(2)
	.byte	5                               @ Abbreviation Code
	.byte	19                              @ DW_TAG_structure_type
	.byte	1                               @ DW_CHILDREN_yes
	.byte	3                               @ DW_AT_name
	.byte	14                              @ DW_FORM_strp
	.byte	11                              @ DW_AT_byte_size
	.byte	11                              @ DW_FORM_data1
	.byte	58                              @ DW_AT_decl_file
	.byte	11                              @ DW_FORM_data1
	.byte	59                              @ DW_AT_decl_line
	.byte	11                              @ DW_FORM_data1
	.byte	0                               @ EOM(1)
	.byte	0                               @ EOM(2)
	.byte	6                               @ Abbreviation Code
	.byte	13                              @ DW_TAG_member
	.byte	0                               @ DW_CHILDREN_no
	.byte	3                               @ DW_AT_name
	.byte	14                              @ DW_FORM_strp
	.byte	73                              @ DW_AT_type
	.byte	19                              @ DW_FORM_ref4
	.byte	58                              @ DW_AT_decl_file
	.byte	11                              @ DW_FORM_data1
	.byte	59                              @ DW_AT_decl_line
	.byte	11                              @ DW_FORM_data1
	.byte	56                              @ DW_AT_data_member_location
	.byte	11                              @ DW_FORM_data1
	.byte	0                               @ EOM(1)
	.byte	0                               @ EOM(2)
	.byte	7                               @ Abbreviation Code
	.byte	23                              @ DW_TAG_union_type
	.byte	1                               @ DW_CHILDREN_yes
	.byte	11                              @ DW_AT_byte_size
	.byte	11                              @ DW_FORM_data1
	.byte	58                              @ DW_AT_decl_file
	.byte	11                              @ DW_FORM_data1
	.byte	59                              @ DW_AT_decl_line
	.byte	11                              @ DW_FORM_data1
	.byte	0                               @ EOM(1)
	.byte	0                               @ EOM(2)
	.byte	8                               @ Abbreviation Code
	.byte	22                              @ DW_TAG_typedef
	.byte	0                               @ DW_CHILDREN_no
	.byte	73                              @ DW_AT_type
	.byte	19                              @ DW_FORM_ref4
	.byte	3                               @ DW_AT_name
	.byte	14                              @ DW_FORM_strp
	.byte	58                              @ DW_AT_decl_file
	.byte	11                              @ DW_FORM_data1
	.byte	59                              @ DW_AT_decl_line
	.byte	11                              @ DW_FORM_data1
	.byte	0                               @ EOM(1)
	.byte	0                               @ EOM(2)
	.byte	9                               @ Abbreviation Code
	.byte	36                              @ DW_TAG_base_type
	.byte	0                               @ DW_CHILDREN_no
	.byte	3                               @ DW_AT_name
	.byte	14                              @ DW_FORM_strp
	.byte	62                              @ DW_AT_encoding
	.byte	11                              @ DW_FORM_data1
	.byte	11                              @ DW_AT_byte_size
	.byte	11                              @ DW_FORM_data1
	.byte	0                               @ EOM(1)
	.byte	0                               @ EOM(2)
	.byte	10                              @ Abbreviation Code
	.byte	15                              @ DW_TAG_pointer_type
	.byte	0                               @ DW_CHILDREN_no
	.byte	0                               @ EOM(1)
	.byte	0                               @ EOM(2)
	.byte	11                              @ Abbreviation Code
	.byte	15                              @ DW_TAG_pointer_type
	.byte	0                               @ DW_CHILDREN_no
	.byte	73                              @ DW_AT_type
	.byte	19                              @ DW_FORM_ref4
	.byte	0                               @ EOM(1)
	.byte	0                               @ EOM(2)
	.byte	12                              @ Abbreviation Code
	.byte	36                              @ DW_TAG_base_type
	.byte	0                               @ DW_CHILDREN_no
	.byte	3                               @ DW_AT_name
	.byte	14                              @ DW_FORM_strp
	.byte	11                              @ DW_AT_byte_size
	.byte	11                              @ DW_FORM_data1
	.byte	62                              @ DW_AT_encoding
	.byte	11                              @ DW_FORM_data1
	.byte	0                               @ EOM(1)
	.byte	0                               @ EOM(2)
	.byte	13                              @ Abbreviation Code
	.byte	38                              @ DW_TAG_const_type
	.byte	0                               @ DW_CHILDREN_no
	.byte	73                              @ DW_AT_type
	.byte	19                              @ DW_FORM_ref4
	.byte	0                               @ EOM(1)
	.byte	0                               @ EOM(2)
	.byte	14                              @ Abbreviation Code
	.byte	21                              @ DW_TAG_subroutine_type
	.byte	0                               @ DW_CHILDREN_no
	.byte	73                              @ DW_AT_type
	.byte	19                              @ DW_FORM_ref4
	.byte	39                              @ DW_AT_prototyped
	.byte	12                              @ DW_FORM_flag
	.byte	0                               @ EOM(1)
	.byte	0                               @ EOM(2)
	.byte	15                              @ Abbreviation Code
	.byte	46                              @ DW_TAG_subprogram
	.byte	0                               @ DW_CHILDREN_no
	.byte	17                              @ DW_AT_low_pc
	.byte	1                               @ DW_FORM_addr
	.byte	18                              @ DW_AT_high_pc
	.byte	1                               @ DW_FORM_addr
	.byte	64                              @ DW_AT_frame_base
	.byte	10                              @ DW_FORM_block1
	.byte	3                               @ DW_AT_name
	.byte	14                              @ DW_FORM_strp
	.byte	58                              @ DW_AT_decl_file
	.byte	11                              @ DW_FORM_data1
	.byte	59                              @ DW_AT_decl_line
	.byte	11                              @ DW_FORM_data1
	.byte	39                              @ DW_AT_prototyped
	.byte	12                              @ DW_FORM_flag
	.byte	73                              @ DW_AT_type
	.byte	19                              @ DW_FORM_ref4
	.byte	63                              @ DW_AT_external
	.byte	12                              @ DW_FORM_flag
	.byte	0                               @ EOM(1)
	.byte	0                               @ EOM(2)
	.byte	16                              @ Abbreviation Code
	.byte	46                              @ DW_TAG_subprogram
	.byte	1                               @ DW_CHILDREN_yes
	.byte	17                              @ DW_AT_low_pc
	.byte	1                               @ DW_FORM_addr
	.byte	18                              @ DW_AT_high_pc
	.byte	1                               @ DW_FORM_addr
	.byte	64                              @ DW_AT_frame_base
	.byte	10                              @ DW_FORM_block1
	.byte	3                               @ DW_AT_name
	.byte	14                              @ DW_FORM_strp
	.byte	58                              @ DW_AT_decl_file
	.byte	11                              @ DW_FORM_data1
	.byte	59                              @ DW_AT_decl_line
	.byte	11                              @ DW_FORM_data1
	.byte	39                              @ DW_AT_prototyped
	.byte	12                              @ DW_FORM_flag
	.byte	73                              @ DW_AT_type
	.byte	19                              @ DW_FORM_ref4
	.byte	63                              @ DW_AT_external
	.byte	12                              @ DW_FORM_flag
	.byte	0                               @ EOM(1)
	.byte	0                               @ EOM(2)
	.byte	17                              @ Abbreviation Code
	.byte	5                               @ DW_TAG_formal_parameter
	.byte	0                               @ DW_CHILDREN_no
	.byte	2                               @ DW_AT_location
	.byte	6                               @ DW_FORM_data4
	.byte	3                               @ DW_AT_name
	.byte	14                              @ DW_FORM_strp
	.byte	58                              @ DW_AT_decl_file
	.byte	11                              @ DW_FORM_data1
	.byte	59                              @ DW_AT_decl_line
	.byte	11                              @ DW_FORM_data1
	.byte	73                              @ DW_AT_type
	.byte	19                              @ DW_FORM_ref4
	.byte	0                               @ EOM(1)
	.byte	0                               @ EOM(2)
	.byte	18                              @ Abbreviation Code
	.byte	52                              @ DW_TAG_variable
	.byte	0                               @ DW_CHILDREN_no
	.byte	2                               @ DW_AT_location
	.byte	6                               @ DW_FORM_data4
	.byte	3                               @ DW_AT_name
	.byte	14                              @ DW_FORM_strp
	.byte	58                              @ DW_AT_decl_file
	.byte	11                              @ DW_FORM_data1
	.byte	59                              @ DW_AT_decl_line
	.byte	11                              @ DW_FORM_data1
	.byte	73                              @ DW_AT_type
	.byte	19                              @ DW_FORM_ref4
	.byte	0                               @ EOM(1)
	.byte	0                               @ EOM(2)
	.byte	0                               @ EOM(3)
	.section	.debug_info,"",%progbits
.Lcu_begin0:
	.long	.Ldebug_info_end0-.Ldebug_info_start0 @ Length of Unit
.Ldebug_info_start0:
	.short	3                               @ DWARF version number
	.long	.debug_abbrev                   @ Offset Into Abbrev. Section
	.byte	4                               @ Address Size (in bytes)
	.byte	1                               @ Abbrev [1] 0xb:0x404 DW_TAG_compile_unit
	.long	.Linfo_string0                  @ DW_AT_producer
	.short	12                              @ DW_AT_language
	.long	.Linfo_string1                  @ DW_AT_name
	.long	.Lline_table_start0             @ DW_AT_stmt_list
	.long	.Linfo_string2                  @ DW_AT_comp_dir
	.long	0                               @ DW_AT_low_pc
	.long	.Ldebug_ranges0                 @ DW_AT_ranges
	.byte	2                               @ Abbrev [2] 0x26:0x12 DW_TAG_variable
	.long	.Linfo_string3                  @ DW_AT_name
	.long	56                              @ DW_AT_type
	.byte	1                               @ DW_AT_external
	.byte	5                               @ DW_AT_decl_file
	.byte	17                              @ DW_AT_decl_line
	.byte	5                               @ DW_AT_location
	.byte	3
	.long	global_node_table
	.byte	3                               @ Abbrev [3] 0x38:0xc DW_TAG_array_type
	.long	68                              @ DW_AT_type
	.byte	4                               @ Abbrev [4] 0x3d:0x6 DW_TAG_subrange_type
	.long	441                             @ DW_AT_type
	.byte	16                              @ DW_AT_count
	.byte	0                               @ End Of Children Mark
	.byte	5                               @ Abbrev [5] 0x44:0xc7 DW_TAG_structure_type
	.long	.Linfo_string34                 @ DW_AT_name
	.byte	20                              @ DW_AT_byte_size
	.byte	2                               @ DW_AT_decl_file
	.byte	146                             @ DW_AT_decl_line
	.byte	6                               @ Abbrev [6] 0x4c:0xc DW_TAG_member
	.long	.Linfo_string4                  @ DW_AT_name
	.long	267                             @ DW_AT_type
	.byte	2                               @ DW_AT_decl_file
	.byte	148                             @ DW_AT_decl_line
	.byte	0                               @ DW_AT_data_member_location
	.byte	6                               @ Abbrev [6] 0x58:0xc DW_TAG_member
	.long	.Linfo_string7                  @ DW_AT_name
	.long	267                             @ DW_AT_type
	.byte	2                               @ DW_AT_decl_file
	.byte	149                             @ DW_AT_decl_line
	.byte	1                               @ DW_AT_data_member_location
	.byte	6                               @ Abbrev [6] 0x64:0xc DW_TAG_member
	.long	.Linfo_string8                  @ DW_AT_name
	.long	267                             @ DW_AT_type
	.byte	2                               @ DW_AT_decl_file
	.byte	150                             @ DW_AT_decl_line
	.byte	2                               @ DW_AT_data_member_location
	.byte	6                               @ Abbrev [6] 0x70:0xc DW_TAG_member
	.long	.Linfo_string9                  @ DW_AT_name
	.long	124                             @ DW_AT_type
	.byte	2                               @ DW_AT_decl_file
	.byte	158                             @ DW_AT_decl_line
	.byte	4                               @ DW_AT_data_member_location
	.byte	7                               @ Abbrev [7] 0x7c:0x41 DW_TAG_union_type
	.byte	4                               @ DW_AT_byte_size
	.byte	2                               @ DW_AT_decl_file
	.byte	152                             @ DW_AT_decl_line
	.byte	6                               @ Abbrev [6] 0x80:0xc DW_TAG_member
	.long	.Linfo_string10                 @ DW_AT_name
	.long	285                             @ DW_AT_type
	.byte	2                               @ DW_AT_decl_file
	.byte	153                             @ DW_AT_decl_line
	.byte	0                               @ DW_AT_data_member_location
	.byte	6                               @ Abbrev [6] 0x8c:0xc DW_TAG_member
	.long	.Linfo_string12                 @ DW_AT_name
	.long	292                             @ DW_AT_type
	.byte	2                               @ DW_AT_decl_file
	.byte	154                             @ DW_AT_decl_line
	.byte	0                               @ DW_AT_data_member_location
	.byte	6                               @ Abbrev [6] 0x98:0xc DW_TAG_member
	.long	.Linfo_string14                 @ DW_AT_name
	.long	299                             @ DW_AT_type
	.byte	2                               @ DW_AT_decl_file
	.byte	155                             @ DW_AT_decl_line
	.byte	0                               @ DW_AT_data_member_location
	.byte	6                               @ Abbrev [6] 0xa4:0xc DW_TAG_member
	.long	.Linfo_string16                 @ DW_AT_name
	.long	306                             @ DW_AT_type
	.byte	2                               @ DW_AT_decl_file
	.byte	156                             @ DW_AT_decl_line
	.byte	0                               @ DW_AT_data_member_location
	.byte	6                               @ Abbrev [6] 0xb0:0xc DW_TAG_member
	.long	.Linfo_string18                 @ DW_AT_name
	.long	313                             @ DW_AT_type
	.byte	2                               @ DW_AT_decl_file
	.byte	157                             @ DW_AT_decl_line
	.byte	0                               @ DW_AT_data_member_location
	.byte	0                               @ End Of Children Mark
	.byte	6                               @ Abbrev [6] 0xbd:0xc DW_TAG_member
	.long	.Linfo_string19                 @ DW_AT_name
	.long	201                             @ DW_AT_type
	.byte	2                               @ DW_AT_decl_file
	.byte	165                             @ DW_AT_decl_line
	.byte	8                               @ DW_AT_data_member_location
	.byte	7                               @ Abbrev [7] 0xc9:0x29 DW_TAG_union_type
	.byte	4                               @ DW_AT_byte_size
	.byte	2                               @ DW_AT_decl_file
	.byte	159                             @ DW_AT_decl_line
	.byte	6                               @ Abbrev [6] 0xcd:0xc DW_TAG_member
	.long	.Linfo_string20                 @ DW_AT_name
	.long	314                             @ DW_AT_type
	.byte	2                               @ DW_AT_decl_file
	.byte	162                             @ DW_AT_decl_line
	.byte	0                               @ DW_AT_data_member_location
	.byte	6                               @ Abbrev [6] 0xd9:0xc DW_TAG_member
	.long	.Linfo_string25                 @ DW_AT_name
	.long	448                             @ DW_AT_type
	.byte	2                               @ DW_AT_decl_file
	.byte	163                             @ DW_AT_decl_line
	.byte	0                               @ DW_AT_data_member_location
	.byte	6                               @ Abbrev [6] 0xe5:0xc DW_TAG_member
	.long	.Linfo_string28                 @ DW_AT_name
	.long	520                             @ DW_AT_type
	.byte	2                               @ DW_AT_decl_file
	.byte	164                             @ DW_AT_decl_line
	.byte	0                               @ DW_AT_data_member_location
	.byte	0                               @ End Of Children Mark
	.byte	6                               @ Abbrev [6] 0xf2:0xc DW_TAG_member
	.long	.Linfo_string32                 @ DW_AT_name
	.long	592                             @ DW_AT_type
	.byte	2                               @ DW_AT_decl_file
	.byte	168                             @ DW_AT_decl_line
	.byte	12                              @ DW_AT_data_member_location
	.byte	6                               @ Abbrev [6] 0xfe:0xc DW_TAG_member
	.long	.Linfo_string33                 @ DW_AT_name
	.long	592                             @ DW_AT_type
	.byte	2                               @ DW_AT_decl_file
	.byte	168                             @ DW_AT_decl_line
	.byte	16                              @ DW_AT_data_member_location
	.byte	0                               @ End Of Children Mark
	.byte	8                               @ Abbrev [8] 0x10b:0xb DW_TAG_typedef
	.long	278                             @ DW_AT_type
	.long	.Linfo_string6                  @ DW_AT_name
	.byte	1                               @ DW_AT_decl_file
	.byte	62                              @ DW_AT_decl_line
	.byte	9                               @ Abbrev [9] 0x116:0x7 DW_TAG_base_type
	.long	.Linfo_string5                  @ DW_AT_name
	.byte	8                               @ DW_AT_encoding
	.byte	1                               @ DW_AT_byte_size
	.byte	9                               @ Abbrev [9] 0x11d:0x7 DW_TAG_base_type
	.long	.Linfo_string11                 @ DW_AT_name
	.byte	6                               @ DW_AT_encoding
	.byte	1                               @ DW_AT_byte_size
	.byte	9                               @ Abbrev [9] 0x124:0x7 DW_TAG_base_type
	.long	.Linfo_string13                 @ DW_AT_name
	.byte	5                               @ DW_AT_encoding
	.byte	2                               @ DW_AT_byte_size
	.byte	9                               @ Abbrev [9] 0x12b:0x7 DW_TAG_base_type
	.long	.Linfo_string15                 @ DW_AT_name
	.byte	5                               @ DW_AT_encoding
	.byte	4                               @ DW_AT_byte_size
	.byte	9                               @ Abbrev [9] 0x132:0x7 DW_TAG_base_type
	.long	.Linfo_string17                 @ DW_AT_name
	.byte	5                               @ DW_AT_encoding
	.byte	4                               @ DW_AT_byte_size
	.byte	10                              @ Abbrev [10] 0x139:0x1 DW_TAG_pointer_type
	.byte	11                              @ Abbrev [11] 0x13a:0x5 DW_TAG_pointer_type
	.long	319                             @ DW_AT_type
	.byte	5                               @ Abbrev [5] 0x13f:0x6e DW_TAG_structure_type
	.long	.Linfo_string24                 @ DW_AT_name
	.byte	24                              @ DW_AT_byte_size
	.byte	3                               @ DW_AT_decl_file
	.byte	19                              @ DW_AT_decl_line
	.byte	6                               @ Abbrev [6] 0x147:0xc DW_TAG_member
	.long	.Linfo_string21                 @ DW_AT_name
	.long	429                             @ DW_AT_type
	.byte	3                               @ DW_AT_decl_file
	.byte	21                              @ DW_AT_decl_line
	.byte	0                               @ DW_AT_data_member_location
	.byte	6                               @ Abbrev [6] 0x153:0xc DW_TAG_member
	.long	.Linfo_string23                 @ DW_AT_name
	.long	267                             @ DW_AT_type
	.byte	3                               @ DW_AT_decl_file
	.byte	23                              @ DW_AT_decl_line
	.byte	17                              @ DW_AT_data_member_location
	.byte	6                               @ Abbrev [6] 0x15f:0xc DW_TAG_member
	.long	.Linfo_string9                  @ DW_AT_name
	.long	363                             @ DW_AT_type
	.byte	3                               @ DW_AT_decl_file
	.byte	32                              @ DW_AT_decl_line
	.byte	20                              @ DW_AT_data_member_location
	.byte	7                               @ Abbrev [7] 0x16b:0x41 DW_TAG_union_type
	.byte	4                               @ DW_AT_byte_size
	.byte	3                               @ DW_AT_decl_file
	.byte	26                              @ DW_AT_decl_line
	.byte	6                               @ Abbrev [6] 0x16f:0xc DW_TAG_member
	.long	.Linfo_string10                 @ DW_AT_name
	.long	285                             @ DW_AT_type
	.byte	3                               @ DW_AT_decl_file
	.byte	27                              @ DW_AT_decl_line
	.byte	0                               @ DW_AT_data_member_location
	.byte	6                               @ Abbrev [6] 0x17b:0xc DW_TAG_member
	.long	.Linfo_string12                 @ DW_AT_name
	.long	292                             @ DW_AT_type
	.byte	3                               @ DW_AT_decl_file
	.byte	28                              @ DW_AT_decl_line
	.byte	0                               @ DW_AT_data_member_location
	.byte	6                               @ Abbrev [6] 0x187:0xc DW_TAG_member
	.long	.Linfo_string14                 @ DW_AT_name
	.long	299                             @ DW_AT_type
	.byte	3                               @ DW_AT_decl_file
	.byte	29                              @ DW_AT_decl_line
	.byte	0                               @ DW_AT_data_member_location
	.byte	6                               @ Abbrev [6] 0x193:0xc DW_TAG_member
	.long	.Linfo_string16                 @ DW_AT_name
	.long	306                             @ DW_AT_type
	.byte	3                               @ DW_AT_decl_file
	.byte	30                              @ DW_AT_decl_line
	.byte	0                               @ DW_AT_data_member_location
	.byte	6                               @ Abbrev [6] 0x19f:0xc DW_TAG_member
	.long	.Linfo_string18                 @ DW_AT_name
	.long	313                             @ DW_AT_type
	.byte	3                               @ DW_AT_decl_file
	.byte	31                              @ DW_AT_decl_line
	.byte	0                               @ DW_AT_data_member_location
	.byte	0                               @ End Of Children Mark
	.byte	0                               @ End Of Children Mark
	.byte	3                               @ Abbrev [3] 0x1ad:0xc DW_TAG_array_type
	.long	285                             @ DW_AT_type
	.byte	4                               @ Abbrev [4] 0x1b2:0x6 DW_TAG_subrange_type
	.long	441                             @ DW_AT_type
	.byte	17                              @ DW_AT_count
	.byte	0                               @ End Of Children Mark
	.byte	12                              @ Abbrev [12] 0x1b9:0x7 DW_TAG_base_type
	.long	.Linfo_string22                 @ DW_AT_name
	.byte	8                               @ DW_AT_byte_size
	.byte	7                               @ DW_AT_encoding
	.byte	11                              @ Abbrev [11] 0x1c0:0x5 DW_TAG_pointer_type
	.long	453                             @ DW_AT_type
	.byte	5                               @ Abbrev [5] 0x1c5:0x39 DW_TAG_structure_type
	.long	.Linfo_string27                 @ DW_AT_name
	.byte	16                              @ DW_AT_byte_size
	.byte	2                               @ DW_AT_decl_file
	.byte	91                              @ DW_AT_decl_line
	.byte	6                               @ Abbrev [6] 0x1cd:0xc DW_TAG_member
	.long	.Linfo_string21                 @ DW_AT_name
	.long	510                             @ DW_AT_type
	.byte	2                               @ DW_AT_decl_file
	.byte	93                              @ DW_AT_decl_line
	.byte	0                               @ DW_AT_data_member_location
	.byte	6                               @ Abbrev [6] 0x1d9:0xc DW_TAG_member
	.long	.Linfo_string26                 @ DW_AT_name
	.long	510                             @ DW_AT_type
	.byte	2                               @ DW_AT_decl_file
	.byte	95                              @ DW_AT_decl_line
	.byte	4                               @ DW_AT_data_member_location
	.byte	6                               @ Abbrev [6] 0x1e5:0xc DW_TAG_member
	.long	.Linfo_string23                 @ DW_AT_name
	.long	267                             @ DW_AT_type
	.byte	2                               @ DW_AT_decl_file
	.byte	97                              @ DW_AT_decl_line
	.byte	8                               @ DW_AT_data_member_location
	.byte	6                               @ Abbrev [6] 0x1f1:0xc DW_TAG_member
	.long	.Linfo_string20                 @ DW_AT_name
	.long	313                             @ DW_AT_type
	.byte	2                               @ DW_AT_decl_file
	.byte	98                              @ DW_AT_decl_line
	.byte	12                              @ DW_AT_data_member_location
	.byte	0                               @ End Of Children Mark
	.byte	11                              @ Abbrev [11] 0x1fe:0x5 DW_TAG_pointer_type
	.long	515                             @ DW_AT_type
	.byte	13                              @ Abbrev [13] 0x203:0x5 DW_TAG_const_type
	.long	285                             @ DW_AT_type
	.byte	11                              @ Abbrev [11] 0x208:0x5 DW_TAG_pointer_type
	.long	525                             @ DW_AT_type
	.byte	5                               @ Abbrev [5] 0x20d:0x2d DW_TAG_structure_type
	.long	.Linfo_string31                 @ DW_AT_name
	.byte	12                              @ DW_AT_byte_size
	.byte	4                               @ DW_AT_decl_file
	.byte	21                              @ DW_AT_decl_line
	.byte	6                               @ Abbrev [6] 0x215:0xc DW_TAG_member
	.long	.Linfo_string21                 @ DW_AT_name
	.long	510                             @ DW_AT_type
	.byte	4                               @ DW_AT_decl_file
	.byte	23                              @ DW_AT_decl_line
	.byte	0                               @ DW_AT_data_member_location
	.byte	6                               @ Abbrev [6] 0x221:0xc DW_TAG_member
	.long	.Linfo_string26                 @ DW_AT_name
	.long	510                             @ DW_AT_type
	.byte	4                               @ DW_AT_decl_file
	.byte	25                              @ DW_AT_decl_line
	.byte	4                               @ DW_AT_data_member_location
	.byte	6                               @ Abbrev [6] 0x22d:0xc DW_TAG_member
	.long	.Linfo_string29                 @ DW_AT_name
	.long	570                             @ DW_AT_type
	.byte	4                               @ DW_AT_decl_file
	.byte	27                              @ DW_AT_decl_line
	.byte	8                               @ DW_AT_data_member_location
	.byte	0                               @ End Of Children Mark
	.byte	8                               @ Abbrev [8] 0x23a:0xb DW_TAG_typedef
	.long	581                             @ DW_AT_type
	.long	.Linfo_string30                 @ DW_AT_name
	.byte	4                               @ DW_AT_decl_file
	.byte	18                              @ DW_AT_decl_line
	.byte	11                              @ Abbrev [11] 0x245:0x5 DW_TAG_pointer_type
	.long	586                             @ DW_AT_type
	.byte	14                              @ Abbrev [14] 0x24a:0x6 DW_TAG_subroutine_type
	.long	306                             @ DW_AT_type
	.byte	1                               @ DW_AT_prototyped
	.byte	11                              @ Abbrev [11] 0x250:0x5 DW_TAG_pointer_type
	.long	68                              @ DW_AT_type
	.byte	11                              @ Abbrev [11] 0x255:0x5 DW_TAG_pointer_type
	.long	267                             @ DW_AT_type
	.byte	15                              @ Abbrev [15] 0x25a:0x17 DW_TAG_subprogram
	.long	.Lfunc_begin0                   @ DW_AT_low_pc
	.long	.Lfunc_end0                     @ DW_AT_high_pc
	.byte	1                               @ DW_AT_frame_base
	.byte	93
	.long	.Linfo_string35                 @ DW_AT_name
	.byte	5                               @ DW_AT_decl_file
	.byte	19                              @ DW_AT_decl_line
	.byte	1                               @ DW_AT_prototyped
	.long	299                             @ DW_AT_type
	.byte	1                               @ DW_AT_external
	.byte	16                              @ Abbrev [16] 0x271:0x36 DW_TAG_subprogram
	.long	.Lfunc_begin1                   @ DW_AT_low_pc
	.long	.Lfunc_end1                     @ DW_AT_high_pc
	.byte	1                               @ DW_AT_frame_base
	.byte	93
	.long	.Linfo_string36                 @ DW_AT_name
	.byte	5                               @ DW_AT_decl_file
	.byte	26                              @ DW_AT_decl_line
	.byte	1                               @ DW_AT_prototyped
	.long	592                             @ DW_AT_type
	.byte	1                               @ DW_AT_external
	.byte	17                              @ Abbrev [17] 0x288:0xf DW_TAG_formal_parameter
	.long	.Ldebug_loc0                    @ DW_AT_location
	.long	.Linfo_string23                 @ DW_AT_name
	.byte	5                               @ DW_AT_decl_file
	.byte	26                              @ DW_AT_decl_line
	.long	267                             @ DW_AT_type
	.byte	18                              @ Abbrev [18] 0x297:0xf DW_TAG_variable
	.long	.Ldebug_loc1                    @ DW_AT_location
	.long	.Linfo_string43                 @ DW_AT_name
	.byte	5                               @ DW_AT_decl_file
	.byte	28                              @ DW_AT_decl_line
	.long	299                             @ DW_AT_type
	.byte	0                               @ End Of Children Mark
	.byte	16                              @ Abbrev [16] 0x2a7:0x54 DW_TAG_subprogram
	.long	.Lfunc_begin2                   @ DW_AT_low_pc
	.long	.Lfunc_end2                     @ DW_AT_high_pc
	.byte	1                               @ DW_AT_frame_base
	.byte	93
	.long	.Linfo_string37                 @ DW_AT_name
	.byte	5                               @ DW_AT_decl_file
	.byte	45                              @ DW_AT_decl_line
	.byte	1                               @ DW_AT_prototyped
	.long	592                             @ DW_AT_type
	.byte	1                               @ DW_AT_external
	.byte	17                              @ Abbrev [17] 0x2be:0xf DW_TAG_formal_parameter
	.long	.Ldebug_loc2                    @ DW_AT_location
	.long	.Linfo_string19                 @ DW_AT_name
	.byte	5                               @ DW_AT_decl_file
	.byte	45                              @ DW_AT_decl_line
	.long	1033                            @ DW_AT_type
	.byte	18                              @ Abbrev [18] 0x2cd:0xf DW_TAG_variable
	.long	.Ldebug_loc3                    @ DW_AT_location
	.long	.Linfo_string44                 @ DW_AT_name
	.byte	5                               @ DW_AT_decl_file
	.byte	47                              @ DW_AT_decl_line
	.long	592                             @ DW_AT_type
	.byte	18                              @ Abbrev [18] 0x2dc:0xf DW_TAG_variable
	.long	.Ldebug_loc4                    @ DW_AT_location
	.long	.Linfo_string23                 @ DW_AT_name
	.byte	5                               @ DW_AT_decl_file
	.byte	49                              @ DW_AT_decl_line
	.long	278                             @ DW_AT_type
	.byte	18                              @ Abbrev [18] 0x2eb:0xf DW_TAG_variable
	.long	.Ldebug_loc5                    @ DW_AT_location
	.long	.Linfo_string45                 @ DW_AT_name
	.byte	5                               @ DW_AT_decl_file
	.byte	48                              @ DW_AT_decl_line
	.long	313                             @ DW_AT_type
	.byte	0                               @ End Of Children Mark
	.byte	16                              @ Abbrev [16] 0x2fb:0x36 DW_TAG_subprogram
	.long	.Lfunc_begin3                   @ DW_AT_low_pc
	.long	.Lfunc_end3                     @ DW_AT_high_pc
	.byte	1                               @ DW_AT_frame_base
	.byte	93
	.long	.Linfo_string38                 @ DW_AT_name
	.byte	5                               @ DW_AT_decl_file
	.byte	106                             @ DW_AT_decl_line
	.byte	1                               @ DW_AT_prototyped
	.long	592                             @ DW_AT_type
	.byte	1                               @ DW_AT_external
	.byte	17                              @ Abbrev [17] 0x312:0xf DW_TAG_formal_parameter
	.long	.Ldebug_loc6                    @ DW_AT_location
	.long	.Linfo_string46                 @ DW_AT_name
	.byte	5                               @ DW_AT_decl_file
	.byte	106                             @ DW_AT_decl_line
	.long	285                             @ DW_AT_type
	.byte	18                              @ Abbrev [18] 0x321:0xf DW_TAG_variable
	.long	.Ldebug_loc7                    @ DW_AT_location
	.long	.Linfo_string44                 @ DW_AT_name
	.byte	5                               @ DW_AT_decl_file
	.byte	108                             @ DW_AT_decl_line
	.long	592                             @ DW_AT_type
	.byte	0                               @ End Of Children Mark
	.byte	16                              @ Abbrev [16] 0x331:0x36 DW_TAG_subprogram
	.long	.Lfunc_begin4                   @ DW_AT_low_pc
	.long	.Lfunc_end4                     @ DW_AT_high_pc
	.byte	1                               @ DW_AT_frame_base
	.byte	93
	.long	.Linfo_string39                 @ DW_AT_name
	.byte	5                               @ DW_AT_decl_file
	.byte	121                             @ DW_AT_decl_line
	.byte	1                               @ DW_AT_prototyped
	.long	592                             @ DW_AT_type
	.byte	1                               @ DW_AT_external
	.byte	17                              @ Abbrev [17] 0x348:0xf DW_TAG_formal_parameter
	.long	.Ldebug_loc8                    @ DW_AT_location
	.long	.Linfo_string43                 @ DW_AT_name
	.byte	5                               @ DW_AT_decl_file
	.byte	121                             @ DW_AT_decl_line
	.long	299                             @ DW_AT_type
	.byte	18                              @ Abbrev [18] 0x357:0xf DW_TAG_variable
	.long	.Ldebug_loc9                    @ DW_AT_location
	.long	.Linfo_string44                 @ DW_AT_name
	.byte	5                               @ DW_AT_decl_file
	.byte	123                             @ DW_AT_decl_line
	.long	592                             @ DW_AT_type
	.byte	0                               @ End Of Children Mark
	.byte	16                              @ Abbrev [16] 0x367:0x36 DW_TAG_subprogram
	.long	.Lfunc_begin5                   @ DW_AT_low_pc
	.long	.Lfunc_end5                     @ DW_AT_high_pc
	.byte	1                               @ DW_AT_frame_base
	.byte	93
	.long	.Linfo_string40                 @ DW_AT_name
	.byte	5                               @ DW_AT_decl_file
	.byte	136                             @ DW_AT_decl_line
	.byte	1                               @ DW_AT_prototyped
	.long	592                             @ DW_AT_type
	.byte	1                               @ DW_AT_external
	.byte	17                              @ Abbrev [17] 0x37e:0xf DW_TAG_formal_parameter
	.long	.Ldebug_loc10                   @ DW_AT_location
	.long	.Linfo_string47                 @ DW_AT_name
	.byte	5                               @ DW_AT_decl_file
	.byte	136                             @ DW_AT_decl_line
	.long	306                             @ DW_AT_type
	.byte	18                              @ Abbrev [18] 0x38d:0xf DW_TAG_variable
	.long	.Ldebug_loc11                   @ DW_AT_location
	.long	.Linfo_string44                 @ DW_AT_name
	.byte	5                               @ DW_AT_decl_file
	.byte	138                             @ DW_AT_decl_line
	.long	592                             @ DW_AT_type
	.byte	0                               @ End Of Children Mark
	.byte	16                              @ Abbrev [16] 0x39d:0x36 DW_TAG_subprogram
	.long	.Lfunc_begin6                   @ DW_AT_low_pc
	.long	.Lfunc_end6                     @ DW_AT_high_pc
	.byte	1                               @ DW_AT_frame_base
	.byte	93
	.long	.Linfo_string41                 @ DW_AT_name
	.byte	5                               @ DW_AT_decl_file
	.byte	151                             @ DW_AT_decl_line
	.byte	1                               @ DW_AT_prototyped
	.long	592                             @ DW_AT_type
	.byte	1                               @ DW_AT_external
	.byte	17                              @ Abbrev [17] 0x3b4:0xf DW_TAG_formal_parameter
	.long	.Ldebug_loc12                   @ DW_AT_location
	.long	.Linfo_string48                 @ DW_AT_name
	.byte	5                               @ DW_AT_decl_file
	.byte	151                             @ DW_AT_decl_line
	.long	1033                            @ DW_AT_type
	.byte	18                              @ Abbrev [18] 0x3c3:0xf DW_TAG_variable
	.long	.Ldebug_loc13                   @ DW_AT_location
	.long	.Linfo_string44                 @ DW_AT_name
	.byte	5                               @ DW_AT_decl_file
	.byte	153                             @ DW_AT_decl_line
	.long	592                             @ DW_AT_type
	.byte	0                               @ End Of Children Mark
	.byte	16                              @ Abbrev [16] 0x3d3:0x36 DW_TAG_subprogram
	.long	.Lfunc_begin7                   @ DW_AT_low_pc
	.long	.Lfunc_end7                     @ DW_AT_high_pc
	.byte	1                               @ DW_AT_frame_base
	.byte	93
	.long	.Linfo_string42                 @ DW_AT_name
	.byte	5                               @ DW_AT_decl_file
	.byte	170                             @ DW_AT_decl_line
	.byte	1                               @ DW_AT_prototyped
	.long	592                             @ DW_AT_type
	.byte	1                               @ DW_AT_external
	.byte	17                              @ Abbrev [17] 0x3ea:0xf DW_TAG_formal_parameter
	.long	.Ldebug_loc14                   @ DW_AT_location
	.long	.Linfo_string18                 @ DW_AT_name
	.byte	5                               @ DW_AT_decl_file
	.byte	170                             @ DW_AT_decl_line
	.long	313                             @ DW_AT_type
	.byte	18                              @ Abbrev [18] 0x3f9:0xf DW_TAG_variable
	.long	.Ldebug_loc15                   @ DW_AT_location
	.long	.Linfo_string44                 @ DW_AT_name
	.byte	5                               @ DW_AT_decl_file
	.byte	172                             @ DW_AT_decl_line
	.long	592                             @ DW_AT_type
	.byte	0                               @ End Of Children Mark
	.byte	11                              @ Abbrev [11] 0x409:0x5 DW_TAG_pointer_type
	.long	285                             @ DW_AT_type
	.byte	0                               @ End Of Children Mark
.Ldebug_info_end0:
	.section	.debug_ranges,"",%progbits
.Ldebug_ranges0:
	.long	.Lfunc_begin0
	.long	.Lfunc_end0
	.long	.Lfunc_begin1
	.long	.Lfunc_end1
	.long	.Lfunc_begin2
	.long	.Lfunc_end2
	.long	.Lfunc_begin3
	.long	.Lfunc_end3
	.long	.Lfunc_begin4
	.long	.Lfunc_end4
	.long	.Lfunc_begin5
	.long	.Lfunc_end5
	.long	.Lfunc_begin6
	.long	.Lfunc_end6
	.long	.Lfunc_begin7
	.long	.Lfunc_end7
	.long	0
	.long	0
	.section	.debug_str,"MS",%progbits,1
.Linfo_string0:
	.asciz	"Component: ARM Compiler 6.16 Tool: armclang [5dfeb700]" @ string offset=0
.Linfo_string1:
	.asciz	"rt-thread/components/finsh\\finsh_node.c" @ string offset=55
.Linfo_string2:
	.asciz	"E:\\Smart-access-control\\Hardware\\CODE" @ string offset=95
.Linfo_string3:
	.asciz	"global_node_table"             @ string offset=133
.Linfo_string4:
	.asciz	"node_type"                     @ string offset=151
.Linfo_string5:
	.asciz	"unsigned char"                 @ string offset=161
.Linfo_string6:
	.asciz	"uint8_t"                       @ string offset=175
.Linfo_string7:
	.asciz	"data_type"                     @ string offset=183
.Linfo_string8:
	.asciz	"idtype"                        @ string offset=193
.Linfo_string9:
	.asciz	"value"                         @ string offset=200
.Linfo_string10:
	.asciz	"char_value"                    @ string offset=206
.Linfo_string11:
	.asciz	"char"                          @ string offset=217
.Linfo_string12:
	.asciz	"short_value"                   @ string offset=222
.Linfo_string13:
	.asciz	"short"                         @ string offset=234
.Linfo_string14:
	.asciz	"int_value"                     @ string offset=240
.Linfo_string15:
	.asciz	"int"                           @ string offset=250
.Linfo_string16:
	.asciz	"long_value"                    @ string offset=254
.Linfo_string17:
	.asciz	"long int"                      @ string offset=265
.Linfo_string18:
	.asciz	"ptr"                           @ string offset=274
.Linfo_string19:
	.asciz	"id"                            @ string offset=278
.Linfo_string20:
	.asciz	"var"                           @ string offset=281
.Linfo_string21:
	.asciz	"name"                          @ string offset=285
.Linfo_string22:
	.asciz	"__ARRAY_SIZE_TYPE__"           @ string offset=290
.Linfo_string23:
	.asciz	"type"                          @ string offset=310
.Linfo_string24:
	.asciz	"finsh_var"                     @ string offset=315
.Linfo_string25:
	.asciz	"sysvar"                        @ string offset=325
.Linfo_string26:
	.asciz	"desc"                          @ string offset=332
.Linfo_string27:
	.asciz	"finsh_sysvar"                  @ string offset=337
.Linfo_string28:
	.asciz	"syscall"                       @ string offset=350
.Linfo_string29:
	.asciz	"func"                          @ string offset=358
.Linfo_string30:
	.asciz	"syscall_func"                  @ string offset=363
.Linfo_string31:
	.asciz	"finsh_syscall"                 @ string offset=376
.Linfo_string32:
	.asciz	"sibling"                       @ string offset=390
.Linfo_string33:
	.asciz	"child"                         @ string offset=398
.Linfo_string34:
	.asciz	"finsh_node"                    @ string offset=404
.Linfo_string35:
	.asciz	"finsh_node_init"               @ string offset=415
.Linfo_string36:
	.asciz	"finsh_node_allocate"           @ string offset=431
.Linfo_string37:
	.asciz	"finsh_node_new_id"             @ string offset=451
.Linfo_string38:
	.asciz	"finsh_node_new_char"           @ string offset=469
.Linfo_string39:
	.asciz	"finsh_node_new_int"            @ string offset=489
.Linfo_string40:
	.asciz	"finsh_node_new_long"           @ string offset=508
.Linfo_string41:
	.asciz	"finsh_node_new_string"         @ string offset=528
.Linfo_string42:
	.asciz	"finsh_node_new_ptr"            @ string offset=550
.Linfo_string43:
	.asciz	"i"                             @ string offset=569
.Linfo_string44:
	.asciz	"node"                          @ string offset=571
.Linfo_string45:
	.asciz	"symbol"                        @ string offset=576
.Linfo_string46:
	.asciz	"c"                             @ string offset=583
.Linfo_string47:
	.asciz	"l"                             @ string offset=585
.Linfo_string48:
	.asciz	"s"                             @ string offset=587
	.ident	"Component: ARM Compiler 6.16 Tool: armclang [5dfeb700]"
	.section	".note.GNU-stack","",%progbits
	.eabi_attribute	30, 1	@ Tag_ABI_optimization_goals
	.ARM_attribute	16, 1	@ Tag_AV_eba
	.section	.debug_line,"",%progbits
.Lline_table_start0:
