	.text
	.syntax unified
	.eabi_attribute	67, "2.09"	@ Tag_conformance
	.cpu	cortex-m7
	.eabi_attribute	6, 13	@ Tag_CPU_arch
	.eabi_attribute	7, 77	@ Tag_CPU_arch_profile
	.eabi_attribute	8, 0	@ Tag_ARM_ISA_use
	.eabi_attribute	9, 2	@ Tag_THUMB_ISA_use
	.fpu	fpv5-d16
	.eabi_attribute	36, 1	@ Tag_FP_HP_extension
	.eabi_attribute	34, 1	@ Tag_CPU_unaligned_access
	.eabi_attribute	17, 1	@ Tag_ABI_PCS_GOT_use
	.eabi_attribute	20, 2	@ Tag_ABI_FP_denormal
	.eabi_attribute	21, 0	@ Tag_ABI_FP_exceptions
	.eabi_attribute	23, 1	@ Tag_ABI_FP_number_model
	.eabi_attribute	24, 1	@ Tag_ABI_align_needed
	.eabi_attribute	25, 1	@ Tag_ABI_align_preserved
	.eabi_attribute	28, 1	@ Tag_ABI_VFP_args
	.eabi_attribute	38, 1	@ Tag_ABI_FP_16bit_format
	.eabi_attribute	18, 2	@ Tag_ABI_PCS_wchar_t
	.eabi_attribute	26, 1	@ Tag_ABI_enum_size
	.eabi_attribute	14, 0	@ Tag_ABI_PCS_R9_use
	.file	"finsh_var.c"
	.file	1 "E:\\Smart-access-control\\Hardware\\CODE" "rt-thread/components/finsh/finsh_var.h"
	.file	2 "D:\\Keil_v5\\ARM\\ARMCLANG\\Bin\\..\\include" "stdint.h"
	.file	3 "E:\\Smart-access-control\\Hardware\\CODE" "rt-thread/components/finsh/finsh_var.c"
	.file	4 "E:\\Smart-access-control\\Hardware\\CODE" "rt-thread/components/finsh\\finsh.h"
	.section	.text.finsh_var_init,"ax",%progbits
	.hidden	finsh_var_init                  @ -- Begin function finsh_var_init
	.globl	finsh_var_init
	.p2align	3
	.type	finsh_var_init,%function
	.code	16                              @ @finsh_var_init
	.thumb_func
finsh_var_init:
.Lfunc_begin0:
	.loc	3 19 0                          @ rt-thread/components/finsh/finsh_var.c:19:0
	.fnstart
	.cfi_sections .debug_frame
	.cfi_startproc
@ %bb.0:
	.save	{r7, lr}
	push	{r7, lr}
	.cfi_def_cfa_offset 8
	.cfi_offset lr, -4
	.cfi_offset r7, -8
.Ltmp0:
	.loc	3 20 5 prologue_end             @ rt-thread/components/finsh/finsh_var.c:20:5
	movw	r0, :lower16:global_variable
	movs	r1, #192
	movt	r0, :upper16:global_variable
	bl	__aeabi_memclr4
	.loc	3 22 5                          @ rt-thread/components/finsh/finsh_var.c:22:5
	movs	r0, #0
	pop	{r7, pc}
.Ltmp1:
.Lfunc_end0:
	.size	finsh_var_init, .Lfunc_end0-finsh_var_init
	.cfi_endproc
	.cantunwind
	.fnend
                                        @ -- End function
	.section	.text.finsh_var_insert,"ax",%progbits
	.hidden	finsh_var_insert                @ -- Begin function finsh_var_insert
	.globl	finsh_var_insert
	.p2align	3
	.type	finsh_var_insert,%function
	.code	16                              @ @finsh_var_insert
	.thumb_func
finsh_var_insert:
.Lfunc_begin1:
	.loc	3 26 0                          @ rt-thread/components/finsh/finsh_var.c:26:0
	.fnstart
	.cfi_startproc
@ %bb.0:
	@DEBUG_VALUE: finsh_var_insert:name <- $r0
	@DEBUG_VALUE: finsh_var_insert:type <- $r1
	.save	{r4, r5, r6, r7, r8, r9, lr}
	push.w	{r4, r5, r6, r7, r8, r9, lr}
	.cfi_def_cfa_offset 28
	.cfi_offset lr, -4
	.cfi_offset r9, -8
	.cfi_offset r8, -12
	.cfi_offset r7, -16
	.cfi_offset r6, -20
	.cfi_offset r5, -24
	.cfi_offset r4, -28
	.pad	#4
	sub	sp, #4
	.cfi_def_cfa_offset 32
	movw	r9, :lower16:global_variable
	mov	r8, r1
.Ltmp2:
	@DEBUG_VALUE: finsh_var_insert:type <- $r8
	@DEBUG_VALUE: finsh_var_insert:type <- $r8
	movt	r9, :upper16:global_variable
.Ltmp3:
	@DEBUG_VALUE: finsh_var_insert:i <- 0
	@DEBUG_VALUE: finsh_var_insert:empty <- -1
	mov	r6, r0
.Ltmp4:
	@DEBUG_VALUE: finsh_var_insert:name <- $r6
	@DEBUG_VALUE: finsh_var_insert:name <- $r6
	movs	r5, #0
	mov.w	r4, #-1
	mov	r7, r9
.Ltmp5:
	.p2align	2
.LBB1_1:                                @ =>This Inner Loop Header: Depth=1
	@DEBUG_VALUE: finsh_var_insert:type <- $r8
	@DEBUG_VALUE: finsh_var_insert:name <- $r6
	@DEBUG_VALUE: finsh_var_insert:empty <- $r4
	@DEBUG_VALUE: finsh_var_insert:i <- $r5
	.loc	3 33 13 prologue_end            @ rt-thread/components/finsh/finsh_var.c:33:13
	movs	r2, #16
	mov	r0, r7
	mov	r1, r6
	bl	strncmp
.Ltmp6:
	.loc	3 33 13 is_stmt 0               @ rt-thread/components/finsh/finsh_var.c:33:13
	cbz	r0, .LBB1_5
.Ltmp7:
@ %bb.2:                                @   in Loop: Header=BB1_1 Depth=1
	@DEBUG_VALUE: finsh_var_insert:type <- $r8
	@DEBUG_VALUE: finsh_var_insert:name <- $r6
	@DEBUG_VALUE: finsh_var_insert:i <- $r5
	@DEBUG_VALUE: finsh_var_insert:empty <- $r4
	.loc	3 36 32 is_stmt 1               @ rt-thread/components/finsh/finsh_var.c:36:32
	ldrb	r0, [r7, #17]
.Ltmp8:
	.loc	3 30 19                         @ rt-thread/components/finsh/finsh_var.c:30:19
	adds	r7, #24
.Ltmp9:
	.loc	3 36 59                         @ rt-thread/components/finsh/finsh_var.c:36:59
	cmp	r0, #0
	mov	r0, r4
	it	eq
	moveq	r0, r5
.Ltmp10:
	.loc	3 30 43                         @ rt-thread/components/finsh/finsh_var.c:30:43
	adds	r5, #1
.Ltmp11:
	@DEBUG_VALUE: finsh_var_insert:i <- $r5
	.loc	3 36 59                         @ rt-thread/components/finsh/finsh_var.c:36:59
	adds	r1, r4, #1
	it	eq
	moveq	r4, r0
.Ltmp12:
	@DEBUG_VALUE: finsh_var_insert:empty <- $r4
	.loc	3 30 5                          @ rt-thread/components/finsh/finsh_var.c:30:5
	cmp	r5, #8
	bne	.LBB1_1
.Ltmp13:
@ %bb.3:
	@DEBUG_VALUE: finsh_var_insert:type <- $r8
	@DEBUG_VALUE: finsh_var_insert:name <- $r6
	@DEBUG_VALUE: finsh_var_insert:i <- $r5
	@DEBUG_VALUE: finsh_var_insert:empty <- $r4
	.loc	3 43 9                          @ rt-thread/components/finsh/finsh_var.c:43:9
	adds	r0, r4, #1
	beq	.LBB1_6
.Ltmp14:
@ %bb.4:
	@DEBUG_VALUE: finsh_var_insert:type <- $r8
	@DEBUG_VALUE: finsh_var_insert:name <- $r6
	@DEBUG_VALUE: finsh_var_insert:i <- $r5
	@DEBUG_VALUE: finsh_var_insert:empty <- $r4
	.loc	3 46 13                         @ rt-thread/components/finsh/finsh_var.c:46:13
	add.w	r0, r4, r4, lsl #1
	.loc	3 46 5 is_stmt 0                @ rt-thread/components/finsh/finsh_var.c:46:5
	movs	r2, #16
	mov	r1, r6
	.loc	3 46 13                         @ rt-thread/components/finsh/finsh_var.c:46:13
	add.w	r0, r9, r0, lsl #3
	.loc	3 46 5                          @ rt-thread/components/finsh/finsh_var.c:46:5
	bl	strncpy
	.loc	3 47 33 is_stmt 1               @ rt-thread/components/finsh/finsh_var.c:47:33
	strb.w	r8, [r0, #17]
	b	.LBB1_7
.Ltmp15:
.LBB1_5:
	@DEBUG_VALUE: finsh_var_insert:type <- $r8
	@DEBUG_VALUE: finsh_var_insert:name <- $r6
	@DEBUG_VALUE: finsh_var_insert:i <- $r5
	@DEBUG_VALUE: finsh_var_insert:empty <- $r4
	.loc	3 0 33 is_stmt 0                @ rt-thread/components/finsh/finsh_var.c:0:33
	mov.w	r4, #-1
.Ltmp16:
	b	.LBB1_7
.Ltmp17:
.LBB1_6:
	@DEBUG_VALUE: finsh_var_insert:type <- $r8
	@DEBUG_VALUE: finsh_var_insert:name <- $r6
	@DEBUG_VALUE: finsh_var_insert:i <- $r5
	@DEBUG_VALUE: finsh_var_insert:empty <- $r4
	mov.w	r4, #-1
.Ltmp18:
.LBB1_7:
	@DEBUG_VALUE: finsh_var_insert:type <- $r8
	@DEBUG_VALUE: finsh_var_insert:name <- $r6
	@DEBUG_VALUE: finsh_var_insert:i <- $r5
	.loc	3 51 1 is_stmt 1                @ rt-thread/components/finsh/finsh_var.c:51:1
	mov	r0, r4
	add	sp, #4
	pop.w	{r4, r5, r6, r7, r8, r9, pc}
.Ltmp19:
.Lfunc_end1:
	.size	finsh_var_insert, .Lfunc_end1-finsh_var_insert
	.cfi_endproc
	.cantunwind
	.fnend
                                        @ -- End function
	.section	.text.finsh_var_delete,"ax",%progbits
	.hidden	finsh_var_delete                @ -- Begin function finsh_var_delete
	.globl	finsh_var_delete
	.p2align	3
	.type	finsh_var_delete,%function
	.code	16                              @ @finsh_var_delete
	.thumb_func
finsh_var_delete:
.Lfunc_begin2:
	.loc	3 54 0                          @ rt-thread/components/finsh/finsh_var.c:54:0
	.fnstart
	.cfi_startproc
@ %bb.0:
	@DEBUG_VALUE: finsh_var_delete:name <- $r0
	.save	{r4, r5, r6, r7, lr}
	push	{r4, r5, r6, r7, lr}
	.cfi_def_cfa_offset 20
	.cfi_offset lr, -4
	.cfi_offset r7, -8
	.cfi_offset r6, -12
	.cfi_offset r5, -16
	.cfi_offset r4, -20
	.pad	#4
	sub	sp, #4
	.cfi_def_cfa_offset 24
	movw	r6, :lower16:global_variable
	mov	r4, r0
.Ltmp20:
	@DEBUG_VALUE: finsh_var_delete:name <- $r4
	@DEBUG_VALUE: finsh_var_delete:name <- $r4
	movt	r6, :upper16:global_variable
.Ltmp21:
	@DEBUG_VALUE: finsh_var_delete:i <- 0
	movs	r7, #0
	mov	r5, r6
.Ltmp22:
	.p2align	2
.LBB2_1:                                @ =>This Inner Loop Header: Depth=1
	@DEBUG_VALUE: finsh_var_delete:name <- $r4
	@DEBUG_VALUE: finsh_var_delete:i <- $r7
	.loc	3 59 13 prologue_end            @ rt-thread/components/finsh/finsh_var.c:59:13
	movs	r2, #16
	mov	r0, r5
	mov	r1, r4
	bl	strncmp
.Ltmp23:
	.loc	3 59 13 is_stmt 0               @ rt-thread/components/finsh/finsh_var.c:59:13
	cbz	r0, .LBB2_4
.Ltmp24:
@ %bb.2:                                @   in Loop: Header=BB2_1 Depth=1
	@DEBUG_VALUE: finsh_var_delete:i <- $r7
	@DEBUG_VALUE: finsh_var_delete:name <- $r4
	.loc	3 57 43 is_stmt 1               @ rt-thread/components/finsh/finsh_var.c:57:43
	adds	r7, #1
.Ltmp25:
	@DEBUG_VALUE: finsh_var_delete:i <- $r7
	.loc	3 57 19 is_stmt 0               @ rt-thread/components/finsh/finsh_var.c:57:19
	adds	r5, #24
.Ltmp26:
	.loc	3 57 5                          @ rt-thread/components/finsh/finsh_var.c:57:5
	cmp	r7, #8
	bne	.LBB2_1
.Ltmp27:
@ %bb.3:
	@DEBUG_VALUE: finsh_var_delete:i <- $r7
	@DEBUG_VALUE: finsh_var_delete:name <- $r4
	.loc	3 0 5                           @ rt-thread/components/finsh/finsh_var.c:0:5
	movs	r7, #8
.Ltmp28:
.LBB2_4:
	@DEBUG_VALUE: finsh_var_delete:name <- $r4
	.loc	3 64 9 is_stmt 1                @ rt-thread/components/finsh/finsh_var.c:64:9
	cmp	r7, #8
	bne	.LBB2_6
.Ltmp29:
@ %bb.5:
	@DEBUG_VALUE: finsh_var_delete:name <- $r4
	.loc	3 0 9 is_stmt 0                 @ rt-thread/components/finsh/finsh_var.c:0:9
	mov.w	r0, #-1
	.loc	3 69 1 is_stmt 1                @ rt-thread/components/finsh/finsh_var.c:69:1
	add	sp, #4
	pop	{r4, r5, r6, r7, pc}
.Ltmp30:
.LBB2_6:
	@DEBUG_VALUE: finsh_var_delete:name <- $r4
	.loc	3 66 5                          @ rt-thread/components/finsh/finsh_var.c:66:5
	add.w	r1, r7, r7, lsl #1
	movs	r0, #0
	add.w	r2, r6, r1, lsl #3
	str.w	r0, [r6, r1, lsl #3]
	strd	r0, r0, [r2, #4]
	strd	r0, r0, [r2, #12]
	str	r0, [r2, #20]
	.loc	3 69 1                          @ rt-thread/components/finsh/finsh_var.c:69:1
	add	sp, #4
	pop	{r4, r5, r6, r7, pc}
.Ltmp31:
.Lfunc_end2:
	.size	finsh_var_delete, .Lfunc_end2-finsh_var_delete
	.cfi_endproc
	.cantunwind
	.fnend
                                        @ -- End function
	.section	.text.finsh_var_lookup,"ax",%progbits
	.hidden	finsh_var_lookup                @ -- Begin function finsh_var_lookup
	.globl	finsh_var_lookup
	.p2align	3
	.type	finsh_var_lookup,%function
	.code	16                              @ @finsh_var_lookup
	.thumb_func
finsh_var_lookup:
.Lfunc_begin3:
	.loc	3 72 0                          @ rt-thread/components/finsh/finsh_var.c:72:0
	.fnstart
	.cfi_startproc
@ %bb.0:
	@DEBUG_VALUE: finsh_var_lookup:name <- $r0
	.save	{r4, r5, r6, r7, lr}
	push	{r4, r5, r6, r7, lr}
	.cfi_def_cfa_offset 20
	.cfi_offset lr, -4
	.cfi_offset r7, -8
	.cfi_offset r6, -12
	.cfi_offset r5, -16
	.cfi_offset r4, -20
	.pad	#4
	sub	sp, #4
	.cfi_def_cfa_offset 24
	movw	r6, :lower16:global_variable
	mov	r4, r0
.Ltmp32:
	@DEBUG_VALUE: finsh_var_lookup:name <- $r4
	@DEBUG_VALUE: finsh_var_lookup:name <- $r4
	movt	r6, :upper16:global_variable
.Ltmp33:
	@DEBUG_VALUE: finsh_var_lookup:i <- 0
	movs	r7, #0
	mov	r5, r6
.Ltmp34:
	.p2align	2
.LBB3_1:                                @ =>This Inner Loop Header: Depth=1
	@DEBUG_VALUE: finsh_var_lookup:name <- $r4
	@DEBUG_VALUE: finsh_var_lookup:i <- $r7
	.loc	3 77 13 prologue_end            @ rt-thread/components/finsh/finsh_var.c:77:13
	movs	r2, #16
	mov	r0, r5
	mov	r1, r4
	bl	strncmp
.Ltmp35:
	.loc	3 77 13 is_stmt 0               @ rt-thread/components/finsh/finsh_var.c:77:13
	cbz	r0, .LBB3_4
.Ltmp36:
@ %bb.2:                                @   in Loop: Header=BB3_1 Depth=1
	@DEBUG_VALUE: finsh_var_lookup:i <- $r7
	@DEBUG_VALUE: finsh_var_lookup:name <- $r4
	.loc	3 75 43 is_stmt 1               @ rt-thread/components/finsh/finsh_var.c:75:43
	adds	r7, #1
.Ltmp37:
	@DEBUG_VALUE: finsh_var_lookup:i <- $r7
	.loc	3 75 19 is_stmt 0               @ rt-thread/components/finsh/finsh_var.c:75:19
	adds	r5, #24
.Ltmp38:
	.loc	3 75 5                          @ rt-thread/components/finsh/finsh_var.c:75:5
	cmp	r7, #8
	bne	.LBB3_1
.Ltmp39:
@ %bb.3:
	@DEBUG_VALUE: finsh_var_lookup:i <- $r7
	@DEBUG_VALUE: finsh_var_lookup:name <- $r4
	.loc	3 0 5                           @ rt-thread/components/finsh/finsh_var.c:0:5
	movs	r7, #8
.Ltmp40:
.LBB3_4:
	@DEBUG_VALUE: finsh_var_lookup:name <- $r4
	.loc	3 82 9 is_stmt 1                @ rt-thread/components/finsh/finsh_var.c:82:9
	add.w	r1, r7, r7, lsl #1
	subs.w	r0, r7, #8
	it	ne
	addne.w	r0, r6, r1, lsl #3
	.loc	3 85 1                          @ rt-thread/components/finsh/finsh_var.c:85:1
	add	sp, #4
	pop	{r4, r5, r6, r7, pc}
.Ltmp41:
.Lfunc_end3:
	.size	finsh_var_lookup, .Lfunc_end3-finsh_var_lookup
	.cfi_endproc
	.cantunwind
	.fnend
                                        @ -- End function
	.section	.text.finsh_sysvar_append,"ax",%progbits
	.hidden	finsh_sysvar_append             @ -- Begin function finsh_sysvar_append
	.globl	finsh_sysvar_append
	.p2align	3
	.type	finsh_sysvar_append,%function
	.code	16                              @ @finsh_sysvar_append
	.thumb_func
finsh_sysvar_append:
.Lfunc_begin4:
	.loc	3 89 0                          @ rt-thread/components/finsh/finsh_var.c:89:0
	.fnstart
	.cfi_startproc
@ %bb.0:
	@DEBUG_VALUE: finsh_sysvar_append:name <- $r0
	@DEBUG_VALUE: finsh_sysvar_append:type <- $r1
	@DEBUG_VALUE: finsh_sysvar_append:var_addr <- $r2
	.save	{r4, r5, r6, r7, lr}
	push	{r4, r5, r6, r7, lr}
	.cfi_def_cfa_offset 20
	.cfi_offset lr, -4
	.cfi_offset r7, -8
	.cfi_offset r6, -12
	.cfi_offset r5, -16
	.cfi_offset r4, -20
	.pad	#4
	sub	sp, #4
	.cfi_def_cfa_offset 24
	mov	r7, r0
.Ltmp42:
	@DEBUG_VALUE: finsh_sysvar_append:name <- $r7
	@DEBUG_VALUE: finsh_sysvar_append:var_addr <- $r4
	@DEBUG_VALUE: finsh_sysvar_append:type <- $r5
	@DEBUG_VALUE: finsh_sysvar_append:name <- $r7
	.loc	3 93 40 prologue_end            @ rt-thread/components/finsh/finsh_var.c:93:40
	movs	r0, #20
	mov	r4, r2
.Ltmp43:
	.loc	3 0 40 is_stmt 0                @ rt-thread/components/finsh/finsh_var.c:0:40
	mov	r5, r1
.Ltmp44:
	.loc	3 93 40                         @ rt-thread/components/finsh/finsh_var.c:93:40
	bl	rt_malloc
.Ltmp45:
	@DEBUG_VALUE: finsh_sysvar_append:item <- $r0
	.loc	3 94 9 is_stmt 1                @ rt-thread/components/finsh/finsh_var.c:94:9
	cbz	r0, .LBB4_2
.Ltmp46:
@ %bb.1:
	@DEBUG_VALUE: finsh_sysvar_append:name <- $r7
	@DEBUG_VALUE: finsh_sysvar_append:item <- $r0
	.loc	3 0 0 is_stmt 0                 @ rt-thread/components/finsh/finsh_var.c:0:0
	mov	r6, r0
.Ltmp47:
	@DEBUG_VALUE: finsh_sysvar_append:item <- $r6
	@DEBUG_VALUE: finsh_sysvar_append:item <- $r6
	@DEBUG_VALUE: finsh_sysvar_append:type <- $r5
	movs	r0, #0
.Ltmp48:
	.loc	3 96 20 is_stmt 1               @ rt-thread/components/finsh/finsh_var.c:96:20
	str	r0, [r6]
	.loc	3 97 29                         @ rt-thread/components/finsh/finsh_var.c:97:29
	mov	r0, r7
	bl	rt_strdup
.Ltmp49:
	.loc	3 101 13                        @ rt-thread/components/finsh/finsh_var.c:101:13
	movw	r1, :lower16:global_sysvar_list
.Ltmp50:
	.loc	3 97 27                         @ rt-thread/components/finsh/finsh_var.c:97:27
	str	r0, [r6, #4]
.Ltmp51:
	.loc	3 101 13                        @ rt-thread/components/finsh/finsh_var.c:101:13
	movt	r1, :upper16:global_sysvar_list
.Ltmp52:
	.loc	3 98 27                         @ rt-thread/components/finsh/finsh_var.c:98:27
	strb	r5, [r6, #12]
	.loc	3 99 26                         @ rt-thread/components/finsh/finsh_var.c:99:26
	str	r4, [r6, #16]
.Ltmp53:
	.loc	3 101 13                        @ rt-thread/components/finsh/finsh_var.c:101:13
	ldr	r0, [r1]
.Ltmp54:
	.loc	3 101 13 is_stmt 0              @ rt-thread/components/finsh/finsh_var.c:101:13
	cmp	r0, #0
.Ltmp55:
	.loc	3 107 24 is_stmt 1              @ rt-thread/components/finsh/finsh_var.c:107:24
	it	ne
	strne	r0, [r6]
.Ltmp56:
	.loc	3 0 0 is_stmt 0                 @ rt-thread/components/finsh/finsh_var.c:0:0
	str	r6, [r1]
.Ltmp57:
.LBB4_2:
	@DEBUG_VALUE: finsh_sysvar_append:name <- $r7
	.loc	3 111 1 is_stmt 1               @ rt-thread/components/finsh/finsh_var.c:111:1
	add	sp, #4
	pop	{r4, r5, r6, r7, pc}
.Ltmp58:
.Lfunc_end4:
	.size	finsh_sysvar_append, .Lfunc_end4-finsh_sysvar_append
	.cfi_endproc
	.cantunwind
	.fnend
                                        @ -- End function
	.section	.text.finsh_sysvar_lookup,"ax",%progbits
	.hidden	finsh_sysvar_lookup             @ -- Begin function finsh_sysvar_lookup
	.globl	finsh_sysvar_lookup
	.p2align	3
	.type	finsh_sysvar_lookup,%function
	.code	16                              @ @finsh_sysvar_lookup
	.thumb_func
finsh_sysvar_lookup:
.Lfunc_begin5:
	.loc	3 115 0                         @ rt-thread/components/finsh/finsh_var.c:115:0
	.fnstart
	.cfi_startproc
@ %bb.0:
	@DEBUG_VALUE: finsh_sysvar_lookup:name <- $r0
	.save	{r4, r5, r6, r7, lr}
	push	{r4, r5, r6, r7, lr}
	.cfi_def_cfa_offset 20
	.cfi_offset lr, -4
	.cfi_offset r7, -8
	.cfi_offset r6, -12
	.cfi_offset r5, -16
	.cfi_offset r4, -20
	.pad	#4
	sub	sp, #4
	.cfi_def_cfa_offset 24
.Ltmp59:
	.loc	3 119 18 prologue_end           @ rt-thread/components/finsh/finsh_var.c:119:18
	movw	r2, :lower16:_sysvar_table_begin
.Ltmp60:
	.loc	3 120 18                        @ rt-thread/components/finsh/finsh_var.c:120:18
	movw	r1, :lower16:_sysvar_table_end
.Ltmp61:
	.loc	3 119 18                        @ rt-thread/components/finsh/finsh_var.c:119:18
	movt	r2, :upper16:_sysvar_table_begin
.Ltmp62:
	.loc	3 120 18                        @ rt-thread/components/finsh/finsh_var.c:120:18
	movt	r1, :upper16:_sysvar_table_end
	mov	r4, r0
.Ltmp63:
	@DEBUG_VALUE: finsh_sysvar_lookup:name <- $r4
	@DEBUG_VALUE: finsh_sysvar_lookup:name <- $r4
	.loc	3 119 18                        @ rt-thread/components/finsh/finsh_var.c:119:18
	ldr	r5, [r2]
.Ltmp64:
	@DEBUG_VALUE: finsh_sysvar_lookup:index <- $r5
	.loc	3 120 18                        @ rt-thread/components/finsh/finsh_var.c:120:18
	ldr	r2, [r1]
.Ltmp65:
	.loc	3 119 5                         @ rt-thread/components/finsh/finsh_var.c:119:5
	cmp	r5, r2
	bhs	.LBB5_4
.Ltmp66:
@ %bb.1:
	@DEBUG_VALUE: finsh_sysvar_lookup:index <- $r5
	@DEBUG_VALUE: finsh_sysvar_lookup:name <- $r4
	.loc	3 0 5 is_stmt 0                 @ rt-thread/components/finsh/finsh_var.c:0:5
	ldr	r6, [r1]
.Ltmp67:
	.p2align	2
.LBB5_2:                                @ =>This Inner Loop Header: Depth=1
	@DEBUG_VALUE: finsh_sysvar_lookup:index <- $r5
	@DEBUG_VALUE: finsh_sysvar_lookup:name <- $r4
	@DEBUG_VALUE: finsh_sysvar_lookup:index <- $r5
	.loc	3 123 27 is_stmt 1              @ rt-thread/components/finsh/finsh_var.c:123:27
	ldr	r0, [r5]
	.loc	3 123 13 is_stmt 0              @ rt-thread/components/finsh/finsh_var.c:123:13
	mov	r1, r4
	bl	strcmp
	cbz	r0, .LBB5_10
.Ltmp68:
@ %bb.3:                                @   in Loop: Header=BB5_2 Depth=1
	@DEBUG_VALUE: finsh_sysvar_lookup:index <- $r5
	@DEBUG_VALUE: finsh_sysvar_lookup:name <- $r4
	.loc	3 121 10 is_stmt 1              @ rt-thread/components/finsh/finsh_var.c:121:10
	adds	r5, #16
.Ltmp69:
	@DEBUG_VALUE: finsh_sysvar_lookup:index <- $r5
	.loc	3 119 5                         @ rt-thread/components/finsh/finsh_var.c:119:5
	cmp	r5, r6
	blo	.LBB5_2
.Ltmp70:
.LBB5_4:
	@DEBUG_VALUE: finsh_sysvar_lookup:index <- $r5
	@DEBUG_VALUE: finsh_sysvar_lookup:name <- $r4
	.loc	3 0 0 is_stmt 0                 @ rt-thread/components/finsh/finsh_var.c:0:0
	movw	r0, :lower16:global_sysvar_list
	movt	r0, :upper16:global_sysvar_list
	ldr	r7, [r0]
.Ltmp71:
	@DEBUG_VALUE: finsh_sysvar_lookup:item <- $r7
	.loc	3 129 5 is_stmt 1               @ rt-thread/components/finsh/finsh_var.c:129:5
	cbz	r7, .LBB5_9
.Ltmp72:
@ %bb.5:
	@DEBUG_VALUE: finsh_sysvar_lookup:item <- $r7
	@DEBUG_VALUE: finsh_sysvar_lookup:index <- $r5
	@DEBUG_VALUE: finsh_sysvar_lookup:name <- $r4
	.loc	3 0 0 is_stmt 0                 @ rt-thread/components/finsh/finsh_var.c:0:0
	mov	r0, r4
	bl	strlen
	mov	r6, r0
.Ltmp73:
	.p2align	2
.LBB5_6:                                @ =>This Inner Loop Header: Depth=1
	@DEBUG_VALUE: finsh_sysvar_lookup:item <- $r7
	@DEBUG_VALUE: finsh_sysvar_lookup:name <- $r4
	.loc	3 131 34 is_stmt 1              @ rt-thread/components/finsh/finsh_var.c:131:34
	mov	r5, r7
	.loc	3 131 13 is_stmt 0              @ rt-thread/components/finsh/finsh_var.c:131:13
	mov	r1, r4
	mov	r2, r6
	.loc	3 131 34                        @ rt-thread/components/finsh/finsh_var.c:131:34
	ldr	r0, [r5, #4]!
	.loc	3 131 13                        @ rt-thread/components/finsh/finsh_var.c:131:13
	bl	strncmp
.Ltmp74:
	@DEBUG_VALUE: finsh_sysvar_lookup:item <- undef
	.loc	3 131 13                        @ rt-thread/components/finsh/finsh_var.c:131:13
	cbz	r0, .LBB5_10
.Ltmp75:
@ %bb.7:                                @   in Loop: Header=BB5_6 Depth=1
	@DEBUG_VALUE: finsh_sysvar_lookup:name <- $r4
	.loc	3 0 0                           @ rt-thread/components/finsh/finsh_var.c:0:0
	ldr	r7, [r7]
.Ltmp76:
	@DEBUG_VALUE: finsh_sysvar_lookup:item <- $r7
	.loc	3 129 5 is_stmt 1               @ rt-thread/components/finsh/finsh_var.c:129:5
	cmp	r7, #0
	bne	.LBB5_6
.Ltmp77:
@ %bb.8:
	@DEBUG_VALUE: finsh_sysvar_lookup:item <- $r7
	@DEBUG_VALUE: finsh_sysvar_lookup:name <- $r4
	.loc	3 0 5 is_stmt 0                 @ rt-thread/components/finsh/finsh_var.c:0:5
	movs	r5, #0
	b	.LBB5_10
.Ltmp78:
.LBB5_9:
	@DEBUG_VALUE: finsh_sysvar_lookup:item <- $r7
	@DEBUG_VALUE: finsh_sysvar_lookup:index <- $r5
	@DEBUG_VALUE: finsh_sysvar_lookup:name <- $r4
	movs	r5, #0
.Ltmp79:
.LBB5_10:
	@DEBUG_VALUE: finsh_sysvar_lookup:name <- $r4
	.loc	3 142 1 is_stmt 1               @ rt-thread/components/finsh/finsh_var.c:142:1
	mov	r0, r5
	add	sp, #4
	pop	{r4, r5, r6, r7, pc}
.Ltmp80:
.Lfunc_end5:
	.size	finsh_sysvar_lookup, .Lfunc_end5-finsh_sysvar_lookup
	.cfi_endproc
	.cantunwind
	.fnend
                                        @ -- End function
	.hidden	global_variable                 @ @global_variable
	.type	global_variable,%object
	.section	.bss.global_variable,"aw",%nobits
	.globl	global_variable
	.p2align	2
global_variable:
	.zero	192
	.size	global_variable, 192

	.hidden	global_sysvar_list              @ @global_sysvar_list
	.type	global_sysvar_list,%object
	.section	.bss.global_sysvar_list,"aw",%nobits
	.globl	global_sysvar_list
	.p2align	2
global_sysvar_list:
	.long	0
	.size	global_sysvar_list, 4

	.section	.debug_loc,"",%progbits
.Ldebug_loc0:
	.long	-1
	.long	.Lfunc_begin1                   @   base address
	.long	.Lfunc_begin1-.Lfunc_begin1
	.long	.Ltmp4-.Lfunc_begin1
	.short	1                               @ Loc expr size
	.byte	80                              @ DW_OP_reg0
	.long	.Ltmp4-.Lfunc_begin1
	.long	.Ltmp19-.Lfunc_begin1
	.short	1                               @ Loc expr size
	.byte	86                              @ DW_OP_reg6
	.long	0
	.long	0
.Ldebug_loc1:
	.long	-1
	.long	.Lfunc_begin1                   @   base address
	.long	.Lfunc_begin1-.Lfunc_begin1
	.long	.Ltmp2-.Lfunc_begin1
	.short	1                               @ Loc expr size
	.byte	81                              @ DW_OP_reg1
	.long	.Ltmp2-.Lfunc_begin1
	.long	.Ltmp19-.Lfunc_begin1
	.short	1                               @ Loc expr size
	.byte	88                              @ DW_OP_reg8
	.long	0
	.long	0
.Ldebug_loc2:
	.long	-1
	.long	.Lfunc_begin1                   @   base address
	.long	.Ltmp3-.Lfunc_begin1
	.long	.Ltmp5-.Lfunc_begin1
	.short	2                               @ Loc expr size
	.byte	17                              @ DW_OP_consts
	.byte	0                               @ 0
	.long	.Ltmp5-.Lfunc_begin1
	.long	.Ltmp19-.Lfunc_begin1
	.short	1                               @ Loc expr size
	.byte	85                              @ DW_OP_reg5
	.long	0
	.long	0
.Ldebug_loc3:
	.long	-1
	.long	.Lfunc_begin1                   @   base address
	.long	.Ltmp3-.Lfunc_begin1
	.long	.Ltmp5-.Lfunc_begin1
	.short	2                               @ Loc expr size
	.byte	17                              @ DW_OP_consts
	.byte	127                             @ -1
	.long	.Ltmp5-.Lfunc_begin1
	.long	.Ltmp16-.Lfunc_begin1
	.short	1                               @ Loc expr size
	.byte	84                              @ DW_OP_reg4
	.long	.Ltmp17-.Lfunc_begin1
	.long	.Ltmp18-.Lfunc_begin1
	.short	1                               @ Loc expr size
	.byte	84                              @ DW_OP_reg4
	.long	0
	.long	0
.Ldebug_loc4:
	.long	-1
	.long	.Lfunc_begin2                   @   base address
	.long	.Lfunc_begin2-.Lfunc_begin2
	.long	.Ltmp20-.Lfunc_begin2
	.short	1                               @ Loc expr size
	.byte	80                              @ DW_OP_reg0
	.long	.Ltmp20-.Lfunc_begin2
	.long	.Ltmp31-.Lfunc_begin2
	.short	1                               @ Loc expr size
	.byte	84                              @ DW_OP_reg4
	.long	0
	.long	0
.Ldebug_loc5:
	.long	-1
	.long	.Lfunc_begin2                   @   base address
	.long	.Ltmp21-.Lfunc_begin2
	.long	.Ltmp22-.Lfunc_begin2
	.short	2                               @ Loc expr size
	.byte	17                              @ DW_OP_consts
	.byte	0                               @ 0
	.long	.Ltmp22-.Lfunc_begin2
	.long	.Ltmp28-.Lfunc_begin2
	.short	1                               @ Loc expr size
	.byte	87                              @ DW_OP_reg7
	.long	0
	.long	0
.Ldebug_loc6:
	.long	-1
	.long	.Lfunc_begin3                   @   base address
	.long	.Lfunc_begin3-.Lfunc_begin3
	.long	.Ltmp32-.Lfunc_begin3
	.short	1                               @ Loc expr size
	.byte	80                              @ DW_OP_reg0
	.long	.Ltmp32-.Lfunc_begin3
	.long	.Ltmp41-.Lfunc_begin3
	.short	1                               @ Loc expr size
	.byte	84                              @ DW_OP_reg4
	.long	0
	.long	0
.Ldebug_loc7:
	.long	-1
	.long	.Lfunc_begin3                   @   base address
	.long	.Ltmp33-.Lfunc_begin3
	.long	.Ltmp34-.Lfunc_begin3
	.short	2                               @ Loc expr size
	.byte	17                              @ DW_OP_consts
	.byte	0                               @ 0
	.long	.Ltmp34-.Lfunc_begin3
	.long	.Ltmp40-.Lfunc_begin3
	.short	1                               @ Loc expr size
	.byte	87                              @ DW_OP_reg7
	.long	0
	.long	0
.Ldebug_loc8:
	.long	-1
	.long	.Lfunc_begin4                   @   base address
	.long	.Lfunc_begin4-.Lfunc_begin4
	.long	.Ltmp42-.Lfunc_begin4
	.short	1                               @ Loc expr size
	.byte	80                              @ DW_OP_reg0
	.long	.Ltmp42-.Lfunc_begin4
	.long	.Ltmp58-.Lfunc_begin4
	.short	1                               @ Loc expr size
	.byte	87                              @ DW_OP_reg7
	.long	0
	.long	0
.Ldebug_loc9:
	.long	-1
	.long	.Lfunc_begin4                   @   base address
	.long	.Lfunc_begin4-.Lfunc_begin4
	.long	.Ltmp42-.Lfunc_begin4
	.short	1                               @ Loc expr size
	.byte	81                              @ DW_OP_reg1
	.long	.Ltmp42-.Lfunc_begin4
	.long	.Ltmp44-.Lfunc_begin4
	.short	1                               @ Loc expr size
	.byte	85                              @ DW_OP_reg5
	.long	.Ltmp47-.Lfunc_begin4
	.long	.Ltmp57-.Lfunc_begin4
	.short	1                               @ Loc expr size
	.byte	85                              @ DW_OP_reg5
	.long	0
	.long	0
.Ldebug_loc10:
	.long	-1
	.long	.Lfunc_begin4                   @   base address
	.long	.Lfunc_begin4-.Lfunc_begin4
	.long	.Ltmp42-.Lfunc_begin4
	.short	1                               @ Loc expr size
	.byte	82                              @ DW_OP_reg2
	.long	.Ltmp42-.Lfunc_begin4
	.long	.Ltmp43-.Lfunc_begin4
	.short	1                               @ Loc expr size
	.byte	84                              @ DW_OP_reg4
	.long	0
	.long	0
.Ldebug_loc11:
	.long	-1
	.long	.Lfunc_begin4                   @   base address
	.long	.Ltmp45-.Lfunc_begin4
	.long	.Ltmp47-.Lfunc_begin4
	.short	1                               @ Loc expr size
	.byte	80                              @ DW_OP_reg0
	.long	.Ltmp47-.Lfunc_begin4
	.long	.Ltmp57-.Lfunc_begin4
	.short	1                               @ Loc expr size
	.byte	86                              @ DW_OP_reg6
	.long	0
	.long	0
.Ldebug_loc12:
	.long	-1
	.long	.Lfunc_begin5                   @   base address
	.long	.Lfunc_begin5-.Lfunc_begin5
	.long	.Ltmp63-.Lfunc_begin5
	.short	1                               @ Loc expr size
	.byte	80                              @ DW_OP_reg0
	.long	.Ltmp63-.Lfunc_begin5
	.long	.Ltmp80-.Lfunc_begin5
	.short	1                               @ Loc expr size
	.byte	84                              @ DW_OP_reg4
	.long	0
	.long	0
.Ldebug_loc13:
	.long	-1
	.long	.Lfunc_begin5                   @   base address
	.long	.Ltmp64-.Lfunc_begin5
	.long	.Ltmp73-.Lfunc_begin5
	.short	1                               @ Loc expr size
	.byte	85                              @ DW_OP_reg5
	.long	.Ltmp78-.Lfunc_begin5
	.long	.Ltmp79-.Lfunc_begin5
	.short	1                               @ Loc expr size
	.byte	85                              @ DW_OP_reg5
	.long	0
	.long	0
.Ldebug_loc14:
	.long	-1
	.long	.Lfunc_begin5                   @   base address
	.long	.Ltmp71-.Lfunc_begin5
	.long	.Ltmp74-.Lfunc_begin5
	.short	1                               @ Loc expr size
	.byte	87                              @ DW_OP_reg7
	.long	.Ltmp76-.Lfunc_begin5
	.long	.Ltmp79-.Lfunc_begin5
	.short	1                               @ Loc expr size
	.byte	87                              @ DW_OP_reg7
	.long	0
	.long	0
	.section	.debug_abbrev,"",%progbits
	.byte	1                               @ Abbreviation Code
	.byte	17                              @ DW_TAG_compile_unit
	.byte	1                               @ DW_CHILDREN_yes
	.byte	37                              @ DW_AT_producer
	.byte	14                              @ DW_FORM_strp
	.byte	19                              @ DW_AT_language
	.byte	5                               @ DW_FORM_data2
	.byte	3                               @ DW_AT_name
	.byte	14                              @ DW_FORM_strp
	.byte	16                              @ DW_AT_stmt_list
	.byte	6                               @ DW_FORM_data4
	.byte	27                              @ DW_AT_comp_dir
	.byte	14                              @ DW_FORM_strp
	.byte	17                              @ DW_AT_low_pc
	.byte	1                               @ DW_FORM_addr
	.byte	85                              @ DW_AT_ranges
	.byte	6                               @ DW_FORM_data4
	.byte	0                               @ EOM(1)
	.byte	0                               @ EOM(2)
	.byte	2                               @ Abbreviation Code
	.byte	52                              @ DW_TAG_variable
	.byte	0                               @ DW_CHILDREN_no
	.byte	3                               @ DW_AT_name
	.byte	14                              @ DW_FORM_strp
	.byte	73                              @ DW_AT_type
	.byte	19                              @ DW_FORM_ref4
	.byte	63                              @ DW_AT_external
	.byte	12                              @ DW_FORM_flag
	.byte	58                              @ DW_AT_decl_file
	.byte	11                              @ DW_FORM_data1
	.byte	59                              @ DW_AT_decl_line
	.byte	11                              @ DW_FORM_data1
	.byte	2                               @ DW_AT_location
	.byte	10                              @ DW_FORM_block1
	.byte	0                               @ EOM(1)
	.byte	0                               @ EOM(2)
	.byte	3                               @ Abbreviation Code
	.byte	1                               @ DW_TAG_array_type
	.byte	1                               @ DW_CHILDREN_yes
	.byte	73                              @ DW_AT_type
	.byte	19                              @ DW_FORM_ref4
	.byte	0                               @ EOM(1)
	.byte	0                               @ EOM(2)
	.byte	4                               @ Abbreviation Code
	.byte	33                              @ DW_TAG_subrange_type
	.byte	0                               @ DW_CHILDREN_no
	.byte	73                              @ DW_AT_type
	.byte	19                              @ DW_FORM_ref4
	.byte	55                              @ DW_AT_count
	.byte	11                              @ DW_FORM_data1
	.byte	0                               @ EOM(1)
	.byte	0                               @ EOM(2)
	.byte	5                               @ Abbreviation Code
	.byte	19                              @ DW_TAG_structure_type
	.byte	1                               @ DW_CHILDREN_yes
	.byte	3                               @ DW_AT_name
	.byte	14                              @ DW_FORM_strp
	.byte	11                              @ DW_AT_byte_size
	.byte	11                              @ DW_FORM_data1
	.byte	58                              @ DW_AT_decl_file
	.byte	11                              @ DW_FORM_data1
	.byte	59                              @ DW_AT_decl_line
	.byte	11                              @ DW_FORM_data1
	.byte	0                               @ EOM(1)
	.byte	0                               @ EOM(2)
	.byte	6                               @ Abbreviation Code
	.byte	13                              @ DW_TAG_member
	.byte	0                               @ DW_CHILDREN_no
	.byte	3                               @ DW_AT_name
	.byte	14                              @ DW_FORM_strp
	.byte	73                              @ DW_AT_type
	.byte	19                              @ DW_FORM_ref4
	.byte	58                              @ DW_AT_decl_file
	.byte	11                              @ DW_FORM_data1
	.byte	59                              @ DW_AT_decl_line
	.byte	11                              @ DW_FORM_data1
	.byte	56                              @ DW_AT_data_member_location
	.byte	11                              @ DW_FORM_data1
	.byte	0                               @ EOM(1)
	.byte	0                               @ EOM(2)
	.byte	7                               @ Abbreviation Code
	.byte	23                              @ DW_TAG_union_type
	.byte	1                               @ DW_CHILDREN_yes
	.byte	11                              @ DW_AT_byte_size
	.byte	11                              @ DW_FORM_data1
	.byte	58                              @ DW_AT_decl_file
	.byte	11                              @ DW_FORM_data1
	.byte	59                              @ DW_AT_decl_line
	.byte	11                              @ DW_FORM_data1
	.byte	0                               @ EOM(1)
	.byte	0                               @ EOM(2)
	.byte	8                               @ Abbreviation Code
	.byte	36                              @ DW_TAG_base_type
	.byte	0                               @ DW_CHILDREN_no
	.byte	3                               @ DW_AT_name
	.byte	14                              @ DW_FORM_strp
	.byte	62                              @ DW_AT_encoding
	.byte	11                              @ DW_FORM_data1
	.byte	11                              @ DW_AT_byte_size
	.byte	11                              @ DW_FORM_data1
	.byte	0                               @ EOM(1)
	.byte	0                               @ EOM(2)
	.byte	9                               @ Abbreviation Code
	.byte	36                              @ DW_TAG_base_type
	.byte	0                               @ DW_CHILDREN_no
	.byte	3                               @ DW_AT_name
	.byte	14                              @ DW_FORM_strp
	.byte	11                              @ DW_AT_byte_size
	.byte	11                              @ DW_FORM_data1
	.byte	62                              @ DW_AT_encoding
	.byte	11                              @ DW_FORM_data1
	.byte	0                               @ EOM(1)
	.byte	0                               @ EOM(2)
	.byte	10                              @ Abbreviation Code
	.byte	22                              @ DW_TAG_typedef
	.byte	0                               @ DW_CHILDREN_no
	.byte	73                              @ DW_AT_type
	.byte	19                              @ DW_FORM_ref4
	.byte	3                               @ DW_AT_name
	.byte	14                              @ DW_FORM_strp
	.byte	58                              @ DW_AT_decl_file
	.byte	11                              @ DW_FORM_data1
	.byte	59                              @ DW_AT_decl_line
	.byte	11                              @ DW_FORM_data1
	.byte	0                               @ EOM(1)
	.byte	0                               @ EOM(2)
	.byte	11                              @ Abbreviation Code
	.byte	15                              @ DW_TAG_pointer_type
	.byte	0                               @ DW_CHILDREN_no
	.byte	0                               @ EOM(1)
	.byte	0                               @ EOM(2)
	.byte	12                              @ Abbreviation Code
	.byte	15                              @ DW_TAG_pointer_type
	.byte	0                               @ DW_CHILDREN_no
	.byte	73                              @ DW_AT_type
	.byte	19                              @ DW_FORM_ref4
	.byte	0                               @ EOM(1)
	.byte	0                               @ EOM(2)
	.byte	13                              @ Abbreviation Code
	.byte	38                              @ DW_TAG_const_type
	.byte	0                               @ DW_CHILDREN_no
	.byte	73                              @ DW_AT_type
	.byte	19                              @ DW_FORM_ref4
	.byte	0                               @ EOM(1)
	.byte	0                               @ EOM(2)
	.byte	14                              @ Abbreviation Code
	.byte	4                               @ DW_TAG_enumeration_type
	.byte	1                               @ DW_CHILDREN_yes
	.byte	73                              @ DW_AT_type
	.byte	19                              @ DW_FORM_ref4
	.byte	3                               @ DW_AT_name
	.byte	14                              @ DW_FORM_strp
	.byte	11                              @ DW_AT_byte_size
	.byte	11                              @ DW_FORM_data1
	.byte	58                              @ DW_AT_decl_file
	.byte	11                              @ DW_FORM_data1
	.byte	59                              @ DW_AT_decl_line
	.byte	11                              @ DW_FORM_data1
	.byte	0                               @ EOM(1)
	.byte	0                               @ EOM(2)
	.byte	15                              @ Abbreviation Code
	.byte	40                              @ DW_TAG_enumerator
	.byte	0                               @ DW_CHILDREN_no
	.byte	3                               @ DW_AT_name
	.byte	14                              @ DW_FORM_strp
	.byte	28                              @ DW_AT_const_value
	.byte	15                              @ DW_FORM_udata
	.byte	0                               @ EOM(1)
	.byte	0                               @ EOM(2)
	.byte	16                              @ Abbreviation Code
	.byte	46                              @ DW_TAG_subprogram
	.byte	0                               @ DW_CHILDREN_no
	.byte	17                              @ DW_AT_low_pc
	.byte	1                               @ DW_FORM_addr
	.byte	18                              @ DW_AT_high_pc
	.byte	1                               @ DW_FORM_addr
	.byte	64                              @ DW_AT_frame_base
	.byte	10                              @ DW_FORM_block1
	.byte	3                               @ DW_AT_name
	.byte	14                              @ DW_FORM_strp
	.byte	58                              @ DW_AT_decl_file
	.byte	11                              @ DW_FORM_data1
	.byte	59                              @ DW_AT_decl_line
	.byte	11                              @ DW_FORM_data1
	.byte	39                              @ DW_AT_prototyped
	.byte	12                              @ DW_FORM_flag
	.byte	73                              @ DW_AT_type
	.byte	19                              @ DW_FORM_ref4
	.byte	63                              @ DW_AT_external
	.byte	12                              @ DW_FORM_flag
	.byte	0                               @ EOM(1)
	.byte	0                               @ EOM(2)
	.byte	17                              @ Abbreviation Code
	.byte	46                              @ DW_TAG_subprogram
	.byte	1                               @ DW_CHILDREN_yes
	.byte	17                              @ DW_AT_low_pc
	.byte	1                               @ DW_FORM_addr
	.byte	18                              @ DW_AT_high_pc
	.byte	1                               @ DW_FORM_addr
	.byte	64                              @ DW_AT_frame_base
	.byte	10                              @ DW_FORM_block1
	.byte	3                               @ DW_AT_name
	.byte	14                              @ DW_FORM_strp
	.byte	58                              @ DW_AT_decl_file
	.byte	11                              @ DW_FORM_data1
	.byte	59                              @ DW_AT_decl_line
	.byte	11                              @ DW_FORM_data1
	.byte	39                              @ DW_AT_prototyped
	.byte	12                              @ DW_FORM_flag
	.byte	73                              @ DW_AT_type
	.byte	19                              @ DW_FORM_ref4
	.byte	63                              @ DW_AT_external
	.byte	12                              @ DW_FORM_flag
	.byte	0                               @ EOM(1)
	.byte	0                               @ EOM(2)
	.byte	18                              @ Abbreviation Code
	.byte	5                               @ DW_TAG_formal_parameter
	.byte	0                               @ DW_CHILDREN_no
	.byte	2                               @ DW_AT_location
	.byte	6                               @ DW_FORM_data4
	.byte	3                               @ DW_AT_name
	.byte	14                              @ DW_FORM_strp
	.byte	58                              @ DW_AT_decl_file
	.byte	11                              @ DW_FORM_data1
	.byte	59                              @ DW_AT_decl_line
	.byte	11                              @ DW_FORM_data1
	.byte	73                              @ DW_AT_type
	.byte	19                              @ DW_FORM_ref4
	.byte	0                               @ EOM(1)
	.byte	0                               @ EOM(2)
	.byte	19                              @ Abbreviation Code
	.byte	52                              @ DW_TAG_variable
	.byte	0                               @ DW_CHILDREN_no
	.byte	2                               @ DW_AT_location
	.byte	6                               @ DW_FORM_data4
	.byte	3                               @ DW_AT_name
	.byte	14                              @ DW_FORM_strp
	.byte	58                              @ DW_AT_decl_file
	.byte	11                              @ DW_FORM_data1
	.byte	59                              @ DW_AT_decl_line
	.byte	11                              @ DW_FORM_data1
	.byte	73                              @ DW_AT_type
	.byte	19                              @ DW_FORM_ref4
	.byte	0                               @ EOM(1)
	.byte	0                               @ EOM(2)
	.byte	20                              @ Abbreviation Code
	.byte	46                              @ DW_TAG_subprogram
	.byte	1                               @ DW_CHILDREN_yes
	.byte	17                              @ DW_AT_low_pc
	.byte	1                               @ DW_FORM_addr
	.byte	18                              @ DW_AT_high_pc
	.byte	1                               @ DW_FORM_addr
	.byte	64                              @ DW_AT_frame_base
	.byte	10                              @ DW_FORM_block1
	.byte	3                               @ DW_AT_name
	.byte	14                              @ DW_FORM_strp
	.byte	58                              @ DW_AT_decl_file
	.byte	11                              @ DW_FORM_data1
	.byte	59                              @ DW_AT_decl_line
	.byte	11                              @ DW_FORM_data1
	.byte	39                              @ DW_AT_prototyped
	.byte	12                              @ DW_FORM_flag
	.byte	63                              @ DW_AT_external
	.byte	12                              @ DW_FORM_flag
	.byte	0                               @ EOM(1)
	.byte	0                               @ EOM(2)
	.byte	0                               @ EOM(3)
	.section	.debug_info,"",%progbits
.Lcu_begin0:
	.long	.Ldebug_info_end0-.Ldebug_info_start0 @ Length of Unit
.Ldebug_info_start0:
	.short	3                               @ DWARF version number
	.long	.debug_abbrev                   @ Offset Into Abbrev. Section
	.byte	4                               @ Address Size (in bytes)
	.byte	1                               @ Abbrev [1] 0xb:0x342 DW_TAG_compile_unit
	.long	.Linfo_string0                  @ DW_AT_producer
	.short	12                              @ DW_AT_language
	.long	.Linfo_string1                  @ DW_AT_name
	.long	.Lline_table_start0             @ DW_AT_stmt_list
	.long	.Linfo_string2                  @ DW_AT_comp_dir
	.long	0                               @ DW_AT_low_pc
	.long	.Ldebug_ranges0                 @ DW_AT_ranges
	.byte	2                               @ Abbrev [2] 0x26:0x12 DW_TAG_variable
	.long	.Linfo_string3                  @ DW_AT_name
	.long	56                              @ DW_AT_type
	.byte	1                               @ DW_AT_external
	.byte	3                               @ DW_AT_decl_file
	.byte	15                              @ DW_AT_decl_line
	.byte	5                               @ DW_AT_location
	.byte	3
	.long	global_variable
	.byte	3                               @ Abbrev [3] 0x38:0xc DW_TAG_array_type
	.long	68                              @ DW_AT_type
	.byte	4                               @ Abbrev [4] 0x3d:0x6 DW_TAG_subrange_type
	.long	197                             @ DW_AT_type
	.byte	8                               @ DW_AT_count
	.byte	0                               @ End Of Children Mark
	.byte	5                               @ Abbrev [5] 0x44:0x6e DW_TAG_structure_type
	.long	.Linfo_string19                 @ DW_AT_name
	.byte	24                              @ DW_AT_byte_size
	.byte	1                               @ DW_AT_decl_file
	.byte	19                              @ DW_AT_decl_line
	.byte	6                               @ Abbrev [6] 0x4c:0xc DW_TAG_member
	.long	.Linfo_string4                  @ DW_AT_name
	.long	178                             @ DW_AT_type
	.byte	1                               @ DW_AT_decl_file
	.byte	21                              @ DW_AT_decl_line
	.byte	0                               @ DW_AT_data_member_location
	.byte	6                               @ Abbrev [6] 0x58:0xc DW_TAG_member
	.long	.Linfo_string7                  @ DW_AT_name
	.long	204                             @ DW_AT_type
	.byte	1                               @ DW_AT_decl_file
	.byte	23                              @ DW_AT_decl_line
	.byte	17                              @ DW_AT_data_member_location
	.byte	6                               @ Abbrev [6] 0x64:0xc DW_TAG_member
	.long	.Linfo_string10                 @ DW_AT_name
	.long	112                             @ DW_AT_type
	.byte	1                               @ DW_AT_decl_file
	.byte	32                              @ DW_AT_decl_line
	.byte	20                              @ DW_AT_data_member_location
	.byte	7                               @ Abbrev [7] 0x70:0x41 DW_TAG_union_type
	.byte	4                               @ DW_AT_byte_size
	.byte	1                               @ DW_AT_decl_file
	.byte	26                              @ DW_AT_decl_line
	.byte	6                               @ Abbrev [6] 0x74:0xc DW_TAG_member
	.long	.Linfo_string11                 @ DW_AT_name
	.long	190                             @ DW_AT_type
	.byte	1                               @ DW_AT_decl_file
	.byte	27                              @ DW_AT_decl_line
	.byte	0                               @ DW_AT_data_member_location
	.byte	6                               @ Abbrev [6] 0x80:0xc DW_TAG_member
	.long	.Linfo_string12                 @ DW_AT_name
	.long	222                             @ DW_AT_type
	.byte	1                               @ DW_AT_decl_file
	.byte	28                              @ DW_AT_decl_line
	.byte	0                               @ DW_AT_data_member_location
	.byte	6                               @ Abbrev [6] 0x8c:0xc DW_TAG_member
	.long	.Linfo_string14                 @ DW_AT_name
	.long	229                             @ DW_AT_type
	.byte	1                               @ DW_AT_decl_file
	.byte	29                              @ DW_AT_decl_line
	.byte	0                               @ DW_AT_data_member_location
	.byte	6                               @ Abbrev [6] 0x98:0xc DW_TAG_member
	.long	.Linfo_string16                 @ DW_AT_name
	.long	236                             @ DW_AT_type
	.byte	1                               @ DW_AT_decl_file
	.byte	30                              @ DW_AT_decl_line
	.byte	0                               @ DW_AT_data_member_location
	.byte	6                               @ Abbrev [6] 0xa4:0xc DW_TAG_member
	.long	.Linfo_string18                 @ DW_AT_name
	.long	243                             @ DW_AT_type
	.byte	1                               @ DW_AT_decl_file
	.byte	31                              @ DW_AT_decl_line
	.byte	0                               @ DW_AT_data_member_location
	.byte	0                               @ End Of Children Mark
	.byte	0                               @ End Of Children Mark
	.byte	3                               @ Abbrev [3] 0xb2:0xc DW_TAG_array_type
	.long	190                             @ DW_AT_type
	.byte	4                               @ Abbrev [4] 0xb7:0x6 DW_TAG_subrange_type
	.long	197                             @ DW_AT_type
	.byte	17                              @ DW_AT_count
	.byte	0                               @ End Of Children Mark
	.byte	8                               @ Abbrev [8] 0xbe:0x7 DW_TAG_base_type
	.long	.Linfo_string5                  @ DW_AT_name
	.byte	6                               @ DW_AT_encoding
	.byte	1                               @ DW_AT_byte_size
	.byte	9                               @ Abbrev [9] 0xc5:0x7 DW_TAG_base_type
	.long	.Linfo_string6                  @ DW_AT_name
	.byte	8                               @ DW_AT_byte_size
	.byte	7                               @ DW_AT_encoding
	.byte	10                              @ Abbrev [10] 0xcc:0xb DW_TAG_typedef
	.long	215                             @ DW_AT_type
	.long	.Linfo_string9                  @ DW_AT_name
	.byte	2                               @ DW_AT_decl_file
	.byte	62                              @ DW_AT_decl_line
	.byte	8                               @ Abbrev [8] 0xd7:0x7 DW_TAG_base_type
	.long	.Linfo_string8                  @ DW_AT_name
	.byte	8                               @ DW_AT_encoding
	.byte	1                               @ DW_AT_byte_size
	.byte	8                               @ Abbrev [8] 0xde:0x7 DW_TAG_base_type
	.long	.Linfo_string13                 @ DW_AT_name
	.byte	5                               @ DW_AT_encoding
	.byte	2                               @ DW_AT_byte_size
	.byte	8                               @ Abbrev [8] 0xe5:0x7 DW_TAG_base_type
	.long	.Linfo_string15                 @ DW_AT_name
	.byte	5                               @ DW_AT_encoding
	.byte	4                               @ DW_AT_byte_size
	.byte	8                               @ Abbrev [8] 0xec:0x7 DW_TAG_base_type
	.long	.Linfo_string17                 @ DW_AT_name
	.byte	5                               @ DW_AT_encoding
	.byte	4                               @ DW_AT_byte_size
	.byte	11                              @ Abbrev [11] 0xf3:0x1 DW_TAG_pointer_type
	.byte	2                               @ Abbrev [2] 0xf4:0x12 DW_TAG_variable
	.long	.Linfo_string20                 @ DW_AT_name
	.long	262                             @ DW_AT_type
	.byte	1                               @ DW_AT_external
	.byte	3                               @ DW_AT_decl_file
	.byte	16                              @ DW_AT_decl_line
	.byte	5                               @ DW_AT_location
	.byte	3
	.long	global_sysvar_list
	.byte	12                              @ Abbrev [12] 0x106:0x5 DW_TAG_pointer_type
	.long	267                             @ DW_AT_type
	.byte	5                               @ Abbrev [5] 0x10b:0x21 DW_TAG_structure_type
	.long	.Linfo_string26                 @ DW_AT_name
	.byte	20                              @ DW_AT_byte_size
	.byte	4                               @ DW_AT_decl_file
	.byte	112                             @ DW_AT_decl_line
	.byte	6                               @ Abbrev [6] 0x113:0xc DW_TAG_member
	.long	.Linfo_string21                 @ DW_AT_name
	.long	262                             @ DW_AT_type
	.byte	4                               @ DW_AT_decl_file
	.byte	114                             @ DW_AT_decl_line
	.byte	0                               @ DW_AT_data_member_location
	.byte	6                               @ Abbrev [6] 0x11f:0xc DW_TAG_member
	.long	.Linfo_string22                 @ DW_AT_name
	.long	300                             @ DW_AT_type
	.byte	4                               @ DW_AT_decl_file
	.byte	115                             @ DW_AT_decl_line
	.byte	4                               @ DW_AT_data_member_location
	.byte	0                               @ End Of Children Mark
	.byte	5                               @ Abbrev [5] 0x12c:0x39 DW_TAG_structure_type
	.long	.Linfo_string25                 @ DW_AT_name
	.byte	16                              @ DW_AT_byte_size
	.byte	4                               @ DW_AT_decl_file
	.byte	91                              @ DW_AT_decl_line
	.byte	6                               @ Abbrev [6] 0x134:0xc DW_TAG_member
	.long	.Linfo_string4                  @ DW_AT_name
	.long	357                             @ DW_AT_type
	.byte	4                               @ DW_AT_decl_file
	.byte	93                              @ DW_AT_decl_line
	.byte	0                               @ DW_AT_data_member_location
	.byte	6                               @ Abbrev [6] 0x140:0xc DW_TAG_member
	.long	.Linfo_string23                 @ DW_AT_name
	.long	357                             @ DW_AT_type
	.byte	4                               @ DW_AT_decl_file
	.byte	95                              @ DW_AT_decl_line
	.byte	4                               @ DW_AT_data_member_location
	.byte	6                               @ Abbrev [6] 0x14c:0xc DW_TAG_member
	.long	.Linfo_string7                  @ DW_AT_name
	.long	204                             @ DW_AT_type
	.byte	4                               @ DW_AT_decl_file
	.byte	97                              @ DW_AT_decl_line
	.byte	8                               @ DW_AT_data_member_location
	.byte	6                               @ Abbrev [6] 0x158:0xc DW_TAG_member
	.long	.Linfo_string24                 @ DW_AT_name
	.long	243                             @ DW_AT_type
	.byte	4                               @ DW_AT_decl_file
	.byte	98                              @ DW_AT_decl_line
	.byte	12                              @ DW_AT_data_member_location
	.byte	0                               @ End Of Children Mark
	.byte	12                              @ Abbrev [12] 0x165:0x5 DW_TAG_pointer_type
	.long	362                             @ DW_AT_type
	.byte	13                              @ Abbrev [13] 0x16a:0x5 DW_TAG_const_type
	.long	190                             @ DW_AT_type
	.byte	14                              @ Abbrev [14] 0x16f:0x67 DW_TAG_enumeration_type
	.long	215                             @ DW_AT_type
	.long	.Linfo_string42                 @ DW_AT_name
	.byte	1                               @ DW_AT_byte_size
	.byte	4                               @ DW_AT_decl_file
	.byte	184                             @ DW_AT_decl_line
	.byte	15                              @ Abbrev [15] 0x17b:0x6 DW_TAG_enumerator
	.long	.Linfo_string27                 @ DW_AT_name
	.byte	0                               @ DW_AT_const_value
	.byte	15                              @ Abbrev [15] 0x181:0x6 DW_TAG_enumerator
	.long	.Linfo_string28                 @ DW_AT_name
	.byte	1                               @ DW_AT_const_value
	.byte	15                              @ Abbrev [15] 0x187:0x6 DW_TAG_enumerator
	.long	.Linfo_string29                 @ DW_AT_name
	.byte	2                               @ DW_AT_const_value
	.byte	15                              @ Abbrev [15] 0x18d:0x6 DW_TAG_enumerator
	.long	.Linfo_string30                 @ DW_AT_name
	.byte	3                               @ DW_AT_const_value
	.byte	15                              @ Abbrev [15] 0x193:0x6 DW_TAG_enumerator
	.long	.Linfo_string31                 @ DW_AT_name
	.byte	4                               @ DW_AT_const_value
	.byte	15                              @ Abbrev [15] 0x199:0x6 DW_TAG_enumerator
	.long	.Linfo_string32                 @ DW_AT_name
	.byte	5                               @ DW_AT_const_value
	.byte	15                              @ Abbrev [15] 0x19f:0x6 DW_TAG_enumerator
	.long	.Linfo_string33                 @ DW_AT_name
	.byte	6                               @ DW_AT_const_value
	.byte	15                              @ Abbrev [15] 0x1a5:0x6 DW_TAG_enumerator
	.long	.Linfo_string34                 @ DW_AT_name
	.byte	7                               @ DW_AT_const_value
	.byte	15                              @ Abbrev [15] 0x1ab:0x6 DW_TAG_enumerator
	.long	.Linfo_string35                 @ DW_AT_name
	.byte	8                               @ DW_AT_const_value
	.byte	15                              @ Abbrev [15] 0x1b1:0x6 DW_TAG_enumerator
	.long	.Linfo_string36                 @ DW_AT_name
	.byte	9                               @ DW_AT_const_value
	.byte	15                              @ Abbrev [15] 0x1b7:0x6 DW_TAG_enumerator
	.long	.Linfo_string37                 @ DW_AT_name
	.byte	10                              @ DW_AT_const_value
	.byte	15                              @ Abbrev [15] 0x1bd:0x6 DW_TAG_enumerator
	.long	.Linfo_string38                 @ DW_AT_name
	.byte	11                              @ DW_AT_const_value
	.byte	15                              @ Abbrev [15] 0x1c3:0x6 DW_TAG_enumerator
	.long	.Linfo_string39                 @ DW_AT_name
	.byte	12                              @ DW_AT_const_value
	.byte	15                              @ Abbrev [15] 0x1c9:0x6 DW_TAG_enumerator
	.long	.Linfo_string40                 @ DW_AT_name
	.byte	13                              @ DW_AT_const_value
	.byte	15                              @ Abbrev [15] 0x1cf:0x6 DW_TAG_enumerator
	.long	.Linfo_string41                 @ DW_AT_name
	.byte	14                              @ DW_AT_const_value
	.byte	0                               @ End Of Children Mark
	.byte	16                              @ Abbrev [16] 0x1d6:0x17 DW_TAG_subprogram
	.long	.Lfunc_begin0                   @ DW_AT_low_pc
	.long	.Lfunc_end0                     @ DW_AT_high_pc
	.byte	1                               @ DW_AT_frame_base
	.byte	93
	.long	.Linfo_string43                 @ DW_AT_name
	.byte	3                               @ DW_AT_decl_file
	.byte	18                              @ DW_AT_decl_line
	.byte	1                               @ DW_AT_prototyped
	.long	229                             @ DW_AT_type
	.byte	1                               @ DW_AT_external
	.byte	17                              @ Abbrev [17] 0x1ed:0x54 DW_TAG_subprogram
	.long	.Lfunc_begin1                   @ DW_AT_low_pc
	.long	.Lfunc_end1                     @ DW_AT_high_pc
	.byte	1                               @ DW_AT_frame_base
	.byte	93
	.long	.Linfo_string44                 @ DW_AT_name
	.byte	3                               @ DW_AT_decl_file
	.byte	25                              @ DW_AT_decl_line
	.byte	1                               @ DW_AT_prototyped
	.long	229                             @ DW_AT_type
	.byte	1                               @ DW_AT_external
	.byte	18                              @ Abbrev [18] 0x204:0xf DW_TAG_formal_parameter
	.long	.Ldebug_loc0                    @ DW_AT_location
	.long	.Linfo_string4                  @ DW_AT_name
	.byte	3                               @ DW_AT_decl_file
	.byte	25                              @ DW_AT_decl_line
	.long	357                             @ DW_AT_type
	.byte	18                              @ Abbrev [18] 0x213:0xf DW_TAG_formal_parameter
	.long	.Ldebug_loc1                    @ DW_AT_location
	.long	.Linfo_string7                  @ DW_AT_name
	.byte	3                               @ DW_AT_decl_file
	.byte	25                              @ DW_AT_decl_line
	.long	229                             @ DW_AT_type
	.byte	19                              @ Abbrev [19] 0x222:0xf DW_TAG_variable
	.long	.Ldebug_loc2                    @ DW_AT_location
	.long	.Linfo_string49                 @ DW_AT_name
	.byte	3                               @ DW_AT_decl_file
	.byte	27                              @ DW_AT_decl_line
	.long	229                             @ DW_AT_type
	.byte	19                              @ Abbrev [19] 0x231:0xf DW_TAG_variable
	.long	.Ldebug_loc3                    @ DW_AT_location
	.long	.Linfo_string50                 @ DW_AT_name
	.byte	3                               @ DW_AT_decl_file
	.byte	27                              @ DW_AT_decl_line
	.long	229                             @ DW_AT_type
	.byte	0                               @ End Of Children Mark
	.byte	17                              @ Abbrev [17] 0x241:0x36 DW_TAG_subprogram
	.long	.Lfunc_begin2                   @ DW_AT_low_pc
	.long	.Lfunc_end2                     @ DW_AT_high_pc
	.byte	1                               @ DW_AT_frame_base
	.byte	93
	.long	.Linfo_string45                 @ DW_AT_name
	.byte	3                               @ DW_AT_decl_file
	.byte	53                              @ DW_AT_decl_line
	.byte	1                               @ DW_AT_prototyped
	.long	229                             @ DW_AT_type
	.byte	1                               @ DW_AT_external
	.byte	18                              @ Abbrev [18] 0x258:0xf DW_TAG_formal_parameter
	.long	.Ldebug_loc4                    @ DW_AT_location
	.long	.Linfo_string4                  @ DW_AT_name
	.byte	3                               @ DW_AT_decl_file
	.byte	53                              @ DW_AT_decl_line
	.long	357                             @ DW_AT_type
	.byte	19                              @ Abbrev [19] 0x267:0xf DW_TAG_variable
	.long	.Ldebug_loc5                    @ DW_AT_location
	.long	.Linfo_string49                 @ DW_AT_name
	.byte	3                               @ DW_AT_decl_file
	.byte	55                              @ DW_AT_decl_line
	.long	229                             @ DW_AT_type
	.byte	0                               @ End Of Children Mark
	.byte	17                              @ Abbrev [17] 0x277:0x36 DW_TAG_subprogram
	.long	.Lfunc_begin3                   @ DW_AT_low_pc
	.long	.Lfunc_end3                     @ DW_AT_high_pc
	.byte	1                               @ DW_AT_frame_base
	.byte	93
	.long	.Linfo_string46                 @ DW_AT_name
	.byte	3                               @ DW_AT_decl_file
	.byte	71                              @ DW_AT_decl_line
	.byte	1                               @ DW_AT_prototyped
	.long	834                             @ DW_AT_type
	.byte	1                               @ DW_AT_external
	.byte	18                              @ Abbrev [18] 0x28e:0xf DW_TAG_formal_parameter
	.long	.Ldebug_loc6                    @ DW_AT_location
	.long	.Linfo_string4                  @ DW_AT_name
	.byte	3                               @ DW_AT_decl_file
	.byte	71                              @ DW_AT_decl_line
	.long	357                             @ DW_AT_type
	.byte	19                              @ Abbrev [19] 0x29d:0xf DW_TAG_variable
	.long	.Ldebug_loc7                    @ DW_AT_location
	.long	.Linfo_string49                 @ DW_AT_name
	.byte	3                               @ DW_AT_decl_file
	.byte	73                              @ DW_AT_decl_line
	.long	229                             @ DW_AT_type
	.byte	0                               @ End Of Children Mark
	.byte	20                              @ Abbrev [20] 0x2ad:0x50 DW_TAG_subprogram
	.long	.Lfunc_begin4                   @ DW_AT_low_pc
	.long	.Lfunc_end4                     @ DW_AT_high_pc
	.byte	1                               @ DW_AT_frame_base
	.byte	93
	.long	.Linfo_string47                 @ DW_AT_name
	.byte	3                               @ DW_AT_decl_file
	.byte	88                              @ DW_AT_decl_line
	.byte	1                               @ DW_AT_prototyped
	.byte	1                               @ DW_AT_external
	.byte	18                              @ Abbrev [18] 0x2c0:0xf DW_TAG_formal_parameter
	.long	.Ldebug_loc8                    @ DW_AT_location
	.long	.Linfo_string4                  @ DW_AT_name
	.byte	3                               @ DW_AT_decl_file
	.byte	88                              @ DW_AT_decl_line
	.long	357                             @ DW_AT_type
	.byte	18                              @ Abbrev [18] 0x2cf:0xf DW_TAG_formal_parameter
	.long	.Ldebug_loc9                    @ DW_AT_location
	.long	.Linfo_string7                  @ DW_AT_name
	.byte	3                               @ DW_AT_decl_file
	.byte	88                              @ DW_AT_decl_line
	.long	204                             @ DW_AT_type
	.byte	18                              @ Abbrev [18] 0x2de:0xf DW_TAG_formal_parameter
	.long	.Ldebug_loc10                   @ DW_AT_location
	.long	.Linfo_string51                 @ DW_AT_name
	.byte	3                               @ DW_AT_decl_file
	.byte	88                              @ DW_AT_decl_line
	.long	243                             @ DW_AT_type
	.byte	19                              @ Abbrev [19] 0x2ed:0xf DW_TAG_variable
	.long	.Ldebug_loc11                   @ DW_AT_location
	.long	.Linfo_string52                 @ DW_AT_name
	.byte	3                               @ DW_AT_decl_file
	.byte	91                              @ DW_AT_decl_line
	.long	262                             @ DW_AT_type
	.byte	0                               @ End Of Children Mark
	.byte	17                              @ Abbrev [17] 0x2fd:0x45 DW_TAG_subprogram
	.long	.Lfunc_begin5                   @ DW_AT_low_pc
	.long	.Lfunc_end5                     @ DW_AT_high_pc
	.byte	1                               @ DW_AT_frame_base
	.byte	93
	.long	.Linfo_string48                 @ DW_AT_name
	.byte	3                               @ DW_AT_decl_file
	.byte	114                             @ DW_AT_decl_line
	.byte	1                               @ DW_AT_prototyped
	.long	839                             @ DW_AT_type
	.byte	1                               @ DW_AT_external
	.byte	18                              @ Abbrev [18] 0x314:0xf DW_TAG_formal_parameter
	.long	.Ldebug_loc12                   @ DW_AT_location
	.long	.Linfo_string4                  @ DW_AT_name
	.byte	3                               @ DW_AT_decl_file
	.byte	114                             @ DW_AT_decl_line
	.long	357                             @ DW_AT_type
	.byte	19                              @ Abbrev [19] 0x323:0xf DW_TAG_variable
	.long	.Ldebug_loc13                   @ DW_AT_location
	.long	.Linfo_string53                 @ DW_AT_name
	.byte	3                               @ DW_AT_decl_file
	.byte	116                             @ DW_AT_decl_line
	.long	839                             @ DW_AT_type
	.byte	19                              @ Abbrev [19] 0x332:0xf DW_TAG_variable
	.long	.Ldebug_loc14                   @ DW_AT_location
	.long	.Linfo_string52                 @ DW_AT_name
	.byte	3                               @ DW_AT_decl_file
	.byte	117                             @ DW_AT_decl_line
	.long	262                             @ DW_AT_type
	.byte	0                               @ End Of Children Mark
	.byte	12                              @ Abbrev [12] 0x342:0x5 DW_TAG_pointer_type
	.long	68                              @ DW_AT_type
	.byte	12                              @ Abbrev [12] 0x347:0x5 DW_TAG_pointer_type
	.long	300                             @ DW_AT_type
	.byte	0                               @ End Of Children Mark
.Ldebug_info_end0:
	.section	.debug_ranges,"",%progbits
.Ldebug_ranges0:
	.long	.Lfunc_begin0
	.long	.Lfunc_end0
	.long	.Lfunc_begin1
	.long	.Lfunc_end1
	.long	.Lfunc_begin2
	.long	.Lfunc_end2
	.long	.Lfunc_begin3
	.long	.Lfunc_end3
	.long	.Lfunc_begin4
	.long	.Lfunc_end4
	.long	.Lfunc_begin5
	.long	.Lfunc_end5
	.long	0
	.long	0
	.section	.debug_str,"MS",%progbits,1
.Linfo_string0:
	.asciz	"Component: ARM Compiler 6.16 Tool: armclang [5dfeb700]" @ string offset=0
.Linfo_string1:
	.asciz	"rt-thread/components/finsh\\finsh_var.c" @ string offset=55
.Linfo_string2:
	.asciz	"E:\\Smart-access-control\\Hardware\\CODE" @ string offset=94
.Linfo_string3:
	.asciz	"global_variable"               @ string offset=132
.Linfo_string4:
	.asciz	"name"                          @ string offset=148
.Linfo_string5:
	.asciz	"char"                          @ string offset=153
.Linfo_string6:
	.asciz	"__ARRAY_SIZE_TYPE__"           @ string offset=158
.Linfo_string7:
	.asciz	"type"                          @ string offset=178
.Linfo_string8:
	.asciz	"unsigned char"                 @ string offset=183
.Linfo_string9:
	.asciz	"uint8_t"                       @ string offset=197
.Linfo_string10:
	.asciz	"value"                         @ string offset=205
.Linfo_string11:
	.asciz	"char_value"                    @ string offset=211
.Linfo_string12:
	.asciz	"short_value"                   @ string offset=222
.Linfo_string13:
	.asciz	"short"                         @ string offset=234
.Linfo_string14:
	.asciz	"int_value"                     @ string offset=240
.Linfo_string15:
	.asciz	"int"                           @ string offset=250
.Linfo_string16:
	.asciz	"long_value"                    @ string offset=254
.Linfo_string17:
	.asciz	"long int"                      @ string offset=265
.Linfo_string18:
	.asciz	"ptr"                           @ string offset=274
.Linfo_string19:
	.asciz	"finsh_var"                     @ string offset=278
.Linfo_string20:
	.asciz	"global_sysvar_list"            @ string offset=288
.Linfo_string21:
	.asciz	"next"                          @ string offset=307
.Linfo_string22:
	.asciz	"sysvar"                        @ string offset=312
.Linfo_string23:
	.asciz	"desc"                          @ string offset=319
.Linfo_string24:
	.asciz	"var"                           @ string offset=324
.Linfo_string25:
	.asciz	"finsh_sysvar"                  @ string offset=328
.Linfo_string26:
	.asciz	"finsh_sysvar_item"             @ string offset=341
.Linfo_string27:
	.asciz	"finsh_type_unknown"            @ string offset=359
.Linfo_string28:
	.asciz	"finsh_type_void"               @ string offset=378
.Linfo_string29:
	.asciz	"finsh_type_voidp"              @ string offset=394
.Linfo_string30:
	.asciz	"finsh_type_char"               @ string offset=411
.Linfo_string31:
	.asciz	"finsh_type_uchar"              @ string offset=427
.Linfo_string32:
	.asciz	"finsh_type_charp"              @ string offset=444
.Linfo_string33:
	.asciz	"finsh_type_short"              @ string offset=461
.Linfo_string34:
	.asciz	"finsh_type_ushort"             @ string offset=478
.Linfo_string35:
	.asciz	"finsh_type_shortp"             @ string offset=496
.Linfo_string36:
	.asciz	"finsh_type_int"                @ string offset=514
.Linfo_string37:
	.asciz	"finsh_type_uint"               @ string offset=529
.Linfo_string38:
	.asciz	"finsh_type_intp"               @ string offset=545
.Linfo_string39:
	.asciz	"finsh_type_long"               @ string offset=561
.Linfo_string40:
	.asciz	"finsh_type_ulong"              @ string offset=577
.Linfo_string41:
	.asciz	"finsh_type_longp"              @ string offset=594
.Linfo_string42:
	.asciz	"finsh_type"                    @ string offset=611
.Linfo_string43:
	.asciz	"finsh_var_init"                @ string offset=622
.Linfo_string44:
	.asciz	"finsh_var_insert"              @ string offset=637
.Linfo_string45:
	.asciz	"finsh_var_delete"              @ string offset=654
.Linfo_string46:
	.asciz	"finsh_var_lookup"              @ string offset=671
.Linfo_string47:
	.asciz	"finsh_sysvar_append"           @ string offset=688
.Linfo_string48:
	.asciz	"finsh_sysvar_lookup"           @ string offset=708
.Linfo_string49:
	.asciz	"i"                             @ string offset=728
.Linfo_string50:
	.asciz	"empty"                         @ string offset=730
.Linfo_string51:
	.asciz	"var_addr"                      @ string offset=736
.Linfo_string52:
	.asciz	"item"                          @ string offset=745
.Linfo_string53:
	.asciz	"index"                         @ string offset=750
	.ident	"Component: ARM Compiler 6.16 Tool: armclang [5dfeb700]"
	.section	".note.GNU-stack","",%progbits
	.eabi_attribute	30, 1	@ Tag_ABI_optimization_goals
	.ARM_attribute	16, 1	@ Tag_AV_eba
	.section	.debug_line,"",%progbits
.Lline_table_start0:
