	.text
	.syntax unified
	.eabi_attribute	67, "2.09"	@ Tag_conformance
	.cpu	cortex-m7
	.eabi_attribute	6, 13	@ Tag_CPU_arch
	.eabi_attribute	7, 77	@ Tag_CPU_arch_profile
	.eabi_attribute	8, 0	@ Tag_ARM_ISA_use
	.eabi_attribute	9, 2	@ Tag_THUMB_ISA_use
	.fpu	fpv5-d16
	.eabi_attribute	36, 1	@ Tag_FP_HP_extension
	.eabi_attribute	34, 1	@ Tag_CPU_unaligned_access
	.eabi_attribute	17, 1	@ Tag_ABI_PCS_GOT_use
	.eabi_attribute	20, 2	@ Tag_ABI_FP_denormal
	.eabi_attribute	21, 0	@ Tag_ABI_FP_exceptions
	.eabi_attribute	23, 1	@ Tag_ABI_FP_number_model
	.eabi_attribute	24, 1	@ Tag_ABI_align_needed
	.eabi_attribute	25, 1	@ Tag_ABI_align_preserved
	.eabi_attribute	28, 1	@ Tag_ABI_VFP_args
	.eabi_attribute	38, 1	@ Tag_ABI_FP_16bit_format
	.eabi_attribute	18, 2	@ Tag_ABI_PCS_wchar_t
	.eabi_attribute	26, 1	@ Tag_ABI_enum_size
	.eabi_attribute	14, 0	@ Tag_ABI_PCS_R9_use
	.file	"finsh_error.c"
	.file	1 "D:\\Keil_v5\\ARM\\ARMCLANG\\Bin\\..\\include" "stdint.h"
	.file	2 "E:\\STM32\\Learning\\STM32H750_ART_PI_RGBLCD" "rt-thread/components/finsh/finsh_error.c"
	.section	.text.finsh_error_init,"ax",%progbits
	.hidden	finsh_error_init                @ -- Begin function finsh_error_init
	.globl	finsh_error_init
	.p2align	3
	.type	finsh_error_init,%function
	.code	16                              @ @finsh_error_init
	.thumb_func
finsh_error_init:
.Lfunc_begin0:
	.loc	2 34 0                          @ rt-thread/components/finsh/finsh_error.c:34:0
	.fnstart
	.cfi_sections .debug_frame
	.cfi_startproc
@ %bb.0:
	.loc	2 35 18 prologue_end            @ rt-thread/components/finsh/finsh_error.c:35:18
	movw	r1, :lower16:global_errno
	movt	r1, :upper16:global_errno
	movs	r0, #0
	strb	r0, [r1]
	.loc	2 37 5                          @ rt-thread/components/finsh/finsh_error.c:37:5
	bx	lr
.Ltmp0:
.Lfunc_end0:
	.size	finsh_error_init, .Lfunc_end0-finsh_error_init
	.cfi_endproc
	.cantunwind
	.fnend
                                        @ -- End function
	.section	.text.finsh_error_set,"ax",%progbits
	.hidden	finsh_error_set                 @ -- Begin function finsh_error_set
	.globl	finsh_error_set
	.p2align	3
	.type	finsh_error_set,%function
	.code	16                              @ @finsh_error_set
	.thumb_func
finsh_error_set:
.Lfunc_begin1:
	.loc	2 41 0                          @ rt-thread/components/finsh/finsh_error.c:41:0
	.fnstart
	.cfi_startproc
@ %bb.0:
	.pad	#4
	sub	sp, #4
	.cfi_def_cfa_offset 4
                                        @ kill: def $r1 killed $r0
	strb.w	r0, [sp, #3]
.Ltmp1:
	.loc	2 42 20 prologue_end            @ rt-thread/components/finsh/finsh_error.c:42:20
	ldrb.w	r0, [sp, #3]
	.loc	2 42 18 is_stmt 0               @ rt-thread/components/finsh/finsh_error.c:42:18
	movw	r1, :lower16:global_errno
	movt	r1, :upper16:global_errno
	strb	r0, [r1]
	movs	r0, #0
	.loc	2 44 5 is_stmt 1                @ rt-thread/components/finsh/finsh_error.c:44:5
	add	sp, #4
	bx	lr
.Ltmp2:
.Lfunc_end1:
	.size	finsh_error_set, .Lfunc_end1-finsh_error_set
	.cfi_endproc
	.cantunwind
	.fnend
                                        @ -- End function
	.section	.text.finsh_errno,"ax",%progbits
	.hidden	finsh_errno                     @ -- Begin function finsh_errno
	.globl	finsh_errno
	.p2align	3
	.type	finsh_errno,%function
	.code	16                              @ @finsh_errno
	.thumb_func
finsh_errno:
.Lfunc_begin2:
	.loc	2 48 0                          @ rt-thread/components/finsh/finsh_error.c:48:0
	.fnstart
	.cfi_startproc
@ %bb.0:
	.loc	2 49 12 prologue_end            @ rt-thread/components/finsh/finsh_error.c:49:12
	movw	r0, :lower16:global_errno
	movt	r0, :upper16:global_errno
	ldrb	r0, [r0]
	.loc	2 49 5 is_stmt 0                @ rt-thread/components/finsh/finsh_error.c:49:5
	bx	lr
.Ltmp3:
.Lfunc_end2:
	.size	finsh_errno, .Lfunc_end2-finsh_errno
	.cfi_endproc
	.cantunwind
	.fnend
                                        @ -- End function
	.section	.text.finsh_error_string,"ax",%progbits
	.hidden	finsh_error_string              @ -- Begin function finsh_error_string
	.globl	finsh_error_string
	.p2align	3
	.type	finsh_error_string,%function
	.code	16                              @ @finsh_error_string
	.thumb_func
finsh_error_string:
.Lfunc_begin3:
	.loc	2 53 0 is_stmt 1                @ rt-thread/components/finsh/finsh_error.c:53:0
	.fnstart
	.cfi_startproc
@ %bb.0:
	.pad	#4
	sub	sp, #4
	.cfi_def_cfa_offset 4
                                        @ kill: def $r1 killed $r0
	strb.w	r0, [sp, #3]
.Ltmp4:
	.loc	2 54 37 prologue_end            @ rt-thread/components/finsh/finsh_error.c:54:37
	ldrb.w	r1, [sp, #3]
	.loc	2 54 12 is_stmt 0               @ rt-thread/components/finsh/finsh_error.c:54:12
	movw	r0, :lower16:finsh_error_string_table
	movt	r0, :upper16:finsh_error_string_table
	ldr.w	r0, [r0, r1, lsl #2]
	.loc	2 54 5                          @ rt-thread/components/finsh/finsh_error.c:54:5
	add	sp, #4
	bx	lr
.Ltmp5:
.Lfunc_end3:
	.size	finsh_error_string, .Lfunc_end3-finsh_error_string
	.cfi_endproc
	.cantunwind
	.fnend
                                        @ -- End function
	.hidden	global_errno                    @ @global_errno
	.type	global_errno,%object
	.section	.bss.global_errno,"aw",%nobits
	.globl	global_errno
global_errno:
	.byte	0                               @ 0x0
	.size	global_errno, 1

	.type	finsh_error_string_table,%object @ @finsh_error_string_table
	.section	.data.finsh_error_string_table,"aw",%progbits
	.p2align	2
finsh_error_string_table:
	.long	.L.str
	.long	.L.str.1
	.long	.L.str.2
	.long	.L.str.3
	.long	.L.str.4
	.long	.L.str.5
	.long	.L.str.6
	.long	.L.str.7
	.long	.L.str.8
	.long	.L.str.9
	.long	.L.str.10
	.long	.L.str.11
	.long	.L.str.12
	.long	.L.str.13
	.long	.L.str.14
	.size	finsh_error_string_table, 60

	.type	.L.str,%object                  @ @.str
	.section	.rodata.str1.1,"aMS",%progbits,1
.L.str:
	.asciz	"No error"
	.size	.L.str, 9

	.type	.L.str.1,%object                @ @.str.1
.L.str.1:
	.asciz	"Invalid token"
	.size	.L.str.1, 14

	.type	.L.str.2,%object                @ @.str.2
.L.str.2:
	.asciz	"Expect a type"
	.size	.L.str.2, 14

	.type	.L.str.3,%object                @ @.str.3
.L.str.3:
	.asciz	"Unknown type"
	.size	.L.str.3, 13

	.type	.L.str.4,%object                @ @.str.4
.L.str.4:
	.asciz	"Variable exist"
	.size	.L.str.4, 15

	.type	.L.str.5,%object                @ @.str.5
.L.str.5:
	.asciz	"Expect a operater"
	.size	.L.str.5, 18

	.type	.L.str.6,%object                @ @.str.6
.L.str.6:
	.asciz	"Memory full"
	.size	.L.str.6, 12

	.type	.L.str.7,%object                @ @.str.7
.L.str.7:
	.asciz	"Unknown operator"
	.size	.L.str.7, 17

	.type	.L.str.8,%object                @ @.str.8
.L.str.8:
	.asciz	"Unknown node"
	.size	.L.str.8, 13

	.type	.L.str.9,%object                @ @.str.9
.L.str.9:
	.asciz	"Expect a character"
	.size	.L.str.9, 19

	.type	.L.str.10,%object               @ @.str.10
.L.str.10:
	.asciz	"Unexpect end"
	.size	.L.str.10, 13

	.type	.L.str.11,%object               @ @.str.11
.L.str.11:
	.asciz	"Unknown token"
	.size	.L.str.11, 14

	.type	.L.str.12,%object               @ @.str.12
.L.str.12:
	.asciz	"Float not supported"
	.size	.L.str.12, 20

	.type	.L.str.13,%object               @ @.str.13
.L.str.13:
	.asciz	"Unknown symbol"
	.size	.L.str.13, 15

	.type	.L.str.14,%object               @ @.str.14
.L.str.14:
	.asciz	"Null node"
	.size	.L.str.14, 10

	.section	.debug_abbrev,"",%progbits
	.byte	1                               @ Abbreviation Code
	.byte	17                              @ DW_TAG_compile_unit
	.byte	1                               @ DW_CHILDREN_yes
	.byte	37                              @ DW_AT_producer
	.byte	14                              @ DW_FORM_strp
	.byte	19                              @ DW_AT_language
	.byte	5                               @ DW_FORM_data2
	.byte	3                               @ DW_AT_name
	.byte	14                              @ DW_FORM_strp
	.byte	16                              @ DW_AT_stmt_list
	.byte	6                               @ DW_FORM_data4
	.byte	27                              @ DW_AT_comp_dir
	.byte	14                              @ DW_FORM_strp
	.byte	17                              @ DW_AT_low_pc
	.byte	1                               @ DW_FORM_addr
	.byte	85                              @ DW_AT_ranges
	.byte	6                               @ DW_FORM_data4
	.byte	0                               @ EOM(1)
	.byte	0                               @ EOM(2)
	.byte	2                               @ Abbreviation Code
	.byte	52                              @ DW_TAG_variable
	.byte	0                               @ DW_CHILDREN_no
	.byte	3                               @ DW_AT_name
	.byte	14                              @ DW_FORM_strp
	.byte	73                              @ DW_AT_type
	.byte	19                              @ DW_FORM_ref4
	.byte	63                              @ DW_AT_external
	.byte	12                              @ DW_FORM_flag
	.byte	58                              @ DW_AT_decl_file
	.byte	11                              @ DW_FORM_data1
	.byte	59                              @ DW_AT_decl_line
	.byte	11                              @ DW_FORM_data1
	.byte	2                               @ DW_AT_location
	.byte	10                              @ DW_FORM_block1
	.byte	0                               @ EOM(1)
	.byte	0                               @ EOM(2)
	.byte	3                               @ Abbreviation Code
	.byte	22                              @ DW_TAG_typedef
	.byte	0                               @ DW_CHILDREN_no
	.byte	73                              @ DW_AT_type
	.byte	19                              @ DW_FORM_ref4
	.byte	3                               @ DW_AT_name
	.byte	14                              @ DW_FORM_strp
	.byte	58                              @ DW_AT_decl_file
	.byte	11                              @ DW_FORM_data1
	.byte	59                              @ DW_AT_decl_line
	.byte	11                              @ DW_FORM_data1
	.byte	0                               @ EOM(1)
	.byte	0                               @ EOM(2)
	.byte	4                               @ Abbreviation Code
	.byte	36                              @ DW_TAG_base_type
	.byte	0                               @ DW_CHILDREN_no
	.byte	3                               @ DW_AT_name
	.byte	14                              @ DW_FORM_strp
	.byte	62                              @ DW_AT_encoding
	.byte	11                              @ DW_FORM_data1
	.byte	11                              @ DW_AT_byte_size
	.byte	11                              @ DW_FORM_data1
	.byte	0                               @ EOM(1)
	.byte	0                               @ EOM(2)
	.byte	5                               @ Abbreviation Code
	.byte	52                              @ DW_TAG_variable
	.byte	0                               @ DW_CHILDREN_no
	.byte	3                               @ DW_AT_name
	.byte	14                              @ DW_FORM_strp
	.byte	73                              @ DW_AT_type
	.byte	19                              @ DW_FORM_ref4
	.byte	58                              @ DW_AT_decl_file
	.byte	11                              @ DW_FORM_data1
	.byte	59                              @ DW_AT_decl_line
	.byte	11                              @ DW_FORM_data1
	.byte	2                               @ DW_AT_location
	.byte	10                              @ DW_FORM_block1
	.byte	0                               @ EOM(1)
	.byte	0                               @ EOM(2)
	.byte	6                               @ Abbreviation Code
	.byte	1                               @ DW_TAG_array_type
	.byte	1                               @ DW_CHILDREN_yes
	.byte	73                              @ DW_AT_type
	.byte	19                              @ DW_FORM_ref4
	.byte	0                               @ EOM(1)
	.byte	0                               @ EOM(2)
	.byte	7                               @ Abbreviation Code
	.byte	33                              @ DW_TAG_subrange_type
	.byte	0                               @ DW_CHILDREN_no
	.byte	73                              @ DW_AT_type
	.byte	19                              @ DW_FORM_ref4
	.byte	55                              @ DW_AT_count
	.byte	11                              @ DW_FORM_data1
	.byte	0                               @ EOM(1)
	.byte	0                               @ EOM(2)
	.byte	8                               @ Abbreviation Code
	.byte	15                              @ DW_TAG_pointer_type
	.byte	0                               @ DW_CHILDREN_no
	.byte	73                              @ DW_AT_type
	.byte	19                              @ DW_FORM_ref4
	.byte	0                               @ EOM(1)
	.byte	0                               @ EOM(2)
	.byte	9                               @ Abbreviation Code
	.byte	38                              @ DW_TAG_const_type
	.byte	0                               @ DW_CHILDREN_no
	.byte	73                              @ DW_AT_type
	.byte	19                              @ DW_FORM_ref4
	.byte	0                               @ EOM(1)
	.byte	0                               @ EOM(2)
	.byte	10                              @ Abbreviation Code
	.byte	36                              @ DW_TAG_base_type
	.byte	0                               @ DW_CHILDREN_no
	.byte	3                               @ DW_AT_name
	.byte	14                              @ DW_FORM_strp
	.byte	11                              @ DW_AT_byte_size
	.byte	11                              @ DW_FORM_data1
	.byte	62                              @ DW_AT_encoding
	.byte	11                              @ DW_FORM_data1
	.byte	0                               @ EOM(1)
	.byte	0                               @ EOM(2)
	.byte	11                              @ Abbreviation Code
	.byte	46                              @ DW_TAG_subprogram
	.byte	0                               @ DW_CHILDREN_no
	.byte	17                              @ DW_AT_low_pc
	.byte	1                               @ DW_FORM_addr
	.byte	18                              @ DW_AT_high_pc
	.byte	1                               @ DW_FORM_addr
	.byte	64                              @ DW_AT_frame_base
	.byte	10                              @ DW_FORM_block1
	.byte	3                               @ DW_AT_name
	.byte	14                              @ DW_FORM_strp
	.byte	58                              @ DW_AT_decl_file
	.byte	11                              @ DW_FORM_data1
	.byte	59                              @ DW_AT_decl_line
	.byte	11                              @ DW_FORM_data1
	.byte	39                              @ DW_AT_prototyped
	.byte	12                              @ DW_FORM_flag
	.byte	73                              @ DW_AT_type
	.byte	19                              @ DW_FORM_ref4
	.byte	63                              @ DW_AT_external
	.byte	12                              @ DW_FORM_flag
	.byte	0                               @ EOM(1)
	.byte	0                               @ EOM(2)
	.byte	12                              @ Abbreviation Code
	.byte	46                              @ DW_TAG_subprogram
	.byte	1                               @ DW_CHILDREN_yes
	.byte	17                              @ DW_AT_low_pc
	.byte	1                               @ DW_FORM_addr
	.byte	18                              @ DW_AT_high_pc
	.byte	1                               @ DW_FORM_addr
	.byte	64                              @ DW_AT_frame_base
	.byte	10                              @ DW_FORM_block1
	.byte	3                               @ DW_AT_name
	.byte	14                              @ DW_FORM_strp
	.byte	58                              @ DW_AT_decl_file
	.byte	11                              @ DW_FORM_data1
	.byte	59                              @ DW_AT_decl_line
	.byte	11                              @ DW_FORM_data1
	.byte	39                              @ DW_AT_prototyped
	.byte	12                              @ DW_FORM_flag
	.byte	73                              @ DW_AT_type
	.byte	19                              @ DW_FORM_ref4
	.byte	63                              @ DW_AT_external
	.byte	12                              @ DW_FORM_flag
	.byte	0                               @ EOM(1)
	.byte	0                               @ EOM(2)
	.byte	13                              @ Abbreviation Code
	.byte	5                               @ DW_TAG_formal_parameter
	.byte	0                               @ DW_CHILDREN_no
	.byte	2                               @ DW_AT_location
	.byte	10                              @ DW_FORM_block1
	.byte	3                               @ DW_AT_name
	.byte	14                              @ DW_FORM_strp
	.byte	58                              @ DW_AT_decl_file
	.byte	11                              @ DW_FORM_data1
	.byte	59                              @ DW_AT_decl_line
	.byte	11                              @ DW_FORM_data1
	.byte	73                              @ DW_AT_type
	.byte	19                              @ DW_FORM_ref4
	.byte	0                               @ EOM(1)
	.byte	0                               @ EOM(2)
	.byte	0                               @ EOM(3)
	.section	.debug_info,"",%progbits
.Lcu_begin0:
	.long	.Ldebug_info_end0-.Ldebug_info_start0 @ Length of Unit
.Ldebug_info_start0:
	.short	3                               @ DWARF version number
	.long	.debug_abbrev                   @ Offset Into Abbrev. Section
	.byte	4                               @ Address Size (in bytes)
	.byte	1                               @ Abbrev [1] 0xb:0xf6 DW_TAG_compile_unit
	.long	.Linfo_string0                  @ DW_AT_producer
	.short	12                              @ DW_AT_language
	.long	.Linfo_string1                  @ DW_AT_name
	.long	.Lline_table_start0             @ DW_AT_stmt_list
	.long	.Linfo_string2                  @ DW_AT_comp_dir
	.long	0                               @ DW_AT_low_pc
	.long	.Ldebug_ranges0                 @ DW_AT_ranges
	.byte	2                               @ Abbrev [2] 0x26:0x12 DW_TAG_variable
	.long	.Linfo_string3                  @ DW_AT_name
	.long	56                              @ DW_AT_type
	.byte	1                               @ DW_AT_external
	.byte	2                               @ DW_AT_decl_file
	.byte	12                              @ DW_AT_decl_line
	.byte	5                               @ DW_AT_location
	.byte	3
	.long	global_errno
	.byte	3                               @ Abbrev [3] 0x38:0xb DW_TAG_typedef
	.long	67                              @ DW_AT_type
	.long	.Linfo_string5                  @ DW_AT_name
	.byte	1                               @ DW_AT_decl_file
	.byte	62                              @ DW_AT_decl_line
	.byte	4                               @ Abbrev [4] 0x43:0x7 DW_TAG_base_type
	.long	.Linfo_string4                  @ DW_AT_name
	.byte	8                               @ DW_AT_encoding
	.byte	1                               @ DW_AT_byte_size
	.byte	5                               @ Abbrev [5] 0x4a:0x11 DW_TAG_variable
	.long	.Linfo_string6                  @ DW_AT_name
	.long	91                              @ DW_AT_type
	.byte	2                               @ DW_AT_decl_file
	.byte	14                              @ DW_AT_decl_line
	.byte	5                               @ DW_AT_location
	.byte	3
	.long	finsh_error_string_table
	.byte	6                               @ Abbrev [6] 0x5b:0xc DW_TAG_array_type
	.long	103                             @ DW_AT_type
	.byte	7                               @ Abbrev [7] 0x60:0x6 DW_TAG_subrange_type
	.long	120                             @ DW_AT_type
	.byte	15                              @ DW_AT_count
	.byte	0                               @ End Of Children Mark
	.byte	8                               @ Abbrev [8] 0x67:0x5 DW_TAG_pointer_type
	.long	108                             @ DW_AT_type
	.byte	9                               @ Abbrev [9] 0x6c:0x5 DW_TAG_const_type
	.long	113                             @ DW_AT_type
	.byte	4                               @ Abbrev [4] 0x71:0x7 DW_TAG_base_type
	.long	.Linfo_string7                  @ DW_AT_name
	.byte	6                               @ DW_AT_encoding
	.byte	1                               @ DW_AT_byte_size
	.byte	10                              @ Abbrev [10] 0x78:0x7 DW_TAG_base_type
	.long	.Linfo_string8                  @ DW_AT_name
	.byte	8                               @ DW_AT_byte_size
	.byte	7                               @ DW_AT_encoding
	.byte	11                              @ Abbrev [11] 0x7f:0x17 DW_TAG_subprogram
	.long	.Lfunc_begin0                   @ DW_AT_low_pc
	.long	.Lfunc_end0                     @ DW_AT_high_pc
	.byte	1                               @ DW_AT_frame_base
	.byte	93
	.long	.Linfo_string9                  @ DW_AT_name
	.byte	2                               @ DW_AT_decl_file
	.byte	33                              @ DW_AT_decl_line
	.byte	1                               @ DW_AT_prototyped
	.long	249                             @ DW_AT_type
	.byte	1                               @ DW_AT_external
	.byte	12                              @ Abbrev [12] 0x96:0x26 DW_TAG_subprogram
	.long	.Lfunc_begin1                   @ DW_AT_low_pc
	.long	.Lfunc_end1                     @ DW_AT_high_pc
	.byte	1                               @ DW_AT_frame_base
	.byte	93
	.long	.Linfo_string11                 @ DW_AT_name
	.byte	2                               @ DW_AT_decl_file
	.byte	40                              @ DW_AT_decl_line
	.byte	1                               @ DW_AT_prototyped
	.long	249                             @ DW_AT_type
	.byte	1                               @ DW_AT_external
	.byte	13                              @ Abbrev [13] 0xad:0xe DW_TAG_formal_parameter
	.byte	2                               @ DW_AT_location
	.byte	145
	.byte	3
	.long	.Linfo_string14                 @ DW_AT_name
	.byte	2                               @ DW_AT_decl_file
	.byte	40                              @ DW_AT_decl_line
	.long	56                              @ DW_AT_type
	.byte	0                               @ End Of Children Mark
	.byte	11                              @ Abbrev [11] 0xbc:0x17 DW_TAG_subprogram
	.long	.Lfunc_begin2                   @ DW_AT_low_pc
	.long	.Lfunc_end2                     @ DW_AT_high_pc
	.byte	1                               @ DW_AT_frame_base
	.byte	93
	.long	.Linfo_string12                 @ DW_AT_name
	.byte	2                               @ DW_AT_decl_file
	.byte	47                              @ DW_AT_decl_line
	.byte	1                               @ DW_AT_prototyped
	.long	56                              @ DW_AT_type
	.byte	1                               @ DW_AT_external
	.byte	12                              @ Abbrev [12] 0xd3:0x26 DW_TAG_subprogram
	.long	.Lfunc_begin3                   @ DW_AT_low_pc
	.long	.Lfunc_end3                     @ DW_AT_high_pc
	.byte	1                               @ DW_AT_frame_base
	.byte	93
	.long	.Linfo_string13                 @ DW_AT_name
	.byte	2                               @ DW_AT_decl_file
	.byte	52                              @ DW_AT_decl_line
	.byte	1                               @ DW_AT_prototyped
	.long	103                             @ DW_AT_type
	.byte	1                               @ DW_AT_external
	.byte	13                              @ Abbrev [13] 0xea:0xe DW_TAG_formal_parameter
	.byte	2                               @ DW_AT_location
	.byte	145
	.byte	3
	.long	.Linfo_string14                 @ DW_AT_name
	.byte	2                               @ DW_AT_decl_file
	.byte	52                              @ DW_AT_decl_line
	.long	56                              @ DW_AT_type
	.byte	0                               @ End Of Children Mark
	.byte	4                               @ Abbrev [4] 0xf9:0x7 DW_TAG_base_type
	.long	.Linfo_string10                 @ DW_AT_name
	.byte	5                               @ DW_AT_encoding
	.byte	4                               @ DW_AT_byte_size
	.byte	0                               @ End Of Children Mark
.Ldebug_info_end0:
	.section	.debug_ranges,"",%progbits
.Ldebug_ranges0:
	.long	.Lfunc_begin0
	.long	.Lfunc_end0
	.long	.Lfunc_begin1
	.long	.Lfunc_end1
	.long	.Lfunc_begin2
	.long	.Lfunc_end2
	.long	.Lfunc_begin3
	.long	.Lfunc_end3
	.long	0
	.long	0
	.section	.debug_str,"MS",%progbits,1
.Linfo_string0:
	.asciz	"Component: ARM Compiler 6.16 Tool: armclang [5dfeb700]" @ string offset=0
.Linfo_string1:
	.asciz	"rt-thread/components/finsh\\finsh_error.c" @ string offset=55
.Linfo_string2:
	.asciz	"E:\\STM32\\Learning\\STM32H750_ART_PI_RGBLCD" @ string offset=96
.Linfo_string3:
	.asciz	"global_errno"                  @ string offset=138
.Linfo_string4:
	.asciz	"unsigned char"                 @ string offset=151
.Linfo_string5:
	.asciz	"uint8_t"                       @ string offset=165
.Linfo_string6:
	.asciz	"finsh_error_string_table"      @ string offset=173
.Linfo_string7:
	.asciz	"char"                          @ string offset=198
.Linfo_string8:
	.asciz	"__ARRAY_SIZE_TYPE__"           @ string offset=203
.Linfo_string9:
	.asciz	"finsh_error_init"              @ string offset=223
.Linfo_string10:
	.asciz	"int"                           @ string offset=240
.Linfo_string11:
	.asciz	"finsh_error_set"               @ string offset=244
.Linfo_string12:
	.asciz	"finsh_errno"                   @ string offset=260
.Linfo_string13:
	.asciz	"finsh_error_string"            @ string offset=272
.Linfo_string14:
	.asciz	"type"                          @ string offset=291
	.ident	"Component: ARM Compiler 6.16 Tool: armclang [5dfeb700]"
	.section	".note.GNU-stack","",%progbits
	.eabi_attribute	30, 6	@ Tag_ABI_optimization_goals
	.ARM_attribute	16, 1	@ Tag_AV_eba
	.section	.debug_line,"",%progbits
.Lline_table_start0:
