	.text
	.syntax unified
	.eabi_attribute	67, "2.09"	@ Tag_conformance
	.cpu	cortex-m7
	.eabi_attribute	6, 13	@ Tag_CPU_arch
	.eabi_attribute	7, 77	@ Tag_CPU_arch_profile
	.eabi_attribute	8, 0	@ Tag_ARM_ISA_use
	.eabi_attribute	9, 2	@ Tag_THUMB_ISA_use
	.fpu	fpv5-d16
	.eabi_attribute	36, 1	@ Tag_FP_HP_extension
	.eabi_attribute	34, 1	@ Tag_CPU_unaligned_access
	.eabi_attribute	17, 1	@ Tag_ABI_PCS_GOT_use
	.eabi_attribute	20, 2	@ Tag_ABI_FP_denormal
	.eabi_attribute	21, 0	@ Tag_ABI_FP_exceptions
	.eabi_attribute	23, 1	@ Tag_ABI_FP_number_model
	.eabi_attribute	24, 1	@ Tag_ABI_align_needed
	.eabi_attribute	25, 1	@ Tag_ABI_align_preserved
	.eabi_attribute	28, 1	@ Tag_ABI_VFP_args
	.eabi_attribute	38, 1	@ Tag_ABI_FP_16bit_format
	.eabi_attribute	18, 2	@ Tag_ABI_PCS_wchar_t
	.eabi_attribute	26, 1	@ Tag_ABI_enum_size
	.eabi_attribute	14, 0	@ Tag_ABI_PCS_R9_use
	.file	"finsh_heap.c"
	.file	1 "D:\\Keil_v5\\ARM\\ARMCLANG\\Bin\\..\\include" "stdint.h"
	.file	2 "E:\\Smart-access-control\\Hardware\\CODE" "rt-thread/components/finsh/finsh_heap.c"
	.file	3 "E:\\Smart-access-control\\Hardware\\CODE" "rt-thread/components/finsh\\finsh.h"
	.section	.text.finsh_heap_init,"ax",%progbits
	.hidden	finsh_heap_init                 @ -- Begin function finsh_heap_init
	.globl	finsh_heap_init
	.p2align	3
	.type	finsh_heap_init,%function
	.code	16                              @ @finsh_heap_init
	.thumb_func
finsh_heap_init:
.Lfunc_begin0:
	.loc	2 37 0                          @ rt-thread/components/finsh/finsh_heap.c:37:0
	.fnstart
	.cfi_sections .debug_frame
	.cfi_startproc
@ %bb.0:
	.save	{r4, lr}
	push	{r4, lr}
	.cfi_def_cfa_offset 8
	.cfi_offset lr, -4
	.cfi_offset r4, -8
.Ltmp0:
	.loc	2 39 5 prologue_end             @ rt-thread/components/finsh/finsh_heap.c:39:5
	movw	r4, :lower16:finsh_heap
	movs	r1, #128
	movt	r4, :upper16:finsh_heap
	mov	r0, r4
	bl	__aeabi_memclr4
	.loc	2 42 25                         @ rt-thread/components/finsh/finsh_heap.c:42:25
	movw	r0, :lower16:free_list
	.loc	2 46 25                         @ rt-thread/components/finsh/finsh_heap.c:46:25
	movw	r2, :lower16:allocate_list
	.loc	2 42 25                         @ rt-thread/components/finsh/finsh_heap.c:42:25
	movt	r0, :upper16:free_list
	.loc	2 46 25                         @ rt-thread/components/finsh/finsh_heap.c:46:25
	movt	r2, :upper16:allocate_list
	movs	r1, #0
	.loc	2 44 25                         @ rt-thread/components/finsh/finsh_heap.c:44:25
	str	r1, [r4, #4]
	.loc	2 42 25                         @ rt-thread/components/finsh/finsh_heap.c:42:25
	str	r4, [r0]
	movs	r0, #120
	.loc	2 43 25                         @ rt-thread/components/finsh/finsh_heap.c:43:25
	str	r0, [r4]
	.loc	2 48 5                          @ rt-thread/components/finsh/finsh_heap.c:48:5
	movs	r0, #0
	.loc	2 46 25                         @ rt-thread/components/finsh/finsh_heap.c:46:25
	str	r1, [r2]
	.loc	2 48 5                          @ rt-thread/components/finsh/finsh_heap.c:48:5
	pop	{r4, pc}
.Ltmp1:
.Lfunc_end0:
	.size	finsh_heap_init, .Lfunc_end0-finsh_heap_init
	.cfi_endproc
	.cantunwind
	.fnend
                                        @ -- End function
	.section	.text.finsh_heap_allocate,"ax",%progbits
	.hidden	finsh_heap_allocate             @ -- Begin function finsh_heap_allocate
	.globl	finsh_heap_allocate
	.p2align	3
	.type	finsh_heap_allocate,%function
	.code	16                              @ @finsh_heap_allocate
	.thumb_func
finsh_heap_allocate:
.Lfunc_begin1:
	.loc	2 55 0                          @ rt-thread/components/finsh/finsh_heap.c:55:0
	.fnstart
	.cfi_startproc
@ %bb.0:
	@DEBUG_VALUE: finsh_heap_allocate:size <- $r0
	.save	{r4, r5, r6, lr}
	push	{r4, r5, r6, lr}
	.cfi_def_cfa_offset 16
	.cfi_offset lr, -4
	.cfi_offset r6, -8
	.cfi_offset r5, -12
	.cfi_offset r4, -16
.Ltmp2:
	.loc	2 0 0 prologue_end              @ rt-thread/components/finsh/finsh_heap.c:0:0
	movw	r6, :lower16:free_list
.Ltmp3:
	.loc	2 58 12                         @ rt-thread/components/finsh/finsh_heap.c:58:12
	adds	r0, #3
.Ltmp4:
	@DEBUG_VALUE: finsh_heap_allocate:size <- [DW_OP_LLVM_entry_value 1] $r0
	.loc	2 0 0 is_stmt 0                 @ rt-thread/components/finsh/finsh_heap.c:0:0
	movt	r6, :upper16:free_list
.Ltmp5:
	@DEBUG_VALUE: finsh_heap_allocate:size <- $r0
	.loc	2 58 12                         @ rt-thread/components/finsh/finsh_heap.c:58:12
	bic	r4, r0, #3
.Ltmp6:
	@DEBUG_VALUE: finsh_heap_allocate:header <- undef
	@DEBUG_VALUE: finsh_heap_allocate:size <- $r4
	.loc	2 0 0                           @ rt-thread/components/finsh/finsh_heap.c:0:0
	ldr	r5, [r6]
.Ltmp7:
	@DEBUG_VALUE: finsh_heap_allocate:header <- $r5
	.loc	2 62 27 is_stmt 1               @ rt-thread/components/finsh/finsh_heap.c:62:27
	cbz	r5, .LBB1_4
.Ltmp8:
@ %bb.1:
	@DEBUG_VALUE: finsh_heap_allocate:header <- $r5
	@DEBUG_VALUE: finsh_heap_allocate:size <- $r4
	.loc	2 0 27 is_stmt 0                @ rt-thread/components/finsh/finsh_heap.c:0:27
	add.w	r0, r4, #8
.Ltmp9:
	.p2align	2
.LBB1_2:                                @ =>This Inner Loop Header: Depth=1
	@DEBUG_VALUE: finsh_heap_allocate:header <- $r5
	@DEBUG_VALUE: finsh_heap_allocate:size <- $r4
	.loc	2 62 39                         @ rt-thread/components/finsh/finsh_heap.c:62:39
	ldr	r1, [r5]
.Ltmp10:
	.loc	2 61 5 is_stmt 1                @ rt-thread/components/finsh/finsh_heap.c:61:5
	cmp	r1, r0
	bhi	.LBB1_9
.Ltmp11:
@ %bb.3:                                @   in Loop: Header=BB1_2 Depth=1
	@DEBUG_VALUE: finsh_heap_allocate:header <- $r5
	@DEBUG_VALUE: finsh_heap_allocate:size <- $r4
	@DEBUG_VALUE: finsh_heap_allocate:header <- undef
	.loc	2 0 0 is_stmt 0                 @ rt-thread/components/finsh/finsh_heap.c:0:0
	ldr	r5, [r5, #4]
.Ltmp12:
	@DEBUG_VALUE: finsh_heap_allocate:header <- $r5
	.loc	2 62 27 is_stmt 1               @ rt-thread/components/finsh/finsh_heap.c:62:27
	cmp	r5, #0
	bne	.LBB1_2
.Ltmp13:
.LBB1_4:
	@DEBUG_VALUE: finsh_heap_allocate:header <- $r5
	@DEBUG_VALUE: finsh_heap_allocate:size <- $r4
	.loc	2 67 9                          @ rt-thread/components/finsh/finsh_heap.c:67:9
	bl	finsh_heap_gc
.Ltmp14:
	@DEBUG_VALUE: finsh_heap_allocate:header <- undef
	.loc	2 0 0 is_stmt 0                 @ rt-thread/components/finsh/finsh_heap.c:0:0
	ldr	r5, [r6]
.Ltmp15:
	@DEBUG_VALUE: finsh_heap_allocate:header <- $r5
	.loc	2 71 31 is_stmt 1               @ rt-thread/components/finsh/finsh_heap.c:71:31
	cbz	r5, .LBB1_8
.Ltmp16:
@ %bb.5:
	@DEBUG_VALUE: finsh_heap_allocate:header <- $r5
	@DEBUG_VALUE: finsh_heap_allocate:size <- $r4
	.loc	2 0 31 is_stmt 0                @ rt-thread/components/finsh/finsh_heap.c:0:31
	add.w	r0, r4, #8
.Ltmp17:
	.p2align	2
.LBB1_6:                                @ =>This Inner Loop Header: Depth=1
	@DEBUG_VALUE: finsh_heap_allocate:header <- $r5
	@DEBUG_VALUE: finsh_heap_allocate:size <- $r4
	.loc	2 71 43                         @ rt-thread/components/finsh/finsh_heap.c:71:43
	ldr	r1, [r5]
.Ltmp18:
	.loc	2 70 9 is_stmt 1                @ rt-thread/components/finsh/finsh_heap.c:70:9
	cmp	r1, r0
	bhs	.LBB1_9
.Ltmp19:
@ %bb.7:                                @   in Loop: Header=BB1_6 Depth=1
	@DEBUG_VALUE: finsh_heap_allocate:header <- $r5
	@DEBUG_VALUE: finsh_heap_allocate:size <- $r4
	@DEBUG_VALUE: finsh_heap_allocate:header <- undef
	.loc	2 0 0 is_stmt 0                 @ rt-thread/components/finsh/finsh_heap.c:0:0
	ldr	r5, [r5, #4]
.Ltmp20:
	@DEBUG_VALUE: finsh_heap_allocate:header <- $r5
	.loc	2 71 31 is_stmt 1               @ rt-thread/components/finsh/finsh_heap.c:71:31
	cmp	r5, #0
	bne	.LBB1_6
.Ltmp21:
.LBB1_8:
	@DEBUG_VALUE: finsh_heap_allocate:header <- $r5
	@DEBUG_VALUE: finsh_heap_allocate:size <- $r4
	.loc	2 0 31 is_stmt 0                @ rt-thread/components/finsh/finsh_heap.c:0:31
	movs	r0, #0
	.loc	2 91 1 is_stmt 1                @ rt-thread/components/finsh/finsh_heap.c:91:1
	pop	{r4, r5, r6, pc}
.Ltmp22:
.LBB1_9:
	@DEBUG_VALUE: finsh_heap_allocate:header <- $r5
	@DEBUG_VALUE: finsh_heap_allocate:size <- $r4
	@DEBUG_VALUE: finsh_heap_allocate:header <- $r5
	.loc	2 79 5                          @ rt-thread/components/finsh/finsh_heap.c:79:5
	mov	r0, r5
	mov	r1, r4
	bl	finsh_block_split
	.loc	2 82 5                          @ rt-thread/components/finsh/finsh_heap.c:82:5
	movw	r0, :lower16:free_list
	mov	r1, r5
	movt	r0, :upper16:free_list
	bl	finsh_block_remove
	movs	r0, #0
	.loc	2 83 18                         @ rt-thread/components/finsh/finsh_heap.c:83:18
	str	r0, [r5, #4]
	.loc	2 86 5                          @ rt-thread/components/finsh/finsh_heap.c:86:5
	movw	r0, :lower16:allocate_list
	mov	r1, r5
	movt	r0, :upper16:allocate_list
	bl	finsh_block_insert
	.loc	2 88 12                         @ rt-thread/components/finsh/finsh_heap.c:88:12
	adds	r5, #8
.Ltmp23:
	.loc	2 88 5 is_stmt 0                @ rt-thread/components/finsh/finsh_heap.c:88:5
	mov	r1, r4
	mov	r0, r5
	bl	__aeabi_memclr
	.loc	2 91 1 is_stmt 1                @ rt-thread/components/finsh/finsh_heap.c:91:1
	mov	r0, r5
	pop	{r4, r5, r6, pc}
.Ltmp24:
.Lfunc_end1:
	.size	finsh_heap_allocate, .Lfunc_end1-finsh_heap_allocate
	.cfi_endproc
	.cantunwind
	.fnend
                                        @ -- End function
	.section	.text.finsh_heap_gc,"ax",%progbits
	.p2align	3                               @ -- Begin function finsh_heap_gc
	.type	finsh_heap_gc,%function
	.code	16                              @ @finsh_heap_gc
	.thumb_func
finsh_heap_gc:
.Lfunc_begin2:
	.loc	2 115 0                         @ rt-thread/components/finsh/finsh_heap.c:115:0
	.fnstart
	.cfi_startproc
@ %bb.0:
	.save	{r4, r5, r7, lr}
	push	{r4, r5, r7, lr}
	.cfi_def_cfa_offset 16
	.cfi_offset lr, -4
	.cfi_offset r7, -8
	.cfi_offset r5, -12
	.cfi_offset r4, -16
.Ltmp25:
	@DEBUG_VALUE: finsh_heap_gc:temp <- 0
	.loc	2 122 19 prologue_end           @ rt-thread/components/finsh/finsh_heap.c:122:19
	movw	r0, :lower16:allocate_list
	movt	r0, :upper16:allocate_list
	ldr	r4, [r0]
.Ltmp26:
	@DEBUG_VALUE: finsh_heap_gc:header <- $r4
	.loc	2 122 5 is_stmt 0               @ rt-thread/components/finsh/finsh_heap.c:122:5
	cmp	r4, #0
.Ltmp27:
	.loc	2 142 1 is_stmt 1               @ rt-thread/components/finsh/finsh_heap.c:142:1
	it	eq
	popeq	{r4, r5, r7, pc}
.Ltmp28:
.LBB2_1:
	@DEBUG_VALUE: finsh_heap_gc:temp <- 0
	.loc	2 0 1 is_stmt 0                 @ rt-thread/components/finsh/finsh_heap.c:0:1
	movw	r0, :lower16:global_variable
	movt	r0, :upper16:global_variable
	add.w	r5, r0, #17
	b	.LBB2_3
.Ltmp29:
	.p2align	2
.LBB2_2:                                @   in Loop: Header=BB2_3 Depth=1
	@DEBUG_VALUE: finsh_heap_gc:header <- $r4
	@DEBUG_VALUE: finsh_heap_gc:header <- $r4
	.loc	2 122 5 is_stmt 1               @ rt-thread/components/finsh/finsh_heap.c:122:5
	cbz	r4, .LBB2_10
.Ltmp30:
.LBB2_3:                                @ =>This Loop Header: Depth=1
                                        @     Child Loop BB2_5 Depth 2
	@DEBUG_VALUE: finsh_heap_gc:header <- $r4
	@DEBUG_VALUE: finsh_heap_gc:i <- 0
	.loc	2 0 5 is_stmt 0                 @ rt-thread/components/finsh/finsh_heap.c:0:5
	add.w	r0, r4, #8
	movs	r1, #0
	mov	r2, r5
	b	.LBB2_5
.Ltmp31:
	.p2align	2
.LBB2_4:                                @   in Loop: Header=BB2_5 Depth=2
	@DEBUG_VALUE: finsh_heap_gc:header <- $r4
	@DEBUG_VALUE: finsh_heap_gc:i <- $r1
	.loc	2 124 47 is_stmt 1              @ rt-thread/components/finsh/finsh_heap.c:124:47
	adds	r1, #1
.Ltmp32:
	@DEBUG_VALUE: finsh_heap_gc:i <- $r1
	.loc	2 124 23 is_stmt 0              @ rt-thread/components/finsh/finsh_heap.c:124:23
	adds	r2, #24
.Ltmp33:
	.loc	2 124 9                         @ rt-thread/components/finsh/finsh_heap.c:124:9
	cmp	r1, #8
	beq	.LBB2_7
.Ltmp34:
.LBB2_5:                                @   Parent Loop BB2_3 Depth=1
                                        @ =>  This Inner Loop Header: Depth=2
	@DEBUG_VALUE: finsh_heap_gc:header <- $r4
	@DEBUG_VALUE: finsh_heap_gc:i <- $r1
	.loc	2 126 36 is_stmt 1              @ rt-thread/components/finsh/finsh_heap.c:126:36
	ldrb	r3, [r2]
.Ltmp35:
	.loc	2 126 17 is_stmt 0              @ rt-thread/components/finsh/finsh_heap.c:126:17
	cmp	r3, #0
	beq	.LBB2_4
.Ltmp36:
@ %bb.6:                                @   in Loop: Header=BB2_5 Depth=2
	@DEBUG_VALUE: finsh_heap_gc:header <- $r4
	@DEBUG_VALUE: finsh_heap_gc:i <- $r1
	.loc	2 128 46 is_stmt 1              @ rt-thread/components/finsh/finsh_heap.c:128:46
	ldr.w	r3, [r2, #3]
.Ltmp37:
	.loc	2 128 21 is_stmt 0              @ rt-thread/components/finsh/finsh_heap.c:128:21
	cmp	r3, r0
	bne	.LBB2_4
	b	.LBB2_8
.Ltmp38:
	.p2align	2
.LBB2_7:                                @   in Loop: Header=BB2_3 Depth=1
	@DEBUG_VALUE: finsh_heap_gc:header <- $r4
	@DEBUG_VALUE: finsh_heap_gc:i <- $r1
	.loc	2 0 21                          @ rt-thread/components/finsh/finsh_heap.c:0:21
	movs	r1, #8
.Ltmp39:
.LBB2_8:                                @   in Loop: Header=BB2_3 Depth=1
	@DEBUG_VALUE: finsh_heap_gc:header <- $r4
	@DEBUG_VALUE: finsh_heap_gc:temp <- $r4
	.loc	2 137 13 is_stmt 1              @ rt-thread/components/finsh/finsh_heap.c:137:13
	cmp	r1, #8
	.loc	2 134 26                        @ rt-thread/components/finsh/finsh_heap.c:134:26
	ldr	r4, [r4, #4]
.Ltmp40:
	@DEBUG_VALUE: finsh_heap_gc:header <- $r4
	.loc	2 137 13                        @ rt-thread/components/finsh/finsh_heap.c:137:13
	bne	.LBB2_2
.Ltmp41:
@ %bb.9:                                @   in Loop: Header=BB2_3 Depth=1
	@DEBUG_VALUE: finsh_heap_gc:header <- $r4
	.loc	2 139 13                        @ rt-thread/components/finsh/finsh_heap.c:139:13
	bl	finsh_heap_free
	b	.LBB2_2
.Ltmp42:
.LBB2_10:
	@DEBUG_VALUE: finsh_heap_gc:header <- $r4
	.loc	2 142 1                         @ rt-thread/components/finsh/finsh_heap.c:142:1
	pop	{r4, r5, r7, pc}
.Ltmp43:
.Lfunc_end2:
	.size	finsh_heap_gc, .Lfunc_end2-finsh_heap_gc
	.cfi_endproc
	.cantunwind
	.fnend
                                        @ -- End function
	.section	.text.finsh_block_split,"ax",%progbits
	.p2align	3                               @ -- Begin function finsh_block_split
	.type	finsh_block_split,%function
	.code	16                              @ @finsh_block_split
	.thumb_func
finsh_block_split:
.Lfunc_begin3:
	.loc	2 214 0                         @ rt-thread/components/finsh/finsh_heap.c:214:0
	.fnstart
	.cfi_startproc
@ %bb.0:
	@DEBUG_VALUE: finsh_block_split:header <- $r0
	@DEBUG_VALUE: finsh_block_split:header <- $r0
	@DEBUG_VALUE: finsh_block_split:size <- $r1
	@DEBUG_VALUE: finsh_block_split:size <- $r1
	.loc	2 221 12 prologue_end           @ rt-thread/components/finsh/finsh_heap.c:221:12
	adds	r2, r0, r1
	.loc	2 222 28                        @ rt-thread/components/finsh/finsh_heap.c:222:28
	ldr	r3, [r0]
	.loc	2 222 71 is_stmt 0              @ rt-thread/components/finsh/finsh_heap.c:222:71
	subs	r3, r3, r1
	subs	r3, #8
	.loc	2 222 18                        @ rt-thread/components/finsh/finsh_heap.c:222:18
	str	r3, [r2, #8]!
.Ltmp44:
	@DEBUG_VALUE: finsh_block_split:next <- $r2
	.loc	2 223 20 is_stmt 1              @ rt-thread/components/finsh/finsh_heap.c:223:20
	str	r1, [r0]
	.loc	2 224 26                        @ rt-thread/components/finsh/finsh_heap.c:224:26
	ldr	r1, [r0, #4]
.Ltmp45:
	@DEBUG_VALUE: finsh_block_split:size <- [DW_OP_LLVM_entry_value 1] $r1
	.loc	2 224 16 is_stmt 0              @ rt-thread/components/finsh/finsh_heap.c:224:16
	str	r1, [r2, #4]
	.loc	2 226 18 is_stmt 1              @ rt-thread/components/finsh/finsh_heap.c:226:18
	str	r2, [r0, #4]
	.loc	2 227 1                         @ rt-thread/components/finsh/finsh_heap.c:227:1
	bx	lr
.Ltmp46:
.Lfunc_end3:
	.size	finsh_block_split, .Lfunc_end3-finsh_block_split
	.cfi_endproc
	.cantunwind
	.fnend
                                        @ -- End function
	.section	.text.finsh_block_remove,"ax",%progbits
	.p2align	3                               @ -- Begin function finsh_block_remove
	.type	finsh_block_remove,%function
	.code	16                              @ @finsh_block_remove
	.thumb_func
finsh_block_remove:
.Lfunc_begin4:
	.loc	2 187 0                         @ rt-thread/components/finsh/finsh_heap.c:187:0
	.fnstart
	.cfi_startproc
@ %bb.0:
	@DEBUG_VALUE: finsh_block_remove:list <- $r0
	@DEBUG_VALUE: finsh_block_remove:list <- $r0
	@DEBUG_VALUE: finsh_block_remove:header <- $r1
	.loc	2 190 12 prologue_end           @ rt-thread/components/finsh/finsh_heap.c:190:12
	ldr	r2, [r0]
.Ltmp47:
	@DEBUG_VALUE: finsh_block_remove:node <- $r2
	@DEBUG_VALUE: finsh_block_remove:header <- $r1
	.loc	2 191 9                         @ rt-thread/components/finsh/finsh_heap.c:191:9
	cmp	r2, r1
	beq	.LBB4_5
.Ltmp48:
	.p2align	2
.LBB4_1:                                @ =>This Inner Loop Header: Depth=1
	@DEBUG_VALUE: finsh_block_remove:header <- $r1
	@DEBUG_VALUE: finsh_block_remove:node <- $r2
	.loc	2 200 5                         @ rt-thread/components/finsh/finsh_heap.c:200:5
	cbz	r2, .LBB4_4
.Ltmp49:
@ %bb.2:                                @   in Loop: Header=BB4_1 Depth=1
	@DEBUG_VALUE: finsh_block_remove:node <- $r2
	@DEBUG_VALUE: finsh_block_remove:header <- $r1
	.loc	2 0 0 is_stmt 0                 @ rt-thread/components/finsh/finsh_heap.c:0:0
	mov	r0, r2
.Ltmp50:
	@DEBUG_VALUE: finsh_block_remove:list <- [DW_OP_LLVM_entry_value 1] $r0
	@DEBUG_VALUE: finsh_block_remove:node <- $r0
	.loc	2 202 19 is_stmt 1              @ rt-thread/components/finsh/finsh_heap.c:202:19
	ldr	r2, [r2, #4]
.Ltmp51:
	.loc	2 202 13 is_stmt 0              @ rt-thread/components/finsh/finsh_heap.c:202:13
	cmp	r2, r1
	bne	.LBB4_1
.Ltmp52:
@ %bb.3:
	@DEBUG_VALUE: finsh_block_remove:header <- $r1
	@DEBUG_VALUE: finsh_block_remove:node <- $r0
	.loc	2 204 34 is_stmt 1              @ rt-thread/components/finsh/finsh_heap.c:204:34
	ldr	r1, [r1, #4]
.Ltmp53:
	@DEBUG_VALUE: finsh_block_remove:header <- [DW_OP_LLVM_entry_value 1] $r1
	@DEBUG_VALUE: finsh_block_remove:header <- [DW_OP_LLVM_entry_value 1] $r1
	.loc	2 204 24 is_stmt 0              @ rt-thread/components/finsh/finsh_heap.c:204:24
	str	r1, [r0, #4]
.Ltmp54:
.LBB4_4:
	.loc	2 208 1 is_stmt 1               @ rt-thread/components/finsh/finsh_heap.c:208:1
	bx	lr
.LBB4_5:
.Ltmp55:
	@DEBUG_VALUE: finsh_block_remove:node <- $r2
	@DEBUG_VALUE: finsh_block_remove:header <- $r1
	@DEBUG_VALUE: finsh_block_remove:list <- $r0
	.loc	2 194 25                        @ rt-thread/components/finsh/finsh_heap.c:194:25
	ldr	r2, [r1, #4]
.Ltmp56:
	.loc	2 194 15 is_stmt 0              @ rt-thread/components/finsh/finsh_heap.c:194:15
	str	r2, [r0]
	movs	r0, #0
.Ltmp57:
	@DEBUG_VALUE: finsh_block_remove:list <- [DW_OP_LLVM_entry_value 1] $r0
	.loc	2 195 22 is_stmt 1              @ rt-thread/components/finsh/finsh_heap.c:195:22
	str	r0, [r1, #4]
.Ltmp58:
	.loc	2 208 1                         @ rt-thread/components/finsh/finsh_heap.c:208:1
	bx	lr
.Ltmp59:
.Lfunc_end4:
	.size	finsh_block_remove, .Lfunc_end4-finsh_block_remove
	.cfi_endproc
	.cantunwind
	.fnend
                                        @ -- End function
	.section	.text.finsh_block_insert,"ax",%progbits
	.p2align	3                               @ -- Begin function finsh_block_insert
	.type	finsh_block_insert,%function
	.code	16                              @ @finsh_block_insert
	.thumb_func
finsh_block_insert:
.Lfunc_begin5:
	.loc	2 148 0                         @ rt-thread/components/finsh/finsh_heap.c:148:0
	.fnstart
	.cfi_startproc
@ %bb.0:
	@DEBUG_VALUE: finsh_block_insert:list <- $r0
	@DEBUG_VALUE: finsh_block_insert:list <- $r0
	@DEBUG_VALUE: finsh_block_insert:header <- $r1
	.loc	2 151 9 prologue_end            @ rt-thread/components/finsh/finsh_heap.c:151:9
	ldr	r2, [r0]
.Ltmp60:
	@DEBUG_VALUE: finsh_block_insert:header <- $r1
	.loc	2 151 9 is_stmt 0               @ rt-thread/components/finsh/finsh_heap.c:151:9
	cbz	r2, .LBB5_6
.Ltmp61:
@ %bb.1:
	@DEBUG_VALUE: finsh_block_insert:header <- $r1
	@DEBUG_VALUE: finsh_block_insert:list <- $r0
	@DEBUG_VALUE: finsh_block_insert:node <- $r2
	.loc	2 160 9 is_stmt 1               @ rt-thread/components/finsh/finsh_heap.c:160:9
	cmp	r2, r1
	bls	.LBB5_3
.Ltmp62:
@ %bb.2:
	@DEBUG_VALUE: finsh_block_insert:node <- $r2
	@DEBUG_VALUE: finsh_block_insert:header <- $r1
	@DEBUG_VALUE: finsh_block_insert:list <- $r0
	.loc	2 163 22                        @ rt-thread/components/finsh/finsh_heap.c:163:22
	str	r2, [r1, #4]
.Ltmp63:
	.loc	2 0 0 is_stmt 0                 @ rt-thread/components/finsh/finsh_heap.c:0:0
	str	r1, [r0]
	.loc	2 181 1 is_stmt 1               @ rt-thread/components/finsh/finsh_heap.c:181:1
	bx	lr
.Ltmp64:
	.p2align	2
.LBB5_3:                                @ =>This Inner Loop Header: Depth=1
	@DEBUG_VALUE: finsh_block_insert:header <- $r1
	.loc	2 0 0 is_stmt 0                 @ rt-thread/components/finsh/finsh_heap.c:0:0
	mov	r0, r2
.Ltmp65:
	@DEBUG_VALUE: finsh_block_insert:list <- [DW_OP_LLVM_entry_value 1] $r0
	@DEBUG_VALUE: finsh_block_insert:node <- $r0
	.loc	2 172 23 is_stmt 1              @ rt-thread/components/finsh/finsh_heap.c:172:23
	ldr	r2, [r2, #4]
.Ltmp66:
	.loc	2 172 17 is_stmt 0              @ rt-thread/components/finsh/finsh_heap.c:172:17
	cmp	r2, r1
	bhi	.LBB5_5
.Ltmp67:
@ %bb.4:                                @   in Loop: Header=BB5_3 Depth=1
	@DEBUG_VALUE: finsh_block_insert:header <- $r1
	@DEBUG_VALUE: finsh_block_insert:node <- $r0
	cmp	r2, #0
	bne	.LBB5_3
.Ltmp68:
.LBB5_5:
	@DEBUG_VALUE: finsh_block_insert:header <- $r1
	@DEBUG_VALUE: finsh_block_insert:node <- $r0
	.loc	2 172 23                        @ rt-thread/components/finsh/finsh_heap.c:172:23
	adds	r0, #4
.Ltmp69:
	.loc	2 179 9 is_stmt 1               @ rt-thread/components/finsh/finsh_heap.c:179:9
	cmp	r2, #0
.Ltmp70:
	.loc	2 179 42 is_stmt 0              @ rt-thread/components/finsh/finsh_heap.c:179:42
	it	ne
	strne	r2, [r1, #4]
.Ltmp71:
.LBB5_6:
	@DEBUG_VALUE: finsh_block_insert:header <- $r1
	.loc	2 0 0                           @ rt-thread/components/finsh/finsh_heap.c:0:0
	str	r1, [r0]
	.loc	2 181 1 is_stmt 1               @ rt-thread/components/finsh/finsh_heap.c:181:1
	bx	lr
.Ltmp72:
.Lfunc_end5:
	.size	finsh_block_insert, .Lfunc_end5-finsh_block_insert
	.cfi_endproc
	.cantunwind
	.fnend
                                        @ -- End function
	.section	.text.finsh_heap_free,"ax",%progbits
	.hidden	finsh_heap_free                 @ -- Begin function finsh_heap_free
	.globl	finsh_heap_free
	.p2align	3
	.type	finsh_heap_free,%function
	.code	16                              @ @finsh_heap_free
	.thumb_func
finsh_heap_free:
.Lfunc_begin6:
	.loc	2 97 0                          @ rt-thread/components/finsh/finsh_heap.c:97:0
	.fnstart
	.cfi_startproc
@ %bb.0:
	@DEBUG_VALUE: finsh_heap_free:ptr <- $r0
	@DEBUG_VALUE: finsh_heap_free:ptr <- $r0
	.save	{r4, lr}
	push	{r4, lr}
	.cfi_def_cfa_offset 8
	.cfi_offset lr, -4
	.cfi_offset r4, -8
.Ltmp73:
	.loc	2 101 14 prologue_end           @ rt-thread/components/finsh/finsh_heap.c:101:14
	sub.w	r4, r0, #8
.Ltmp74:
	@DEBUG_VALUE: finsh_heap_free:header <- $r4
	.loc	2 104 5                         @ rt-thread/components/finsh/finsh_heap.c:104:5
	movw	r0, :lower16:allocate_list
.Ltmp75:
	@DEBUG_VALUE: finsh_heap_free:ptr <- [DW_OP_LLVM_entry_value 1] $r0
	movt	r0, :upper16:allocate_list
	mov	r1, r4
	bl	finsh_block_remove
	.loc	2 107 5                         @ rt-thread/components/finsh/finsh_heap.c:107:5
	movw	r0, :lower16:free_list
	mov	r1, r4
	movt	r0, :upper16:free_list
	bl	finsh_block_insert
	.loc	2 108 5                         @ rt-thread/components/finsh/finsh_heap.c:108:5
	mov	r0, r4
	bl	finsh_block_merge
	.loc	2 109 1                         @ rt-thread/components/finsh/finsh_heap.c:109:1
	pop	{r4, pc}
.Ltmp76:
.Lfunc_end6:
	.size	finsh_heap_free, .Lfunc_end6-finsh_heap_free
	.cfi_endproc
	.cantunwind
	.fnend
                                        @ -- End function
	.section	.text.finsh_block_merge,"ax",%progbits
	.p2align	3                               @ -- Begin function finsh_block_merge
	.type	finsh_block_merge,%function
	.code	16                              @ @finsh_block_merge
	.thumb_func
finsh_block_merge:
.Lfunc_begin7:
	.loc	2 230 0                         @ rt-thread/components/finsh/finsh_heap.c:230:0
	.fnstart
	.cfi_startproc
@ %bb.0:
	@DEBUG_VALUE: finsh_block_merge:header <- $r0
	.save	{r7, lr}
	push	{r7, lr}
	.cfi_def_cfa_offset 8
	.cfi_offset lr, -4
	.cfi_offset r7, -8
.Ltmp77:
	.loc	2 236 9 prologue_end            @ rt-thread/components/finsh/finsh_heap.c:236:9
	movw	r1, :lower16:free_list
.Ltmp78:
	.loc	2 234 25                        @ rt-thread/components/finsh/finsh_heap.c:234:25
	ldr.w	lr, [r0, #4]
.Ltmp79:
	@DEBUG_VALUE: finsh_block_merge:next_node <- $lr
	.loc	2 236 9                         @ rt-thread/components/finsh/finsh_heap.c:236:9
	movt	r1, :upper16:free_list
.Ltmp80:
	@DEBUG_VALUE: finsh_block_merge:list <- $r1
	ldr	r3, [r1]
.Ltmp81:
	@DEBUG_VALUE: finsh_block_merge:header <- $r0
	.loc	2 236 9 is_stmt 0               @ rt-thread/components/finsh/finsh_heap.c:236:9
	cmp	r3, r0
	beq	.LBB7_3
.Ltmp82:
	.p2align	2
.LBB7_1:                                @ =>This Inner Loop Header: Depth=1
	@DEBUG_VALUE: finsh_block_merge:list <- $r1
	@DEBUG_VALUE: finsh_block_merge:header <- $r0
	@DEBUG_VALUE: finsh_block_merge:next_node <- $lr
	@DEBUG_VALUE: finsh_block_merge:prev_node <- $r3
	.loc	2 240 9 is_stmt 1               @ rt-thread/components/finsh/finsh_heap.c:240:9
	cbz	r3, .LBB7_5
.Ltmp83:
@ %bb.2:                                @   in Loop: Header=BB7_1 Depth=1
	@DEBUG_VALUE: finsh_block_merge:prev_node <- $r3
	@DEBUG_VALUE: finsh_block_merge:list <- $r1
	@DEBUG_VALUE: finsh_block_merge:header <- $r0
	@DEBUG_VALUE: finsh_block_merge:next_node <- $lr
	.loc	2 0 0 is_stmt 0                 @ rt-thread/components/finsh/finsh_heap.c:0:0
	mov	r2, r3
.Ltmp84:
	@DEBUG_VALUE: finsh_block_merge:prev_node <- $r2
	.loc	2 242 28 is_stmt 1              @ rt-thread/components/finsh/finsh_heap.c:242:28
	ldr	r3, [r3, #4]
.Ltmp85:
	.loc	2 242 17 is_stmt 0              @ rt-thread/components/finsh/finsh_heap.c:242:17
	cmp	r3, r0
	bne	.LBB7_1
	b	.LBB7_4
.Ltmp86:
.LBB7_3:
	@DEBUG_VALUE: finsh_block_merge:list <- $r1
	@DEBUG_VALUE: finsh_block_merge:header <- $r0
	@DEBUG_VALUE: finsh_block_merge:next_node <- $lr
	.loc	2 0 17                          @ rt-thread/components/finsh/finsh_heap.c:0:17
	movs	r2, #0
.Ltmp87:
.LBB7_4:
	@DEBUG_VALUE: finsh_block_merge:list <- $r1
	@DEBUG_VALUE: finsh_block_merge:header <- $r0
	@DEBUG_VALUE: finsh_block_merge:next_node <- $lr
	@DEBUG_VALUE: finsh_block_merge:prev_node <- $r2
	.loc	2 250 27 is_stmt 1              @ rt-thread/components/finsh/finsh_heap.c:250:27
	cbnz	r2, .LBB7_6
	b	.LBB7_7
.Ltmp88:
.LBB7_5:
	@DEBUG_VALUE: finsh_block_merge:prev_node <- $r3
	@DEBUG_VALUE: finsh_block_merge:list <- $r1
	@DEBUG_VALUE: finsh_block_merge:header <- $r0
	@DEBUG_VALUE: finsh_block_merge:next_node <- $lr
	.loc	2 0 27 is_stmt 0                @ rt-thread/components/finsh/finsh_heap.c:0:27
	movs	r2, #0
.Ltmp89:
	@DEBUG_VALUE: finsh_block_merge:prev_node <- $r2
	.loc	2 250 27                        @ rt-thread/components/finsh/finsh_heap.c:250:27
	cbz	r2, .LBB7_7
.Ltmp90:
.LBB7_6:
	@DEBUG_VALUE: finsh_block_merge:prev_node <- $r2
	@DEBUG_VALUE: finsh_block_merge:list <- $r1
	@DEBUG_VALUE: finsh_block_merge:header <- $r0
	@DEBUG_VALUE: finsh_block_merge:next_node <- $lr
	.loc	2 251 43 is_stmt 1              @ rt-thread/components/finsh/finsh_heap.c:251:43
	ldr	r3, [r2]
	.loc	2 251 30 is_stmt 0              @ rt-thread/components/finsh/finsh_heap.c:251:30
	adds	r1, r2, r3
.Ltmp91:
	.loc	2 251 50                        @ rt-thread/components/finsh/finsh_heap.c:251:50
	adds	r1, #8
.Ltmp92:
	.loc	2 250 9 is_stmt 1               @ rt-thread/components/finsh/finsh_heap.c:250:9
	cmp	r1, r0
	beq	.LBB7_11
.Ltmp93:
.LBB7_7:
	@DEBUG_VALUE: finsh_block_merge:prev_node <- $r2
	@DEBUG_VALUE: finsh_block_merge:header <- $r0
	@DEBUG_VALUE: finsh_block_merge:next_node <- $lr
	.loc	2 272 30                        @ rt-thread/components/finsh/finsh_heap.c:272:30
	cmp.w	lr, #0
	beq	.LBB7_10
.Ltmp94:
@ %bb.8:
	@DEBUG_VALUE: finsh_block_merge:prev_node <- $r2
	@DEBUG_VALUE: finsh_block_merge:header <- $r0
	@DEBUG_VALUE: finsh_block_merge:next_node <- $lr
	.loc	2 273 37                        @ rt-thread/components/finsh/finsh_heap.c:273:37
	ldr	r2, [r0]
.Ltmp95:
	.loc	2 273 27 is_stmt 0              @ rt-thread/components/finsh/finsh_heap.c:273:27
	adds	r1, r0, r2
	.loc	2 273 44                        @ rt-thread/components/finsh/finsh_heap.c:273:44
	adds	r1, #8
.Ltmp96:
	.loc	2 272 10 is_stmt 1              @ rt-thread/components/finsh/finsh_heap.c:272:10
	cmp	r1, lr
.Ltmp97:
	.loc	2 279 1                         @ rt-thread/components/finsh/finsh_heap.c:279:1
	it	ne
	popne	{r7, pc}
.Ltmp98:
.LBB7_9:
	@DEBUG_VALUE: finsh_block_merge:header <- $r0
	@DEBUG_VALUE: finsh_block_merge:next_node <- $lr
	.loc	2 276 38                        @ rt-thread/components/finsh/finsh_heap.c:276:38
	ldr.w	r1, [lr]
	.loc	2 276 45 is_stmt 0              @ rt-thread/components/finsh/finsh_heap.c:276:45
	add	r1, r2
	.loc	2 276 24                        @ rt-thread/components/finsh/finsh_heap.c:276:24
	adds	r1, #8
	str	r1, [r0]
	.loc	2 277 35 is_stmt 1              @ rt-thread/components/finsh/finsh_heap.c:277:35
	ldr.w	r1, [lr, #4]
	.loc	2 277 22 is_stmt 0              @ rt-thread/components/finsh/finsh_heap.c:277:22
	str	r1, [r0, #4]
.Ltmp99:
.LBB7_10:
	@DEBUG_VALUE: finsh_block_merge:header <- $r0
	@DEBUG_VALUE: finsh_block_merge:next_node <- $lr
	.loc	2 279 1 is_stmt 1               @ rt-thread/components/finsh/finsh_heap.c:279:1
	pop	{r7, pc}
.Ltmp100:
.LBB7_11:
	@DEBUG_VALUE: finsh_block_merge:prev_node <- $r2
	@DEBUG_VALUE: finsh_block_merge:header <- $r0
	@DEBUG_VALUE: finsh_block_merge:next_node <- $lr
	.loc	2 255 33                        @ rt-thread/components/finsh/finsh_heap.c:255:33
	cmp.w	lr, #0
	beq	.LBB7_13
.Ltmp101:
@ %bb.12:
	@DEBUG_VALUE: finsh_block_merge:prev_node <- $r2
	@DEBUG_VALUE: finsh_block_merge:header <- $r0
	@DEBUG_VALUE: finsh_block_merge:next_node <- $lr
	.loc	2 256 41                        @ rt-thread/components/finsh/finsh_heap.c:256:41
	ldr.w	r12, [r0]
	.loc	2 256 31 is_stmt 0              @ rt-thread/components/finsh/finsh_heap.c:256:31
	add.w	r1, r0, r12
	.loc	2 256 48                        @ rt-thread/components/finsh/finsh_heap.c:256:48
	adds	r1, #8
.Ltmp102:
	.loc	2 255 13 is_stmt 1              @ rt-thread/components/finsh/finsh_heap.c:255:13
	cmp	r1, lr
	beq	.LBB7_14
.Ltmp103:
.LBB7_13:
	@DEBUG_VALUE: finsh_block_merge:prev_node <- $r2
	@DEBUG_VALUE: finsh_block_merge:header <- $r0
	@DEBUG_VALUE: finsh_block_merge:next_node <- $lr
	.loc	2 267 42                        @ rt-thread/components/finsh/finsh_heap.c:267:42
	ldr	r0, [r0]
.Ltmp104:
	@DEBUG_VALUE: finsh_block_merge:header <- [DW_OP_LLVM_entry_value 1] $r0
	.loc	2 267 49 is_stmt 0              @ rt-thread/components/finsh/finsh_heap.c:267:49
	add	r0, r3
	.loc	2 267 31                        @ rt-thread/components/finsh/finsh_heap.c:267:31
	adds	r0, #8
	strd	r0, lr, [r2]
.Ltmp105:
	.loc	2 279 1 is_stmt 1               @ rt-thread/components/finsh/finsh_heap.c:279:1
	pop	{r7, pc}
.Ltmp106:
.LBB7_14:
	@DEBUG_VALUE: finsh_block_merge:prev_node <- $r2
	@DEBUG_VALUE: finsh_block_merge:header <- $r0
	@DEBUG_VALUE: finsh_block_merge:next_node <- $lr
	.loc	2 260 49                        @ rt-thread/components/finsh/finsh_heap.c:260:49
	add.w	r0, r3, r12
.Ltmp107:
	@DEBUG_VALUE: finsh_block_merge:header <- [DW_OP_LLVM_entry_value 1] $r0
	.loc	2 260 62 is_stmt 0              @ rt-thread/components/finsh/finsh_heap.c:260:62
	ldr.w	r1, [lr]
	.loc	2 260 69                        @ rt-thread/components/finsh/finsh_heap.c:260:69
	add	r0, r1
	.loc	2 260 31                        @ rt-thread/components/finsh/finsh_heap.c:260:31
	adds	r0, #16
	str	r0, [r2]
	.loc	2 263 42 is_stmt 1              @ rt-thread/components/finsh/finsh_heap.c:263:42
	ldr.w	r0, [lr, #4]
	.loc	2 263 29 is_stmt 0              @ rt-thread/components/finsh/finsh_heap.c:263:29
	str	r0, [r2, #4]
.Ltmp108:
	.loc	2 279 1 is_stmt 1               @ rt-thread/components/finsh/finsh_heap.c:279:1
	pop	{r7, pc}
.Ltmp109:
.Lfunc_end7:
	.size	finsh_block_merge, .Lfunc_end7-finsh_block_merge
	.cfi_endproc
	.cantunwind
	.fnend
                                        @ -- End function
	.hidden	finsh_heap                      @ @finsh_heap
	.type	finsh_heap,%object
	.section	.bss.finsh_heap,"aw",%nobits
	.globl	finsh_heap
	.p2align	2
finsh_heap:
	.zero	128
	.size	finsh_heap, 128

	.type	free_list,%object               @ @free_list
	.section	.bss.free_list,"aw",%nobits
	.p2align	2
free_list:
	.long	0
	.size	free_list, 4

	.type	allocate_list,%object           @ @allocate_list
	.section	.bss.allocate_list,"aw",%nobits
	.p2align	2
allocate_list:
	.long	0
	.size	allocate_list, 4

	.file	4 "D:\\Keil_v5\\ARM\\ARMCLANG\\Bin\\..\\include" "time.h"
	.section	.debug_loc,"",%progbits
.Ldebug_loc0:
	.long	-1
	.long	.Lfunc_begin1                   @   base address
	.long	.Lfunc_begin1-.Lfunc_begin1
	.long	.Ltmp4-.Lfunc_begin1
	.short	1                               @ Loc expr size
	.byte	80                              @ DW_OP_reg0
	.long	.Ltmp4-.Lfunc_begin1
	.long	.Ltmp5-.Lfunc_begin1
	.short	3                               @ Loc expr size
	.byte	163                             @ DW_OP_entry_value
	.byte	1                               @ 1
	.byte	80                              @ DW_OP_reg0
	.long	.Ltmp5-.Lfunc_begin1
	.long	.Ltmp6-.Lfunc_begin1
	.short	1                               @ Loc expr size
	.byte	80                              @ DW_OP_reg0
	.long	.Ltmp6-.Lfunc_begin1
	.long	.Ltmp24-.Lfunc_begin1
	.short	1                               @ Loc expr size
	.byte	84                              @ DW_OP_reg4
	.long	0
	.long	0
.Ldebug_loc1:
	.long	-1
	.long	.Lfunc_begin1                   @   base address
	.long	.Ltmp7-.Lfunc_begin1
	.long	.Ltmp11-.Lfunc_begin1
	.short	1                               @ Loc expr size
	.byte	85                              @ DW_OP_reg5
	.long	.Ltmp12-.Lfunc_begin1
	.long	.Ltmp14-.Lfunc_begin1
	.short	1                               @ Loc expr size
	.byte	85                              @ DW_OP_reg5
	.long	.Ltmp15-.Lfunc_begin1
	.long	.Ltmp19-.Lfunc_begin1
	.short	1                               @ Loc expr size
	.byte	85                              @ DW_OP_reg5
	.long	.Ltmp20-.Lfunc_begin1
	.long	.Ltmp23-.Lfunc_begin1
	.short	1                               @ Loc expr size
	.byte	85                              @ DW_OP_reg5
	.long	0
	.long	0
.Ldebug_loc2:
	.long	-1
	.long	.Lfunc_begin2                   @   base address
	.long	.Ltmp25-.Lfunc_begin2
	.long	.Ltmp29-.Lfunc_begin2
	.short	1                               @ Loc expr size
	.byte	48                              @ DW_OP_lit0
	.long	.Ltmp39-.Lfunc_begin2
	.long	.Ltmp40-.Lfunc_begin2
	.short	1                               @ Loc expr size
	.byte	84                              @ DW_OP_reg4
	.long	0
	.long	0
.Ldebug_loc3:
	.long	-1
	.long	.Lfunc_begin2                   @   base address
	.long	.Ltmp26-.Lfunc_begin2
	.long	.Ltmp28-.Lfunc_begin2
	.short	1                               @ Loc expr size
	.byte	84                              @ DW_OP_reg4
	.long	.Ltmp29-.Lfunc_begin2
	.long	.Ltmp43-.Lfunc_begin2
	.short	1                               @ Loc expr size
	.byte	84                              @ DW_OP_reg4
	.long	0
	.long	0
.Ldebug_loc4:
	.long	-1
	.long	.Lfunc_begin2                   @   base address
	.long	.Ltmp30-.Lfunc_begin2
	.long	.Ltmp31-.Lfunc_begin2
	.short	2                               @ Loc expr size
	.byte	17                              @ DW_OP_consts
	.byte	0                               @ 0
	.long	.Ltmp31-.Lfunc_begin2
	.long	.Ltmp39-.Lfunc_begin2
	.short	1                               @ Loc expr size
	.byte	81                              @ DW_OP_reg1
	.long	0
	.long	0
.Ldebug_loc5:
	.long	-1
	.long	.Lfunc_begin3                   @   base address
	.long	.Lfunc_begin3-.Lfunc_begin3
	.long	.Ltmp45-.Lfunc_begin3
	.short	1                               @ Loc expr size
	.byte	81                              @ DW_OP_reg1
	.long	.Ltmp45-.Lfunc_begin3
	.long	.Lfunc_end3-.Lfunc_begin3
	.short	3                               @ Loc expr size
	.byte	163                             @ DW_OP_entry_value
	.byte	1                               @ 1
	.byte	81                              @ DW_OP_reg1
	.long	0
	.long	0
.Ldebug_loc6:
	.long	-1
	.long	.Lfunc_begin3                   @   base address
	.long	.Ltmp44-.Lfunc_begin3
	.long	.Lfunc_end3-.Lfunc_begin3
	.short	1                               @ Loc expr size
	.byte	82                              @ DW_OP_reg2
	.long	0
	.long	0
.Ldebug_loc7:
	.long	-1
	.long	.Lfunc_begin4                   @   base address
	.long	.Lfunc_begin4-.Lfunc_begin4
	.long	.Ltmp48-.Lfunc_begin4
	.short	1                               @ Loc expr size
	.byte	80                              @ DW_OP_reg0
	.long	.Ltmp50-.Lfunc_begin4
	.long	.Ltmp52-.Lfunc_begin4
	.short	3                               @ Loc expr size
	.byte	163                             @ DW_OP_entry_value
	.byte	1                               @ 1
	.byte	80                              @ DW_OP_reg0
	.long	.Ltmp55-.Lfunc_begin4
	.long	.Ltmp57-.Lfunc_begin4
	.short	1                               @ Loc expr size
	.byte	80                              @ DW_OP_reg0
	.long	.Ltmp57-.Lfunc_begin4
	.long	.Lfunc_end4-.Lfunc_begin4
	.short	3                               @ Loc expr size
	.byte	163                             @ DW_OP_entry_value
	.byte	1                               @ 1
	.byte	80                              @ DW_OP_reg0
	.long	0
	.long	0
.Ldebug_loc8:
	.long	-1
	.long	.Lfunc_begin4                   @   base address
	.long	.Lfunc_begin4-.Lfunc_begin4
	.long	.Ltmp53-.Lfunc_begin4
	.short	1                               @ Loc expr size
	.byte	81                              @ DW_OP_reg1
	.long	.Ltmp53-.Lfunc_begin4
	.long	.Ltmp54-.Lfunc_begin4
	.short	3                               @ Loc expr size
	.byte	163                             @ DW_OP_entry_value
	.byte	1                               @ 1
	.byte	81                              @ DW_OP_reg1
	.long	.Ltmp55-.Lfunc_begin4
	.long	.Lfunc_end4-.Lfunc_begin4
	.short	1                               @ Loc expr size
	.byte	81                              @ DW_OP_reg1
	.long	0
	.long	0
.Ldebug_loc9:
	.long	-1
	.long	.Lfunc_begin4                   @   base address
	.long	.Ltmp47-.Lfunc_begin4
	.long	.Ltmp50-.Lfunc_begin4
	.short	1                               @ Loc expr size
	.byte	82                              @ DW_OP_reg2
	.long	.Ltmp50-.Lfunc_begin4
	.long	.Ltmp54-.Lfunc_begin4
	.short	1                               @ Loc expr size
	.byte	80                              @ DW_OP_reg0
	.long	.Ltmp55-.Lfunc_begin4
	.long	.Ltmp56-.Lfunc_begin4
	.short	1                               @ Loc expr size
	.byte	82                              @ DW_OP_reg2
	.long	0
	.long	0
.Ldebug_loc10:
	.long	-1
	.long	.Lfunc_begin5                   @   base address
	.long	.Lfunc_begin5-.Lfunc_begin5
	.long	.Ltmp64-.Lfunc_begin5
	.short	1                               @ Loc expr size
	.byte	80                              @ DW_OP_reg0
	.long	.Ltmp65-.Lfunc_begin5
	.long	.Ltmp67-.Lfunc_begin5
	.short	3                               @ Loc expr size
	.byte	163                             @ DW_OP_entry_value
	.byte	1                               @ 1
	.byte	80                              @ DW_OP_reg0
	.long	0
	.long	0
.Ldebug_loc11:
	.long	-1
	.long	.Lfunc_begin5                   @   base address
	.long	.Ltmp61-.Lfunc_begin5
	.long	.Ltmp64-.Lfunc_begin5
	.short	1                               @ Loc expr size
	.byte	82                              @ DW_OP_reg2
	.long	.Ltmp65-.Lfunc_begin5
	.long	.Ltmp69-.Lfunc_begin5
	.short	1                               @ Loc expr size
	.byte	80                              @ DW_OP_reg0
	.long	0
	.long	0
.Ldebug_loc12:
	.long	-1
	.long	.Lfunc_begin6                   @   base address
	.long	.Lfunc_begin6-.Lfunc_begin6
	.long	.Ltmp75-.Lfunc_begin6
	.short	1                               @ Loc expr size
	.byte	80                              @ DW_OP_reg0
	.long	.Ltmp75-.Lfunc_begin6
	.long	.Lfunc_end6-.Lfunc_begin6
	.short	3                               @ Loc expr size
	.byte	163                             @ DW_OP_entry_value
	.byte	1                               @ 1
	.byte	80                              @ DW_OP_reg0
	.long	0
	.long	0
.Ldebug_loc13:
	.long	-1
	.long	.Lfunc_begin6                   @   base address
	.long	.Ltmp74-.Lfunc_begin6
	.long	.Ltmp76-.Lfunc_begin6
	.short	1                               @ Loc expr size
	.byte	84                              @ DW_OP_reg4
	.long	0
	.long	0
.Ldebug_loc14:
	.long	-1
	.long	.Lfunc_begin7                   @   base address
	.long	.Lfunc_begin7-.Lfunc_begin7
	.long	.Ltmp104-.Lfunc_begin7
	.short	1                               @ Loc expr size
	.byte	80                              @ DW_OP_reg0
	.long	.Ltmp104-.Lfunc_begin7
	.long	.Ltmp106-.Lfunc_begin7
	.short	3                               @ Loc expr size
	.byte	163                             @ DW_OP_entry_value
	.byte	1                               @ 1
	.byte	80                              @ DW_OP_reg0
	.long	.Ltmp106-.Lfunc_begin7
	.long	.Ltmp107-.Lfunc_begin7
	.short	1                               @ Loc expr size
	.byte	80                              @ DW_OP_reg0
	.long	.Ltmp107-.Lfunc_begin7
	.long	.Lfunc_end7-.Lfunc_begin7
	.short	3                               @ Loc expr size
	.byte	163                             @ DW_OP_entry_value
	.byte	1                               @ 1
	.byte	80                              @ DW_OP_reg0
	.long	0
	.long	0
.Ldebug_loc15:
	.long	-1
	.long	.Lfunc_begin7                   @   base address
	.long	.Ltmp79-.Lfunc_begin7
	.long	.Lfunc_end7-.Lfunc_begin7
	.short	1                               @ Loc expr size
	.byte	94                              @ DW_OP_reg14
	.long	0
	.long	0
.Ldebug_loc16:
	.long	-1
	.long	.Lfunc_begin7                   @   base address
	.long	.Ltmp80-.Lfunc_begin7
	.long	.Ltmp91-.Lfunc_begin7
	.short	1                               @ Loc expr size
	.byte	81                              @ DW_OP_reg1
	.long	0
	.long	0
.Ldebug_loc17:
	.long	-1
	.long	.Lfunc_begin7                   @   base address
	.long	.Ltmp82-.Lfunc_begin7
	.long	.Ltmp84-.Lfunc_begin7
	.short	1                               @ Loc expr size
	.byte	83                              @ DW_OP_reg3
	.long	.Ltmp84-.Lfunc_begin7
	.long	.Ltmp86-.Lfunc_begin7
	.short	1                               @ Loc expr size
	.byte	82                              @ DW_OP_reg2
	.long	.Ltmp87-.Lfunc_begin7
	.long	.Ltmp88-.Lfunc_begin7
	.short	1                               @ Loc expr size
	.byte	82                              @ DW_OP_reg2
	.long	.Ltmp88-.Lfunc_begin7
	.long	.Ltmp89-.Lfunc_begin7
	.short	1                               @ Loc expr size
	.byte	83                              @ DW_OP_reg3
	.long	.Ltmp89-.Lfunc_begin7
	.long	.Ltmp95-.Lfunc_begin7
	.short	1                               @ Loc expr size
	.byte	82                              @ DW_OP_reg2
	.long	.Ltmp100-.Lfunc_begin7
	.long	.Lfunc_end7-.Lfunc_begin7
	.short	1                               @ Loc expr size
	.byte	82                              @ DW_OP_reg2
	.long	0
	.long	0
	.section	.debug_abbrev,"",%progbits
	.byte	1                               @ Abbreviation Code
	.byte	17                              @ DW_TAG_compile_unit
	.byte	1                               @ DW_CHILDREN_yes
	.byte	37                              @ DW_AT_producer
	.byte	14                              @ DW_FORM_strp
	.byte	19                              @ DW_AT_language
	.byte	5                               @ DW_FORM_data2
	.byte	3                               @ DW_AT_name
	.byte	14                              @ DW_FORM_strp
	.byte	16                              @ DW_AT_stmt_list
	.byte	6                               @ DW_FORM_data4
	.byte	27                              @ DW_AT_comp_dir
	.byte	14                              @ DW_FORM_strp
	.byte	17                              @ DW_AT_low_pc
	.byte	1                               @ DW_FORM_addr
	.byte	85                              @ DW_AT_ranges
	.byte	6                               @ DW_FORM_data4
	.byte	0                               @ EOM(1)
	.byte	0                               @ EOM(2)
	.byte	2                               @ Abbreviation Code
	.byte	52                              @ DW_TAG_variable
	.byte	0                               @ DW_CHILDREN_no
	.byte	3                               @ DW_AT_name
	.byte	14                              @ DW_FORM_strp
	.byte	73                              @ DW_AT_type
	.byte	19                              @ DW_FORM_ref4
	.byte	63                              @ DW_AT_external
	.byte	12                              @ DW_FORM_flag
	.byte	58                              @ DW_AT_decl_file
	.byte	11                              @ DW_FORM_data1
	.byte	59                              @ DW_AT_decl_line
	.byte	11                              @ DW_FORM_data1
	.ascii	"\210\001"                      @ DW_AT_alignment
	.byte	15                              @ DW_FORM_udata
	.byte	2                               @ DW_AT_location
	.byte	10                              @ DW_FORM_block1
	.byte	0                               @ EOM(1)
	.byte	0                               @ EOM(2)
	.byte	3                               @ Abbreviation Code
	.byte	1                               @ DW_TAG_array_type
	.byte	1                               @ DW_CHILDREN_yes
	.byte	73                              @ DW_AT_type
	.byte	19                              @ DW_FORM_ref4
	.byte	0                               @ EOM(1)
	.byte	0                               @ EOM(2)
	.byte	4                               @ Abbreviation Code
	.byte	33                              @ DW_TAG_subrange_type
	.byte	0                               @ DW_CHILDREN_no
	.byte	73                              @ DW_AT_type
	.byte	19                              @ DW_FORM_ref4
	.byte	55                              @ DW_AT_count
	.byte	11                              @ DW_FORM_data1
	.byte	0                               @ EOM(1)
	.byte	0                               @ EOM(2)
	.byte	5                               @ Abbreviation Code
	.byte	22                              @ DW_TAG_typedef
	.byte	0                               @ DW_CHILDREN_no
	.byte	73                              @ DW_AT_type
	.byte	19                              @ DW_FORM_ref4
	.byte	3                               @ DW_AT_name
	.byte	14                              @ DW_FORM_strp
	.byte	58                              @ DW_AT_decl_file
	.byte	11                              @ DW_FORM_data1
	.byte	59                              @ DW_AT_decl_line
	.byte	11                              @ DW_FORM_data1
	.byte	0                               @ EOM(1)
	.byte	0                               @ EOM(2)
	.byte	6                               @ Abbreviation Code
	.byte	36                              @ DW_TAG_base_type
	.byte	0                               @ DW_CHILDREN_no
	.byte	3                               @ DW_AT_name
	.byte	14                              @ DW_FORM_strp
	.byte	62                              @ DW_AT_encoding
	.byte	11                              @ DW_FORM_data1
	.byte	11                              @ DW_AT_byte_size
	.byte	11                              @ DW_FORM_data1
	.byte	0                               @ EOM(1)
	.byte	0                               @ EOM(2)
	.byte	7                               @ Abbreviation Code
	.byte	36                              @ DW_TAG_base_type
	.byte	0                               @ DW_CHILDREN_no
	.byte	3                               @ DW_AT_name
	.byte	14                              @ DW_FORM_strp
	.byte	11                              @ DW_AT_byte_size
	.byte	11                              @ DW_FORM_data1
	.byte	62                              @ DW_AT_encoding
	.byte	11                              @ DW_FORM_data1
	.byte	0                               @ EOM(1)
	.byte	0                               @ EOM(2)
	.byte	8                               @ Abbreviation Code
	.byte	52                              @ DW_TAG_variable
	.byte	0                               @ DW_CHILDREN_no
	.byte	3                               @ DW_AT_name
	.byte	14                              @ DW_FORM_strp
	.byte	73                              @ DW_AT_type
	.byte	19                              @ DW_FORM_ref4
	.byte	58                              @ DW_AT_decl_file
	.byte	11                              @ DW_FORM_data1
	.byte	59                              @ DW_AT_decl_line
	.byte	11                              @ DW_FORM_data1
	.byte	2                               @ DW_AT_location
	.byte	10                              @ DW_FORM_block1
	.byte	0                               @ EOM(1)
	.byte	0                               @ EOM(2)
	.byte	9                               @ Abbreviation Code
	.byte	15                              @ DW_TAG_pointer_type
	.byte	0                               @ DW_CHILDREN_no
	.byte	73                              @ DW_AT_type
	.byte	19                              @ DW_FORM_ref4
	.byte	0                               @ EOM(1)
	.byte	0                               @ EOM(2)
	.byte	10                              @ Abbreviation Code
	.byte	19                              @ DW_TAG_structure_type
	.byte	1                               @ DW_CHILDREN_yes
	.byte	3                               @ DW_AT_name
	.byte	14                              @ DW_FORM_strp
	.byte	11                              @ DW_AT_byte_size
	.byte	11                              @ DW_FORM_data1
	.byte	58                              @ DW_AT_decl_file
	.byte	11                              @ DW_FORM_data1
	.byte	59                              @ DW_AT_decl_line
	.byte	11                              @ DW_FORM_data1
	.byte	0                               @ EOM(1)
	.byte	0                               @ EOM(2)
	.byte	11                              @ Abbreviation Code
	.byte	13                              @ DW_TAG_member
	.byte	0                               @ DW_CHILDREN_no
	.byte	3                               @ DW_AT_name
	.byte	14                              @ DW_FORM_strp
	.byte	73                              @ DW_AT_type
	.byte	19                              @ DW_FORM_ref4
	.byte	58                              @ DW_AT_decl_file
	.byte	11                              @ DW_FORM_data1
	.byte	59                              @ DW_AT_decl_line
	.byte	11                              @ DW_FORM_data1
	.byte	56                              @ DW_AT_data_member_location
	.byte	11                              @ DW_FORM_data1
	.byte	0                               @ EOM(1)
	.byte	0                               @ EOM(2)
	.byte	12                              @ Abbreviation Code
	.byte	4                               @ DW_TAG_enumeration_type
	.byte	1                               @ DW_CHILDREN_yes
	.byte	73                              @ DW_AT_type
	.byte	19                              @ DW_FORM_ref4
	.byte	3                               @ DW_AT_name
	.byte	14                              @ DW_FORM_strp
	.byte	11                              @ DW_AT_byte_size
	.byte	11                              @ DW_FORM_data1
	.byte	58                              @ DW_AT_decl_file
	.byte	11                              @ DW_FORM_data1
	.byte	59                              @ DW_AT_decl_line
	.byte	11                              @ DW_FORM_data1
	.byte	0                               @ EOM(1)
	.byte	0                               @ EOM(2)
	.byte	13                              @ Abbreviation Code
	.byte	40                              @ DW_TAG_enumerator
	.byte	0                               @ DW_CHILDREN_no
	.byte	3                               @ DW_AT_name
	.byte	14                              @ DW_FORM_strp
	.byte	28                              @ DW_AT_const_value
	.byte	15                              @ DW_FORM_udata
	.byte	0                               @ EOM(1)
	.byte	0                               @ EOM(2)
	.byte	14                              @ Abbreviation Code
	.byte	46                              @ DW_TAG_subprogram
	.byte	0                               @ DW_CHILDREN_no
	.byte	17                              @ DW_AT_low_pc
	.byte	1                               @ DW_FORM_addr
	.byte	18                              @ DW_AT_high_pc
	.byte	1                               @ DW_FORM_addr
	.byte	64                              @ DW_AT_frame_base
	.byte	10                              @ DW_FORM_block1
	.byte	3                               @ DW_AT_name
	.byte	14                              @ DW_FORM_strp
	.byte	58                              @ DW_AT_decl_file
	.byte	11                              @ DW_FORM_data1
	.byte	59                              @ DW_AT_decl_line
	.byte	11                              @ DW_FORM_data1
	.byte	39                              @ DW_AT_prototyped
	.byte	12                              @ DW_FORM_flag
	.byte	73                              @ DW_AT_type
	.byte	19                              @ DW_FORM_ref4
	.byte	63                              @ DW_AT_external
	.byte	12                              @ DW_FORM_flag
	.byte	0                               @ EOM(1)
	.byte	0                               @ EOM(2)
	.byte	15                              @ Abbreviation Code
	.byte	46                              @ DW_TAG_subprogram
	.byte	1                               @ DW_CHILDREN_yes
	.byte	17                              @ DW_AT_low_pc
	.byte	1                               @ DW_FORM_addr
	.byte	18                              @ DW_AT_high_pc
	.byte	1                               @ DW_FORM_addr
	.byte	64                              @ DW_AT_frame_base
	.byte	10                              @ DW_FORM_block1
	.byte	3                               @ DW_AT_name
	.byte	14                              @ DW_FORM_strp
	.byte	58                              @ DW_AT_decl_file
	.byte	11                              @ DW_FORM_data1
	.byte	59                              @ DW_AT_decl_line
	.byte	11                              @ DW_FORM_data1
	.byte	39                              @ DW_AT_prototyped
	.byte	12                              @ DW_FORM_flag
	.byte	73                              @ DW_AT_type
	.byte	19                              @ DW_FORM_ref4
	.byte	63                              @ DW_AT_external
	.byte	12                              @ DW_FORM_flag
	.byte	0                               @ EOM(1)
	.byte	0                               @ EOM(2)
	.byte	16                              @ Abbreviation Code
	.byte	5                               @ DW_TAG_formal_parameter
	.byte	0                               @ DW_CHILDREN_no
	.byte	2                               @ DW_AT_location
	.byte	6                               @ DW_FORM_data4
	.byte	3                               @ DW_AT_name
	.byte	14                              @ DW_FORM_strp
	.byte	58                              @ DW_AT_decl_file
	.byte	11                              @ DW_FORM_data1
	.byte	59                              @ DW_AT_decl_line
	.byte	11                              @ DW_FORM_data1
	.byte	73                              @ DW_AT_type
	.byte	19                              @ DW_FORM_ref4
	.byte	0                               @ EOM(1)
	.byte	0                               @ EOM(2)
	.byte	17                              @ Abbreviation Code
	.byte	52                              @ DW_TAG_variable
	.byte	0                               @ DW_CHILDREN_no
	.byte	2                               @ DW_AT_location
	.byte	6                               @ DW_FORM_data4
	.byte	3                               @ DW_AT_name
	.byte	14                              @ DW_FORM_strp
	.byte	58                              @ DW_AT_decl_file
	.byte	11                              @ DW_FORM_data1
	.byte	59                              @ DW_AT_decl_line
	.byte	11                              @ DW_FORM_data1
	.byte	73                              @ DW_AT_type
	.byte	19                              @ DW_FORM_ref4
	.byte	0                               @ EOM(1)
	.byte	0                               @ EOM(2)
	.byte	18                              @ Abbreviation Code
	.byte	46                              @ DW_TAG_subprogram
	.byte	1                               @ DW_CHILDREN_yes
	.byte	17                              @ DW_AT_low_pc
	.byte	1                               @ DW_FORM_addr
	.byte	18                              @ DW_AT_high_pc
	.byte	1                               @ DW_FORM_addr
	.byte	64                              @ DW_AT_frame_base
	.byte	10                              @ DW_FORM_block1
	.byte	3                               @ DW_AT_name
	.byte	14                              @ DW_FORM_strp
	.byte	58                              @ DW_AT_decl_file
	.byte	11                              @ DW_FORM_data1
	.byte	59                              @ DW_AT_decl_line
	.byte	11                              @ DW_FORM_data1
	.byte	39                              @ DW_AT_prototyped
	.byte	12                              @ DW_FORM_flag
	.byte	0                               @ EOM(1)
	.byte	0                               @ EOM(2)
	.byte	19                              @ Abbreviation Code
	.byte	5                               @ DW_TAG_formal_parameter
	.byte	0                               @ DW_CHILDREN_no
	.byte	2                               @ DW_AT_location
	.byte	10                              @ DW_FORM_block1
	.byte	3                               @ DW_AT_name
	.byte	14                              @ DW_FORM_strp
	.byte	58                              @ DW_AT_decl_file
	.byte	11                              @ DW_FORM_data1
	.byte	59                              @ DW_AT_decl_line
	.byte	11                              @ DW_FORM_data1
	.byte	73                              @ DW_AT_type
	.byte	19                              @ DW_FORM_ref4
	.byte	0                               @ EOM(1)
	.byte	0                               @ EOM(2)
	.byte	20                              @ Abbreviation Code
	.byte	46                              @ DW_TAG_subprogram
	.byte	1                               @ DW_CHILDREN_yes
	.byte	17                              @ DW_AT_low_pc
	.byte	1                               @ DW_FORM_addr
	.byte	18                              @ DW_AT_high_pc
	.byte	1                               @ DW_FORM_addr
	.byte	64                              @ DW_AT_frame_base
	.byte	10                              @ DW_FORM_block1
	.byte	3                               @ DW_AT_name
	.byte	14                              @ DW_FORM_strp
	.byte	58                              @ DW_AT_decl_file
	.byte	11                              @ DW_FORM_data1
	.byte	59                              @ DW_AT_decl_line
	.byte	11                              @ DW_FORM_data1
	.byte	39                              @ DW_AT_prototyped
	.byte	12                              @ DW_FORM_flag
	.byte	63                              @ DW_AT_external
	.byte	12                              @ DW_FORM_flag
	.byte	0                               @ EOM(1)
	.byte	0                               @ EOM(2)
	.byte	21                              @ Abbreviation Code
	.byte	15                              @ DW_TAG_pointer_type
	.byte	0                               @ DW_CHILDREN_no
	.byte	0                               @ EOM(1)
	.byte	0                               @ EOM(2)
	.byte	0                               @ EOM(3)
	.section	.debug_info,"",%progbits
.Lcu_begin0:
	.long	.Ldebug_info_end0-.Ldebug_info_start0 @ Length of Unit
.Ldebug_info_start0:
	.short	3                               @ DWARF version number
	.long	.debug_abbrev                   @ Offset Into Abbrev. Section
	.byte	4                               @ Address Size (in bytes)
	.byte	1                               @ Abbrev [1] 0xb:0x2fc DW_TAG_compile_unit
	.long	.Linfo_string0                  @ DW_AT_producer
	.short	12                              @ DW_AT_language
	.long	.Linfo_string1                  @ DW_AT_name
	.long	.Lline_table_start0             @ DW_AT_stmt_list
	.long	.Linfo_string2                  @ DW_AT_comp_dir
	.long	0                               @ DW_AT_low_pc
	.long	.Ldebug_ranges0                 @ DW_AT_ranges
	.byte	2                               @ Abbrev [2] 0x26:0x13 DW_TAG_variable
	.long	.Linfo_string3                  @ DW_AT_name
	.long	57                              @ DW_AT_type
	.byte	1                               @ DW_AT_external
	.byte	2                               @ DW_AT_decl_file
	.byte	15                              @ DW_AT_decl_line
	.byte	4                               @ DW_AT_alignment
	.byte	5                               @ DW_AT_location
	.byte	3
	.long	finsh_heap
	.byte	3                               @ Abbrev [3] 0x39:0xc DW_TAG_array_type
	.long	69                              @ DW_AT_type
	.byte	4                               @ Abbrev [4] 0x3e:0x6 DW_TAG_subrange_type
	.long	87                              @ DW_AT_type
	.byte	128                             @ DW_AT_count
	.byte	0                               @ End Of Children Mark
	.byte	5                               @ Abbrev [5] 0x45:0xb DW_TAG_typedef
	.long	80                              @ DW_AT_type
	.long	.Linfo_string5                  @ DW_AT_name
	.byte	1                               @ DW_AT_decl_file
	.byte	62                              @ DW_AT_decl_line
	.byte	6                               @ Abbrev [6] 0x50:0x7 DW_TAG_base_type
	.long	.Linfo_string4                  @ DW_AT_name
	.byte	8                               @ DW_AT_encoding
	.byte	1                               @ DW_AT_byte_size
	.byte	7                               @ Abbrev [7] 0x57:0x7 DW_TAG_base_type
	.long	.Linfo_string6                  @ DW_AT_name
	.byte	8                               @ DW_AT_byte_size
	.byte	7                               @ DW_AT_encoding
	.byte	8                               @ Abbrev [8] 0x5e:0x11 DW_TAG_variable
	.long	.Linfo_string7                  @ DW_AT_name
	.long	111                             @ DW_AT_type
	.byte	2                               @ DW_AT_decl_file
	.byte	26                              @ DW_AT_decl_line
	.byte	5                               @ DW_AT_location
	.byte	3
	.long	free_list
	.byte	9                               @ Abbrev [9] 0x6f:0x5 DW_TAG_pointer_type
	.long	116                             @ DW_AT_type
	.byte	10                              @ Abbrev [10] 0x74:0x21 DW_TAG_structure_type
	.long	.Linfo_string12                 @ DW_AT_name
	.byte	8                               @ DW_AT_byte_size
	.byte	2                               @ DW_AT_decl_file
	.byte	16                              @ DW_AT_decl_line
	.byte	11                              @ Abbrev [11] 0x7c:0xc DW_TAG_member
	.long	.Linfo_string8                  @ DW_AT_name
	.long	149                             @ DW_AT_type
	.byte	2                               @ DW_AT_decl_file
	.byte	18                              @ DW_AT_decl_line
	.byte	0                               @ DW_AT_data_member_location
	.byte	11                              @ Abbrev [11] 0x88:0xc DW_TAG_member
	.long	.Linfo_string11                 @ DW_AT_name
	.long	111                             @ DW_AT_type
	.byte	2                               @ DW_AT_decl_file
	.byte	19                              @ DW_AT_decl_line
	.byte	4                               @ DW_AT_data_member_location
	.byte	0                               @ End Of Children Mark
	.byte	5                               @ Abbrev [5] 0x95:0xb DW_TAG_typedef
	.long	160                             @ DW_AT_type
	.long	.Linfo_string10                 @ DW_AT_name
	.byte	1                               @ DW_AT_decl_file
	.byte	64                              @ DW_AT_decl_line
	.byte	6                               @ Abbrev [6] 0xa0:0x7 DW_TAG_base_type
	.long	.Linfo_string9                  @ DW_AT_name
	.byte	7                               @ DW_AT_encoding
	.byte	4                               @ DW_AT_byte_size
	.byte	8                               @ Abbrev [8] 0xa7:0x11 DW_TAG_variable
	.long	.Linfo_string13                 @ DW_AT_name
	.long	111                             @ DW_AT_type
	.byte	2                               @ DW_AT_decl_file
	.byte	27                              @ DW_AT_decl_line
	.byte	5                               @ DW_AT_location
	.byte	3
	.long	allocate_list
	.byte	12                              @ Abbrev [12] 0xb8:0x67 DW_TAG_enumeration_type
	.long	80                              @ DW_AT_type
	.long	.Linfo_string29                 @ DW_AT_name
	.byte	1                               @ DW_AT_byte_size
	.byte	3                               @ DW_AT_decl_file
	.byte	184                             @ DW_AT_decl_line
	.byte	13                              @ Abbrev [13] 0xc4:0x6 DW_TAG_enumerator
	.long	.Linfo_string14                 @ DW_AT_name
	.byte	0                               @ DW_AT_const_value
	.byte	13                              @ Abbrev [13] 0xca:0x6 DW_TAG_enumerator
	.long	.Linfo_string15                 @ DW_AT_name
	.byte	1                               @ DW_AT_const_value
	.byte	13                              @ Abbrev [13] 0xd0:0x6 DW_TAG_enumerator
	.long	.Linfo_string16                 @ DW_AT_name
	.byte	2                               @ DW_AT_const_value
	.byte	13                              @ Abbrev [13] 0xd6:0x6 DW_TAG_enumerator
	.long	.Linfo_string17                 @ DW_AT_name
	.byte	3                               @ DW_AT_const_value
	.byte	13                              @ Abbrev [13] 0xdc:0x6 DW_TAG_enumerator
	.long	.Linfo_string18                 @ DW_AT_name
	.byte	4                               @ DW_AT_const_value
	.byte	13                              @ Abbrev [13] 0xe2:0x6 DW_TAG_enumerator
	.long	.Linfo_string19                 @ DW_AT_name
	.byte	5                               @ DW_AT_const_value
	.byte	13                              @ Abbrev [13] 0xe8:0x6 DW_TAG_enumerator
	.long	.Linfo_string20                 @ DW_AT_name
	.byte	6                               @ DW_AT_const_value
	.byte	13                              @ Abbrev [13] 0xee:0x6 DW_TAG_enumerator
	.long	.Linfo_string21                 @ DW_AT_name
	.byte	7                               @ DW_AT_const_value
	.byte	13                              @ Abbrev [13] 0xf4:0x6 DW_TAG_enumerator
	.long	.Linfo_string22                 @ DW_AT_name
	.byte	8                               @ DW_AT_const_value
	.byte	13                              @ Abbrev [13] 0xfa:0x6 DW_TAG_enumerator
	.long	.Linfo_string23                 @ DW_AT_name
	.byte	9                               @ DW_AT_const_value
	.byte	13                              @ Abbrev [13] 0x100:0x6 DW_TAG_enumerator
	.long	.Linfo_string24                 @ DW_AT_name
	.byte	10                              @ DW_AT_const_value
	.byte	13                              @ Abbrev [13] 0x106:0x6 DW_TAG_enumerator
	.long	.Linfo_string25                 @ DW_AT_name
	.byte	11                              @ DW_AT_const_value
	.byte	13                              @ Abbrev [13] 0x10c:0x6 DW_TAG_enumerator
	.long	.Linfo_string26                 @ DW_AT_name
	.byte	12                              @ DW_AT_const_value
	.byte	13                              @ Abbrev [13] 0x112:0x6 DW_TAG_enumerator
	.long	.Linfo_string27                 @ DW_AT_name
	.byte	13                              @ DW_AT_const_value
	.byte	13                              @ Abbrev [13] 0x118:0x6 DW_TAG_enumerator
	.long	.Linfo_string28                 @ DW_AT_name
	.byte	14                              @ DW_AT_const_value
	.byte	0                               @ End Of Children Mark
	.byte	9                               @ Abbrev [9] 0x11f:0x5 DW_TAG_pointer_type
	.long	69                              @ DW_AT_type
	.byte	14                              @ Abbrev [14] 0x124:0x17 DW_TAG_subprogram
	.long	.Lfunc_begin0                   @ DW_AT_low_pc
	.long	.Lfunc_end0                     @ DW_AT_high_pc
	.byte	1                               @ DW_AT_frame_base
	.byte	93
	.long	.Linfo_string30                 @ DW_AT_name
	.byte	2                               @ DW_AT_decl_file
	.byte	36                              @ DW_AT_decl_line
	.byte	1                               @ DW_AT_prototyped
	.long	750                             @ DW_AT_type
	.byte	1                               @ DW_AT_external
	.byte	15                              @ Abbrev [15] 0x13b:0x36 DW_TAG_subprogram
	.long	.Lfunc_begin1                   @ DW_AT_low_pc
	.long	.Lfunc_end1                     @ DW_AT_high_pc
	.byte	1                               @ DW_AT_frame_base
	.byte	93
	.long	.Linfo_string32                 @ DW_AT_name
	.byte	2                               @ DW_AT_decl_file
	.byte	54                              @ DW_AT_decl_line
	.byte	1                               @ DW_AT_prototyped
	.long	757                             @ DW_AT_type
	.byte	1                               @ DW_AT_external
	.byte	16                              @ Abbrev [16] 0x152:0xf DW_TAG_formal_parameter
	.long	.Ldebug_loc0                    @ DW_AT_location
	.long	.Linfo_string39                 @ DW_AT_name
	.byte	2                               @ DW_AT_decl_file
	.byte	54                              @ DW_AT_decl_line
	.long	758                             @ DW_AT_type
	.byte	17                              @ Abbrev [17] 0x161:0xf DW_TAG_variable
	.long	.Ldebug_loc1                    @ DW_AT_location
	.long	.Linfo_string41                 @ DW_AT_name
	.byte	2                               @ DW_AT_decl_file
	.byte	56                              @ DW_AT_decl_line
	.long	111                             @ DW_AT_type
	.byte	0                               @ End Of Children Mark
	.byte	18                              @ Abbrev [18] 0x171:0x40 DW_TAG_subprogram
	.long	.Lfunc_begin2                   @ DW_AT_low_pc
	.long	.Lfunc_end2                     @ DW_AT_high_pc
	.byte	1                               @ DW_AT_frame_base
	.byte	93
	.long	.Linfo_string33                 @ DW_AT_name
	.byte	2                               @ DW_AT_decl_file
	.byte	114                             @ DW_AT_decl_line
	.byte	1                               @ DW_AT_prototyped
	.byte	17                              @ Abbrev [17] 0x183:0xf DW_TAG_variable
	.long	.Ldebug_loc2                    @ DW_AT_location
	.long	.Linfo_string42                 @ DW_AT_name
	.byte	2                               @ DW_AT_decl_file
	.byte	117                             @ DW_AT_decl_line
	.long	111                             @ DW_AT_type
	.byte	17                              @ Abbrev [17] 0x192:0xf DW_TAG_variable
	.long	.Ldebug_loc3                    @ DW_AT_location
	.long	.Linfo_string41                 @ DW_AT_name
	.byte	2                               @ DW_AT_decl_file
	.byte	117                             @ DW_AT_decl_line
	.long	111                             @ DW_AT_type
	.byte	17                              @ Abbrev [17] 0x1a1:0xf DW_TAG_variable
	.long	.Ldebug_loc4                    @ DW_AT_location
	.long	.Linfo_string43                 @ DW_AT_name
	.byte	2                               @ DW_AT_decl_file
	.byte	116                             @ DW_AT_decl_line
	.long	750                             @ DW_AT_type
	.byte	0                               @ End Of Children Mark
	.byte	18                              @ Abbrev [18] 0x1b1:0x3e DW_TAG_subprogram
	.long	.Lfunc_begin3                   @ DW_AT_low_pc
	.long	.Lfunc_end3                     @ DW_AT_high_pc
	.byte	1                               @ DW_AT_frame_base
	.byte	93
	.long	.Linfo_string34                 @ DW_AT_name
	.byte	2                               @ DW_AT_decl_file
	.byte	213                             @ DW_AT_decl_line
	.byte	1                               @ DW_AT_prototyped
	.byte	19                              @ Abbrev [19] 0x1c3:0xd DW_TAG_formal_parameter
	.byte	1                               @ DW_AT_location
	.byte	80
	.long	.Linfo_string41                 @ DW_AT_name
	.byte	2                               @ DW_AT_decl_file
	.byte	213                             @ DW_AT_decl_line
	.long	111                             @ DW_AT_type
	.byte	16                              @ Abbrev [16] 0x1d0:0xf DW_TAG_formal_parameter
	.long	.Ldebug_loc5                    @ DW_AT_location
	.long	.Linfo_string39                 @ DW_AT_name
	.byte	2                               @ DW_AT_decl_file
	.byte	213                             @ DW_AT_decl_line
	.long	758                             @ DW_AT_type
	.byte	17                              @ Abbrev [17] 0x1df:0xf DW_TAG_variable
	.long	.Ldebug_loc6                    @ DW_AT_location
	.long	.Linfo_string11                 @ DW_AT_name
	.byte	2                               @ DW_AT_decl_file
	.byte	215                             @ DW_AT_decl_line
	.long	111                             @ DW_AT_type
	.byte	0                               @ End Of Children Mark
	.byte	18                              @ Abbrev [18] 0x1ef:0x40 DW_TAG_subprogram
	.long	.Lfunc_begin4                   @ DW_AT_low_pc
	.long	.Lfunc_end4                     @ DW_AT_high_pc
	.byte	1                               @ DW_AT_frame_base
	.byte	93
	.long	.Linfo_string35                 @ DW_AT_name
	.byte	2                               @ DW_AT_decl_file
	.byte	186                             @ DW_AT_decl_line
	.byte	1                               @ DW_AT_prototyped
	.byte	16                              @ Abbrev [16] 0x201:0xf DW_TAG_formal_parameter
	.long	.Ldebug_loc7                    @ DW_AT_location
	.long	.Linfo_string44                 @ DW_AT_name
	.byte	2                               @ DW_AT_decl_file
	.byte	186                             @ DW_AT_decl_line
	.long	769                             @ DW_AT_type
	.byte	16                              @ Abbrev [16] 0x210:0xf DW_TAG_formal_parameter
	.long	.Ldebug_loc8                    @ DW_AT_location
	.long	.Linfo_string41                 @ DW_AT_name
	.byte	2                               @ DW_AT_decl_file
	.byte	186                             @ DW_AT_decl_line
	.long	111                             @ DW_AT_type
	.byte	17                              @ Abbrev [17] 0x21f:0xf DW_TAG_variable
	.long	.Ldebug_loc9                    @ DW_AT_location
	.long	.Linfo_string45                 @ DW_AT_name
	.byte	2                               @ DW_AT_decl_file
	.byte	188                             @ DW_AT_decl_line
	.long	111                             @ DW_AT_type
	.byte	0                               @ End Of Children Mark
	.byte	18                              @ Abbrev [18] 0x22f:0x3e DW_TAG_subprogram
	.long	.Lfunc_begin5                   @ DW_AT_low_pc
	.long	.Lfunc_end5                     @ DW_AT_high_pc
	.byte	1                               @ DW_AT_frame_base
	.byte	93
	.long	.Linfo_string36                 @ DW_AT_name
	.byte	2                               @ DW_AT_decl_file
	.byte	147                             @ DW_AT_decl_line
	.byte	1                               @ DW_AT_prototyped
	.byte	16                              @ Abbrev [16] 0x241:0xf DW_TAG_formal_parameter
	.long	.Ldebug_loc10                   @ DW_AT_location
	.long	.Linfo_string44                 @ DW_AT_name
	.byte	2                               @ DW_AT_decl_file
	.byte	147                             @ DW_AT_decl_line
	.long	769                             @ DW_AT_type
	.byte	19                              @ Abbrev [19] 0x250:0xd DW_TAG_formal_parameter
	.byte	1                               @ DW_AT_location
	.byte	81
	.long	.Linfo_string41                 @ DW_AT_name
	.byte	2                               @ DW_AT_decl_file
	.byte	147                             @ DW_AT_decl_line
	.long	111                             @ DW_AT_type
	.byte	17                              @ Abbrev [17] 0x25d:0xf DW_TAG_variable
	.long	.Ldebug_loc11                   @ DW_AT_location
	.long	.Linfo_string45                 @ DW_AT_name
	.byte	2                               @ DW_AT_decl_file
	.byte	149                             @ DW_AT_decl_line
	.long	111                             @ DW_AT_type
	.byte	0                               @ End Of Children Mark
	.byte	20                              @ Abbrev [20] 0x26d:0x32 DW_TAG_subprogram
	.long	.Lfunc_begin6                   @ DW_AT_low_pc
	.long	.Lfunc_end6                     @ DW_AT_high_pc
	.byte	1                               @ DW_AT_frame_base
	.byte	93
	.long	.Linfo_string37                 @ DW_AT_name
	.byte	2                               @ DW_AT_decl_file
	.byte	96                              @ DW_AT_decl_line
	.byte	1                               @ DW_AT_prototyped
	.byte	1                               @ DW_AT_external
	.byte	16                              @ Abbrev [16] 0x280:0xf DW_TAG_formal_parameter
	.long	.Ldebug_loc12                   @ DW_AT_location
	.long	.Linfo_string46                 @ DW_AT_name
	.byte	2                               @ DW_AT_decl_file
	.byte	96                              @ DW_AT_decl_line
	.long	757                             @ DW_AT_type
	.byte	17                              @ Abbrev [17] 0x28f:0xf DW_TAG_variable
	.long	.Ldebug_loc13                   @ DW_AT_location
	.long	.Linfo_string41                 @ DW_AT_name
	.byte	2                               @ DW_AT_decl_file
	.byte	98                              @ DW_AT_decl_line
	.long	111                             @ DW_AT_type
	.byte	0                               @ End Of Children Mark
	.byte	18                              @ Abbrev [18] 0x29f:0x4f DW_TAG_subprogram
	.long	.Lfunc_begin7                   @ DW_AT_low_pc
	.long	.Lfunc_end7                     @ DW_AT_high_pc
	.byte	1                               @ DW_AT_frame_base
	.byte	93
	.long	.Linfo_string38                 @ DW_AT_name
	.byte	2                               @ DW_AT_decl_file
	.byte	229                             @ DW_AT_decl_line
	.byte	1                               @ DW_AT_prototyped
	.byte	16                              @ Abbrev [16] 0x2b1:0xf DW_TAG_formal_parameter
	.long	.Ldebug_loc16                   @ DW_AT_location
	.long	.Linfo_string44                 @ DW_AT_name
	.byte	2                               @ DW_AT_decl_file
	.byte	229                             @ DW_AT_decl_line
	.long	769                             @ DW_AT_type
	.byte	16                              @ Abbrev [16] 0x2c0:0xf DW_TAG_formal_parameter
	.long	.Ldebug_loc14                   @ DW_AT_location
	.long	.Linfo_string41                 @ DW_AT_name
	.byte	2                               @ DW_AT_decl_file
	.byte	229                             @ DW_AT_decl_line
	.long	111                             @ DW_AT_type
	.byte	17                              @ Abbrev [17] 0x2cf:0xf DW_TAG_variable
	.long	.Ldebug_loc15                   @ DW_AT_location
	.long	.Linfo_string47                 @ DW_AT_name
	.byte	2                               @ DW_AT_decl_file
	.byte	232                             @ DW_AT_decl_line
	.long	111                             @ DW_AT_type
	.byte	17                              @ Abbrev [17] 0x2de:0xf DW_TAG_variable
	.long	.Ldebug_loc17                   @ DW_AT_location
	.long	.Linfo_string48                 @ DW_AT_name
	.byte	2                               @ DW_AT_decl_file
	.byte	231                             @ DW_AT_decl_line
	.long	111                             @ DW_AT_type
	.byte	0                               @ End Of Children Mark
	.byte	6                               @ Abbrev [6] 0x2ee:0x7 DW_TAG_base_type
	.long	.Linfo_string31                 @ DW_AT_name
	.byte	5                               @ DW_AT_encoding
	.byte	4                               @ DW_AT_byte_size
	.byte	21                              @ Abbrev [21] 0x2f5:0x1 DW_TAG_pointer_type
	.byte	5                               @ Abbrev [5] 0x2f6:0xb DW_TAG_typedef
	.long	160                             @ DW_AT_type
	.long	.Linfo_string40                 @ DW_AT_name
	.byte	4                               @ DW_AT_decl_file
	.byte	58                              @ DW_AT_decl_line
	.byte	9                               @ Abbrev [9] 0x301:0x5 DW_TAG_pointer_type
	.long	111                             @ DW_AT_type
	.byte	0                               @ End Of Children Mark
.Ldebug_info_end0:
	.section	.debug_ranges,"",%progbits
.Ldebug_ranges0:
	.long	.Lfunc_begin0
	.long	.Lfunc_end0
	.long	.Lfunc_begin1
	.long	.Lfunc_end1
	.long	.Lfunc_begin2
	.long	.Lfunc_end2
	.long	.Lfunc_begin3
	.long	.Lfunc_end3
	.long	.Lfunc_begin4
	.long	.Lfunc_end4
	.long	.Lfunc_begin5
	.long	.Lfunc_end5
	.long	.Lfunc_begin6
	.long	.Lfunc_end6
	.long	.Lfunc_begin7
	.long	.Lfunc_end7
	.long	0
	.long	0
	.section	.debug_str,"MS",%progbits,1
.Linfo_string0:
	.asciz	"Component: ARM Compiler 6.16 Tool: armclang [5dfeb700]" @ string offset=0
.Linfo_string1:
	.asciz	"rt-thread/components/finsh\\finsh_heap.c" @ string offset=55
.Linfo_string2:
	.asciz	"E:\\Smart-access-control\\Hardware\\CODE" @ string offset=95
.Linfo_string3:
	.asciz	"finsh_heap"                    @ string offset=133
.Linfo_string4:
	.asciz	"unsigned char"                 @ string offset=144
.Linfo_string5:
	.asciz	"uint8_t"                       @ string offset=158
.Linfo_string6:
	.asciz	"__ARRAY_SIZE_TYPE__"           @ string offset=166
.Linfo_string7:
	.asciz	"free_list"                     @ string offset=186
.Linfo_string8:
	.asciz	"length"                        @ string offset=196
.Linfo_string9:
	.asciz	"unsigned int"                  @ string offset=203
.Linfo_string10:
	.asciz	"uint32_t"                      @ string offset=216
.Linfo_string11:
	.asciz	"next"                          @ string offset=225
.Linfo_string12:
	.asciz	"finsh_block_header"            @ string offset=230
.Linfo_string13:
	.asciz	"allocate_list"                 @ string offset=249
.Linfo_string14:
	.asciz	"finsh_type_unknown"            @ string offset=263
.Linfo_string15:
	.asciz	"finsh_type_void"               @ string offset=282
.Linfo_string16:
	.asciz	"finsh_type_voidp"              @ string offset=298
.Linfo_string17:
	.asciz	"finsh_type_char"               @ string offset=315
.Linfo_string18:
	.asciz	"finsh_type_uchar"              @ string offset=331
.Linfo_string19:
	.asciz	"finsh_type_charp"              @ string offset=348
.Linfo_string20:
	.asciz	"finsh_type_short"              @ string offset=365
.Linfo_string21:
	.asciz	"finsh_type_ushort"             @ string offset=382
.Linfo_string22:
	.asciz	"finsh_type_shortp"             @ string offset=400
.Linfo_string23:
	.asciz	"finsh_type_int"                @ string offset=418
.Linfo_string24:
	.asciz	"finsh_type_uint"               @ string offset=433
.Linfo_string25:
	.asciz	"finsh_type_intp"               @ string offset=449
.Linfo_string26:
	.asciz	"finsh_type_long"               @ string offset=465
.Linfo_string27:
	.asciz	"finsh_type_ulong"              @ string offset=481
.Linfo_string28:
	.asciz	"finsh_type_longp"              @ string offset=498
.Linfo_string29:
	.asciz	"finsh_type"                    @ string offset=515
.Linfo_string30:
	.asciz	"finsh_heap_init"               @ string offset=526
.Linfo_string31:
	.asciz	"int"                           @ string offset=542
.Linfo_string32:
	.asciz	"finsh_heap_allocate"           @ string offset=546
.Linfo_string33:
	.asciz	"finsh_heap_gc"                 @ string offset=566
.Linfo_string34:
	.asciz	"finsh_block_split"             @ string offset=580
.Linfo_string35:
	.asciz	"finsh_block_remove"            @ string offset=598
.Linfo_string36:
	.asciz	"finsh_block_insert"            @ string offset=617
.Linfo_string37:
	.asciz	"finsh_heap_free"               @ string offset=636
.Linfo_string38:
	.asciz	"finsh_block_merge"             @ string offset=652
.Linfo_string39:
	.asciz	"size"                          @ string offset=670
.Linfo_string40:
	.asciz	"size_t"                        @ string offset=675
.Linfo_string41:
	.asciz	"header"                        @ string offset=682
.Linfo_string42:
	.asciz	"temp"                          @ string offset=689
.Linfo_string43:
	.asciz	"i"                             @ string offset=694
.Linfo_string44:
	.asciz	"list"                          @ string offset=696
.Linfo_string45:
	.asciz	"node"                          @ string offset=701
.Linfo_string46:
	.asciz	"ptr"                           @ string offset=706
.Linfo_string47:
	.asciz	"next_node"                     @ string offset=710
.Linfo_string48:
	.asciz	"prev_node"                     @ string offset=720
	.ident	"Component: ARM Compiler 6.16 Tool: armclang [5dfeb700]"
	.section	".note.GNU-stack","",%progbits
	.eabi_attribute	30, 1	@ Tag_ABI_optimization_goals
	.ARM_attribute	16, 1	@ Tag_AV_eba
	.section	.debug_line,"",%progbits
.Lline_table_start0:
