	.text
	.syntax unified
	.eabi_attribute	67, "2.09"	@ Tag_conformance
	.cpu	cortex-m7
	.eabi_attribute	6, 13	@ Tag_CPU_arch
	.eabi_attribute	7, 77	@ Tag_CPU_arch_profile
	.eabi_attribute	8, 0	@ Tag_ARM_ISA_use
	.eabi_attribute	9, 2	@ Tag_THUMB_ISA_use
	.fpu	fpv5-d16
	.eabi_attribute	36, 1	@ Tag_FP_HP_extension
	.eabi_attribute	34, 1	@ Tag_CPU_unaligned_access
	.eabi_attribute	17, 1	@ Tag_ABI_PCS_GOT_use
	.eabi_attribute	20, 2	@ Tag_ABI_FP_denormal
	.eabi_attribute	21, 0	@ Tag_ABI_FP_exceptions
	.eabi_attribute	23, 1	@ Tag_ABI_FP_number_model
	.eabi_attribute	24, 1	@ Tag_ABI_align_needed
	.eabi_attribute	25, 1	@ Tag_ABI_align_preserved
	.eabi_attribute	28, 1	@ Tag_ABI_VFP_args
	.eabi_attribute	38, 1	@ Tag_ABI_FP_16bit_format
	.eabi_attribute	18, 2	@ Tag_ABI_PCS_wchar_t
	.eabi_attribute	26, 1	@ Tag_ABI_enum_size
	.eabi_attribute	14, 0	@ Tag_ABI_PCS_R9_use
	.file	"GY906_DAA.c"
	.file	1 "E:\\STM32\\Learning\\STM32H750_ART_PI_RGBLCD" "rt-thread/include\\rtdef.h"
	.section	.text.start_bit,"ax",%progbits
	.hidden	start_bit                       @ -- Begin function start_bit
	.globl	start_bit
	.p2align	3
	.type	start_bit,%function
	.code	16                              @ @start_bit
	.thumb_func
start_bit:
.Lfunc_begin0:
	.file	2 "E:\\STM32\\Learning\\STM32H750_ART_PI_RGBLCD" "applications/GY906_DAA.c"
	.loc	2 22 0                          @ applications/GY906_DAA.c:22:0
	.fnstart
	.cfi_sections .debug_frame
	.cfi_startproc
@ %bb.0:
	.save	{r7, lr}
	push	{r7, lr}
	.cfi_def_cfa_offset 8
	.cfi_offset lr, -4
	.cfi_offset r7, -8
	.pad	#24
	sub	sp, #24
	.cfi_def_cfa_offset 32
	movs	r0, #15
	str	r0, [sp, #8]                    @ 4-byte Spill
	movs	r1, #0
.Ltmp0:
	.loc	2 23 2 prologue_end             @ applications/GY906_DAA.c:23:2
	str	r1, [sp, #16]                   @ 4-byte Spill
	bl	rt_pin_mode
	ldr	r1, [sp, #16]                   @ 4-byte Reload
	movs	r0, #8
	.loc	2 24 2                          @ applications/GY906_DAA.c:24:2
	str	r0, [sp, #12]                   @ 4-byte Spill
	bl	rt_pin_mode
	ldr	r0, [sp, #8]                    @ 4-byte Reload
	movs	r1, #1
	.loc	2 25 2                          @ applications/GY906_DAA.c:25:2
	str	r1, [sp, #4]                    @ 4-byte Spill
	bl	rt_pin_write
	movs	r0, #5
	.loc	2 26 2                          @ applications/GY906_DAA.c:26:2
	str	r0, [sp, #20]                   @ 4-byte Spill
	bl	rt_hw_us_delay
	ldr	r1, [sp, #4]                    @ 4-byte Reload
	ldr	r0, [sp, #12]                   @ 4-byte Reload
	.loc	2 27 2                          @ applications/GY906_DAA.c:27:2
	bl	rt_pin_write
	ldr	r0, [sp, #20]                   @ 4-byte Reload
	.loc	2 28 2                          @ applications/GY906_DAA.c:28:2
	bl	rt_hw_us_delay
	ldr	r0, [sp, #8]                    @ 4-byte Reload
	ldr	r1, [sp, #16]                   @ 4-byte Reload
	.loc	2 29 2                          @ applications/GY906_DAA.c:29:2
	bl	rt_pin_write
	ldr	r0, [sp, #20]                   @ 4-byte Reload
	.loc	2 30 2                          @ applications/GY906_DAA.c:30:2
	bl	rt_hw_us_delay
	ldr	r0, [sp, #12]                   @ 4-byte Reload
	ldr	r1, [sp, #16]                   @ 4-byte Reload
	.loc	2 31 2                          @ applications/GY906_DAA.c:31:2
	bl	rt_pin_write
	ldr	r0, [sp, #20]                   @ 4-byte Reload
	.loc	2 32 2                          @ applications/GY906_DAA.c:32:2
	bl	rt_hw_us_delay
	.loc	2 34 1                          @ applications/GY906_DAA.c:34:1
	add	sp, #24
	pop	{r7, pc}
.Ltmp1:
.Lfunc_end0:
	.size	start_bit, .Lfunc_end0-start_bit
	.cfi_endproc
	.cantunwind
	.fnend
                                        @ -- End function
	.section	.text.stop_bit,"ax",%progbits
	.hidden	stop_bit                        @ -- Begin function stop_bit
	.globl	stop_bit
	.p2align	3
	.type	stop_bit,%function
	.code	16                              @ @stop_bit
	.thumb_func
stop_bit:
.Lfunc_begin1:
	.loc	2 37 0                          @ applications/GY906_DAA.c:37:0
	.fnstart
	.cfi_startproc
@ %bb.0:
	.save	{r7, lr}
	push	{r7, lr}
	.cfi_def_cfa_offset 8
	.cfi_offset lr, -4
	.cfi_offset r7, -8
	.pad	#24
	sub	sp, #24
	.cfi_def_cfa_offset 32
	movs	r0, #15
	str	r0, [sp, #16]                   @ 4-byte Spill
	movs	r1, #0
.Ltmp2:
	.loc	2 38 2 prologue_end             @ applications/GY906_DAA.c:38:2
	str	r1, [sp, #4]                    @ 4-byte Spill
	bl	rt_pin_mode
	ldr	r1, [sp, #4]                    @ 4-byte Reload
	movs	r0, #8
	.loc	2 39 2                          @ applications/GY906_DAA.c:39:2
	str	r0, [sp, #8]                    @ 4-byte Spill
	bl	rt_pin_mode
	ldr	r1, [sp, #4]                    @ 4-byte Reload
	ldr	r0, [sp, #8]                    @ 4-byte Reload
	.loc	2 40 2                          @ applications/GY906_DAA.c:40:2
	bl	rt_pin_write
	movs	r0, #5
	.loc	2 41 2                          @ applications/GY906_DAA.c:41:2
	str	r0, [sp, #12]                   @ 4-byte Spill
	bl	rt_hw_us_delay
	ldr	r1, [sp, #4]                    @ 4-byte Reload
	ldr	r0, [sp, #16]                   @ 4-byte Reload
	.loc	2 42 2                          @ applications/GY906_DAA.c:42:2
	bl	rt_pin_write
	ldr	r0, [sp, #12]                   @ 4-byte Reload
	.loc	2 43 2                          @ applications/GY906_DAA.c:43:2
	bl	rt_hw_us_delay
	ldr	r0, [sp, #8]                    @ 4-byte Reload
	movs	r1, #1
	.loc	2 44 2                          @ applications/GY906_DAA.c:44:2
	str	r1, [sp, #20]                   @ 4-byte Spill
	bl	rt_pin_write
	ldr	r0, [sp, #12]                   @ 4-byte Reload
	.loc	2 45 2                          @ applications/GY906_DAA.c:45:2
	bl	rt_hw_us_delay
	ldr	r0, [sp, #16]                   @ 4-byte Reload
	ldr	r1, [sp, #20]                   @ 4-byte Reload
	.loc	2 46 2                          @ applications/GY906_DAA.c:46:2
	bl	rt_pin_write
	.loc	2 47 1                          @ applications/GY906_DAA.c:47:1
	add	sp, #24
	pop	{r7, pc}
.Ltmp3:
.Lfunc_end1:
	.size	stop_bit, .Lfunc_end1-stop_bit
	.cfi_endproc
	.cantunwind
	.fnend
                                        @ -- End function
	.section	.text.tx_byte,"ax",%progbits
	.hidden	tx_byte                         @ -- Begin function tx_byte
	.globl	tx_byte
	.p2align	3
	.type	tx_byte,%function
	.code	16                              @ @tx_byte
	.thumb_func
tx_byte:
.Lfunc_begin2:
	.loc	2 50 0                          @ applications/GY906_DAA.c:50:0
	.fnstart
	.cfi_startproc
@ %bb.0:
	.save	{r7, lr}
	push	{r7, lr}
	.cfi_def_cfa_offset 8
	.cfi_offset lr, -4
	.cfi_offset r7, -8
	.pad	#40
	sub	sp, #40
	.cfi_def_cfa_offset 48
                                        @ kill: def $r1 killed $r0
	strb.w	r0, [sp, #39]
	movs	r0, #10
.Ltmp4:
	.loc	2 52 5 prologue_end             @ applications/GY906_DAA.c:52:5
	strb.w	r0, [sp, #37]
	movs	r0, #15
	movs	r1, #0
	.loc	2 53 2                          @ applications/GY906_DAA.c:53:2
	bl	rt_pin_mode
	b	.LBB2_1
.LBB2_1:                                @ =>This Loop Header: Depth=1
                                        @     Child Loop BB2_2 Depth 2
.Ltmp5:
	@DEBUG_LABEL: tx_byte:TX_again
	.loc	2 55 8                          @ applications/GY906_DAA.c:55:8
	ldrb.w	r0, [sp, #39]
	.loc	2 55 7 is_stmt 0                @ applications/GY906_DAA.c:55:7
	strb.w	r0, [sp, #36]
	movs	r0, #0
.Ltmp6:
	.loc	2 56 9 is_stmt 1                @ applications/GY906_DAA.c:56:9
	strb.w	r0, [sp, #38]
	.loc	2 56 8 is_stmt 0                @ applications/GY906_DAA.c:56:8
	b	.LBB2_2
.LBB2_2:                                @   Parent Loop BB2_1 Depth=1
                                        @ =>  This Inner Loop Header: Depth=2
.Ltmp7:
	.loc	2 56 12                         @ applications/GY906_DAA.c:56:12
	ldrsb.w	r0, [sp, #38]
.Ltmp8:
	.loc	2 56 4                          @ applications/GY906_DAA.c:56:4
	cmp	r0, #7
	bgt	.LBB2_8
	b	.LBB2_3
.LBB2_3:                                @   in Loop: Header=BB2_2 Depth=2
.Ltmp9:
	.loc	2 58 9 is_stmt 1                @ applications/GY906_DAA.c:58:9
	ldrb.w	r0, [sp, #36]
.Ltmp10:
	.loc	2 58 9 is_stmt 0                @ applications/GY906_DAA.c:58:9
	lsls	r0, r0, #24
	cmp	r0, #0
	bpl	.LBB2_5
	b	.LBB2_4
.LBB2_4:                                @   in Loop: Header=BB2_2 Depth=2
	.loc	2 0 9                           @ applications/GY906_DAA.c:0:9
	movs	r0, #15
	movs	r1, #1
.Ltmp11:
	.loc	2 59 7 is_stmt 1                @ applications/GY906_DAA.c:59:7
	bl	rt_pin_write
	b	.LBB2_6
.LBB2_5:                                @   in Loop: Header=BB2_2 Depth=2
	.loc	2 0 7 is_stmt 0                 @ applications/GY906_DAA.c:0:7
	movs	r0, #15
	movs	r1, #0
	.loc	2 61 7 is_stmt 1                @ applications/GY906_DAA.c:61:7
	bl	rt_pin_write
	b	.LBB2_6
.Ltmp12:
.LBB2_6:                                @   in Loop: Header=BB2_2 Depth=2
	.loc	2 0 7 is_stmt 0                 @ applications/GY906_DAA.c:0:7
	movs	r0, #1
	.loc	2 62 3 is_stmt 1                @ applications/GY906_DAA.c:62:3
	str	r0, [sp, #20]                   @ 4-byte Spill
	bl	rt_hw_us_delay
	ldr	r1, [sp, #20]                   @ 4-byte Reload
	movs	r0, #8
	.loc	2 63 4                          @ applications/GY906_DAA.c:63:4
	str	r0, [sp, #24]                   @ 4-byte Spill
	bl	rt_pin_write
	movs	r0, #5
	.loc	2 64 4                          @ applications/GY906_DAA.c:64:4
	str	r0, [sp, #28]                   @ 4-byte Spill
	bl	rt_hw_us_delay
	ldr	r0, [sp, #28]                   @ 4-byte Reload
	.loc	2 65 4                          @ applications/GY906_DAA.c:65:4
	bl	rt_hw_us_delay
	ldr	r0, [sp, #24]                   @ 4-byte Reload
	movs	r1, #0
	.loc	2 66 4                          @ applications/GY906_DAA.c:66:4
	bl	rt_pin_write
	ldr	r0, [sp, #28]                   @ 4-byte Reload
	.loc	2 67 4                          @ applications/GY906_DAA.c:67:4
	bl	rt_hw_us_delay
	ldr	r0, [sp, #28]                   @ 4-byte Reload
	.loc	2 68 4                          @ applications/GY906_DAA.c:68:4
	bl	rt_hw_us_delay
	.loc	2 69 10                         @ applications/GY906_DAA.c:69:10
	ldrb.w	r0, [sp, #36]
	.loc	2 69 13 is_stmt 0               @ applications/GY906_DAA.c:69:13
	lsls	r0, r0, #1
	.loc	2 69 9                          @ applications/GY906_DAA.c:69:9
	strb.w	r0, [sp, #36]
	.loc	2 70 4 is_stmt 1                @ applications/GY906_DAA.c:70:4
	b	.LBB2_7
.Ltmp13:
.LBB2_7:                                @   in Loop: Header=BB2_2 Depth=2
	.loc	2 56 17                         @ applications/GY906_DAA.c:56:17
	ldrb.w	r0, [sp, #38]
	adds	r0, #1
	strb.w	r0, [sp, #38]
	.loc	2 56 4 is_stmt 0                @ applications/GY906_DAA.c:56:4
	b	.LBB2_2
.Ltmp14:
.LBB2_8:                                @   in Loop: Header=BB2_1 Depth=1
	.loc	2 0 4                           @ applications/GY906_DAA.c:0:4
	movs	r0, #15
	str	r0, [sp, #4]                    @ 4-byte Spill
	movs	r1, #1
	.loc	2 72 2 is_stmt 1                @ applications/GY906_DAA.c:72:2
	str	r1, [sp, #8]                    @ 4-byte Spill
	bl	rt_pin_mode
	ldr	r1, [sp, #8]                    @ 4-byte Reload
	movs	r0, #8
	.loc	2 73 2                          @ applications/GY906_DAA.c:73:2
	str	r0, [sp, #12]                   @ 4-byte Spill
	bl	rt_pin_write
	movs	r0, #5
	.loc	2 74 2                          @ applications/GY906_DAA.c:74:2
	str	r0, [sp, #16]                   @ 4-byte Spill
	bl	rt_hw_us_delay
	ldr	r0, [sp, #16]                   @ 4-byte Reload
	.loc	2 75 2                          @ applications/GY906_DAA.c:75:2
	bl	rt_hw_us_delay
	ldr	r0, [sp, #4]                    @ 4-byte Reload
	.loc	2 77 12                         @ applications/GY906_DAA.c:77:12
	bl	rt_pin_read
	mov	r1, r0
	.loc	2 77 6 is_stmt 0                @ applications/GY906_DAA.c:77:6
	ldr	r0, [sp, #8]                    @ 4-byte Reload
	str	r1, [sp, #32]
	.loc	2 78 2 is_stmt 1                @ applications/GY906_DAA.c:78:2
	bl	rt_hw_us_delay
	ldr	r0, [sp, #12]                   @ 4-byte Reload
	movs	r1, #0
	.loc	2 79 2                          @ applications/GY906_DAA.c:79:2
	bl	rt_pin_write
	ldr	r0, [sp, #16]                   @ 4-byte Reload
	.loc	2 80 2                          @ applications/GY906_DAA.c:80:2
	bl	rt_hw_us_delay
	ldr	r0, [sp, #16]                   @ 4-byte Reload
	.loc	2 81 2                          @ applications/GY906_DAA.c:81:2
	bl	rt_hw_us_delay
.Ltmp15:
	.loc	2 82 7                          @ applications/GY906_DAA.c:82:7
	ldr	r0, [sp, #32]
.Ltmp16:
	.loc	2 82 7 is_stmt 0                @ applications/GY906_DAA.c:82:7
	cmp	r0, #1
	bne	.LBB2_12
	b	.LBB2_9
.LBB2_9:                                @   in Loop: Header=BB2_1 Depth=1
.Ltmp17:
	.loc	2 84 5 is_stmt 1                @ applications/GY906_DAA.c:84:5
	bl	stop_bit
.Ltmp18:
	.loc	2 85 8                          @ applications/GY906_DAA.c:85:8
	ldrsb.w	r0, [sp, #37]
.Ltmp19:
	.loc	2 85 8 is_stmt 0                @ applications/GY906_DAA.c:85:8
	cbz	r0, .LBB2_11
	b	.LBB2_10
.LBB2_10:                               @   in Loop: Header=BB2_1 Depth=1
.Ltmp20:
	.loc	2 86 7 is_stmt 1                @ applications/GY906_DAA.c:86:7
	ldrb.w	r0, [sp, #37]
	subs	r0, #1
	strb.w	r0, [sp, #37]
	.loc	2 86 10 is_stmt 0               @ applications/GY906_DAA.c:86:10
	b	.LBB2_13
.Ltmp21:
.LBB2_11:
	.loc	2 88 6 is_stmt 1                @ applications/GY906_DAA.c:88:6
	b	.LBB2_14
.Ltmp22:
.LBB2_12:
	.loc	2 91 5                          @ applications/GY906_DAA.c:91:5
	b	.LBB2_14
.Ltmp23:
.LBB2_13:                               @   in Loop: Header=BB2_1 Depth=1
	@DEBUG_LABEL: tx_byte:Repeat
	.loc	2 93 5                          @ applications/GY906_DAA.c:93:5
	bl	start_bit
	.loc	2 94 5                          @ applications/GY906_DAA.c:94:5
	b	.LBB2_1
.LBB2_14:
.Ltmp24:
	@DEBUG_LABEL: tx_byte:exit
	.loc	2 96 1                          @ applications/GY906_DAA.c:96:1
	add	sp, #40
	pop	{r7, pc}
.Ltmp25:
.Lfunc_end2:
	.size	tx_byte, .Lfunc_end2-tx_byte
	.cfi_endproc
	.cantunwind
	.fnend
                                        @ -- End function
	.section	.text.send_bit,"ax",%progbits
	.hidden	send_bit                        @ -- Begin function send_bit
	.globl	send_bit
	.p2align	3
	.type	send_bit,%function
	.code	16                              @ @send_bit
	.thumb_func
send_bit:
.Lfunc_begin3:
	.loc	2 99 0                          @ applications/GY906_DAA.c:99:0
	.fnstart
	.cfi_startproc
@ %bb.0:
	.loc	2 113 1 prologue_end            @ applications/GY906_DAA.c:113:1
	bx	lr
.Ltmp26:
.Lfunc_end3:
	.size	send_bit, .Lfunc_end3-send_bit
	.cfi_endproc
	.cantunwind
	.fnend
                                        @ -- End function
	.section	.text.rx_byte,"ax",%progbits
	.hidden	rx_byte                         @ -- Begin function rx_byte
	.globl	rx_byte
	.p2align	3
	.type	rx_byte,%function
	.code	16                              @ @rx_byte
	.thumb_func
rx_byte:
.Lfunc_begin4:
	.loc	2 116 0                         @ applications/GY906_DAA.c:116:0
	.fnstart
	.cfi_startproc
@ %bb.0:
	.save	{r7, lr}
	push	{r7, lr}
	.cfi_def_cfa_offset 8
	.cfi_offset lr, -4
	.cfi_offset r7, -8
	.pad	#48
	sub	sp, #48
	.cfi_def_cfa_offset 56
                                        @ kill: def $r1 killed $r0
	strb.w	r0, [sp, #47]
	movs	r0, #0
.Ltmp27:
	.loc	2 118 6 prologue_end            @ applications/GY906_DAA.c:118:6
	strb.w	r0, [sp, #45]
.Ltmp28:
	.loc	2 119 8                         @ applications/GY906_DAA.c:119:8
	strb.w	r0, [sp, #46]
	.loc	2 119 7 is_stmt 0               @ applications/GY906_DAA.c:119:7
	b	.LBB4_1
.LBB4_1:                                @ =>This Inner Loop Header: Depth=1
.Ltmp29:
	.loc	2 119 11                        @ applications/GY906_DAA.c:119:11
	ldrb.w	r0, [sp, #46]
.Ltmp30:
	.loc	2 119 3                         @ applications/GY906_DAA.c:119:3
	cmp	r0, #7
	bgt	.LBB4_6
	b	.LBB4_2
.LBB4_2:                                @   in Loop: Header=BB4_1 Depth=1
.Ltmp31:
	.loc	2 121 9 is_stmt 1               @ applications/GY906_DAA.c:121:9
	ldrb.w	r0, [sp, #45]
	.loc	2 121 12 is_stmt 0              @ applications/GY906_DAA.c:121:12
	lsls	r0, r0, #1
	.loc	2 121 8                         @ applications/GY906_DAA.c:121:8
	strb.w	r0, [sp, #45]
	movs	r0, #15
	str	r0, [sp, #24]                   @ 4-byte Spill
	movs	r1, #1
	.loc	2 122 2 is_stmt 1               @ applications/GY906_DAA.c:122:2
	str	r1, [sp, #28]                   @ 4-byte Spill
	bl	rt_pin_mode
	ldr	r1, [sp, #28]                   @ 4-byte Reload
	movs	r0, #8
	.loc	2 123 2                         @ applications/GY906_DAA.c:123:2
	str	r0, [sp, #32]                   @ 4-byte Spill
	bl	rt_pin_write
	movs	r0, #5
	.loc	2 124 2                         @ applications/GY906_DAA.c:124:2
	str	r0, [sp, #36]                   @ 4-byte Spill
	bl	rt_hw_us_delay
	ldr	r0, [sp, #36]                   @ 4-byte Reload
	.loc	2 125 2                         @ applications/GY906_DAA.c:125:2
	bl	rt_hw_us_delay
	ldr	r0, [sp, #24]                   @ 4-byte Reload
	.loc	2 126 12                        @ applications/GY906_DAA.c:126:12
	bl	rt_pin_read
	mov	r1, r0
	.loc	2 126 6 is_stmt 0               @ applications/GY906_DAA.c:126:6
	ldr	r0, [sp, #28]                   @ 4-byte Reload
	str	r1, [sp, #40]
	.loc	2 127 2 is_stmt 1               @ applications/GY906_DAA.c:127:2
	bl	rt_hw_us_delay
	ldr	r0, [sp, #32]                   @ 4-byte Reload
	movs	r1, #0
	.loc	2 128 2                         @ applications/GY906_DAA.c:128:2
	bl	rt_pin_write
	ldr	r0, [sp, #36]                   @ 4-byte Reload
	.loc	2 129 2                         @ applications/GY906_DAA.c:129:2
	bl	rt_hw_us_delay
	ldr	r0, [sp, #36]                   @ 4-byte Reload
	.loc	2 130 2                         @ applications/GY906_DAA.c:130:2
	bl	rt_hw_us_delay
.Ltmp32:
	.loc	2 131 8                         @ applications/GY906_DAA.c:131:8
	ldr	r0, [sp, #40]
.Ltmp33:
	.loc	2 131 8 is_stmt 0               @ applications/GY906_DAA.c:131:8
	cmp	r0, #1
	bne	.LBB4_4
	b	.LBB4_3
.LBB4_3:                                @   in Loop: Header=BB4_1 Depth=1
.Ltmp34:
	.loc	2 132 10 is_stmt 1              @ applications/GY906_DAA.c:132:10
	ldrb.w	r0, [sp, #45]
	.loc	2 132 13 is_stmt 0              @ applications/GY906_DAA.c:132:13
	adds	r0, #1
	.loc	2 132 9                         @ applications/GY906_DAA.c:132:9
	strb.w	r0, [sp, #45]
	.loc	2 132 6                         @ applications/GY906_DAA.c:132:6
	b	.LBB4_4
.Ltmp35:
.LBB4_4:                                @   in Loop: Header=BB4_1 Depth=1
	.loc	2 133 3 is_stmt 1               @ applications/GY906_DAA.c:133:3
	b	.LBB4_5
.Ltmp36:
.LBB4_5:                                @   in Loop: Header=BB4_1 Depth=1
	.loc	2 119 16                        @ applications/GY906_DAA.c:119:16
	ldrb.w	r0, [sp, #46]
	adds	r0, #1
	strb.w	r0, [sp, #46]
	.loc	2 119 3 is_stmt 0               @ applications/GY906_DAA.c:119:3
	b	.LBB4_1
.Ltmp37:
.LBB4_6:
	.loc	2 0 3                           @ applications/GY906_DAA.c:0:3
	movs	r0, #15
	str	r0, [sp, #4]                    @ 4-byte Spill
	movs	r1, #0
	.loc	2 134 2 is_stmt 1               @ applications/GY906_DAA.c:134:2
	str	r1, [sp, #16]                   @ 4-byte Spill
	bl	rt_pin_mode
	ldr	r0, [sp, #4]                    @ 4-byte Reload
	.loc	2 135 28                        @ applications/GY906_DAA.c:135:28
	ldrb.w	r1, [sp, #47]
	.loc	2 135 2 is_stmt 0               @ applications/GY906_DAA.c:135:2
	bl	rt_pin_write
	movs	r0, #1
	.loc	2 136 2 is_stmt 1               @ applications/GY906_DAA.c:136:2
	str	r0, [sp, #8]                    @ 4-byte Spill
	bl	rt_hw_us_delay
	ldr	r1, [sp, #8]                    @ 4-byte Reload
	movs	r0, #8
	.loc	2 137 2                         @ applications/GY906_DAA.c:137:2
	str	r0, [sp, #12]                   @ 4-byte Spill
	bl	rt_pin_write
	movs	r0, #5
	.loc	2 138 2                         @ applications/GY906_DAA.c:138:2
	str	r0, [sp, #20]                   @ 4-byte Spill
	bl	rt_hw_us_delay
	ldr	r0, [sp, #20]                   @ 4-byte Reload
	.loc	2 139 2                         @ applications/GY906_DAA.c:139:2
	bl	rt_hw_us_delay
	ldr	r0, [sp, #12]                   @ 4-byte Reload
	ldr	r1, [sp, #16]                   @ 4-byte Reload
	.loc	2 140 2                         @ applications/GY906_DAA.c:140:2
	bl	rt_pin_write
	ldr	r0, [sp, #20]                   @ 4-byte Reload
	.loc	2 141 2                         @ applications/GY906_DAA.c:141:2
	bl	rt_hw_us_delay
	ldr	r0, [sp, #20]                   @ 4-byte Reload
	.loc	2 142 2                         @ applications/GY906_DAA.c:142:2
	bl	rt_hw_us_delay
	.loc	2 143 10                        @ applications/GY906_DAA.c:143:10
	ldrb.w	r0, [sp, #45]
	.loc	2 143 3 is_stmt 0               @ applications/GY906_DAA.c:143:3
	add	sp, #48
	pop	{r7, pc}
.Ltmp38:
.Lfunc_end4:
	.size	rx_byte, .Lfunc_end4-rx_byte
	.cfi_endproc
	.cantunwind
	.fnend
                                        @ -- End function
	.section	.text.delay,"ax",%progbits
	.hidden	delay                           @ -- Begin function delay
	.globl	delay
	.p2align	3
	.type	delay,%function
	.code	16                              @ @delay
	.thumb_func
delay:
.Lfunc_begin5:
	.loc	2 149 0 is_stmt 1               @ applications/GY906_DAA.c:149:0
	.fnstart
	.cfi_startproc
@ %bb.0:
	.save	{r7, lr}
	push	{r7, lr}
	.cfi_def_cfa_offset 8
	.cfi_offset lr, -4
	.cfi_offset r7, -8
	.pad	#8
	sub	sp, #8
	.cfi_def_cfa_offset 16
	str	r0, [sp, #4]
.Ltmp39:
	.loc	2 150 18 prologue_end           @ applications/GY906_DAA.c:150:18
	ldr	r0, [sp, #4]
	.loc	2 150 3 is_stmt 0               @ applications/GY906_DAA.c:150:3
	bl	rt_hw_us_delay
	.loc	2 151 1 is_stmt 1               @ applications/GY906_DAA.c:151:1
	add	sp, #8
	pop	{r7, pc}
.Ltmp40:
.Lfunc_end5:
	.size	delay, .Lfunc_end5-delay
	.cfi_endproc
	.cantunwind
	.fnend
                                        @ -- End function
	.section	.text.memread,"ax",%progbits
	.hidden	memread                         @ -- Begin function memread
	.globl	memread
	.p2align	3
	.type	memread,%function
	.code	16                              @ @memread
	.thumb_func
memread:
.Lfunc_begin6:
	.loc	2 154 0                         @ applications/GY906_DAA.c:154:0
	.fnstart
	.cfi_startproc
@ %bb.0:
	.save	{r7, lr}
	push	{r7, lr}
	.cfi_def_cfa_offset 8
	.cfi_offset lr, -4
	.cfi_offset r7, -8
	.pad	#16
	sub	sp, #16
	.cfi_def_cfa_offset 24
	movs	r0, #0
.Ltmp41:
	.loc	2 155 10 prologue_end           @ applications/GY906_DAA.c:155:10
	str	r0, [sp]                        @ 4-byte Spill
	strb.w	r0, [sp, #15]
	.loc	2 156 11                        @ applications/GY906_DAA.c:156:11
	strh.w	r0, [sp, #12]
	.loc	2 156 19 is_stmt 0              @ applications/GY906_DAA.c:156:19
	strh.w	r0, [sp, #10]
	.loc	2 157 2 is_stmt 1               @ applications/GY906_DAA.c:157:2
	bl	start_bit
	ldr	r0, [sp]                        @ 4-byte Reload
	.loc	2 159 2                         @ applications/GY906_DAA.c:159:2
	bl	tx_byte
	movs	r0, #7
	.loc	2 160 2                         @ applications/GY906_DAA.c:160:2
	bl	tx_byte
	.loc	2 162 2                         @ applications/GY906_DAA.c:162:2
	bl	start_bit
	movs	r0, #1
	.loc	2 163 2                         @ applications/GY906_DAA.c:163:2
	str	r0, [sp, #4]                    @ 4-byte Spill
	bl	tx_byte
	ldr	r0, [sp]                        @ 4-byte Reload
	.loc	2 164 8                         @ applications/GY906_DAA.c:164:8
	bl	rx_byte
	mov	r1, r0
	.loc	2 164 7 is_stmt 0               @ applications/GY906_DAA.c:164:7
	ldr	r0, [sp]                        @ 4-byte Reload
	strh.w	r1, [sp, #10]
	.loc	2 165 8 is_stmt 1               @ applications/GY906_DAA.c:165:8
	bl	rx_byte
	mov	r1, r0
	.loc	2 165 7 is_stmt 0               @ applications/GY906_DAA.c:165:7
	ldr	r0, [sp, #4]                    @ 4-byte Reload
	strh.w	r1, [sp, #12]
	.loc	2 166 6 is_stmt 1               @ applications/GY906_DAA.c:166:6
	bl	rx_byte
	.loc	2 166 5 is_stmt 0               @ applications/GY906_DAA.c:166:5
	strb.w	r0, [sp, #15]
	.loc	2 167 2 is_stmt 1               @ applications/GY906_DAA.c:167:2
	bl	stop_bit
	.loc	2 168 9                         @ applications/GY906_DAA.c:168:9
	ldrb.w	r1, [sp, #12]
	.loc	2 168 18 is_stmt 0              @ applications/GY906_DAA.c:168:18
	ldrh.w	r0, [sp, #10]
	.loc	2 168 17                        @ applications/GY906_DAA.c:168:17
	orr.w	r0, r0, r1, lsl #8
	.loc	2 168 2                         @ applications/GY906_DAA.c:168:2
	add	sp, #16
	pop	{r7, pc}
.Ltmp42:
.Lfunc_end6:
	.size	memread, .Lfunc_end6-memread
	.cfi_endproc
	.cantunwind
	.fnend
                                        @ -- End function
	.file	3 "D:\\Keil_v5\\ARM\\ARMCLANG\\Bin\\..\\include" "stdint.h"
	.section	.debug_abbrev,"",%progbits
	.byte	1                               @ Abbreviation Code
	.byte	17                              @ DW_TAG_compile_unit
	.byte	1                               @ DW_CHILDREN_yes
	.byte	37                              @ DW_AT_producer
	.byte	14                              @ DW_FORM_strp
	.byte	19                              @ DW_AT_language
	.byte	5                               @ DW_FORM_data2
	.byte	3                               @ DW_AT_name
	.byte	14                              @ DW_FORM_strp
	.byte	16                              @ DW_AT_stmt_list
	.byte	6                               @ DW_FORM_data4
	.byte	27                              @ DW_AT_comp_dir
	.byte	14                              @ DW_FORM_strp
	.byte	17                              @ DW_AT_low_pc
	.byte	1                               @ DW_FORM_addr
	.byte	85                              @ DW_AT_ranges
	.byte	6                               @ DW_FORM_data4
	.byte	0                               @ EOM(1)
	.byte	0                               @ EOM(2)
	.byte	2                               @ Abbreviation Code
	.byte	22                              @ DW_TAG_typedef
	.byte	0                               @ DW_CHILDREN_no
	.byte	73                              @ DW_AT_type
	.byte	19                              @ DW_FORM_ref4
	.byte	3                               @ DW_AT_name
	.byte	14                              @ DW_FORM_strp
	.byte	58                              @ DW_AT_decl_file
	.byte	11                              @ DW_FORM_data1
	.byte	59                              @ DW_AT_decl_line
	.byte	11                              @ DW_FORM_data1
	.byte	0                               @ EOM(1)
	.byte	0                               @ EOM(2)
	.byte	3                               @ Abbreviation Code
	.byte	36                              @ DW_TAG_base_type
	.byte	0                               @ DW_CHILDREN_no
	.byte	3                               @ DW_AT_name
	.byte	14                              @ DW_FORM_strp
	.byte	62                              @ DW_AT_encoding
	.byte	11                              @ DW_FORM_data1
	.byte	11                              @ DW_AT_byte_size
	.byte	11                              @ DW_FORM_data1
	.byte	0                               @ EOM(1)
	.byte	0                               @ EOM(2)
	.byte	4                               @ Abbreviation Code
	.byte	46                              @ DW_TAG_subprogram
	.byte	0                               @ DW_CHILDREN_no
	.byte	17                              @ DW_AT_low_pc
	.byte	1                               @ DW_FORM_addr
	.byte	18                              @ DW_AT_high_pc
	.byte	1                               @ DW_FORM_addr
	.byte	64                              @ DW_AT_frame_base
	.byte	10                              @ DW_FORM_block1
	.byte	3                               @ DW_AT_name
	.byte	14                              @ DW_FORM_strp
	.byte	58                              @ DW_AT_decl_file
	.byte	11                              @ DW_FORM_data1
	.byte	59                              @ DW_AT_decl_line
	.byte	11                              @ DW_FORM_data1
	.byte	39                              @ DW_AT_prototyped
	.byte	12                              @ DW_FORM_flag
	.byte	63                              @ DW_AT_external
	.byte	12                              @ DW_FORM_flag
	.byte	0                               @ EOM(1)
	.byte	0                               @ EOM(2)
	.byte	5                               @ Abbreviation Code
	.byte	46                              @ DW_TAG_subprogram
	.byte	1                               @ DW_CHILDREN_yes
	.byte	17                              @ DW_AT_low_pc
	.byte	1                               @ DW_FORM_addr
	.byte	18                              @ DW_AT_high_pc
	.byte	1                               @ DW_FORM_addr
	.byte	64                              @ DW_AT_frame_base
	.byte	10                              @ DW_FORM_block1
	.byte	3                               @ DW_AT_name
	.byte	14                              @ DW_FORM_strp
	.byte	58                              @ DW_AT_decl_file
	.byte	11                              @ DW_FORM_data1
	.byte	59                              @ DW_AT_decl_line
	.byte	11                              @ DW_FORM_data1
	.byte	39                              @ DW_AT_prototyped
	.byte	12                              @ DW_FORM_flag
	.byte	63                              @ DW_AT_external
	.byte	12                              @ DW_FORM_flag
	.byte	0                               @ EOM(1)
	.byte	0                               @ EOM(2)
	.byte	6                               @ Abbreviation Code
	.byte	5                               @ DW_TAG_formal_parameter
	.byte	0                               @ DW_CHILDREN_no
	.byte	2                               @ DW_AT_location
	.byte	10                              @ DW_FORM_block1
	.byte	3                               @ DW_AT_name
	.byte	14                              @ DW_FORM_strp
	.byte	58                              @ DW_AT_decl_file
	.byte	11                              @ DW_FORM_data1
	.byte	59                              @ DW_AT_decl_line
	.byte	11                              @ DW_FORM_data1
	.byte	73                              @ DW_AT_type
	.byte	19                              @ DW_FORM_ref4
	.byte	0                               @ EOM(1)
	.byte	0                               @ EOM(2)
	.byte	7                               @ Abbreviation Code
	.byte	52                              @ DW_TAG_variable
	.byte	0                               @ DW_CHILDREN_no
	.byte	2                               @ DW_AT_location
	.byte	10                              @ DW_FORM_block1
	.byte	3                               @ DW_AT_name
	.byte	14                              @ DW_FORM_strp
	.byte	58                              @ DW_AT_decl_file
	.byte	11                              @ DW_FORM_data1
	.byte	59                              @ DW_AT_decl_line
	.byte	11                              @ DW_FORM_data1
	.byte	73                              @ DW_AT_type
	.byte	19                              @ DW_FORM_ref4
	.byte	0                               @ EOM(1)
	.byte	0                               @ EOM(2)
	.byte	8                               @ Abbreviation Code
	.byte	10                              @ DW_TAG_label
	.byte	0                               @ DW_CHILDREN_no
	.byte	3                               @ DW_AT_name
	.byte	14                              @ DW_FORM_strp
	.byte	58                              @ DW_AT_decl_file
	.byte	11                              @ DW_FORM_data1
	.byte	59                              @ DW_AT_decl_line
	.byte	11                              @ DW_FORM_data1
	.byte	17                              @ DW_AT_low_pc
	.byte	1                               @ DW_FORM_addr
	.byte	0                               @ EOM(1)
	.byte	0                               @ EOM(2)
	.byte	9                               @ Abbreviation Code
	.byte	46                              @ DW_TAG_subprogram
	.byte	1                               @ DW_CHILDREN_yes
	.byte	17                              @ DW_AT_low_pc
	.byte	1                               @ DW_FORM_addr
	.byte	18                              @ DW_AT_high_pc
	.byte	1                               @ DW_FORM_addr
	.byte	64                              @ DW_AT_frame_base
	.byte	10                              @ DW_FORM_block1
	.byte	3                               @ DW_AT_name
	.byte	14                              @ DW_FORM_strp
	.byte	58                              @ DW_AT_decl_file
	.byte	11                              @ DW_FORM_data1
	.byte	59                              @ DW_AT_decl_line
	.byte	11                              @ DW_FORM_data1
	.byte	39                              @ DW_AT_prototyped
	.byte	12                              @ DW_FORM_flag
	.byte	73                              @ DW_AT_type
	.byte	19                              @ DW_FORM_ref4
	.byte	63                              @ DW_AT_external
	.byte	12                              @ DW_FORM_flag
	.byte	0                               @ EOM(1)
	.byte	0                               @ EOM(2)
	.byte	10                              @ Abbreviation Code
	.byte	11                              @ DW_TAG_lexical_block
	.byte	1                               @ DW_CHILDREN_yes
	.byte	17                              @ DW_AT_low_pc
	.byte	1                               @ DW_FORM_addr
	.byte	18                              @ DW_AT_high_pc
	.byte	1                               @ DW_FORM_addr
	.byte	0                               @ EOM(1)
	.byte	0                               @ EOM(2)
	.byte	0                               @ EOM(3)
	.section	.debug_info,"",%progbits
.Lcu_begin0:
	.long	.Ldebug_info_end0-.Ldebug_info_start0 @ Length of Unit
.Ldebug_info_start0:
	.short	3                               @ DWARF version number
	.long	.debug_abbrev                   @ Offset Into Abbrev. Section
	.byte	4                               @ Address Size (in bytes)
	.byte	1                               @ Abbrev [1] 0xb:0x1d9 DW_TAG_compile_unit
	.long	.Linfo_string0                  @ DW_AT_producer
	.short	12                              @ DW_AT_language
	.long	.Linfo_string1                  @ DW_AT_name
	.long	.Lline_table_start0             @ DW_AT_stmt_list
	.long	.Linfo_string2                  @ DW_AT_comp_dir
	.long	0                               @ DW_AT_low_pc
	.long	.Ldebug_ranges0                 @ DW_AT_ranges
	.byte	2                               @ Abbrev [2] 0x26:0xb DW_TAG_typedef
	.long	49                              @ DW_AT_type
	.long	.Linfo_string4                  @ DW_AT_name
	.byte	1                               @ DW_AT_decl_file
	.byte	81                              @ DW_AT_decl_line
	.byte	3                               @ Abbrev [3] 0x31:0x7 DW_TAG_base_type
	.long	.Linfo_string3                  @ DW_AT_name
	.byte	5                               @ DW_AT_encoding
	.byte	4                               @ DW_AT_byte_size
	.byte	4                               @ Abbrev [4] 0x38:0x13 DW_TAG_subprogram
	.long	.Lfunc_begin0                   @ DW_AT_low_pc
	.long	.Lfunc_end0                     @ DW_AT_high_pc
	.byte	1                               @ DW_AT_frame_base
	.byte	93
	.long	.Linfo_string5                  @ DW_AT_name
	.byte	2                               @ DW_AT_decl_file
	.byte	21                              @ DW_AT_decl_line
	.byte	1                               @ DW_AT_prototyped
	.byte	1                               @ DW_AT_external
	.byte	4                               @ Abbrev [4] 0x4b:0x13 DW_TAG_subprogram
	.long	.Lfunc_begin1                   @ DW_AT_low_pc
	.long	.Lfunc_end1                     @ DW_AT_high_pc
	.byte	1                               @ DW_AT_frame_base
	.byte	93
	.long	.Linfo_string6                  @ DW_AT_name
	.byte	2                               @ DW_AT_decl_file
	.byte	36                              @ DW_AT_decl_line
	.byte	1                               @ DW_AT_prototyped
	.byte	1                               @ DW_AT_external
	.byte	5                               @ Abbrev [5] 0x5e:0x7b DW_TAG_subprogram
	.long	.Lfunc_begin2                   @ DW_AT_low_pc
	.long	.Lfunc_end2                     @ DW_AT_high_pc
	.byte	1                               @ DW_AT_frame_base
	.byte	93
	.long	.Linfo_string7                  @ DW_AT_name
	.byte	2                               @ DW_AT_decl_file
	.byte	49                              @ DW_AT_decl_line
	.byte	1                               @ DW_AT_prototyped
	.byte	1                               @ DW_AT_external
	.byte	6                               @ Abbrev [6] 0x71:0xe DW_TAG_formal_parameter
	.byte	2                               @ DW_AT_location
	.byte	145
	.byte	39
	.long	.Linfo_string15                 @ DW_AT_name
	.byte	2                               @ DW_AT_decl_file
	.byte	49                              @ DW_AT_decl_line
	.long	426                             @ DW_AT_type
	.byte	7                               @ Abbrev [7] 0x7f:0xe DW_TAG_variable
	.byte	2                               @ DW_AT_location
	.byte	145
	.byte	38
	.long	.Linfo_string16                 @ DW_AT_name
	.byte	2                               @ DW_AT_decl_file
	.byte	51                              @ DW_AT_decl_line
	.long	451                             @ DW_AT_type
	.byte	7                               @ Abbrev [7] 0x8d:0xe DW_TAG_variable
	.byte	2                               @ DW_AT_location
	.byte	145
	.byte	37
	.long	.Linfo_string18                 @ DW_AT_name
	.byte	2                               @ DW_AT_decl_file
	.byte	51                              @ DW_AT_decl_line
	.long	451                             @ DW_AT_type
	.byte	7                               @ Abbrev [7] 0x9b:0xe DW_TAG_variable
	.byte	2                               @ DW_AT_location
	.byte	145
	.byte	36
	.long	.Linfo_string19                 @ DW_AT_name
	.byte	2                               @ DW_AT_decl_file
	.byte	51                              @ DW_AT_decl_line
	.long	451                             @ DW_AT_type
	.byte	7                               @ Abbrev [7] 0xa9:0xe DW_TAG_variable
	.byte	2                               @ DW_AT_location
	.byte	145
	.byte	32
	.long	.Linfo_string20                 @ DW_AT_name
	.byte	2                               @ DW_AT_decl_file
	.byte	77                              @ DW_AT_decl_line
	.long	458                             @ DW_AT_type
	.byte	8                               @ Abbrev [8] 0xb7:0xb DW_TAG_label
	.long	.Linfo_string22                 @ DW_AT_name
	.byte	2                               @ DW_AT_decl_file
	.byte	54                              @ DW_AT_decl_line
	.long	.Ltmp5                          @ DW_AT_low_pc
	.byte	8                               @ Abbrev [8] 0xc2:0xb DW_TAG_label
	.long	.Linfo_string23                 @ DW_AT_name
	.byte	2                               @ DW_AT_decl_file
	.byte	92                              @ DW_AT_decl_line
	.long	.Ltmp23                         @ DW_AT_low_pc
	.byte	8                               @ Abbrev [8] 0xcd:0xb DW_TAG_label
	.long	.Linfo_string24                 @ DW_AT_name
	.byte	2                               @ DW_AT_decl_file
	.byte	95                              @ DW_AT_decl_line
	.long	.Ltmp24                         @ DW_AT_low_pc
	.byte	0                               @ End Of Children Mark
	.byte	4                               @ Abbrev [4] 0xd9:0x13 DW_TAG_subprogram
	.long	.Lfunc_begin3                   @ DW_AT_low_pc
	.long	.Lfunc_end3                     @ DW_AT_high_pc
	.byte	1                               @ DW_AT_frame_base
	.byte	93
	.long	.Linfo_string8                  @ DW_AT_name
	.byte	2                               @ DW_AT_decl_file
	.byte	98                              @ DW_AT_decl_line
	.byte	1                               @ DW_AT_prototyped
	.byte	1                               @ DW_AT_external
	.byte	9                               @ Abbrev [9] 0xec:0x5a DW_TAG_subprogram
	.long	.Lfunc_begin4                   @ DW_AT_low_pc
	.long	.Lfunc_end4                     @ DW_AT_high_pc
	.byte	1                               @ DW_AT_frame_base
	.byte	93
	.long	.Linfo_string9                  @ DW_AT_name
	.byte	2                               @ DW_AT_decl_file
	.byte	115                             @ DW_AT_decl_line
	.byte	1                               @ DW_AT_prototyped
	.long	426                             @ DW_AT_type
	.byte	1                               @ DW_AT_external
	.byte	6                               @ Abbrev [6] 0x103:0xe DW_TAG_formal_parameter
	.byte	2                               @ DW_AT_location
	.byte	145
	.byte	47
	.long	.Linfo_string25                 @ DW_AT_name
	.byte	2                               @ DW_AT_decl_file
	.byte	115                             @ DW_AT_decl_line
	.long	465                             @ DW_AT_type
	.byte	7                               @ Abbrev [7] 0x111:0xe DW_TAG_variable
	.byte	2                               @ DW_AT_location
	.byte	145
	.byte	46
	.long	.Linfo_string16                 @ DW_AT_name
	.byte	2                               @ DW_AT_decl_file
	.byte	117                             @ DW_AT_decl_line
	.long	426                             @ DW_AT_type
	.byte	7                               @ Abbrev [7] 0x11f:0xe DW_TAG_variable
	.byte	2                               @ DW_AT_location
	.byte	145
	.byte	45
	.long	.Linfo_string19                 @ DW_AT_name
	.byte	2                               @ DW_AT_decl_file
	.byte	117                             @ DW_AT_decl_line
	.long	426                             @ DW_AT_type
	.byte	10                              @ Abbrev [10] 0x12d:0x18 DW_TAG_lexical_block
	.long	.Ltmp31                         @ DW_AT_low_pc
	.long	.Ltmp36                         @ DW_AT_high_pc
	.byte	7                               @ Abbrev [7] 0x136:0xe DW_TAG_variable
	.byte	2                               @ DW_AT_location
	.byte	145
	.byte	40
	.long	.Linfo_string20                 @ DW_AT_name
	.byte	2                               @ DW_AT_decl_file
	.byte	126                             @ DW_AT_decl_line
	.long	458                             @ DW_AT_type
	.byte	0                               @ End Of Children Mark
	.byte	0                               @ End Of Children Mark
	.byte	5                               @ Abbrev [5] 0x146:0x22 DW_TAG_subprogram
	.long	.Lfunc_begin5                   @ DW_AT_low_pc
	.long	.Lfunc_end5                     @ DW_AT_high_pc
	.byte	1                               @ DW_AT_frame_base
	.byte	93
	.long	.Linfo_string11                 @ DW_AT_name
	.byte	2                               @ DW_AT_decl_file
	.byte	148                             @ DW_AT_decl_line
	.byte	1                               @ DW_AT_prototyped
	.byte	1                               @ DW_AT_external
	.byte	6                               @ Abbrev [6] 0x159:0xe DW_TAG_formal_parameter
	.byte	2                               @ DW_AT_location
	.byte	145
	.byte	4
	.long	.Linfo_string27                 @ DW_AT_name
	.byte	2                               @ DW_AT_decl_file
	.byte	148                             @ DW_AT_decl_line
	.long	476                             @ DW_AT_type
	.byte	0                               @ End Of Children Mark
	.byte	9                               @ Abbrev [9] 0x168:0x42 DW_TAG_subprogram
	.long	.Lfunc_begin6                   @ DW_AT_low_pc
	.long	.Lfunc_end6                     @ DW_AT_high_pc
	.byte	1                               @ DW_AT_frame_base
	.byte	93
	.long	.Linfo_string12                 @ DW_AT_name
	.byte	2                               @ DW_AT_decl_file
	.byte	153                             @ DW_AT_decl_line
	.byte	1                               @ DW_AT_prototyped
	.long	433                             @ DW_AT_type
	.byte	1                               @ DW_AT_external
	.byte	7                               @ Abbrev [7] 0x17f:0xe DW_TAG_variable
	.byte	2                               @ DW_AT_location
	.byte	145
	.byte	15
	.long	.Linfo_string29                 @ DW_AT_name
	.byte	2                               @ DW_AT_decl_file
	.byte	155                             @ DW_AT_decl_line
	.long	465                             @ DW_AT_type
	.byte	7                               @ Abbrev [7] 0x18d:0xe DW_TAG_variable
	.byte	2                               @ DW_AT_location
	.byte	145
	.byte	12
	.long	.Linfo_string30                 @ DW_AT_name
	.byte	2                               @ DW_AT_decl_file
	.byte	156                             @ DW_AT_decl_line
	.long	433                             @ DW_AT_type
	.byte	7                               @ Abbrev [7] 0x19b:0xe DW_TAG_variable
	.byte	2                               @ DW_AT_location
	.byte	145
	.byte	10
	.long	.Linfo_string31                 @ DW_AT_name
	.byte	2                               @ DW_AT_decl_file
	.byte	156                             @ DW_AT_decl_line
	.long	433                             @ DW_AT_type
	.byte	0                               @ End Of Children Mark
	.byte	3                               @ Abbrev [3] 0x1aa:0x7 DW_TAG_base_type
	.long	.Linfo_string10                 @ DW_AT_name
	.byte	8                               @ DW_AT_encoding
	.byte	1                               @ DW_AT_byte_size
	.byte	2                               @ Abbrev [2] 0x1b1:0xb DW_TAG_typedef
	.long	444                             @ DW_AT_type
	.long	.Linfo_string14                 @ DW_AT_name
	.byte	3                               @ DW_AT_decl_file
	.byte	63                              @ DW_AT_decl_line
	.byte	3                               @ Abbrev [3] 0x1bc:0x7 DW_TAG_base_type
	.long	.Linfo_string13                 @ DW_AT_name
	.byte	7                               @ DW_AT_encoding
	.byte	2                               @ DW_AT_byte_size
	.byte	3                               @ Abbrev [3] 0x1c3:0x7 DW_TAG_base_type
	.long	.Linfo_string17                 @ DW_AT_name
	.byte	6                               @ DW_AT_encoding
	.byte	1                               @ DW_AT_byte_size
	.byte	3                               @ Abbrev [3] 0x1ca:0x7 DW_TAG_base_type
	.long	.Linfo_string21                 @ DW_AT_name
	.byte	5                               @ DW_AT_encoding
	.byte	4                               @ DW_AT_byte_size
	.byte	2                               @ Abbrev [2] 0x1d1:0xb DW_TAG_typedef
	.long	426                             @ DW_AT_type
	.long	.Linfo_string26                 @ DW_AT_name
	.byte	3                               @ DW_AT_decl_file
	.byte	62                              @ DW_AT_decl_line
	.byte	3                               @ Abbrev [3] 0x1dc:0x7 DW_TAG_base_type
	.long	.Linfo_string28                 @ DW_AT_name
	.byte	7                               @ DW_AT_encoding
	.byte	4                               @ DW_AT_byte_size
	.byte	0                               @ End Of Children Mark
.Ldebug_info_end0:
	.section	.debug_ranges,"",%progbits
.Ldebug_ranges0:
	.long	.Lfunc_begin0
	.long	.Lfunc_end0
	.long	.Lfunc_begin1
	.long	.Lfunc_end1
	.long	.Lfunc_begin2
	.long	.Lfunc_end2
	.long	.Lfunc_begin3
	.long	.Lfunc_end3
	.long	.Lfunc_begin4
	.long	.Lfunc_end4
	.long	.Lfunc_begin5
	.long	.Lfunc_end5
	.long	.Lfunc_begin6
	.long	.Lfunc_end6
	.long	0
	.long	0
	.section	.debug_str,"MS",%progbits,1
.Linfo_string0:
	.asciz	"Component: ARM Compiler 6.16 Tool: armclang [5dfeb700]" @ string offset=0
.Linfo_string1:
	.asciz	"applications\\GY906_DAA.c"     @ string offset=55
.Linfo_string2:
	.asciz	"E:\\STM32\\Learning\\STM32H750_ART_PI_RGBLCD" @ string offset=80
.Linfo_string3:
	.asciz	"long int"                      @ string offset=122
.Linfo_string4:
	.asciz	"rt_base_t"                     @ string offset=131
.Linfo_string5:
	.asciz	"start_bit"                     @ string offset=141
.Linfo_string6:
	.asciz	"stop_bit"                      @ string offset=151
.Linfo_string7:
	.asciz	"tx_byte"                       @ string offset=160
.Linfo_string8:
	.asciz	"send_bit"                      @ string offset=168
.Linfo_string9:
	.asciz	"rx_byte"                       @ string offset=177
.Linfo_string10:
	.asciz	"unsigned char"                 @ string offset=185
.Linfo_string11:
	.asciz	"delay"                         @ string offset=199
.Linfo_string12:
	.asciz	"memread"                       @ string offset=205
.Linfo_string13:
	.asciz	"unsigned short"                @ string offset=213
.Linfo_string14:
	.asciz	"uint16_t"                      @ string offset=228
.Linfo_string15:
	.asciz	"dat_byte"                      @ string offset=237
.Linfo_string16:
	.asciz	"i"                             @ string offset=246
.Linfo_string17:
	.asciz	"char"                          @ string offset=248
.Linfo_string18:
	.asciz	"n"                             @ string offset=253
.Linfo_string19:
	.asciz	"dat"                           @ string offset=255
.Linfo_string20:
	.asciz	"bit"                           @ string offset=259
.Linfo_string21:
	.asciz	"int"                           @ string offset=263
.Linfo_string22:
	.asciz	"TX_again"                      @ string offset=267
.Linfo_string23:
	.asciz	"Repeat"                        @ string offset=276
.Linfo_string24:
	.asciz	"exit"                          @ string offset=283
.Linfo_string25:
	.asciz	"ack"                           @ string offset=288
.Linfo_string26:
	.asciz	"uint8_t"                       @ string offset=292
.Linfo_string27:
	.asciz	"N"                             @ string offset=300
.Linfo_string28:
	.asciz	"unsigned int"                  @ string offset=302
.Linfo_string29:
	.asciz	"reg"                           @ string offset=315
.Linfo_string30:
	.asciz	"datah"                         @ string offset=319
.Linfo_string31:
	.asciz	"datal"                         @ string offset=325
	.ident	"Component: ARM Compiler 6.16 Tool: armclang [5dfeb700]"
	.section	".note.GNU-stack","",%progbits
	.eabi_attribute	30, 6	@ Tag_ABI_optimization_goals
	.ARM_attribute	16, 1	@ Tag_AV_eba
	.section	.debug_line,"",%progbits
.Lline_table_start0:
