	.text
	.syntax unified
	.eabi_attribute	67, "2.09"	@ Tag_conformance
	.cpu	cortex-m7
	.eabi_attribute	6, 13	@ Tag_CPU_arch
	.eabi_attribute	7, 77	@ Tag_CPU_arch_profile
	.eabi_attribute	8, 0	@ Tag_ARM_ISA_use
	.eabi_attribute	9, 2	@ Tag_THUMB_ISA_use
	.fpu	fpv5-d16
	.eabi_attribute	36, 1	@ Tag_FP_HP_extension
	.eabi_attribute	34, 1	@ Tag_CPU_unaligned_access
	.eabi_attribute	17, 1	@ Tag_ABI_PCS_GOT_use
	.eabi_attribute	20, 2	@ Tag_ABI_FP_denormal
	.eabi_attribute	21, 0	@ Tag_ABI_FP_exceptions
	.eabi_attribute	23, 1	@ Tag_ABI_FP_number_model
	.eabi_attribute	24, 1	@ Tag_ABI_align_needed
	.eabi_attribute	25, 1	@ Tag_ABI_align_preserved
	.eabi_attribute	28, 1	@ Tag_ABI_VFP_args
	.eabi_attribute	38, 1	@ Tag_ABI_FP_16bit_format
	.eabi_attribute	18, 2	@ Tag_ABI_PCS_wchar_t
	.eabi_attribute	26, 1	@ Tag_ABI_enum_size
	.eabi_attribute	14, 0	@ Tag_ABI_PCS_R9_use
	.file	"idle.c"
	.file	1 "E:\\Smart-access-control\\Hardware\\CODE" "rt-thread/include\\rtdef.h"
	.file	2 "E:\\Smart-access-control\\Hardware\\CODE" "rt-thread/src/idle.c"
	.section	.text.rt_thread_idle_sethook,"ax",%progbits
	.hidden	rt_thread_idle_sethook          @ -- Begin function rt_thread_idle_sethook
	.globl	rt_thread_idle_sethook
	.p2align	3
	.type	rt_thread_idle_sethook,%function
	.code	16                              @ @rt_thread_idle_sethook
	.thumb_func
rt_thread_idle_sethook:
.Lfunc_begin0:
	.loc	2 73 0                          @ rt-thread/src/idle.c:73:0
	.fnstart
	.cfi_sections .debug_frame
	.cfi_startproc
@ %bb.0:
	@DEBUG_VALUE: rt_thread_idle_sethook:hook <- $r0
	.save	{r4, r5, r7, lr}
	push	{r4, r5, r7, lr}
	.cfi_def_cfa_offset 16
	.cfi_offset lr, -4
	.cfi_offset r7, -8
	.cfi_offset r5, -12
	.cfi_offset r4, -16
	mov	r4, r0
.Ltmp0:
	@DEBUG_VALUE: rt_thread_idle_sethook:hook <- $r4
	@DEBUG_VALUE: rt_thread_idle_sethook:ret <- -3
	@DEBUG_VALUE: rt_thread_idle_sethook:hook <- $r4
	movs	r5, #0
.Ltmp1:
	.loc	2 79 13 prologue_end            @ rt-thread/src/idle.c:79:13
	bl	rt_hw_interrupt_disable
.Ltmp2:
	@DEBUG_VALUE: rt_thread_idle_sethook:i <- 0
	@DEBUG_VALUE: rt_thread_idle_sethook:level <- $r0
	.loc	2 0 13 is_stmt 0                @ rt-thread/src/idle.c:0:13
	movw	r1, :lower16:idle_hook_list
	movt	r1, :upper16:idle_hook_list
.Ltmp3:
	.p2align	2
.LBB0_1:                                @ =>This Inner Loop Header: Depth=1
	@DEBUG_VALUE: rt_thread_idle_sethook:hook <- $r4
	@DEBUG_VALUE: rt_thread_idle_sethook:level <- $r0
	@DEBUG_VALUE: rt_thread_idle_sethook:ret <- -3
	@DEBUG_VALUE: rt_thread_idle_sethook:i <- $r5
	.loc	2 83 13 is_stmt 1               @ rt-thread/src/idle.c:83:13
	ldr.w	r2, [r1, r5, lsl #2]
.Ltmp4:
	@DEBUG_VALUE: rt_thread_idle_sethook:i <- undef
	.loc	2 0 13 is_stmt 0                @ rt-thread/src/idle.c:0:13
	cbz	r2, .LBB0_4
.Ltmp5:
@ %bb.2:                                @   in Loop: Header=BB0_1 Depth=1
	@DEBUG_VALUE: rt_thread_idle_sethook:hook <- $r4
	@DEBUG_VALUE: rt_thread_idle_sethook:level <- $r0
	@DEBUG_VALUE: rt_thread_idle_sethook:ret <- -3
	adds	r5, #1
.Ltmp6:
	@DEBUG_VALUE: rt_thread_idle_sethook:i <- $r5
	.loc	2 81 5 is_stmt 1                @ rt-thread/src/idle.c:81:5
	cmp	r5, #4
	bne	.LBB0_1
.Ltmp7:
@ %bb.3:
	@DEBUG_VALUE: rt_thread_idle_sethook:i <- $r5
	@DEBUG_VALUE: rt_thread_idle_sethook:hook <- $r4
	@DEBUG_VALUE: rt_thread_idle_sethook:level <- $r0
	@DEBUG_VALUE: rt_thread_idle_sethook:ret <- -3
	.loc	2 0 5 is_stmt 0                 @ rt-thread/src/idle.c:0:5
	mvn	r4, #2
.Ltmp8:
	b	.LBB0_5
.Ltmp9:
.LBB0_4:
	@DEBUG_VALUE: rt_thread_idle_sethook:hook <- $r4
	@DEBUG_VALUE: rt_thread_idle_sethook:level <- $r0
	@DEBUG_VALUE: rt_thread_idle_sethook:ret <- -3
	.loc	2 85 31 is_stmt 1               @ rt-thread/src/idle.c:85:31
	str.w	r4, [r1, r5, lsl #2]
	movs	r4, #0
.Ltmp10:
	@DEBUG_VALUE: rt_thread_idle_sethook:ret <- 0
.LBB0_5:
	@DEBUG_VALUE: rt_thread_idle_sethook:level <- $r0
	@DEBUG_VALUE: rt_thread_idle_sethook:ret <- $r4
	.loc	2 91 5                          @ rt-thread/src/idle.c:91:5
	bl	rt_hw_interrupt_enable
.Ltmp11:
	.loc	2 93 5                          @ rt-thread/src/idle.c:93:5
	mov	r0, r4
	pop	{r4, r5, r7, pc}
.Ltmp12:
.Lfunc_end0:
	.size	rt_thread_idle_sethook, .Lfunc_end0-rt_thread_idle_sethook
	.cfi_endproc
	.cantunwind
	.fnend
                                        @ -- End function
	.section	.text.rt_thread_idle_delhook,"ax",%progbits
	.hidden	rt_thread_idle_delhook          @ -- Begin function rt_thread_idle_delhook
	.globl	rt_thread_idle_delhook
	.p2align	3
	.type	rt_thread_idle_delhook,%function
	.code	16                              @ @rt_thread_idle_delhook
	.thumb_func
rt_thread_idle_delhook:
.Lfunc_begin1:
	.loc	2 105 0                         @ rt-thread/src/idle.c:105:0
	.fnstart
	.cfi_startproc
@ %bb.0:
	@DEBUG_VALUE: rt_thread_idle_delhook:hook <- $r0
	.save	{r4, r5, r7, lr}
	push	{r4, r5, r7, lr}
	.cfi_def_cfa_offset 16
	.cfi_offset lr, -4
	.cfi_offset r7, -8
	.cfi_offset r5, -12
	.cfi_offset r4, -16
	mov	r4, r0
.Ltmp13:
	@DEBUG_VALUE: rt_thread_idle_delhook:hook <- $r4
	@DEBUG_VALUE: rt_thread_idle_delhook:ret <- -6
	@DEBUG_VALUE: rt_thread_idle_delhook:hook <- $r4
	movs	r5, #0
.Ltmp14:
	.loc	2 111 13 prologue_end           @ rt-thread/src/idle.c:111:13
	bl	rt_hw_interrupt_disable
.Ltmp15:
	@DEBUG_VALUE: rt_thread_idle_delhook:i <- 0
	@DEBUG_VALUE: rt_thread_idle_delhook:level <- $r0
	.loc	2 0 13 is_stmt 0                @ rt-thread/src/idle.c:0:13
	movw	r1, :lower16:idle_hook_list
	movt	r1, :upper16:idle_hook_list
.Ltmp16:
	.p2align	2
.LBB1_1:                                @ =>This Inner Loop Header: Depth=1
	@DEBUG_VALUE: rt_thread_idle_delhook:hook <- $r4
	@DEBUG_VALUE: rt_thread_idle_delhook:level <- $r0
	@DEBUG_VALUE: rt_thread_idle_delhook:ret <- -6
	@DEBUG_VALUE: rt_thread_idle_delhook:i <- $r5
	.loc	2 115 13 is_stmt 1              @ rt-thread/src/idle.c:115:13
	ldr.w	r2, [r1, r5, lsl #2]
.Ltmp17:
	@DEBUG_VALUE: rt_thread_idle_delhook:i <- undef
	.loc	2 115 13 is_stmt 0              @ rt-thread/src/idle.c:115:13
	cmp	r2, r4
	beq	.LBB1_4
.Ltmp18:
@ %bb.2:                                @   in Loop: Header=BB1_1 Depth=1
	@DEBUG_VALUE: rt_thread_idle_delhook:hook <- $r4
	@DEBUG_VALUE: rt_thread_idle_delhook:level <- $r0
	@DEBUG_VALUE: rt_thread_idle_delhook:ret <- -6
	.loc	2 0 0                           @ rt-thread/src/idle.c:0:0
	adds	r5, #1
.Ltmp19:
	@DEBUG_VALUE: rt_thread_idle_delhook:i <- $r5
	.loc	2 113 5 is_stmt 1               @ rt-thread/src/idle.c:113:5
	cmp	r5, #4
	bne	.LBB1_1
.Ltmp20:
@ %bb.3:
	@DEBUG_VALUE: rt_thread_idle_delhook:i <- $r5
	@DEBUG_VALUE: rt_thread_idle_delhook:hook <- $r4
	@DEBUG_VALUE: rt_thread_idle_delhook:level <- $r0
	@DEBUG_VALUE: rt_thread_idle_delhook:ret <- -6
	.loc	2 0 5 is_stmt 0                 @ rt-thread/src/idle.c:0:5
	mvn	r4, #5
.Ltmp21:
	b	.LBB1_5
.Ltmp22:
.LBB1_4:
	@DEBUG_VALUE: rt_thread_idle_delhook:hook <- $r4
	@DEBUG_VALUE: rt_thread_idle_delhook:level <- $r0
	@DEBUG_VALUE: rt_thread_idle_delhook:ret <- -6
	movs	r4, #0
.Ltmp23:
	.loc	2 117 31 is_stmt 1              @ rt-thread/src/idle.c:117:31
	str.w	r4, [r1, r5, lsl #2]
.Ltmp24:
	@DEBUG_VALUE: rt_thread_idle_delhook:ret <- 0
.LBB1_5:
	@DEBUG_VALUE: rt_thread_idle_delhook:level <- $r0
	@DEBUG_VALUE: rt_thread_idle_delhook:ret <- $r4
	.loc	2 123 5                         @ rt-thread/src/idle.c:123:5
	bl	rt_hw_interrupt_enable
.Ltmp25:
	.loc	2 125 5                         @ rt-thread/src/idle.c:125:5
	mov	r0, r4
	pop	{r4, r5, r7, pc}
.Ltmp26:
.Lfunc_end1:
	.size	rt_thread_idle_delhook, .Lfunc_end1-rt_thread_idle_delhook
	.cfi_endproc
	.cantunwind
	.fnend
                                        @ -- End function
	.section	.text.rt_thread_idle_excute,"ax",%progbits
	.hidden	rt_thread_idle_excute           @ -- Begin function rt_thread_idle_excute
	.globl	rt_thread_idle_excute
	.p2align	3
	.type	rt_thread_idle_excute,%function
	.code	16                              @ @rt_thread_idle_excute
	.thumb_func
rt_thread_idle_excute:
.Lfunc_begin2:
	.loc	2 150 0                         @ rt-thread/src/idle.c:150:0
	.fnstart
	.cfi_startproc
@ %bb.0:
	.save	{r4, r5, r6, r7, r8, r9, lr}
	push.w	{r4, r5, r6, r7, r8, r9, lr}
	.cfi_def_cfa_offset 28
	.cfi_offset lr, -4
	.cfi_offset r9, -8
	.cfi_offset r8, -12
	.cfi_offset r7, -16
	.cfi_offset r6, -20
	.cfi_offset r5, -24
	.cfi_offset r4, -28
	.pad	#4
	sub	sp, #4
	.cfi_def_cfa_offset 32
.Ltmp27:
	.loc	2 153 12 prologue_end           @ rt-thread/src/idle.c:153:12
	bl	_has_defunct_thread
	.loc	2 153 5 is_stmt 0               @ rt-thread/src/idle.c:153:5
	cbz	r0, .LBB2_9
@ %bb.1:
	.loc	2 0 5                           @ rt-thread/src/idle.c:0:5
	movw	r5, :lower16:rt_thread_defunct
	adr.w	r8, .LCPI2_0
	movt	r5, :upper16:rt_thread_defunct
	adr.w	r9, .LCPI2_1
	.p2align	2
.LBB2_2:                                @ =>This Inner Loop Header: Depth=1
.Ltmp28:
	.loc	2 160 9 is_stmt 1               @ rt-thread/src/idle.c:160:9
	bl	rt_hw_interrupt_disable
	mov	r4, r0
.Ltmp29:
	@DEBUG_VALUE: level <- $r4
	.loc	2 160 9 is_stmt 0               @ rt-thread/src/idle.c:160:9
	bl	rt_interrupt_get_nest
.Ltmp30:
	.loc	2 160 9                         @ rt-thread/src/idle.c:160:9
	cbz	r0, .LBB2_4
.Ltmp31:
@ %bb.3:                                @   in Loop: Header=BB2_2 Depth=1
	@DEBUG_VALUE: level <- $r4
	.loc	2 160 9                         @ rt-thread/src/idle.c:160:9
	movs	r2, #160
	mov	r0, r8
	mov	r1, r9
	bl	rt_assert_handler
.Ltmp32:
.LBB2_4:                                @   in Loop: Header=BB2_2 Depth=1
	@DEBUG_VALUE: level <- $r4
	.loc	2 160 9                         @ rt-thread/src/idle.c:160:9
	mov	r0, r4
	bl	rt_hw_interrupt_enable
.Ltmp33:
	.loc	2 163 16 is_stmt 1              @ rt-thread/src/idle.c:163:16
	bl	rt_hw_interrupt_disable
	mov	r6, r0
.Ltmp34:
	@DEBUG_VALUE: lock <- $r6
	.loc	2 166 13                        @ rt-thread/src/idle.c:166:13
	bl	_has_defunct_thread
.Ltmp35:
	.loc	2 166 13 is_stmt 0              @ rt-thread/src/idle.c:166:13
	cbz	r0, .LBB2_11
.Ltmp36:
@ %bb.5:                                @   in Loop: Header=BB2_2 Depth=1
	@DEBUG_VALUE: lock <- $r6
	.loc	2 169 22 is_stmt 1              @ rt-thread/src/idle.c:169:22
	ldr	r4, [r5]
	.loc	2 180 13                        @ rt-thread/src/idle.c:180:13
	mov	r0, r4
	.loc	2 169 22                        @ rt-thread/src/idle.c:169:22
	sub.w	r7, r4, #20
.Ltmp37:
	@DEBUG_VALUE: thread <- $r7
	.loc	2 180 13                        @ rt-thread/src/idle.c:180:13
	bl	rt_list_remove
	.loc	2 183 13                        @ rt-thread/src/idle.c:183:13
	bl	rt_enter_critical
.Ltmp38:
	.loc	2 186 25                        @ rt-thread/src/idle.c:186:25
	ldr	r1, [r4, #100]
.Ltmp39:
	.loc	2 186 17 is_stmt 0              @ rt-thread/src/idle.c:186:17
	cbz	r1, .LBB2_7
.Ltmp40:
@ %bb.6:                                @   in Loop: Header=BB2_2 Depth=1
	@DEBUG_VALUE: thread <- $r7
	@DEBUG_VALUE: lock <- $r6
	@DEBUG_VALUE: thread <- $r7
	.loc	2 187 17 is_stmt 1              @ rt-thread/src/idle.c:187:17
	mov	r0, r7
	blx	r1
.Ltmp41:
.LBB2_7:                                @   in Loop: Header=BB2_2 Depth=1
	@DEBUG_VALUE: thread <- $r7
	@DEBUG_VALUE: lock <- $r6
	.loc	2 194 17                        @ rt-thread/src/idle.c:194:17
	mov	r0, r7
	bl	rt_object_is_systemobject
.Ltmp42:
	.loc	2 194 17 is_stmt 0              @ rt-thread/src/idle.c:194:17
	cmp	r0, #1
	beq	.LBB2_10
.Ltmp43:
@ %bb.8:                                @   in Loop: Header=BB2_2 Depth=1
	@DEBUG_VALUE: thread <- $r7
	@DEBUG_VALUE: lock <- $r6
	.loc	2 208 13 is_stmt 1              @ rt-thread/src/idle.c:208:13
	bl	rt_exit_critical
.Ltmp44:
	.loc	2 220 9                         @ rt-thread/src/idle.c:220:9
	mov	r0, r6
	bl	rt_hw_interrupt_enable
	.loc	2 224 9                         @ rt-thread/src/idle.c:224:9
	ldr	r0, [r4, #20]
	bl	rt_free
	.loc	2 226 9                         @ rt-thread/src/idle.c:226:9
	mov	r0, r7
	bl	rt_object_delete
.Ltmp45:
	.loc	2 153 12                        @ rt-thread/src/idle.c:153:12
	bl	_has_defunct_thread
	.loc	2 153 5 is_stmt 0               @ rt-thread/src/idle.c:153:5
	cmp	r0, #0
	bne	.LBB2_2
.Ltmp46:
.LBB2_9:
	.loc	2 229 1 is_stmt 1               @ rt-thread/src/idle.c:229:1
	add	sp, #4
	pop.w	{r4, r5, r6, r7, r8, r9, pc}
.LBB2_10:
.Ltmp47:
	@DEBUG_VALUE: thread <- $r7
	@DEBUG_VALUE: lock <- $r6
	.loc	2 197 17                        @ rt-thread/src/idle.c:197:17
	mov	r0, r7
	bl	rt_object_detach
	.loc	2 199 17                        @ rt-thread/src/idle.c:199:17
	bl	rt_exit_critical
.Ltmp48:
.LBB2_11:
	@DEBUG_VALUE: lock <- $r6
	.loc	2 0 0 is_stmt 0                 @ rt-thread/src/idle.c:0:0
	mov	r0, r6
	bl	rt_hw_interrupt_enable
.Ltmp49:
	.loc	2 229 1 is_stmt 1               @ rt-thread/src/idle.c:229:1
	add	sp, #4
	pop.w	{r4, r5, r6, r7, r8, r9, pc}
.Ltmp50:
	.p2align	2
@ %bb.12:
	.loc	2 0 1 is_stmt 0                 @ rt-thread/src/idle.c:0:1
.LCPI2_0:
.L.str:
	.asciz	"0\000\000"
.LCPI2_1:
.L__FUNCTION__.rt_thread_idle_excute:
	.asciz	"rt_thread_idle_excute\000\000"
.Lfunc_end2:
	.size	rt_thread_idle_excute, .Lfunc_end2-rt_thread_idle_excute
	.cfi_endproc
	.cantunwind
	.fnend
                                        @ -- End function
	.section	.text._has_defunct_thread,"ax",%progbits
	.p2align	3                               @ -- Begin function _has_defunct_thread
	.type	_has_defunct_thread,%function
	.code	16                              @ @_has_defunct_thread
	.thumb_func
_has_defunct_thread:
.Lfunc_begin3:
	.loc	2 132 0 is_stmt 1               @ rt-thread/src/idle.c:132:0
	.fnstart
	.cfi_startproc
@ %bb.0:
	.loc	2 141 15 prologue_end           @ rt-thread/src/idle.c:141:15
	movw	r0, :lower16:rt_thread_defunct
	movt	r0, :upper16:rt_thread_defunct
.Ltmp51:
	@DEBUG_VALUE: _has_defunct_thread:l <- $r0
	ldr	r1, [r0]
	.loc	2 141 20 is_stmt 0              @ rt-thread/src/idle.c:141:20
	subs	r0, r1, r0
.Ltmp52:
	it	ne
	movne	r0, #1
	.loc	2 141 5                         @ rt-thread/src/idle.c:141:5
	bx	lr
.Ltmp53:
.Lfunc_end3:
	.size	_has_defunct_thread, .Lfunc_end3-_has_defunct_thread
	.cfi_endproc
	.cantunwind
	.fnend
                                        @ -- End function
	.section	.text.rt_list_remove,"ax",%progbits
	.p2align	3                               @ -- Begin function rt_list_remove
	.type	rt_list_remove,%function
	.code	16                              @ @rt_list_remove
	.thumb_func
rt_list_remove:
.Lfunc_begin4:
	.file	3 "E:\\Smart-access-control\\Hardware\\CODE" "rt-thread/include\\rtservice.h"
	.loc	3 87 0 is_stmt 1                @ rt-thread/include\rtservice.h:87:0
	.fnstart
	.cfi_startproc
@ %bb.0:
	@DEBUG_VALUE: rt_list_remove:n <- $r0
	@DEBUG_VALUE: rt_list_remove:n <- $r0
	.loc	3 88 8 prologue_end             @ rt-thread/include\rtservice.h:88:8
	ldrd	r1, r2, [r0]
	.loc	3 88 19 is_stmt 0               @ rt-thread/include\rtservice.h:88:19
	str	r2, [r1, #4]
	.loc	3 89 8 is_stmt 1                @ rt-thread/include\rtservice.h:89:8
	ldr	r2, [r0, #4]
	.loc	3 89 19 is_stmt 0               @ rt-thread/include\rtservice.h:89:19
	str	r1, [r2]
	.loc	3 91 13 is_stmt 1               @ rt-thread/include\rtservice.h:91:13
	strd	r0, r0, [r0]
	.loc	3 92 1                          @ rt-thread/include\rtservice.h:92:1
	bx	lr
.Ltmp54:
.Lfunc_end4:
	.size	rt_list_remove, .Lfunc_end4-rt_list_remove
	.cfi_endproc
	.cantunwind
	.fnend
                                        @ -- End function
	.section	.text.rt_thread_idle_init,"ax",%progbits
	.hidden	rt_thread_idle_init             @ -- Begin function rt_thread_idle_init
	.globl	rt_thread_idle_init
	.p2align	3
	.type	rt_thread_idle_init,%function
	.code	16                              @ @rt_thread_idle_init
	.thumb_func
rt_thread_idle_init:
.Lfunc_begin5:
	.loc	2 273 0                         @ rt-thread/src/idle.c:273:0
	.fnstart
	.cfi_startproc
@ %bb.0:
	.save	{r4, r5, r7, lr}
	push	{r4, r5, r7, lr}
	.cfi_def_cfa_offset 16
	.cfi_offset lr, -4
	.cfi_offset r7, -8
	.cfi_offset r5, -12
	.cfi_offset r4, -16
	.pad	#24
	sub	sp, #24
	.cfi_def_cfa_offset 40
.Ltmp55:
	@DEBUG_VALUE: rt_thread_idle_init:i <- undef
	add	r4, sp, #16
.Ltmp56:
	.loc	2 279 9 prologue_end            @ rt-thread/src/idle.c:279:9
	adr	r1, .LCPI5_0
	movs	r2, #0
	mov	r0, r4
	bl	rt_sprintf
	.loc	2 280 9                         @ rt-thread/src/idle.c:280:9
	movw	r5, :lower16:idle
	movw	r0, :lower16:rt_thread_stack
	movt	r5, :upper16:idle
	movw	r2, :lower16:rt_thread_idle_entry
	movt	r0, :upper16:rt_thread_stack
	movs	r1, #31
	str	r0, [sp]
	mov.w	r0, #512
	strd	r0, r1, [sp, #4]
	movt	r2, :upper16:rt_thread_idle_entry
	movs	r3, #0
	movs	r0, #32
	str	r0, [sp, #12]
	mov	r0, r5
	mov	r1, r4
	bl	rt_thread_init
	.loc	2 292 9                         @ rt-thread/src/idle.c:292:9
	mov	r0, r5
	bl	rt_thread_startup
.Ltmp57:
	@DEBUG_VALUE: rt_thread_idle_init:i <- undef
	.loc	2 294 1                         @ rt-thread/src/idle.c:294:1
	add	sp, #24
	pop	{r4, r5, r7, pc}
.Ltmp58:
	.p2align	2
@ %bb.1:
	.loc	2 0 1 is_stmt 0                 @ rt-thread/src/idle.c:0:1
.LCPI5_0:
.L.str.1:
	.asciz	"tidle%d"
.Lfunc_end5:
	.size	rt_thread_idle_init, .Lfunc_end5-rt_thread_idle_init
	.cfi_endproc
	.cantunwind
	.fnend
                                        @ -- End function
	.section	.text.rt_thread_idle_entry,"ax",%progbits
	.p2align	3                               @ -- Begin function rt_thread_idle_entry
	.type	rt_thread_idle_entry,%function
	.code	16                              @ @rt_thread_idle_entry
	.thumb_func
rt_thread_idle_entry:
.Lfunc_begin6:
	.loc	2 233 0 is_stmt 1               @ rt-thread/src/idle.c:233:0
	.fnstart
	.cfi_startproc
@ %bb.0:
	@DEBUG_VALUE: rt_thread_idle_entry:parameter <- $r0
	movw	r4, :lower16:idle_hook_list
	movs	r5, #0
	movt	r4, :upper16:idle_hook_list
.Ltmp59:
	.p2align	2
.LBB6_1:                                @ =>This Inner Loop Header: Depth=1
	@DEBUG_VALUE: i <- $r5
	.loc	2 251 17 prologue_end           @ rt-thread/src/idle.c:251:17
	ldr.w	r0, [r4, r5, lsl #2]
.Ltmp60:
	@DEBUG_VALUE: rt_thread_idle_entry:parameter <- [DW_OP_LLVM_entry_value 1] $r0
	.loc	2 251 17 is_stmt 0              @ rt-thread/src/idle.c:251:17
	cbz	r0, .LBB6_3
.Ltmp61:
@ %bb.2:                                @   in Loop: Header=BB6_1 Depth=1
	@DEBUG_VALUE: i <- $r5
	.loc	2 253 17 is_stmt 1              @ rt-thread/src/idle.c:253:17
	blx	r0
.Ltmp62:
.LBB6_3:                                @   in Loop: Header=BB6_1 Depth=1
	@DEBUG_VALUE: i <- $r5
	.loc	2 249 50                        @ rt-thread/src/idle.c:249:50
	adds	r5, #1
.Ltmp63:
	@DEBUG_VALUE: i <- $r5
	.loc	2 249 9 is_stmt 0               @ rt-thread/src/idle.c:249:9
	cmp	r5, #4
	bne	.LBB6_1
.Ltmp64:
@ %bb.4:                                @   in Loop: Header=BB6_1 Depth=1
	@DEBUG_VALUE: i <- $r5
	.loc	2 258 9 is_stmt 1               @ rt-thread/src/idle.c:258:9
	bl	rt_thread_idle_excute
	movs	r5, #0
.Ltmp65:
	.loc	2 0 9 is_stmt 0                 @ rt-thread/src/idle.c:0:9
	b	.LBB6_1
.Ltmp66:
.Lfunc_end6:
	.size	rt_thread_idle_entry, .Lfunc_end6-rt_thread_idle_entry
	.cfi_endproc
	.cantunwind
	.fnend
                                        @ -- End function
	.section	.text.rt_thread_idle_gethandler,"ax",%progbits
	.hidden	rt_thread_idle_gethandler       @ -- Begin function rt_thread_idle_gethandler
	.globl	rt_thread_idle_gethandler
	.p2align	3
	.type	rt_thread_idle_gethandler,%function
	.code	16                              @ @rt_thread_idle_gethandler
	.thumb_func
rt_thread_idle_gethandler:
.Lfunc_begin7:
	.loc	2 303 0 is_stmt 1               @ rt-thread/src/idle.c:303:0
	.fnstart
	.cfi_startproc
@ %bb.0:
	@DEBUG_VALUE: rt_thread_idle_gethandler:id <- 0
	.loc	2 310 5 prologue_end            @ rt-thread/src/idle.c:310:5
	movw	r0, :lower16:idle
	movt	r0, :upper16:idle
	bx	lr
.Ltmp67:
.Lfunc_end7:
	.size	rt_thread_idle_gethandler, .Lfunc_end7-rt_thread_idle_gethandler
	.cfi_endproc
	.cantunwind
	.fnend
                                        @ -- End function
	.type	idle_hook_list,%object          @ @idle_hook_list
	.section	.bss.idle_hook_list,"aw",%nobits
	.p2align	2
idle_hook_list:
	.zero	16
	.size	idle_hook_list, 16

	.type	idle,%object                    @ @idle
	.section	.bss.idle,"aw",%nobits
	.p2align	2
idle:
	.zero	128
	.size	idle, 128

	.type	rt_thread_stack,%object         @ @rt_thread_stack
	.section	.bss.rt_thread_stack,"aw",%nobits
	.p2align	2
rt_thread_stack:
	.zero	512
	.size	rt_thread_stack, 512

	.section	.debug_loc,"",%progbits
.Ldebug_loc0:
	.long	-1
	.long	.Lfunc_begin0                   @   base address
	.long	.Lfunc_begin0-.Lfunc_begin0
	.long	.Ltmp0-.Lfunc_begin0
	.short	1                               @ Loc expr size
	.byte	80                              @ DW_OP_reg0
	.long	.Ltmp0-.Lfunc_begin0
	.long	.Ltmp8-.Lfunc_begin0
	.short	1                               @ Loc expr size
	.byte	84                              @ DW_OP_reg4
	.long	.Ltmp9-.Lfunc_begin0
	.long	.Ltmp10-.Lfunc_begin0
	.short	1                               @ Loc expr size
	.byte	84                              @ DW_OP_reg4
	.long	0
	.long	0
.Ldebug_loc1:
	.long	-1
	.long	.Lfunc_begin0                   @   base address
	.long	.Ltmp0-.Lfunc_begin0
	.long	.Ltmp10-.Lfunc_begin0
	.short	11                              @ Loc expr size
	.byte	16                              @ DW_OP_constu
	.byte	253                             @ 18446744073709551613
	.byte	255                             @ 
	.byte	255                             @ 
	.byte	255                             @ 
	.byte	255                             @ 
	.byte	255                             @ 
	.byte	255                             @ 
	.byte	255                             @ 
	.byte	255                             @ 
	.byte	1                               @ 
	.long	.Ltmp10-.Lfunc_begin0
	.long	.Ltmp12-.Lfunc_begin0
	.short	1                               @ Loc expr size
	.byte	84                              @ DW_OP_reg4
	.long	0
	.long	0
.Ldebug_loc2:
	.long	-1
	.long	.Lfunc_begin0                   @   base address
	.long	.Ltmp2-.Lfunc_begin0
	.long	.Ltmp3-.Lfunc_begin0
	.short	1                               @ Loc expr size
	.byte	48                              @ DW_OP_lit0
	.long	.Ltmp3-.Lfunc_begin0
	.long	.Ltmp4-.Lfunc_begin0
	.short	1                               @ Loc expr size
	.byte	85                              @ DW_OP_reg5
	.long	.Ltmp6-.Lfunc_begin0
	.long	.Ltmp9-.Lfunc_begin0
	.short	1                               @ Loc expr size
	.byte	85                              @ DW_OP_reg5
	.long	0
	.long	0
.Ldebug_loc3:
	.long	-1
	.long	.Lfunc_begin0                   @   base address
	.long	.Ltmp2-.Lfunc_begin0
	.long	.Ltmp11-.Lfunc_begin0
	.short	1                               @ Loc expr size
	.byte	80                              @ DW_OP_reg0
	.long	0
	.long	0
.Ldebug_loc4:
	.long	-1
	.long	.Lfunc_begin1                   @   base address
	.long	.Lfunc_begin1-.Lfunc_begin1
	.long	.Ltmp13-.Lfunc_begin1
	.short	1                               @ Loc expr size
	.byte	80                              @ DW_OP_reg0
	.long	.Ltmp13-.Lfunc_begin1
	.long	.Ltmp21-.Lfunc_begin1
	.short	1                               @ Loc expr size
	.byte	84                              @ DW_OP_reg4
	.long	.Ltmp22-.Lfunc_begin1
	.long	.Ltmp23-.Lfunc_begin1
	.short	1                               @ Loc expr size
	.byte	84                              @ DW_OP_reg4
	.long	0
	.long	0
.Ldebug_loc5:
	.long	-1
	.long	.Lfunc_begin1                   @   base address
	.long	.Ltmp13-.Lfunc_begin1
	.long	.Ltmp24-.Lfunc_begin1
	.short	11                              @ Loc expr size
	.byte	16                              @ DW_OP_constu
	.byte	250                             @ 18446744073709551610
	.byte	255                             @ 
	.byte	255                             @ 
	.byte	255                             @ 
	.byte	255                             @ 
	.byte	255                             @ 
	.byte	255                             @ 
	.byte	255                             @ 
	.byte	255                             @ 
	.byte	1                               @ 
	.long	.Ltmp24-.Lfunc_begin1
	.long	.Ltmp26-.Lfunc_begin1
	.short	1                               @ Loc expr size
	.byte	84                              @ DW_OP_reg4
	.long	0
	.long	0
.Ldebug_loc6:
	.long	-1
	.long	.Lfunc_begin1                   @   base address
	.long	.Ltmp15-.Lfunc_begin1
	.long	.Ltmp16-.Lfunc_begin1
	.short	1                               @ Loc expr size
	.byte	48                              @ DW_OP_lit0
	.long	.Ltmp16-.Lfunc_begin1
	.long	.Ltmp17-.Lfunc_begin1
	.short	1                               @ Loc expr size
	.byte	85                              @ DW_OP_reg5
	.long	.Ltmp19-.Lfunc_begin1
	.long	.Ltmp22-.Lfunc_begin1
	.short	1                               @ Loc expr size
	.byte	85                              @ DW_OP_reg5
	.long	0
	.long	0
.Ldebug_loc7:
	.long	-1
	.long	.Lfunc_begin1                   @   base address
	.long	.Ltmp15-.Lfunc_begin1
	.long	.Ltmp25-.Lfunc_begin1
	.short	1                               @ Loc expr size
	.byte	80                              @ DW_OP_reg0
	.long	0
	.long	0
.Ldebug_loc8:
	.long	-1
	.long	.Lfunc_begin2                   @   base address
	.long	.Ltmp29-.Lfunc_begin2
	.long	.Ltmp36-.Lfunc_begin2
	.short	1                               @ Loc expr size
	.byte	84                              @ DW_OP_reg4
	.long	0
	.long	0
.Ldebug_loc9:
	.long	-1
	.long	.Lfunc_begin2                   @   base address
	.long	.Ltmp34-.Lfunc_begin2
	.long	.Ltmp46-.Lfunc_begin2
	.short	1                               @ Loc expr size
	.byte	86                              @ DW_OP_reg6
	.long	.Ltmp47-.Lfunc_begin2
	.long	.Ltmp50-.Lfunc_begin2
	.short	1                               @ Loc expr size
	.byte	86                              @ DW_OP_reg6
	.long	0
	.long	0
.Ldebug_loc10:
	.long	-1
	.long	.Lfunc_begin2                   @   base address
	.long	.Ltmp37-.Lfunc_begin2
	.long	.Ltmp46-.Lfunc_begin2
	.short	1                               @ Loc expr size
	.byte	87                              @ DW_OP_reg7
	.long	.Ltmp47-.Lfunc_begin2
	.long	.Ltmp48-.Lfunc_begin2
	.short	1                               @ Loc expr size
	.byte	87                              @ DW_OP_reg7
	.long	0
	.long	0
.Ldebug_loc11:
	.long	-1
	.long	.Lfunc_begin3                   @   base address
	.long	.Ltmp51-.Lfunc_begin3
	.long	.Ltmp52-.Lfunc_begin3
	.short	1                               @ Loc expr size
	.byte	80                              @ DW_OP_reg0
	.long	0
	.long	0
.Ldebug_loc12:
	.long	-1
	.long	.Lfunc_begin6                   @   base address
	.long	.Lfunc_begin6-.Lfunc_begin6
	.long	.Ltmp59-.Lfunc_begin6
	.short	1                               @ Loc expr size
	.byte	80                              @ DW_OP_reg0
	.long	.Ltmp60-.Lfunc_begin6
	.long	.Ltmp61-.Lfunc_begin6
	.short	3                               @ Loc expr size
	.byte	163                             @ DW_OP_entry_value
	.byte	1                               @ 1
	.byte	80                              @ DW_OP_reg0
	.long	0
	.long	0
.Ldebug_loc13:
	.long	-1
	.long	.Lfunc_begin6                   @   base address
	.long	.Ltmp59-.Lfunc_begin6
	.long	.Ltmp65-.Lfunc_begin6
	.short	1                               @ Loc expr size
	.byte	85                              @ DW_OP_reg5
	.long	0
	.long	0
	.section	.debug_abbrev,"",%progbits
	.byte	1                               @ Abbreviation Code
	.byte	17                              @ DW_TAG_compile_unit
	.byte	1                               @ DW_CHILDREN_yes
	.byte	37                              @ DW_AT_producer
	.byte	14                              @ DW_FORM_strp
	.byte	19                              @ DW_AT_language
	.byte	5                               @ DW_FORM_data2
	.byte	3                               @ DW_AT_name
	.byte	14                              @ DW_FORM_strp
	.byte	16                              @ DW_AT_stmt_list
	.byte	6                               @ DW_FORM_data4
	.byte	27                              @ DW_AT_comp_dir
	.byte	14                              @ DW_FORM_strp
	.byte	17                              @ DW_AT_low_pc
	.byte	1                               @ DW_FORM_addr
	.byte	85                              @ DW_AT_ranges
	.byte	6                               @ DW_FORM_data4
	.byte	0                               @ EOM(1)
	.byte	0                               @ EOM(2)
	.byte	2                               @ Abbreviation Code
	.byte	52                              @ DW_TAG_variable
	.byte	0                               @ DW_CHILDREN_no
	.byte	3                               @ DW_AT_name
	.byte	14                              @ DW_FORM_strp
	.byte	73                              @ DW_AT_type
	.byte	19                              @ DW_FORM_ref4
	.byte	58                              @ DW_AT_decl_file
	.byte	11                              @ DW_FORM_data1
	.byte	59                              @ DW_AT_decl_line
	.byte	11                              @ DW_FORM_data1
	.byte	2                               @ DW_AT_location
	.byte	10                              @ DW_FORM_block1
	.byte	0                               @ EOM(1)
	.byte	0                               @ EOM(2)
	.byte	3                               @ Abbreviation Code
	.byte	1                               @ DW_TAG_array_type
	.byte	1                               @ DW_CHILDREN_yes
	.byte	73                              @ DW_AT_type
	.byte	19                              @ DW_FORM_ref4
	.byte	0                               @ EOM(1)
	.byte	0                               @ EOM(2)
	.byte	4                               @ Abbreviation Code
	.byte	33                              @ DW_TAG_subrange_type
	.byte	0                               @ DW_CHILDREN_no
	.byte	73                              @ DW_AT_type
	.byte	19                              @ DW_FORM_ref4
	.byte	55                              @ DW_AT_count
	.byte	11                              @ DW_FORM_data1
	.byte	0                               @ EOM(1)
	.byte	0                               @ EOM(2)
	.byte	5                               @ Abbreviation Code
	.byte	19                              @ DW_TAG_structure_type
	.byte	1                               @ DW_CHILDREN_yes
	.byte	3                               @ DW_AT_name
	.byte	14                              @ DW_FORM_strp
	.byte	11                              @ DW_AT_byte_size
	.byte	11                              @ DW_FORM_data1
	.byte	58                              @ DW_AT_decl_file
	.byte	11                              @ DW_FORM_data1
	.byte	59                              @ DW_AT_decl_line
	.byte	5                               @ DW_FORM_data2
	.byte	0                               @ EOM(1)
	.byte	0                               @ EOM(2)
	.byte	6                               @ Abbreviation Code
	.byte	13                              @ DW_TAG_member
	.byte	0                               @ DW_CHILDREN_no
	.byte	3                               @ DW_AT_name
	.byte	14                              @ DW_FORM_strp
	.byte	73                              @ DW_AT_type
	.byte	19                              @ DW_FORM_ref4
	.byte	58                              @ DW_AT_decl_file
	.byte	11                              @ DW_FORM_data1
	.byte	59                              @ DW_AT_decl_line
	.byte	5                               @ DW_FORM_data2
	.byte	56                              @ DW_AT_data_member_location
	.byte	11                              @ DW_FORM_data1
	.byte	0                               @ EOM(1)
	.byte	0                               @ EOM(2)
	.byte	7                               @ Abbreviation Code
	.byte	36                              @ DW_TAG_base_type
	.byte	0                               @ DW_CHILDREN_no
	.byte	3                               @ DW_AT_name
	.byte	14                              @ DW_FORM_strp
	.byte	62                              @ DW_AT_encoding
	.byte	11                              @ DW_FORM_data1
	.byte	11                              @ DW_AT_byte_size
	.byte	11                              @ DW_FORM_data1
	.byte	0                               @ EOM(1)
	.byte	0                               @ EOM(2)
	.byte	8                               @ Abbreviation Code
	.byte	36                              @ DW_TAG_base_type
	.byte	0                               @ DW_CHILDREN_no
	.byte	3                               @ DW_AT_name
	.byte	14                              @ DW_FORM_strp
	.byte	11                              @ DW_AT_byte_size
	.byte	11                              @ DW_FORM_data1
	.byte	62                              @ DW_AT_encoding
	.byte	11                              @ DW_FORM_data1
	.byte	0                               @ EOM(1)
	.byte	0                               @ EOM(2)
	.byte	9                               @ Abbreviation Code
	.byte	22                              @ DW_TAG_typedef
	.byte	0                               @ DW_CHILDREN_no
	.byte	73                              @ DW_AT_type
	.byte	19                              @ DW_FORM_ref4
	.byte	3                               @ DW_AT_name
	.byte	14                              @ DW_FORM_strp
	.byte	58                              @ DW_AT_decl_file
	.byte	11                              @ DW_FORM_data1
	.byte	59                              @ DW_AT_decl_line
	.byte	11                              @ DW_FORM_data1
	.byte	0                               @ EOM(1)
	.byte	0                               @ EOM(2)
	.byte	10                              @ Abbreviation Code
	.byte	22                              @ DW_TAG_typedef
	.byte	0                               @ DW_CHILDREN_no
	.byte	73                              @ DW_AT_type
	.byte	19                              @ DW_FORM_ref4
	.byte	3                               @ DW_AT_name
	.byte	14                              @ DW_FORM_strp
	.byte	58                              @ DW_AT_decl_file
	.byte	11                              @ DW_FORM_data1
	.byte	59                              @ DW_AT_decl_line
	.byte	5                               @ DW_FORM_data2
	.byte	0                               @ EOM(1)
	.byte	0                               @ EOM(2)
	.byte	11                              @ Abbreviation Code
	.byte	15                              @ DW_TAG_pointer_type
	.byte	0                               @ DW_CHILDREN_no
	.byte	73                              @ DW_AT_type
	.byte	19                              @ DW_FORM_ref4
	.byte	0                               @ EOM(1)
	.byte	0                               @ EOM(2)
	.byte	12                              @ Abbreviation Code
	.byte	15                              @ DW_TAG_pointer_type
	.byte	0                               @ DW_CHILDREN_no
	.byte	0                               @ EOM(1)
	.byte	0                               @ EOM(2)
	.byte	13                              @ Abbreviation Code
	.byte	21                              @ DW_TAG_subroutine_type
	.byte	1                               @ DW_CHILDREN_yes
	.byte	39                              @ DW_AT_prototyped
	.byte	12                              @ DW_FORM_flag
	.byte	0                               @ EOM(1)
	.byte	0                               @ EOM(2)
	.byte	14                              @ Abbreviation Code
	.byte	5                               @ DW_TAG_formal_parameter
	.byte	0                               @ DW_CHILDREN_no
	.byte	73                              @ DW_AT_type
	.byte	19                              @ DW_FORM_ref4
	.byte	0                               @ EOM(1)
	.byte	0                               @ EOM(2)
	.byte	15                              @ Abbreviation Code
	.byte	52                              @ DW_TAG_variable
	.byte	0                               @ DW_CHILDREN_no
	.byte	3                               @ DW_AT_name
	.byte	14                              @ DW_FORM_strp
	.byte	73                              @ DW_AT_type
	.byte	19                              @ DW_FORM_ref4
	.byte	58                              @ DW_AT_decl_file
	.byte	11                              @ DW_FORM_data1
	.byte	59                              @ DW_AT_decl_line
	.byte	11                              @ DW_FORM_data1
	.ascii	"\210\001"                      @ DW_AT_alignment
	.byte	15                              @ DW_FORM_udata
	.byte	2                               @ DW_AT_location
	.byte	10                              @ DW_FORM_block1
	.byte	0                               @ EOM(1)
	.byte	0                               @ EOM(2)
	.byte	16                              @ Abbreviation Code
	.byte	33                              @ DW_TAG_subrange_type
	.byte	0                               @ DW_CHILDREN_no
	.byte	73                              @ DW_AT_type
	.byte	19                              @ DW_FORM_ref4
	.byte	55                              @ DW_AT_count
	.byte	5                               @ DW_FORM_data2
	.byte	0                               @ EOM(1)
	.byte	0                               @ EOM(2)
	.byte	17                              @ Abbreviation Code
	.byte	21                              @ DW_TAG_subroutine_type
	.byte	0                               @ DW_CHILDREN_no
	.byte	39                              @ DW_AT_prototyped
	.byte	12                              @ DW_FORM_flag
	.byte	0                               @ EOM(1)
	.byte	0                               @ EOM(2)
	.byte	18                              @ Abbreviation Code
	.byte	38                              @ DW_TAG_const_type
	.byte	0                               @ DW_CHILDREN_no
	.byte	73                              @ DW_AT_type
	.byte	19                              @ DW_FORM_ref4
	.byte	0                               @ EOM(1)
	.byte	0                               @ EOM(2)
	.byte	19                              @ Abbreviation Code
	.byte	53                              @ DW_TAG_volatile_type
	.byte	0                               @ DW_CHILDREN_no
	.byte	73                              @ DW_AT_type
	.byte	19                              @ DW_FORM_ref4
	.byte	0                               @ EOM(1)
	.byte	0                               @ EOM(2)
	.byte	20                              @ Abbreviation Code
	.byte	46                              @ DW_TAG_subprogram
	.byte	1                               @ DW_CHILDREN_yes
	.byte	17                              @ DW_AT_low_pc
	.byte	1                               @ DW_FORM_addr
	.byte	18                              @ DW_AT_high_pc
	.byte	1                               @ DW_FORM_addr
	.byte	64                              @ DW_AT_frame_base
	.byte	10                              @ DW_FORM_block1
	.byte	3                               @ DW_AT_name
	.byte	14                              @ DW_FORM_strp
	.byte	58                              @ DW_AT_decl_file
	.byte	11                              @ DW_FORM_data1
	.byte	59                              @ DW_AT_decl_line
	.byte	11                              @ DW_FORM_data1
	.byte	39                              @ DW_AT_prototyped
	.byte	12                              @ DW_FORM_flag
	.byte	73                              @ DW_AT_type
	.byte	19                              @ DW_FORM_ref4
	.byte	63                              @ DW_AT_external
	.byte	12                              @ DW_FORM_flag
	.byte	0                               @ EOM(1)
	.byte	0                               @ EOM(2)
	.byte	21                              @ Abbreviation Code
	.byte	5                               @ DW_TAG_formal_parameter
	.byte	0                               @ DW_CHILDREN_no
	.byte	2                               @ DW_AT_location
	.byte	6                               @ DW_FORM_data4
	.byte	3                               @ DW_AT_name
	.byte	14                              @ DW_FORM_strp
	.byte	58                              @ DW_AT_decl_file
	.byte	11                              @ DW_FORM_data1
	.byte	59                              @ DW_AT_decl_line
	.byte	11                              @ DW_FORM_data1
	.byte	73                              @ DW_AT_type
	.byte	19                              @ DW_FORM_ref4
	.byte	0                               @ EOM(1)
	.byte	0                               @ EOM(2)
	.byte	22                              @ Abbreviation Code
	.byte	52                              @ DW_TAG_variable
	.byte	0                               @ DW_CHILDREN_no
	.byte	2                               @ DW_AT_location
	.byte	6                               @ DW_FORM_data4
	.byte	3                               @ DW_AT_name
	.byte	14                              @ DW_FORM_strp
	.byte	58                              @ DW_AT_decl_file
	.byte	11                              @ DW_FORM_data1
	.byte	59                              @ DW_AT_decl_line
	.byte	11                              @ DW_FORM_data1
	.byte	73                              @ DW_AT_type
	.byte	19                              @ DW_FORM_ref4
	.byte	0                               @ EOM(1)
	.byte	0                               @ EOM(2)
	.byte	23                              @ Abbreviation Code
	.byte	46                              @ DW_TAG_subprogram
	.byte	1                               @ DW_CHILDREN_yes
	.byte	17                              @ DW_AT_low_pc
	.byte	1                               @ DW_FORM_addr
	.byte	18                              @ DW_AT_high_pc
	.byte	1                               @ DW_FORM_addr
	.byte	64                              @ DW_AT_frame_base
	.byte	10                              @ DW_FORM_block1
	.byte	3                               @ DW_AT_name
	.byte	14                              @ DW_FORM_strp
	.byte	58                              @ DW_AT_decl_file
	.byte	11                              @ DW_FORM_data1
	.byte	59                              @ DW_AT_decl_line
	.byte	11                              @ DW_FORM_data1
	.byte	39                              @ DW_AT_prototyped
	.byte	12                              @ DW_FORM_flag
	.byte	63                              @ DW_AT_external
	.byte	12                              @ DW_FORM_flag
	.byte	0                               @ EOM(1)
	.byte	0                               @ EOM(2)
	.byte	24                              @ Abbreviation Code
	.byte	11                              @ DW_TAG_lexical_block
	.byte	1                               @ DW_CHILDREN_yes
	.byte	85                              @ DW_AT_ranges
	.byte	6                               @ DW_FORM_data4
	.byte	0                               @ EOM(1)
	.byte	0                               @ EOM(2)
	.byte	25                              @ Abbreviation Code
	.byte	11                              @ DW_TAG_lexical_block
	.byte	1                               @ DW_CHILDREN_yes
	.byte	17                              @ DW_AT_low_pc
	.byte	1                               @ DW_FORM_addr
	.byte	18                              @ DW_AT_high_pc
	.byte	1                               @ DW_FORM_addr
	.byte	0                               @ EOM(1)
	.byte	0                               @ EOM(2)
	.byte	26                              @ Abbreviation Code
	.byte	46                              @ DW_TAG_subprogram
	.byte	1                               @ DW_CHILDREN_yes
	.byte	17                              @ DW_AT_low_pc
	.byte	1                               @ DW_FORM_addr
	.byte	18                              @ DW_AT_high_pc
	.byte	1                               @ DW_FORM_addr
	.byte	64                              @ DW_AT_frame_base
	.byte	10                              @ DW_FORM_block1
	.byte	3                               @ DW_AT_name
	.byte	14                              @ DW_FORM_strp
	.byte	58                              @ DW_AT_decl_file
	.byte	11                              @ DW_FORM_data1
	.byte	59                              @ DW_AT_decl_line
	.byte	11                              @ DW_FORM_data1
	.byte	39                              @ DW_AT_prototyped
	.byte	12                              @ DW_FORM_flag
	.byte	73                              @ DW_AT_type
	.byte	19                              @ DW_FORM_ref4
	.byte	0                               @ EOM(1)
	.byte	0                               @ EOM(2)
	.byte	27                              @ Abbreviation Code
	.byte	46                              @ DW_TAG_subprogram
	.byte	1                               @ DW_CHILDREN_yes
	.byte	17                              @ DW_AT_low_pc
	.byte	1                               @ DW_FORM_addr
	.byte	18                              @ DW_AT_high_pc
	.byte	1                               @ DW_FORM_addr
	.byte	64                              @ DW_AT_frame_base
	.byte	10                              @ DW_FORM_block1
	.byte	3                               @ DW_AT_name
	.byte	14                              @ DW_FORM_strp
	.byte	58                              @ DW_AT_decl_file
	.byte	11                              @ DW_FORM_data1
	.byte	59                              @ DW_AT_decl_line
	.byte	11                              @ DW_FORM_data1
	.byte	39                              @ DW_AT_prototyped
	.byte	12                              @ DW_FORM_flag
	.byte	0                               @ EOM(1)
	.byte	0                               @ EOM(2)
	.byte	28                              @ Abbreviation Code
	.byte	5                               @ DW_TAG_formal_parameter
	.byte	0                               @ DW_CHILDREN_no
	.byte	2                               @ DW_AT_location
	.byte	10                              @ DW_FORM_block1
	.byte	3                               @ DW_AT_name
	.byte	14                              @ DW_FORM_strp
	.byte	58                              @ DW_AT_decl_file
	.byte	11                              @ DW_FORM_data1
	.byte	59                              @ DW_AT_decl_line
	.byte	11                              @ DW_FORM_data1
	.byte	73                              @ DW_AT_type
	.byte	19                              @ DW_FORM_ref4
	.byte	0                               @ EOM(1)
	.byte	0                               @ EOM(2)
	.byte	29                              @ Abbreviation Code
	.byte	46                              @ DW_TAG_subprogram
	.byte	1                               @ DW_CHILDREN_yes
	.byte	17                              @ DW_AT_low_pc
	.byte	1                               @ DW_FORM_addr
	.byte	18                              @ DW_AT_high_pc
	.byte	1                               @ DW_FORM_addr
	.byte	64                              @ DW_AT_frame_base
	.byte	10                              @ DW_FORM_block1
	.byte	3                               @ DW_AT_name
	.byte	14                              @ DW_FORM_strp
	.byte	58                              @ DW_AT_decl_file
	.byte	11                              @ DW_FORM_data1
	.byte	59                              @ DW_AT_decl_line
	.byte	5                               @ DW_FORM_data2
	.byte	39                              @ DW_AT_prototyped
	.byte	12                              @ DW_FORM_flag
	.byte	63                              @ DW_AT_external
	.byte	12                              @ DW_FORM_flag
	.byte	0                               @ EOM(1)
	.byte	0                               @ EOM(2)
	.byte	30                              @ Abbreviation Code
	.byte	52                              @ DW_TAG_variable
	.byte	0                               @ DW_CHILDREN_no
	.byte	2                               @ DW_AT_location
	.byte	10                              @ DW_FORM_block1
	.byte	3                               @ DW_AT_name
	.byte	14                              @ DW_FORM_strp
	.byte	58                              @ DW_AT_decl_file
	.byte	11                              @ DW_FORM_data1
	.byte	59                              @ DW_AT_decl_line
	.byte	5                               @ DW_FORM_data2
	.byte	73                              @ DW_AT_type
	.byte	19                              @ DW_FORM_ref4
	.byte	0                               @ EOM(1)
	.byte	0                               @ EOM(2)
	.byte	31                              @ Abbreviation Code
	.byte	52                              @ DW_TAG_variable
	.byte	0                               @ DW_CHILDREN_no
	.byte	3                               @ DW_AT_name
	.byte	14                              @ DW_FORM_strp
	.byte	58                              @ DW_AT_decl_file
	.byte	11                              @ DW_FORM_data1
	.byte	59                              @ DW_AT_decl_line
	.byte	5                               @ DW_FORM_data2
	.byte	73                              @ DW_AT_type
	.byte	19                              @ DW_FORM_ref4
	.byte	0                               @ EOM(1)
	.byte	0                               @ EOM(2)
	.byte	32                              @ Abbreviation Code
	.byte	46                              @ DW_TAG_subprogram
	.byte	1                               @ DW_CHILDREN_yes
	.byte	17                              @ DW_AT_low_pc
	.byte	1                               @ DW_FORM_addr
	.byte	18                              @ DW_AT_high_pc
	.byte	1                               @ DW_FORM_addr
	.byte	64                              @ DW_AT_frame_base
	.byte	10                              @ DW_FORM_block1
	.byte	3                               @ DW_AT_name
	.byte	14                              @ DW_FORM_strp
	.byte	58                              @ DW_AT_decl_file
	.byte	11                              @ DW_FORM_data1
	.byte	59                              @ DW_AT_decl_line
	.byte	5                               @ DW_FORM_data2
	.byte	39                              @ DW_AT_prototyped
	.byte	12                              @ DW_FORM_flag
	.byte	73                              @ DW_AT_type
	.byte	19                              @ DW_FORM_ref4
	.byte	63                              @ DW_AT_external
	.byte	12                              @ DW_FORM_flag
	.byte	0                               @ EOM(1)
	.byte	0                               @ EOM(2)
	.byte	33                              @ Abbreviation Code
	.byte	52                              @ DW_TAG_variable
	.byte	0                               @ DW_CHILDREN_no
	.byte	28                              @ DW_AT_const_value
	.byte	13                              @ DW_FORM_sdata
	.byte	3                               @ DW_AT_name
	.byte	14                              @ DW_FORM_strp
	.byte	58                              @ DW_AT_decl_file
	.byte	11                              @ DW_FORM_data1
	.byte	59                              @ DW_AT_decl_line
	.byte	5                               @ DW_FORM_data2
	.byte	73                              @ DW_AT_type
	.byte	19                              @ DW_FORM_ref4
	.byte	0                               @ EOM(1)
	.byte	0                               @ EOM(2)
	.byte	0                               @ EOM(3)
	.section	.debug_info,"",%progbits
.Lcu_begin0:
	.long	.Ldebug_info_end0-.Ldebug_info_start0 @ Length of Unit
.Ldebug_info_start0:
	.short	3                               @ DWARF version number
	.long	.debug_abbrev                   @ Offset Into Abbrev. Section
	.byte	4                               @ Address Size (in bytes)
	.byte	1                               @ Abbrev [1] 0xb:0x531 DW_TAG_compile_unit
	.long	.Linfo_string0                  @ DW_AT_producer
	.short	12                              @ DW_AT_language
	.long	.Linfo_string1                  @ DW_AT_name
	.long	.Lline_table_start0             @ DW_AT_stmt_list
	.long	.Linfo_string2                  @ DW_AT_comp_dir
	.long	0                               @ DW_AT_low_pc
	.long	.Ldebug_ranges1                 @ DW_AT_ranges
	.byte	2                               @ Abbrev [2] 0x26:0x11 DW_TAG_variable
	.long	.Linfo_string3                  @ DW_AT_name
	.long	55                              @ DW_AT_type
	.byte	2                               @ DW_AT_decl_file
	.byte	49                              @ DW_AT_decl_line
	.byte	5                               @ DW_AT_location
	.byte	3
	.long	idle
	.byte	3                               @ Abbrev [3] 0x37:0xc DW_TAG_array_type
	.long	67                              @ DW_AT_type
	.byte	4                               @ Abbrev [4] 0x3c:0x6 DW_TAG_subrange_type
	.long	382                             @ DW_AT_type
	.byte	1                               @ DW_AT_count
	.byte	0                               @ End Of Children Mark
	.byte	5                               @ Abbrev [5] 0x43:0x128 DW_TAG_structure_type
	.long	.Linfo_string49                 @ DW_AT_name
	.byte	128                             @ DW_AT_byte_size
	.byte	1                               @ DW_AT_decl_file
	.short	553                             @ DW_AT_decl_line
	.byte	6                               @ Abbrev [6] 0x4c:0xd DW_TAG_member
	.long	.Linfo_string4                  @ DW_AT_name
	.long	363                             @ DW_AT_type
	.byte	1                               @ DW_AT_decl_file
	.short	556                             @ DW_AT_decl_line
	.byte	0                               @ DW_AT_data_member_location
	.byte	6                               @ Abbrev [6] 0x59:0xd DW_TAG_member
	.long	.Linfo_string7                  @ DW_AT_name
	.long	389                             @ DW_AT_type
	.byte	1                               @ DW_AT_decl_file
	.short	557                             @ DW_AT_decl_line
	.byte	8                               @ DW_AT_data_member_location
	.byte	6                               @ Abbrev [6] 0x66:0xd DW_TAG_member
	.long	.Linfo_string10                 @ DW_AT_name
	.long	389                             @ DW_AT_type
	.byte	1                               @ DW_AT_decl_file
	.short	558                             @ DW_AT_decl_line
	.byte	9                               @ DW_AT_data_member_location
	.byte	6                               @ Abbrev [6] 0x73:0xd DW_TAG_member
	.long	.Linfo_string11                 @ DW_AT_name
	.long	407                             @ DW_AT_type
	.byte	1                               @ DW_AT_decl_file
	.short	564                             @ DW_AT_decl_line
	.byte	12                              @ DW_AT_data_member_location
	.byte	6                               @ Abbrev [6] 0x80:0xd DW_TAG_member
	.long	.Linfo_string16                 @ DW_AT_name
	.long	407                             @ DW_AT_type
	.byte	1                               @ DW_AT_decl_file
	.short	565                             @ DW_AT_decl_line
	.byte	20                              @ DW_AT_data_member_location
	.byte	6                               @ Abbrev [6] 0x8d:0xd DW_TAG_member
	.long	.Linfo_string17                 @ DW_AT_name
	.long	460                             @ DW_AT_type
	.byte	1                               @ DW_AT_decl_file
	.short	568                             @ DW_AT_decl_line
	.byte	28                              @ DW_AT_data_member_location
	.byte	6                               @ Abbrev [6] 0x9a:0xd DW_TAG_member
	.long	.Linfo_string18                 @ DW_AT_name
	.long	460                             @ DW_AT_type
	.byte	1                               @ DW_AT_decl_file
	.short	569                             @ DW_AT_decl_line
	.byte	32                              @ DW_AT_data_member_location
	.byte	6                               @ Abbrev [6] 0xa7:0xd DW_TAG_member
	.long	.Linfo_string19                 @ DW_AT_name
	.long	460                             @ DW_AT_type
	.byte	1                               @ DW_AT_decl_file
	.short	570                             @ DW_AT_decl_line
	.byte	36                              @ DW_AT_data_member_location
	.byte	6                               @ Abbrev [6] 0xb4:0xd DW_TAG_member
	.long	.Linfo_string20                 @ DW_AT_name
	.long	460                             @ DW_AT_type
	.byte	1                               @ DW_AT_decl_file
	.short	571                             @ DW_AT_decl_line
	.byte	40                              @ DW_AT_data_member_location
	.byte	6                               @ Abbrev [6] 0xc1:0xd DW_TAG_member
	.long	.Linfo_string21                 @ DW_AT_name
	.long	461                             @ DW_AT_type
	.byte	1                               @ DW_AT_decl_file
	.short	572                             @ DW_AT_decl_line
	.byte	44                              @ DW_AT_data_member_location
	.byte	6                               @ Abbrev [6] 0xce:0xd DW_TAG_member
	.long	.Linfo_string24                 @ DW_AT_name
	.long	479                             @ DW_AT_type
	.byte	1                               @ DW_AT_decl_file
	.short	575                             @ DW_AT_decl_line
	.byte	48                              @ DW_AT_data_member_location
	.byte	6                               @ Abbrev [6] 0xdb:0xd DW_TAG_member
	.long	.Linfo_string28                 @ DW_AT_name
	.long	389                             @ DW_AT_type
	.byte	1                               @ DW_AT_decl_file
	.short	577                             @ DW_AT_decl_line
	.byte	52                              @ DW_AT_data_member_location
	.byte	6                               @ Abbrev [6] 0xe8:0xd DW_TAG_member
	.long	.Linfo_string29                 @ DW_AT_name
	.long	389                             @ DW_AT_type
	.byte	1                               @ DW_AT_decl_file
	.short	589                             @ DW_AT_decl_line
	.byte	53                              @ DW_AT_data_member_location
	.byte	6                               @ Abbrev [6] 0xf5:0xd DW_TAG_member
	.long	.Linfo_string30                 @ DW_AT_name
	.long	389                             @ DW_AT_type
	.byte	1                               @ DW_AT_decl_file
	.short	590                             @ DW_AT_decl_line
	.byte	54                              @ DW_AT_data_member_location
	.byte	6                               @ Abbrev [6] 0x102:0xd DW_TAG_member
	.long	.Linfo_string31                 @ DW_AT_name
	.long	461                             @ DW_AT_type
	.byte	1                               @ DW_AT_decl_file
	.short	595                             @ DW_AT_decl_line
	.byte	56                              @ DW_AT_data_member_location
	.byte	6                               @ Abbrev [6] 0x10f:0xd DW_TAG_member
	.long	.Linfo_string32                 @ DW_AT_name
	.long	461                             @ DW_AT_type
	.byte	1                               @ DW_AT_decl_file
	.short	599                             @ DW_AT_decl_line
	.byte	60                              @ DW_AT_data_member_location
	.byte	6                               @ Abbrev [6] 0x11c:0xd DW_TAG_member
	.long	.Linfo_string33                 @ DW_AT_name
	.long	389                             @ DW_AT_type
	.byte	1                               @ DW_AT_decl_file
	.short	600                             @ DW_AT_decl_line
	.byte	64                              @ DW_AT_data_member_location
	.byte	6                               @ Abbrev [6] 0x129:0xd DW_TAG_member
	.long	.Linfo_string34                 @ DW_AT_name
	.long	508                             @ DW_AT_type
	.byte	1                               @ DW_AT_decl_file
	.short	614                             @ DW_AT_decl_line
	.byte	68                              @ DW_AT_data_member_location
	.byte	6                               @ Abbrev [6] 0x136:0xd DW_TAG_member
	.long	.Linfo_string37                 @ DW_AT_name
	.long	508                             @ DW_AT_type
	.byte	1                               @ DW_AT_decl_file
	.short	615                             @ DW_AT_decl_line
	.byte	72                              @ DW_AT_data_member_location
	.byte	6                               @ Abbrev [6] 0x143:0xd DW_TAG_member
	.long	.Linfo_string38                 @ DW_AT_name
	.long	526                             @ DW_AT_type
	.byte	1                               @ DW_AT_decl_file
	.short	617                             @ DW_AT_decl_line
	.byte	76                              @ DW_AT_data_member_location
	.byte	6                               @ Abbrev [6] 0x150:0xd DW_TAG_member
	.long	.Linfo_string47                 @ DW_AT_name
	.long	712                             @ DW_AT_type
	.byte	1                               @ DW_AT_decl_file
	.short	619                             @ DW_AT_decl_line
	.byte	120                             @ DW_AT_data_member_location
	.byte	6                               @ Abbrev [6] 0x15d:0xd DW_TAG_member
	.long	.Linfo_string48                 @ DW_AT_name
	.long	508                             @ DW_AT_type
	.byte	1                               @ DW_AT_decl_file
	.short	626                             @ DW_AT_decl_line
	.byte	124                             @ DW_AT_data_member_location
	.byte	0                               @ End Of Children Mark
	.byte	3                               @ Abbrev [3] 0x16b:0xc DW_TAG_array_type
	.long	375                             @ DW_AT_type
	.byte	4                               @ Abbrev [4] 0x170:0x6 DW_TAG_subrange_type
	.long	382                             @ DW_AT_type
	.byte	8                               @ DW_AT_count
	.byte	0                               @ End Of Children Mark
	.byte	7                               @ Abbrev [7] 0x177:0x7 DW_TAG_base_type
	.long	.Linfo_string5                  @ DW_AT_name
	.byte	6                               @ DW_AT_encoding
	.byte	1                               @ DW_AT_byte_size
	.byte	8                               @ Abbrev [8] 0x17e:0x7 DW_TAG_base_type
	.long	.Linfo_string6                  @ DW_AT_name
	.byte	8                               @ DW_AT_byte_size
	.byte	7                               @ DW_AT_encoding
	.byte	9                               @ Abbrev [9] 0x185:0xb DW_TAG_typedef
	.long	400                             @ DW_AT_type
	.long	.Linfo_string9                  @ DW_AT_name
	.byte	1                               @ DW_AT_decl_file
	.byte	67                              @ DW_AT_decl_line
	.byte	7                               @ Abbrev [7] 0x190:0x7 DW_TAG_base_type
	.long	.Linfo_string8                  @ DW_AT_name
	.byte	8                               @ DW_AT_encoding
	.byte	1                               @ DW_AT_byte_size
	.byte	10                              @ Abbrev [10] 0x197:0xc DW_TAG_typedef
	.long	419                             @ DW_AT_type
	.long	.Linfo_string15                 @ DW_AT_name
	.byte	1                               @ DW_AT_decl_file
	.short	318                             @ DW_AT_decl_line
	.byte	5                               @ Abbrev [5] 0x1a3:0x24 DW_TAG_structure_type
	.long	.Linfo_string14                 @ DW_AT_name
	.byte	8                               @ DW_AT_byte_size
	.byte	1                               @ DW_AT_decl_file
	.short	313                             @ DW_AT_decl_line
	.byte	6                               @ Abbrev [6] 0x1ac:0xd DW_TAG_member
	.long	.Linfo_string12                 @ DW_AT_name
	.long	455                             @ DW_AT_type
	.byte	1                               @ DW_AT_decl_file
	.short	315                             @ DW_AT_decl_line
	.byte	0                               @ DW_AT_data_member_location
	.byte	6                               @ Abbrev [6] 0x1b9:0xd DW_TAG_member
	.long	.Linfo_string13                 @ DW_AT_name
	.long	455                             @ DW_AT_type
	.byte	1                               @ DW_AT_decl_file
	.short	316                             @ DW_AT_decl_line
	.byte	4                               @ DW_AT_data_member_location
	.byte	0                               @ End Of Children Mark
	.byte	11                              @ Abbrev [11] 0x1c7:0x5 DW_TAG_pointer_type
	.long	419                             @ DW_AT_type
	.byte	12                              @ Abbrev [12] 0x1cc:0x1 DW_TAG_pointer_type
	.byte	9                               @ Abbrev [9] 0x1cd:0xb DW_TAG_typedef
	.long	472                             @ DW_AT_type
	.long	.Linfo_string23                 @ DW_AT_name
	.byte	1                               @ DW_AT_decl_file
	.byte	69                              @ DW_AT_decl_line
	.byte	7                               @ Abbrev [7] 0x1d8:0x7 DW_TAG_base_type
	.long	.Linfo_string22                 @ DW_AT_name
	.byte	7                               @ DW_AT_encoding
	.byte	4                               @ DW_AT_byte_size
	.byte	9                               @ Abbrev [9] 0x1df:0xb DW_TAG_typedef
	.long	490                             @ DW_AT_type
	.long	.Linfo_string27                 @ DW_AT_name
	.byte	1                               @ DW_AT_decl_file
	.byte	84                              @ DW_AT_decl_line
	.byte	9                               @ Abbrev [9] 0x1ea:0xb DW_TAG_typedef
	.long	501                             @ DW_AT_type
	.long	.Linfo_string26                 @ DW_AT_name
	.byte	1                               @ DW_AT_decl_file
	.byte	81                              @ DW_AT_decl_line
	.byte	7                               @ Abbrev [7] 0x1f5:0x7 DW_TAG_base_type
	.long	.Linfo_string25                 @ DW_AT_name
	.byte	5                               @ DW_AT_encoding
	.byte	4                               @ DW_AT_byte_size
	.byte	9                               @ Abbrev [9] 0x1fc:0xb DW_TAG_typedef
	.long	519                             @ DW_AT_type
	.long	.Linfo_string36                 @ DW_AT_name
	.byte	1                               @ DW_AT_decl_file
	.byte	82                              @ DW_AT_decl_line
	.byte	7                               @ Abbrev [7] 0x207:0x7 DW_TAG_base_type
	.long	.Linfo_string35                 @ DW_AT_name
	.byte	7                               @ DW_AT_encoding
	.byte	4                               @ DW_AT_byte_size
	.byte	5                               @ Abbrev [5] 0x20e:0x58 DW_TAG_structure_type
	.long	.Linfo_string46                 @ DW_AT_name
	.byte	44                              @ DW_AT_byte_size
	.byte	1                               @ DW_AT_decl_file
	.short	448                             @ DW_AT_decl_line
	.byte	6                               @ Abbrev [6] 0x217:0xd DW_TAG_member
	.long	.Linfo_string39                 @ DW_AT_name
	.long	614                             @ DW_AT_type
	.byte	1                               @ DW_AT_decl_file
	.short	450                             @ DW_AT_decl_line
	.byte	0                               @ DW_AT_data_member_location
	.byte	6                               @ Abbrev [6] 0x224:0xd DW_TAG_member
	.long	.Linfo_string42                 @ DW_AT_name
	.long	676                             @ DW_AT_type
	.byte	1                               @ DW_AT_decl_file
	.short	452                             @ DW_AT_decl_line
	.byte	20                              @ DW_AT_data_member_location
	.byte	6                               @ Abbrev [6] 0x231:0xd DW_TAG_member
	.long	.Linfo_string43                 @ DW_AT_name
	.long	688                             @ DW_AT_type
	.byte	1                               @ DW_AT_decl_file
	.short	454                             @ DW_AT_decl_line
	.byte	28                              @ DW_AT_data_member_location
	.byte	6                               @ Abbrev [6] 0x23e:0xd DW_TAG_member
	.long	.Linfo_string19                 @ DW_AT_name
	.long	460                             @ DW_AT_type
	.byte	1                               @ DW_AT_decl_file
	.short	455                             @ DW_AT_decl_line
	.byte	32                              @ DW_AT_data_member_location
	.byte	6                               @ Abbrev [6] 0x24b:0xd DW_TAG_member
	.long	.Linfo_string34                 @ DW_AT_name
	.long	701                             @ DW_AT_type
	.byte	1                               @ DW_AT_decl_file
	.short	457                             @ DW_AT_decl_line
	.byte	36                              @ DW_AT_data_member_location
	.byte	6                               @ Abbrev [6] 0x258:0xd DW_TAG_member
	.long	.Linfo_string45                 @ DW_AT_name
	.long	701                             @ DW_AT_type
	.byte	1                               @ DW_AT_decl_file
	.short	458                             @ DW_AT_decl_line
	.byte	40                              @ DW_AT_data_member_location
	.byte	0                               @ End Of Children Mark
	.byte	5                               @ Abbrev [5] 0x266:0x3e DW_TAG_structure_type
	.long	.Linfo_string41                 @ DW_AT_name
	.byte	20                              @ DW_AT_byte_size
	.byte	1                               @ DW_AT_decl_file
	.short	343                             @ DW_AT_decl_line
	.byte	6                               @ Abbrev [6] 0x26f:0xd DW_TAG_member
	.long	.Linfo_string4                  @ DW_AT_name
	.long	363                             @ DW_AT_type
	.byte	1                               @ DW_AT_decl_file
	.short	345                             @ DW_AT_decl_line
	.byte	0                               @ DW_AT_data_member_location
	.byte	6                               @ Abbrev [6] 0x27c:0xd DW_TAG_member
	.long	.Linfo_string7                  @ DW_AT_name
	.long	389                             @ DW_AT_type
	.byte	1                               @ DW_AT_decl_file
	.short	346                             @ DW_AT_decl_line
	.byte	8                               @ DW_AT_data_member_location
	.byte	6                               @ Abbrev [6] 0x289:0xd DW_TAG_member
	.long	.Linfo_string40                 @ DW_AT_name
	.long	389                             @ DW_AT_type
	.byte	1                               @ DW_AT_decl_file
	.short	347                             @ DW_AT_decl_line
	.byte	9                               @ DW_AT_data_member_location
	.byte	6                               @ Abbrev [6] 0x296:0xd DW_TAG_member
	.long	.Linfo_string11                 @ DW_AT_name
	.long	407                             @ DW_AT_type
	.byte	1                               @ DW_AT_decl_file
	.short	352                             @ DW_AT_decl_line
	.byte	12                              @ DW_AT_data_member_location
	.byte	0                               @ End Of Children Mark
	.byte	3                               @ Abbrev [3] 0x2a4:0xc DW_TAG_array_type
	.long	407                             @ DW_AT_type
	.byte	4                               @ Abbrev [4] 0x2a9:0x6 DW_TAG_subrange_type
	.long	382                             @ DW_AT_type
	.byte	1                               @ DW_AT_count
	.byte	0                               @ End Of Children Mark
	.byte	11                              @ Abbrev [11] 0x2b0:0x5 DW_TAG_pointer_type
	.long	693                             @ DW_AT_type
	.byte	13                              @ Abbrev [13] 0x2b5:0x8 DW_TAG_subroutine_type
	.byte	1                               @ DW_AT_prototyped
	.byte	14                              @ Abbrev [14] 0x2b7:0x5 DW_TAG_formal_parameter
	.long	460                             @ DW_AT_type
	.byte	0                               @ End Of Children Mark
	.byte	9                               @ Abbrev [9] 0x2bd:0xb DW_TAG_typedef
	.long	461                             @ DW_AT_type
	.long	.Linfo_string44                 @ DW_AT_name
	.byte	1                               @ DW_AT_decl_file
	.byte	86                              @ DW_AT_decl_line
	.byte	11                              @ Abbrev [11] 0x2c8:0x5 DW_TAG_pointer_type
	.long	717                             @ DW_AT_type
	.byte	13                              @ Abbrev [13] 0x2cd:0x8 DW_TAG_subroutine_type
	.byte	1                               @ DW_AT_prototyped
	.byte	14                              @ Abbrev [14] 0x2cf:0x5 DW_TAG_formal_parameter
	.long	725                             @ DW_AT_type
	.byte	0                               @ End Of Children Mark
	.byte	11                              @ Abbrev [11] 0x2d5:0x5 DW_TAG_pointer_type
	.long	67                              @ DW_AT_type
	.byte	15                              @ Abbrev [15] 0x2da:0x12 DW_TAG_variable
	.long	.Linfo_string50                 @ DW_AT_name
	.long	748                             @ DW_AT_type
	.byte	2                               @ DW_AT_decl_file
	.byte	51                              @ DW_AT_decl_line
	.byte	4                               @ DW_AT_alignment
	.byte	5                               @ DW_AT_location
	.byte	3
	.long	rt_thread_stack
	.byte	3                               @ Abbrev [3] 0x2ec:0x13 DW_TAG_array_type
	.long	389                             @ DW_AT_type
	.byte	4                               @ Abbrev [4] 0x2f1:0x6 DW_TAG_subrange_type
	.long	382                             @ DW_AT_type
	.byte	1                               @ DW_AT_count
	.byte	16                              @ Abbrev [16] 0x2f7:0x7 DW_TAG_subrange_type
	.long	382                             @ DW_AT_type
	.short	512                             @ DW_AT_count
	.byte	0                               @ End Of Children Mark
	.byte	2                               @ Abbrev [2] 0x2ff:0x11 DW_TAG_variable
	.long	.Linfo_string51                 @ DW_AT_name
	.long	784                             @ DW_AT_type
	.byte	2                               @ DW_AT_decl_file
	.byte	58                              @ DW_AT_decl_line
	.byte	5                               @ DW_AT_location
	.byte	3
	.long	idle_hook_list
	.byte	3                               @ Abbrev [3] 0x310:0xc DW_TAG_array_type
	.long	796                             @ DW_AT_type
	.byte	4                               @ Abbrev [4] 0x315:0x6 DW_TAG_subrange_type
	.long	382                             @ DW_AT_type
	.byte	4                               @ DW_AT_count
	.byte	0                               @ End Of Children Mark
	.byte	11                              @ Abbrev [11] 0x31c:0x5 DW_TAG_pointer_type
	.long	801                             @ DW_AT_type
	.byte	17                              @ Abbrev [17] 0x321:0x2 DW_TAG_subroutine_type
	.byte	1                               @ DW_AT_prototyped
	.byte	11                              @ Abbrev [11] 0x323:0x5 DW_TAG_pointer_type
	.long	375                             @ DW_AT_type
	.byte	10                              @ Abbrev [10] 0x328:0xc DW_TAG_typedef
	.long	820                             @ DW_AT_type
	.long	.Linfo_string52                 @ DW_AT_name
	.byte	1                               @ DW_AT_decl_file
	.short	354                             @ DW_AT_decl_line
	.byte	11                              @ Abbrev [11] 0x334:0x5 DW_TAG_pointer_type
	.long	614                             @ DW_AT_type
	.byte	10                              @ Abbrev [10] 0x339:0xc DW_TAG_typedef
	.long	725                             @ DW_AT_type
	.long	.Linfo_string53                 @ DW_AT_name
	.byte	1                               @ DW_AT_decl_file
	.short	628                             @ DW_AT_decl_line
	.byte	11                              @ Abbrev [11] 0x345:0x5 DW_TAG_pointer_type
	.long	842                             @ DW_AT_type
	.byte	18                              @ Abbrev [18] 0x34a:0x5 DW_TAG_const_type
	.long	847                             @ DW_AT_type
	.byte	19                              @ Abbrev [19] 0x34f:0x5 DW_TAG_volatile_type
	.long	407                             @ DW_AT_type
	.byte	20                              @ Abbrev [20] 0x354:0x54 DW_TAG_subprogram
	.long	.Lfunc_begin0                   @ DW_AT_low_pc
	.long	.Lfunc_end0                     @ DW_AT_high_pc
	.byte	1                               @ DW_AT_frame_base
	.byte	93
	.long	.Linfo_string54                 @ DW_AT_name
	.byte	2                               @ DW_AT_decl_file
	.byte	72                              @ DW_AT_decl_line
	.byte	1                               @ DW_AT_prototyped
	.long	479                             @ DW_AT_type
	.byte	1                               @ DW_AT_external
	.byte	21                              @ Abbrev [21] 0x36b:0xf DW_TAG_formal_parameter
	.long	.Ldebug_loc0                    @ DW_AT_location
	.long	.Linfo_string63                 @ DW_AT_name
	.byte	2                               @ DW_AT_decl_file
	.byte	72                              @ DW_AT_decl_line
	.long	796                             @ DW_AT_type
	.byte	22                              @ Abbrev [22] 0x37a:0xf DW_TAG_variable
	.long	.Ldebug_loc1                    @ DW_AT_location
	.long	.Linfo_string64                 @ DW_AT_name
	.byte	2                               @ DW_AT_decl_file
	.byte	76                              @ DW_AT_decl_line
	.long	479                             @ DW_AT_type
	.byte	22                              @ Abbrev [22] 0x389:0xf DW_TAG_variable
	.long	.Ldebug_loc2                    @ DW_AT_location
	.long	.Linfo_string65                 @ DW_AT_name
	.byte	2                               @ DW_AT_decl_file
	.byte	74                              @ DW_AT_decl_line
	.long	1323                            @ DW_AT_type
	.byte	22                              @ Abbrev [22] 0x398:0xf DW_TAG_variable
	.long	.Ldebug_loc3                    @ DW_AT_location
	.long	.Linfo_string67                 @ DW_AT_name
	.byte	2                               @ DW_AT_decl_file
	.byte	75                              @ DW_AT_decl_line
	.long	490                             @ DW_AT_type
	.byte	0                               @ End Of Children Mark
	.byte	20                              @ Abbrev [20] 0x3a8:0x54 DW_TAG_subprogram
	.long	.Lfunc_begin1                   @ DW_AT_low_pc
	.long	.Lfunc_end1                     @ DW_AT_high_pc
	.byte	1                               @ DW_AT_frame_base
	.byte	93
	.long	.Linfo_string55                 @ DW_AT_name
	.byte	2                               @ DW_AT_decl_file
	.byte	104                             @ DW_AT_decl_line
	.byte	1                               @ DW_AT_prototyped
	.long	479                             @ DW_AT_type
	.byte	1                               @ DW_AT_external
	.byte	21                              @ Abbrev [21] 0x3bf:0xf DW_TAG_formal_parameter
	.long	.Ldebug_loc4                    @ DW_AT_location
	.long	.Linfo_string63                 @ DW_AT_name
	.byte	2                               @ DW_AT_decl_file
	.byte	104                             @ DW_AT_decl_line
	.long	796                             @ DW_AT_type
	.byte	22                              @ Abbrev [22] 0x3ce:0xf DW_TAG_variable
	.long	.Ldebug_loc5                    @ DW_AT_location
	.long	.Linfo_string64                 @ DW_AT_name
	.byte	2                               @ DW_AT_decl_file
	.byte	108                             @ DW_AT_decl_line
	.long	479                             @ DW_AT_type
	.byte	22                              @ Abbrev [22] 0x3dd:0xf DW_TAG_variable
	.long	.Ldebug_loc6                    @ DW_AT_location
	.long	.Linfo_string65                 @ DW_AT_name
	.byte	2                               @ DW_AT_decl_file
	.byte	106                             @ DW_AT_decl_line
	.long	1323                            @ DW_AT_type
	.byte	22                              @ Abbrev [22] 0x3ec:0xf DW_TAG_variable
	.long	.Ldebug_loc7                    @ DW_AT_location
	.long	.Linfo_string67                 @ DW_AT_name
	.byte	2                               @ DW_AT_decl_file
	.byte	107                             @ DW_AT_decl_line
	.long	490                             @ DW_AT_type
	.byte	0                               @ End Of Children Mark
	.byte	23                              @ Abbrev [23] 0x3fc:0x51 DW_TAG_subprogram
	.long	.Lfunc_begin2                   @ DW_AT_low_pc
	.long	.Lfunc_end2                     @ DW_AT_high_pc
	.byte	1                               @ DW_AT_frame_base
	.byte	93
	.long	.Linfo_string56                 @ DW_AT_name
	.byte	2                               @ DW_AT_decl_file
	.byte	149                             @ DW_AT_decl_line
	.byte	1                               @ DW_AT_prototyped
	.byte	1                               @ DW_AT_external
	.byte	24                              @ Abbrev [24] 0x40f:0x3d DW_TAG_lexical_block
	.long	.Ldebug_ranges0                 @ DW_AT_ranges
	.byte	22                              @ Abbrev [22] 0x414:0xf DW_TAG_variable
	.long	.Ldebug_loc9                    @ DW_AT_location
	.long	.Linfo_string68                 @ DW_AT_name
	.byte	2                               @ DW_AT_decl_file
	.byte	155                             @ DW_AT_decl_line
	.long	490                             @ DW_AT_type
	.byte	22                              @ Abbrev [22] 0x423:0xf DW_TAG_variable
	.long	.Ldebug_loc10                   @ DW_AT_location
	.long	.Linfo_string69                 @ DW_AT_name
	.byte	2                               @ DW_AT_decl_file
	.byte	156                             @ DW_AT_decl_line
	.long	825                             @ DW_AT_type
	.byte	25                              @ Abbrev [25] 0x432:0x19 DW_TAG_lexical_block
	.long	.Ltmp28                         @ DW_AT_low_pc
	.long	.Ltmp33                         @ DW_AT_high_pc
	.byte	22                              @ Abbrev [22] 0x43b:0xf DW_TAG_variable
	.long	.Ldebug_loc8                    @ DW_AT_location
	.long	.Linfo_string67                 @ DW_AT_name
	.byte	2                               @ DW_AT_decl_file
	.byte	160                             @ DW_AT_decl_line
	.long	490                             @ DW_AT_type
	.byte	0                               @ End Of Children Mark
	.byte	0                               @ End Of Children Mark
	.byte	0                               @ End Of Children Mark
	.byte	26                              @ Abbrev [26] 0x44d:0x26 DW_TAG_subprogram
	.long	.Lfunc_begin3                   @ DW_AT_low_pc
	.long	.Lfunc_end3                     @ DW_AT_high_pc
	.byte	1                               @ DW_AT_frame_base
	.byte	93
	.long	.Linfo_string57                 @ DW_AT_name
	.byte	2                               @ DW_AT_decl_file
	.byte	131                             @ DW_AT_decl_line
	.byte	1                               @ DW_AT_prototyped
	.long	1316                            @ DW_AT_type
	.byte	22                              @ Abbrev [22] 0x463:0xf DW_TAG_variable
	.long	.Ldebug_loc11                   @ DW_AT_location
	.long	.Linfo_string70                 @ DW_AT_name
	.byte	2                               @ DW_AT_decl_file
	.byte	139                             @ DW_AT_decl_line
	.long	837                             @ DW_AT_type
	.byte	0                               @ End Of Children Mark
	.byte	27                              @ Abbrev [27] 0x473:0x20 DW_TAG_subprogram
	.long	.Lfunc_begin4                   @ DW_AT_low_pc
	.long	.Lfunc_end4                     @ DW_AT_high_pc
	.byte	1                               @ DW_AT_frame_base
	.byte	93
	.long	.Linfo_string59                 @ DW_AT_name
	.byte	3                               @ DW_AT_decl_file
	.byte	86                              @ DW_AT_decl_line
	.byte	1                               @ DW_AT_prototyped
	.byte	28                              @ Abbrev [28] 0x485:0xd DW_TAG_formal_parameter
	.byte	1                               @ DW_AT_location
	.byte	80
	.long	.Linfo_string71                 @ DW_AT_name
	.byte	3                               @ DW_AT_decl_file
	.byte	86                              @ DW_AT_decl_line
	.long	1334                            @ DW_AT_type
	.byte	0                               @ End Of Children Mark
	.byte	29                              @ Abbrev [29] 0x493:0x30 DW_TAG_subprogram
	.long	.Lfunc_begin5                   @ DW_AT_low_pc
	.long	.Lfunc_end5                     @ DW_AT_high_pc
	.byte	1                               @ DW_AT_frame_base
	.byte	93
	.long	.Linfo_string60                 @ DW_AT_name
	.byte	2                               @ DW_AT_decl_file
	.short	272                             @ DW_AT_decl_line
	.byte	1                               @ DW_AT_prototyped
	.byte	1                               @ DW_AT_external
	.byte	30                              @ Abbrev [30] 0x4a7:0xf DW_TAG_variable
	.byte	2                               @ DW_AT_location
	.byte	145
	.byte	16
	.long	.Linfo_string72                 @ DW_AT_name
	.byte	2                               @ DW_AT_decl_file
	.short	275                             @ DW_AT_decl_line
	.long	363                             @ DW_AT_type
	.byte	31                              @ Abbrev [31] 0x4b6:0xc DW_TAG_variable
	.long	.Linfo_string65                 @ DW_AT_name
	.byte	2                               @ DW_AT_decl_file
	.short	274                             @ DW_AT_decl_line
	.long	508                             @ DW_AT_type
	.byte	0                               @ End Of Children Mark
	.byte	27                              @ Abbrev [27] 0x4c3:0x3b DW_TAG_subprogram
	.long	.Lfunc_begin6                   @ DW_AT_low_pc
	.long	.Lfunc_end6                     @ DW_AT_high_pc
	.byte	1                               @ DW_AT_frame_base
	.byte	93
	.long	.Linfo_string61                 @ DW_AT_name
	.byte	2                               @ DW_AT_decl_file
	.byte	232                             @ DW_AT_decl_line
	.byte	1                               @ DW_AT_prototyped
	.byte	21                              @ Abbrev [21] 0x4d5:0xf DW_TAG_formal_parameter
	.long	.Ldebug_loc12                   @ DW_AT_location
	.long	.Linfo_string19                 @ DW_AT_name
	.byte	2                               @ DW_AT_decl_file
	.byte	232                             @ DW_AT_decl_line
	.long	460                             @ DW_AT_type
	.byte	25                              @ Abbrev [25] 0x4e4:0x19 DW_TAG_lexical_block
	.long	.Ltmp59                         @ DW_AT_low_pc
	.long	.Ltmp66                         @ DW_AT_high_pc
	.byte	22                              @ Abbrev [22] 0x4ed:0xf DW_TAG_variable
	.long	.Ldebug_loc13                   @ DW_AT_location
	.long	.Linfo_string65                 @ DW_AT_name
	.byte	2                               @ DW_AT_decl_file
	.byte	247                             @ DW_AT_decl_line
	.long	1323                            @ DW_AT_type
	.byte	0                               @ End Of Children Mark
	.byte	0                               @ End Of Children Mark
	.byte	32                              @ Abbrev [32] 0x4fe:0x26 DW_TAG_subprogram
	.long	.Lfunc_begin7                   @ DW_AT_low_pc
	.long	.Lfunc_end7                     @ DW_AT_high_pc
	.byte	1                               @ DW_AT_frame_base
	.byte	93
	.long	.Linfo_string62                 @ DW_AT_name
	.byte	2                               @ DW_AT_decl_file
	.short	302                             @ DW_AT_decl_line
	.byte	1                               @ DW_AT_prototyped
	.long	825                             @ DW_AT_type
	.byte	1                               @ DW_AT_external
	.byte	33                              @ Abbrev [33] 0x516:0xd DW_TAG_variable
	.byte	0                               @ DW_AT_const_value
	.long	.Linfo_string73                 @ DW_AT_name
	.byte	2                               @ DW_AT_decl_file
	.short	307                             @ DW_AT_decl_line
	.long	1316                            @ DW_AT_type
	.byte	0                               @ End Of Children Mark
	.byte	7                               @ Abbrev [7] 0x524:0x7 DW_TAG_base_type
	.long	.Linfo_string58                 @ DW_AT_name
	.byte	5                               @ DW_AT_encoding
	.byte	4                               @ DW_AT_byte_size
	.byte	9                               @ Abbrev [9] 0x52b:0xb DW_TAG_typedef
	.long	508                             @ DW_AT_type
	.long	.Linfo_string66                 @ DW_AT_name
	.byte	1                               @ DW_AT_decl_file
	.byte	88                              @ DW_AT_decl_line
	.byte	11                              @ Abbrev [11] 0x536:0x5 DW_TAG_pointer_type
	.long	407                             @ DW_AT_type
	.byte	0                               @ End Of Children Mark
.Ldebug_info_end0:
	.section	.debug_ranges,"",%progbits
.Ldebug_ranges0:
	.long	.Ltmp28
	.long	.Ltmp45
	.long	.Ltmp47
	.long	.Ltmp49
	.long	0
	.long	0
.Ldebug_ranges1:
	.long	.Lfunc_begin0
	.long	.Lfunc_end0
	.long	.Lfunc_begin1
	.long	.Lfunc_end1
	.long	.Lfunc_begin2
	.long	.Lfunc_end2
	.long	.Lfunc_begin3
	.long	.Lfunc_end3
	.long	.Lfunc_begin4
	.long	.Lfunc_end4
	.long	.Lfunc_begin5
	.long	.Lfunc_end5
	.long	.Lfunc_begin6
	.long	.Lfunc_end6
	.long	.Lfunc_begin7
	.long	.Lfunc_end7
	.long	0
	.long	0
	.section	.debug_str,"MS",%progbits,1
.Linfo_string0:
	.asciz	"Component: ARM Compiler 6.16 Tool: armclang [5dfeb700]" @ string offset=0
.Linfo_string1:
	.asciz	"rt-thread/src\\idle.c"         @ string offset=55
.Linfo_string2:
	.asciz	"E:\\Smart-access-control\\Hardware\\CODE" @ string offset=76
.Linfo_string3:
	.asciz	"idle"                          @ string offset=114
.Linfo_string4:
	.asciz	"name"                          @ string offset=119
.Linfo_string5:
	.asciz	"char"                          @ string offset=124
.Linfo_string6:
	.asciz	"__ARRAY_SIZE_TYPE__"           @ string offset=129
.Linfo_string7:
	.asciz	"type"                          @ string offset=149
.Linfo_string8:
	.asciz	"unsigned char"                 @ string offset=154
.Linfo_string9:
	.asciz	"rt_uint8_t"                    @ string offset=168
.Linfo_string10:
	.asciz	"flags"                         @ string offset=179
.Linfo_string11:
	.asciz	"list"                          @ string offset=185
.Linfo_string12:
	.asciz	"next"                          @ string offset=190
.Linfo_string13:
	.asciz	"prev"                          @ string offset=195
.Linfo_string14:
	.asciz	"rt_list_node"                  @ string offset=200
.Linfo_string15:
	.asciz	"rt_list_t"                     @ string offset=213
.Linfo_string16:
	.asciz	"tlist"                         @ string offset=223
.Linfo_string17:
	.asciz	"sp"                            @ string offset=229
.Linfo_string18:
	.asciz	"entry"                         @ string offset=232
.Linfo_string19:
	.asciz	"parameter"                     @ string offset=238
.Linfo_string20:
	.asciz	"stack_addr"                    @ string offset=248
.Linfo_string21:
	.asciz	"stack_size"                    @ string offset=259
.Linfo_string22:
	.asciz	"unsigned int"                  @ string offset=270
.Linfo_string23:
	.asciz	"rt_uint32_t"                   @ string offset=283
.Linfo_string24:
	.asciz	"error"                         @ string offset=295
.Linfo_string25:
	.asciz	"long int"                      @ string offset=301
.Linfo_string26:
	.asciz	"rt_base_t"                     @ string offset=310
.Linfo_string27:
	.asciz	"rt_err_t"                      @ string offset=320
.Linfo_string28:
	.asciz	"stat"                          @ string offset=329
.Linfo_string29:
	.asciz	"current_priority"              @ string offset=334
.Linfo_string30:
	.asciz	"init_priority"                 @ string offset=351
.Linfo_string31:
	.asciz	"number_mask"                   @ string offset=365
.Linfo_string32:
	.asciz	"event_set"                     @ string offset=377
.Linfo_string33:
	.asciz	"event_info"                    @ string offset=387
.Linfo_string34:
	.asciz	"init_tick"                     @ string offset=398
.Linfo_string35:
	.asciz	"long unsigned int"             @ string offset=408
.Linfo_string36:
	.asciz	"rt_ubase_t"                    @ string offset=426
.Linfo_string37:
	.asciz	"remaining_tick"                @ string offset=437
.Linfo_string38:
	.asciz	"thread_timer"                  @ string offset=452
.Linfo_string39:
	.asciz	"parent"                        @ string offset=465
.Linfo_string40:
	.asciz	"flag"                          @ string offset=472
.Linfo_string41:
	.asciz	"rt_object"                     @ string offset=477
.Linfo_string42:
	.asciz	"row"                           @ string offset=487
.Linfo_string43:
	.asciz	"timeout_func"                  @ string offset=491
.Linfo_string44:
	.asciz	"rt_tick_t"                     @ string offset=504
.Linfo_string45:
	.asciz	"timeout_tick"                  @ string offset=514
.Linfo_string46:
	.asciz	"rt_timer"                      @ string offset=527
.Linfo_string47:
	.asciz	"cleanup"                       @ string offset=536
.Linfo_string48:
	.asciz	"user_data"                     @ string offset=544
.Linfo_string49:
	.asciz	"rt_thread"                     @ string offset=554
.Linfo_string50:
	.asciz	"rt_thread_stack"               @ string offset=564
.Linfo_string51:
	.asciz	"idle_hook_list"                @ string offset=580
.Linfo_string52:
	.asciz	"rt_object_t"                   @ string offset=595
.Linfo_string53:
	.asciz	"rt_thread_t"                   @ string offset=607
.Linfo_string54:
	.asciz	"rt_thread_idle_sethook"        @ string offset=619
.Linfo_string55:
	.asciz	"rt_thread_idle_delhook"        @ string offset=642
.Linfo_string56:
	.asciz	"rt_thread_idle_excute"         @ string offset=665
.Linfo_string57:
	.asciz	"_has_defunct_thread"           @ string offset=687
.Linfo_string58:
	.asciz	"int"                           @ string offset=707
.Linfo_string59:
	.asciz	"rt_list_remove"                @ string offset=711
.Linfo_string60:
	.asciz	"rt_thread_idle_init"           @ string offset=726
.Linfo_string61:
	.asciz	"rt_thread_idle_entry"          @ string offset=746
.Linfo_string62:
	.asciz	"rt_thread_idle_gethandler"     @ string offset=767
.Linfo_string63:
	.asciz	"hook"                          @ string offset=793
.Linfo_string64:
	.asciz	"ret"                           @ string offset=798
.Linfo_string65:
	.asciz	"i"                             @ string offset=802
.Linfo_string66:
	.asciz	"rt_size_t"                     @ string offset=804
.Linfo_string67:
	.asciz	"level"                         @ string offset=814
.Linfo_string68:
	.asciz	"lock"                          @ string offset=820
.Linfo_string69:
	.asciz	"thread"                        @ string offset=825
.Linfo_string70:
	.asciz	"l"                             @ string offset=832
.Linfo_string71:
	.asciz	"n"                             @ string offset=834
.Linfo_string72:
	.asciz	"tidle_name"                    @ string offset=836
.Linfo_string73:
	.asciz	"id"                            @ string offset=847
	.ident	"Component: ARM Compiler 6.16 Tool: armclang [5dfeb700]"
	.section	".note.GNU-stack","",%progbits
	.eabi_attribute	30, 1	@ Tag_ABI_optimization_goals
	.ARM_attribute	16, 1	@ Tag_AV_eba
	.section	.debug_line,"",%progbits
.Lline_table_start0:
