	.text
	.syntax unified
	.eabi_attribute	67, "2.09"	@ Tag_conformance
	.cpu	cortex-m7
	.eabi_attribute	6, 13	@ Tag_CPU_arch
	.eabi_attribute	7, 77	@ Tag_CPU_arch_profile
	.eabi_attribute	8, 0	@ Tag_ARM_ISA_use
	.eabi_attribute	9, 2	@ Tag_THUMB_ISA_use
	.fpu	fpv5-d16
	.eabi_attribute	36, 1	@ Tag_FP_HP_extension
	.eabi_attribute	34, 1	@ Tag_CPU_unaligned_access
	.eabi_attribute	17, 1	@ Tag_ABI_PCS_GOT_use
	.eabi_attribute	20, 2	@ Tag_ABI_FP_denormal
	.eabi_attribute	21, 0	@ Tag_ABI_FP_exceptions
	.eabi_attribute	23, 1	@ Tag_ABI_FP_number_model
	.eabi_attribute	24, 1	@ Tag_ABI_align_needed
	.eabi_attribute	25, 1	@ Tag_ABI_align_preserved
	.eabi_attribute	28, 1	@ Tag_ABI_VFP_args
	.eabi_attribute	38, 1	@ Tag_ABI_FP_16bit_format
	.eabi_attribute	18, 2	@ Tag_ABI_PCS_wchar_t
	.eabi_attribute	26, 1	@ Tag_ABI_enum_size
	.eabi_attribute	14, 0	@ Tag_ABI_PCS_R9_use
	.file	"irq.c"
	.file	1 "E:\\Smart-access-control\\Hardware\\CODE" "rt-thread/include\\rtdef.h"
	.file	2 "E:\\Smart-access-control\\Hardware\\CODE" "rt-thread/src/irq.c"
	.section	.text.rt_interrupt_enter_sethook,"ax",%progbits
	.hidden	rt_interrupt_enter_sethook      @ -- Begin function rt_interrupt_enter_sethook
	.globl	rt_interrupt_enter_sethook
	.p2align	3
	.type	rt_interrupt_enter_sethook,%function
	.code	16                              @ @rt_interrupt_enter_sethook
	.thumb_func
rt_interrupt_enter_sethook:
.Lfunc_begin0:
	.loc	2 29 0                          @ rt-thread/src/irq.c:29:0
	.fnstart
	.cfi_sections .debug_frame
	.cfi_startproc
@ %bb.0:
	@DEBUG_VALUE: rt_interrupt_enter_sethook:hook <- $r0
	.loc	2 30 29 prologue_end            @ rt-thread/src/irq.c:30:29
	movw	r1, :lower16:rt_interrupt_enter_hook
	movt	r1, :upper16:rt_interrupt_enter_hook
	@DEBUG_VALUE: rt_interrupt_enter_sethook:hook <- $r0
	str	r0, [r1]
	.loc	2 31 1                          @ rt-thread/src/irq.c:31:1
	bx	lr
.Ltmp0:
.Lfunc_end0:
	.size	rt_interrupt_enter_sethook, .Lfunc_end0-rt_interrupt_enter_sethook
	.cfi_endproc
	.cantunwind
	.fnend
                                        @ -- End function
	.section	.text.rt_interrupt_leave_sethook,"ax",%progbits
	.hidden	rt_interrupt_leave_sethook      @ -- Begin function rt_interrupt_leave_sethook
	.globl	rt_interrupt_leave_sethook
	.p2align	3
	.type	rt_interrupt_leave_sethook,%function
	.code	16                              @ @rt_interrupt_leave_sethook
	.thumb_func
rt_interrupt_leave_sethook:
.Lfunc_begin1:
	.loc	2 39 0                          @ rt-thread/src/irq.c:39:0
	.fnstart
	.cfi_startproc
@ %bb.0:
	@DEBUG_VALUE: rt_interrupt_leave_sethook:hook <- $r0
	.loc	2 40 29 prologue_end            @ rt-thread/src/irq.c:40:29
	movw	r1, :lower16:rt_interrupt_leave_hook
	movt	r1, :upper16:rt_interrupt_leave_hook
	@DEBUG_VALUE: rt_interrupt_leave_sethook:hook <- $r0
	str	r0, [r1]
	.loc	2 41 1                          @ rt-thread/src/irq.c:41:1
	bx	lr
.Ltmp1:
.Lfunc_end1:
	.size	rt_interrupt_leave_sethook, .Lfunc_end1-rt_interrupt_leave_sethook
	.cfi_endproc
	.cantunwind
	.fnend
                                        @ -- End function
	.section	.text.rt_interrupt_enter,"ax",%progbits
	.hidden	rt_interrupt_enter              @ -- Begin function rt_interrupt_enter
	.globl	rt_interrupt_enter
	.p2align	3
	.type	rt_interrupt_enter,%function
	.code	16                              @ @rt_interrupt_enter
	.thumb_func
rt_interrupt_enter:
.Lfunc_begin2:
	.loc	2 66 0                          @ rt-thread/src/irq.c:66:0
	.fnstart
	.cfi_startproc
@ %bb.0:
	.save	{r4, lr}
	push	{r4, lr}
	.cfi_def_cfa_offset 8
	.cfi_offset lr, -4
	.cfi_offset r4, -8
.Ltmp2:
	.loc	2 72 13 prologue_end            @ rt-thread/src/irq.c:72:13
	bl	rt_hw_interrupt_disable
	.loc	2 73 23                         @ rt-thread/src/irq.c:73:23
	movw	r1, :lower16:rt_interrupt_nest
	.loc	2 72 13                         @ rt-thread/src/irq.c:72:13
	mov	r4, r0
.Ltmp3:
	@DEBUG_VALUE: rt_interrupt_enter:level <- $r4
	.loc	2 73 23                         @ rt-thread/src/irq.c:73:23
	movt	r1, :upper16:rt_interrupt_nest
	ldrb	r2, [r1]
	adds	r2, #1
	strb	r2, [r1]
.Ltmp4:
	.loc	2 74 5                          @ rt-thread/src/irq.c:74:5
	movw	r1, :lower16:rt_interrupt_enter_hook
	movt	r1, :upper16:rt_interrupt_enter_hook
	ldr	r1, [r1]
.Ltmp5:
	.loc	2 74 5 is_stmt 0                @ rt-thread/src/irq.c:74:5
	cbz	r1, .LBB2_2
.Ltmp6:
@ %bb.1:
	@DEBUG_VALUE: rt_interrupt_enter:level <- $r4
	.loc	2 74 5                          @ rt-thread/src/irq.c:74:5
	blx	r1
.Ltmp7:
.LBB2_2:
	@DEBUG_VALUE: rt_interrupt_enter:level <- $r4
	.loc	2 75 5 is_stmt 1                @ rt-thread/src/irq.c:75:5
	mov	r0, r4
	bl	rt_hw_interrupt_enable
	.loc	2 76 1                          @ rt-thread/src/irq.c:76:1
	pop	{r4, pc}
.Ltmp8:
.Lfunc_end2:
	.size	rt_interrupt_enter, .Lfunc_end2-rt_interrupt_enter
	.cfi_endproc
	.cantunwind
	.fnend
                                        @ -- End function
	.section	.text.rt_interrupt_leave,"ax",%progbits
	.hidden	rt_interrupt_leave              @ -- Begin function rt_interrupt_leave
	.globl	rt_interrupt_leave
	.p2align	3
	.type	rt_interrupt_leave,%function
	.code	16                              @ @rt_interrupt_leave
	.thumb_func
rt_interrupt_leave:
.Lfunc_begin3:
	.loc	2 87 0                          @ rt-thread/src/irq.c:87:0
	.fnstart
	.cfi_startproc
@ %bb.0:
	.save	{r4, lr}
	push	{r4, lr}
	.cfi_def_cfa_offset 8
	.cfi_offset lr, -4
	.cfi_offset r4, -8
.Ltmp9:
	.loc	2 93 13 prologue_end            @ rt-thread/src/irq.c:93:13
	bl	rt_hw_interrupt_disable
	.loc	2 94 23                         @ rt-thread/src/irq.c:94:23
	movw	r1, :lower16:rt_interrupt_nest
	.loc	2 93 13                         @ rt-thread/src/irq.c:93:13
	mov	r4, r0
.Ltmp10:
	@DEBUG_VALUE: rt_interrupt_leave:level <- $r4
	.loc	2 94 23                         @ rt-thread/src/irq.c:94:23
	movt	r1, :upper16:rt_interrupt_nest
	ldrb	r2, [r1]
	subs	r2, #1
	strb	r2, [r1]
.Ltmp11:
	.loc	2 95 5                          @ rt-thread/src/irq.c:95:5
	movw	r1, :lower16:rt_interrupt_leave_hook
	movt	r1, :upper16:rt_interrupt_leave_hook
	ldr	r1, [r1]
.Ltmp12:
	.loc	2 95 5 is_stmt 0                @ rt-thread/src/irq.c:95:5
	cbz	r1, .LBB3_2
.Ltmp13:
@ %bb.1:
	@DEBUG_VALUE: rt_interrupt_leave:level <- $r4
	.loc	2 95 5                          @ rt-thread/src/irq.c:95:5
	blx	r1
.Ltmp14:
.LBB3_2:
	@DEBUG_VALUE: rt_interrupt_leave:level <- $r4
	.loc	2 96 5 is_stmt 1                @ rt-thread/src/irq.c:96:5
	mov	r0, r4
	bl	rt_hw_interrupt_enable
	.loc	2 97 1                          @ rt-thread/src/irq.c:97:1
	pop	{r4, pc}
.Ltmp15:
.Lfunc_end3:
	.size	rt_interrupt_leave, .Lfunc_end3-rt_interrupt_leave
	.cfi_endproc
	.cantunwind
	.fnend
                                        @ -- End function
	.section	.text.rt_interrupt_get_nest,"ax",%progbits
	.hidden	rt_interrupt_get_nest           @ -- Begin function rt_interrupt_get_nest
	.weak	rt_interrupt_get_nest
	.p2align	3
	.type	rt_interrupt_get_nest,%function
	.code	16                              @ @rt_interrupt_get_nest
	.thumb_func
rt_interrupt_get_nest:
.Lfunc_begin4:
	.loc	2 109 0                         @ rt-thread/src/irq.c:109:0
	.fnstart
	.cfi_startproc
@ %bb.0:
	.save	{r4, lr}
	push	{r4, lr}
	.cfi_def_cfa_offset 8
	.cfi_offset lr, -4
	.cfi_offset r4, -8
.Ltmp16:
	.loc	2 113 13 prologue_end           @ rt-thread/src/irq.c:113:13
	bl	rt_hw_interrupt_disable
	.loc	2 114 11                        @ rt-thread/src/irq.c:114:11
	movw	r1, :lower16:rt_interrupt_nest
	movt	r1, :upper16:rt_interrupt_nest
	ldrb	r4, [r1]
.Ltmp17:
	@DEBUG_VALUE: rt_interrupt_get_nest:level <- $r0
	@DEBUG_VALUE: rt_interrupt_get_nest:ret <- undef
	.loc	2 115 5                         @ rt-thread/src/irq.c:115:5
	bl	rt_hw_interrupt_enable
.Ltmp18:
	.loc	2 116 5                         @ rt-thread/src/irq.c:116:5
	mov	r0, r4
	pop	{r4, pc}
.Ltmp19:
.Lfunc_end4:
	.size	rt_interrupt_get_nest, .Lfunc_end4-rt_interrupt_get_nest
	.cfi_endproc
	.cantunwind
	.fnend
                                        @ -- End function
	.type	rt_interrupt_enter_hook,%object @ @rt_interrupt_enter_hook
	.section	.bss.rt_interrupt_enter_hook,"aw",%nobits
	.p2align	2
rt_interrupt_enter_hook:
	.long	0
	.size	rt_interrupt_enter_hook, 4

	.type	rt_interrupt_leave_hook,%object @ @rt_interrupt_leave_hook
	.section	.bss.rt_interrupt_leave_hook,"aw",%nobits
	.p2align	2
rt_interrupt_leave_hook:
	.long	0
	.size	rt_interrupt_leave_hook, 4

	.hidden	rt_interrupt_nest               @ @rt_interrupt_nest
	.type	rt_interrupt_nest,%object
	.section	.bss.rt_interrupt_nest,"aw",%nobits
	.globl	rt_interrupt_nest
rt_interrupt_nest:
	.byte	0                               @ 0x0
	.size	rt_interrupt_nest, 1

	.section	.debug_loc,"",%progbits
.Ldebug_loc0:
	.long	-1
	.long	.Lfunc_begin2                   @   base address
	.long	.Ltmp3-.Lfunc_begin2
	.long	.Ltmp8-.Lfunc_begin2
	.short	1                               @ Loc expr size
	.byte	84                              @ DW_OP_reg4
	.long	0
	.long	0
.Ldebug_loc1:
	.long	-1
	.long	.Lfunc_begin3                   @   base address
	.long	.Ltmp10-.Lfunc_begin3
	.long	.Ltmp15-.Lfunc_begin3
	.short	1                               @ Loc expr size
	.byte	84                              @ DW_OP_reg4
	.long	0
	.long	0
.Ldebug_loc2:
	.long	-1
	.long	.Lfunc_begin4                   @   base address
	.long	.Ltmp17-.Lfunc_begin4
	.long	.Ltmp18-.Lfunc_begin4
	.short	1                               @ Loc expr size
	.byte	80                              @ DW_OP_reg0
	.long	0
	.long	0
	.section	.debug_abbrev,"",%progbits
	.byte	1                               @ Abbreviation Code
	.byte	17                              @ DW_TAG_compile_unit
	.byte	1                               @ DW_CHILDREN_yes
	.byte	37                              @ DW_AT_producer
	.byte	14                              @ DW_FORM_strp
	.byte	19                              @ DW_AT_language
	.byte	5                               @ DW_FORM_data2
	.byte	3                               @ DW_AT_name
	.byte	14                              @ DW_FORM_strp
	.byte	16                              @ DW_AT_stmt_list
	.byte	6                               @ DW_FORM_data4
	.byte	27                              @ DW_AT_comp_dir
	.byte	14                              @ DW_FORM_strp
	.byte	17                              @ DW_AT_low_pc
	.byte	1                               @ DW_FORM_addr
	.byte	85                              @ DW_AT_ranges
	.byte	6                               @ DW_FORM_data4
	.byte	0                               @ EOM(1)
	.byte	0                               @ EOM(2)
	.byte	2                               @ Abbreviation Code
	.byte	52                              @ DW_TAG_variable
	.byte	0                               @ DW_CHILDREN_no
	.byte	3                               @ DW_AT_name
	.byte	14                              @ DW_FORM_strp
	.byte	73                              @ DW_AT_type
	.byte	19                              @ DW_FORM_ref4
	.byte	63                              @ DW_AT_external
	.byte	12                              @ DW_FORM_flag
	.byte	58                              @ DW_AT_decl_file
	.byte	11                              @ DW_FORM_data1
	.byte	59                              @ DW_AT_decl_line
	.byte	11                              @ DW_FORM_data1
	.byte	2                               @ DW_AT_location
	.byte	10                              @ DW_FORM_block1
	.byte	0                               @ EOM(1)
	.byte	0                               @ EOM(2)
	.byte	3                               @ Abbreviation Code
	.byte	53                              @ DW_TAG_volatile_type
	.byte	0                               @ DW_CHILDREN_no
	.byte	73                              @ DW_AT_type
	.byte	19                              @ DW_FORM_ref4
	.byte	0                               @ EOM(1)
	.byte	0                               @ EOM(2)
	.byte	4                               @ Abbreviation Code
	.byte	22                              @ DW_TAG_typedef
	.byte	0                               @ DW_CHILDREN_no
	.byte	73                              @ DW_AT_type
	.byte	19                              @ DW_FORM_ref4
	.byte	3                               @ DW_AT_name
	.byte	14                              @ DW_FORM_strp
	.byte	58                              @ DW_AT_decl_file
	.byte	11                              @ DW_FORM_data1
	.byte	59                              @ DW_AT_decl_line
	.byte	11                              @ DW_FORM_data1
	.byte	0                               @ EOM(1)
	.byte	0                               @ EOM(2)
	.byte	5                               @ Abbreviation Code
	.byte	36                              @ DW_TAG_base_type
	.byte	0                               @ DW_CHILDREN_no
	.byte	3                               @ DW_AT_name
	.byte	14                              @ DW_FORM_strp
	.byte	62                              @ DW_AT_encoding
	.byte	11                              @ DW_FORM_data1
	.byte	11                              @ DW_AT_byte_size
	.byte	11                              @ DW_FORM_data1
	.byte	0                               @ EOM(1)
	.byte	0                               @ EOM(2)
	.byte	6                               @ Abbreviation Code
	.byte	52                              @ DW_TAG_variable
	.byte	0                               @ DW_CHILDREN_no
	.byte	3                               @ DW_AT_name
	.byte	14                              @ DW_FORM_strp
	.byte	73                              @ DW_AT_type
	.byte	19                              @ DW_FORM_ref4
	.byte	58                              @ DW_AT_decl_file
	.byte	11                              @ DW_FORM_data1
	.byte	59                              @ DW_AT_decl_line
	.byte	11                              @ DW_FORM_data1
	.byte	2                               @ DW_AT_location
	.byte	10                              @ DW_FORM_block1
	.byte	0                               @ EOM(1)
	.byte	0                               @ EOM(2)
	.byte	7                               @ Abbreviation Code
	.byte	15                              @ DW_TAG_pointer_type
	.byte	0                               @ DW_CHILDREN_no
	.byte	73                              @ DW_AT_type
	.byte	19                              @ DW_FORM_ref4
	.byte	0                               @ EOM(1)
	.byte	0                               @ EOM(2)
	.byte	8                               @ Abbreviation Code
	.byte	21                              @ DW_TAG_subroutine_type
	.byte	0                               @ DW_CHILDREN_no
	.byte	39                              @ DW_AT_prototyped
	.byte	12                              @ DW_FORM_flag
	.byte	0                               @ EOM(1)
	.byte	0                               @ EOM(2)
	.byte	9                               @ Abbreviation Code
	.byte	46                              @ DW_TAG_subprogram
	.byte	1                               @ DW_CHILDREN_yes
	.byte	17                              @ DW_AT_low_pc
	.byte	1                               @ DW_FORM_addr
	.byte	18                              @ DW_AT_high_pc
	.byte	1                               @ DW_FORM_addr
	.byte	64                              @ DW_AT_frame_base
	.byte	10                              @ DW_FORM_block1
	.byte	3                               @ DW_AT_name
	.byte	14                              @ DW_FORM_strp
	.byte	58                              @ DW_AT_decl_file
	.byte	11                              @ DW_FORM_data1
	.byte	59                              @ DW_AT_decl_line
	.byte	11                              @ DW_FORM_data1
	.byte	39                              @ DW_AT_prototyped
	.byte	12                              @ DW_FORM_flag
	.byte	63                              @ DW_AT_external
	.byte	12                              @ DW_FORM_flag
	.byte	0                               @ EOM(1)
	.byte	0                               @ EOM(2)
	.byte	10                              @ Abbreviation Code
	.byte	5                               @ DW_TAG_formal_parameter
	.byte	0                               @ DW_CHILDREN_no
	.byte	2                               @ DW_AT_location
	.byte	10                              @ DW_FORM_block1
	.byte	3                               @ DW_AT_name
	.byte	14                              @ DW_FORM_strp
	.byte	58                              @ DW_AT_decl_file
	.byte	11                              @ DW_FORM_data1
	.byte	59                              @ DW_AT_decl_line
	.byte	11                              @ DW_FORM_data1
	.byte	73                              @ DW_AT_type
	.byte	19                              @ DW_FORM_ref4
	.byte	0                               @ EOM(1)
	.byte	0                               @ EOM(2)
	.byte	11                              @ Abbreviation Code
	.byte	52                              @ DW_TAG_variable
	.byte	0                               @ DW_CHILDREN_no
	.byte	2                               @ DW_AT_location
	.byte	6                               @ DW_FORM_data4
	.byte	3                               @ DW_AT_name
	.byte	14                              @ DW_FORM_strp
	.byte	58                              @ DW_AT_decl_file
	.byte	11                              @ DW_FORM_data1
	.byte	59                              @ DW_AT_decl_line
	.byte	11                              @ DW_FORM_data1
	.byte	73                              @ DW_AT_type
	.byte	19                              @ DW_FORM_ref4
	.byte	0                               @ EOM(1)
	.byte	0                               @ EOM(2)
	.byte	12                              @ Abbreviation Code
	.byte	46                              @ DW_TAG_subprogram
	.byte	1                               @ DW_CHILDREN_yes
	.byte	17                              @ DW_AT_low_pc
	.byte	1                               @ DW_FORM_addr
	.byte	18                              @ DW_AT_high_pc
	.byte	1                               @ DW_FORM_addr
	.byte	64                              @ DW_AT_frame_base
	.byte	10                              @ DW_FORM_block1
	.byte	3                               @ DW_AT_name
	.byte	14                              @ DW_FORM_strp
	.byte	58                              @ DW_AT_decl_file
	.byte	11                              @ DW_FORM_data1
	.byte	59                              @ DW_AT_decl_line
	.byte	11                              @ DW_FORM_data1
	.byte	39                              @ DW_AT_prototyped
	.byte	12                              @ DW_FORM_flag
	.byte	73                              @ DW_AT_type
	.byte	19                              @ DW_FORM_ref4
	.byte	63                              @ DW_AT_external
	.byte	12                              @ DW_FORM_flag
	.byte	0                               @ EOM(1)
	.byte	0                               @ EOM(2)
	.byte	13                              @ Abbreviation Code
	.byte	52                              @ DW_TAG_variable
	.byte	0                               @ DW_CHILDREN_no
	.byte	3                               @ DW_AT_name
	.byte	14                              @ DW_FORM_strp
	.byte	58                              @ DW_AT_decl_file
	.byte	11                              @ DW_FORM_data1
	.byte	59                              @ DW_AT_decl_line
	.byte	11                              @ DW_FORM_data1
	.byte	73                              @ DW_AT_type
	.byte	19                              @ DW_FORM_ref4
	.byte	0                               @ EOM(1)
	.byte	0                               @ EOM(2)
	.byte	0                               @ EOM(3)
	.section	.debug_info,"",%progbits
.Lcu_begin0:
	.long	.Ldebug_info_end0-.Ldebug_info_start0 @ Length of Unit
.Ldebug_info_start0:
	.short	3                               @ DWARF version number
	.long	.debug_abbrev                   @ Offset Into Abbrev. Section
	.byte	4                               @ Address Size (in bytes)
	.byte	1                               @ Abbrev [1] 0xb:0x13a DW_TAG_compile_unit
	.long	.Linfo_string0                  @ DW_AT_producer
	.short	12                              @ DW_AT_language
	.long	.Linfo_string1                  @ DW_AT_name
	.long	.Lline_table_start0             @ DW_AT_stmt_list
	.long	.Linfo_string2                  @ DW_AT_comp_dir
	.long	0                               @ DW_AT_low_pc
	.long	.Ldebug_ranges0                 @ DW_AT_ranges
	.byte	2                               @ Abbrev [2] 0x26:0x12 DW_TAG_variable
	.long	.Linfo_string3                  @ DW_AT_name
	.long	56                              @ DW_AT_type
	.byte	1                               @ DW_AT_external
	.byte	2                               @ DW_AT_decl_file
	.byte	55                              @ DW_AT_decl_line
	.byte	5                               @ DW_AT_location
	.byte	3
	.long	rt_interrupt_nest
	.byte	3                               @ Abbrev [3] 0x38:0x5 DW_TAG_volatile_type
	.long	61                              @ DW_AT_type
	.byte	4                               @ Abbrev [4] 0x3d:0xb DW_TAG_typedef
	.long	72                              @ DW_AT_type
	.long	.Linfo_string5                  @ DW_AT_name
	.byte	1                               @ DW_AT_decl_file
	.byte	67                              @ DW_AT_decl_line
	.byte	5                               @ Abbrev [5] 0x48:0x7 DW_TAG_base_type
	.long	.Linfo_string4                  @ DW_AT_name
	.byte	8                               @ DW_AT_encoding
	.byte	1                               @ DW_AT_byte_size
	.byte	6                               @ Abbrev [6] 0x4f:0x11 DW_TAG_variable
	.long	.Linfo_string6                  @ DW_AT_name
	.long	96                              @ DW_AT_type
	.byte	2                               @ DW_AT_decl_file
	.byte	19                              @ DW_AT_decl_line
	.byte	5                               @ DW_AT_location
	.byte	3
	.long	rt_interrupt_enter_hook
	.byte	7                               @ Abbrev [7] 0x60:0x5 DW_TAG_pointer_type
	.long	101                             @ DW_AT_type
	.byte	8                               @ Abbrev [8] 0x65:0x2 DW_TAG_subroutine_type
	.byte	1                               @ DW_AT_prototyped
	.byte	6                               @ Abbrev [6] 0x67:0x11 DW_TAG_variable
	.long	.Linfo_string7                  @ DW_AT_name
	.long	96                              @ DW_AT_type
	.byte	2                               @ DW_AT_decl_file
	.byte	20                              @ DW_AT_decl_line
	.byte	5                               @ DW_AT_location
	.byte	3
	.long	rt_interrupt_leave_hook
	.byte	9                               @ Abbrev [9] 0x78:0x21 DW_TAG_subprogram
	.long	.Lfunc_begin0                   @ DW_AT_low_pc
	.long	.Lfunc_end0                     @ DW_AT_high_pc
	.byte	1                               @ DW_AT_frame_base
	.byte	93
	.long	.Linfo_string8                  @ DW_AT_name
	.byte	2                               @ DW_AT_decl_file
	.byte	28                              @ DW_AT_decl_line
	.byte	1                               @ DW_AT_prototyped
	.byte	1                               @ DW_AT_external
	.byte	10                              @ Abbrev [10] 0x8b:0xd DW_TAG_formal_parameter
	.byte	1                               @ DW_AT_location
	.byte	80
	.long	.Linfo_string13                 @ DW_AT_name
	.byte	2                               @ DW_AT_decl_file
	.byte	28                              @ DW_AT_decl_line
	.long	96                              @ DW_AT_type
	.byte	0                               @ End Of Children Mark
	.byte	9                               @ Abbrev [9] 0x99:0x21 DW_TAG_subprogram
	.long	.Lfunc_begin1                   @ DW_AT_low_pc
	.long	.Lfunc_end1                     @ DW_AT_high_pc
	.byte	1                               @ DW_AT_frame_base
	.byte	93
	.long	.Linfo_string9                  @ DW_AT_name
	.byte	2                               @ DW_AT_decl_file
	.byte	38                              @ DW_AT_decl_line
	.byte	1                               @ DW_AT_prototyped
	.byte	1                               @ DW_AT_external
	.byte	10                              @ Abbrev [10] 0xac:0xd DW_TAG_formal_parameter
	.byte	1                               @ DW_AT_location
	.byte	80
	.long	.Linfo_string13                 @ DW_AT_name
	.byte	2                               @ DW_AT_decl_file
	.byte	38                              @ DW_AT_decl_line
	.long	96                              @ DW_AT_type
	.byte	0                               @ End Of Children Mark
	.byte	9                               @ Abbrev [9] 0xba:0x23 DW_TAG_subprogram
	.long	.Lfunc_begin2                   @ DW_AT_low_pc
	.long	.Lfunc_end2                     @ DW_AT_high_pc
	.byte	1                               @ DW_AT_frame_base
	.byte	93
	.long	.Linfo_string10                 @ DW_AT_name
	.byte	2                               @ DW_AT_decl_file
	.byte	65                              @ DW_AT_decl_line
	.byte	1                               @ DW_AT_prototyped
	.byte	1                               @ DW_AT_external
	.byte	11                              @ Abbrev [11] 0xcd:0xf DW_TAG_variable
	.long	.Ldebug_loc0                    @ DW_AT_location
	.long	.Linfo_string14                 @ DW_AT_name
	.byte	2                               @ DW_AT_decl_file
	.byte	67                              @ DW_AT_decl_line
	.long	306                             @ DW_AT_type
	.byte	0                               @ End Of Children Mark
	.byte	9                               @ Abbrev [9] 0xdd:0x23 DW_TAG_subprogram
	.long	.Lfunc_begin3                   @ DW_AT_low_pc
	.long	.Lfunc_end3                     @ DW_AT_high_pc
	.byte	1                               @ DW_AT_frame_base
	.byte	93
	.long	.Linfo_string11                 @ DW_AT_name
	.byte	2                               @ DW_AT_decl_file
	.byte	86                              @ DW_AT_decl_line
	.byte	1                               @ DW_AT_prototyped
	.byte	1                               @ DW_AT_external
	.byte	11                              @ Abbrev [11] 0xf0:0xf DW_TAG_variable
	.long	.Ldebug_loc1                    @ DW_AT_location
	.long	.Linfo_string14                 @ DW_AT_name
	.byte	2                               @ DW_AT_decl_file
	.byte	88                              @ DW_AT_decl_line
	.long	306                             @ DW_AT_type
	.byte	0                               @ End Of Children Mark
	.byte	12                              @ Abbrev [12] 0x100:0x32 DW_TAG_subprogram
	.long	.Lfunc_begin4                   @ DW_AT_low_pc
	.long	.Lfunc_end4                     @ DW_AT_high_pc
	.byte	1                               @ DW_AT_frame_base
	.byte	93
	.long	.Linfo_string12                 @ DW_AT_name
	.byte	2                               @ DW_AT_decl_file
	.byte	108                             @ DW_AT_decl_line
	.byte	1                               @ DW_AT_prototyped
	.long	61                              @ DW_AT_type
	.byte	1                               @ DW_AT_external
	.byte	11                              @ Abbrev [11] 0x117:0xf DW_TAG_variable
	.long	.Ldebug_loc2                    @ DW_AT_location
	.long	.Linfo_string14                 @ DW_AT_name
	.byte	2                               @ DW_AT_decl_file
	.byte	111                             @ DW_AT_decl_line
	.long	306                             @ DW_AT_type
	.byte	13                              @ Abbrev [13] 0x126:0xb DW_TAG_variable
	.long	.Linfo_string17                 @ DW_AT_name
	.byte	2                               @ DW_AT_decl_file
	.byte	110                             @ DW_AT_decl_line
	.long	61                              @ DW_AT_type
	.byte	0                               @ End Of Children Mark
	.byte	4                               @ Abbrev [4] 0x132:0xb DW_TAG_typedef
	.long	317                             @ DW_AT_type
	.long	.Linfo_string16                 @ DW_AT_name
	.byte	1                               @ DW_AT_decl_file
	.byte	81                              @ DW_AT_decl_line
	.byte	5                               @ Abbrev [5] 0x13d:0x7 DW_TAG_base_type
	.long	.Linfo_string15                 @ DW_AT_name
	.byte	5                               @ DW_AT_encoding
	.byte	4                               @ DW_AT_byte_size
	.byte	0                               @ End Of Children Mark
.Ldebug_info_end0:
	.section	.debug_ranges,"",%progbits
.Ldebug_ranges0:
	.long	.Lfunc_begin0
	.long	.Lfunc_end0
	.long	.Lfunc_begin1
	.long	.Lfunc_end1
	.long	.Lfunc_begin2
	.long	.Lfunc_end2
	.long	.Lfunc_begin3
	.long	.Lfunc_end3
	.long	.Lfunc_begin4
	.long	.Lfunc_end4
	.long	0
	.long	0
	.section	.debug_str,"MS",%progbits,1
.Linfo_string0:
	.asciz	"Component: ARM Compiler 6.16 Tool: armclang [5dfeb700]" @ string offset=0
.Linfo_string1:
	.asciz	"rt-thread/src\\irq.c"          @ string offset=55
.Linfo_string2:
	.asciz	"E:\\Smart-access-control\\Hardware\\CODE" @ string offset=75
.Linfo_string3:
	.asciz	"rt_interrupt_nest"             @ string offset=113
.Linfo_string4:
	.asciz	"unsigned char"                 @ string offset=131
.Linfo_string5:
	.asciz	"rt_uint8_t"                    @ string offset=145
.Linfo_string6:
	.asciz	"rt_interrupt_enter_hook"       @ string offset=156
.Linfo_string7:
	.asciz	"rt_interrupt_leave_hook"       @ string offset=180
.Linfo_string8:
	.asciz	"rt_interrupt_enter_sethook"    @ string offset=204
.Linfo_string9:
	.asciz	"rt_interrupt_leave_sethook"    @ string offset=231
.Linfo_string10:
	.asciz	"rt_interrupt_enter"            @ string offset=258
.Linfo_string11:
	.asciz	"rt_interrupt_leave"            @ string offset=277
.Linfo_string12:
	.asciz	"rt_interrupt_get_nest"         @ string offset=296
.Linfo_string13:
	.asciz	"hook"                          @ string offset=318
.Linfo_string14:
	.asciz	"level"                         @ string offset=323
.Linfo_string15:
	.asciz	"long int"                      @ string offset=329
.Linfo_string16:
	.asciz	"rt_base_t"                     @ string offset=338
.Linfo_string17:
	.asciz	"ret"                           @ string offset=348
	.ident	"Component: ARM Compiler 6.16 Tool: armclang [5dfeb700]"
	.section	".note.GNU-stack","",%progbits
	.eabi_attribute	30, 1	@ Tag_ABI_optimization_goals
	.ARM_attribute	16, 1	@ Tag_AV_eba
	.section	.debug_line,"",%progbits
.Lline_table_start0:
