	.text
	.syntax unified
	.eabi_attribute	67, "2.09"	@ Tag_conformance
	.cpu	cortex-m7
	.eabi_attribute	6, 13	@ Tag_CPU_arch
	.eabi_attribute	7, 77	@ Tag_CPU_arch_profile
	.eabi_attribute	8, 0	@ Tag_ARM_ISA_use
	.eabi_attribute	9, 2	@ Tag_THUMB_ISA_use
	.fpu	fpv5-d16
	.eabi_attribute	36, 1	@ Tag_FP_HP_extension
	.eabi_attribute	34, 1	@ Tag_CPU_unaligned_access
	.eabi_attribute	17, 1	@ Tag_ABI_PCS_GOT_use
	.eabi_attribute	20, 2	@ Tag_ABI_FP_denormal
	.eabi_attribute	21, 0	@ Tag_ABI_FP_exceptions
	.eabi_attribute	23, 1	@ Tag_ABI_FP_number_model
	.eabi_attribute	24, 1	@ Tag_ABI_align_needed
	.eabi_attribute	25, 1	@ Tag_ABI_align_preserved
	.eabi_attribute	28, 1	@ Tag_ABI_VFP_args
	.eabi_attribute	38, 1	@ Tag_ABI_FP_16bit_format
	.eabi_attribute	18, 2	@ Tag_ABI_PCS_wchar_t
	.eabi_attribute	26, 1	@ Tag_ABI_enum_size
	.eabi_attribute	14, 0	@ Tag_ABI_PCS_R9_use
	.file	"jdev.c"
	.file	1 "E:\\STM32\\Learning\\STM32H750_ART_PI_RGBLCD" "applications/jdev.c"
	.file	2 "D:\\Keil_v5\\ARM\\ARMCLANG\\Bin\\..\\include" "stdint.h"
	.file	3 "E:\\STM32\\Learning\\STM32H750_ART_PI_RGBLCD" "./packages/tjpgd1d/src\\tjpgd.h"
	.file	4 "E:\\STM32\\Learning\\STM32H750_ART_PI_RGBLCD" "applications/jdev.h"
	.section	.text.input_func,"ax",%progbits
	.hidden	input_func                      @ -- Begin function input_func
	.globl	input_func
	.p2align	3
	.type	input_func,%function
	.code	16                              @ @input_func
	.thumb_func
input_func:
.Lfunc_begin0:
	.loc	1 31 0                          @ applications/jdev.c:31:0
	.fnstart
	.cfi_sections .debug_frame
	.cfi_startproc
@ %bb.0:
	.save	{r7, lr}
	push	{r7, lr}
	.cfi_def_cfa_offset 8
	.cfi_offset lr, -4
	.cfi_offset r7, -8
	.pad	#32
	sub	sp, #32
	.cfi_def_cfa_offset 40
	str	r0, [sp, #24]
	str	r1, [sp, #20]
	str	r2, [sp, #16]
.Ltmp0:
	.loc	1 33 23 prologue_end            @ applications/jdev.c:33:23
	ldr	r0, [sp, #24]
	.loc	1 33 27 is_stmt 0               @ applications/jdev.c:33:27
	ldr	r0, [r0, #116]
	.loc	1 33 9                          @ applications/jdev.c:33:9
	str	r0, [sp, #8]
.Ltmp1:
	.loc	1 36 6 is_stmt 1                @ applications/jdev.c:36:6
	ldr	r0, [sp, #20]
.Ltmp2:
	.loc	1 36 6 is_stmt 0                @ applications/jdev.c:36:6
	cbz	r0, .LBB0_2
	b	.LBB0_1
.LBB0_1:
.Ltmp3:
	.loc	1 38 13 is_stmt 1               @ applications/jdev.c:38:13
	ldr	r0, [sp, #20]
	.loc	1 38 18 is_stmt 0               @ applications/jdev.c:38:18
	ldr	r1, [sp, #8]
	.loc	1 38 23                         @ applications/jdev.c:38:23
	ldr	r1, [r1]
	.loc	1 38 26                         @ applications/jdev.c:38:26
	movw	r2, :lower16:offset
	movt	r2, :upper16:offset
	str	r2, [sp, #4]                    @ 4-byte Spill
	ldr	r2, [r2]
	.loc	1 38 25                         @ applications/jdev.c:38:25
	add	r1, r2
	.loc	1 38 33                         @ applications/jdev.c:38:33
	ldr	r2, [sp, #16]
	.loc	1 38 3                          @ applications/jdev.c:38:3
	bl	rt_memcpy
	ldr	r1, [sp, #4]                    @ 4-byte Reload
	.loc	1 39 11 is_stmt 1               @ applications/jdev.c:39:11
	ldr	r2, [sp, #16]
	.loc	1 39 9 is_stmt 0                @ applications/jdev.c:39:9
	ldr	r0, [r1]
	add	r0, r2
	str	r0, [r1]
	.loc	1 40 6 is_stmt 1                @ applications/jdev.c:40:6
	ldr	r0, [sp, #16]
	.loc	1 40 5 is_stmt 0                @ applications/jdev.c:40:5
	str	r0, [sp, #12]
	.loc	1 41 24 is_stmt 1               @ applications/jdev.c:41:24
	ldr	r0, [sp, #12]
	.loc	1 41 3 is_stmt 0                @ applications/jdev.c:41:3
	str	r0, [sp, #28]
	b	.LBB0_3
.Ltmp4:
.LBB0_2:
	.loc	1 0 3                           @ applications/jdev.c:0:3
	mov.w	r0, #-1
	.loc	1 47 2 is_stmt 1                @ applications/jdev.c:47:2
	str	r0, [sp, #28]
	b	.LBB0_3
.LBB0_3:
	.loc	1 48 1                          @ applications/jdev.c:48:1
	ldr	r0, [sp, #28]
	add	sp, #32
	pop	{r7, pc}
.Ltmp5:
.Lfunc_end0:
	.size	input_func, .Lfunc_end0-input_func
	.cfi_endproc
	.cantunwind
	.fnend
                                        @ -- End function
	.section	.text.output_func,"ax",%progbits
	.hidden	output_func                     @ -- Begin function output_func
	.globl	output_func
	.p2align	3
	.type	output_func,%function
	.code	16                              @ @output_func
	.thumb_func
output_func:
.Lfunc_begin1:
	.loc	1 59 0                          @ applications/jdev.c:59:0
	.fnstart
	.cfi_startproc
@ %bb.0:
	.save	{r7, lr}
	push	{r7, lr}
	.cfi_def_cfa_offset 8
	.cfi_offset lr, -4
	.cfi_offset r7, -8
	.pad	#40
	sub	sp, #40
	.cfi_def_cfa_offset 48
	str	r0, [sp, #36]
	str	r1, [sp, #32]
	str	r2, [sp, #28]
.Ltmp6:
	.loc	1 62 23 prologue_end            @ applications/jdev.c:62:23
	ldr	r0, [sp, #36]
	.loc	1 62 27 is_stmt 0               @ applications/jdev.c:62:27
	ldr	r0, [r0, #116]
	.loc	1 62 9                          @ applications/jdev.c:62:9
	str	r0, [sp]
.Ltmp7:
	.loc	1 66 19 is_stmt 1               @ applications/jdev.c:66:19
	ldr	r0, [sp, #28]
	.loc	1 66 25 is_stmt 0               @ applications/jdev.c:66:25
	ldrh	r0, [r0]
.Ltmp8:
	.loc	1 66 6                          @ applications/jdev.c:66:6
	cbnz	r0, .LBB1_2
	b	.LBB1_1
.LBB1_1:
.Ltmp9:
	.loc	1 67 22 is_stmt 1               @ applications/jdev.c:67:22
	ldr	r0, [sp, #28]
	.loc	1 67 28 is_stmt 0               @ applications/jdev.c:67:28
	ldrh	r0, [r0, #4]
	.loc	1 67 35                         @ applications/jdev.c:67:35
	ldr	r1, [sp, #36]
	.loc	1 67 39                         @ applications/jdev.c:67:39
	ldrb	r2, [r1, #13]
	.loc	1 67 32                         @ applications/jdev.c:67:32
	lsls	r0, r2
	movs	r2, #100
	.loc	1 67 46                         @ applications/jdev.c:67:46
	muls	r0, r2, r0
	.loc	1 67 60                         @ applications/jdev.c:67:60
	ldrh	r1, [r1, #30]
	.loc	1 67 54                         @ applications/jdev.c:67:54
	udiv	r1, r0, r1
	.loc	1 67 3                          @ applications/jdev.c:67:3
	movw	r0, :lower16:.L.str
	movt	r0, :upper16:.L.str
	bl	printf
	.loc	1 68 2 is_stmt 1                @ applications/jdev.c:68:2
	b	.LBB1_2
.Ltmp10:
.LBB1_2:
	.loc	1 70 9                          @ applications/jdev.c:70:9
	ldr	r1, [sp, #28]
	.loc	1 70 15 is_stmt 0               @ applications/jdev.c:70:15
	ldrh	r0, [r1, #2]
	.loc	1 70 29                         @ applications/jdev.c:70:29
	ldrh	r1, [r1]
	.loc	1 70 21                         @ applications/jdev.c:70:21
	subs	r0, r0, r1
	.loc	1 70 34                         @ applications/jdev.c:70:34
	add.w	r0, r0, r0, lsl #1
	.loc	1 70 39                         @ applications/jdev.c:70:39
	adds	r0, #3
	.loc	1 70 6                          @ applications/jdev.c:70:6
	str	r0, [sp, #20]
	.loc	1 71 7 is_stmt 1                @ applications/jdev.c:71:7
	ldr	r1, [sp, #28]
	.loc	1 71 13 is_stmt 0               @ applications/jdev.c:71:13
	ldrh	r0, [r1, #6]
	.loc	1 71 28                         @ applications/jdev.c:71:28
	ldrh	r1, [r1, #4]
	.loc	1 71 20                         @ applications/jdev.c:71:20
	subs	r0, r0, r1
	.loc	1 71 32                         @ applications/jdev.c:71:32
	adds	r0, #1
	.loc	1 71 5                          @ applications/jdev.c:71:5
	str	r0, [sp, #24]
	.loc	1 72 18 is_stmt 1               @ applications/jdev.c:72:18
	ldr	r0, [sp, #32]
	.loc	1 72 6 is_stmt 0                @ applications/jdev.c:72:6
	str	r0, [sp, #8]
	.loc	1 74 7 is_stmt 1                @ applications/jdev.c:74:7
	ldr	r0, [sp]
	.loc	1 74 12 is_stmt 0               @ applications/jdev.c:74:12
	ldr	r0, [r0, #8]
	.loc	1 74 5                          @ applications/jdev.c:74:5
	str	r0, [sp, #12]
	.loc	1 75 8 is_stmt 1                @ applications/jdev.c:75:8
	ldr	r0, [sp]
	.loc	1 75 13 is_stmt 0               @ applications/jdev.c:75:13
	ldr	r3, [r0, #4]
	.loc	1 75 22                         @ applications/jdev.c:75:22
	ldr	r1, [sp, #28]
	.loc	1 75 28                         @ applications/jdev.c:75:28
	ldrh	r0, [r1, #4]
	.loc	1 75 34                         @ applications/jdev.c:75:34
	ldr	r2, [sp, #12]
	.loc	1 75 20                         @ applications/jdev.c:75:20
	mla	r0, r0, r2, r3
	.loc	1 75 45                         @ applications/jdev.c:75:45
	ldrh	r1, [r1]
	.loc	1 75 50                         @ applications/jdev.c:75:50
	add.w	r1, r1, r1, lsl #1
	.loc	1 75 37                         @ applications/jdev.c:75:37
	add	r0, r1
	.loc	1 75 6                          @ applications/jdev.c:75:6
	str	r0, [sp, #4]
	.loc	1 78 2 is_stmt 1                @ applications/jdev.c:78:2
	b	.LBB1_3
.LBB1_3:                                @ =>This Loop Header: Depth=1
                                        @     Child Loop BB1_4 Depth 2
.Ltmp11:
	.loc	1 79 8                          @ applications/jdev.c:79:8
	ldr	r0, [sp, #20]
	.loc	1 79 6 is_stmt 0                @ applications/jdev.c:79:6
	str	r0, [sp, #16]
	.loc	1 80 3 is_stmt 1                @ applications/jdev.c:80:3
	b	.LBB1_4
.LBB1_4:                                @   Parent Loop BB1_3 Depth=1
                                        @ =>  This Inner Loop Header: Depth=2
.Ltmp12:
	.loc	1 81 17                         @ applications/jdev.c:81:17
	ldr	r0, [sp, #8]
	adds	r1, r0, #1
	str	r1, [sp, #8]
	.loc	1 81 13 is_stmt 0               @ applications/jdev.c:81:13
	ldrb	r0, [r0]
	.loc	1 81 8                          @ applications/jdev.c:81:8
	ldr	r1, [sp, #4]
	adds	r2, r1, #1
	str	r2, [sp, #4]
	.loc	1 81 11                         @ applications/jdev.c:81:11
	strb	r0, [r1]
	.loc	1 82 3 is_stmt 1                @ applications/jdev.c:82:3
	b	.LBB1_5
.Ltmp13:
.LBB1_5:                                @   in Loop: Header=BB1_4 Depth=2
	.loc	1 82 12 is_stmt 0               @ applications/jdev.c:82:12
	ldr	r0, [sp, #16]
	subs	r0, #1
	str	r0, [sp, #16]
.Ltmp14:
	.loc	1 82 3                          @ applications/jdev.c:82:3
	cmp	r0, #0
	bne	.LBB1_4
	b	.LBB1_6
.Ltmp15:
.LBB1_6:                                @   in Loop: Header=BB1_3 Depth=1
	.loc	1 83 10 is_stmt 1               @ applications/jdev.c:83:10
	ldr	r0, [sp, #12]
	.loc	1 83 15 is_stmt 0               @ applications/jdev.c:83:15
	ldr	r1, [sp, #20]
	.loc	1 83 13                         @ applications/jdev.c:83:13
	subs	r1, r0, r1
	.loc	1 83 7                          @ applications/jdev.c:83:7
	ldr	r0, [sp, #4]
	add	r0, r1
	str	r0, [sp, #4]
	.loc	1 84 2 is_stmt 1                @ applications/jdev.c:84:2
	b	.LBB1_7
.Ltmp16:
.LBB1_7:                                @   in Loop: Header=BB1_3 Depth=1
	.loc	1 84 11 is_stmt 0               @ applications/jdev.c:84:11
	ldr	r0, [sp, #24]
	subs	r0, #1
	str	r0, [sp, #24]
.Ltmp17:
	.loc	1 84 2                          @ applications/jdev.c:84:2
	cmp	r0, #0
	bne	.LBB1_3
	b	.LBB1_8
.Ltmp18:
.LBB1_8:
	.loc	1 0 2                           @ applications/jdev.c:0:2
	movs	r0, #1
	.loc	1 86 2 is_stmt 1                @ applications/jdev.c:86:2
	add	sp, #40
	pop	{r7, pc}
.Ltmp19:
.Lfunc_end1:
	.size	output_func, .Lfunc_end1-output_func
	.cfi_endproc
	.cantunwind
	.fnend
                                        @ -- End function
	.section	.text.jpegtest,"ax",%progbits
	.hidden	jpegtest                        @ -- Begin function jpegtest
	.globl	jpegtest
	.p2align	3
	.type	jpegtest,%function
	.code	16                              @ @jpegtest
	.thumb_func
jpegtest:
.Lfunc_begin2:
	.loc	1 92 0                          @ applications/jdev.c:92:0
	.fnstart
	.cfi_startproc
@ %bb.0:
	.save	{r7, lr}
	push	{r7, lr}
	.cfi_def_cfa_offset 8
	.cfi_offset lr, -4
	.cfi_offset r7, -8
	.pad	#432
	sub	sp, #432
	.cfi_def_cfa_offset 440
	str	r0, [sp, #428]
	mov.w	r0, #4096
.Ltmp20:
	.loc	1 93 15 prologue_end            @ applications/jdev.c:93:15
	str	r0, [sp, #424]
	.loc	1 102 15                        @ applications/jdev.c:102:15
	ldr	r1, [sp, #428]
	.loc	1 102 2 is_stmt 0               @ applications/jdev.c:102:2
	movw	r0, :lower16:.L.str.1
	movt	r0, :upper16:.L.str.1
	bl	printf
.Ltmp21:
	.loc	1 106 12 is_stmt 1              @ applications/jdev.c:106:12
	ldr	r0, [sp, #288]
.Ltmp22:
	.loc	1 106 6 is_stmt 0               @ applications/jdev.c:106:6
	cmp	r0, #0
	beq	.LBB2_8
	b	.LBB2_1
.LBB2_1:
	.loc	1 0 6                           @ applications/jdev.c:0:6
	mov.w	r0, #4096
.Ltmp23:
	.loc	1 108 12 is_stmt 1              @ applications/jdev.c:108:12
	str	r0, [sp, #12]                   @ 4-byte Spill
	bl	rt_malloc
	ldr	r3, [sp, #12]                   @ 4-byte Reload
	.loc	1 108 10 is_stmt 0              @ applications/jdev.c:108:10
	str	r0, [sp, #420]
	.loc	1 110 36 is_stmt 1              @ applications/jdev.c:110:36
	ldr	r2, [sp, #420]
	.loc	1 110 8 is_stmt 0               @ applications/jdev.c:110:8
	mov	r1, sp
	add	r0, sp, #288
	str	r0, [r1]
	movw	r1, :lower16:input_func
	movt	r1, :upper16:input_func
	add	r0, sp, #300
	bl	jd_prepare
	.loc	1 110 6                         @ applications/jdev.c:110:6
	strb.w	r0, [sp, #287]
.Ltmp24:
	.loc	1 112 8 is_stmt 1               @ applications/jdev.c:112:8
	ldrb.w	r0, [sp, #287]
.Ltmp25:
	.loc	1 112 7 is_stmt 0               @ applications/jdev.c:112:7
	cmp	r0, #0
	bne	.LBB2_6
	b	.LBB2_2
.LBB2_2:
.Ltmp26:
	.loc	1 118 5 is_stmt 1               @ applications/jdev.c:118:5
	movw	r0, :lower16:.L.str.2
	movt	r0, :upper16:.L.str.2
	bl	printf
.Ltmp27:
	.loc	1 120 12                        @ applications/jdev.c:120:12
	ldrh.w	r0, [sp, #328]
	.loc	1 120 7 is_stmt 0               @ applications/jdev.c:120:7
	str	r0, [sp, #276]
	.loc	1 121 12 is_stmt 1              @ applications/jdev.c:121:12
	ldrh.w	r0, [sp, #330]
	.loc	1 121 7 is_stmt 0               @ applications/jdev.c:121:7
	str	r0, [sp, #272]
	.loc	1 122 10 is_stmt 1              @ applications/jdev.c:122:10
	ldr	r0, [sp, #276]
	.loc	1 122 13 is_stmt 0              @ applications/jdev.c:122:13
	add.w	r0, r0, r0, lsl #1
	.loc	1 122 17                        @ applications/jdev.c:122:17
	adds	r0, #3
	.loc	1 122 22                        @ applications/jdev.c:122:22
	bic	r0, r0, #3
	.loc	1 122 7                         @ applications/jdev.c:122:7
	str	r0, [sp, #280]
	.loc	1 123 18 is_stmt 1              @ applications/jdev.c:123:18
	ldr	r0, [sp, #280]
	.loc	1 123 16 is_stmt 0              @ applications/jdev.c:123:16
	str	r0, [sp, #296]
	.loc	1 124 19 is_stmt 1              @ applications/jdev.c:124:19
	movw	r0, :lower16:rgb_frame_buf
	movt	r0, :upper16:rgb_frame_buf
	ldr	r0, [r0]
	.loc	1 124 17 is_stmt 0              @ applications/jdev.c:124:17
	str	r0, [sp, #292]
	.loc	1 125 9 is_stmt 1               @ applications/jdev.c:125:9
	movw	r1, :lower16:output_func
	movt	r1, :upper16:output_func
	add	r0, sp, #300
	movs	r2, #0
	bl	jd_decomp
	.loc	1 125 7 is_stmt 0               @ applications/jdev.c:125:7
	strb.w	r0, [sp, #287]
.Ltmp28:
	.loc	1 126 9 is_stmt 1               @ applications/jdev.c:126:9
	ldrb.w	r0, [sp, #287]
.Ltmp29:
	.loc	1 126 8 is_stmt 0               @ applications/jdev.c:126:8
	cbnz	r0, .LBB2_4
	b	.LBB2_3
.LBB2_3:
.Ltmp30:
	.loc	1 130 6 is_stmt 1               @ applications/jdev.c:130:6
	movw	r0, :lower16:.L.str.3
	movt	r0, :upper16:.L.str.3
	bl	printf
	.loc	1 131 18                        @ applications/jdev.c:131:18
	ldr	r1, [sp, #428]
	add	r0, sp, #16
	.loc	1 131 6 is_stmt 0               @ applications/jdev.c:131:6
	str	r0, [sp, #8]                    @ 4-byte Spill
	bl	strcpy
                                        @ kill: def $r1 killed $r0
	.loc	1 132 19 is_stmt 1              @ applications/jdev.c:132:19
	ldr	r0, [sp, #8]                    @ 4-byte Reload
	bl	strlen
	mov	r1, r0
	.loc	1 132 17 is_stmt 0              @ applications/jdev.c:132:17
	ldr	r0, [sp, #8]                    @ 4-byte Reload
	add	r0, r1
	.loc	1 132 31                        @ applications/jdev.c:132:31
	subs	r0, #4
	.loc	1 132 6                         @ applications/jdev.c:132:6
	movw	r1, :lower16:.L.str.4
	movt	r1, :upper16:.L.str.4
	bl	strcpy
.Ltmp31:
	.loc	1 135 4 is_stmt 1               @ applications/jdev.c:135:4
	b	.LBB2_5
.Ltmp32:
.LBB2_4:
	.loc	1 139 28                        @ applications/jdev.c:139:28
	ldrb.w	r1, [sp, #287]
	.loc	1 139 6 is_stmt 0               @ applications/jdev.c:139:6
	movw	r0, :lower16:.L.str.5
	movt	r0, :upper16:.L.str.5
	bl	printf
	b	.LBB2_5
.Ltmp33:
.LBB2_5:
	.loc	1 143 3 is_stmt 1               @ applications/jdev.c:143:3
	b	.LBB2_7
.Ltmp34:
.LBB2_6:
	.loc	1 147 25                        @ applications/jdev.c:147:25
	ldrb.w	r1, [sp, #287]
	.loc	1 147 5 is_stmt 0               @ applications/jdev.c:147:5
	movw	r0, :lower16:.L.str.6
	movt	r0, :upper16:.L.str.6
	bl	printf
	b	.LBB2_7
.Ltmp35:
.LBB2_7:
	.loc	1 151 11 is_stmt 1              @ applications/jdev.c:151:11
	ldr	r0, [sp, #420]
	.loc	1 151 3 is_stmt 0               @ applications/jdev.c:151:3
	bl	rt_free
	.loc	1 154 2 is_stmt 1               @ applications/jdev.c:154:2
	b	.LBB2_8
.Ltmp36:
.LBB2_8:
	.loc	1 156 2                         @ applications/jdev.c:156:2
	movw	r0, :lower16:.L.str.2
	movt	r0, :upper16:.L.str.2
	bl	printf
	.loc	1 157 1                         @ applications/jdev.c:157:1
	add	sp, #432
	pop	{r7, pc}
.Ltmp37:
.Lfunc_end2:
	.size	jpegtest, .Lfunc_end2-jpegtest
	.cfi_endproc
	.cantunwind
	.fnend
                                        @ -- End function
	.hidden	offset                          @ @offset
	.type	offset,%object
	.section	.bss.offset,"aw",%nobits
	.globl	offset
	.p2align	2
offset:
	.long	0                               @ 0x0
	.size	offset, 4

	.type	.L.str,%object                  @ @.str
	.section	.rodata.str1.1,"aMS",%progbits,1
.L.str:
	.asciz	"\r%lu%%"
	.size	.L.str, 7

	.type	.L.str.1,%object                @ @.str.1
.L.str.1:
	.asciz	"%s"
	.size	.L.str.1, 3

	.type	.L.str.2,%object                @ @.str.2
.L.str.2:
	.asciz	"\n"
	.size	.L.str.2, 2

	.hidden	rgb_frame_buf                   @ @rgb_frame_buf
	.type	rgb_frame_buf,%object
	.section	.bss.rgb_frame_buf,"aw",%nobits
	.globl	rgb_frame_buf
	.p2align	2
rgb_frame_buf:
	.long	0
	.size	rgb_frame_buf, 4

	.type	.L.str.3,%object                @ @.str.3
	.section	.rodata.str1.1,"aMS",%progbits,1
.L.str.3:
	.asciz	"\rOK  "
	.size	.L.str.3, 6

	.type	.L.str.4,%object                @ @.str.4
.L.str.4:
	.asciz	".bmp"
	.size	.L.str.4, 5

	.type	.L.str.5,%object                @ @.str.5
.L.str.5:
	.asciz	"\rError(%d)"
	.size	.L.str.5, 11

	.type	.L.str.6,%object                @ @.str.6
.L.str.6:
	.asciz	"\nErr: %d"
	.size	.L.str.6, 9

	.file	5 "D:\\Keil_v5\\ARM\\ARMCLANG\\Bin\\..\\include" "stdio.h"
	.section	.debug_abbrev,"",%progbits
	.byte	1                               @ Abbreviation Code
	.byte	17                              @ DW_TAG_compile_unit
	.byte	1                               @ DW_CHILDREN_yes
	.byte	37                              @ DW_AT_producer
	.byte	14                              @ DW_FORM_strp
	.byte	19                              @ DW_AT_language
	.byte	5                               @ DW_FORM_data2
	.byte	3                               @ DW_AT_name
	.byte	14                              @ DW_FORM_strp
	.byte	16                              @ DW_AT_stmt_list
	.byte	6                               @ DW_FORM_data4
	.byte	27                              @ DW_AT_comp_dir
	.byte	14                              @ DW_FORM_strp
	.byte	17                              @ DW_AT_low_pc
	.byte	1                               @ DW_FORM_addr
	.byte	85                              @ DW_AT_ranges
	.byte	6                               @ DW_FORM_data4
	.byte	0                               @ EOM(1)
	.byte	0                               @ EOM(2)
	.byte	2                               @ Abbreviation Code
	.byte	52                              @ DW_TAG_variable
	.byte	0                               @ DW_CHILDREN_no
	.byte	3                               @ DW_AT_name
	.byte	14                              @ DW_FORM_strp
	.byte	73                              @ DW_AT_type
	.byte	19                              @ DW_FORM_ref4
	.byte	63                              @ DW_AT_external
	.byte	12                              @ DW_FORM_flag
	.byte	58                              @ DW_AT_decl_file
	.byte	11                              @ DW_FORM_data1
	.byte	59                              @ DW_AT_decl_line
	.byte	11                              @ DW_FORM_data1
	.byte	2                               @ DW_AT_location
	.byte	10                              @ DW_FORM_block1
	.byte	0                               @ EOM(1)
	.byte	0                               @ EOM(2)
	.byte	3                               @ Abbreviation Code
	.byte	36                              @ DW_TAG_base_type
	.byte	0                               @ DW_CHILDREN_no
	.byte	3                               @ DW_AT_name
	.byte	14                              @ DW_FORM_strp
	.byte	62                              @ DW_AT_encoding
	.byte	11                              @ DW_FORM_data1
	.byte	11                              @ DW_AT_byte_size
	.byte	11                              @ DW_FORM_data1
	.byte	0                               @ EOM(1)
	.byte	0                               @ EOM(2)
	.byte	4                               @ Abbreviation Code
	.byte	15                              @ DW_TAG_pointer_type
	.byte	0                               @ DW_CHILDREN_no
	.byte	73                              @ DW_AT_type
	.byte	19                              @ DW_FORM_ref4
	.byte	0                               @ EOM(1)
	.byte	0                               @ EOM(2)
	.byte	5                               @ Abbreviation Code
	.byte	22                              @ DW_TAG_typedef
	.byte	0                               @ DW_CHILDREN_no
	.byte	73                              @ DW_AT_type
	.byte	19                              @ DW_FORM_ref4
	.byte	3                               @ DW_AT_name
	.byte	14                              @ DW_FORM_strp
	.byte	58                              @ DW_AT_decl_file
	.byte	11                              @ DW_FORM_data1
	.byte	59                              @ DW_AT_decl_line
	.byte	11                              @ DW_FORM_data1
	.byte	0                               @ EOM(1)
	.byte	0                               @ EOM(2)
	.byte	6                               @ Abbreviation Code
	.byte	4                               @ DW_TAG_enumeration_type
	.byte	1                               @ DW_CHILDREN_yes
	.byte	73                              @ DW_AT_type
	.byte	19                              @ DW_FORM_ref4
	.byte	11                              @ DW_AT_byte_size
	.byte	11                              @ DW_FORM_data1
	.byte	58                              @ DW_AT_decl_file
	.byte	11                              @ DW_FORM_data1
	.byte	59                              @ DW_AT_decl_line
	.byte	11                              @ DW_FORM_data1
	.byte	0                               @ EOM(1)
	.byte	0                               @ EOM(2)
	.byte	7                               @ Abbreviation Code
	.byte	40                              @ DW_TAG_enumerator
	.byte	0                               @ DW_CHILDREN_no
	.byte	3                               @ DW_AT_name
	.byte	14                              @ DW_FORM_strp
	.byte	28                              @ DW_AT_const_value
	.byte	15                              @ DW_FORM_udata
	.byte	0                               @ EOM(1)
	.byte	0                               @ EOM(2)
	.byte	8                               @ Abbreviation Code
	.byte	19                              @ DW_TAG_structure_type
	.byte	1                               @ DW_CHILDREN_yes
	.byte	11                              @ DW_AT_byte_size
	.byte	11                              @ DW_FORM_data1
	.byte	58                              @ DW_AT_decl_file
	.byte	11                              @ DW_FORM_data1
	.byte	59                              @ DW_AT_decl_line
	.byte	11                              @ DW_FORM_data1
	.byte	0                               @ EOM(1)
	.byte	0                               @ EOM(2)
	.byte	9                               @ Abbreviation Code
	.byte	13                              @ DW_TAG_member
	.byte	0                               @ DW_CHILDREN_no
	.byte	3                               @ DW_AT_name
	.byte	14                              @ DW_FORM_strp
	.byte	73                              @ DW_AT_type
	.byte	19                              @ DW_FORM_ref4
	.byte	58                              @ DW_AT_decl_file
	.byte	11                              @ DW_FORM_data1
	.byte	59                              @ DW_AT_decl_line
	.byte	11                              @ DW_FORM_data1
	.byte	56                              @ DW_AT_data_member_location
	.byte	11                              @ DW_FORM_data1
	.byte	0                               @ EOM(1)
	.byte	0                               @ EOM(2)
	.byte	10                              @ Abbreviation Code
	.byte	46                              @ DW_TAG_subprogram
	.byte	1                               @ DW_CHILDREN_yes
	.byte	17                              @ DW_AT_low_pc
	.byte	1                               @ DW_FORM_addr
	.byte	18                              @ DW_AT_high_pc
	.byte	1                               @ DW_FORM_addr
	.byte	64                              @ DW_AT_frame_base
	.byte	10                              @ DW_FORM_block1
	.byte	3                               @ DW_AT_name
	.byte	14                              @ DW_FORM_strp
	.byte	58                              @ DW_AT_decl_file
	.byte	11                              @ DW_FORM_data1
	.byte	59                              @ DW_AT_decl_line
	.byte	11                              @ DW_FORM_data1
	.byte	39                              @ DW_AT_prototyped
	.byte	12                              @ DW_FORM_flag
	.byte	73                              @ DW_AT_type
	.byte	19                              @ DW_FORM_ref4
	.byte	63                              @ DW_AT_external
	.byte	12                              @ DW_FORM_flag
	.byte	0                               @ EOM(1)
	.byte	0                               @ EOM(2)
	.byte	11                              @ Abbreviation Code
	.byte	5                               @ DW_TAG_formal_parameter
	.byte	0                               @ DW_CHILDREN_no
	.byte	2                               @ DW_AT_location
	.byte	10                              @ DW_FORM_block1
	.byte	3                               @ DW_AT_name
	.byte	14                              @ DW_FORM_strp
	.byte	58                              @ DW_AT_decl_file
	.byte	11                              @ DW_FORM_data1
	.byte	59                              @ DW_AT_decl_line
	.byte	11                              @ DW_FORM_data1
	.byte	73                              @ DW_AT_type
	.byte	19                              @ DW_FORM_ref4
	.byte	0                               @ EOM(1)
	.byte	0                               @ EOM(2)
	.byte	12                              @ Abbreviation Code
	.byte	52                              @ DW_TAG_variable
	.byte	0                               @ DW_CHILDREN_no
	.byte	2                               @ DW_AT_location
	.byte	10                              @ DW_FORM_block1
	.byte	3                               @ DW_AT_name
	.byte	14                              @ DW_FORM_strp
	.byte	58                              @ DW_AT_decl_file
	.byte	11                              @ DW_FORM_data1
	.byte	59                              @ DW_AT_decl_line
	.byte	11                              @ DW_FORM_data1
	.byte	73                              @ DW_AT_type
	.byte	19                              @ DW_FORM_ref4
	.byte	0                               @ EOM(1)
	.byte	0                               @ EOM(2)
	.byte	13                              @ Abbreviation Code
	.byte	46                              @ DW_TAG_subprogram
	.byte	1                               @ DW_CHILDREN_yes
	.byte	17                              @ DW_AT_low_pc
	.byte	1                               @ DW_FORM_addr
	.byte	18                              @ DW_AT_high_pc
	.byte	1                               @ DW_FORM_addr
	.byte	64                              @ DW_AT_frame_base
	.byte	10                              @ DW_FORM_block1
	.byte	3                               @ DW_AT_name
	.byte	14                              @ DW_FORM_strp
	.byte	58                              @ DW_AT_decl_file
	.byte	11                              @ DW_FORM_data1
	.byte	59                              @ DW_AT_decl_line
	.byte	11                              @ DW_FORM_data1
	.byte	39                              @ DW_AT_prototyped
	.byte	12                              @ DW_FORM_flag
	.byte	63                              @ DW_AT_external
	.byte	12                              @ DW_FORM_flag
	.byte	0                               @ EOM(1)
	.byte	0                               @ EOM(2)
	.byte	14                              @ Abbreviation Code
	.byte	19                              @ DW_TAG_structure_type
	.byte	1                               @ DW_CHILDREN_yes
	.byte	3                               @ DW_AT_name
	.byte	14                              @ DW_FORM_strp
	.byte	11                              @ DW_AT_byte_size
	.byte	11                              @ DW_FORM_data1
	.byte	58                              @ DW_AT_decl_file
	.byte	11                              @ DW_FORM_data1
	.byte	59                              @ DW_AT_decl_line
	.byte	11                              @ DW_FORM_data1
	.byte	0                               @ EOM(1)
	.byte	0                               @ EOM(2)
	.byte	15                              @ Abbreviation Code
	.byte	1                               @ DW_TAG_array_type
	.byte	1                               @ DW_CHILDREN_yes
	.byte	73                              @ DW_AT_type
	.byte	19                              @ DW_FORM_ref4
	.byte	0                               @ EOM(1)
	.byte	0                               @ EOM(2)
	.byte	16                              @ Abbreviation Code
	.byte	33                              @ DW_TAG_subrange_type
	.byte	0                               @ DW_CHILDREN_no
	.byte	73                              @ DW_AT_type
	.byte	19                              @ DW_FORM_ref4
	.byte	55                              @ DW_AT_count
	.byte	11                              @ DW_FORM_data1
	.byte	0                               @ EOM(1)
	.byte	0                               @ EOM(2)
	.byte	17                              @ Abbreviation Code
	.byte	36                              @ DW_TAG_base_type
	.byte	0                               @ DW_CHILDREN_no
	.byte	3                               @ DW_AT_name
	.byte	14                              @ DW_FORM_strp
	.byte	11                              @ DW_AT_byte_size
	.byte	11                              @ DW_FORM_data1
	.byte	62                              @ DW_AT_encoding
	.byte	11                              @ DW_FORM_data1
	.byte	0                               @ EOM(1)
	.byte	0                               @ EOM(2)
	.byte	18                              @ Abbreviation Code
	.byte	15                              @ DW_TAG_pointer_type
	.byte	0                               @ DW_CHILDREN_no
	.byte	0                               @ EOM(1)
	.byte	0                               @ EOM(2)
	.byte	19                              @ Abbreviation Code
	.byte	21                              @ DW_TAG_subroutine_type
	.byte	1                               @ DW_CHILDREN_yes
	.byte	73                              @ DW_AT_type
	.byte	19                              @ DW_FORM_ref4
	.byte	39                              @ DW_AT_prototyped
	.byte	12                              @ DW_FORM_flag
	.byte	0                               @ EOM(1)
	.byte	0                               @ EOM(2)
	.byte	20                              @ Abbreviation Code
	.byte	5                               @ DW_TAG_formal_parameter
	.byte	0                               @ DW_CHILDREN_no
	.byte	73                              @ DW_AT_type
	.byte	19                              @ DW_FORM_ref4
	.byte	0                               @ EOM(1)
	.byte	0                               @ EOM(2)
	.byte	21                              @ Abbreviation Code
	.byte	38                              @ DW_TAG_const_type
	.byte	0                               @ DW_CHILDREN_no
	.byte	73                              @ DW_AT_type
	.byte	19                              @ DW_FORM_ref4
	.byte	0                               @ EOM(1)
	.byte	0                               @ EOM(2)
	.byte	22                              @ Abbreviation Code
	.byte	33                              @ DW_TAG_subrange_type
	.byte	0                               @ DW_CHILDREN_no
	.byte	73                              @ DW_AT_type
	.byte	19                              @ DW_FORM_ref4
	.byte	55                              @ DW_AT_count
	.byte	5                               @ DW_FORM_data2
	.byte	0                               @ EOM(1)
	.byte	0                               @ EOM(2)
	.byte	0                               @ EOM(3)
	.section	.debug_info,"",%progbits
.Lcu_begin0:
	.long	.Ldebug_info_end0-.Ldebug_info_start0 @ Length of Unit
.Ldebug_info_start0:
	.short	3                               @ DWARF version number
	.long	.debug_abbrev                   @ Offset Into Abbrev. Section
	.byte	4                               @ Address Size (in bytes)
	.byte	1                               @ Abbrev [1] 0xb:0x4d1 DW_TAG_compile_unit
	.long	.Linfo_string0                  @ DW_AT_producer
	.short	12                              @ DW_AT_language
	.long	.Linfo_string1                  @ DW_AT_name
	.long	.Lline_table_start0             @ DW_AT_stmt_list
	.long	.Linfo_string2                  @ DW_AT_comp_dir
	.long	0                               @ DW_AT_low_pc
	.long	.Ldebug_ranges0                 @ DW_AT_ranges
	.byte	2                               @ Abbrev [2] 0x26:0x12 DW_TAG_variable
	.long	.Linfo_string3                  @ DW_AT_name
	.long	56                              @ DW_AT_type
	.byte	1                               @ DW_AT_external
	.byte	1                               @ DW_AT_decl_file
	.byte	25                              @ DW_AT_decl_line
	.byte	5                               @ DW_AT_location
	.byte	3
	.long	offset
	.byte	3                               @ Abbrev [3] 0x38:0x7 DW_TAG_base_type
	.long	.Linfo_string4                  @ DW_AT_name
	.byte	5                               @ DW_AT_encoding
	.byte	4                               @ DW_AT_byte_size
	.byte	2                               @ Abbrev [2] 0x3f:0x12 DW_TAG_variable
	.long	.Linfo_string5                  @ DW_AT_name
	.long	81                              @ DW_AT_type
	.byte	1                               @ DW_AT_external
	.byte	1                               @ DW_AT_decl_file
	.byte	88                              @ DW_AT_decl_line
	.byte	5                               @ DW_AT_location
	.byte	3
	.long	rgb_frame_buf
	.byte	4                               @ Abbrev [4] 0x51:0x5 DW_TAG_pointer_type
	.long	86                              @ DW_AT_type
	.byte	5                               @ Abbrev [5] 0x56:0xb DW_TAG_typedef
	.long	97                              @ DW_AT_type
	.long	.Linfo_string7                  @ DW_AT_name
	.byte	2                               @ DW_AT_decl_file
	.byte	62                              @ DW_AT_decl_line
	.byte	3                               @ Abbrev [3] 0x61:0x7 DW_TAG_base_type
	.long	.Linfo_string6                  @ DW_AT_name
	.byte	8                               @ DW_AT_encoding
	.byte	1                               @ DW_AT_byte_size
	.byte	6                               @ Abbrev [6] 0x68:0x3f DW_TAG_enumeration_type
	.long	97                              @ DW_AT_type
	.byte	1                               @ DW_AT_byte_size
	.byte	3                               @ DW_AT_decl_file
	.byte	31                              @ DW_AT_decl_line
	.byte	7                               @ Abbrev [7] 0x70:0x6 DW_TAG_enumerator
	.long	.Linfo_string8                  @ DW_AT_name
	.byte	0                               @ DW_AT_const_value
	.byte	7                               @ Abbrev [7] 0x76:0x6 DW_TAG_enumerator
	.long	.Linfo_string9                  @ DW_AT_name
	.byte	1                               @ DW_AT_const_value
	.byte	7                               @ Abbrev [7] 0x7c:0x6 DW_TAG_enumerator
	.long	.Linfo_string10                 @ DW_AT_name
	.byte	2                               @ DW_AT_const_value
	.byte	7                               @ Abbrev [7] 0x82:0x6 DW_TAG_enumerator
	.long	.Linfo_string11                 @ DW_AT_name
	.byte	3                               @ DW_AT_const_value
	.byte	7                               @ Abbrev [7] 0x88:0x6 DW_TAG_enumerator
	.long	.Linfo_string12                 @ DW_AT_name
	.byte	4                               @ DW_AT_const_value
	.byte	7                               @ Abbrev [7] 0x8e:0x6 DW_TAG_enumerator
	.long	.Linfo_string13                 @ DW_AT_name
	.byte	5                               @ DW_AT_const_value
	.byte	7                               @ Abbrev [7] 0x94:0x6 DW_TAG_enumerator
	.long	.Linfo_string14                 @ DW_AT_name
	.byte	6                               @ DW_AT_const_value
	.byte	7                               @ Abbrev [7] 0x9a:0x6 DW_TAG_enumerator
	.long	.Linfo_string15                 @ DW_AT_name
	.byte	7                               @ DW_AT_const_value
	.byte	7                               @ Abbrev [7] 0xa0:0x6 DW_TAG_enumerator
	.long	.Linfo_string16                 @ DW_AT_name
	.byte	8                               @ DW_AT_const_value
	.byte	0                               @ End Of Children Mark
	.byte	4                               @ Abbrev [4] 0xa7:0x5 DW_TAG_pointer_type
	.long	172                             @ DW_AT_type
	.byte	5                               @ Abbrev [5] 0xac:0xb DW_TAG_typedef
	.long	183                             @ DW_AT_type
	.long	.Linfo_string22                 @ DW_AT_name
	.byte	4                               @ DW_AT_decl_file
	.byte	15                              @ DW_AT_decl_line
	.byte	8                               @ Abbrev [8] 0xb7:0x29 DW_TAG_structure_type
	.byte	12                              @ DW_AT_byte_size
	.byte	4                               @ DW_AT_decl_file
	.byte	10                              @ DW_AT_decl_line
	.byte	9                               @ Abbrev [9] 0xbb:0xc DW_TAG_member
	.long	.Linfo_string17                 @ DW_AT_name
	.long	81                              @ DW_AT_type
	.byte	4                               @ DW_AT_decl_file
	.byte	12                              @ DW_AT_decl_line
	.byte	0                               @ DW_AT_data_member_location
	.byte	9                               @ Abbrev [9] 0xc7:0xc DW_TAG_member
	.long	.Linfo_string18                 @ DW_AT_name
	.long	81                              @ DW_AT_type
	.byte	4                               @ DW_AT_decl_file
	.byte	13                              @ DW_AT_decl_line
	.byte	4                               @ DW_AT_data_member_location
	.byte	9                               @ Abbrev [9] 0xd3:0xc DW_TAG_member
	.long	.Linfo_string19                 @ DW_AT_name
	.long	224                             @ DW_AT_type
	.byte	4                               @ DW_AT_decl_file
	.byte	14                              @ DW_AT_decl_line
	.byte	8                               @ DW_AT_data_member_location
	.byte	0                               @ End Of Children Mark
	.byte	5                               @ Abbrev [5] 0xe0:0xb DW_TAG_typedef
	.long	235                             @ DW_AT_type
	.long	.Linfo_string21                 @ DW_AT_name
	.byte	2                               @ DW_AT_decl_file
	.byte	64                              @ DW_AT_decl_line
	.byte	3                               @ Abbrev [3] 0xeb:0x7 DW_TAG_base_type
	.long	.Linfo_string20                 @ DW_AT_name
	.byte	7                               @ DW_AT_encoding
	.byte	4                               @ DW_AT_byte_size
	.byte	10                              @ Abbrev [10] 0xf2:0x5e DW_TAG_subprogram
	.long	.Lfunc_begin0                   @ DW_AT_low_pc
	.long	.Lfunc_end0                     @ DW_AT_high_pc
	.byte	1                               @ DW_AT_frame_base
	.byte	93
	.long	.Linfo_string23                 @ DW_AT_name
	.byte	1                               @ DW_AT_decl_file
	.byte	26                              @ DW_AT_decl_line
	.byte	1                               @ DW_AT_prototyped
	.long	235                             @ DW_AT_type
	.byte	1                               @ DW_AT_external
	.byte	11                              @ Abbrev [11] 0x109:0xe DW_TAG_formal_parameter
	.byte	2                               @ DW_AT_location
	.byte	145
	.byte	24
	.long	.Linfo_string26                 @ DW_AT_name
	.byte	1                               @ DW_AT_decl_file
	.byte	27                              @ DW_AT_decl_line
	.long	669                             @ DW_AT_type
	.byte	11                              @ Abbrev [11] 0x117:0xe DW_TAG_formal_parameter
	.byte	2                               @ DW_AT_location
	.byte	145
	.byte	20
	.long	.Linfo_string56                 @ DW_AT_name
	.byte	1                               @ DW_AT_decl_file
	.byte	28                              @ DW_AT_decl_line
	.long	81                              @ DW_AT_type
	.byte	11                              @ Abbrev [11] 0x125:0xe DW_TAG_formal_parameter
	.byte	2                               @ DW_AT_location
	.byte	145
	.byte	16
	.long	.Linfo_string57                 @ DW_AT_name
	.byte	1                               @ DW_AT_decl_file
	.byte	29                              @ DW_AT_decl_line
	.long	235                             @ DW_AT_type
	.byte	12                              @ Abbrev [12] 0x133:0xe DW_TAG_variable
	.byte	2                               @ DW_AT_location
	.byte	145
	.byte	12
	.long	.Linfo_string58                 @ DW_AT_name
	.byte	1                               @ DW_AT_decl_file
	.byte	32                              @ DW_AT_decl_line
	.long	224                             @ DW_AT_type
	.byte	12                              @ Abbrev [12] 0x141:0xe DW_TAG_variable
	.byte	2                               @ DW_AT_location
	.byte	145
	.byte	8
	.long	.Linfo_string59                 @ DW_AT_name
	.byte	1                               @ DW_AT_decl_file
	.byte	33                              @ DW_AT_decl_line
	.long	167                             @ DW_AT_type
	.byte	0                               @ End Of Children Mark
	.byte	10                              @ Abbrev [10] 0x150:0xa4 DW_TAG_subprogram
	.long	.Lfunc_begin1                   @ DW_AT_low_pc
	.long	.Lfunc_end1                     @ DW_AT_high_pc
	.byte	1                               @ DW_AT_frame_base
	.byte	93
	.long	.Linfo_string24                 @ DW_AT_name
	.byte	1                               @ DW_AT_decl_file
	.byte	54                              @ DW_AT_decl_line
	.byte	1                               @ DW_AT_prototyped
	.long	56                              @ DW_AT_type
	.byte	1                               @ DW_AT_external
	.byte	11                              @ Abbrev [11] 0x167:0xe DW_TAG_formal_parameter
	.byte	2                               @ DW_AT_location
	.byte	145
	.byte	36
	.long	.Linfo_string26                 @ DW_AT_name
	.byte	1                               @ DW_AT_decl_file
	.byte	55                              @ DW_AT_decl_line
	.long	669                             @ DW_AT_type
	.byte	11                              @ Abbrev [11] 0x175:0xe DW_TAG_formal_parameter
	.byte	2                               @ DW_AT_location
	.byte	145
	.byte	32
	.long	.Linfo_string60                 @ DW_AT_name
	.byte	1                               @ DW_AT_decl_file
	.byte	56                              @ DW_AT_decl_line
	.long	1094                            @ DW_AT_type
	.byte	11                              @ Abbrev [11] 0x183:0xe DW_TAG_formal_parameter
	.byte	2                               @ DW_AT_location
	.byte	145
	.byte	28
	.long	.Linfo_string61                 @ DW_AT_name
	.byte	1                               @ DW_AT_decl_file
	.byte	57                              @ DW_AT_decl_line
	.long	1122                            @ DW_AT_type
	.byte	12                              @ Abbrev [12] 0x191:0xe DW_TAG_variable
	.byte	2                               @ DW_AT_location
	.byte	145
	.byte	24
	.long	.Linfo_string67                 @ DW_AT_name
	.byte	1                               @ DW_AT_decl_file
	.byte	60                              @ DW_AT_decl_line
	.long	224                             @ DW_AT_type
	.byte	12                              @ Abbrev [12] 0x19f:0xe DW_TAG_variable
	.byte	2                               @ DW_AT_location
	.byte	145
	.byte	20
	.long	.Linfo_string68                 @ DW_AT_name
	.byte	1                               @ DW_AT_decl_file
	.byte	60                              @ DW_AT_decl_line
	.long	224                             @ DW_AT_type
	.byte	12                              @ Abbrev [12] 0x1ad:0xe DW_TAG_variable
	.byte	2                               @ DW_AT_location
	.byte	145
	.byte	16
	.long	.Linfo_string69                 @ DW_AT_name
	.byte	1                               @ DW_AT_decl_file
	.byte	60                              @ DW_AT_decl_line
	.long	224                             @ DW_AT_type
	.byte	12                              @ Abbrev [12] 0x1bb:0xe DW_TAG_variable
	.byte	2                               @ DW_AT_location
	.byte	145
	.byte	12
	.long	.Linfo_string70                 @ DW_AT_name
	.byte	1                               @ DW_AT_decl_file
	.byte	60                              @ DW_AT_decl_line
	.long	224                             @ DW_AT_type
	.byte	12                              @ Abbrev [12] 0x1c9:0xe DW_TAG_variable
	.byte	2                               @ DW_AT_location
	.byte	145
	.byte	8
	.long	.Linfo_string71                 @ DW_AT_name
	.byte	1                               @ DW_AT_decl_file
	.byte	61                              @ DW_AT_decl_line
	.long	81                              @ DW_AT_type
	.byte	12                              @ Abbrev [12] 0x1d7:0xe DW_TAG_variable
	.byte	2                               @ DW_AT_location
	.byte	145
	.byte	4
	.long	.Linfo_string72                 @ DW_AT_name
	.byte	1                               @ DW_AT_decl_file
	.byte	61                              @ DW_AT_decl_line
	.long	81                              @ DW_AT_type
	.byte	12                              @ Abbrev [12] 0x1e5:0xe DW_TAG_variable
	.byte	2                               @ DW_AT_location
	.byte	145
	.byte	0
	.long	.Linfo_string59                 @ DW_AT_name
	.byte	1                               @ DW_AT_decl_file
	.byte	62                              @ DW_AT_decl_line
	.long	167                             @ DW_AT_type
	.byte	0                               @ End Of Children Mark
	.byte	13                              @ Abbrev [13] 0x1f4:0xa9 DW_TAG_subprogram
	.long	.Lfunc_begin2                   @ DW_AT_low_pc
	.long	.Lfunc_end2                     @ DW_AT_high_pc
	.byte	1                               @ DW_AT_frame_base
	.byte	93
	.long	.Linfo_string25                 @ DW_AT_name
	.byte	1                               @ DW_AT_decl_file
	.byte	89                              @ DW_AT_decl_line
	.byte	1                               @ DW_AT_prototyped
	.byte	1                               @ DW_AT_external
	.byte	11                              @ Abbrev [11] 0x207:0xf DW_TAG_formal_parameter
	.byte	3                               @ DW_AT_location
	.byte	145
	.ascii	"\254\003"
	.long	.Linfo_string73                 @ DW_AT_name
	.byte	1                               @ DW_AT_decl_file
	.byte	90                              @ DW_AT_decl_line
	.long	1191                            @ DW_AT_type
	.byte	12                              @ Abbrev [12] 0x216:0xf DW_TAG_variable
	.byte	3                               @ DW_AT_location
	.byte	145
	.ascii	"\250\003"
	.long	.Linfo_string75                 @ DW_AT_name
	.byte	1                               @ DW_AT_decl_file
	.byte	93                              @ DW_AT_decl_line
	.long	1203                            @ DW_AT_type
	.byte	12                              @ Abbrev [12] 0x225:0xf DW_TAG_variable
	.byte	3                               @ DW_AT_location
	.byte	145
	.ascii	"\244\003"
	.long	.Linfo_string77                 @ DW_AT_name
	.byte	1                               @ DW_AT_decl_file
	.byte	94                              @ DW_AT_decl_line
	.long	1094                            @ DW_AT_type
	.byte	12                              @ Abbrev [12] 0x234:0xf DW_TAG_variable
	.byte	3                               @ DW_AT_location
	.byte	145
	.ascii	"\254\002"
	.long	.Linfo_string26                 @ DW_AT_name
	.byte	1                               @ DW_AT_decl_file
	.byte	95                              @ DW_AT_decl_line
	.long	674                             @ DW_AT_type
	.byte	12                              @ Abbrev [12] 0x243:0xf DW_TAG_variable
	.byte	3                               @ DW_AT_location
	.byte	145
	.ascii	"\240\002"
	.long	.Linfo_string78                 @ DW_AT_name
	.byte	1                               @ DW_AT_decl_file
	.byte	96                              @ DW_AT_decl_line
	.long	172                             @ DW_AT_type
	.byte	12                              @ Abbrev [12] 0x252:0xf DW_TAG_variable
	.byte	3                               @ DW_AT_location
	.byte	145
	.ascii	"\237\002"
	.long	.Linfo_string79                 @ DW_AT_name
	.byte	1                               @ DW_AT_decl_file
	.byte	97                              @ DW_AT_decl_line
	.long	1219                            @ DW_AT_type
	.byte	12                              @ Abbrev [12] 0x261:0xf DW_TAG_variable
	.byte	3                               @ DW_AT_location
	.byte	145
	.ascii	"\230\002"
	.long	.Linfo_string81                 @ DW_AT_name
	.byte	1                               @ DW_AT_decl_file
	.byte	98                              @ DW_AT_decl_line
	.long	224                             @ DW_AT_type
	.byte	12                              @ Abbrev [12] 0x270:0xf DW_TAG_variable
	.byte	3                               @ DW_AT_location
	.byte	145
	.ascii	"\224\002"
	.long	.Linfo_string82                 @ DW_AT_name
	.byte	1                               @ DW_AT_decl_file
	.byte	98                              @ DW_AT_decl_line
	.long	224                             @ DW_AT_type
	.byte	12                              @ Abbrev [12] 0x27f:0xf DW_TAG_variable
	.byte	3                               @ DW_AT_location
	.byte	145
	.ascii	"\220\002"
	.long	.Linfo_string83                 @ DW_AT_name
	.byte	1                               @ DW_AT_decl_file
	.byte	98                              @ DW_AT_decl_line
	.long	224                             @ DW_AT_type
	.byte	12                              @ Abbrev [12] 0x28e:0xe DW_TAG_variable
	.byte	2                               @ DW_AT_location
	.byte	145
	.byte	16
	.long	.Linfo_string84                 @ DW_AT_name
	.byte	1                               @ DW_AT_decl_file
	.byte	99                              @ DW_AT_decl_line
	.long	1230                            @ DW_AT_type
	.byte	0                               @ End Of Children Mark
	.byte	4                               @ Abbrev [4] 0x29d:0x5 DW_TAG_pointer_type
	.long	674                             @ DW_AT_type
	.byte	5                               @ Abbrev [5] 0x2a2:0xb DW_TAG_typedef
	.long	685                             @ DW_AT_type
	.long	.Linfo_string55                 @ DW_AT_name
	.byte	3                               @ DW_AT_decl_file
	.byte	53                              @ DW_AT_decl_line
	.byte	14                              @ Abbrev [14] 0x2ad:0x111 DW_TAG_structure_type
	.long	.Linfo_string55                 @ DW_AT_name
	.byte	120                             @ DW_AT_byte_size
	.byte	3                               @ DW_AT_decl_file
	.byte	54                              @ DW_AT_decl_line
	.byte	9                               @ Abbrev [9] 0x2b5:0xc DW_TAG_member
	.long	.Linfo_string27                 @ DW_AT_name
	.long	235                             @ DW_AT_type
	.byte	3                               @ DW_AT_decl_file
	.byte	55                              @ DW_AT_decl_line
	.byte	0                               @ DW_AT_data_member_location
	.byte	9                               @ Abbrev [9] 0x2c1:0xc DW_TAG_member
	.long	.Linfo_string28                 @ DW_AT_name
	.long	81                              @ DW_AT_type
	.byte	3                               @ DW_AT_decl_file
	.byte	56                              @ DW_AT_decl_line
	.byte	4                               @ DW_AT_data_member_location
	.byte	9                               @ Abbrev [9] 0x2cd:0xc DW_TAG_member
	.long	.Linfo_string29                 @ DW_AT_name
	.long	81                              @ DW_AT_type
	.byte	3                               @ DW_AT_decl_file
	.byte	57                              @ DW_AT_decl_line
	.byte	8                               @ DW_AT_data_member_location
	.byte	9                               @ Abbrev [9] 0x2d9:0xc DW_TAG_member
	.long	.Linfo_string30                 @ DW_AT_name
	.long	86                              @ DW_AT_type
	.byte	3                               @ DW_AT_decl_file
	.byte	58                              @ DW_AT_decl_line
	.byte	12                              @ DW_AT_data_member_location
	.byte	9                               @ Abbrev [9] 0x2e5:0xc DW_TAG_member
	.long	.Linfo_string31                 @ DW_AT_name
	.long	86                              @ DW_AT_type
	.byte	3                               @ DW_AT_decl_file
	.byte	59                              @ DW_AT_decl_line
	.byte	13                              @ DW_AT_data_member_location
	.byte	9                               @ Abbrev [9] 0x2f1:0xc DW_TAG_member
	.long	.Linfo_string32                 @ DW_AT_name
	.long	86                              @ DW_AT_type
	.byte	3                               @ DW_AT_decl_file
	.byte	60                              @ DW_AT_decl_line
	.byte	14                              @ DW_AT_data_member_location
	.byte	9                               @ Abbrev [9] 0x2fd:0xc DW_TAG_member
	.long	.Linfo_string33                 @ DW_AT_name
	.long	86                              @ DW_AT_type
	.byte	3                               @ DW_AT_decl_file
	.byte	60                              @ DW_AT_decl_line
	.byte	15                              @ DW_AT_data_member_location
	.byte	9                               @ Abbrev [9] 0x309:0xc DW_TAG_member
	.long	.Linfo_string34                 @ DW_AT_name
	.long	958                             @ DW_AT_type
	.byte	3                               @ DW_AT_decl_file
	.byte	61                              @ DW_AT_decl_line
	.byte	16                              @ DW_AT_data_member_location
	.byte	9                               @ Abbrev [9] 0x315:0xc DW_TAG_member
	.long	.Linfo_string36                 @ DW_AT_name
	.long	977                             @ DW_AT_type
	.byte	3                               @ DW_AT_decl_file
	.byte	62                              @ DW_AT_decl_line
	.byte	20                              @ DW_AT_data_member_location
	.byte	9                               @ Abbrev [9] 0x321:0xc DW_TAG_member
	.long	.Linfo_string39                 @ DW_AT_name
	.long	1007                            @ DW_AT_type
	.byte	3                               @ DW_AT_decl_file
	.byte	63                              @ DW_AT_decl_line
	.byte	26                              @ DW_AT_data_member_location
	.byte	9                               @ Abbrev [9] 0x32d:0xc DW_TAG_member
	.long	.Linfo_string42                 @ DW_AT_name
	.long	1007                            @ DW_AT_type
	.byte	3                               @ DW_AT_decl_file
	.byte	64                              @ DW_AT_decl_line
	.byte	28                              @ DW_AT_data_member_location
	.byte	9                               @ Abbrev [9] 0x339:0xc DW_TAG_member
	.long	.Linfo_string43                 @ DW_AT_name
	.long	1007                            @ DW_AT_type
	.byte	3                               @ DW_AT_decl_file
	.byte	64                              @ DW_AT_decl_line
	.byte	30                              @ DW_AT_data_member_location
	.byte	9                               @ Abbrev [9] 0x345:0xc DW_TAG_member
	.long	.Linfo_string44                 @ DW_AT_name
	.long	1025                            @ DW_AT_type
	.byte	3                               @ DW_AT_decl_file
	.byte	65                              @ DW_AT_decl_line
	.byte	32                              @ DW_AT_data_member_location
	.byte	9                               @ Abbrev [9] 0x351:0xc DW_TAG_member
	.long	.Linfo_string45                 @ DW_AT_name
	.long	1043                            @ DW_AT_type
	.byte	3                               @ DW_AT_decl_file
	.byte	66                              @ DW_AT_decl_line
	.byte	48                              @ DW_AT_data_member_location
	.byte	9                               @ Abbrev [9] 0x35d:0xc DW_TAG_member
	.long	.Linfo_string46                 @ DW_AT_name
	.long	1025                            @ DW_AT_type
	.byte	3                               @ DW_AT_decl_file
	.byte	67                              @ DW_AT_decl_line
	.byte	64                              @ DW_AT_data_member_location
	.byte	9                               @ Abbrev [9] 0x369:0xc DW_TAG_member
	.long	.Linfo_string47                 @ DW_AT_name
	.long	1066                            @ DW_AT_type
	.byte	3                               @ DW_AT_decl_file
	.byte	68                              @ DW_AT_decl_line
	.byte	80                              @ DW_AT_data_member_location
	.byte	9                               @ Abbrev [9] 0x375:0xc DW_TAG_member
	.long	.Linfo_string49                 @ DW_AT_name
	.long	1094                            @ DW_AT_type
	.byte	3                               @ DW_AT_decl_file
	.byte	69                              @ DW_AT_decl_line
	.byte	96                              @ DW_AT_data_member_location
	.byte	9                               @ Abbrev [9] 0x381:0xc DW_TAG_member
	.long	.Linfo_string50                 @ DW_AT_name
	.long	81                              @ DW_AT_type
	.byte	3                               @ DW_AT_decl_file
	.byte	70                              @ DW_AT_decl_line
	.byte	100                             @ DW_AT_data_member_location
	.byte	9                               @ Abbrev [9] 0x38d:0xc DW_TAG_member
	.long	.Linfo_string51                 @ DW_AT_name
	.long	1094                            @ DW_AT_type
	.byte	3                               @ DW_AT_decl_file
	.byte	71                              @ DW_AT_decl_line
	.byte	104                             @ DW_AT_data_member_location
	.byte	9                               @ Abbrev [9] 0x399:0xc DW_TAG_member
	.long	.Linfo_string52                 @ DW_AT_name
	.long	235                             @ DW_AT_type
	.byte	3                               @ DW_AT_decl_file
	.byte	72                              @ DW_AT_decl_line
	.byte	108                             @ DW_AT_data_member_location
	.byte	9                               @ Abbrev [9] 0x3a5:0xc DW_TAG_member
	.long	.Linfo_string53                 @ DW_AT_name
	.long	1095                            @ DW_AT_type
	.byte	3                               @ DW_AT_decl_file
	.byte	73                              @ DW_AT_decl_line
	.byte	112                             @ DW_AT_data_member_location
	.byte	9                               @ Abbrev [9] 0x3b1:0xc DW_TAG_member
	.long	.Linfo_string54                 @ DW_AT_name
	.long	1094                            @ DW_AT_type
	.byte	3                               @ DW_AT_decl_file
	.byte	74                              @ DW_AT_decl_line
	.byte	116                             @ DW_AT_data_member_location
	.byte	0                               @ End Of Children Mark
	.byte	15                              @ Abbrev [15] 0x3be:0xc DW_TAG_array_type
	.long	86                              @ DW_AT_type
	.byte	16                              @ Abbrev [16] 0x3c3:0x6 DW_TAG_subrange_type
	.long	970                             @ DW_AT_type
	.byte	3                               @ DW_AT_count
	.byte	0                               @ End Of Children Mark
	.byte	17                              @ Abbrev [17] 0x3ca:0x7 DW_TAG_base_type
	.long	.Linfo_string35                 @ DW_AT_name
	.byte	8                               @ DW_AT_byte_size
	.byte	7                               @ DW_AT_encoding
	.byte	15                              @ Abbrev [15] 0x3d1:0xc DW_TAG_array_type
	.long	989                             @ DW_AT_type
	.byte	16                              @ Abbrev [16] 0x3d6:0x6 DW_TAG_subrange_type
	.long	970                             @ DW_AT_type
	.byte	3                               @ DW_AT_count
	.byte	0                               @ End Of Children Mark
	.byte	5                               @ Abbrev [5] 0x3dd:0xb DW_TAG_typedef
	.long	1000                            @ DW_AT_type
	.long	.Linfo_string38                 @ DW_AT_name
	.byte	2                               @ DW_AT_decl_file
	.byte	57                              @ DW_AT_decl_line
	.byte	3                               @ Abbrev [3] 0x3e8:0x7 DW_TAG_base_type
	.long	.Linfo_string37                 @ DW_AT_name
	.byte	5                               @ DW_AT_encoding
	.byte	2                               @ DW_AT_byte_size
	.byte	5                               @ Abbrev [5] 0x3ef:0xb DW_TAG_typedef
	.long	1018                            @ DW_AT_type
	.long	.Linfo_string41                 @ DW_AT_name
	.byte	2                               @ DW_AT_decl_file
	.byte	63                              @ DW_AT_decl_line
	.byte	3                               @ Abbrev [3] 0x3fa:0x7 DW_TAG_base_type
	.long	.Linfo_string40                 @ DW_AT_name
	.byte	7                               @ DW_AT_encoding
	.byte	2                               @ DW_AT_byte_size
	.byte	15                              @ Abbrev [15] 0x401:0x12 DW_TAG_array_type
	.long	81                              @ DW_AT_type
	.byte	16                              @ Abbrev [16] 0x406:0x6 DW_TAG_subrange_type
	.long	970                             @ DW_AT_type
	.byte	2                               @ DW_AT_count
	.byte	16                              @ Abbrev [16] 0x40c:0x6 DW_TAG_subrange_type
	.long	970                             @ DW_AT_type
	.byte	2                               @ DW_AT_count
	.byte	0                               @ End Of Children Mark
	.byte	15                              @ Abbrev [15] 0x413:0x12 DW_TAG_array_type
	.long	1061                            @ DW_AT_type
	.byte	16                              @ Abbrev [16] 0x418:0x6 DW_TAG_subrange_type
	.long	970                             @ DW_AT_type
	.byte	2                               @ DW_AT_count
	.byte	16                              @ Abbrev [16] 0x41e:0x6 DW_TAG_subrange_type
	.long	970                             @ DW_AT_type
	.byte	2                               @ DW_AT_count
	.byte	0                               @ End Of Children Mark
	.byte	4                               @ Abbrev [4] 0x425:0x5 DW_TAG_pointer_type
	.long	1007                            @ DW_AT_type
	.byte	15                              @ Abbrev [15] 0x42a:0xc DW_TAG_array_type
	.long	1078                            @ DW_AT_type
	.byte	16                              @ Abbrev [16] 0x42f:0x6 DW_TAG_subrange_type
	.long	970                             @ DW_AT_type
	.byte	4                               @ DW_AT_count
	.byte	0                               @ End Of Children Mark
	.byte	4                               @ Abbrev [4] 0x436:0x5 DW_TAG_pointer_type
	.long	1083                            @ DW_AT_type
	.byte	5                               @ Abbrev [5] 0x43b:0xb DW_TAG_typedef
	.long	56                              @ DW_AT_type
	.long	.Linfo_string48                 @ DW_AT_name
	.byte	2                               @ DW_AT_decl_file
	.byte	58                              @ DW_AT_decl_line
	.byte	18                              @ Abbrev [18] 0x446:0x1 DW_TAG_pointer_type
	.byte	4                               @ Abbrev [4] 0x447:0x5 DW_TAG_pointer_type
	.long	1100                            @ DW_AT_type
	.byte	19                              @ Abbrev [19] 0x44c:0x16 DW_TAG_subroutine_type
	.long	235                             @ DW_AT_type
	.byte	1                               @ DW_AT_prototyped
	.byte	20                              @ Abbrev [20] 0x452:0x5 DW_TAG_formal_parameter
	.long	669                             @ DW_AT_type
	.byte	20                              @ Abbrev [20] 0x457:0x5 DW_TAG_formal_parameter
	.long	81                              @ DW_AT_type
	.byte	20                              @ Abbrev [20] 0x45c:0x5 DW_TAG_formal_parameter
	.long	235                             @ DW_AT_type
	.byte	0                               @ End Of Children Mark
	.byte	4                               @ Abbrev [4] 0x462:0x5 DW_TAG_pointer_type
	.long	1127                            @ DW_AT_type
	.byte	5                               @ Abbrev [5] 0x467:0xb DW_TAG_typedef
	.long	1138                            @ DW_AT_type
	.long	.Linfo_string66                 @ DW_AT_name
	.byte	3                               @ DW_AT_decl_file
	.byte	48                              @ DW_AT_decl_line
	.byte	8                               @ Abbrev [8] 0x472:0x35 DW_TAG_structure_type
	.byte	8                               @ DW_AT_byte_size
	.byte	3                               @ DW_AT_decl_file
	.byte	46                              @ DW_AT_decl_line
	.byte	9                               @ Abbrev [9] 0x476:0xc DW_TAG_member
	.long	.Linfo_string62                 @ DW_AT_name
	.long	1007                            @ DW_AT_type
	.byte	3                               @ DW_AT_decl_file
	.byte	47                              @ DW_AT_decl_line
	.byte	0                               @ DW_AT_data_member_location
	.byte	9                               @ Abbrev [9] 0x482:0xc DW_TAG_member
	.long	.Linfo_string63                 @ DW_AT_name
	.long	1007                            @ DW_AT_type
	.byte	3                               @ DW_AT_decl_file
	.byte	47                              @ DW_AT_decl_line
	.byte	2                               @ DW_AT_data_member_location
	.byte	9                               @ Abbrev [9] 0x48e:0xc DW_TAG_member
	.long	.Linfo_string64                 @ DW_AT_name
	.long	1007                            @ DW_AT_type
	.byte	3                               @ DW_AT_decl_file
	.byte	47                              @ DW_AT_decl_line
	.byte	4                               @ DW_AT_data_member_location
	.byte	9                               @ Abbrev [9] 0x49a:0xc DW_TAG_member
	.long	.Linfo_string65                 @ DW_AT_name
	.long	1007                            @ DW_AT_type
	.byte	3                               @ DW_AT_decl_file
	.byte	47                              @ DW_AT_decl_line
	.byte	6                               @ DW_AT_data_member_location
	.byte	0                               @ End Of Children Mark
	.byte	4                               @ Abbrev [4] 0x4a7:0x5 DW_TAG_pointer_type
	.long	1196                            @ DW_AT_type
	.byte	3                               @ Abbrev [3] 0x4ac:0x7 DW_TAG_base_type
	.long	.Linfo_string74                 @ DW_AT_name
	.byte	6                               @ DW_AT_encoding
	.byte	1                               @ DW_AT_byte_size
	.byte	21                              @ Abbrev [21] 0x4b3:0x5 DW_TAG_const_type
	.long	1208                            @ DW_AT_type
	.byte	5                               @ Abbrev [5] 0x4b8:0xb DW_TAG_typedef
	.long	235                             @ DW_AT_type
	.long	.Linfo_string76                 @ DW_AT_name
	.byte	5                               @ DW_AT_decl_file
	.byte	53                              @ DW_AT_decl_line
	.byte	5                               @ Abbrev [5] 0x4c3:0xb DW_TAG_typedef
	.long	104                             @ DW_AT_type
	.long	.Linfo_string80                 @ DW_AT_name
	.byte	3                               @ DW_AT_decl_file
	.byte	41                              @ DW_AT_decl_line
	.byte	15                              @ Abbrev [15] 0x4ce:0xd DW_TAG_array_type
	.long	1196                            @ DW_AT_type
	.byte	22                              @ Abbrev [22] 0x4d3:0x7 DW_TAG_subrange_type
	.long	970                             @ DW_AT_type
	.short	256                             @ DW_AT_count
	.byte	0                               @ End Of Children Mark
	.byte	0                               @ End Of Children Mark
.Ldebug_info_end0:
	.section	.debug_ranges,"",%progbits
.Ldebug_ranges0:
	.long	.Lfunc_begin0
	.long	.Lfunc_end0
	.long	.Lfunc_begin1
	.long	.Lfunc_end1
	.long	.Lfunc_begin2
	.long	.Lfunc_end2
	.long	0
	.long	0
	.section	.debug_str,"MS",%progbits,1
.Linfo_string0:
	.asciz	"Component: ARM Compiler 6.16 Tool: armclang [5dfeb700]" @ string offset=0
.Linfo_string1:
	.asciz	"applications\\jdev.c"          @ string offset=55
.Linfo_string2:
	.asciz	"E:\\STM32\\Learning\\STM32H750_ART_PI_RGBLCD" @ string offset=75
.Linfo_string3:
	.asciz	"offset"                        @ string offset=117
.Linfo_string4:
	.asciz	"int"                           @ string offset=124
.Linfo_string5:
	.asciz	"rgb_frame_buf"                 @ string offset=128
.Linfo_string6:
	.asciz	"unsigned char"                 @ string offset=142
.Linfo_string7:
	.asciz	"uint8_t"                       @ string offset=156
.Linfo_string8:
	.asciz	"JDR_OK"                        @ string offset=164
.Linfo_string9:
	.asciz	"JDR_INTR"                      @ string offset=171
.Linfo_string10:
	.asciz	"JDR_INP"                       @ string offset=180
.Linfo_string11:
	.asciz	"JDR_MEM1"                      @ string offset=188
.Linfo_string12:
	.asciz	"JDR_MEM2"                      @ string offset=197
.Linfo_string13:
	.asciz	"JDR_PAR"                       @ string offset=206
.Linfo_string14:
	.asciz	"JDR_FMT1"                      @ string offset=214
.Linfo_string15:
	.asciz	"JDR_FMT2"                      @ string offset=223
.Linfo_string16:
	.asciz	"JDR_FMT3"                      @ string offset=232
.Linfo_string17:
	.asciz	"fd"                            @ string offset=241
.Linfo_string18:
	.asciz	"frmbuf"                        @ string offset=244
.Linfo_string19:
	.asciz	"wbyte"                         @ string offset=251
.Linfo_string20:
	.asciz	"unsigned int"                  @ string offset=257
.Linfo_string21:
	.asciz	"uint32_t"                      @ string offset=270
.Linfo_string22:
	.asciz	"IODEV"                         @ string offset=279
.Linfo_string23:
	.asciz	"input_func"                    @ string offset=285
.Linfo_string24:
	.asciz	"output_func"                   @ string offset=296
.Linfo_string25:
	.asciz	"jpegtest"                      @ string offset=308
.Linfo_string26:
	.asciz	"jd"                            @ string offset=317
.Linfo_string27:
	.asciz	"dctr"                          @ string offset=320
.Linfo_string28:
	.asciz	"dptr"                          @ string offset=325
.Linfo_string29:
	.asciz	"inbuf"                         @ string offset=330
.Linfo_string30:
	.asciz	"dmsk"                          @ string offset=336
.Linfo_string31:
	.asciz	"scale"                         @ string offset=341
.Linfo_string32:
	.asciz	"msx"                           @ string offset=347
.Linfo_string33:
	.asciz	"msy"                           @ string offset=351
.Linfo_string34:
	.asciz	"qtid"                          @ string offset=355
.Linfo_string35:
	.asciz	"__ARRAY_SIZE_TYPE__"           @ string offset=360
.Linfo_string36:
	.asciz	"dcv"                           @ string offset=380
.Linfo_string37:
	.asciz	"short"                         @ string offset=384
.Linfo_string38:
	.asciz	"int16_t"                       @ string offset=390
.Linfo_string39:
	.asciz	"nrst"                          @ string offset=398
.Linfo_string40:
	.asciz	"unsigned short"                @ string offset=403
.Linfo_string41:
	.asciz	"uint16_t"                      @ string offset=418
.Linfo_string42:
	.asciz	"width"                         @ string offset=427
.Linfo_string43:
	.asciz	"height"                        @ string offset=433
.Linfo_string44:
	.asciz	"huffbits"                      @ string offset=440
.Linfo_string45:
	.asciz	"huffcode"                      @ string offset=449
.Linfo_string46:
	.asciz	"huffdata"                      @ string offset=458
.Linfo_string47:
	.asciz	"qttbl"                         @ string offset=467
.Linfo_string48:
	.asciz	"int32_t"                       @ string offset=473
.Linfo_string49:
	.asciz	"workbuf"                       @ string offset=481
.Linfo_string50:
	.asciz	"mcubuf"                        @ string offset=489
.Linfo_string51:
	.asciz	"pool"                          @ string offset=496
.Linfo_string52:
	.asciz	"sz_pool"                       @ string offset=501
.Linfo_string53:
	.asciz	"infunc"                        @ string offset=509
.Linfo_string54:
	.asciz	"device"                        @ string offset=516
.Linfo_string55:
	.asciz	"JDEC"                          @ string offset=523
.Linfo_string56:
	.asciz	"buff"                          @ string offset=528
.Linfo_string57:
	.asciz	"ndata"                         @ string offset=533
.Linfo_string58:
	.asciz	"rb"                            @ string offset=539
.Linfo_string59:
	.asciz	"dev"                           @ string offset=542
.Linfo_string60:
	.asciz	"bitmap"                        @ string offset=546
.Linfo_string61:
	.asciz	"rect"                          @ string offset=553
.Linfo_string62:
	.asciz	"left"                          @ string offset=558
.Linfo_string63:
	.asciz	"right"                         @ string offset=563
.Linfo_string64:
	.asciz	"top"                           @ string offset=569
.Linfo_string65:
	.asciz	"bottom"                        @ string offset=573
.Linfo_string66:
	.asciz	"JRECT"                         @ string offset=580
.Linfo_string67:
	.asciz	"ny"                            @ string offset=586
.Linfo_string68:
	.asciz	"nbx"                           @ string offset=589
.Linfo_string69:
	.asciz	"xc"                            @ string offset=593
.Linfo_string70:
	.asciz	"wd"                            @ string offset=596
.Linfo_string71:
	.asciz	"src"                           @ string offset=599
.Linfo_string72:
	.asciz	"dst"                           @ string offset=603
.Linfo_string73:
	.asciz	"fn"                            @ string offset=607
.Linfo_string74:
	.asciz	"char"                          @ string offset=610
.Linfo_string75:
	.asciz	"sz_work"                       @ string offset=615
.Linfo_string76:
	.asciz	"size_t"                        @ string offset=623
.Linfo_string77:
	.asciz	"jdwork"                        @ string offset=630
.Linfo_string78:
	.asciz	"iodev"                         @ string offset=637
.Linfo_string79:
	.asciz	"rc"                            @ string offset=643
.Linfo_string80:
	.asciz	"JRESULT"                       @ string offset=646
.Linfo_string81:
	.asciz	"xb"                            @ string offset=654
.Linfo_string82:
	.asciz	"xs"                            @ string offset=657
.Linfo_string83:
	.asciz	"ys"                            @ string offset=660
.Linfo_string84:
	.asciz	"str"                           @ string offset=663
	.ident	"Component: ARM Compiler 6.16 Tool: armclang [5dfeb700]"
	.section	".note.GNU-stack","",%progbits
	.eabi_attribute	30, 6	@ Tag_ABI_optimization_goals
	.ARM_attribute	16, 1	@ Tag_AV_eba
	.section	.debug_line,"",%progbits
.Lline_table_start0:
