	.text
	.syntax unified
	.eabi_attribute	67, "2.09"	@ Tag_conformance
	.cpu	cortex-m7
	.eabi_attribute	6, 13	@ Tag_CPU_arch
	.eabi_attribute	7, 77	@ Tag_CPU_arch_profile
	.eabi_attribute	8, 0	@ Tag_ARM_ISA_use
	.eabi_attribute	9, 2	@ Tag_THUMB_ISA_use
	.fpu	fpv5-d16
	.eabi_attribute	36, 1	@ Tag_FP_HP_extension
	.eabi_attribute	34, 1	@ Tag_CPU_unaligned_access
	.eabi_attribute	17, 1	@ Tag_ABI_PCS_GOT_use
	.eabi_attribute	20, 2	@ Tag_ABI_FP_denormal
	.eabi_attribute	21, 0	@ Tag_ABI_FP_exceptions
	.eabi_attribute	23, 1	@ Tag_ABI_FP_number_model
	.eabi_attribute	24, 1	@ Tag_ABI_align_needed
	.eabi_attribute	25, 1	@ Tag_ABI_align_preserved
	.eabi_attribute	28, 1	@ Tag_ABI_VFP_args
	.eabi_attribute	38, 1	@ Tag_ABI_FP_16bit_format
	.eabi_attribute	18, 2	@ Tag_ABI_PCS_wchar_t
	.eabi_attribute	26, 1	@ Tag_ABI_enum_size
	.eabi_attribute	14, 0	@ Tag_ABI_PCS_R9_use
	.file	"lfs_crc.c"
	.file	1 "D:\\Keil_v5\\ARM\\ARMCLANG\\Bin\\..\\include" "stdint.h"
	.file	2 "E:\\Smart-access-control\\Hardware\\CODE" "packages/littlefs-v2.0.5/lfs_crc.c"
	.section	.text.lfs_crc,"ax",%progbits
	.hidden	lfs_crc                         @ -- Begin function lfs_crc
	.globl	lfs_crc
	.p2align	3
	.type	lfs_crc,%function
	.code	16                              @ @lfs_crc
	.thumb_func
lfs_crc:
.Lfunc_begin0:
	.loc	2 4 0                           @ packages/littlefs-v2.0.5/lfs_crc.c:4:0
	.fnstart
	.cfi_sections .debug_frame
	.cfi_startproc
@ %bb.0:
	@DEBUG_VALUE: lfs_crc:crc <- $r0
	@DEBUG_VALUE: lfs_crc:buffer <- $r1
	@DEBUG_VALUE: lfs_crc:size <- $r2
	@DEBUG_VALUE: lfs_crc:size <- $r2
	.save	{r7, lr}
	push	{r7, lr}
	.cfi_def_cfa_offset 8
	.cfi_offset lr, -4
	.cfi_offset r7, -8
.Ltmp0:
	@DEBUG_VALUE: lfs_crc:data <- $r1
	.loc	2 14 5 prologue_end             @ packages/littlefs-v2.0.5/lfs_crc.c:14:5
	cmp	r2, #0
.Ltmp1:
	@DEBUG_VALUE: i <- 0
	@DEBUG_VALUE: lfs_crc:data <- $r1
	@DEBUG_VALUE: lfs_crc:buffer <- $r1
	@DEBUG_VALUE: lfs_crc:crc <- $r0
	.loc	2 19 5                          @ packages/littlefs-v2.0.5/lfs_crc.c:19:5
	it	eq
	popeq	{r7, pc}
.Ltmp2:
.LBB0_1:
	@DEBUG_VALUE: lfs_crc:size <- $r2
	@DEBUG_VALUE: lfs_crc:data <- $r1
	@DEBUG_VALUE: lfs_crc:buffer <- $r1
	@DEBUG_VALUE: lfs_crc:crc <- $r0
	@DEBUG_VALUE: i <- 0
	.loc	2 0 5 is_stmt 0                 @ packages/littlefs-v2.0.5/lfs_crc.c:0:5
	movw	r12, :lower16:lfs_crc.rtable
.Ltmp3:
	.loc	2 14 5 is_stmt 1                @ packages/littlefs-v2.0.5/lfs_crc.c:14:5
	subs	r1, #1
.Ltmp4:
	@DEBUG_VALUE: lfs_crc:buffer <- [DW_OP_LLVM_entry_value 1] $r1
	.loc	2 0 5 is_stmt 0                 @ packages/littlefs-v2.0.5/lfs_crc.c:0:5
	movt	r12, :upper16:lfs_crc.rtable
.Ltmp5:
	.p2align	2
.LBB0_2:                                @ =>This Inner Loop Header: Depth=1
	@DEBUG_VALUE: lfs_crc:crc <- $r0
	@DEBUG_VALUE: lfs_crc:buffer <- [DW_OP_LLVM_entry_value 1] $r1
	@DEBUG_VALUE: lfs_crc:crc <- $r0
	@DEBUG_VALUE: i <- undef
	.loc	2 15 43 is_stmt 1               @ packages/littlefs-v2.0.5/lfs_crc.c:15:43
	ldrb	lr, [r1, #1]!
.Ltmp6:
	.loc	2 14 26                         @ packages/littlefs-v2.0.5/lfs_crc.c:14:26
	subs	r2, #1
.Ltmp7:
	@DEBUG_VALUE: lfs_crc:size <- [DW_OP_LLVM_entry_value 1] $r2
	.loc	2 15 40                         @ packages/littlefs-v2.0.5/lfs_crc.c:15:40
	eor.w	r3, r0, lr
	.loc	2 15 58 is_stmt 0               @ packages/littlefs-v2.0.5/lfs_crc.c:15:58
	and	r3, r3, #15
	.loc	2 15 28                         @ packages/littlefs-v2.0.5/lfs_crc.c:15:28
	ldr.w	r3, [r12, r3, lsl #2]
	.loc	2 15 26                         @ packages/littlefs-v2.0.5/lfs_crc.c:15:26
	eor.w	r0, r3, r0, lsr #4
.Ltmp8:
	@DEBUG_VALUE: lfs_crc:crc <- [DW_OP_LLVM_entry_value 1] $r0
	@DEBUG_VALUE: lfs_crc:crc <- [DW_OP_LLVM_entry_value 1] $r0
	@DEBUG_VALUE: lfs_crc:crc <- $r0
	.loc	2 16 58 is_stmt 1               @ packages/littlefs-v2.0.5/lfs_crc.c:16:58
	and	r3, r0, #15
	eor.w	r3, r3, lr, lsr #4
	.loc	2 16 28 is_stmt 0               @ packages/littlefs-v2.0.5/lfs_crc.c:16:28
	ldr.w	r3, [r12, r3, lsl #2]
	.loc	2 16 26                         @ packages/littlefs-v2.0.5/lfs_crc.c:16:26
	eor.w	r0, r3, r0, lsr #4
.Ltmp9:
	@DEBUG_VALUE: lfs_crc:crc <- [DW_OP_LLVM_entry_value 1] $r0
	@DEBUG_VALUE: lfs_crc:crc <- [DW_OP_LLVM_entry_value 1] $r0
	@DEBUG_VALUE: i <- [DW_OP_plus_uconst 1, DW_OP_stack_value] undef
	@DEBUG_VALUE: lfs_crc:crc <- $r0
	.loc	2 14 5 is_stmt 1                @ packages/littlefs-v2.0.5/lfs_crc.c:14:5
	bne	.LBB0_2
.Ltmp10:
@ %bb.3:
	@DEBUG_VALUE: lfs_crc:crc <- $r0
	@DEBUG_VALUE: lfs_crc:buffer <- [DW_OP_LLVM_entry_value 1] $r1
	.loc	2 19 5                          @ packages/littlefs-v2.0.5/lfs_crc.c:19:5
	pop	{r7, pc}
.Ltmp11:
.Lfunc_end0:
	.size	lfs_crc, .Lfunc_end0-lfs_crc
	.cfi_endproc
	.cantunwind
	.fnend
                                        @ -- End function
	.type	lfs_crc.rtable,%object          @ @lfs_crc.rtable
	.section	.rodata.lfs_crc.rtable,"a",%progbits
	.p2align	2
lfs_crc.rtable:
	.long	0                               @ 0x0
	.long	498536548                       @ 0x1db71064
	.long	997073096                       @ 0x3b6e20c8
	.long	651767980                       @ 0x26d930ac
	.long	1994146192                      @ 0x76dc4190
	.long	1802195444                      @ 0x6b6b51f4
	.long	1303535960                      @ 0x4db26158
	.long	1342533948                      @ 0x5005713c
	.long	3988292384                      @ 0xedb88320
	.long	4027552580                      @ 0xf00f9344
	.long	3604390888                      @ 0xd6d6a3e8
	.long	3412177804                      @ 0xcb61b38c
	.long	2607071920                      @ 0x9b64c2b0
	.long	2262029012                      @ 0x86d3d2d4
	.long	2685067896                      @ 0xa00ae278
	.long	3183342108                      @ 0xbdbdf21c
	.size	lfs_crc.rtable, 64

	.file	3 "D:\\Keil_v5\\ARM\\ARMCLANG\\Bin\\..\\include" "time.h"
	.section	.debug_loc,"",%progbits
.Ldebug_loc0:
	.long	.Lfunc_begin0-.Lfunc_begin0
	.long	.Ltmp4-.Lfunc_begin0
	.short	1                               @ Loc expr size
	.byte	81                              @ DW_OP_reg1
	.long	.Ltmp4-.Lfunc_begin0
	.long	.Lfunc_end0-.Lfunc_begin0
	.short	3                               @ Loc expr size
	.byte	163                             @ DW_OP_entry_value
	.byte	1                               @ 1
	.byte	81                              @ DW_OP_reg1
	.long	0
	.long	0
.Ldebug_loc1:
	.long	.Lfunc_begin0-.Lfunc_begin0
	.long	.Ltmp5-.Lfunc_begin0
	.short	1                               @ Loc expr size
	.byte	82                              @ DW_OP_reg2
	.long	.Ltmp7-.Lfunc_begin0
	.long	.Ltmp10-.Lfunc_begin0
	.short	3                               @ Loc expr size
	.byte	163                             @ DW_OP_entry_value
	.byte	1                               @ 1
	.byte	82                              @ DW_OP_reg2
	.long	0
	.long	0
.Ldebug_loc2:
	.long	.Ltmp0-.Lfunc_begin0
	.long	.Ltmp4-.Lfunc_begin0
	.short	1                               @ Loc expr size
	.byte	81                              @ DW_OP_reg1
	.long	0
	.long	0
.Ldebug_loc3:
	.long	.Ltmp2-.Lfunc_begin0
	.long	.Ltmp5-.Lfunc_begin0
	.short	1                               @ Loc expr size
	.byte	48                              @ DW_OP_lit0
	.long	0
	.long	0
	.section	.debug_abbrev,"",%progbits
	.byte	1                               @ Abbreviation Code
	.byte	17                              @ DW_TAG_compile_unit
	.byte	1                               @ DW_CHILDREN_yes
	.byte	37                              @ DW_AT_producer
	.byte	14                              @ DW_FORM_strp
	.byte	19                              @ DW_AT_language
	.byte	5                               @ DW_FORM_data2
	.byte	3                               @ DW_AT_name
	.byte	14                              @ DW_FORM_strp
	.byte	16                              @ DW_AT_stmt_list
	.byte	6                               @ DW_FORM_data4
	.byte	27                              @ DW_AT_comp_dir
	.byte	14                              @ DW_FORM_strp
	.byte	17                              @ DW_AT_low_pc
	.byte	1                               @ DW_FORM_addr
	.byte	18                              @ DW_AT_high_pc
	.byte	1                               @ DW_FORM_addr
	.byte	0                               @ EOM(1)
	.byte	0                               @ EOM(2)
	.byte	2                               @ Abbreviation Code
	.byte	46                              @ DW_TAG_subprogram
	.byte	1                               @ DW_CHILDREN_yes
	.byte	17                              @ DW_AT_low_pc
	.byte	1                               @ DW_FORM_addr
	.byte	18                              @ DW_AT_high_pc
	.byte	1                               @ DW_FORM_addr
	.byte	64                              @ DW_AT_frame_base
	.byte	10                              @ DW_FORM_block1
	.byte	3                               @ DW_AT_name
	.byte	14                              @ DW_FORM_strp
	.byte	58                              @ DW_AT_decl_file
	.byte	11                              @ DW_FORM_data1
	.byte	59                              @ DW_AT_decl_line
	.byte	11                              @ DW_FORM_data1
	.byte	39                              @ DW_AT_prototyped
	.byte	12                              @ DW_FORM_flag
	.byte	73                              @ DW_AT_type
	.byte	19                              @ DW_FORM_ref4
	.byte	63                              @ DW_AT_external
	.byte	12                              @ DW_FORM_flag
	.byte	0                               @ EOM(1)
	.byte	0                               @ EOM(2)
	.byte	3                               @ Abbreviation Code
	.byte	52                              @ DW_TAG_variable
	.byte	0                               @ DW_CHILDREN_no
	.byte	3                               @ DW_AT_name
	.byte	14                              @ DW_FORM_strp
	.byte	73                              @ DW_AT_type
	.byte	19                              @ DW_FORM_ref4
	.byte	58                              @ DW_AT_decl_file
	.byte	11                              @ DW_FORM_data1
	.byte	59                              @ DW_AT_decl_line
	.byte	11                              @ DW_FORM_data1
	.byte	2                               @ DW_AT_location
	.byte	10                              @ DW_FORM_block1
	.byte	0                               @ EOM(1)
	.byte	0                               @ EOM(2)
	.byte	4                               @ Abbreviation Code
	.byte	5                               @ DW_TAG_formal_parameter
	.byte	0                               @ DW_CHILDREN_no
	.byte	2                               @ DW_AT_location
	.byte	10                              @ DW_FORM_block1
	.byte	3                               @ DW_AT_name
	.byte	14                              @ DW_FORM_strp
	.byte	58                              @ DW_AT_decl_file
	.byte	11                              @ DW_FORM_data1
	.byte	59                              @ DW_AT_decl_line
	.byte	11                              @ DW_FORM_data1
	.byte	73                              @ DW_AT_type
	.byte	19                              @ DW_FORM_ref4
	.byte	0                               @ EOM(1)
	.byte	0                               @ EOM(2)
	.byte	5                               @ Abbreviation Code
	.byte	5                               @ DW_TAG_formal_parameter
	.byte	0                               @ DW_CHILDREN_no
	.byte	2                               @ DW_AT_location
	.byte	6                               @ DW_FORM_data4
	.byte	3                               @ DW_AT_name
	.byte	14                              @ DW_FORM_strp
	.byte	58                              @ DW_AT_decl_file
	.byte	11                              @ DW_FORM_data1
	.byte	59                              @ DW_AT_decl_line
	.byte	11                              @ DW_FORM_data1
	.byte	73                              @ DW_AT_type
	.byte	19                              @ DW_FORM_ref4
	.byte	0                               @ EOM(1)
	.byte	0                               @ EOM(2)
	.byte	6                               @ Abbreviation Code
	.byte	52                              @ DW_TAG_variable
	.byte	0                               @ DW_CHILDREN_no
	.byte	2                               @ DW_AT_location
	.byte	6                               @ DW_FORM_data4
	.byte	3                               @ DW_AT_name
	.byte	14                              @ DW_FORM_strp
	.byte	58                              @ DW_AT_decl_file
	.byte	11                              @ DW_FORM_data1
	.byte	59                              @ DW_AT_decl_line
	.byte	11                              @ DW_FORM_data1
	.byte	73                              @ DW_AT_type
	.byte	19                              @ DW_FORM_ref4
	.byte	0                               @ EOM(1)
	.byte	0                               @ EOM(2)
	.byte	7                               @ Abbreviation Code
	.byte	11                              @ DW_TAG_lexical_block
	.byte	1                               @ DW_CHILDREN_yes
	.byte	85                              @ DW_AT_ranges
	.byte	6                               @ DW_FORM_data4
	.byte	0                               @ EOM(1)
	.byte	0                               @ EOM(2)
	.byte	8                               @ Abbreviation Code
	.byte	1                               @ DW_TAG_array_type
	.byte	1                               @ DW_CHILDREN_yes
	.byte	73                              @ DW_AT_type
	.byte	19                              @ DW_FORM_ref4
	.byte	0                               @ EOM(1)
	.byte	0                               @ EOM(2)
	.byte	9                               @ Abbreviation Code
	.byte	33                              @ DW_TAG_subrange_type
	.byte	0                               @ DW_CHILDREN_no
	.byte	73                              @ DW_AT_type
	.byte	19                              @ DW_FORM_ref4
	.byte	55                              @ DW_AT_count
	.byte	11                              @ DW_FORM_data1
	.byte	0                               @ EOM(1)
	.byte	0                               @ EOM(2)
	.byte	10                              @ Abbreviation Code
	.byte	38                              @ DW_TAG_const_type
	.byte	0                               @ DW_CHILDREN_no
	.byte	73                              @ DW_AT_type
	.byte	19                              @ DW_FORM_ref4
	.byte	0                               @ EOM(1)
	.byte	0                               @ EOM(2)
	.byte	11                              @ Abbreviation Code
	.byte	22                              @ DW_TAG_typedef
	.byte	0                               @ DW_CHILDREN_no
	.byte	73                              @ DW_AT_type
	.byte	19                              @ DW_FORM_ref4
	.byte	3                               @ DW_AT_name
	.byte	14                              @ DW_FORM_strp
	.byte	58                              @ DW_AT_decl_file
	.byte	11                              @ DW_FORM_data1
	.byte	59                              @ DW_AT_decl_line
	.byte	11                              @ DW_FORM_data1
	.byte	0                               @ EOM(1)
	.byte	0                               @ EOM(2)
	.byte	12                              @ Abbreviation Code
	.byte	36                              @ DW_TAG_base_type
	.byte	0                               @ DW_CHILDREN_no
	.byte	3                               @ DW_AT_name
	.byte	14                              @ DW_FORM_strp
	.byte	62                              @ DW_AT_encoding
	.byte	11                              @ DW_FORM_data1
	.byte	11                              @ DW_AT_byte_size
	.byte	11                              @ DW_FORM_data1
	.byte	0                               @ EOM(1)
	.byte	0                               @ EOM(2)
	.byte	13                              @ Abbreviation Code
	.byte	36                              @ DW_TAG_base_type
	.byte	0                               @ DW_CHILDREN_no
	.byte	3                               @ DW_AT_name
	.byte	14                              @ DW_FORM_strp
	.byte	11                              @ DW_AT_byte_size
	.byte	11                              @ DW_FORM_data1
	.byte	62                              @ DW_AT_encoding
	.byte	11                              @ DW_FORM_data1
	.byte	0                               @ EOM(1)
	.byte	0                               @ EOM(2)
	.byte	14                              @ Abbreviation Code
	.byte	15                              @ DW_TAG_pointer_type
	.byte	0                               @ DW_CHILDREN_no
	.byte	73                              @ DW_AT_type
	.byte	19                              @ DW_FORM_ref4
	.byte	0                               @ EOM(1)
	.byte	0                               @ EOM(2)
	.byte	15                              @ Abbreviation Code
	.byte	38                              @ DW_TAG_const_type
	.byte	0                               @ DW_CHILDREN_no
	.byte	0                               @ EOM(1)
	.byte	0                               @ EOM(2)
	.byte	0                               @ EOM(3)
	.section	.debug_info,"",%progbits
.Lcu_begin0:
	.long	.Ldebug_info_end0-.Ldebug_info_start0 @ Length of Unit
.Ldebug_info_start0:
	.short	3                               @ DWARF version number
	.long	.debug_abbrev                   @ Offset Into Abbrev. Section
	.byte	4                               @ Address Size (in bytes)
	.byte	1                               @ Abbrev [1] 0xb:0xeb DW_TAG_compile_unit
	.long	.Linfo_string0                  @ DW_AT_producer
	.short	12                              @ DW_AT_language
	.long	.Linfo_string1                  @ DW_AT_name
	.long	.Lline_table_start0             @ DW_AT_stmt_list
	.long	.Linfo_string2                  @ DW_AT_comp_dir
	.long	.Lfunc_begin0                   @ DW_AT_low_pc
	.long	.Lfunc_end0                     @ DW_AT_high_pc
	.byte	2                               @ Abbrev [2] 0x26:0x78 DW_TAG_subprogram
	.long	.Lfunc_begin0                   @ DW_AT_low_pc
	.long	.Lfunc_end0                     @ DW_AT_high_pc
	.byte	1                               @ DW_AT_frame_base
	.byte	93
	.long	.Linfo_string7                  @ DW_AT_name
	.byte	2                               @ DW_AT_decl_file
	.byte	4                               @ DW_AT_decl_line
	.byte	1                               @ DW_AT_prototyped
	.long	175                             @ DW_AT_type
	.byte	1                               @ DW_AT_external
	.byte	3                               @ Abbrev [3] 0x3d:0x11 DW_TAG_variable
	.long	.Linfo_string3                  @ DW_AT_name
	.long	158                             @ DW_AT_type
	.byte	2                               @ DW_AT_decl_file
	.byte	5                               @ DW_AT_decl_line
	.byte	5                               @ DW_AT_location
	.byte	3
	.long	lfs_crc.rtable
	.byte	4                               @ Abbrev [4] 0x4e:0xd DW_TAG_formal_parameter
	.byte	1                               @ DW_AT_location
	.byte	80
	.long	.Linfo_string8                  @ DW_AT_name
	.byte	2                               @ DW_AT_decl_file
	.byte	4                               @ DW_AT_decl_line
	.long	175                             @ DW_AT_type
	.byte	5                               @ Abbrev [5] 0x5b:0xf DW_TAG_formal_parameter
	.long	.Ldebug_loc0                    @ DW_AT_location
	.long	.Linfo_string9                  @ DW_AT_name
	.byte	2                               @ DW_AT_decl_file
	.byte	4                               @ DW_AT_decl_line
	.long	200                             @ DW_AT_type
	.byte	5                               @ Abbrev [5] 0x6a:0xf DW_TAG_formal_parameter
	.long	.Ldebug_loc1                    @ DW_AT_location
	.long	.Linfo_string10                 @ DW_AT_name
	.byte	2                               @ DW_AT_decl_file
	.byte	4                               @ DW_AT_decl_line
	.long	206                             @ DW_AT_type
	.byte	6                               @ Abbrev [6] 0x79:0xf DW_TAG_variable
	.long	.Ldebug_loc2                    @ DW_AT_location
	.long	.Linfo_string12                 @ DW_AT_name
	.byte	2                               @ DW_AT_decl_file
	.byte	12                              @ DW_AT_decl_line
	.long	217                             @ DW_AT_type
	.byte	7                               @ Abbrev [7] 0x88:0x15 DW_TAG_lexical_block
	.long	.Ldebug_ranges0                 @ DW_AT_ranges
	.byte	6                               @ Abbrev [6] 0x8d:0xf DW_TAG_variable
	.long	.Ldebug_loc3                    @ DW_AT_location
	.long	.Linfo_string15                 @ DW_AT_name
	.byte	2                               @ DW_AT_decl_file
	.byte	14                              @ DW_AT_decl_line
	.long	206                             @ DW_AT_type
	.byte	0                               @ End Of Children Mark
	.byte	0                               @ End Of Children Mark
	.byte	8                               @ Abbrev [8] 0x9e:0xc DW_TAG_array_type
	.long	170                             @ DW_AT_type
	.byte	9                               @ Abbrev [9] 0xa3:0x6 DW_TAG_subrange_type
	.long	193                             @ DW_AT_type
	.byte	16                              @ DW_AT_count
	.byte	0                               @ End Of Children Mark
	.byte	10                              @ Abbrev [10] 0xaa:0x5 DW_TAG_const_type
	.long	175                             @ DW_AT_type
	.byte	11                              @ Abbrev [11] 0xaf:0xb DW_TAG_typedef
	.long	186                             @ DW_AT_type
	.long	.Linfo_string5                  @ DW_AT_name
	.byte	1                               @ DW_AT_decl_file
	.byte	64                              @ DW_AT_decl_line
	.byte	12                              @ Abbrev [12] 0xba:0x7 DW_TAG_base_type
	.long	.Linfo_string4                  @ DW_AT_name
	.byte	7                               @ DW_AT_encoding
	.byte	4                               @ DW_AT_byte_size
	.byte	13                              @ Abbrev [13] 0xc1:0x7 DW_TAG_base_type
	.long	.Linfo_string6                  @ DW_AT_name
	.byte	8                               @ DW_AT_byte_size
	.byte	7                               @ DW_AT_encoding
	.byte	14                              @ Abbrev [14] 0xc8:0x5 DW_TAG_pointer_type
	.long	205                             @ DW_AT_type
	.byte	15                              @ Abbrev [15] 0xcd:0x1 DW_TAG_const_type
	.byte	11                              @ Abbrev [11] 0xce:0xb DW_TAG_typedef
	.long	186                             @ DW_AT_type
	.long	.Linfo_string11                 @ DW_AT_name
	.byte	3                               @ DW_AT_decl_file
	.byte	58                              @ DW_AT_decl_line
	.byte	14                              @ Abbrev [14] 0xd9:0x5 DW_TAG_pointer_type
	.long	222                             @ DW_AT_type
	.byte	10                              @ Abbrev [10] 0xde:0x5 DW_TAG_const_type
	.long	227                             @ DW_AT_type
	.byte	11                              @ Abbrev [11] 0xe3:0xb DW_TAG_typedef
	.long	238                             @ DW_AT_type
	.long	.Linfo_string14                 @ DW_AT_name
	.byte	1                               @ DW_AT_decl_file
	.byte	62                              @ DW_AT_decl_line
	.byte	12                              @ Abbrev [12] 0xee:0x7 DW_TAG_base_type
	.long	.Linfo_string13                 @ DW_AT_name
	.byte	8                               @ DW_AT_encoding
	.byte	1                               @ DW_AT_byte_size
	.byte	0                               @ End Of Children Mark
.Ldebug_info_end0:
	.section	.debug_ranges,"",%progbits
.Ldebug_ranges0:
	.long	.Ltmp0-.Lfunc_begin0
	.long	.Ltmp1-.Lfunc_begin0
	.long	.Ltmp3-.Lfunc_begin0
	.long	.Ltmp10-.Lfunc_begin0
	.long	0
	.long	0
	.section	.debug_str,"MS",%progbits,1
.Linfo_string0:
	.asciz	"Component: ARM Compiler 6.16 Tool: armclang [5dfeb700]" @ string offset=0
.Linfo_string1:
	.asciz	"packages/littlefs-v2.0.5\\lfs_crc.c" @ string offset=55
.Linfo_string2:
	.asciz	"E:\\Smart-access-control\\Hardware\\CODE" @ string offset=90
.Linfo_string3:
	.asciz	"rtable"                        @ string offset=128
.Linfo_string4:
	.asciz	"unsigned int"                  @ string offset=135
.Linfo_string5:
	.asciz	"uint32_t"                      @ string offset=148
.Linfo_string6:
	.asciz	"__ARRAY_SIZE_TYPE__"           @ string offset=157
.Linfo_string7:
	.asciz	"lfs_crc"                       @ string offset=177
.Linfo_string8:
	.asciz	"crc"                           @ string offset=185
.Linfo_string9:
	.asciz	"buffer"                        @ string offset=189
.Linfo_string10:
	.asciz	"size"                          @ string offset=196
.Linfo_string11:
	.asciz	"size_t"                        @ string offset=201
.Linfo_string12:
	.asciz	"data"                          @ string offset=208
.Linfo_string13:
	.asciz	"unsigned char"                 @ string offset=213
.Linfo_string14:
	.asciz	"uint8_t"                       @ string offset=227
.Linfo_string15:
	.asciz	"i"                             @ string offset=235
	.ident	"Component: ARM Compiler 6.16 Tool: armclang [5dfeb700]"
	.section	".note.GNU-stack","",%progbits
	.eabi_attribute	30, 1	@ Tag_ABI_optimization_goals
	.ARM_attribute	16, 1	@ Tag_AV_eba
	.section	.debug_line,"",%progbits
.Lline_table_start0:
