	.text
	.syntax unified
	.eabi_attribute	67, "2.09"	@ Tag_conformance
	.cpu	cortex-m7
	.eabi_attribute	6, 13	@ Tag_CPU_arch
	.eabi_attribute	7, 77	@ Tag_CPU_arch_profile
	.eabi_attribute	8, 0	@ Tag_ARM_ISA_use
	.eabi_attribute	9, 2	@ Tag_THUMB_ISA_use
	.fpu	fpv5-d16
	.eabi_attribute	36, 1	@ Tag_FP_HP_extension
	.eabi_attribute	34, 1	@ Tag_CPU_unaligned_access
	.eabi_attribute	17, 1	@ Tag_ABI_PCS_GOT_use
	.eabi_attribute	20, 2	@ Tag_ABI_FP_denormal
	.eabi_attribute	21, 0	@ Tag_ABI_FP_exceptions
	.eabi_attribute	23, 1	@ Tag_ABI_FP_number_model
	.eabi_attribute	24, 1	@ Tag_ABI_align_needed
	.eabi_attribute	25, 1	@ Tag_ABI_align_preserved
	.eabi_attribute	28, 1	@ Tag_ABI_VFP_args
	.eabi_attribute	38, 1	@ Tag_ABI_FP_16bit_format
	.eabi_attribute	18, 2	@ Tag_ABI_PCS_wchar_t
	.eabi_attribute	26, 1	@ Tag_ABI_enum_size
	.eabi_attribute	14, 0	@ Tag_ABI_PCS_R9_use
	.file	"libc.c"
	.file	1 "E:\\STM32\\Learning\\STM32H750_ART_PI_RGBLCD" "rt-thread/include\\rtdef.h"
	.file	2 "E:\\STM32\\Learning\\STM32H750_ART_PI_RGBLCD" "rt-thread/components/libc/compilers/armlibc/libc.c"
	.section	.text.libc_system_init,"ax",%progbits
	.hidden	libc_system_init                @ -- Begin function libc_system_init
	.globl	libc_system_init
	.p2align	3
	.type	libc_system_init,%function
	.code	16                              @ @libc_system_init
	.thumb_func
libc_system_init:
.Lfunc_begin0:
	.loc	2 22 0                          @ rt-thread/components/libc/compilers/armlibc/libc.c:22:0
	.fnstart
	.cfi_sections .debug_frame
	.cfi_startproc
@ %bb.0:
	.save	{r7, lr}
	push	{r7, lr}
	.cfi_def_cfa_offset 8
	.cfi_offset lr, -4
	.cfi_offset r7, -8
	.pad	#8
	sub	sp, #8
	.cfi_def_cfa_offset 16
.Ltmp0:
	.loc	2 26 19 prologue_end            @ rt-thread/components/libc/compilers/armlibc/libc.c:26:19
	bl	rt_console_get_device
	.loc	2 26 17 is_stmt 0               @ rt-thread/components/libc/compilers/armlibc/libc.c:26:17
	str	r0, [sp, #4]
.Ltmp1:
	.loc	2 27 9 is_stmt 1                @ rt-thread/components/libc/compilers/armlibc/libc.c:27:9
	ldr	r0, [sp, #4]
.Ltmp2:
	.loc	2 27 9 is_stmt 0                @ rt-thread/components/libc/compilers/armlibc/libc.c:27:9
	cbz	r0, .LBB0_2
	b	.LBB0_1
.LBB0_1:
.Ltmp3:
	.loc	2 30 32 is_stmt 1               @ rt-thread/components/libc/compilers/armlibc/libc.c:30:32
	ldr	r0, [sp, #4]
	movs	r1, #2
	.loc	2 30 9 is_stmt 0                @ rt-thread/components/libc/compilers/armlibc/libc.c:30:9
	bl	libc_stdio_set_console
	.loc	2 34 5 is_stmt 1                @ rt-thread/components/libc/compilers/armlibc/libc.c:34:5
	b	.LBB0_2
.Ltmp4:
.LBB0_2:
	.loc	2 0 5 is_stmt 0                 @ rt-thread/components/libc/compilers/armlibc/libc.c:0:5
	movs	r0, #0
	.loc	2 41 5 is_stmt 1                @ rt-thread/components/libc/compilers/armlibc/libc.c:41:5
	add	sp, #8
	pop	{r7, pc}
.Ltmp5:
.Lfunc_end0:
	.size	libc_system_init, .Lfunc_end0-libc_system_init
	.cfi_endproc
	.cantunwind
	.fnend
                                        @ -- End function
	.hidden	__rt_init_libc_system_init      @ @__rt_init_libc_system_init
	.type	__rt_init_libc_system_init,%object
	.section	.rti_fn.4,"a",%progbits
	.globl	__rt_init_libc_system_init
	.p2align	2
__rt_init_libc_system_init:
__tagsym$$used.0:
	.long	libc_system_init
	.size	__rt_init_libc_system_init, 4

	.globl	__rt_init_libc_system_init
	.section	.debug_abbrev,"",%progbits
	.byte	1                               @ Abbreviation Code
	.byte	17                              @ DW_TAG_compile_unit
	.byte	1                               @ DW_CHILDREN_yes
	.byte	37                              @ DW_AT_producer
	.byte	14                              @ DW_FORM_strp
	.byte	19                              @ DW_AT_language
	.byte	5                               @ DW_FORM_data2
	.byte	3                               @ DW_AT_name
	.byte	14                              @ DW_FORM_strp
	.byte	16                              @ DW_AT_stmt_list
	.byte	6                               @ DW_FORM_data4
	.byte	27                              @ DW_AT_comp_dir
	.byte	14                              @ DW_FORM_strp
	.byte	17                              @ DW_AT_low_pc
	.byte	1                               @ DW_FORM_addr
	.byte	18                              @ DW_AT_high_pc
	.byte	1                               @ DW_FORM_addr
	.byte	0                               @ EOM(1)
	.byte	0                               @ EOM(2)
	.byte	2                               @ Abbreviation Code
	.byte	52                              @ DW_TAG_variable
	.byte	0                               @ DW_CHILDREN_no
	.byte	3                               @ DW_AT_name
	.byte	14                              @ DW_FORM_strp
	.byte	73                              @ DW_AT_type
	.byte	19                              @ DW_FORM_ref4
	.byte	63                              @ DW_AT_external
	.byte	12                              @ DW_FORM_flag
	.byte	58                              @ DW_AT_decl_file
	.byte	11                              @ DW_FORM_data1
	.byte	59                              @ DW_AT_decl_line
	.byte	11                              @ DW_FORM_data1
	.byte	2                               @ DW_AT_location
	.byte	10                              @ DW_FORM_block1
	.byte	0                               @ EOM(1)
	.byte	0                               @ EOM(2)
	.byte	3                               @ Abbreviation Code
	.byte	38                              @ DW_TAG_const_type
	.byte	0                               @ DW_CHILDREN_no
	.byte	73                              @ DW_AT_type
	.byte	19                              @ DW_FORM_ref4
	.byte	0                               @ EOM(1)
	.byte	0                               @ EOM(2)
	.byte	4                               @ Abbreviation Code
	.byte	22                              @ DW_TAG_typedef
	.byte	0                               @ DW_CHILDREN_no
	.byte	73                              @ DW_AT_type
	.byte	19                              @ DW_FORM_ref4
	.byte	3                               @ DW_AT_name
	.byte	14                              @ DW_FORM_strp
	.byte	58                              @ DW_AT_decl_file
	.byte	11                              @ DW_FORM_data1
	.byte	59                              @ DW_AT_decl_line
	.byte	11                              @ DW_FORM_data1
	.byte	0                               @ EOM(1)
	.byte	0                               @ EOM(2)
	.byte	5                               @ Abbreviation Code
	.byte	15                              @ DW_TAG_pointer_type
	.byte	0                               @ DW_CHILDREN_no
	.byte	73                              @ DW_AT_type
	.byte	19                              @ DW_FORM_ref4
	.byte	0                               @ EOM(1)
	.byte	0                               @ EOM(2)
	.byte	6                               @ Abbreviation Code
	.byte	21                              @ DW_TAG_subroutine_type
	.byte	0                               @ DW_CHILDREN_no
	.byte	73                              @ DW_AT_type
	.byte	19                              @ DW_FORM_ref4
	.byte	39                              @ DW_AT_prototyped
	.byte	12                              @ DW_FORM_flag
	.byte	0                               @ EOM(1)
	.byte	0                               @ EOM(2)
	.byte	7                               @ Abbreviation Code
	.byte	36                              @ DW_TAG_base_type
	.byte	0                               @ DW_CHILDREN_no
	.byte	3                               @ DW_AT_name
	.byte	14                              @ DW_FORM_strp
	.byte	62                              @ DW_AT_encoding
	.byte	11                              @ DW_FORM_data1
	.byte	11                              @ DW_AT_byte_size
	.byte	11                              @ DW_FORM_data1
	.byte	0                               @ EOM(1)
	.byte	0                               @ EOM(2)
	.byte	8                               @ Abbreviation Code
	.byte	4                               @ DW_TAG_enumeration_type
	.byte	1                               @ DW_CHILDREN_yes
	.byte	73                              @ DW_AT_type
	.byte	19                              @ DW_FORM_ref4
	.byte	3                               @ DW_AT_name
	.byte	14                              @ DW_FORM_strp
	.byte	11                              @ DW_AT_byte_size
	.byte	11                              @ DW_FORM_data1
	.byte	58                              @ DW_AT_decl_file
	.byte	11                              @ DW_FORM_data1
	.byte	59                              @ DW_AT_decl_line
	.byte	5                               @ DW_FORM_data2
	.byte	0                               @ EOM(1)
	.byte	0                               @ EOM(2)
	.byte	9                               @ Abbreviation Code
	.byte	40                              @ DW_TAG_enumerator
	.byte	0                               @ DW_CHILDREN_no
	.byte	3                               @ DW_AT_name
	.byte	14                              @ DW_FORM_strp
	.byte	28                              @ DW_AT_const_value
	.byte	15                              @ DW_FORM_udata
	.byte	0                               @ EOM(1)
	.byte	0                               @ EOM(2)
	.byte	10                              @ Abbreviation Code
	.byte	46                              @ DW_TAG_subprogram
	.byte	1                               @ DW_CHILDREN_yes
	.byte	17                              @ DW_AT_low_pc
	.byte	1                               @ DW_FORM_addr
	.byte	18                              @ DW_AT_high_pc
	.byte	1                               @ DW_FORM_addr
	.byte	64                              @ DW_AT_frame_base
	.byte	10                              @ DW_FORM_block1
	.byte	3                               @ DW_AT_name
	.byte	14                              @ DW_FORM_strp
	.byte	58                              @ DW_AT_decl_file
	.byte	11                              @ DW_FORM_data1
	.byte	59                              @ DW_AT_decl_line
	.byte	11                              @ DW_FORM_data1
	.byte	39                              @ DW_AT_prototyped
	.byte	12                              @ DW_FORM_flag
	.byte	73                              @ DW_AT_type
	.byte	19                              @ DW_FORM_ref4
	.byte	63                              @ DW_AT_external
	.byte	12                              @ DW_FORM_flag
	.byte	0                               @ EOM(1)
	.byte	0                               @ EOM(2)
	.byte	11                              @ Abbreviation Code
	.byte	52                              @ DW_TAG_variable
	.byte	0                               @ DW_CHILDREN_no
	.byte	2                               @ DW_AT_location
	.byte	10                              @ DW_FORM_block1
	.byte	3                               @ DW_AT_name
	.byte	14                              @ DW_FORM_strp
	.byte	58                              @ DW_AT_decl_file
	.byte	11                              @ DW_FORM_data1
	.byte	59                              @ DW_AT_decl_line
	.byte	11                              @ DW_FORM_data1
	.byte	73                              @ DW_AT_type
	.byte	19                              @ DW_FORM_ref4
	.byte	0                               @ EOM(1)
	.byte	0                               @ EOM(2)
	.byte	12                              @ Abbreviation Code
	.byte	22                              @ DW_TAG_typedef
	.byte	0                               @ DW_CHILDREN_no
	.byte	73                              @ DW_AT_type
	.byte	19                              @ DW_FORM_ref4
	.byte	3                               @ DW_AT_name
	.byte	14                              @ DW_FORM_strp
	.byte	58                              @ DW_AT_decl_file
	.byte	11                              @ DW_FORM_data1
	.byte	59                              @ DW_AT_decl_line
	.byte	5                               @ DW_FORM_data2
	.byte	0                               @ EOM(1)
	.byte	0                               @ EOM(2)
	.byte	13                              @ Abbreviation Code
	.byte	19                              @ DW_TAG_structure_type
	.byte	1                               @ DW_CHILDREN_yes
	.byte	3                               @ DW_AT_name
	.byte	14                              @ DW_FORM_strp
	.byte	11                              @ DW_AT_byte_size
	.byte	11                              @ DW_FORM_data1
	.byte	58                              @ DW_AT_decl_file
	.byte	11                              @ DW_FORM_data1
	.byte	59                              @ DW_AT_decl_line
	.byte	5                               @ DW_FORM_data2
	.byte	0                               @ EOM(1)
	.byte	0                               @ EOM(2)
	.byte	14                              @ Abbreviation Code
	.byte	13                              @ DW_TAG_member
	.byte	0                               @ DW_CHILDREN_no
	.byte	3                               @ DW_AT_name
	.byte	14                              @ DW_FORM_strp
	.byte	73                              @ DW_AT_type
	.byte	19                              @ DW_FORM_ref4
	.byte	58                              @ DW_AT_decl_file
	.byte	11                              @ DW_FORM_data1
	.byte	59                              @ DW_AT_decl_line
	.byte	5                               @ DW_FORM_data2
	.byte	56                              @ DW_AT_data_member_location
	.byte	11                              @ DW_FORM_data1
	.byte	0                               @ EOM(1)
	.byte	0                               @ EOM(2)
	.byte	15                              @ Abbreviation Code
	.byte	1                               @ DW_TAG_array_type
	.byte	1                               @ DW_CHILDREN_yes
	.byte	73                              @ DW_AT_type
	.byte	19                              @ DW_FORM_ref4
	.byte	0                               @ EOM(1)
	.byte	0                               @ EOM(2)
	.byte	16                              @ Abbreviation Code
	.byte	33                              @ DW_TAG_subrange_type
	.byte	0                               @ DW_CHILDREN_no
	.byte	73                              @ DW_AT_type
	.byte	19                              @ DW_FORM_ref4
	.byte	55                              @ DW_AT_count
	.byte	11                              @ DW_FORM_data1
	.byte	0                               @ EOM(1)
	.byte	0                               @ EOM(2)
	.byte	17                              @ Abbreviation Code
	.byte	36                              @ DW_TAG_base_type
	.byte	0                               @ DW_CHILDREN_no
	.byte	3                               @ DW_AT_name
	.byte	14                              @ DW_FORM_strp
	.byte	11                              @ DW_AT_byte_size
	.byte	11                              @ DW_FORM_data1
	.byte	62                              @ DW_AT_encoding
	.byte	11                              @ DW_FORM_data1
	.byte	0                               @ EOM(1)
	.byte	0                               @ EOM(2)
	.byte	18                              @ Abbreviation Code
	.byte	21                              @ DW_TAG_subroutine_type
	.byte	1                               @ DW_CHILDREN_yes
	.byte	73                              @ DW_AT_type
	.byte	19                              @ DW_FORM_ref4
	.byte	39                              @ DW_AT_prototyped
	.byte	12                              @ DW_FORM_flag
	.byte	0                               @ EOM(1)
	.byte	0                               @ EOM(2)
	.byte	19                              @ Abbreviation Code
	.byte	5                               @ DW_TAG_formal_parameter
	.byte	0                               @ DW_CHILDREN_no
	.byte	73                              @ DW_AT_type
	.byte	19                              @ DW_FORM_ref4
	.byte	0                               @ EOM(1)
	.byte	0                               @ EOM(2)
	.byte	20                              @ Abbreviation Code
	.byte	15                              @ DW_TAG_pointer_type
	.byte	0                               @ DW_CHILDREN_no
	.byte	0                               @ EOM(1)
	.byte	0                               @ EOM(2)
	.byte	21                              @ Abbreviation Code
	.byte	38                              @ DW_TAG_const_type
	.byte	0                               @ DW_CHILDREN_no
	.byte	0                               @ EOM(1)
	.byte	0                               @ EOM(2)
	.byte	22                              @ Abbreviation Code
	.byte	19                              @ DW_TAG_structure_type
	.byte	0                               @ DW_CHILDREN_no
	.byte	3                               @ DW_AT_name
	.byte	14                              @ DW_FORM_strp
	.byte	60                              @ DW_AT_declaration
	.byte	12                              @ DW_FORM_flag
	.byte	0                               @ EOM(1)
	.byte	0                               @ EOM(2)
	.byte	0                               @ EOM(3)
	.section	.debug_info,"",%progbits
.Lcu_begin0:
	.long	.Ldebug_info_end0-.Ldebug_info_start0 @ Length of Unit
.Ldebug_info_start0:
	.short	3                               @ DWARF version number
	.long	.debug_abbrev                   @ Offset Into Abbrev. Section
	.byte	4                               @ Address Size (in bytes)
	.byte	1                               @ Abbrev [1] 0xb:0x3f1 DW_TAG_compile_unit
	.long	.Linfo_string0                  @ DW_AT_producer
	.short	12                              @ DW_AT_language
	.long	.Linfo_string1                  @ DW_AT_name
	.long	.Lline_table_start0             @ DW_AT_stmt_list
	.long	.Linfo_string2                  @ DW_AT_comp_dir
	.long	.Lfunc_begin0                   @ DW_AT_low_pc
	.long	.Lfunc_end0                     @ DW_AT_high_pc
	.byte	2                               @ Abbrev [2] 0x26:0x12 DW_TAG_variable
	.long	.Linfo_string3                  @ DW_AT_name
	.long	56                              @ DW_AT_type
	.byte	1                               @ DW_AT_external
	.byte	2                               @ DW_AT_decl_file
	.byte	43                              @ DW_AT_decl_line
	.byte	5                               @ DW_AT_location
	.byte	3
	.long	__rt_init_libc_system_init
	.byte	3                               @ Abbrev [3] 0x38:0x5 DW_TAG_const_type
	.long	61                              @ DW_AT_type
	.byte	4                               @ Abbrev [4] 0x3d:0xb DW_TAG_typedef
	.long	72                              @ DW_AT_type
	.long	.Linfo_string5                  @ DW_AT_name
	.byte	1                               @ DW_AT_decl_file
	.byte	192                             @ DW_AT_decl_line
	.byte	5                               @ Abbrev [5] 0x48:0x5 DW_TAG_pointer_type
	.long	77                              @ DW_AT_type
	.byte	6                               @ Abbrev [6] 0x4d:0x6 DW_TAG_subroutine_type
	.long	83                              @ DW_AT_type
	.byte	1                               @ DW_AT_prototyped
	.byte	7                               @ Abbrev [7] 0x53:0x7 DW_TAG_base_type
	.long	.Linfo_string4                  @ DW_AT_name
	.byte	5                               @ DW_AT_encoding
	.byte	4                               @ DW_AT_byte_size
	.byte	8                               @ Abbrev [8] 0x5a:0x92 DW_TAG_enumeration_type
	.long	236                             @ DW_AT_type
	.long	.Linfo_string29                 @ DW_AT_name
	.byte	1                               @ DW_AT_byte_size
	.byte	1                               @ DW_AT_decl_file
	.short	842                             @ DW_AT_decl_line
	.byte	9                               @ Abbrev [9] 0x67:0x6 DW_TAG_enumerator
	.long	.Linfo_string7                  @ DW_AT_name
	.byte	0                               @ DW_AT_const_value
	.byte	9                               @ Abbrev [9] 0x6d:0x6 DW_TAG_enumerator
	.long	.Linfo_string8                  @ DW_AT_name
	.byte	1                               @ DW_AT_const_value
	.byte	9                               @ Abbrev [9] 0x73:0x6 DW_TAG_enumerator
	.long	.Linfo_string9                  @ DW_AT_name
	.byte	2                               @ DW_AT_const_value
	.byte	9                               @ Abbrev [9] 0x79:0x6 DW_TAG_enumerator
	.long	.Linfo_string10                 @ DW_AT_name
	.byte	3                               @ DW_AT_const_value
	.byte	9                               @ Abbrev [9] 0x7f:0x6 DW_TAG_enumerator
	.long	.Linfo_string11                 @ DW_AT_name
	.byte	4                               @ DW_AT_const_value
	.byte	9                               @ Abbrev [9] 0x85:0x6 DW_TAG_enumerator
	.long	.Linfo_string12                 @ DW_AT_name
	.byte	5                               @ DW_AT_const_value
	.byte	9                               @ Abbrev [9] 0x8b:0x6 DW_TAG_enumerator
	.long	.Linfo_string13                 @ DW_AT_name
	.byte	6                               @ DW_AT_const_value
	.byte	9                               @ Abbrev [9] 0x91:0x6 DW_TAG_enumerator
	.long	.Linfo_string14                 @ DW_AT_name
	.byte	7                               @ DW_AT_const_value
	.byte	9                               @ Abbrev [9] 0x97:0x6 DW_TAG_enumerator
	.long	.Linfo_string15                 @ DW_AT_name
	.byte	8                               @ DW_AT_const_value
	.byte	9                               @ Abbrev [9] 0x9d:0x6 DW_TAG_enumerator
	.long	.Linfo_string16                 @ DW_AT_name
	.byte	9                               @ DW_AT_const_value
	.byte	9                               @ Abbrev [9] 0xa3:0x6 DW_TAG_enumerator
	.long	.Linfo_string17                 @ DW_AT_name
	.byte	10                              @ DW_AT_const_value
	.byte	9                               @ Abbrev [9] 0xa9:0x6 DW_TAG_enumerator
	.long	.Linfo_string18                 @ DW_AT_name
	.byte	11                              @ DW_AT_const_value
	.byte	9                               @ Abbrev [9] 0xaf:0x6 DW_TAG_enumerator
	.long	.Linfo_string19                 @ DW_AT_name
	.byte	12                              @ DW_AT_const_value
	.byte	9                               @ Abbrev [9] 0xb5:0x6 DW_TAG_enumerator
	.long	.Linfo_string20                 @ DW_AT_name
	.byte	13                              @ DW_AT_const_value
	.byte	9                               @ Abbrev [9] 0xbb:0x6 DW_TAG_enumerator
	.long	.Linfo_string21                 @ DW_AT_name
	.byte	14                              @ DW_AT_const_value
	.byte	9                               @ Abbrev [9] 0xc1:0x6 DW_TAG_enumerator
	.long	.Linfo_string22                 @ DW_AT_name
	.byte	15                              @ DW_AT_const_value
	.byte	9                               @ Abbrev [9] 0xc7:0x6 DW_TAG_enumerator
	.long	.Linfo_string23                 @ DW_AT_name
	.byte	16                              @ DW_AT_const_value
	.byte	9                               @ Abbrev [9] 0xcd:0x6 DW_TAG_enumerator
	.long	.Linfo_string24                 @ DW_AT_name
	.byte	17                              @ DW_AT_const_value
	.byte	9                               @ Abbrev [9] 0xd3:0x6 DW_TAG_enumerator
	.long	.Linfo_string25                 @ DW_AT_name
	.byte	18                              @ DW_AT_const_value
	.byte	9                               @ Abbrev [9] 0xd9:0x6 DW_TAG_enumerator
	.long	.Linfo_string26                 @ DW_AT_name
	.byte	19                              @ DW_AT_const_value
	.byte	9                               @ Abbrev [9] 0xdf:0x6 DW_TAG_enumerator
	.long	.Linfo_string27                 @ DW_AT_name
	.byte	20                              @ DW_AT_const_value
	.byte	9                               @ Abbrev [9] 0xe5:0x6 DW_TAG_enumerator
	.long	.Linfo_string28                 @ DW_AT_name
	.byte	21                              @ DW_AT_const_value
	.byte	0                               @ End Of Children Mark
	.byte	7                               @ Abbrev [7] 0xec:0x7 DW_TAG_base_type
	.long	.Linfo_string6                  @ DW_AT_name
	.byte	8                               @ DW_AT_encoding
	.byte	1                               @ DW_AT_byte_size
	.byte	10                              @ Abbrev [10] 0xf3:0x26 DW_TAG_subprogram
	.long	.Lfunc_begin0                   @ DW_AT_low_pc
	.long	.Lfunc_end0                     @ DW_AT_high_pc
	.byte	1                               @ DW_AT_frame_base
	.byte	93
	.long	.Linfo_string30                 @ DW_AT_name
	.byte	2                               @ DW_AT_decl_file
	.byte	21                              @ DW_AT_decl_line
	.byte	1                               @ DW_AT_prototyped
	.long	83                              @ DW_AT_type
	.byte	1                               @ DW_AT_external
	.byte	11                              @ Abbrev [11] 0x10a:0xe DW_TAG_variable
	.byte	2                               @ DW_AT_location
	.byte	145
	.byte	4
	.long	.Linfo_string31                 @ DW_AT_name
	.byte	2                               @ DW_AT_decl_file
	.byte	24                              @ DW_AT_decl_line
	.long	281                             @ DW_AT_type
	.byte	0                               @ End Of Children Mark
	.byte	12                              @ Abbrev [12] 0x119:0xc DW_TAG_typedef
	.long	293                             @ DW_AT_type
	.long	.Linfo_string74                 @ DW_AT_name
	.byte	1                               @ DW_AT_decl_file
	.short	922                             @ DW_AT_decl_line
	.byte	5                               @ Abbrev [5] 0x125:0x5 DW_TAG_pointer_type
	.long	298                             @ DW_AT_type
	.byte	13                              @ Abbrev [13] 0x12a:0xe7 DW_TAG_structure_type
	.long	.Linfo_string73                 @ DW_AT_name
	.byte	80                              @ DW_AT_byte_size
	.byte	1                               @ DW_AT_decl_file
	.short	950                             @ DW_AT_decl_line
	.byte	14                              @ Abbrev [14] 0x133:0xd DW_TAG_member
	.long	.Linfo_string32                 @ DW_AT_name
	.long	529                             @ DW_AT_type
	.byte	1                               @ DW_AT_decl_file
	.short	952                             @ DW_AT_decl_line
	.byte	0                               @ DW_AT_data_member_location
	.byte	14                              @ Abbrev [14] 0x140:0xd DW_TAG_member
	.long	.Linfo_string36                 @ DW_AT_name
	.long	90                              @ DW_AT_type
	.byte	1                               @ DW_AT_decl_file
	.short	954                             @ DW_AT_decl_line
	.byte	20                              @ DW_AT_data_member_location
	.byte	14                              @ Abbrev [14] 0x14d:0xd DW_TAG_member
	.long	.Linfo_string38                 @ DW_AT_name
	.long	681                             @ DW_AT_type
	.byte	1                               @ DW_AT_decl_file
	.short	955                             @ DW_AT_decl_line
	.byte	22                              @ DW_AT_data_member_location
	.byte	14                              @ Abbrev [14] 0x15a:0xd DW_TAG_member
	.long	.Linfo_string47                 @ DW_AT_name
	.long	681                             @ DW_AT_type
	.byte	1                               @ DW_AT_decl_file
	.short	956                             @ DW_AT_decl_line
	.byte	24                              @ DW_AT_data_member_location
	.byte	14                              @ Abbrev [14] 0x167:0xd DW_TAG_member
	.long	.Linfo_string48                 @ DW_AT_name
	.long	617                             @ DW_AT_type
	.byte	1                               @ DW_AT_decl_file
	.short	958                             @ DW_AT_decl_line
	.byte	26                              @ DW_AT_data_member_location
	.byte	14                              @ Abbrev [14] 0x174:0xd DW_TAG_member
	.long	.Linfo_string49                 @ DW_AT_name
	.long	617                             @ DW_AT_type
	.byte	1                               @ DW_AT_decl_file
	.short	959                             @ DW_AT_decl_line
	.byte	27                              @ DW_AT_data_member_location
	.byte	14                              @ Abbrev [14] 0x181:0xd DW_TAG_member
	.long	.Linfo_string50                 @ DW_AT_name
	.long	699                             @ DW_AT_type
	.byte	1                               @ DW_AT_decl_file
	.short	962                             @ DW_AT_decl_line
	.byte	28                              @ DW_AT_data_member_location
	.byte	14                              @ Abbrev [14] 0x18e:0xd DW_TAG_member
	.long	.Linfo_string57                 @ DW_AT_name
	.long	779                             @ DW_AT_type
	.byte	1                               @ DW_AT_decl_file
	.short	963                             @ DW_AT_decl_line
	.byte	32                              @ DW_AT_data_member_location
	.byte	14                              @ Abbrev [14] 0x19b:0xd DW_TAG_member
	.long	.Linfo_string58                 @ DW_AT_name
	.long	802                             @ DW_AT_type
	.byte	1                               @ DW_AT_decl_file
	.short	969                             @ DW_AT_decl_line
	.byte	36                              @ DW_AT_data_member_location
	.byte	14                              @ Abbrev [14] 0x1a8:0xd DW_TAG_member
	.long	.Linfo_string59                 @ DW_AT_name
	.long	819                             @ DW_AT_type
	.byte	1                               @ DW_AT_decl_file
	.short	970                             @ DW_AT_decl_line
	.byte	40                              @ DW_AT_data_member_location
	.byte	14                              @ Abbrev [14] 0x1b5:0xd DW_TAG_member
	.long	.Linfo_string60                 @ DW_AT_name
	.long	802                             @ DW_AT_type
	.byte	1                               @ DW_AT_decl_file
	.short	971                             @ DW_AT_decl_line
	.byte	44                              @ DW_AT_data_member_location
	.byte	14                              @ Abbrev [14] 0x1c2:0xd DW_TAG_member
	.long	.Linfo_string61                 @ DW_AT_name
	.long	841                             @ DW_AT_type
	.byte	1                               @ DW_AT_decl_file
	.short	972                             @ DW_AT_decl_line
	.byte	48                              @ DW_AT_data_member_location
	.byte	14                              @ Abbrev [14] 0x1cf:0xd DW_TAG_member
	.long	.Linfo_string63                 @ DW_AT_name
	.long	884                             @ DW_AT_type
	.byte	1                               @ DW_AT_decl_file
	.short	973                             @ DW_AT_decl_line
	.byte	52                              @ DW_AT_data_member_location
	.byte	14                              @ Abbrev [14] 0x1dc:0xd DW_TAG_member
	.long	.Linfo_string64                 @ DW_AT_name
	.long	922                             @ DW_AT_type
	.byte	1                               @ DW_AT_decl_file
	.short	974                             @ DW_AT_decl_line
	.byte	56                              @ DW_AT_data_member_location
	.byte	14                              @ Abbrev [14] 0x1e9:0xd DW_TAG_member
	.long	.Linfo_string65                 @ DW_AT_name
	.long	949                             @ DW_AT_type
	.byte	1                               @ DW_AT_decl_file
	.short	978                             @ DW_AT_decl_line
	.byte	60                              @ DW_AT_data_member_location
	.byte	14                              @ Abbrev [14] 0x1f6:0xd DW_TAG_member
	.long	.Linfo_string67                 @ DW_AT_name
	.long	965                             @ DW_AT_type
	.byte	1                               @ DW_AT_decl_file
	.short	979                             @ DW_AT_decl_line
	.byte	64                              @ DW_AT_data_member_location
	.byte	14                              @ Abbrev [14] 0x203:0xd DW_TAG_member
	.long	.Linfo_string72                 @ DW_AT_name
	.long	801                             @ DW_AT_type
	.byte	1                               @ DW_AT_decl_file
	.short	982                             @ DW_AT_decl_line
	.byte	76                              @ DW_AT_data_member_location
	.byte	0                               @ End Of Children Mark
	.byte	13                              @ Abbrev [13] 0x211:0x3e DW_TAG_structure_type
	.long	.Linfo_string44                 @ DW_AT_name
	.byte	20                              @ DW_AT_byte_size
	.byte	1                               @ DW_AT_decl_file
	.short	343                             @ DW_AT_decl_line
	.byte	14                              @ Abbrev [14] 0x21a:0xd DW_TAG_member
	.long	.Linfo_string33                 @ DW_AT_name
	.long	591                             @ DW_AT_type
	.byte	1                               @ DW_AT_decl_file
	.short	345                             @ DW_AT_decl_line
	.byte	0                               @ DW_AT_data_member_location
	.byte	14                              @ Abbrev [14] 0x227:0xd DW_TAG_member
	.long	.Linfo_string36                 @ DW_AT_name
	.long	617                             @ DW_AT_type
	.byte	1                               @ DW_AT_decl_file
	.short	346                             @ DW_AT_decl_line
	.byte	8                               @ DW_AT_data_member_location
	.byte	14                              @ Abbrev [14] 0x234:0xd DW_TAG_member
	.long	.Linfo_string38                 @ DW_AT_name
	.long	617                             @ DW_AT_type
	.byte	1                               @ DW_AT_decl_file
	.short	347                             @ DW_AT_decl_line
	.byte	9                               @ DW_AT_data_member_location
	.byte	14                              @ Abbrev [14] 0x241:0xd DW_TAG_member
	.long	.Linfo_string39                 @ DW_AT_name
	.long	628                             @ DW_AT_type
	.byte	1                               @ DW_AT_decl_file
	.short	352                             @ DW_AT_decl_line
	.byte	12                              @ DW_AT_data_member_location
	.byte	0                               @ End Of Children Mark
	.byte	15                              @ Abbrev [15] 0x24f:0xc DW_TAG_array_type
	.long	603                             @ DW_AT_type
	.byte	16                              @ Abbrev [16] 0x254:0x6 DW_TAG_subrange_type
	.long	610                             @ DW_AT_type
	.byte	8                               @ DW_AT_count
	.byte	0                               @ End Of Children Mark
	.byte	7                               @ Abbrev [7] 0x25b:0x7 DW_TAG_base_type
	.long	.Linfo_string34                 @ DW_AT_name
	.byte	6                               @ DW_AT_encoding
	.byte	1                               @ DW_AT_byte_size
	.byte	17                              @ Abbrev [17] 0x262:0x7 DW_TAG_base_type
	.long	.Linfo_string35                 @ DW_AT_name
	.byte	8                               @ DW_AT_byte_size
	.byte	7                               @ DW_AT_encoding
	.byte	4                               @ Abbrev [4] 0x269:0xb DW_TAG_typedef
	.long	236                             @ DW_AT_type
	.long	.Linfo_string37                 @ DW_AT_name
	.byte	1                               @ DW_AT_decl_file
	.byte	67                              @ DW_AT_decl_line
	.byte	12                              @ Abbrev [12] 0x274:0xc DW_TAG_typedef
	.long	640                             @ DW_AT_type
	.long	.Linfo_string43                 @ DW_AT_name
	.byte	1                               @ DW_AT_decl_file
	.short	318                             @ DW_AT_decl_line
	.byte	13                              @ Abbrev [13] 0x280:0x24 DW_TAG_structure_type
	.long	.Linfo_string42                 @ DW_AT_name
	.byte	8                               @ DW_AT_byte_size
	.byte	1                               @ DW_AT_decl_file
	.short	313                             @ DW_AT_decl_line
	.byte	14                              @ Abbrev [14] 0x289:0xd DW_TAG_member
	.long	.Linfo_string40                 @ DW_AT_name
	.long	676                             @ DW_AT_type
	.byte	1                               @ DW_AT_decl_file
	.short	315                             @ DW_AT_decl_line
	.byte	0                               @ DW_AT_data_member_location
	.byte	14                              @ Abbrev [14] 0x296:0xd DW_TAG_member
	.long	.Linfo_string41                 @ DW_AT_name
	.long	676                             @ DW_AT_type
	.byte	1                               @ DW_AT_decl_file
	.short	316                             @ DW_AT_decl_line
	.byte	4                               @ DW_AT_data_member_location
	.byte	0                               @ End Of Children Mark
	.byte	5                               @ Abbrev [5] 0x2a4:0x5 DW_TAG_pointer_type
	.long	640                             @ DW_AT_type
	.byte	4                               @ Abbrev [4] 0x2a9:0xb DW_TAG_typedef
	.long	692                             @ DW_AT_type
	.long	.Linfo_string46                 @ DW_AT_name
	.byte	1                               @ DW_AT_decl_file
	.byte	68                              @ DW_AT_decl_line
	.byte	7                               @ Abbrev [7] 0x2b4:0x7 DW_TAG_base_type
	.long	.Linfo_string45                 @ DW_AT_name
	.byte	7                               @ DW_AT_encoding
	.byte	2                               @ DW_AT_byte_size
	.byte	5                               @ Abbrev [5] 0x2bb:0x5 DW_TAG_pointer_type
	.long	704                             @ DW_AT_type
	.byte	18                              @ Abbrev [18] 0x2c0:0x11 DW_TAG_subroutine_type
	.long	721                             @ DW_AT_type
	.byte	1                               @ DW_AT_prototyped
	.byte	19                              @ Abbrev [19] 0x2c6:0x5 DW_TAG_formal_parameter
	.long	281                             @ DW_AT_type
	.byte	19                              @ Abbrev [19] 0x2cb:0x5 DW_TAG_formal_parameter
	.long	750                             @ DW_AT_type
	.byte	0                               @ End Of Children Mark
	.byte	4                               @ Abbrev [4] 0x2d1:0xb DW_TAG_typedef
	.long	732                             @ DW_AT_type
	.long	.Linfo_string53                 @ DW_AT_name
	.byte	1                               @ DW_AT_decl_file
	.byte	84                              @ DW_AT_decl_line
	.byte	4                               @ Abbrev [4] 0x2dc:0xb DW_TAG_typedef
	.long	743                             @ DW_AT_type
	.long	.Linfo_string52                 @ DW_AT_name
	.byte	1                               @ DW_AT_decl_file
	.byte	81                              @ DW_AT_decl_line
	.byte	7                               @ Abbrev [7] 0x2e7:0x7 DW_TAG_base_type
	.long	.Linfo_string51                 @ DW_AT_name
	.byte	5                               @ DW_AT_encoding
	.byte	4                               @ DW_AT_byte_size
	.byte	4                               @ Abbrev [4] 0x2ee:0xb DW_TAG_typedef
	.long	761                             @ DW_AT_type
	.long	.Linfo_string56                 @ DW_AT_name
	.byte	1                               @ DW_AT_decl_file
	.byte	88                              @ DW_AT_decl_line
	.byte	4                               @ Abbrev [4] 0x2f9:0xb DW_TAG_typedef
	.long	772                             @ DW_AT_type
	.long	.Linfo_string55                 @ DW_AT_name
	.byte	1                               @ DW_AT_decl_file
	.byte	82                              @ DW_AT_decl_line
	.byte	7                               @ Abbrev [7] 0x304:0x7 DW_TAG_base_type
	.long	.Linfo_string54                 @ DW_AT_name
	.byte	7                               @ DW_AT_encoding
	.byte	4                               @ DW_AT_byte_size
	.byte	5                               @ Abbrev [5] 0x30b:0x5 DW_TAG_pointer_type
	.long	784                             @ DW_AT_type
	.byte	18                              @ Abbrev [18] 0x310:0x11 DW_TAG_subroutine_type
	.long	721                             @ DW_AT_type
	.byte	1                               @ DW_AT_prototyped
	.byte	19                              @ Abbrev [19] 0x316:0x5 DW_TAG_formal_parameter
	.long	281                             @ DW_AT_type
	.byte	19                              @ Abbrev [19] 0x31b:0x5 DW_TAG_formal_parameter
	.long	801                             @ DW_AT_type
	.byte	0                               @ End Of Children Mark
	.byte	20                              @ Abbrev [20] 0x321:0x1 DW_TAG_pointer_type
	.byte	5                               @ Abbrev [5] 0x322:0x5 DW_TAG_pointer_type
	.long	807                             @ DW_AT_type
	.byte	18                              @ Abbrev [18] 0x327:0xc DW_TAG_subroutine_type
	.long	721                             @ DW_AT_type
	.byte	1                               @ DW_AT_prototyped
	.byte	19                              @ Abbrev [19] 0x32d:0x5 DW_TAG_formal_parameter
	.long	281                             @ DW_AT_type
	.byte	0                               @ End Of Children Mark
	.byte	5                               @ Abbrev [5] 0x333:0x5 DW_TAG_pointer_type
	.long	824                             @ DW_AT_type
	.byte	18                              @ Abbrev [18] 0x338:0x11 DW_TAG_subroutine_type
	.long	721                             @ DW_AT_type
	.byte	1                               @ DW_AT_prototyped
	.byte	19                              @ Abbrev [19] 0x33e:0x5 DW_TAG_formal_parameter
	.long	281                             @ DW_AT_type
	.byte	19                              @ Abbrev [19] 0x343:0x5 DW_TAG_formal_parameter
	.long	681                             @ DW_AT_type
	.byte	0                               @ End Of Children Mark
	.byte	5                               @ Abbrev [5] 0x349:0x5 DW_TAG_pointer_type
	.long	846                             @ DW_AT_type
	.byte	18                              @ Abbrev [18] 0x34e:0x1b DW_TAG_subroutine_type
	.long	750                             @ DW_AT_type
	.byte	1                               @ DW_AT_prototyped
	.byte	19                              @ Abbrev [19] 0x354:0x5 DW_TAG_formal_parameter
	.long	281                             @ DW_AT_type
	.byte	19                              @ Abbrev [19] 0x359:0x5 DW_TAG_formal_parameter
	.long	873                             @ DW_AT_type
	.byte	19                              @ Abbrev [19] 0x35e:0x5 DW_TAG_formal_parameter
	.long	801                             @ DW_AT_type
	.byte	19                              @ Abbrev [19] 0x363:0x5 DW_TAG_formal_parameter
	.long	750                             @ DW_AT_type
	.byte	0                               @ End Of Children Mark
	.byte	4                               @ Abbrev [4] 0x369:0xb DW_TAG_typedef
	.long	732                             @ DW_AT_type
	.long	.Linfo_string62                 @ DW_AT_name
	.byte	1                               @ DW_AT_decl_file
	.byte	90                              @ DW_AT_decl_line
	.byte	5                               @ Abbrev [5] 0x374:0x5 DW_TAG_pointer_type
	.long	889                             @ DW_AT_type
	.byte	18                              @ Abbrev [18] 0x379:0x1b DW_TAG_subroutine_type
	.long	750                             @ DW_AT_type
	.byte	1                               @ DW_AT_prototyped
	.byte	19                              @ Abbrev [19] 0x37f:0x5 DW_TAG_formal_parameter
	.long	281                             @ DW_AT_type
	.byte	19                              @ Abbrev [19] 0x384:0x5 DW_TAG_formal_parameter
	.long	873                             @ DW_AT_type
	.byte	19                              @ Abbrev [19] 0x389:0x5 DW_TAG_formal_parameter
	.long	916                             @ DW_AT_type
	.byte	19                              @ Abbrev [19] 0x38e:0x5 DW_TAG_formal_parameter
	.long	750                             @ DW_AT_type
	.byte	0                               @ End Of Children Mark
	.byte	5                               @ Abbrev [5] 0x394:0x5 DW_TAG_pointer_type
	.long	921                             @ DW_AT_type
	.byte	21                              @ Abbrev [21] 0x399:0x1 DW_TAG_const_type
	.byte	5                               @ Abbrev [5] 0x39a:0x5 DW_TAG_pointer_type
	.long	927                             @ DW_AT_type
	.byte	18                              @ Abbrev [18] 0x39f:0x16 DW_TAG_subroutine_type
	.long	721                             @ DW_AT_type
	.byte	1                               @ DW_AT_prototyped
	.byte	19                              @ Abbrev [19] 0x3a5:0x5 DW_TAG_formal_parameter
	.long	281                             @ DW_AT_type
	.byte	19                              @ Abbrev [19] 0x3aa:0x5 DW_TAG_formal_parameter
	.long	83                              @ DW_AT_type
	.byte	19                              @ Abbrev [19] 0x3af:0x5 DW_TAG_formal_parameter
	.long	801                             @ DW_AT_type
	.byte	0                               @ End Of Children Mark
	.byte	5                               @ Abbrev [5] 0x3b5:0x5 DW_TAG_pointer_type
	.long	954                             @ DW_AT_type
	.byte	3                               @ Abbrev [3] 0x3ba:0x5 DW_TAG_const_type
	.long	959                             @ DW_AT_type
	.byte	22                              @ Abbrev [22] 0x3bf:0x6 DW_TAG_structure_type
	.long	.Linfo_string66                 @ DW_AT_name
	.byte	1                               @ DW_AT_declaration
	.byte	13                              @ Abbrev [13] 0x3c5:0x24 DW_TAG_structure_type
	.long	.Linfo_string71                 @ DW_AT_name
	.byte	12                              @ DW_AT_byte_size
	.byte	1                               @ DW_AT_decl_file
	.short	940                             @ DW_AT_decl_line
	.byte	14                              @ Abbrev [14] 0x3ce:0xd DW_TAG_member
	.long	.Linfo_string38                 @ DW_AT_name
	.long	1001                            @ DW_AT_type
	.byte	1                               @ DW_AT_decl_file
	.short	942                             @ DW_AT_decl_line
	.byte	0                               @ DW_AT_data_member_location
	.byte	14                              @ Abbrev [14] 0x3db:0xd DW_TAG_member
	.long	.Linfo_string70                 @ DW_AT_name
	.long	628                             @ DW_AT_type
	.byte	1                               @ DW_AT_decl_file
	.short	943                             @ DW_AT_decl_line
	.byte	4                               @ DW_AT_data_member_location
	.byte	0                               @ End Of Children Mark
	.byte	4                               @ Abbrev [4] 0x3e9:0xb DW_TAG_typedef
	.long	1012                            @ DW_AT_type
	.long	.Linfo_string69                 @ DW_AT_name
	.byte	1                               @ DW_AT_decl_file
	.byte	69                              @ DW_AT_decl_line
	.byte	7                               @ Abbrev [7] 0x3f4:0x7 DW_TAG_base_type
	.long	.Linfo_string68                 @ DW_AT_name
	.byte	7                               @ DW_AT_encoding
	.byte	4                               @ DW_AT_byte_size
	.byte	0                               @ End Of Children Mark
.Ldebug_info_end0:
	.section	.debug_str,"MS",%progbits,1
.Linfo_string0:
	.asciz	"Component: ARM Compiler 6.16 Tool: armclang [5dfeb700]" @ string offset=0
.Linfo_string1:
	.asciz	"rt-thread/components/libc/compilers/armlibc\\libc.c" @ string offset=55
.Linfo_string2:
	.asciz	"E:\\STM32\\Learning\\STM32H750_ART_PI_RGBLCD" @ string offset=106
.Linfo_string3:
	.asciz	"__rt_init_libc_system_init"    @ string offset=148
.Linfo_string4:
	.asciz	"int"                           @ string offset=175
.Linfo_string5:
	.asciz	"init_fn_t"                     @ string offset=179
.Linfo_string6:
	.asciz	"unsigned char"                 @ string offset=189
.Linfo_string7:
	.asciz	"RT_Device_Class_Char"          @ string offset=203
.Linfo_string8:
	.asciz	"RT_Device_Class_Block"         @ string offset=224
.Linfo_string9:
	.asciz	"RT_Device_Class_NetIf"         @ string offset=246
.Linfo_string10:
	.asciz	"RT_Device_Class_MTD"           @ string offset=268
.Linfo_string11:
	.asciz	"RT_Device_Class_CAN"           @ string offset=288
.Linfo_string12:
	.asciz	"RT_Device_Class_RTC"           @ string offset=308
.Linfo_string13:
	.asciz	"RT_Device_Class_Sound"         @ string offset=328
.Linfo_string14:
	.asciz	"RT_Device_Class_Graphic"       @ string offset=350
.Linfo_string15:
	.asciz	"RT_Device_Class_I2CBUS"        @ string offset=374
.Linfo_string16:
	.asciz	"RT_Device_Class_USBDevice"     @ string offset=397
.Linfo_string17:
	.asciz	"RT_Device_Class_USBHost"       @ string offset=423
.Linfo_string18:
	.asciz	"RT_Device_Class_SPIBUS"        @ string offset=447
.Linfo_string19:
	.asciz	"RT_Device_Class_SPIDevice"     @ string offset=470
.Linfo_string20:
	.asciz	"RT_Device_Class_SDIO"          @ string offset=496
.Linfo_string21:
	.asciz	"RT_Device_Class_PM"            @ string offset=517
.Linfo_string22:
	.asciz	"RT_Device_Class_Pipe"          @ string offset=536
.Linfo_string23:
	.asciz	"RT_Device_Class_Portal"        @ string offset=557
.Linfo_string24:
	.asciz	"RT_Device_Class_Timer"         @ string offset=580
.Linfo_string25:
	.asciz	"RT_Device_Class_Miscellaneous" @ string offset=602
.Linfo_string26:
	.asciz	"RT_Device_Class_Sensor"        @ string offset=632
.Linfo_string27:
	.asciz	"RT_Device_Class_Touch"         @ string offset=655
.Linfo_string28:
	.asciz	"RT_Device_Class_Unknown"       @ string offset=677
.Linfo_string29:
	.asciz	"rt_device_class_type"          @ string offset=701
.Linfo_string30:
	.asciz	"libc_system_init"              @ string offset=722
.Linfo_string31:
	.asciz	"dev_console"                   @ string offset=739
.Linfo_string32:
	.asciz	"parent"                        @ string offset=751
.Linfo_string33:
	.asciz	"name"                          @ string offset=758
.Linfo_string34:
	.asciz	"char"                          @ string offset=763
.Linfo_string35:
	.asciz	"__ARRAY_SIZE_TYPE__"           @ string offset=768
.Linfo_string36:
	.asciz	"type"                          @ string offset=788
.Linfo_string37:
	.asciz	"rt_uint8_t"                    @ string offset=793
.Linfo_string38:
	.asciz	"flag"                          @ string offset=804
.Linfo_string39:
	.asciz	"list"                          @ string offset=809
.Linfo_string40:
	.asciz	"next"                          @ string offset=814
.Linfo_string41:
	.asciz	"prev"                          @ string offset=819
.Linfo_string42:
	.asciz	"rt_list_node"                  @ string offset=824
.Linfo_string43:
	.asciz	"rt_list_t"                     @ string offset=837
.Linfo_string44:
	.asciz	"rt_object"                     @ string offset=847
.Linfo_string45:
	.asciz	"unsigned short"                @ string offset=857
.Linfo_string46:
	.asciz	"rt_uint16_t"                   @ string offset=872
.Linfo_string47:
	.asciz	"open_flag"                     @ string offset=884
.Linfo_string48:
	.asciz	"ref_count"                     @ string offset=894
.Linfo_string49:
	.asciz	"device_id"                     @ string offset=904
.Linfo_string50:
	.asciz	"rx_indicate"                   @ string offset=914
.Linfo_string51:
	.asciz	"long int"                      @ string offset=926
.Linfo_string52:
	.asciz	"rt_base_t"                     @ string offset=935
.Linfo_string53:
	.asciz	"rt_err_t"                      @ string offset=945
.Linfo_string54:
	.asciz	"long unsigned int"             @ string offset=954
.Linfo_string55:
	.asciz	"rt_ubase_t"                    @ string offset=972
.Linfo_string56:
	.asciz	"rt_size_t"                     @ string offset=983
.Linfo_string57:
	.asciz	"tx_complete"                   @ string offset=993
.Linfo_string58:
	.asciz	"init"                          @ string offset=1005
.Linfo_string59:
	.asciz	"open"                          @ string offset=1010
.Linfo_string60:
	.asciz	"close"                         @ string offset=1015
.Linfo_string61:
	.asciz	"read"                          @ string offset=1021
.Linfo_string62:
	.asciz	"rt_off_t"                      @ string offset=1026
.Linfo_string63:
	.asciz	"write"                         @ string offset=1035
.Linfo_string64:
	.asciz	"control"                       @ string offset=1041
.Linfo_string65:
	.asciz	"fops"                          @ string offset=1049
.Linfo_string66:
	.asciz	"dfs_file_ops"                  @ string offset=1054
.Linfo_string67:
	.asciz	"wait_queue"                    @ string offset=1067
.Linfo_string68:
	.asciz	"unsigned int"                  @ string offset=1078
.Linfo_string69:
	.asciz	"rt_uint32_t"                   @ string offset=1091
.Linfo_string70:
	.asciz	"waiting_list"                  @ string offset=1103
.Linfo_string71:
	.asciz	"rt_wqueue"                     @ string offset=1116
.Linfo_string72:
	.asciz	"user_data"                     @ string offset=1126
.Linfo_string73:
	.asciz	"rt_device"                     @ string offset=1136
.Linfo_string74:
	.asciz	"rt_device_t"                   @ string offset=1146
	.ident	"Component: ARM Compiler 6.16 Tool: armclang [5dfeb700]"
	.section	".note.GNU-stack","",%progbits
	.eabi_attribute	30, 6	@ Tag_ABI_optimization_goals
	.ARM_attribute	16, 1	@ Tag_AV_eba
	.section	.debug_line,"",%progbits
.Lline_table_start0:
