	.text
	.syntax unified
	.eabi_attribute	67, "2.09"	@ Tag_conformance
	.cpu	cortex-m7
	.eabi_attribute	6, 13	@ Tag_CPU_arch
	.eabi_attribute	7, 77	@ Tag_CPU_arch_profile
	.eabi_attribute	8, 0	@ Tag_ARM_ISA_use
	.eabi_attribute	9, 2	@ Tag_THUMB_ISA_use
	.fpu	fpv5-d16
	.eabi_attribute	36, 1	@ Tag_FP_HP_extension
	.eabi_attribute	34, 1	@ Tag_CPU_unaligned_access
	.eabi_attribute	17, 1	@ Tag_ABI_PCS_GOT_use
	.eabi_attribute	20, 2	@ Tag_ABI_FP_denormal
	.eabi_attribute	21, 0	@ Tag_ABI_FP_exceptions
	.eabi_attribute	23, 1	@ Tag_ABI_FP_number_model
	.eabi_attribute	24, 1	@ Tag_ABI_align_needed
	.eabi_attribute	25, 1	@ Tag_ABI_align_preserved
	.eabi_attribute	28, 1	@ Tag_ABI_VFP_args
	.eabi_attribute	38, 1	@ Tag_ABI_FP_16bit_format
	.eabi_attribute	18, 2	@ Tag_ABI_PCS_wchar_t
	.eabi_attribute	26, 1	@ Tag_ABI_enum_size
	.eabi_attribute	14, 0	@ Tag_ABI_PCS_R9_use
	.file	"lv_async.c"
	.file	1 "E:\\Smart-access-control\\Hardware\\CODE" "lvgl/src/lv_misc/lv_types.h"
	.file	2 "E:\\Smart-access-control\\Hardware\\CODE" "lvgl/src/lv_misc/lv_task.h"
	.file	3 "E:\\Smart-access-control\\Hardware\\CODE" "lvgl/src/lv_misc/lv_async.h"
	.file	4 "E:\\Smart-access-control\\Hardware\\CODE" "lvgl/src/lv_misc/lv_async.c"
	.section	.text.lv_async_call,"ax",%progbits
	.hidden	lv_async_call                   @ -- Begin function lv_async_call
	.globl	lv_async_call
	.p2align	3
	.type	lv_async_call,%function
	.code	16                              @ @lv_async_call
	.thumb_func
lv_async_call:
.Lfunc_begin0:
	.loc	4 44 0                          @ lvgl/src/lv_misc/lv_async.c:44:0
	.fnstart
	.cfi_sections .debug_frame
	.cfi_startproc
@ %bb.0:
	@DEBUG_VALUE: lv_async_call:async_xcb <- $r0
	@DEBUG_VALUE: lv_async_call:user_data <- $r1
	.save	{r4, r5, r6, lr}
	push	{r4, r5, r6, lr}
	.cfi_def_cfa_offset 16
	.cfi_offset lr, -4
	.cfi_offset r6, -8
	.cfi_offset r5, -12
	.cfi_offset r4, -16
	mov	r5, r0
.Ltmp0:
	@DEBUG_VALUE: lv_async_call:async_xcb <- $r5
	@DEBUG_VALUE: lv_async_call:user_data <- $r4
	@DEBUG_VALUE: lv_async_call:async_xcb <- $r5
	.loc	4 46 30 prologue_end            @ lvgl/src/lv_misc/lv_async.c:46:30
	movs	r0, #8
	mov	r4, r1
.Ltmp1:
	bl	lv_mem_alloc
.Ltmp2:
	@DEBUG_VALUE: lv_async_call:info <- $r0
	.loc	4 48 8                          @ lvgl/src/lv_misc/lv_async.c:48:8
	cbz	r0, .LBB0_3
.Ltmp3:
@ %bb.1:
	@DEBUG_VALUE: lv_async_call:async_xcb <- $r5
	@DEBUG_VALUE: lv_async_call:info <- $r0
	.loc	4 0 0 is_stmt 0                 @ lvgl/src/lv_misc/lv_async.c:0:0
	mov	r6, r0
.Ltmp4:
	@DEBUG_VALUE: lv_async_call:info <- $r6
	@DEBUG_VALUE: lv_async_call:info <- $r6
	.loc	4 53 24 is_stmt 1               @ lvgl/src/lv_misc/lv_async.c:53:24
	movw	r0, :lower16:lv_async_task_cb
	movt	r0, :upper16:lv_async_task_cb
	movs	r1, #0
	movs	r2, #5
	mov	r3, r6
	bl	lv_task_create
.Ltmp5:
	@DEBUG_VALUE: lv_async_call:task <- $r0
	.loc	4 55 8                          @ lvgl/src/lv_misc/lv_async.c:55:8
	cbz	r0, .LBB0_4
.Ltmp6:
@ %bb.2:
	@DEBUG_VALUE: lv_async_call:info <- $r6
	@DEBUG_VALUE: lv_async_call:async_xcb <- $r5
	@DEBUG_VALUE: lv_async_call:task <- $r0
	.loc	4 63 5                          @ lvgl/src/lv_misc/lv_async.c:63:5
	movs	r1, #1
	.loc	4 60 14                         @ lvgl/src/lv_misc/lv_async.c:60:14
	strd	r5, r4, [r6]
	movs	r4, #1
	.loc	4 63 5                          @ lvgl/src/lv_misc/lv_async.c:63:5
	bl	lv_task_set_repeat_count
.Ltmp7:
	.loc	4 65 1                          @ lvgl/src/lv_misc/lv_async.c:65:1
	mov	r0, r4
	pop	{r4, r5, r6, pc}
.Ltmp8:
.LBB0_3:
	@DEBUG_VALUE: lv_async_call:async_xcb <- $r5
	@DEBUG_VALUE: lv_async_call:info <- $r0
	.loc	4 0 1 is_stmt 0                 @ lvgl/src/lv_misc/lv_async.c:0:1
	movs	r0, #0
.Ltmp9:
	.loc	4 65 1                          @ lvgl/src/lv_misc/lv_async.c:65:1
	pop	{r4, r5, r6, pc}
.Ltmp10:
.LBB0_4:
	@DEBUG_VALUE: lv_async_call:info <- $r6
	@DEBUG_VALUE: lv_async_call:async_xcb <- $r5
	@DEBUG_VALUE: lv_async_call:task <- $r0
	.loc	4 56 9 is_stmt 1                @ lvgl/src/lv_misc/lv_async.c:56:9
	mov	r0, r6
.Ltmp11:
	bl	lv_mem_free
	movs	r0, #0
.Ltmp12:
	.loc	4 65 1                          @ lvgl/src/lv_misc/lv_async.c:65:1
	pop	{r4, r5, r6, pc}
.Ltmp13:
.Lfunc_end0:
	.size	lv_async_call, .Lfunc_end0-lv_async_call
	.cfi_endproc
	.cantunwind
	.fnend
                                        @ -- End function
	.section	.text.lv_async_task_cb,"ax",%progbits
	.p2align	3                               @ -- Begin function lv_async_task_cb
	.type	lv_async_task_cb,%function
	.code	16                              @ @lv_async_task_cb
	.thumb_func
lv_async_task_cb:
.Lfunc_begin1:
	.loc	4 72 0                          @ lvgl/src/lv_misc/lv_async.c:72:0
	.fnstart
	.cfi_startproc
@ %bb.0:
	@DEBUG_VALUE: lv_async_task_cb:task <- $r0
	@DEBUG_VALUE: lv_async_task_cb:task <- $r0
	.save	{r4, lr}
	push	{r4, lr}
	.cfi_def_cfa_offset 8
	.cfi_offset lr, -4
	.cfi_offset r4, -8
.Ltmp14:
	.loc	4 73 55 prologue_end            @ lvgl/src/lv_misc/lv_async.c:73:55
	ldr	r4, [r0, #12]
.Ltmp15:
	@DEBUG_VALUE: lv_async_task_cb:info <- $r4
	.loc	4 75 11                         @ lvgl/src/lv_misc/lv_async.c:75:11
	ldrd	r1, r0, [r4]
.Ltmp16:
	@DEBUG_VALUE: lv_async_task_cb:task <- [DW_OP_LLVM_entry_value 1] $r0
	.loc	4 75 5 is_stmt 0                @ lvgl/src/lv_misc/lv_async.c:75:5
	blx	r1
	.loc	4 77 5 is_stmt 1                @ lvgl/src/lv_misc/lv_async.c:77:5
	mov	r0, r4
	bl	lv_mem_free
	.loc	4 78 1                          @ lvgl/src/lv_misc/lv_async.c:78:1
	pop	{r4, pc}
.Ltmp17:
.Lfunc_end1:
	.size	lv_async_task_cb, .Lfunc_end1-lv_async_task_cb
	.cfi_endproc
	.cantunwind
	.fnend
                                        @ -- End function
	.file	5 "D:\\Keil_v5\\ARM\\ARMCLANG\\Bin\\..\\include" "stdint.h"
	.section	.debug_loc,"",%progbits
.Ldebug_loc0:
	.long	-1
	.long	.Lfunc_begin0                   @   base address
	.long	.Lfunc_begin0-.Lfunc_begin0
	.long	.Ltmp0-.Lfunc_begin0
	.short	1                               @ Loc expr size
	.byte	80                              @ DW_OP_reg0
	.long	.Ltmp0-.Lfunc_begin0
	.long	.Ltmp13-.Lfunc_begin0
	.short	1                               @ Loc expr size
	.byte	85                              @ DW_OP_reg5
	.long	0
	.long	0
.Ldebug_loc1:
	.long	-1
	.long	.Lfunc_begin0                   @   base address
	.long	.Lfunc_begin0-.Lfunc_begin0
	.long	.Ltmp0-.Lfunc_begin0
	.short	1                               @ Loc expr size
	.byte	81                              @ DW_OP_reg1
	.long	.Ltmp0-.Lfunc_begin0
	.long	.Ltmp1-.Lfunc_begin0
	.short	1                               @ Loc expr size
	.byte	84                              @ DW_OP_reg4
	.long	0
	.long	0
.Ldebug_loc2:
	.long	-1
	.long	.Lfunc_begin0                   @   base address
	.long	.Ltmp2-.Lfunc_begin0
	.long	.Ltmp4-.Lfunc_begin0
	.short	1                               @ Loc expr size
	.byte	80                              @ DW_OP_reg0
	.long	.Ltmp4-.Lfunc_begin0
	.long	.Ltmp8-.Lfunc_begin0
	.short	1                               @ Loc expr size
	.byte	86                              @ DW_OP_reg6
	.long	.Ltmp8-.Lfunc_begin0
	.long	.Ltmp9-.Lfunc_begin0
	.short	1                               @ Loc expr size
	.byte	80                              @ DW_OP_reg0
	.long	.Ltmp10-.Lfunc_begin0
	.long	.Ltmp13-.Lfunc_begin0
	.short	1                               @ Loc expr size
	.byte	86                              @ DW_OP_reg6
	.long	0
	.long	0
.Ldebug_loc3:
	.long	-1
	.long	.Lfunc_begin0                   @   base address
	.long	.Ltmp5-.Lfunc_begin0
	.long	.Ltmp7-.Lfunc_begin0
	.short	1                               @ Loc expr size
	.byte	80                              @ DW_OP_reg0
	.long	.Ltmp10-.Lfunc_begin0
	.long	.Ltmp11-.Lfunc_begin0
	.short	1                               @ Loc expr size
	.byte	80                              @ DW_OP_reg0
	.long	0
	.long	0
.Ldebug_loc4:
	.long	-1
	.long	.Lfunc_begin1                   @   base address
	.long	.Lfunc_begin1-.Lfunc_begin1
	.long	.Ltmp16-.Lfunc_begin1
	.short	1                               @ Loc expr size
	.byte	80                              @ DW_OP_reg0
	.long	.Ltmp16-.Lfunc_begin1
	.long	.Lfunc_end1-.Lfunc_begin1
	.short	3                               @ Loc expr size
	.byte	163                             @ DW_OP_entry_value
	.byte	1                               @ 1
	.byte	80                              @ DW_OP_reg0
	.long	0
	.long	0
.Ldebug_loc5:
	.long	-1
	.long	.Lfunc_begin1                   @   base address
	.long	.Ltmp15-.Lfunc_begin1
	.long	.Ltmp17-.Lfunc_begin1
	.short	1                               @ Loc expr size
	.byte	84                              @ DW_OP_reg4
	.long	0
	.long	0
	.section	.debug_abbrev,"",%progbits
	.byte	1                               @ Abbreviation Code
	.byte	17                              @ DW_TAG_compile_unit
	.byte	1                               @ DW_CHILDREN_yes
	.byte	37                              @ DW_AT_producer
	.byte	14                              @ DW_FORM_strp
	.byte	19                              @ DW_AT_language
	.byte	5                               @ DW_FORM_data2
	.byte	3                               @ DW_AT_name
	.byte	14                              @ DW_FORM_strp
	.byte	16                              @ DW_AT_stmt_list
	.byte	6                               @ DW_FORM_data4
	.byte	27                              @ DW_AT_comp_dir
	.byte	14                              @ DW_FORM_strp
	.byte	17                              @ DW_AT_low_pc
	.byte	1                               @ DW_FORM_addr
	.byte	85                              @ DW_AT_ranges
	.byte	6                               @ DW_FORM_data4
	.byte	0                               @ EOM(1)
	.byte	0                               @ EOM(2)
	.byte	2                               @ Abbreviation Code
	.byte	4                               @ DW_TAG_enumeration_type
	.byte	1                               @ DW_CHILDREN_yes
	.byte	73                              @ DW_AT_type
	.byte	19                              @ DW_FORM_ref4
	.byte	11                              @ DW_AT_byte_size
	.byte	11                              @ DW_FORM_data1
	.byte	58                              @ DW_AT_decl_file
	.byte	11                              @ DW_FORM_data1
	.byte	59                              @ DW_AT_decl_line
	.byte	11                              @ DW_FORM_data1
	.byte	0                               @ EOM(1)
	.byte	0                               @ EOM(2)
	.byte	3                               @ Abbreviation Code
	.byte	40                              @ DW_TAG_enumerator
	.byte	0                               @ DW_CHILDREN_no
	.byte	3                               @ DW_AT_name
	.byte	14                              @ DW_FORM_strp
	.byte	28                              @ DW_AT_const_value
	.byte	15                              @ DW_FORM_udata
	.byte	0                               @ EOM(1)
	.byte	0                               @ EOM(2)
	.byte	4                               @ Abbreviation Code
	.byte	36                              @ DW_TAG_base_type
	.byte	0                               @ DW_CHILDREN_no
	.byte	3                               @ DW_AT_name
	.byte	14                              @ DW_FORM_strp
	.byte	62                              @ DW_AT_encoding
	.byte	11                              @ DW_FORM_data1
	.byte	11                              @ DW_AT_byte_size
	.byte	11                              @ DW_FORM_data1
	.byte	0                               @ EOM(1)
	.byte	0                               @ EOM(2)
	.byte	5                               @ Abbreviation Code
	.byte	15                              @ DW_TAG_pointer_type
	.byte	0                               @ DW_CHILDREN_no
	.byte	73                              @ DW_AT_type
	.byte	19                              @ DW_FORM_ref4
	.byte	0                               @ EOM(1)
	.byte	0                               @ EOM(2)
	.byte	6                               @ Abbreviation Code
	.byte	22                              @ DW_TAG_typedef
	.byte	0                               @ DW_CHILDREN_no
	.byte	73                              @ DW_AT_type
	.byte	19                              @ DW_FORM_ref4
	.byte	3                               @ DW_AT_name
	.byte	14                              @ DW_FORM_strp
	.byte	58                              @ DW_AT_decl_file
	.byte	11                              @ DW_FORM_data1
	.byte	59                              @ DW_AT_decl_line
	.byte	11                              @ DW_FORM_data1
	.byte	0                               @ EOM(1)
	.byte	0                               @ EOM(2)
	.byte	7                               @ Abbreviation Code
	.byte	19                              @ DW_TAG_structure_type
	.byte	1                               @ DW_CHILDREN_yes
	.byte	3                               @ DW_AT_name
	.byte	14                              @ DW_FORM_strp
	.byte	11                              @ DW_AT_byte_size
	.byte	11                              @ DW_FORM_data1
	.byte	58                              @ DW_AT_decl_file
	.byte	11                              @ DW_FORM_data1
	.byte	59                              @ DW_AT_decl_line
	.byte	11                              @ DW_FORM_data1
	.byte	0                               @ EOM(1)
	.byte	0                               @ EOM(2)
	.byte	8                               @ Abbreviation Code
	.byte	13                              @ DW_TAG_member
	.byte	0                               @ DW_CHILDREN_no
	.byte	3                               @ DW_AT_name
	.byte	14                              @ DW_FORM_strp
	.byte	73                              @ DW_AT_type
	.byte	19                              @ DW_FORM_ref4
	.byte	58                              @ DW_AT_decl_file
	.byte	11                              @ DW_FORM_data1
	.byte	59                              @ DW_AT_decl_line
	.byte	11                              @ DW_FORM_data1
	.byte	56                              @ DW_AT_data_member_location
	.byte	11                              @ DW_FORM_data1
	.byte	0                               @ EOM(1)
	.byte	0                               @ EOM(2)
	.byte	9                               @ Abbreviation Code
	.byte	21                              @ DW_TAG_subroutine_type
	.byte	1                               @ DW_CHILDREN_yes
	.byte	39                              @ DW_AT_prototyped
	.byte	12                              @ DW_FORM_flag
	.byte	0                               @ EOM(1)
	.byte	0                               @ EOM(2)
	.byte	10                              @ Abbreviation Code
	.byte	5                               @ DW_TAG_formal_parameter
	.byte	0                               @ DW_CHILDREN_no
	.byte	73                              @ DW_AT_type
	.byte	19                              @ DW_FORM_ref4
	.byte	0                               @ EOM(1)
	.byte	0                               @ EOM(2)
	.byte	11                              @ Abbreviation Code
	.byte	15                              @ DW_TAG_pointer_type
	.byte	0                               @ DW_CHILDREN_no
	.byte	0                               @ EOM(1)
	.byte	0                               @ EOM(2)
	.byte	12                              @ Abbreviation Code
	.byte	46                              @ DW_TAG_subprogram
	.byte	1                               @ DW_CHILDREN_yes
	.byte	17                              @ DW_AT_low_pc
	.byte	1                               @ DW_FORM_addr
	.byte	18                              @ DW_AT_high_pc
	.byte	1                               @ DW_FORM_addr
	.byte	64                              @ DW_AT_frame_base
	.byte	10                              @ DW_FORM_block1
	.byte	3                               @ DW_AT_name
	.byte	14                              @ DW_FORM_strp
	.byte	58                              @ DW_AT_decl_file
	.byte	11                              @ DW_FORM_data1
	.byte	59                              @ DW_AT_decl_line
	.byte	11                              @ DW_FORM_data1
	.byte	39                              @ DW_AT_prototyped
	.byte	12                              @ DW_FORM_flag
	.byte	73                              @ DW_AT_type
	.byte	19                              @ DW_FORM_ref4
	.byte	63                              @ DW_AT_external
	.byte	12                              @ DW_FORM_flag
	.byte	0                               @ EOM(1)
	.byte	0                               @ EOM(2)
	.byte	13                              @ Abbreviation Code
	.byte	5                               @ DW_TAG_formal_parameter
	.byte	0                               @ DW_CHILDREN_no
	.byte	2                               @ DW_AT_location
	.byte	6                               @ DW_FORM_data4
	.byte	3                               @ DW_AT_name
	.byte	14                              @ DW_FORM_strp
	.byte	58                              @ DW_AT_decl_file
	.byte	11                              @ DW_FORM_data1
	.byte	59                              @ DW_AT_decl_line
	.byte	11                              @ DW_FORM_data1
	.byte	73                              @ DW_AT_type
	.byte	19                              @ DW_FORM_ref4
	.byte	0                               @ EOM(1)
	.byte	0                               @ EOM(2)
	.byte	14                              @ Abbreviation Code
	.byte	52                              @ DW_TAG_variable
	.byte	0                               @ DW_CHILDREN_no
	.byte	2                               @ DW_AT_location
	.byte	6                               @ DW_FORM_data4
	.byte	3                               @ DW_AT_name
	.byte	14                              @ DW_FORM_strp
	.byte	58                              @ DW_AT_decl_file
	.byte	11                              @ DW_FORM_data1
	.byte	59                              @ DW_AT_decl_line
	.byte	11                              @ DW_FORM_data1
	.byte	73                              @ DW_AT_type
	.byte	19                              @ DW_FORM_ref4
	.byte	0                               @ EOM(1)
	.byte	0                               @ EOM(2)
	.byte	15                              @ Abbreviation Code
	.byte	46                              @ DW_TAG_subprogram
	.byte	1                               @ DW_CHILDREN_yes
	.byte	17                              @ DW_AT_low_pc
	.byte	1                               @ DW_FORM_addr
	.byte	18                              @ DW_AT_high_pc
	.byte	1                               @ DW_FORM_addr
	.byte	64                              @ DW_AT_frame_base
	.byte	10                              @ DW_FORM_block1
	.byte	3                               @ DW_AT_name
	.byte	14                              @ DW_FORM_strp
	.byte	58                              @ DW_AT_decl_file
	.byte	11                              @ DW_FORM_data1
	.byte	59                              @ DW_AT_decl_line
	.byte	11                              @ DW_FORM_data1
	.byte	39                              @ DW_AT_prototyped
	.byte	12                              @ DW_FORM_flag
	.byte	0                               @ EOM(1)
	.byte	0                               @ EOM(2)
	.byte	16                              @ Abbreviation Code
	.byte	13                              @ DW_TAG_member
	.byte	0                               @ DW_CHILDREN_no
	.byte	3                               @ DW_AT_name
	.byte	14                              @ DW_FORM_strp
	.byte	73                              @ DW_AT_type
	.byte	19                              @ DW_FORM_ref4
	.byte	58                              @ DW_AT_decl_file
	.byte	11                              @ DW_FORM_data1
	.byte	59                              @ DW_AT_decl_line
	.byte	11                              @ DW_FORM_data1
	.byte	11                              @ DW_AT_byte_size
	.byte	11                              @ DW_FORM_data1
	.byte	13                              @ DW_AT_bit_size
	.byte	11                              @ DW_FORM_data1
	.byte	12                              @ DW_AT_bit_offset
	.byte	11                              @ DW_FORM_data1
	.byte	56                              @ DW_AT_data_member_location
	.byte	11                              @ DW_FORM_data1
	.byte	0                               @ EOM(1)
	.byte	0                               @ EOM(2)
	.byte	0                               @ EOM(3)
	.section	.debug_info,"",%progbits
.Lcu_begin0:
	.long	.Ldebug_info_end0-.Ldebug_info_start0 @ Length of Unit
.Ldebug_info_start0:
	.short	3                               @ DWARF version number
	.long	.debug_abbrev                   @ Offset Into Abbrev. Section
	.byte	4                               @ Address Size (in bytes)
	.byte	1                               @ Abbrev [1] 0xb:0x1f5 DW_TAG_compile_unit
	.long	.Linfo_string0                  @ DW_AT_producer
	.short	12                              @ DW_AT_language
	.long	.Linfo_string1                  @ DW_AT_name
	.long	.Lline_table_start0             @ DW_AT_stmt_list
	.long	.Linfo_string2                  @ DW_AT_comp_dir
	.long	0                               @ DW_AT_low_pc
	.long	.Ldebug_ranges0                 @ DW_AT_ranges
	.byte	2                               @ Abbrev [2] 0x26:0x15 DW_TAG_enumeration_type
	.long	59                              @ DW_AT_type
	.byte	1                               @ DW_AT_byte_size
	.byte	1                               @ DW_AT_decl_file
	.byte	45                              @ DW_AT_decl_line
	.byte	3                               @ Abbrev [3] 0x2e:0x6 DW_TAG_enumerator
	.long	.Linfo_string4                  @ DW_AT_name
	.byte	0                               @ DW_AT_const_value
	.byte	3                               @ Abbrev [3] 0x34:0x6 DW_TAG_enumerator
	.long	.Linfo_string5                  @ DW_AT_name
	.byte	1                               @ DW_AT_const_value
	.byte	0                               @ End Of Children Mark
	.byte	4                               @ Abbrev [4] 0x3b:0x7 DW_TAG_base_type
	.long	.Linfo_string3                  @ DW_AT_name
	.byte	8                               @ DW_AT_encoding
	.byte	1                               @ DW_AT_byte_size
	.byte	2                               @ Abbrev [2] 0x42:0x33 DW_TAG_enumeration_type
	.long	59                              @ DW_AT_type
	.byte	1                               @ DW_AT_byte_size
	.byte	2                               @ DW_AT_decl_file
	.byte	46                              @ DW_AT_decl_line
	.byte	3                               @ Abbrev [3] 0x4a:0x6 DW_TAG_enumerator
	.long	.Linfo_string6                  @ DW_AT_name
	.byte	0                               @ DW_AT_const_value
	.byte	3                               @ Abbrev [3] 0x50:0x6 DW_TAG_enumerator
	.long	.Linfo_string7                  @ DW_AT_name
	.byte	1                               @ DW_AT_const_value
	.byte	3                               @ Abbrev [3] 0x56:0x6 DW_TAG_enumerator
	.long	.Linfo_string8                  @ DW_AT_name
	.byte	2                               @ DW_AT_const_value
	.byte	3                               @ Abbrev [3] 0x5c:0x6 DW_TAG_enumerator
	.long	.Linfo_string9                  @ DW_AT_name
	.byte	3                               @ DW_AT_const_value
	.byte	3                               @ Abbrev [3] 0x62:0x6 DW_TAG_enumerator
	.long	.Linfo_string10                 @ DW_AT_name
	.byte	4                               @ DW_AT_const_value
	.byte	3                               @ Abbrev [3] 0x68:0x6 DW_TAG_enumerator
	.long	.Linfo_string11                 @ DW_AT_name
	.byte	5                               @ DW_AT_const_value
	.byte	3                               @ Abbrev [3] 0x6e:0x6 DW_TAG_enumerator
	.long	.Linfo_string12                 @ DW_AT_name
	.byte	6                               @ DW_AT_const_value
	.byte	0                               @ End Of Children Mark
	.byte	5                               @ Abbrev [5] 0x75:0x5 DW_TAG_pointer_type
	.long	122                             @ DW_AT_type
	.byte	6                               @ Abbrev [6] 0x7a:0xb DW_TAG_typedef
	.long	133                             @ DW_AT_type
	.long	.Linfo_string17                 @ DW_AT_name
	.byte	4                               @ DW_AT_decl_file
	.byte	23                              @ DW_AT_decl_line
	.byte	7                               @ Abbrev [7] 0x85:0x21 DW_TAG_structure_type
	.long	.Linfo_string16                 @ DW_AT_name
	.byte	8                               @ DW_AT_byte_size
	.byte	4                               @ DW_AT_decl_file
	.byte	20                              @ DW_AT_decl_line
	.byte	8                               @ Abbrev [8] 0x8d:0xc DW_TAG_member
	.long	.Linfo_string13                 @ DW_AT_name
	.long	166                             @ DW_AT_type
	.byte	4                               @ DW_AT_decl_file
	.byte	21                              @ DW_AT_decl_line
	.byte	0                               @ DW_AT_data_member_location
	.byte	8                               @ Abbrev [8] 0x99:0xc DW_TAG_member
	.long	.Linfo_string15                 @ DW_AT_name
	.long	190                             @ DW_AT_type
	.byte	4                               @ DW_AT_decl_file
	.byte	22                              @ DW_AT_decl_line
	.byte	4                               @ DW_AT_data_member_location
	.byte	0                               @ End Of Children Mark
	.byte	6                               @ Abbrev [6] 0xa6:0xb DW_TAG_typedef
	.long	177                             @ DW_AT_type
	.long	.Linfo_string14                 @ DW_AT_name
	.byte	3                               @ DW_AT_decl_file
	.byte	31                              @ DW_AT_decl_line
	.byte	5                               @ Abbrev [5] 0xb1:0x5 DW_TAG_pointer_type
	.long	182                             @ DW_AT_type
	.byte	9                               @ Abbrev [9] 0xb6:0x8 DW_TAG_subroutine_type
	.byte	1                               @ DW_AT_prototyped
	.byte	10                              @ Abbrev [10] 0xb8:0x5 DW_TAG_formal_parameter
	.long	190                             @ DW_AT_type
	.byte	0                               @ End Of Children Mark
	.byte	11                              @ Abbrev [11] 0xbe:0x1 DW_TAG_pointer_type
	.byte	12                              @ Abbrev [12] 0xbf:0x54 DW_TAG_subprogram
	.long	.Lfunc_begin0                   @ DW_AT_low_pc
	.long	.Lfunc_end0                     @ DW_AT_high_pc
	.byte	1                               @ DW_AT_frame_base
	.byte	93
	.long	.Linfo_string18                 @ DW_AT_name
	.byte	4                               @ DW_AT_decl_file
	.byte	43                              @ DW_AT_decl_line
	.byte	1                               @ DW_AT_prototyped
	.long	324                             @ DW_AT_type
	.byte	1                               @ DW_AT_external
	.byte	13                              @ Abbrev [13] 0xd6:0xf DW_TAG_formal_parameter
	.long	.Ldebug_loc0                    @ DW_AT_location
	.long	.Linfo_string22                 @ DW_AT_name
	.byte	4                               @ DW_AT_decl_file
	.byte	43                              @ DW_AT_decl_line
	.long	166                             @ DW_AT_type
	.byte	13                              @ Abbrev [13] 0xe5:0xf DW_TAG_formal_parameter
	.long	.Ldebug_loc1                    @ DW_AT_location
	.long	.Linfo_string15                 @ DW_AT_name
	.byte	4                               @ DW_AT_decl_file
	.byte	43                              @ DW_AT_decl_line
	.long	190                             @ DW_AT_type
	.byte	14                              @ Abbrev [14] 0xf4:0xf DW_TAG_variable
	.long	.Ldebug_loc2                    @ DW_AT_location
	.long	.Linfo_string23                 @ DW_AT_name
	.byte	4                               @ DW_AT_decl_file
	.byte	46                              @ DW_AT_decl_line
	.long	117                             @ DW_AT_type
	.byte	14                              @ Abbrev [14] 0x103:0xf DW_TAG_variable
	.long	.Ldebug_loc3                    @ DW_AT_location
	.long	.Linfo_string24                 @ DW_AT_name
	.byte	4                               @ DW_AT_decl_file
	.byte	53                              @ DW_AT_decl_line
	.long	346                             @ DW_AT_type
	.byte	0                               @ End Of Children Mark
	.byte	15                              @ Abbrev [15] 0x113:0x31 DW_TAG_subprogram
	.long	.Lfunc_begin1                   @ DW_AT_low_pc
	.long	.Lfunc_end1                     @ DW_AT_high_pc
	.byte	1                               @ DW_AT_frame_base
	.byte	93
	.long	.Linfo_string21                 @ DW_AT_name
	.byte	4                               @ DW_AT_decl_file
	.byte	71                              @ DW_AT_decl_line
	.byte	1                               @ DW_AT_prototyped
	.byte	13                              @ Abbrev [13] 0x125:0xf DW_TAG_formal_parameter
	.long	.Ldebug_loc4                    @ DW_AT_location
	.long	.Linfo_string24                 @ DW_AT_name
	.byte	4                               @ DW_AT_decl_file
	.byte	71                              @ DW_AT_decl_line
	.long	346                             @ DW_AT_type
	.byte	14                              @ Abbrev [14] 0x134:0xf DW_TAG_variable
	.long	.Ldebug_loc5                    @ DW_AT_location
	.long	.Linfo_string23                 @ DW_AT_name
	.byte	4                               @ DW_AT_decl_file
	.byte	73                              @ DW_AT_decl_line
	.long	117                             @ DW_AT_type
	.byte	0                               @ End Of Children Mark
	.byte	6                               @ Abbrev [6] 0x144:0xb DW_TAG_typedef
	.long	335                             @ DW_AT_type
	.long	.Linfo_string20                 @ DW_AT_name
	.byte	1                               @ DW_AT_decl_file
	.byte	50                              @ DW_AT_decl_line
	.byte	6                               @ Abbrev [6] 0x14f:0xb DW_TAG_typedef
	.long	59                              @ DW_AT_type
	.long	.Linfo_string19                 @ DW_AT_name
	.byte	5                               @ DW_AT_decl_file
	.byte	62                              @ DW_AT_decl_line
	.byte	5                               @ Abbrev [5] 0x15a:0x5 DW_TAG_pointer_type
	.long	351                             @ DW_AT_type
	.byte	6                               @ Abbrev [6] 0x15f:0xb DW_TAG_typedef
	.long	362                             @ DW_AT_type
	.long	.Linfo_string36                 @ DW_AT_name
	.byte	2                               @ DW_AT_decl_file
	.byte	69                              @ DW_AT_decl_line
	.byte	7                               @ Abbrev [7] 0x16a:0x54 DW_TAG_structure_type
	.long	.Linfo_string35                 @ DW_AT_name
	.byte	24                              @ DW_AT_byte_size
	.byte	2                               @ DW_AT_decl_file
	.byte	60                              @ DW_AT_decl_line
	.byte	8                               @ Abbrev [8] 0x172:0xc DW_TAG_member
	.long	.Linfo_string25                 @ DW_AT_name
	.long	446                             @ DW_AT_type
	.byte	2                               @ DW_AT_decl_file
	.byte	61                              @ DW_AT_decl_line
	.byte	0                               @ DW_AT_data_member_location
	.byte	8                               @ Abbrev [8] 0x17e:0xc DW_TAG_member
	.long	.Linfo_string28                 @ DW_AT_name
	.long	446                             @ DW_AT_type
	.byte	2                               @ DW_AT_decl_file
	.byte	62                              @ DW_AT_decl_line
	.byte	4                               @ DW_AT_data_member_location
	.byte	8                               @ Abbrev [8] 0x18a:0xc DW_TAG_member
	.long	.Linfo_string29                 @ DW_AT_name
	.long	464                             @ DW_AT_type
	.byte	2                               @ DW_AT_decl_file
	.byte	63                              @ DW_AT_decl_line
	.byte	8                               @ DW_AT_data_member_location
	.byte	8                               @ Abbrev [8] 0x196:0xc DW_TAG_member
	.long	.Linfo_string15                 @ DW_AT_name
	.long	190                             @ DW_AT_type
	.byte	2                               @ DW_AT_decl_file
	.byte	65                              @ DW_AT_decl_line
	.byte	12                              @ DW_AT_data_member_location
	.byte	8                               @ Abbrev [8] 0x1a2:0xc DW_TAG_member
	.long	.Linfo_string31                 @ DW_AT_name
	.long	493                             @ DW_AT_type
	.byte	2                               @ DW_AT_decl_file
	.byte	67                              @ DW_AT_decl_line
	.byte	16                              @ DW_AT_data_member_location
	.byte	16                              @ Abbrev [16] 0x1ae:0xf DW_TAG_member
	.long	.Linfo_string34                 @ DW_AT_name
	.long	335                             @ DW_AT_type
	.byte	2                               @ DW_AT_decl_file
	.byte	68                              @ DW_AT_decl_line
	.byte	1                               @ DW_AT_byte_size
	.byte	3                               @ DW_AT_bit_size
	.byte	5                               @ DW_AT_bit_offset
	.byte	20                              @ DW_AT_data_member_location
	.byte	0                               @ End Of Children Mark
	.byte	6                               @ Abbrev [6] 0x1be:0xb DW_TAG_typedef
	.long	457                             @ DW_AT_type
	.long	.Linfo_string27                 @ DW_AT_name
	.byte	5                               @ DW_AT_decl_file
	.byte	64                              @ DW_AT_decl_line
	.byte	4                               @ Abbrev [4] 0x1c9:0x7 DW_TAG_base_type
	.long	.Linfo_string26                 @ DW_AT_name
	.byte	7                               @ DW_AT_encoding
	.byte	4                               @ DW_AT_byte_size
	.byte	6                               @ Abbrev [6] 0x1d0:0xb DW_TAG_typedef
	.long	475                             @ DW_AT_type
	.long	.Linfo_string30                 @ DW_AT_name
	.byte	2                               @ DW_AT_decl_file
	.byte	41                              @ DW_AT_decl_line
	.byte	5                               @ Abbrev [5] 0x1db:0x5 DW_TAG_pointer_type
	.long	480                             @ DW_AT_type
	.byte	9                               @ Abbrev [9] 0x1e0:0x8 DW_TAG_subroutine_type
	.byte	1                               @ DW_AT_prototyped
	.byte	10                              @ Abbrev [10] 0x1e2:0x5 DW_TAG_formal_parameter
	.long	488                             @ DW_AT_type
	.byte	0                               @ End Of Children Mark
	.byte	5                               @ Abbrev [5] 0x1e8:0x5 DW_TAG_pointer_type
	.long	362                             @ DW_AT_type
	.byte	6                               @ Abbrev [6] 0x1ed:0xb DW_TAG_typedef
	.long	504                             @ DW_AT_type
	.long	.Linfo_string33                 @ DW_AT_name
	.byte	5                               @ DW_AT_decl_file
	.byte	58                              @ DW_AT_decl_line
	.byte	4                               @ Abbrev [4] 0x1f8:0x7 DW_TAG_base_type
	.long	.Linfo_string32                 @ DW_AT_name
	.byte	5                               @ DW_AT_encoding
	.byte	4                               @ DW_AT_byte_size
	.byte	0                               @ End Of Children Mark
.Ldebug_info_end0:
	.section	.debug_ranges,"",%progbits
.Ldebug_ranges0:
	.long	.Lfunc_begin0
	.long	.Lfunc_end0
	.long	.Lfunc_begin1
	.long	.Lfunc_end1
	.long	0
	.long	0
	.section	.debug_str,"MS",%progbits,1
.Linfo_string0:
	.asciz	"Component: ARM Compiler 6.16 Tool: armclang [5dfeb700]" @ string offset=0
.Linfo_string1:
	.asciz	"lvgl/src/lv_misc\\lv_async.c"  @ string offset=55
.Linfo_string2:
	.asciz	"E:\\Smart-access-control\\Hardware\\CODE" @ string offset=83
.Linfo_string3:
	.asciz	"unsigned char"                 @ string offset=121
.Linfo_string4:
	.asciz	"LV_RES_INV"                    @ string offset=135
.Linfo_string5:
	.asciz	"LV_RES_OK"                     @ string offset=146
.Linfo_string6:
	.asciz	"LV_TASK_PRIO_OFF"              @ string offset=156
.Linfo_string7:
	.asciz	"LV_TASK_PRIO_LOWEST"           @ string offset=173
.Linfo_string8:
	.asciz	"LV_TASK_PRIO_LOW"              @ string offset=193
.Linfo_string9:
	.asciz	"LV_TASK_PRIO_MID"              @ string offset=210
.Linfo_string10:
	.asciz	"LV_TASK_PRIO_HIGH"             @ string offset=227
.Linfo_string11:
	.asciz	"LV_TASK_PRIO_HIGHEST"          @ string offset=245
.Linfo_string12:
	.asciz	"_LV_TASK_PRIO_NUM"             @ string offset=266
.Linfo_string13:
	.asciz	"cb"                            @ string offset=284
.Linfo_string14:
	.asciz	"lv_async_cb_t"                 @ string offset=287
.Linfo_string15:
	.asciz	"user_data"                     @ string offset=301
.Linfo_string16:
	.asciz	"_lv_async_info_t"              @ string offset=311
.Linfo_string17:
	.asciz	"lv_async_info_t"               @ string offset=328
.Linfo_string18:
	.asciz	"lv_async_call"                 @ string offset=344
.Linfo_string19:
	.asciz	"uint8_t"                       @ string offset=358
.Linfo_string20:
	.asciz	"lv_res_t"                      @ string offset=366
.Linfo_string21:
	.asciz	"lv_async_task_cb"              @ string offset=375
.Linfo_string22:
	.asciz	"async_xcb"                     @ string offset=392
.Linfo_string23:
	.asciz	"info"                          @ string offset=402
.Linfo_string24:
	.asciz	"task"                          @ string offset=407
.Linfo_string25:
	.asciz	"period"                        @ string offset=412
.Linfo_string26:
	.asciz	"unsigned int"                  @ string offset=419
.Linfo_string27:
	.asciz	"uint32_t"                      @ string offset=432
.Linfo_string28:
	.asciz	"last_run"                      @ string offset=441
.Linfo_string29:
	.asciz	"task_cb"                       @ string offset=450
.Linfo_string30:
	.asciz	"lv_task_cb_t"                  @ string offset=458
.Linfo_string31:
	.asciz	"repeat_count"                  @ string offset=471
.Linfo_string32:
	.asciz	"int"                           @ string offset=484
.Linfo_string33:
	.asciz	"int32_t"                       @ string offset=488
.Linfo_string34:
	.asciz	"prio"                          @ string offset=496
.Linfo_string35:
	.asciz	"_lv_task_t"                    @ string offset=501
.Linfo_string36:
	.asciz	"lv_task_t"                     @ string offset=512
	.ident	"Component: ARM Compiler 6.16 Tool: armclang [5dfeb700]"
	.section	".note.GNU-stack","",%progbits
	.eabi_attribute	30, 1	@ Tag_ABI_optimization_goals
	.ARM_attribute	16, 1	@ Tag_AV_eba
	.section	.debug_line,"",%progbits
.Lline_table_start0:
