	.text
	.syntax unified
	.eabi_attribute	67, "2.09"	@ Tag_conformance
	.cpu	cortex-m7
	.eabi_attribute	6, 13	@ Tag_CPU_arch
	.eabi_attribute	7, 77	@ Tag_CPU_arch_profile
	.eabi_attribute	8, 0	@ Tag_ARM_ISA_use
	.eabi_attribute	9, 2	@ Tag_THUMB_ISA_use
	.fpu	fpv5-d16
	.eabi_attribute	36, 1	@ Tag_FP_HP_extension
	.eabi_attribute	34, 1	@ Tag_CPU_unaligned_access
	.eabi_attribute	17, 1	@ Tag_ABI_PCS_GOT_use
	.eabi_attribute	20, 2	@ Tag_ABI_FP_denormal
	.eabi_attribute	21, 0	@ Tag_ABI_FP_exceptions
	.eabi_attribute	23, 1	@ Tag_ABI_FP_number_model
	.eabi_attribute	24, 1	@ Tag_ABI_align_needed
	.eabi_attribute	25, 1	@ Tag_ABI_align_preserved
	.eabi_attribute	28, 1	@ Tag_ABI_VFP_args
	.eabi_attribute	38, 1	@ Tag_ABI_FP_16bit_format
	.eabi_attribute	18, 2	@ Tag_ABI_PCS_wchar_t
	.eabi_attribute	26, 1	@ Tag_ABI_enum_size
	.eabi_attribute	14, 0	@ Tag_ABI_PCS_R9_use
	.file	"lv_color.c"
	.file	1 "D:\\Keil_v5\\ARM\\ARMCLANG\\Bin\\..\\include" "stdint.h"
	.section	.text.lv_color_fill,"ax",%progbits
	.hidden	lv_color_fill                   @ -- Begin function lv_color_fill
	.globl	lv_color_fill
	.p2align	3
	.type	lv_color_fill,%function
	.code	16                              @ @lv_color_fill
	.thumb_func
lv_color_fill:
.Lfunc_begin0:
	.file	2 "E:\\STM32\\Learning\\STM32H750_ART_PI_RGBLCD" "lvgl/src/lv_misc/lv_color.c"
	.loc	2 36 0                          @ lvgl/src/lv_misc/lv_color.c:36:0
	.fnstart
	.cfi_sections .debug_frame
	.cfi_startproc
@ %bb.0:
	.pad	#12
	sub	sp, #12
	.cfi_def_cfa_offset 12
	str	r1, [sp, #8]
	str	r0, [sp, #4]
	str	r2, [sp]
.Ltmp0:
	.loc	2 78 5 prologue_end             @ lvgl/src/lv_misc/lv_color.c:78:5
	b	.LBB0_1
.LBB0_1:                                @ =>This Inner Loop Header: Depth=1
	.loc	2 78 11 is_stmt 0               @ lvgl/src/lv_misc/lv_color.c:78:11
	ldr	r0, [sp]
	.loc	2 78 5                          @ lvgl/src/lv_misc/lv_color.c:78:5
	cmp	r0, #17
	blo	.LBB0_3
	b	.LBB0_2
.LBB0_2:                                @   in Loop: Header=BB0_1 Depth=1
.Ltmp1:
	.loc	2 79 10 is_stmt 1               @ lvgl/src/lv_misc/lv_color.c:79:10
	ldr	r1, [sp, #4]
	.loc	2 79 16 is_stmt 0               @ lvgl/src/lv_misc/lv_color.c:79:16
	ldr	r0, [sp, #8]
	str	r0, [r1]
	.loc	2 80 12 is_stmt 1               @ lvgl/src/lv_misc/lv_color.c:80:12
	ldr	r0, [sp, #4]
	adds	r0, #4
	str	r0, [sp, #4]
	.loc	2 81 10                         @ lvgl/src/lv_misc/lv_color.c:81:10
	ldr	r1, [sp, #4]
	.loc	2 81 16 is_stmt 0               @ lvgl/src/lv_misc/lv_color.c:81:16
	ldr	r0, [sp, #8]
	str	r0, [r1]
	.loc	2 82 12 is_stmt 1               @ lvgl/src/lv_misc/lv_color.c:82:12
	ldr	r0, [sp, #4]
	adds	r0, #4
	str	r0, [sp, #4]
	.loc	2 83 10                         @ lvgl/src/lv_misc/lv_color.c:83:10
	ldr	r1, [sp, #4]
	.loc	2 83 16 is_stmt 0               @ lvgl/src/lv_misc/lv_color.c:83:16
	ldr	r0, [sp, #8]
	str	r0, [r1]
	.loc	2 84 12 is_stmt 1               @ lvgl/src/lv_misc/lv_color.c:84:12
	ldr	r0, [sp, #4]
	adds	r0, #4
	str	r0, [sp, #4]
	.loc	2 85 10                         @ lvgl/src/lv_misc/lv_color.c:85:10
	ldr	r1, [sp, #4]
	.loc	2 85 16 is_stmt 0               @ lvgl/src/lv_misc/lv_color.c:85:16
	ldr	r0, [sp, #8]
	str	r0, [r1]
	.loc	2 86 12 is_stmt 1               @ lvgl/src/lv_misc/lv_color.c:86:12
	ldr	r0, [sp, #4]
	adds	r0, #4
	str	r0, [sp, #4]
	.loc	2 88 10                         @ lvgl/src/lv_misc/lv_color.c:88:10
	ldr	r1, [sp, #4]
	.loc	2 88 16 is_stmt 0               @ lvgl/src/lv_misc/lv_color.c:88:16
	ldr	r0, [sp, #8]
	str	r0, [r1]
	.loc	2 89 12 is_stmt 1               @ lvgl/src/lv_misc/lv_color.c:89:12
	ldr	r0, [sp, #4]
	adds	r0, #4
	str	r0, [sp, #4]
	.loc	2 90 10                         @ lvgl/src/lv_misc/lv_color.c:90:10
	ldr	r1, [sp, #4]
	.loc	2 90 16 is_stmt 0               @ lvgl/src/lv_misc/lv_color.c:90:16
	ldr	r0, [sp, #8]
	str	r0, [r1]
	.loc	2 91 12 is_stmt 1               @ lvgl/src/lv_misc/lv_color.c:91:12
	ldr	r0, [sp, #4]
	adds	r0, #4
	str	r0, [sp, #4]
	.loc	2 92 10                         @ lvgl/src/lv_misc/lv_color.c:92:10
	ldr	r1, [sp, #4]
	.loc	2 92 16 is_stmt 0               @ lvgl/src/lv_misc/lv_color.c:92:16
	ldr	r0, [sp, #8]
	str	r0, [r1]
	.loc	2 93 12 is_stmt 1               @ lvgl/src/lv_misc/lv_color.c:93:12
	ldr	r0, [sp, #4]
	adds	r0, #4
	str	r0, [sp, #4]
	.loc	2 94 10                         @ lvgl/src/lv_misc/lv_color.c:94:10
	ldr	r1, [sp, #4]
	.loc	2 94 16 is_stmt 0               @ lvgl/src/lv_misc/lv_color.c:94:16
	ldr	r0, [sp, #8]
	str	r0, [r1]
	.loc	2 95 12 is_stmt 1               @ lvgl/src/lv_misc/lv_color.c:95:12
	ldr	r0, [sp, #4]
	adds	r0, #4
	str	r0, [sp, #4]
	.loc	2 97 10                         @ lvgl/src/lv_misc/lv_color.c:97:10
	ldr	r1, [sp, #4]
	.loc	2 97 16 is_stmt 0               @ lvgl/src/lv_misc/lv_color.c:97:16
	ldr	r0, [sp, #8]
	str	r0, [r1]
	.loc	2 98 12 is_stmt 1               @ lvgl/src/lv_misc/lv_color.c:98:12
	ldr	r0, [sp, #4]
	adds	r0, #4
	str	r0, [sp, #4]
	.loc	2 99 10                         @ lvgl/src/lv_misc/lv_color.c:99:10
	ldr	r1, [sp, #4]
	.loc	2 99 16 is_stmt 0               @ lvgl/src/lv_misc/lv_color.c:99:16
	ldr	r0, [sp, #8]
	str	r0, [r1]
	.loc	2 100 12 is_stmt 1              @ lvgl/src/lv_misc/lv_color.c:100:12
	ldr	r0, [sp, #4]
	adds	r0, #4
	str	r0, [sp, #4]
	.loc	2 101 10                        @ lvgl/src/lv_misc/lv_color.c:101:10
	ldr	r1, [sp, #4]
	.loc	2 101 16 is_stmt 0              @ lvgl/src/lv_misc/lv_color.c:101:16
	ldr	r0, [sp, #8]
	str	r0, [r1]
	.loc	2 102 12 is_stmt 1              @ lvgl/src/lv_misc/lv_color.c:102:12
	ldr	r0, [sp, #4]
	adds	r0, #4
	str	r0, [sp, #4]
	.loc	2 103 10                        @ lvgl/src/lv_misc/lv_color.c:103:10
	ldr	r1, [sp, #4]
	.loc	2 103 16 is_stmt 0              @ lvgl/src/lv_misc/lv_color.c:103:16
	ldr	r0, [sp, #8]
	str	r0, [r1]
	.loc	2 104 12 is_stmt 1              @ lvgl/src/lv_misc/lv_color.c:104:12
	ldr	r0, [sp, #4]
	adds	r0, #4
	str	r0, [sp, #4]
	.loc	2 106 10                        @ lvgl/src/lv_misc/lv_color.c:106:10
	ldr	r1, [sp, #4]
	.loc	2 106 16 is_stmt 0              @ lvgl/src/lv_misc/lv_color.c:106:16
	ldr	r0, [sp, #8]
	str	r0, [r1]
	.loc	2 107 12 is_stmt 1              @ lvgl/src/lv_misc/lv_color.c:107:12
	ldr	r0, [sp, #4]
	adds	r0, #4
	str	r0, [sp, #4]
	.loc	2 108 10                        @ lvgl/src/lv_misc/lv_color.c:108:10
	ldr	r1, [sp, #4]
	.loc	2 108 16 is_stmt 0              @ lvgl/src/lv_misc/lv_color.c:108:16
	ldr	r0, [sp, #8]
	str	r0, [r1]
	.loc	2 109 12 is_stmt 1              @ lvgl/src/lv_misc/lv_color.c:109:12
	ldr	r0, [sp, #4]
	adds	r0, #4
	str	r0, [sp, #4]
	.loc	2 110 10                        @ lvgl/src/lv_misc/lv_color.c:110:10
	ldr	r1, [sp, #4]
	.loc	2 110 16 is_stmt 0              @ lvgl/src/lv_misc/lv_color.c:110:16
	ldr	r0, [sp, #8]
	str	r0, [r1]
	.loc	2 111 12 is_stmt 1              @ lvgl/src/lv_misc/lv_color.c:111:12
	ldr	r0, [sp, #4]
	adds	r0, #4
	str	r0, [sp, #4]
	.loc	2 112 10                        @ lvgl/src/lv_misc/lv_color.c:112:10
	ldr	r1, [sp, #4]
	.loc	2 112 16 is_stmt 0              @ lvgl/src/lv_misc/lv_color.c:112:16
	ldr	r0, [sp, #8]
	str	r0, [r1]
	.loc	2 113 12 is_stmt 1              @ lvgl/src/lv_misc/lv_color.c:113:12
	ldr	r0, [sp, #4]
	adds	r0, #4
	str	r0, [sp, #4]
	.loc	2 115 16                        @ lvgl/src/lv_misc/lv_color.c:115:16
	ldr	r0, [sp]
	subs	r0, #16
	str	r0, [sp]
.Ltmp2:
	.loc	2 78 5                          @ lvgl/src/lv_misc/lv_color.c:78:5
	b	.LBB0_1
.LBB0_3:
	.loc	2 117 5                         @ lvgl/src/lv_misc/lv_color.c:117:5
	b	.LBB0_4
.LBB0_4:                                @ =>This Inner Loop Header: Depth=1
	.loc	2 117 11 is_stmt 0              @ lvgl/src/lv_misc/lv_color.c:117:11
	ldr	r0, [sp]
	.loc	2 117 5                         @ lvgl/src/lv_misc/lv_color.c:117:5
	cbz	r0, .LBB0_6
	b	.LBB0_5
.LBB0_5:                                @   in Loop: Header=BB0_4 Depth=1
.Ltmp3:
	.loc	2 118 10 is_stmt 1              @ lvgl/src/lv_misc/lv_color.c:118:10
	ldr	r1, [sp, #4]
	.loc	2 118 16 is_stmt 0              @ lvgl/src/lv_misc/lv_color.c:118:16
	ldr	r0, [sp, #8]
	str	r0, [r1]
	.loc	2 119 12 is_stmt 1              @ lvgl/src/lv_misc/lv_color.c:119:12
	ldr	r0, [sp, #4]
	adds	r0, #4
	str	r0, [sp, #4]
	.loc	2 120 16                        @ lvgl/src/lv_misc/lv_color.c:120:16
	ldr	r0, [sp]
	subs	r0, #1
	str	r0, [sp]
.Ltmp4:
	.loc	2 117 5                         @ lvgl/src/lv_misc/lv_color.c:117:5
	b	.LBB0_4
.LBB0_6:
	.loc	2 123 1                         @ lvgl/src/lv_misc/lv_color.c:123:1
	add	sp, #12
	bx	lr
.Ltmp5:
.Lfunc_end0:
	.size	lv_color_fill, .Lfunc_end0-lv_color_fill
	.cfi_endproc
	.cantunwind
	.fnend
                                        @ -- End function
	.section	.text.lv_color_lighten,"ax",%progbits
	.hidden	lv_color_lighten                @ -- Begin function lv_color_lighten
	.globl	lv_color_lighten
	.p2align	3
	.type	lv_color_lighten,%function
	.code	16                              @ @lv_color_lighten
	.thumb_func
lv_color_lighten:
.Lfunc_begin1:
	.loc	2 126 0                         @ lvgl/src/lv_misc/lv_color.c:126:0
	.fnstart
	.cfi_startproc
@ %bb.0:
	.save	{r7, lr}
	push	{r7, lr}
	.cfi_def_cfa_offset 8
	.cfi_offset lr, -4
	.cfi_offset r7, -8
	.pad	#16
	sub	sp, #16
	.cfi_def_cfa_offset 24
                                        @ kill: def $r2 killed $r1
	str	r0, [sp, #8]
	strb.w	r1, [sp, #7]
	movs	r0, #255
.Ltmp6:
	.loc	2 127 25 prologue_end           @ lvgl/src/lv_misc/lv_color.c:127:25
	strb.w	r0, [sp]
	strb.w	r0, [sp, #1]
	strb.w	r0, [sp, #2]
	strb.w	r0, [sp, #3]
	.loc	2 127 44 is_stmt 0              @ lvgl/src/lv_misc/lv_color.c:127:44
	ldrb.w	r2, [sp, #7]
	.loc	2 127 12                        @ lvgl/src/lv_misc/lv_color.c:127:12
	ldr	r0, [sp]
	ldr	r1, [sp, #8]
	bl	lv_color_mix
	str	r0, [sp, #12]
	.loc	2 127 5                         @ lvgl/src/lv_misc/lv_color.c:127:5
	ldr	r0, [sp, #12]
	add	sp, #16
	pop	{r7, pc}
.Ltmp7:
.Lfunc_end1:
	.size	lv_color_lighten, .Lfunc_end1-lv_color_lighten
	.cfi_endproc
	.cantunwind
	.fnend
                                        @ -- End function
	.section	.text.lv_color_mix,"ax",%progbits
	.p2align	3                               @ -- Begin function lv_color_mix
	.type	lv_color_mix,%function
	.code	16                              @ @lv_color_mix
	.thumb_func
lv_color_mix:
.Lfunc_begin2:
	.file	3 "E:\\STM32\\Learning\\STM32H750_ART_PI_RGBLCD" "lvgl/src/lv_misc/lv_color.h"
	.loc	3 441 0 is_stmt 1               @ lvgl/src/lv_misc/lv_color.h:441:0
	.fnstart
	.cfi_startproc
@ %bb.0:
	.pad	#16
	sub	sp, #16
	.cfi_def_cfa_offset 16
                                        @ kill: def $r3 killed $r2
	str	r0, [sp, #8]
	str	r1, [sp, #4]
	strb.w	r2, [sp, #3]
.Ltmp8:
	.loc	3 445 5 prologue_end            @ lvgl/src/lv_misc/lv_color.h:445:5
	ldrb.w	r0, [sp, #10]
	ldrb.w	r1, [sp, #3]
	mul	r2, r0, r1
	ldrb.w	r0, [sp, #6]
	rsb.w	r1, r1, #255
	smlabb	r0, r0, r1, r2
	movw	r1, #32897
	muls	r0, r1, r0
	lsrs	r0, r0, #23
	strb.w	r0, [sp, #14]
	.loc	3 447 5                         @ lvgl/src/lv_misc/lv_color.h:447:5
	ldrb.w	r0, [sp, #9]
	ldrb.w	r2, [sp, #3]
	mul	r3, r0, r2
	ldrb.w	r0, [sp, #5]
	rsb.w	r2, r2, #255
	smlabb	r0, r0, r2, r3
	muls	r0, r1, r0
	lsrs	r0, r0, #23
	strb.w	r0, [sp, #13]
	.loc	3 449 5                         @ lvgl/src/lv_misc/lv_color.h:449:5
	ldrb.w	r0, [sp, #8]
	ldrb.w	r2, [sp, #3]
	mul	r3, r0, r2
	ldrb.w	r0, [sp, #4]
	rsb.w	r2, r2, #255
	smlabb	r0, r0, r2, r3
	muls	r0, r1, r0
	lsrs	r0, r0, #23
	strb.w	r0, [sp, #12]
	movs	r0, #255
	.loc	3 451 5                         @ lvgl/src/lv_misc/lv_color.h:451:5
	strb.w	r0, [sp, #15]
	.loc	3 457 5                         @ lvgl/src/lv_misc/lv_color.h:457:5
	ldr	r0, [sp, #12]
	add	sp, #16
	bx	lr
.Ltmp9:
.Lfunc_end2:
	.size	lv_color_mix, .Lfunc_end2-lv_color_mix
	.cfi_endproc
	.cantunwind
	.fnend
                                        @ -- End function
	.section	.text.lv_color_darken,"ax",%progbits
	.hidden	lv_color_darken                 @ -- Begin function lv_color_darken
	.globl	lv_color_darken
	.p2align	3
	.type	lv_color_darken,%function
	.code	16                              @ @lv_color_darken
	.thumb_func
lv_color_darken:
.Lfunc_begin3:
	.loc	2 131 0                         @ lvgl/src/lv_misc/lv_color.c:131:0
	.fnstart
	.cfi_startproc
@ %bb.0:
	.save	{r7, lr}
	push	{r7, lr}
	.cfi_def_cfa_offset 8
	.cfi_offset lr, -4
	.cfi_offset r7, -8
	.pad	#16
	sub	sp, #16
	.cfi_def_cfa_offset 24
                                        @ kill: def $r2 killed $r1
	str	r0, [sp, #8]
	strb.w	r1, [sp, #7]
	movs	r0, #0
.Ltmp10:
	.loc	2 132 25 prologue_end           @ lvgl/src/lv_misc/lv_color.c:132:25
	strb.w	r0, [sp]
	strb.w	r0, [sp, #1]
	strb.w	r0, [sp, #2]
	movs	r0, #255
	strb.w	r0, [sp, #3]
	.loc	2 132 44 is_stmt 0              @ lvgl/src/lv_misc/lv_color.c:132:44
	ldrb.w	r2, [sp, #7]
	.loc	2 132 12                        @ lvgl/src/lv_misc/lv_color.c:132:12
	ldr	r0, [sp]
	ldr	r1, [sp, #8]
	bl	lv_color_mix
	str	r0, [sp, #12]
	.loc	2 132 5                         @ lvgl/src/lv_misc/lv_color.c:132:5
	ldr	r0, [sp, #12]
	add	sp, #16
	pop	{r7, pc}
.Ltmp11:
.Lfunc_end3:
	.size	lv_color_darken, .Lfunc_end3-lv_color_darken
	.cfi_endproc
	.cantunwind
	.fnend
                                        @ -- End function
	.section	.text.lv_color_hsv_to_rgb,"ax",%progbits
	.hidden	lv_color_hsv_to_rgb             @ -- Begin function lv_color_hsv_to_rgb
	.globl	lv_color_hsv_to_rgb
	.p2align	3
	.type	lv_color_hsv_to_rgb,%function
	.code	16                              @ @lv_color_hsv_to_rgb
	.thumb_func
lv_color_hsv_to_rgb:
.Lfunc_begin4:
	.loc	2 143 0 is_stmt 1               @ lvgl/src/lv_misc/lv_color.c:143:0
	.fnstart
	.cfi_startproc
@ %bb.0:
	.save	{r7, lr}
	push	{r7, lr}
	.cfi_def_cfa_offset 8
	.cfi_offset lr, -4
	.cfi_offset r7, -8
	.pad	#24
	sub	sp, #24
	.cfi_def_cfa_offset 32
                                        @ kill: def $r3 killed $r2
                                        @ kill: def $r3 killed $r1
                                        @ kill: def $r3 killed $r0
	strh.w	r0, [sp, #18]
	strb.w	r1, [sp, #17]
	strb.w	r2, [sp, #16]
.Ltmp12:
	.loc	2 144 30 prologue_end           @ lvgl/src/lv_misc/lv_color.c:144:30
	ldrh.w	r0, [sp, #18]
	.loc	2 144 32 is_stmt 0              @ lvgl/src/lv_misc/lv_color.c:144:32
	rsb	r0, r0, r0, lsl #8
	.loc	2 144 39                        @ lvgl/src/lv_misc/lv_color.c:144:39
	lsrs	r0, r0, #3
	movw	r1, #27671
	movt	r1, #5825
	umull	r1, r0, r0, r1
	lsrs	r0, r0, #2
	.loc	2 144 7                         @ lvgl/src/lv_misc/lv_color.c:144:7
	strh.w	r0, [sp, #18]
	.loc	2 145 30 is_stmt 1              @ lvgl/src/lv_misc/lv_color.c:145:30
	ldrb.w	r0, [sp, #17]
	.loc	2 145 32 is_stmt 0              @ lvgl/src/lv_misc/lv_color.c:145:32
	rsb	r0, r0, r0, lsl #8
	movw	r1, #34079
	movt	r1, #20971
	.loc	2 145 39                        @ lvgl/src/lv_misc/lv_color.c:145:39
	umull	r2, r0, r0, r1
	lsrs	r0, r0, #5
	.loc	2 145 7                         @ lvgl/src/lv_misc/lv_color.c:145:7
	strb.w	r0, [sp, #17]
	.loc	2 146 30 is_stmt 1              @ lvgl/src/lv_misc/lv_color.c:146:30
	ldrb.w	r0, [sp, #16]
	.loc	2 146 32 is_stmt 0              @ lvgl/src/lv_misc/lv_color.c:146:32
	rsb	r0, r0, r0, lsl #8
	.loc	2 146 39                        @ lvgl/src/lv_misc/lv_color.c:146:39
	umull	r1, r0, r0, r1
	lsrs	r0, r0, #5
	.loc	2 146 7                         @ lvgl/src/lv_misc/lv_color.c:146:7
	strb.w	r0, [sp, #16]
.Ltmp13:
	.loc	2 152 8 is_stmt 1               @ lvgl/src/lv_misc/lv_color.c:152:8
	ldrb.w	r0, [sp, #17]
.Ltmp14:
	.loc	2 152 8 is_stmt 0               @ lvgl/src/lv_misc/lv_color.c:152:8
	cbnz	r0, .LBB4_2
	b	.LBB4_1
.LBB4_1:
.Ltmp15:
	.loc	2 153 30 is_stmt 1              @ lvgl/src/lv_misc/lv_color.c:153:30
	ldrb.w	r2, [sp, #16]
	.loc	2 153 16 is_stmt 0              @ lvgl/src/lv_misc/lv_color.c:153:16
	mov	r0, r2
	mov	r1, r2
	bl	lv_color_make
	str	r0, [sp, #20]
	.loc	2 153 9                         @ lvgl/src/lv_misc/lv_color.c:153:9
	b	.LBB4_12
.Ltmp16:
.LBB4_2:
	.loc	2 156 17 is_stmt 1              @ lvgl/src/lv_misc/lv_color.c:156:17
	ldrh.w	r0, [sp, #18]
	movw	r1, #48771
	movt	r1, #12192
	.loc	2 156 19 is_stmt 0              @ lvgl/src/lv_misc/lv_color.c:156:19
	umull	r1, r0, r0, r1
	lsrs	r0, r0, #3
	.loc	2 156 15                        @ lvgl/src/lv_misc/lv_color.c:156:15
	strb.w	r0, [sp, #12]
	.loc	2 157 18 is_stmt 1              @ lvgl/src/lv_misc/lv_color.c:157:18
	ldrh.w	r2, [sp, #18]
	.loc	2 157 23 is_stmt 0              @ lvgl/src/lv_misc/lv_color.c:157:23
	ldrb.w	r0, [sp, #12]
	movs	r1, #43
	.loc	2 157 20                        @ lvgl/src/lv_misc/lv_color.c:157:20
	mls	r0, r0, r1, r2
	.loc	2 157 37                        @ lvgl/src/lv_misc/lv_color.c:157:37
	add.w	r0, r0, r0, lsl #1
	lsls	r0, r0, #1
	.loc	2 157 15                        @ lvgl/src/lv_misc/lv_color.c:157:15
	strb.w	r0, [sp, #11]
	.loc	2 159 10 is_stmt 1              @ lvgl/src/lv_misc/lv_color.c:159:10
	ldrb.w	r0, [sp, #16]
	.loc	2 159 21 is_stmt 0              @ lvgl/src/lv_misc/lv_color.c:159:21
	ldrb.w	r1, [sp, #17]
	.loc	2 159 19                        @ lvgl/src/lv_misc/lv_color.c:159:19
	rsb.w	r1, r1, #255
	.loc	2 159 12                        @ lvgl/src/lv_misc/lv_color.c:159:12
	muls	r0, r1, r0
	.loc	2 159 25                        @ lvgl/src/lv_misc/lv_color.c:159:25
	lsrs	r0, r0, #8
	.loc	2 159 7                         @ lvgl/src/lv_misc/lv_color.c:159:7
	strb.w	r0, [sp, #10]
	.loc	2 160 10 is_stmt 1              @ lvgl/src/lv_misc/lv_color.c:160:10
	ldrb.w	r0, [sp, #16]
	.loc	2 160 23 is_stmt 0              @ lvgl/src/lv_misc/lv_color.c:160:23
	ldrb.w	r1, [sp, #17]
	.loc	2 160 27                        @ lvgl/src/lv_misc/lv_color.c:160:27
	ldrb.w	r2, [sp, #11]
	.loc	2 160 25                        @ lvgl/src/lv_misc/lv_color.c:160:25
	muls	r2, r1, r2
	movs	r1, #255
	.loc	2 160 19                        @ lvgl/src/lv_misc/lv_color.c:160:19
	sub.w	r2, r1, r2, lsr #8
	.loc	2 160 12                        @ lvgl/src/lv_misc/lv_color.c:160:12
	muls	r0, r2, r0
	.loc	2 160 46                        @ lvgl/src/lv_misc/lv_color.c:160:46
	lsrs	r0, r0, #8
	.loc	2 160 7                         @ lvgl/src/lv_misc/lv_color.c:160:7
	strb.w	r0, [sp, #9]
	.loc	2 161 10 is_stmt 1              @ lvgl/src/lv_misc/lv_color.c:161:10
	ldrb.w	r0, [sp, #16]
	.loc	2 161 23 is_stmt 0              @ lvgl/src/lv_misc/lv_color.c:161:23
	ldrb.w	r2, [sp, #17]
	.loc	2 161 34                        @ lvgl/src/lv_misc/lv_color.c:161:34
	ldrb.w	r3, [sp, #11]
	.loc	2 161 32                        @ lvgl/src/lv_misc/lv_color.c:161:32
	rsb.w	r3, r3, #255
	.loc	2 161 25                        @ lvgl/src/lv_misc/lv_color.c:161:25
	muls	r2, r3, r2
	.loc	2 161 19                        @ lvgl/src/lv_misc/lv_color.c:161:19
	sub.w	r1, r1, r2, lsr #8
	.loc	2 161 12                        @ lvgl/src/lv_misc/lv_color.c:161:12
	muls	r0, r1, r0
	.loc	2 161 54                        @ lvgl/src/lv_misc/lv_color.c:161:54
	lsrs	r0, r0, #8
	.loc	2 161 7                         @ lvgl/src/lv_misc/lv_color.c:161:7
	strb.w	r0, [sp, #8]
	.loc	2 163 12 is_stmt 1              @ lvgl/src/lv_misc/lv_color.c:163:12
	ldrb.w	r0, [sp, #12]
	.loc	2 163 5 is_stmt 0               @ lvgl/src/lv_misc/lv_color.c:163:5
	mov	r1, r0
	str	r1, [sp]                        @ 4-byte Spill
	cmp	r0, #4
	bhi	.LBB4_10
@ %bb.3:
	.loc	2 0 5                           @ lvgl/src/lv_misc/lv_color.c:0:5
	ldr	r1, [sp]                        @ 4-byte Reload
.LCPI4_0:
	tbb	[pc, r1]
@ %bb.4:
.LJTI4_0:
	.byte	(.LBB4_5-(.LCPI4_0+4))/2
	.byte	(.LBB4_6-(.LCPI4_0+4))/2
	.byte	(.LBB4_7-(.LCPI4_0+4))/2
	.byte	(.LBB4_8-(.LCPI4_0+4))/2
	.byte	(.LBB4_9-(.LCPI4_0+4))/2
	.p2align	1
.LBB4_5:
.Ltmp17:
	.loc	2 165 17 is_stmt 1              @ lvgl/src/lv_misc/lv_color.c:165:17
	ldrb.w	r0, [sp, #16]
	.loc	2 165 15 is_stmt 0              @ lvgl/src/lv_misc/lv_color.c:165:15
	strb.w	r0, [sp, #15]
	.loc	2 166 17 is_stmt 1              @ lvgl/src/lv_misc/lv_color.c:166:17
	ldrb.w	r0, [sp, #8]
	.loc	2 166 15 is_stmt 0              @ lvgl/src/lv_misc/lv_color.c:166:15
	strb.w	r0, [sp, #14]
	.loc	2 167 17 is_stmt 1              @ lvgl/src/lv_misc/lv_color.c:167:17
	ldrb.w	r0, [sp, #10]
	.loc	2 167 15 is_stmt 0              @ lvgl/src/lv_misc/lv_color.c:167:15
	strb.w	r0, [sp, #13]
	.loc	2 168 13 is_stmt 1              @ lvgl/src/lv_misc/lv_color.c:168:13
	b	.LBB4_11
.LBB4_6:
	.loc	2 170 17                        @ lvgl/src/lv_misc/lv_color.c:170:17
	ldrb.w	r0, [sp, #9]
	.loc	2 170 15 is_stmt 0              @ lvgl/src/lv_misc/lv_color.c:170:15
	strb.w	r0, [sp, #15]
	.loc	2 171 17 is_stmt 1              @ lvgl/src/lv_misc/lv_color.c:171:17
	ldrb.w	r0, [sp, #16]
	.loc	2 171 15 is_stmt 0              @ lvgl/src/lv_misc/lv_color.c:171:15
	strb.w	r0, [sp, #14]
	.loc	2 172 17 is_stmt 1              @ lvgl/src/lv_misc/lv_color.c:172:17
	ldrb.w	r0, [sp, #10]
	.loc	2 172 15 is_stmt 0              @ lvgl/src/lv_misc/lv_color.c:172:15
	strb.w	r0, [sp, #13]
	.loc	2 173 13 is_stmt 1              @ lvgl/src/lv_misc/lv_color.c:173:13
	b	.LBB4_11
.LBB4_7:
	.loc	2 175 17                        @ lvgl/src/lv_misc/lv_color.c:175:17
	ldrb.w	r0, [sp, #10]
	.loc	2 175 15 is_stmt 0              @ lvgl/src/lv_misc/lv_color.c:175:15
	strb.w	r0, [sp, #15]
	.loc	2 176 17 is_stmt 1              @ lvgl/src/lv_misc/lv_color.c:176:17
	ldrb.w	r0, [sp, #16]
	.loc	2 176 15 is_stmt 0              @ lvgl/src/lv_misc/lv_color.c:176:15
	strb.w	r0, [sp, #14]
	.loc	2 177 17 is_stmt 1              @ lvgl/src/lv_misc/lv_color.c:177:17
	ldrb.w	r0, [sp, #8]
	.loc	2 177 15 is_stmt 0              @ lvgl/src/lv_misc/lv_color.c:177:15
	strb.w	r0, [sp, #13]
	.loc	2 178 13 is_stmt 1              @ lvgl/src/lv_misc/lv_color.c:178:13
	b	.LBB4_11
.LBB4_8:
	.loc	2 180 17                        @ lvgl/src/lv_misc/lv_color.c:180:17
	ldrb.w	r0, [sp, #10]
	.loc	2 180 15 is_stmt 0              @ lvgl/src/lv_misc/lv_color.c:180:15
	strb.w	r0, [sp, #15]
	.loc	2 181 17 is_stmt 1              @ lvgl/src/lv_misc/lv_color.c:181:17
	ldrb.w	r0, [sp, #9]
	.loc	2 181 15 is_stmt 0              @ lvgl/src/lv_misc/lv_color.c:181:15
	strb.w	r0, [sp, #14]
	.loc	2 182 17 is_stmt 1              @ lvgl/src/lv_misc/lv_color.c:182:17
	ldrb.w	r0, [sp, #16]
	.loc	2 182 15 is_stmt 0              @ lvgl/src/lv_misc/lv_color.c:182:15
	strb.w	r0, [sp, #13]
	.loc	2 183 13 is_stmt 1              @ lvgl/src/lv_misc/lv_color.c:183:13
	b	.LBB4_11
.LBB4_9:
	.loc	2 185 17                        @ lvgl/src/lv_misc/lv_color.c:185:17
	ldrb.w	r0, [sp, #8]
	.loc	2 185 15 is_stmt 0              @ lvgl/src/lv_misc/lv_color.c:185:15
	strb.w	r0, [sp, #15]
	.loc	2 186 17 is_stmt 1              @ lvgl/src/lv_misc/lv_color.c:186:17
	ldrb.w	r0, [sp, #10]
	.loc	2 186 15 is_stmt 0              @ lvgl/src/lv_misc/lv_color.c:186:15
	strb.w	r0, [sp, #14]
	.loc	2 187 17 is_stmt 1              @ lvgl/src/lv_misc/lv_color.c:187:17
	ldrb.w	r0, [sp, #16]
	.loc	2 187 15 is_stmt 0              @ lvgl/src/lv_misc/lv_color.c:187:15
	strb.w	r0, [sp, #13]
	.loc	2 188 13 is_stmt 1              @ lvgl/src/lv_misc/lv_color.c:188:13
	b	.LBB4_11
.LBB4_10:
	.loc	2 190 17                        @ lvgl/src/lv_misc/lv_color.c:190:17
	ldrb.w	r0, [sp, #16]
	.loc	2 190 15 is_stmt 0              @ lvgl/src/lv_misc/lv_color.c:190:15
	strb.w	r0, [sp, #15]
	.loc	2 191 17 is_stmt 1              @ lvgl/src/lv_misc/lv_color.c:191:17
	ldrb.w	r0, [sp, #10]
	.loc	2 191 15 is_stmt 0              @ lvgl/src/lv_misc/lv_color.c:191:15
	strb.w	r0, [sp, #14]
	.loc	2 192 17 is_stmt 1              @ lvgl/src/lv_misc/lv_color.c:192:17
	ldrb.w	r0, [sp, #9]
	.loc	2 192 15 is_stmt 0              @ lvgl/src/lv_misc/lv_color.c:192:15
	strb.w	r0, [sp, #13]
	.loc	2 193 13 is_stmt 1              @ lvgl/src/lv_misc/lv_color.c:193:13
	b	.LBB4_11
.Ltmp18:
.LBB4_11:
	.loc	2 196 39                        @ lvgl/src/lv_misc/lv_color.c:196:39
	ldrb.w	r0, [sp, #15]
	.loc	2 196 42 is_stmt 0              @ lvgl/src/lv_misc/lv_color.c:196:42
	ldrb.w	r1, [sp, #14]
	.loc	2 196 45                        @ lvgl/src/lv_misc/lv_color.c:196:45
	ldrb.w	r2, [sp, #13]
	.loc	2 196 25                        @ lvgl/src/lv_misc/lv_color.c:196:25
	bl	lv_color_make
	str	r0, [sp, #4]
	.loc	2 197 12 is_stmt 1              @ lvgl/src/lv_misc/lv_color.c:197:12
	ldr	r0, [sp, #4]
	str	r0, [sp, #20]
	.loc	2 197 5 is_stmt 0               @ lvgl/src/lv_misc/lv_color.c:197:5
	b	.LBB4_12
.LBB4_12:
	.loc	2 198 1 is_stmt 1               @ lvgl/src/lv_misc/lv_color.c:198:1
	ldr	r0, [sp, #20]
	add	sp, #24
	pop	{r7, pc}
.Ltmp19:
.Lfunc_end4:
	.size	lv_color_hsv_to_rgb, .Lfunc_end4-lv_color_hsv_to_rgb
	.cfi_endproc
	.cantunwind
	.fnend
                                        @ -- End function
	.section	.text.lv_color_make,"ax",%progbits
	.p2align	3                               @ -- Begin function lv_color_make
	.type	lv_color_make,%function
	.code	16                              @ @lv_color_make
	.thumb_func
lv_color_make:
.Lfunc_begin5:
	.loc	3 584 0                         @ lvgl/src/lv_misc/lv_color.h:584:0
	.fnstart
	.cfi_startproc
@ %bb.0:
	.pad	#8
	sub	sp, #8
	.cfi_def_cfa_offset 8
                                        @ kill: def $r3 killed $r2
                                        @ kill: def $r3 killed $r1
                                        @ kill: def $r3 killed $r0
	strb.w	r0, [sp, #3]
	strb.w	r1, [sp, #2]
	strb.w	r2, [sp, #1]
.Ltmp20:
	.loc	3 585 12 prologue_end           @ lvgl/src/lv_misc/lv_color.h:585:12
	ldrb.w	r0, [sp, #1]
	strb.w	r0, [sp, #4]
	ldrb.w	r0, [sp, #2]
	strb.w	r0, [sp, #5]
	ldrb.w	r0, [sp, #3]
	strb.w	r0, [sp, #6]
	movs	r0, #255
	strb.w	r0, [sp, #7]
	.loc	3 585 5 is_stmt 0               @ lvgl/src/lv_misc/lv_color.h:585:5
	ldr	r0, [sp, #4]
	add	sp, #8
	bx	lr
.Ltmp21:
.Lfunc_end5:
	.size	lv_color_make, .Lfunc_end5-lv_color_make
	.cfi_endproc
	.cantunwind
	.fnend
                                        @ -- End function
	.section	.text.lv_color_rgb_to_hsv,"ax",%progbits
	.hidden	lv_color_rgb_to_hsv             @ -- Begin function lv_color_rgb_to_hsv
	.globl	lv_color_rgb_to_hsv
	.p2align	3
	.type	lv_color_rgb_to_hsv,%function
	.code	16                              @ @lv_color_rgb_to_hsv
	.thumb_func
lv_color_rgb_to_hsv:
.Lfunc_begin6:
	.loc	2 208 0 is_stmt 1               @ lvgl/src/lv_misc/lv_color.c:208:0
	.fnstart
	.cfi_startproc
@ %bb.0:
	.pad	#52
	sub	sp, #52
	.cfi_def_cfa_offset 52
                                        @ kill: def $r3 killed $r2
                                        @ kill: def $r3 killed $r1
                                        @ kill: def $r3 killed $r0
	strb.w	r0, [sp, #47]
	strb.w	r1, [sp, #46]
	strb.w	r2, [sp, #45]
.Ltmp22:
	.loc	2 209 29 prologue_end           @ lvgl/src/lv_misc/lv_color.c:209:29
	ldrb.w	r0, [sp, #47]
	.loc	2 209 32 is_stmt 0              @ lvgl/src/lv_misc/lv_color.c:209:32
	lsls	r0, r0, #10
	movw	r1, #32897
	movt	r1, #32896
	.loc	2 209 39                        @ lvgl/src/lv_misc/lv_color.c:209:39
	umull	r2, r0, r0, r1
	lsrs	r0, r0, #7
	.loc	2 209 14                        @ lvgl/src/lv_misc/lv_color.c:209:14
	strh.w	r0, [sp, #42]
	.loc	2 210 29 is_stmt 1              @ lvgl/src/lv_misc/lv_color.c:210:29
	ldrb.w	r0, [sp, #46]
	.loc	2 210 32 is_stmt 0              @ lvgl/src/lv_misc/lv_color.c:210:32
	lsls	r0, r0, #10
	.loc	2 210 39                        @ lvgl/src/lv_misc/lv_color.c:210:39
	umull	r2, r0, r0, r1
	lsrs	r0, r0, #7
	.loc	2 210 14                        @ lvgl/src/lv_misc/lv_color.c:210:14
	strh.w	r0, [sp, #40]
	.loc	2 211 29 is_stmt 1              @ lvgl/src/lv_misc/lv_color.c:211:29
	ldrb.w	r0, [sp, #45]
	.loc	2 211 32 is_stmt 0              @ lvgl/src/lv_misc/lv_color.c:211:32
	lsls	r0, r0, #10
	.loc	2 211 39                        @ lvgl/src/lv_misc/lv_color.c:211:39
	umull	r1, r0, r0, r1
	lsrs	r0, r0, #7
	.loc	2 211 14                        @ lvgl/src/lv_misc/lv_color.c:211:14
	strh.w	r0, [sp, #38]
	.loc	2 213 23 is_stmt 1              @ lvgl/src/lv_misc/lv_color.c:213:23
	ldrh.w	r0, [sp, #42]
	.loc	2 213 27 is_stmt 0              @ lvgl/src/lv_misc/lv_color.c:213:27
	ldrh.w	r1, [sp, #40]
	.loc	2 213 23                        @ lvgl/src/lv_misc/lv_color.c:213:23
	cmp	r0, r1
	bge	.LBB6_5
	b	.LBB6_1
.LBB6_1:
	.loc	2 213 32                        @ lvgl/src/lv_misc/lv_color.c:213:32
	ldrh.w	r0, [sp, #42]
	.loc	2 213 36                        @ lvgl/src/lv_misc/lv_color.c:213:36
	ldrh.w	r1, [sp, #38]
	.loc	2 213 32                        @ lvgl/src/lv_misc/lv_color.c:213:32
	cmp	r0, r1
	bge	.LBB6_3
	b	.LBB6_2
.LBB6_2:
	.loc	2 213 40                        @ lvgl/src/lv_misc/lv_color.c:213:40
	ldrh.w	r0, [sp, #42]
	.loc	2 213 32                        @ lvgl/src/lv_misc/lv_color.c:213:32
	str	r0, [sp, #20]                   @ 4-byte Spill
	b	.LBB6_4
.LBB6_3:
	.loc	2 213 44                        @ lvgl/src/lv_misc/lv_color.c:213:44
	ldrh.w	r0, [sp, #38]
	.loc	2 213 32                        @ lvgl/src/lv_misc/lv_color.c:213:32
	str	r0, [sp, #20]                   @ 4-byte Spill
	b	.LBB6_4
.LBB6_4:
	ldr	r0, [sp, #20]                   @ 4-byte Reload
	.loc	2 213 23                        @ lvgl/src/lv_misc/lv_color.c:213:23
	str	r0, [sp, #16]                   @ 4-byte Spill
	b	.LBB6_9
.LBB6_5:
	.loc	2 213 50                        @ lvgl/src/lv_misc/lv_color.c:213:50
	ldrh.w	r0, [sp, #40]
	.loc	2 213 54                        @ lvgl/src/lv_misc/lv_color.c:213:54
	ldrh.w	r1, [sp, #38]
	.loc	2 213 50                        @ lvgl/src/lv_misc/lv_color.c:213:50
	cmp	r0, r1
	bge	.LBB6_7
	b	.LBB6_6
.LBB6_6:
	.loc	2 213 58                        @ lvgl/src/lv_misc/lv_color.c:213:58
	ldrh.w	r0, [sp, #40]
	.loc	2 213 50                        @ lvgl/src/lv_misc/lv_color.c:213:50
	str	r0, [sp, #12]                   @ 4-byte Spill
	b	.LBB6_8
.LBB6_7:
	.loc	2 213 62                        @ lvgl/src/lv_misc/lv_color.c:213:62
	ldrh.w	r0, [sp, #38]
	.loc	2 213 50                        @ lvgl/src/lv_misc/lv_color.c:213:50
	str	r0, [sp, #12]                   @ 4-byte Spill
	b	.LBB6_8
.LBB6_8:
	ldr	r0, [sp, #12]                   @ 4-byte Reload
	.loc	2 213 23                        @ lvgl/src/lv_misc/lv_color.c:213:23
	str	r0, [sp, #16]                   @ 4-byte Spill
	b	.LBB6_9
.LBB6_9:
	ldr	r0, [sp, #16]                   @ 4-byte Reload
	.loc	2 213 14                        @ lvgl/src/lv_misc/lv_color.c:213:14
	strh.w	r0, [sp, #36]
	.loc	2 214 23 is_stmt 1              @ lvgl/src/lv_misc/lv_color.c:214:23
	ldrh.w	r0, [sp, #42]
	.loc	2 214 27 is_stmt 0              @ lvgl/src/lv_misc/lv_color.c:214:27
	ldrh.w	r1, [sp, #40]
	.loc	2 214 23                        @ lvgl/src/lv_misc/lv_color.c:214:23
	cmp	r0, r1
	ble	.LBB6_14
	b	.LBB6_10
.LBB6_10:
	.loc	2 214 32                        @ lvgl/src/lv_misc/lv_color.c:214:32
	ldrh.w	r0, [sp, #42]
	.loc	2 214 36                        @ lvgl/src/lv_misc/lv_color.c:214:36
	ldrh.w	r1, [sp, #38]
	.loc	2 214 32                        @ lvgl/src/lv_misc/lv_color.c:214:32
	cmp	r0, r1
	ble	.LBB6_12
	b	.LBB6_11
.LBB6_11:
	.loc	2 214 40                        @ lvgl/src/lv_misc/lv_color.c:214:40
	ldrh.w	r0, [sp, #42]
	.loc	2 214 32                        @ lvgl/src/lv_misc/lv_color.c:214:32
	str	r0, [sp, #8]                    @ 4-byte Spill
	b	.LBB6_13
.LBB6_12:
	.loc	2 214 44                        @ lvgl/src/lv_misc/lv_color.c:214:44
	ldrh.w	r0, [sp, #38]
	.loc	2 214 32                        @ lvgl/src/lv_misc/lv_color.c:214:32
	str	r0, [sp, #8]                    @ 4-byte Spill
	b	.LBB6_13
.LBB6_13:
	ldr	r0, [sp, #8]                    @ 4-byte Reload
	.loc	2 214 23                        @ lvgl/src/lv_misc/lv_color.c:214:23
	str	r0, [sp, #4]                    @ 4-byte Spill
	b	.LBB6_18
.LBB6_14:
	.loc	2 214 50                        @ lvgl/src/lv_misc/lv_color.c:214:50
	ldrh.w	r0, [sp, #40]
	.loc	2 214 54                        @ lvgl/src/lv_misc/lv_color.c:214:54
	ldrh.w	r1, [sp, #38]
	.loc	2 214 50                        @ lvgl/src/lv_misc/lv_color.c:214:50
	cmp	r0, r1
	ble	.LBB6_16
	b	.LBB6_15
.LBB6_15:
	.loc	2 214 58                        @ lvgl/src/lv_misc/lv_color.c:214:58
	ldrh.w	r0, [sp, #40]
	.loc	2 214 50                        @ lvgl/src/lv_misc/lv_color.c:214:50
	str	r0, [sp]                        @ 4-byte Spill
	b	.LBB6_17
.LBB6_16:
	.loc	2 214 62                        @ lvgl/src/lv_misc/lv_color.c:214:62
	ldrh.w	r0, [sp, #38]
	.loc	2 214 50                        @ lvgl/src/lv_misc/lv_color.c:214:50
	str	r0, [sp]                        @ 4-byte Spill
	b	.LBB6_17
.LBB6_17:
	ldr	r0, [sp]                        @ 4-byte Reload
	.loc	2 214 23                        @ lvgl/src/lv_misc/lv_color.c:214:23
	str	r0, [sp, #4]                    @ 4-byte Spill
	b	.LBB6_18
.LBB6_18:
	ldr	r0, [sp, #4]                    @ 4-byte Reload
	.loc	2 214 14                        @ lvgl/src/lv_misc/lv_color.c:214:14
	strh.w	r0, [sp, #34]
	.loc	2 219 20 is_stmt 1              @ lvgl/src/lv_misc/lv_color.c:219:20
	ldrh.w	r0, [sp, #34]
	movs	r1, #100
	.loc	2 219 18 is_stmt 0              @ lvgl/src/lv_misc/lv_color.c:219:18
	muls	r0, r1, r0
	.loc	2 219 28                        @ lvgl/src/lv_misc/lv_color.c:219:28
	lsrs	r0, r0, #10
	.loc	2 219 11                        @ lvgl/src/lv_misc/lv_color.c:219:11
	strb.w	r0, [sp, #51]
	.loc	2 221 21 is_stmt 1              @ lvgl/src/lv_misc/lv_color.c:221:21
	ldrh.w	r0, [sp, #34]
	.loc	2 221 30 is_stmt 0              @ lvgl/src/lv_misc/lv_color.c:221:30
	ldrh.w	r1, [sp, #36]
	.loc	2 221 28                        @ lvgl/src/lv_misc/lv_color.c:221:28
	subs	r0, r0, r1
	.loc	2 221 13                        @ lvgl/src/lv_misc/lv_color.c:221:13
	str	r0, [sp, #28]
.Ltmp23:
	.loc	2 222 8 is_stmt 1               @ lvgl/src/lv_misc/lv_color.c:222:8
	ldr	r0, [sp, #28]
.Ltmp24:
	.loc	2 222 8 is_stmt 0               @ lvgl/src/lv_misc/lv_color.c:222:8
	cmp	r0, #2
	bgt	.LBB6_20
	b	.LBB6_19
.LBB6_19:
	.loc	2 0 8                           @ lvgl/src/lv_misc/lv_color.c:0:8
	movs	r0, #0
.Ltmp25:
	.loc	2 223 15 is_stmt 1              @ lvgl/src/lv_misc/lv_color.c:223:15
	strh.w	r0, [sp, #48]
	.loc	2 224 15                        @ lvgl/src/lv_misc/lv_color.c:224:15
	strb.w	r0, [sp, #50]
	.loc	2 225 9                         @ lvgl/src/lv_misc/lv_color.c:225:9
	b	.LBB6_34
.Ltmp26:
.LBB6_20:
	.loc	2 229 19                        @ lvgl/src/lv_misc/lv_color.c:229:19
	ldr	r0, [sp, #28]
	movs	r1, #100
	.loc	2 229 17 is_stmt 0              @ lvgl/src/lv_misc/lv_color.c:229:17
	muls	r0, r1, r0
	.loc	2 229 27                        @ lvgl/src/lv_misc/lv_color.c:229:27
	ldrh.w	r1, [sp, #34]
	.loc	2 229 25                        @ lvgl/src/lv_misc/lv_color.c:229:25
	sdiv	r0, r0, r1
	.loc	2 229 11                        @ lvgl/src/lv_misc/lv_color.c:229:11
	strb.w	r0, [sp, #50]
.Ltmp27:
	.loc	2 230 12 is_stmt 1              @ lvgl/src/lv_misc/lv_color.c:230:12
	ldrb.w	r0, [sp, #50]
.Ltmp28:
	.loc	2 230 8 is_stmt 0               @ lvgl/src/lv_misc/lv_color.c:230:8
	cmp	r0, #2
	bgt	.LBB6_22
	b	.LBB6_21
.LBB6_21:
	.loc	2 0 8                           @ lvgl/src/lv_misc/lv_color.c:0:8
	movs	r0, #0
.Ltmp29:
	.loc	2 231 15 is_stmt 1              @ lvgl/src/lv_misc/lv_color.c:231:15
	strh.w	r0, [sp, #48]
	.loc	2 232 9                         @ lvgl/src/lv_misc/lv_color.c:232:9
	b	.LBB6_34
.Ltmp30:
.LBB6_22:
	.loc	2 237 8                         @ lvgl/src/lv_misc/lv_color.c:237:8
	ldrh.w	r0, [sp, #34]
	.loc	2 237 18 is_stmt 0              @ lvgl/src/lv_misc/lv_color.c:237:18
	ldrh.w	r1, [sp, #42]
.Ltmp31:
	.loc	2 237 8                         @ lvgl/src/lv_misc/lv_color.c:237:8
	cmp	r0, r1
	bne	.LBB6_24
	b	.LBB6_23
.LBB6_23:
.Ltmp32:
	.loc	2 238 16 is_stmt 1              @ lvgl/src/lv_misc/lv_color.c:238:16
	ldrh.w	r2, [sp, #40]
	.loc	2 238 20 is_stmt 0              @ lvgl/src/lv_misc/lv_color.c:238:20
	ldrh.w	r3, [sp, #38]
	.loc	2 238 18                        @ lvgl/src/lv_misc/lv_color.c:238:18
	subs	r0, r2, r3
	.loc	2 238 23                        @ lvgl/src/lv_misc/lv_color.c:238:23
	lsls	r0, r0, #10
	.loc	2 238 32                        @ lvgl/src/lv_misc/lv_color.c:238:32
	ldr	r1, [sp, #28]
	.loc	2 238 30                        @ lvgl/src/lv_misc/lv_color.c:238:30
	sdiv	r0, r0, r1
	.loc	2 238 39                        @ lvgl/src/lv_misc/lv_color.c:238:39
	add.w	r1, r0, #6144
	cmp	r2, r3
	it	lt
	movlt	r0, r1
	.loc	2 238 11                        @ lvgl/src/lv_misc/lv_color.c:238:11
	str	r0, [sp, #24]
	.loc	2 238 9                         @ lvgl/src/lv_misc/lv_color.c:238:9
	b	.LBB6_31
.LBB6_24:
.Ltmp33:
	.loc	2 239 13 is_stmt 1              @ lvgl/src/lv_misc/lv_color.c:239:13
	ldrh.w	r0, [sp, #34]
	.loc	2 239 23 is_stmt 0              @ lvgl/src/lv_misc/lv_color.c:239:23
	ldrh.w	r1, [sp, #40]
.Ltmp34:
	.loc	2 239 13                        @ lvgl/src/lv_misc/lv_color.c:239:13
	cmp	r0, r1
	bne	.LBB6_26
	b	.LBB6_25
.LBB6_25:
.Ltmp35:
	.loc	2 240 16 is_stmt 1              @ lvgl/src/lv_misc/lv_color.c:240:16
	ldrh.w	r0, [sp, #38]
	.loc	2 240 20 is_stmt 0              @ lvgl/src/lv_misc/lv_color.c:240:20
	ldrh.w	r1, [sp, #42]
	.loc	2 240 18                        @ lvgl/src/lv_misc/lv_color.c:240:18
	subs	r0, r0, r1
	.loc	2 240 23                        @ lvgl/src/lv_misc/lv_color.c:240:23
	lsls	r0, r0, #10
	.loc	2 240 32                        @ lvgl/src/lv_misc/lv_color.c:240:32
	ldr	r1, [sp, #28]
	.loc	2 240 30                        @ lvgl/src/lv_misc/lv_color.c:240:30
	sdiv	r0, r0, r1
	.loc	2 240 39                        @ lvgl/src/lv_misc/lv_color.c:240:39
	add.w	r0, r0, #2048
	.loc	2 240 11                        @ lvgl/src/lv_misc/lv_color.c:240:11
	str	r0, [sp, #24]
	.loc	2 240 9                         @ lvgl/src/lv_misc/lv_color.c:240:9
	b	.LBB6_30
.LBB6_26:
.Ltmp36:
	.loc	2 241 13 is_stmt 1              @ lvgl/src/lv_misc/lv_color.c:241:13
	ldrh.w	r0, [sp, #34]
	.loc	2 241 23 is_stmt 0              @ lvgl/src/lv_misc/lv_color.c:241:23
	ldrh.w	r1, [sp, #38]
.Ltmp37:
	.loc	2 241 13                        @ lvgl/src/lv_misc/lv_color.c:241:13
	cmp	r0, r1
	bne	.LBB6_28
	b	.LBB6_27
.LBB6_27:
.Ltmp38:
	.loc	2 242 16 is_stmt 1              @ lvgl/src/lv_misc/lv_color.c:242:16
	ldrh.w	r0, [sp, #42]
	.loc	2 242 20 is_stmt 0              @ lvgl/src/lv_misc/lv_color.c:242:20
	ldrh.w	r1, [sp, #40]
	.loc	2 242 18                        @ lvgl/src/lv_misc/lv_color.c:242:18
	subs	r0, r0, r1
	.loc	2 242 23                        @ lvgl/src/lv_misc/lv_color.c:242:23
	lsls	r0, r0, #10
	.loc	2 242 32                        @ lvgl/src/lv_misc/lv_color.c:242:32
	ldr	r1, [sp, #28]
	.loc	2 242 30                        @ lvgl/src/lv_misc/lv_color.c:242:30
	sdiv	r0, r0, r1
	.loc	2 242 39                        @ lvgl/src/lv_misc/lv_color.c:242:39
	add.w	r0, r0, #4096
	.loc	2 242 11                        @ lvgl/src/lv_misc/lv_color.c:242:11
	str	r0, [sp, #24]
	.loc	2 242 9                         @ lvgl/src/lv_misc/lv_color.c:242:9
	b	.LBB6_29
.LBB6_28:
	.loc	2 0 9                           @ lvgl/src/lv_misc/lv_color.c:0:9
	movs	r0, #0
	.loc	2 244 11 is_stmt 1              @ lvgl/src/lv_misc/lv_color.c:244:11
	str	r0, [sp, #24]
	b	.LBB6_29
.Ltmp39:
.LBB6_29:
	.loc	2 0 11 is_stmt 0                @ lvgl/src/lv_misc/lv_color.c:0:11
	b	.LBB6_30
.LBB6_30:
	b	.LBB6_31
.LBB6_31:
	.loc	2 245 7 is_stmt 1               @ lvgl/src/lv_misc/lv_color.c:245:7
	ldr	r0, [sp, #24]
	rsb	r0, r0, r0, lsl #4
	lsls	r0, r0, #2
	str	r0, [sp, #24]
	.loc	2 246 7                         @ lvgl/src/lv_misc/lv_color.c:246:7
	ldr	r0, [sp, #24]
	asrs	r0, r0, #10
	str	r0, [sp, #24]
.Ltmp40:
	.loc	2 247 8                         @ lvgl/src/lv_misc/lv_color.c:247:8
	ldr	r0, [sp, #24]
.Ltmp41:
	.loc	2 247 8 is_stmt 0               @ lvgl/src/lv_misc/lv_color.c:247:8
	cmp.w	r0, #-1
	bgt	.LBB6_33
	b	.LBB6_32
.LBB6_32:
.Ltmp42:
	.loc	2 247 17                        @ lvgl/src/lv_misc/lv_color.c:247:17
	ldr	r0, [sp, #24]
	add.w	r0, r0, #360
	str	r0, [sp, #24]
	.loc	2 247 15                        @ lvgl/src/lv_misc/lv_color.c:247:15
	b	.LBB6_33
.Ltmp43:
.LBB6_33:
	.loc	2 249 13 is_stmt 1              @ lvgl/src/lv_misc/lv_color.c:249:13
	ldr	r0, [sp, #24]
	.loc	2 249 11 is_stmt 0              @ lvgl/src/lv_misc/lv_color.c:249:11
	strh.w	r0, [sp, #48]
	.loc	2 250 5 is_stmt 1               @ lvgl/src/lv_misc/lv_color.c:250:5
	b	.LBB6_34
.LBB6_34:
	.loc	2 251 1                         @ lvgl/src/lv_misc/lv_color.c:251:1
	ldr	r0, [sp, #48]
	add	sp, #52
	bx	lr
.Ltmp44:
.Lfunc_end6:
	.size	lv_color_rgb_to_hsv, .Lfunc_end6-lv_color_rgb_to_hsv
	.cfi_endproc
	.cantunwind
	.fnend
                                        @ -- End function
	.section	.text.lv_color_to_hsv,"ax",%progbits
	.hidden	lv_color_to_hsv                 @ -- Begin function lv_color_to_hsv
	.globl	lv_color_to_hsv
	.p2align	3
	.type	lv_color_to_hsv,%function
	.code	16                              @ @lv_color_to_hsv
	.thumb_func
lv_color_to_hsv:
.Lfunc_begin7:
	.loc	2 259 0                         @ lvgl/src/lv_misc/lv_color.c:259:0
	.fnstart
	.cfi_startproc
@ %bb.0:
	.save	{r7, lr}
	push	{r7, lr}
	.cfi_def_cfa_offset 8
	.cfi_offset lr, -4
	.cfi_offset r7, -8
	.pad	#16
	sub	sp, #16
	.cfi_def_cfa_offset 24
	str	r0, [sp, #8]
.Ltmp45:
	.loc	2 261 20 prologue_end           @ lvgl/src/lv_misc/lv_color.c:261:20
	ldr	r0, [sp, #8]
	bl	lv_color_to32
	.loc	2 261 18 is_stmt 0              @ lvgl/src/lv_misc/lv_color.c:261:18
	str	r0, [sp, #4]
	.loc	2 262 77 is_stmt 1              @ lvgl/src/lv_misc/lv_color.c:262:77
	ldrb.w	r2, [sp, #4]
	.loc	2 262 59 is_stmt 0              @ lvgl/src/lv_misc/lv_color.c:262:59
	ldrb.w	r1, [sp, #5]
	.loc	2 262 43                        @ lvgl/src/lv_misc/lv_color.c:262:43
	ldrb.w	r0, [sp, #6]
	.loc	2 262 12                        @ lvgl/src/lv_misc/lv_color.c:262:12
	bl	lv_color_rgb_to_hsv
	str	r0, [sp, #12]
	.loc	2 262 5                         @ lvgl/src/lv_misc/lv_color.c:262:5
	ldr	r0, [sp, #12]
	add	sp, #16
	pop	{r7, pc}
.Ltmp46:
.Lfunc_end7:
	.size	lv_color_to_hsv, .Lfunc_end7-lv_color_to_hsv
	.cfi_endproc
	.cantunwind
	.fnend
                                        @ -- End function
	.section	.text.lv_color_to32,"ax",%progbits
	.p2align	3                               @ -- Begin function lv_color_to32
	.type	lv_color_to32,%function
	.code	16                              @ @lv_color_to32
	.thumb_func
lv_color_to32:
.Lfunc_begin8:
	.loc	3 377 0 is_stmt 1               @ lvgl/src/lv_misc/lv_color.h:377:0
	.fnstart
	.cfi_startproc
@ %bb.0:
	.pad	#4
	sub	sp, #4
	.cfi_def_cfa_offset 4
	str	r0, [sp]
.Ltmp47:
	.loc	3 427 18 prologue_end           @ lvgl/src/lv_misc/lv_color.h:427:18
	ldr	r0, [sp]
	.loc	3 427 5 is_stmt 0               @ lvgl/src/lv_misc/lv_color.h:427:5
	add	sp, #4
	bx	lr
.Ltmp48:
.Lfunc_end8:
	.size	lv_color_to32, .Lfunc_end8-lv_color_to32
	.cfi_endproc
	.cantunwind
	.fnend
                                        @ -- End function
	.section	.debug_abbrev,"",%progbits
	.byte	1                               @ Abbreviation Code
	.byte	17                              @ DW_TAG_compile_unit
	.byte	1                               @ DW_CHILDREN_yes
	.byte	37                              @ DW_AT_producer
	.byte	14                              @ DW_FORM_strp
	.byte	19                              @ DW_AT_language
	.byte	5                               @ DW_FORM_data2
	.byte	3                               @ DW_AT_name
	.byte	14                              @ DW_FORM_strp
	.byte	16                              @ DW_AT_stmt_list
	.byte	6                               @ DW_FORM_data4
	.byte	27                              @ DW_AT_comp_dir
	.byte	14                              @ DW_FORM_strp
	.byte	17                              @ DW_AT_low_pc
	.byte	1                               @ DW_FORM_addr
	.byte	85                              @ DW_AT_ranges
	.byte	6                               @ DW_FORM_data4
	.byte	0                               @ EOM(1)
	.byte	0                               @ EOM(2)
	.byte	2                               @ Abbreviation Code
	.byte	22                              @ DW_TAG_typedef
	.byte	0                               @ DW_CHILDREN_no
	.byte	73                              @ DW_AT_type
	.byte	19                              @ DW_FORM_ref4
	.byte	3                               @ DW_AT_name
	.byte	14                              @ DW_FORM_strp
	.byte	58                              @ DW_AT_decl_file
	.byte	11                              @ DW_FORM_data1
	.byte	59                              @ DW_AT_decl_line
	.byte	11                              @ DW_FORM_data1
	.byte	0                               @ EOM(1)
	.byte	0                               @ EOM(2)
	.byte	3                               @ Abbreviation Code
	.byte	36                              @ DW_TAG_base_type
	.byte	0                               @ DW_CHILDREN_no
	.byte	3                               @ DW_AT_name
	.byte	14                              @ DW_FORM_strp
	.byte	62                              @ DW_AT_encoding
	.byte	11                              @ DW_FORM_data1
	.byte	11                              @ DW_AT_byte_size
	.byte	11                              @ DW_FORM_data1
	.byte	0                               @ EOM(1)
	.byte	0                               @ EOM(2)
	.byte	4                               @ Abbreviation Code
	.byte	46                              @ DW_TAG_subprogram
	.byte	1                               @ DW_CHILDREN_yes
	.byte	17                              @ DW_AT_low_pc
	.byte	1                               @ DW_FORM_addr
	.byte	18                              @ DW_AT_high_pc
	.byte	1                               @ DW_FORM_addr
	.byte	64                              @ DW_AT_frame_base
	.byte	10                              @ DW_FORM_block1
	.byte	3                               @ DW_AT_name
	.byte	14                              @ DW_FORM_strp
	.byte	58                              @ DW_AT_decl_file
	.byte	11                              @ DW_FORM_data1
	.byte	59                              @ DW_AT_decl_line
	.byte	11                              @ DW_FORM_data1
	.byte	39                              @ DW_AT_prototyped
	.byte	12                              @ DW_FORM_flag
	.byte	63                              @ DW_AT_external
	.byte	12                              @ DW_FORM_flag
	.byte	0                               @ EOM(1)
	.byte	0                               @ EOM(2)
	.byte	5                               @ Abbreviation Code
	.byte	5                               @ DW_TAG_formal_parameter
	.byte	0                               @ DW_CHILDREN_no
	.byte	2                               @ DW_AT_location
	.byte	10                              @ DW_FORM_block1
	.byte	3                               @ DW_AT_name
	.byte	14                              @ DW_FORM_strp
	.byte	58                              @ DW_AT_decl_file
	.byte	11                              @ DW_FORM_data1
	.byte	59                              @ DW_AT_decl_line
	.byte	11                              @ DW_FORM_data1
	.byte	73                              @ DW_AT_type
	.byte	19                              @ DW_FORM_ref4
	.byte	0                               @ EOM(1)
	.byte	0                               @ EOM(2)
	.byte	6                               @ Abbreviation Code
	.byte	46                              @ DW_TAG_subprogram
	.byte	1                               @ DW_CHILDREN_yes
	.byte	17                              @ DW_AT_low_pc
	.byte	1                               @ DW_FORM_addr
	.byte	18                              @ DW_AT_high_pc
	.byte	1                               @ DW_FORM_addr
	.byte	64                              @ DW_AT_frame_base
	.byte	10                              @ DW_FORM_block1
	.byte	3                               @ DW_AT_name
	.byte	14                              @ DW_FORM_strp
	.byte	58                              @ DW_AT_decl_file
	.byte	11                              @ DW_FORM_data1
	.byte	59                              @ DW_AT_decl_line
	.byte	11                              @ DW_FORM_data1
	.byte	39                              @ DW_AT_prototyped
	.byte	12                              @ DW_FORM_flag
	.byte	73                              @ DW_AT_type
	.byte	19                              @ DW_FORM_ref4
	.byte	63                              @ DW_AT_external
	.byte	12                              @ DW_FORM_flag
	.byte	0                               @ EOM(1)
	.byte	0                               @ EOM(2)
	.byte	7                               @ Abbreviation Code
	.byte	46                              @ DW_TAG_subprogram
	.byte	1                               @ DW_CHILDREN_yes
	.byte	17                              @ DW_AT_low_pc
	.byte	1                               @ DW_FORM_addr
	.byte	18                              @ DW_AT_high_pc
	.byte	1                               @ DW_FORM_addr
	.byte	64                              @ DW_AT_frame_base
	.byte	10                              @ DW_FORM_block1
	.byte	3                               @ DW_AT_name
	.byte	14                              @ DW_FORM_strp
	.byte	58                              @ DW_AT_decl_file
	.byte	11                              @ DW_FORM_data1
	.byte	59                              @ DW_AT_decl_line
	.byte	5                               @ DW_FORM_data2
	.byte	39                              @ DW_AT_prototyped
	.byte	12                              @ DW_FORM_flag
	.byte	73                              @ DW_AT_type
	.byte	19                              @ DW_FORM_ref4
	.byte	0                               @ EOM(1)
	.byte	0                               @ EOM(2)
	.byte	8                               @ Abbreviation Code
	.byte	5                               @ DW_TAG_formal_parameter
	.byte	0                               @ DW_CHILDREN_no
	.byte	2                               @ DW_AT_location
	.byte	10                              @ DW_FORM_block1
	.byte	3                               @ DW_AT_name
	.byte	14                              @ DW_FORM_strp
	.byte	58                              @ DW_AT_decl_file
	.byte	11                              @ DW_FORM_data1
	.byte	59                              @ DW_AT_decl_line
	.byte	5                               @ DW_FORM_data2
	.byte	73                              @ DW_AT_type
	.byte	19                              @ DW_FORM_ref4
	.byte	0                               @ EOM(1)
	.byte	0                               @ EOM(2)
	.byte	9                               @ Abbreviation Code
	.byte	52                              @ DW_TAG_variable
	.byte	0                               @ DW_CHILDREN_no
	.byte	2                               @ DW_AT_location
	.byte	10                              @ DW_FORM_block1
	.byte	3                               @ DW_AT_name
	.byte	14                              @ DW_FORM_strp
	.byte	58                              @ DW_AT_decl_file
	.byte	11                              @ DW_FORM_data1
	.byte	59                              @ DW_AT_decl_line
	.byte	5                               @ DW_FORM_data2
	.byte	73                              @ DW_AT_type
	.byte	19                              @ DW_FORM_ref4
	.byte	0                               @ EOM(1)
	.byte	0                               @ EOM(2)
	.byte	10                              @ Abbreviation Code
	.byte	52                              @ DW_TAG_variable
	.byte	0                               @ DW_CHILDREN_no
	.byte	2                               @ DW_AT_location
	.byte	10                              @ DW_FORM_block1
	.byte	3                               @ DW_AT_name
	.byte	14                              @ DW_FORM_strp
	.byte	58                              @ DW_AT_decl_file
	.byte	11                              @ DW_FORM_data1
	.byte	59                              @ DW_AT_decl_line
	.byte	11                              @ DW_FORM_data1
	.byte	73                              @ DW_AT_type
	.byte	19                              @ DW_FORM_ref4
	.byte	0                               @ EOM(1)
	.byte	0                               @ EOM(2)
	.byte	11                              @ Abbreviation Code
	.byte	46                              @ DW_TAG_subprogram
	.byte	1                               @ DW_CHILDREN_yes
	.byte	17                              @ DW_AT_low_pc
	.byte	1                               @ DW_FORM_addr
	.byte	18                              @ DW_AT_high_pc
	.byte	1                               @ DW_FORM_addr
	.byte	64                              @ DW_AT_frame_base
	.byte	10                              @ DW_FORM_block1
	.byte	3                               @ DW_AT_name
	.byte	14                              @ DW_FORM_strp
	.byte	58                              @ DW_AT_decl_file
	.byte	11                              @ DW_FORM_data1
	.byte	59                              @ DW_AT_decl_line
	.byte	5                               @ DW_FORM_data2
	.byte	39                              @ DW_AT_prototyped
	.byte	12                              @ DW_FORM_flag
	.byte	73                              @ DW_AT_type
	.byte	19                              @ DW_FORM_ref4
	.byte	63                              @ DW_AT_external
	.byte	12                              @ DW_FORM_flag
	.byte	0                               @ EOM(1)
	.byte	0                               @ EOM(2)
	.byte	12                              @ Abbreviation Code
	.byte	22                              @ DW_TAG_typedef
	.byte	0                               @ DW_CHILDREN_no
	.byte	73                              @ DW_AT_type
	.byte	19                              @ DW_FORM_ref4
	.byte	3                               @ DW_AT_name
	.byte	14                              @ DW_FORM_strp
	.byte	58                              @ DW_AT_decl_file
	.byte	11                              @ DW_FORM_data1
	.byte	59                              @ DW_AT_decl_line
	.byte	5                               @ DW_FORM_data2
	.byte	0                               @ EOM(1)
	.byte	0                               @ EOM(2)
	.byte	13                              @ Abbreviation Code
	.byte	23                              @ DW_TAG_union_type
	.byte	1                               @ DW_CHILDREN_yes
	.byte	11                              @ DW_AT_byte_size
	.byte	11                              @ DW_FORM_data1
	.byte	58                              @ DW_AT_decl_file
	.byte	11                              @ DW_FORM_data1
	.byte	59                              @ DW_AT_decl_line
	.byte	5                               @ DW_FORM_data2
	.byte	0                               @ EOM(1)
	.byte	0                               @ EOM(2)
	.byte	14                              @ Abbreviation Code
	.byte	13                              @ DW_TAG_member
	.byte	0                               @ DW_CHILDREN_no
	.byte	3                               @ DW_AT_name
	.byte	14                              @ DW_FORM_strp
	.byte	73                              @ DW_AT_type
	.byte	19                              @ DW_FORM_ref4
	.byte	58                              @ DW_AT_decl_file
	.byte	11                              @ DW_FORM_data1
	.byte	59                              @ DW_AT_decl_line
	.byte	5                               @ DW_FORM_data2
	.byte	56                              @ DW_AT_data_member_location
	.byte	11                              @ DW_FORM_data1
	.byte	0                               @ EOM(1)
	.byte	0                               @ EOM(2)
	.byte	15                              @ Abbreviation Code
	.byte	19                              @ DW_TAG_structure_type
	.byte	1                               @ DW_CHILDREN_yes
	.byte	11                              @ DW_AT_byte_size
	.byte	11                              @ DW_FORM_data1
	.byte	58                              @ DW_AT_decl_file
	.byte	11                              @ DW_FORM_data1
	.byte	59                              @ DW_AT_decl_line
	.byte	5                               @ DW_FORM_data2
	.byte	0                               @ EOM(1)
	.byte	0                               @ EOM(2)
	.byte	16                              @ Abbreviation Code
	.byte	15                              @ DW_TAG_pointer_type
	.byte	0                               @ DW_CHILDREN_no
	.byte	73                              @ DW_AT_type
	.byte	19                              @ DW_FORM_ref4
	.byte	0                               @ EOM(1)
	.byte	0                               @ EOM(2)
	.byte	0                               @ EOM(3)
	.section	.debug_info,"",%progbits
.Lcu_begin0:
	.long	.Ldebug_info_end0-.Ldebug_info_start0 @ Length of Unit
.Ldebug_info_start0:
	.short	3                               @ DWARF version number
	.long	.debug_abbrev                   @ Offset Into Abbrev. Section
	.byte	4                               @ Address Size (in bytes)
	.byte	1                               @ Abbrev [1] 0xb:0x42f DW_TAG_compile_unit
	.long	.Linfo_string0                  @ DW_AT_producer
	.short	12                              @ DW_AT_language
	.long	.Linfo_string1                  @ DW_AT_name
	.long	.Lline_table_start0             @ DW_AT_stmt_list
	.long	.Linfo_string2                  @ DW_AT_comp_dir
	.long	0                               @ DW_AT_low_pc
	.long	.Ldebug_ranges0                 @ DW_AT_ranges
	.byte	2                               @ Abbrev [2] 0x26:0xb DW_TAG_typedef
	.long	49                              @ DW_AT_type
	.long	.Linfo_string4                  @ DW_AT_name
	.byte	1                               @ DW_AT_decl_file
	.byte	64                              @ DW_AT_decl_line
	.byte	3                               @ Abbrev [3] 0x31:0x7 DW_TAG_base_type
	.long	.Linfo_string3                  @ DW_AT_name
	.byte	7                               @ DW_AT_encoding
	.byte	4                               @ DW_AT_byte_size
	.byte	2                               @ Abbrev [2] 0x38:0xb DW_TAG_typedef
	.long	67                              @ DW_AT_type
	.long	.Linfo_string6                  @ DW_AT_name
	.byte	1                               @ DW_AT_decl_file
	.byte	63                              @ DW_AT_decl_line
	.byte	3                               @ Abbrev [3] 0x43:0x7 DW_TAG_base_type
	.long	.Linfo_string5                  @ DW_AT_name
	.byte	7                               @ DW_AT_encoding
	.byte	2                               @ DW_AT_byte_size
	.byte	2                               @ Abbrev [2] 0x4a:0xb DW_TAG_typedef
	.long	85                              @ DW_AT_type
	.long	.Linfo_string8                  @ DW_AT_name
	.byte	1                               @ DW_AT_decl_file
	.byte	62                              @ DW_AT_decl_line
	.byte	3                               @ Abbrev [3] 0x55:0x7 DW_TAG_base_type
	.long	.Linfo_string7                  @ DW_AT_name
	.byte	8                               @ DW_AT_encoding
	.byte	1                               @ DW_AT_byte_size
	.byte	4                               @ Abbrev [4] 0x5c:0x3e DW_TAG_subprogram
	.long	.Lfunc_begin0                   @ DW_AT_low_pc
	.long	.Lfunc_end0                     @ DW_AT_high_pc
	.byte	1                               @ DW_AT_frame_base
	.byte	93
	.long	.Linfo_string9                  @ DW_AT_name
	.byte	2                               @ DW_AT_decl_file
	.byte	35                              @ DW_AT_decl_line
	.byte	1                               @ DW_AT_prototyped
	.byte	1                               @ DW_AT_external
	.byte	5                               @ Abbrev [5] 0x6f:0xe DW_TAG_formal_parameter
	.byte	2                               @ DW_AT_location
	.byte	145
	.byte	4
	.long	.Linfo_string30                 @ DW_AT_name
	.byte	2                               @ DW_AT_decl_file
	.byte	35                              @ DW_AT_decl_line
	.long	1046                            @ DW_AT_type
	.byte	5                               @ Abbrev [5] 0x7d:0xe DW_TAG_formal_parameter
	.byte	2                               @ DW_AT_location
	.byte	145
	.byte	8
	.long	.Linfo_string31                 @ DW_AT_name
	.byte	2                               @ DW_AT_decl_file
	.byte	35                              @ DW_AT_decl_line
	.long	875                             @ DW_AT_type
	.byte	5                               @ Abbrev [5] 0x8b:0xe DW_TAG_formal_parameter
	.byte	2                               @ DW_AT_location
	.byte	145
	.byte	0
	.long	.Linfo_string32                 @ DW_AT_name
	.byte	2                               @ DW_AT_decl_file
	.byte	35                              @ DW_AT_decl_line
	.long	38                              @ DW_AT_type
	.byte	0                               @ End Of Children Mark
	.byte	6                               @ Abbrev [6] 0x9a:0x34 DW_TAG_subprogram
	.long	.Lfunc_begin1                   @ DW_AT_low_pc
	.long	.Lfunc_end1                     @ DW_AT_high_pc
	.byte	1                               @ DW_AT_frame_base
	.byte	93
	.long	.Linfo_string10                 @ DW_AT_name
	.byte	2                               @ DW_AT_decl_file
	.byte	125                             @ DW_AT_decl_line
	.byte	1                               @ DW_AT_prototyped
	.long	875                             @ DW_AT_type
	.byte	1                               @ DW_AT_external
	.byte	5                               @ Abbrev [5] 0xb1:0xe DW_TAG_formal_parameter
	.byte	2                               @ DW_AT_location
	.byte	145
	.byte	8
	.long	.Linfo_string33                 @ DW_AT_name
	.byte	2                               @ DW_AT_decl_file
	.byte	125                             @ DW_AT_decl_line
	.long	875                             @ DW_AT_type
	.byte	5                               @ Abbrev [5] 0xbf:0xe DW_TAG_formal_parameter
	.byte	2                               @ DW_AT_location
	.byte	145
	.byte	7
	.long	.Linfo_string34                 @ DW_AT_name
	.byte	2                               @ DW_AT_decl_file
	.byte	125                             @ DW_AT_decl_line
	.long	1051                            @ DW_AT_type
	.byte	0                               @ End Of Children Mark
	.byte	7                               @ Abbrev [7] 0xce:0x54 DW_TAG_subprogram
	.long	.Lfunc_begin2                   @ DW_AT_low_pc
	.long	.Lfunc_end2                     @ DW_AT_high_pc
	.byte	1                               @ DW_AT_frame_base
	.byte	93
	.long	.Linfo_string19                 @ DW_AT_name
	.byte	3                               @ DW_AT_decl_file
	.short	440                             @ DW_AT_decl_line
	.byte	1                               @ DW_AT_prototyped
	.long	875                             @ DW_AT_type
	.byte	8                               @ Abbrev [8] 0xe5:0xf DW_TAG_formal_parameter
	.byte	2                               @ DW_AT_location
	.byte	145
	.byte	8
	.long	.Linfo_string36                 @ DW_AT_name
	.byte	3                               @ DW_AT_decl_file
	.short	440                             @ DW_AT_decl_line
	.long	875                             @ DW_AT_type
	.byte	8                               @ Abbrev [8] 0xf4:0xf DW_TAG_formal_parameter
	.byte	2                               @ DW_AT_location
	.byte	145
	.byte	4
	.long	.Linfo_string37                 @ DW_AT_name
	.byte	3                               @ DW_AT_decl_file
	.short	440                             @ DW_AT_decl_line
	.long	875                             @ DW_AT_type
	.byte	8                               @ Abbrev [8] 0x103:0xf DW_TAG_formal_parameter
	.byte	2                               @ DW_AT_location
	.byte	145
	.byte	3
	.long	.Linfo_string38                 @ DW_AT_name
	.byte	3                               @ DW_AT_decl_file
	.short	440                             @ DW_AT_decl_line
	.long	74                              @ DW_AT_type
	.byte	9                               @ Abbrev [9] 0x112:0xf DW_TAG_variable
	.byte	2                               @ DW_AT_location
	.byte	145
	.byte	12
	.long	.Linfo_string39                 @ DW_AT_name
	.byte	3                               @ DW_AT_decl_file
	.short	442                             @ DW_AT_decl_line
	.long	875                             @ DW_AT_type
	.byte	0                               @ End Of Children Mark
	.byte	6                               @ Abbrev [6] 0x122:0x34 DW_TAG_subprogram
	.long	.Lfunc_begin3                   @ DW_AT_low_pc
	.long	.Lfunc_end3                     @ DW_AT_high_pc
	.byte	1                               @ DW_AT_frame_base
	.byte	93
	.long	.Linfo_string20                 @ DW_AT_name
	.byte	2                               @ DW_AT_decl_file
	.byte	130                             @ DW_AT_decl_line
	.byte	1                               @ DW_AT_prototyped
	.long	875                             @ DW_AT_type
	.byte	1                               @ DW_AT_external
	.byte	5                               @ Abbrev [5] 0x139:0xe DW_TAG_formal_parameter
	.byte	2                               @ DW_AT_location
	.byte	145
	.byte	8
	.long	.Linfo_string33                 @ DW_AT_name
	.byte	2                               @ DW_AT_decl_file
	.byte	130                             @ DW_AT_decl_line
	.long	875                             @ DW_AT_type
	.byte	5                               @ Abbrev [5] 0x147:0xe DW_TAG_formal_parameter
	.byte	2                               @ DW_AT_location
	.byte	145
	.byte	7
	.long	.Linfo_string34                 @ DW_AT_name
	.byte	2                               @ DW_AT_decl_file
	.byte	130                             @ DW_AT_decl_line
	.long	1051                            @ DW_AT_type
	.byte	0                               @ End Of Children Mark
	.byte	6                               @ Abbrev [6] 0x156:0xc0 DW_TAG_subprogram
	.long	.Lfunc_begin4                   @ DW_AT_low_pc
	.long	.Lfunc_end4                     @ DW_AT_high_pc
	.byte	1                               @ DW_AT_frame_base
	.byte	93
	.long	.Linfo_string21                 @ DW_AT_name
	.byte	2                               @ DW_AT_decl_file
	.byte	142                             @ DW_AT_decl_line
	.byte	1                               @ DW_AT_prototyped
	.long	875                             @ DW_AT_type
	.byte	1                               @ DW_AT_external
	.byte	5                               @ Abbrev [5] 0x16d:0xe DW_TAG_formal_parameter
	.byte	2                               @ DW_AT_location
	.byte	145
	.byte	18
	.long	.Linfo_string24                 @ DW_AT_name
	.byte	2                               @ DW_AT_decl_file
	.byte	142                             @ DW_AT_decl_line
	.long	56                              @ DW_AT_type
	.byte	5                               @ Abbrev [5] 0x17b:0xe DW_TAG_formal_parameter
	.byte	2                               @ DW_AT_location
	.byte	145
	.byte	17
	.long	.Linfo_string25                 @ DW_AT_name
	.byte	2                               @ DW_AT_decl_file
	.byte	142                             @ DW_AT_decl_line
	.long	74                              @ DW_AT_type
	.byte	5                               @ Abbrev [5] 0x189:0xe DW_TAG_formal_parameter
	.byte	2                               @ DW_AT_location
	.byte	145
	.byte	16
	.long	.Linfo_string26                 @ DW_AT_name
	.byte	2                               @ DW_AT_decl_file
	.byte	142                             @ DW_AT_decl_line
	.long	74                              @ DW_AT_type
	.byte	10                              @ Abbrev [10] 0x197:0xe DW_TAG_variable
	.byte	2                               @ DW_AT_location
	.byte	145
	.byte	15
	.long	.Linfo_string40                 @ DW_AT_name
	.byte	2                               @ DW_AT_decl_file
	.byte	148                             @ DW_AT_decl_line
	.long	74                              @ DW_AT_type
	.byte	10                              @ Abbrev [10] 0x1a5:0xe DW_TAG_variable
	.byte	2                               @ DW_AT_location
	.byte	145
	.byte	14
	.long	.Linfo_string41                 @ DW_AT_name
	.byte	2                               @ DW_AT_decl_file
	.byte	148                             @ DW_AT_decl_line
	.long	74                              @ DW_AT_type
	.byte	10                              @ Abbrev [10] 0x1b3:0xe DW_TAG_variable
	.byte	2                               @ DW_AT_location
	.byte	145
	.byte	13
	.long	.Linfo_string42                 @ DW_AT_name
	.byte	2                               @ DW_AT_decl_file
	.byte	148                             @ DW_AT_decl_line
	.long	74                              @ DW_AT_type
	.byte	10                              @ Abbrev [10] 0x1c1:0xe DW_TAG_variable
	.byte	2                               @ DW_AT_location
	.byte	145
	.byte	12
	.long	.Linfo_string43                 @ DW_AT_name
	.byte	2                               @ DW_AT_decl_file
	.byte	150                             @ DW_AT_decl_line
	.long	74                              @ DW_AT_type
	.byte	10                              @ Abbrev [10] 0x1cf:0xe DW_TAG_variable
	.byte	2                               @ DW_AT_location
	.byte	145
	.byte	11
	.long	.Linfo_string44                 @ DW_AT_name
	.byte	2                               @ DW_AT_decl_file
	.byte	150                             @ DW_AT_decl_line
	.long	74                              @ DW_AT_type
	.byte	10                              @ Abbrev [10] 0x1dd:0xe DW_TAG_variable
	.byte	2                               @ DW_AT_location
	.byte	145
	.byte	10
	.long	.Linfo_string45                 @ DW_AT_name
	.byte	2                               @ DW_AT_decl_file
	.byte	150                             @ DW_AT_decl_line
	.long	74                              @ DW_AT_type
	.byte	10                              @ Abbrev [10] 0x1eb:0xe DW_TAG_variable
	.byte	2                               @ DW_AT_location
	.byte	145
	.byte	9
	.long	.Linfo_string46                 @ DW_AT_name
	.byte	2                               @ DW_AT_decl_file
	.byte	150                             @ DW_AT_decl_line
	.long	74                              @ DW_AT_type
	.byte	10                              @ Abbrev [10] 0x1f9:0xe DW_TAG_variable
	.byte	2                               @ DW_AT_location
	.byte	145
	.byte	8
	.long	.Linfo_string47                 @ DW_AT_name
	.byte	2                               @ DW_AT_decl_file
	.byte	150                             @ DW_AT_decl_line
	.long	74                              @ DW_AT_type
	.byte	10                              @ Abbrev [10] 0x207:0xe DW_TAG_variable
	.byte	2                               @ DW_AT_location
	.byte	145
	.byte	4
	.long	.Linfo_string48                 @ DW_AT_name
	.byte	2                               @ DW_AT_decl_file
	.byte	196                             @ DW_AT_decl_line
	.long	875                             @ DW_AT_type
	.byte	0                               @ End Of Children Mark
	.byte	7                               @ Abbrev [7] 0x216:0x45 DW_TAG_subprogram
	.long	.Lfunc_begin5                   @ DW_AT_low_pc
	.long	.Lfunc_end5                     @ DW_AT_high_pc
	.byte	1                               @ DW_AT_frame_base
	.byte	93
	.long	.Linfo_string22                 @ DW_AT_name
	.byte	3                               @ DW_AT_decl_file
	.short	583                             @ DW_AT_decl_line
	.byte	1                               @ DW_AT_prototyped
	.long	875                             @ DW_AT_type
	.byte	8                               @ Abbrev [8] 0x22d:0xf DW_TAG_formal_parameter
	.byte	2                               @ DW_AT_location
	.byte	145
	.byte	3
	.long	.Linfo_string40                 @ DW_AT_name
	.byte	3                               @ DW_AT_decl_file
	.short	583                             @ DW_AT_decl_line
	.long	74                              @ DW_AT_type
	.byte	8                               @ Abbrev [8] 0x23c:0xf DW_TAG_formal_parameter
	.byte	2                               @ DW_AT_location
	.byte	145
	.byte	2
	.long	.Linfo_string41                 @ DW_AT_name
	.byte	3                               @ DW_AT_decl_file
	.short	583                             @ DW_AT_decl_line
	.long	74                              @ DW_AT_type
	.byte	8                               @ Abbrev [8] 0x24b:0xf DW_TAG_formal_parameter
	.byte	2                               @ DW_AT_location
	.byte	145
	.byte	1
	.long	.Linfo_string42                 @ DW_AT_name
	.byte	3                               @ DW_AT_decl_file
	.short	583                             @ DW_AT_decl_line
	.long	74                              @ DW_AT_type
	.byte	0                               @ End Of Children Mark
	.byte	6                               @ Abbrev [6] 0x25b:0xb2 DW_TAG_subprogram
	.long	.Lfunc_begin6                   @ DW_AT_low_pc
	.long	.Lfunc_end6                     @ DW_AT_high_pc
	.byte	1                               @ DW_AT_frame_base
	.byte	93
	.long	.Linfo_string23                 @ DW_AT_name
	.byte	2                               @ DW_AT_decl_file
	.byte	207                             @ DW_AT_decl_line
	.byte	1                               @ DW_AT_prototyped
	.long	989                             @ DW_AT_type
	.byte	1                               @ DW_AT_external
	.byte	5                               @ Abbrev [5] 0x272:0xe DW_TAG_formal_parameter
	.byte	2                               @ DW_AT_location
	.byte	145
	.byte	47
	.long	.Linfo_string49                 @ DW_AT_name
	.byte	2                               @ DW_AT_decl_file
	.byte	207                             @ DW_AT_decl_line
	.long	74                              @ DW_AT_type
	.byte	5                               @ Abbrev [5] 0x280:0xe DW_TAG_formal_parameter
	.byte	2                               @ DW_AT_location
	.byte	145
	.byte	46
	.long	.Linfo_string50                 @ DW_AT_name
	.byte	2                               @ DW_AT_decl_file
	.byte	207                             @ DW_AT_decl_line
	.long	74                              @ DW_AT_type
	.byte	5                               @ Abbrev [5] 0x28e:0xe DW_TAG_formal_parameter
	.byte	2                               @ DW_AT_location
	.byte	145
	.byte	45
	.long	.Linfo_string51                 @ DW_AT_name
	.byte	2                               @ DW_AT_decl_file
	.byte	207                             @ DW_AT_decl_line
	.long	74                              @ DW_AT_type
	.byte	10                              @ Abbrev [10] 0x29c:0xe DW_TAG_variable
	.byte	2                               @ DW_AT_location
	.byte	145
	.byte	42
	.long	.Linfo_string40                 @ DW_AT_name
	.byte	2                               @ DW_AT_decl_file
	.byte	209                             @ DW_AT_decl_line
	.long	56                              @ DW_AT_type
	.byte	10                              @ Abbrev [10] 0x2aa:0xe DW_TAG_variable
	.byte	2                               @ DW_AT_location
	.byte	145
	.byte	40
	.long	.Linfo_string41                 @ DW_AT_name
	.byte	2                               @ DW_AT_decl_file
	.byte	210                             @ DW_AT_decl_line
	.long	56                              @ DW_AT_type
	.byte	10                              @ Abbrev [10] 0x2b8:0xe DW_TAG_variable
	.byte	2                               @ DW_AT_location
	.byte	145
	.byte	38
	.long	.Linfo_string42                 @ DW_AT_name
	.byte	2                               @ DW_AT_decl_file
	.byte	211                             @ DW_AT_decl_line
	.long	56                              @ DW_AT_type
	.byte	10                              @ Abbrev [10] 0x2c6:0xe DW_TAG_variable
	.byte	2                               @ DW_AT_location
	.byte	145
	.byte	36
	.long	.Linfo_string52                 @ DW_AT_name
	.byte	2                               @ DW_AT_decl_file
	.byte	213                             @ DW_AT_decl_line
	.long	56                              @ DW_AT_type
	.byte	10                              @ Abbrev [10] 0x2d4:0xe DW_TAG_variable
	.byte	2                               @ DW_AT_location
	.byte	145
	.byte	34
	.long	.Linfo_string53                 @ DW_AT_name
	.byte	2                               @ DW_AT_decl_file
	.byte	214                             @ DW_AT_decl_line
	.long	56                              @ DW_AT_type
	.byte	10                              @ Abbrev [10] 0x2e2:0xe DW_TAG_variable
	.byte	2                               @ DW_AT_location
	.byte	145
	.byte	48
	.long	.Linfo_string54                 @ DW_AT_name
	.byte	2                               @ DW_AT_decl_file
	.byte	216                             @ DW_AT_decl_line
	.long	989                             @ DW_AT_type
	.byte	10                              @ Abbrev [10] 0x2f0:0xe DW_TAG_variable
	.byte	2                               @ DW_AT_location
	.byte	145
	.byte	28
	.long	.Linfo_string55                 @ DW_AT_name
	.byte	2                               @ DW_AT_decl_file
	.byte	221                             @ DW_AT_decl_line
	.long	1063                            @ DW_AT_type
	.byte	10                              @ Abbrev [10] 0x2fe:0xe DW_TAG_variable
	.byte	2                               @ DW_AT_location
	.byte	145
	.byte	24
	.long	.Linfo_string24                 @ DW_AT_name
	.byte	2                               @ DW_AT_decl_file
	.byte	236                             @ DW_AT_decl_line
	.long	1063                            @ DW_AT_type
	.byte	0                               @ End Of Children Mark
	.byte	11                              @ Abbrev [11] 0x30d:0x37 DW_TAG_subprogram
	.long	.Lfunc_begin7                   @ DW_AT_low_pc
	.long	.Lfunc_end7                     @ DW_AT_high_pc
	.byte	1                               @ DW_AT_frame_base
	.byte	93
	.long	.Linfo_string28                 @ DW_AT_name
	.byte	2                               @ DW_AT_decl_file
	.short	258                             @ DW_AT_decl_line
	.byte	1                               @ DW_AT_prototyped
	.long	989                             @ DW_AT_type
	.byte	1                               @ DW_AT_external
	.byte	8                               @ Abbrev [8] 0x325:0xf DW_TAG_formal_parameter
	.byte	2                               @ DW_AT_location
	.byte	145
	.byte	8
	.long	.Linfo_string31                 @ DW_AT_name
	.byte	2                               @ DW_AT_decl_file
	.short	258                             @ DW_AT_decl_line
	.long	875                             @ DW_AT_type
	.byte	9                               @ Abbrev [9] 0x334:0xf DW_TAG_variable
	.byte	2                               @ DW_AT_location
	.byte	145
	.byte	4
	.long	.Linfo_string58                 @ DW_AT_name
	.byte	2                               @ DW_AT_decl_file
	.short	260                             @ DW_AT_decl_line
	.long	887                             @ DW_AT_type
	.byte	0                               @ End Of Children Mark
	.byte	7                               @ Abbrev [7] 0x344:0x27 DW_TAG_subprogram
	.long	.Lfunc_begin8                   @ DW_AT_low_pc
	.long	.Lfunc_end8                     @ DW_AT_high_pc
	.byte	1                               @ DW_AT_frame_base
	.byte	93
	.long	.Linfo_string29                 @ DW_AT_name
	.byte	3                               @ DW_AT_decl_file
	.short	376                             @ DW_AT_decl_line
	.byte	1                               @ DW_AT_prototyped
	.long	38                              @ DW_AT_type
	.byte	8                               @ Abbrev [8] 0x35b:0xf DW_TAG_formal_parameter
	.byte	2                               @ DW_AT_location
	.byte	145
	.byte	0
	.long	.Linfo_string31                 @ DW_AT_name
	.byte	3                               @ DW_AT_decl_file
	.short	376                             @ DW_AT_decl_line
	.long	875                             @ DW_AT_type
	.byte	0                               @ End Of Children Mark
	.byte	12                              @ Abbrev [12] 0x36b:0xc DW_TAG_typedef
	.long	887                             @ DW_AT_type
	.long	.Linfo_string18                 @ DW_AT_name
	.byte	3                               @ DW_AT_decl_file
	.short	270                             @ DW_AT_decl_line
	.byte	12                              @ Abbrev [12] 0x377:0xc DW_TAG_typedef
	.long	899                             @ DW_AT_type
	.long	.Linfo_string17                 @ DW_AT_name
	.byte	3                               @ DW_AT_decl_file
	.short	267                             @ DW_AT_decl_line
	.byte	13                              @ Abbrev [13] 0x383:0x5a DW_TAG_union_type
	.byte	4                               @ DW_AT_byte_size
	.byte	3                               @ DW_AT_decl_file
	.short	259                             @ DW_AT_decl_line
	.byte	14                              @ Abbrev [14] 0x388:0xd DW_TAG_member
	.long	.Linfo_string11                 @ DW_AT_name
	.long	917                             @ DW_AT_type
	.byte	3                               @ DW_AT_decl_file
	.short	265                             @ DW_AT_decl_line
	.byte	0                               @ DW_AT_data_member_location
	.byte	15                              @ Abbrev [15] 0x395:0x3a DW_TAG_structure_type
	.byte	4                               @ DW_AT_byte_size
	.byte	3                               @ DW_AT_decl_file
	.short	260                             @ DW_AT_decl_line
	.byte	14                              @ Abbrev [14] 0x39a:0xd DW_TAG_member
	.long	.Linfo_string12                 @ DW_AT_name
	.long	74                              @ DW_AT_type
	.byte	3                               @ DW_AT_decl_file
	.short	261                             @ DW_AT_decl_line
	.byte	0                               @ DW_AT_data_member_location
	.byte	14                              @ Abbrev [14] 0x3a7:0xd DW_TAG_member
	.long	.Linfo_string13                 @ DW_AT_name
	.long	74                              @ DW_AT_type
	.byte	3                               @ DW_AT_decl_file
	.short	262                             @ DW_AT_decl_line
	.byte	1                               @ DW_AT_data_member_location
	.byte	14                              @ Abbrev [14] 0x3b4:0xd DW_TAG_member
	.long	.Linfo_string14                 @ DW_AT_name
	.long	74                              @ DW_AT_type
	.byte	3                               @ DW_AT_decl_file
	.short	263                             @ DW_AT_decl_line
	.byte	2                               @ DW_AT_data_member_location
	.byte	14                              @ Abbrev [14] 0x3c1:0xd DW_TAG_member
	.long	.Linfo_string15                 @ DW_AT_name
	.long	74                              @ DW_AT_type
	.byte	3                               @ DW_AT_decl_file
	.short	264                             @ DW_AT_decl_line
	.byte	3                               @ DW_AT_data_member_location
	.byte	0                               @ End Of Children Mark
	.byte	14                              @ Abbrev [14] 0x3cf:0xd DW_TAG_member
	.long	.Linfo_string16                 @ DW_AT_name
	.long	38                              @ DW_AT_type
	.byte	3                               @ DW_AT_decl_file
	.short	266                             @ DW_AT_decl_line
	.byte	0                               @ DW_AT_data_member_location
	.byte	0                               @ End Of Children Mark
	.byte	12                              @ Abbrev [12] 0x3dd:0xc DW_TAG_typedef
	.long	1001                            @ DW_AT_type
	.long	.Linfo_string27                 @ DW_AT_name
	.byte	3                               @ DW_AT_decl_file
	.short	276                             @ DW_AT_decl_line
	.byte	15                              @ Abbrev [15] 0x3e9:0x2d DW_TAG_structure_type
	.byte	4                               @ DW_AT_byte_size
	.byte	3                               @ DW_AT_decl_file
	.short	272                             @ DW_AT_decl_line
	.byte	14                              @ Abbrev [14] 0x3ee:0xd DW_TAG_member
	.long	.Linfo_string24                 @ DW_AT_name
	.long	56                              @ DW_AT_type
	.byte	3                               @ DW_AT_decl_file
	.short	273                             @ DW_AT_decl_line
	.byte	0                               @ DW_AT_data_member_location
	.byte	14                              @ Abbrev [14] 0x3fb:0xd DW_TAG_member
	.long	.Linfo_string25                 @ DW_AT_name
	.long	74                              @ DW_AT_type
	.byte	3                               @ DW_AT_decl_file
	.short	274                             @ DW_AT_decl_line
	.byte	2                               @ DW_AT_data_member_location
	.byte	14                              @ Abbrev [14] 0x408:0xd DW_TAG_member
	.long	.Linfo_string26                 @ DW_AT_name
	.long	74                              @ DW_AT_type
	.byte	3                               @ DW_AT_decl_file
	.short	275                             @ DW_AT_decl_line
	.byte	3                               @ DW_AT_data_member_location
	.byte	0                               @ End Of Children Mark
	.byte	16                              @ Abbrev [16] 0x416:0x5 DW_TAG_pointer_type
	.long	875                             @ DW_AT_type
	.byte	12                              @ Abbrev [12] 0x41b:0xc DW_TAG_typedef
	.long	74                              @ DW_AT_type
	.long	.Linfo_string35                 @ DW_AT_name
	.byte	3                               @ DW_AT_decl_file
	.short	280                             @ DW_AT_decl_line
	.byte	2                               @ Abbrev [2] 0x427:0xb DW_TAG_typedef
	.long	1074                            @ DW_AT_type
	.long	.Linfo_string57                 @ DW_AT_name
	.byte	1                               @ DW_AT_decl_file
	.byte	58                              @ DW_AT_decl_line
	.byte	3                               @ Abbrev [3] 0x432:0x7 DW_TAG_base_type
	.long	.Linfo_string56                 @ DW_AT_name
	.byte	5                               @ DW_AT_encoding
	.byte	4                               @ DW_AT_byte_size
	.byte	0                               @ End Of Children Mark
.Ldebug_info_end0:
	.section	.debug_ranges,"",%progbits
.Ldebug_ranges0:
	.long	.Lfunc_begin0
	.long	.Lfunc_end0
	.long	.Lfunc_begin1
	.long	.Lfunc_end1
	.long	.Lfunc_begin2
	.long	.Lfunc_end2
	.long	.Lfunc_begin3
	.long	.Lfunc_end3
	.long	.Lfunc_begin4
	.long	.Lfunc_end4
	.long	.Lfunc_begin5
	.long	.Lfunc_end5
	.long	.Lfunc_begin6
	.long	.Lfunc_end6
	.long	.Lfunc_begin7
	.long	.Lfunc_end7
	.long	.Lfunc_begin8
	.long	.Lfunc_end8
	.long	0
	.long	0
	.section	.debug_str,"MS",%progbits,1
.Linfo_string0:
	.asciz	"Component: ARM Compiler 6.16 Tool: armclang [5dfeb700]" @ string offset=0
.Linfo_string1:
	.asciz	"lvgl/src/lv_misc\\lv_color.c"  @ string offset=55
.Linfo_string2:
	.asciz	"E:\\STM32\\Learning\\STM32H750_ART_PI_RGBLCD" @ string offset=83
.Linfo_string3:
	.asciz	"unsigned int"                  @ string offset=125
.Linfo_string4:
	.asciz	"uint32_t"                      @ string offset=138
.Linfo_string5:
	.asciz	"unsigned short"                @ string offset=147
.Linfo_string6:
	.asciz	"uint16_t"                      @ string offset=162
.Linfo_string7:
	.asciz	"unsigned char"                 @ string offset=171
.Linfo_string8:
	.asciz	"uint8_t"                       @ string offset=185
.Linfo_string9:
	.asciz	"lv_color_fill"                 @ string offset=193
.Linfo_string10:
	.asciz	"lv_color_lighten"              @ string offset=207
.Linfo_string11:
	.asciz	"ch"                            @ string offset=224
.Linfo_string12:
	.asciz	"blue"                          @ string offset=227
.Linfo_string13:
	.asciz	"green"                         @ string offset=232
.Linfo_string14:
	.asciz	"red"                           @ string offset=238
.Linfo_string15:
	.asciz	"alpha"                         @ string offset=242
.Linfo_string16:
	.asciz	"full"                          @ string offset=248
.Linfo_string17:
	.asciz	"lv_color32_t"                  @ string offset=253
.Linfo_string18:
	.asciz	"lv_color_t"                    @ string offset=266
.Linfo_string19:
	.asciz	"lv_color_mix"                  @ string offset=277
.Linfo_string20:
	.asciz	"lv_color_darken"               @ string offset=290
.Linfo_string21:
	.asciz	"lv_color_hsv_to_rgb"           @ string offset=306
.Linfo_string22:
	.asciz	"lv_color_make"                 @ string offset=326
.Linfo_string23:
	.asciz	"lv_color_rgb_to_hsv"           @ string offset=340
.Linfo_string24:
	.asciz	"h"                             @ string offset=360
.Linfo_string25:
	.asciz	"s"                             @ string offset=362
.Linfo_string26:
	.asciz	"v"                             @ string offset=364
.Linfo_string27:
	.asciz	"lv_color_hsv_t"                @ string offset=366
.Linfo_string28:
	.asciz	"lv_color_to_hsv"               @ string offset=381
.Linfo_string29:
	.asciz	"lv_color_to32"                 @ string offset=397
.Linfo_string30:
	.asciz	"buf"                           @ string offset=411
.Linfo_string31:
	.asciz	"color"                         @ string offset=415
.Linfo_string32:
	.asciz	"px_num"                        @ string offset=421
.Linfo_string33:
	.asciz	"c"                             @ string offset=428
.Linfo_string34:
	.asciz	"lvl"                           @ string offset=430
.Linfo_string35:
	.asciz	"lv_opa_t"                      @ string offset=434
.Linfo_string36:
	.asciz	"c1"                            @ string offset=443
.Linfo_string37:
	.asciz	"c2"                            @ string offset=446
.Linfo_string38:
	.asciz	"mix"                           @ string offset=449
.Linfo_string39:
	.asciz	"ret"                           @ string offset=453
.Linfo_string40:
	.asciz	"r"                             @ string offset=457
.Linfo_string41:
	.asciz	"g"                             @ string offset=459
.Linfo_string42:
	.asciz	"b"                             @ string offset=461
.Linfo_string43:
	.asciz	"region"                        @ string offset=463
.Linfo_string44:
	.asciz	"remainder"                     @ string offset=470
.Linfo_string45:
	.asciz	"p"                             @ string offset=480
.Linfo_string46:
	.asciz	"q"                             @ string offset=482
.Linfo_string47:
	.asciz	"t"                             @ string offset=484
.Linfo_string48:
	.asciz	"result"                        @ string offset=486
.Linfo_string49:
	.asciz	"r8"                            @ string offset=493
.Linfo_string50:
	.asciz	"g8"                            @ string offset=496
.Linfo_string51:
	.asciz	"b8"                            @ string offset=499
.Linfo_string52:
	.asciz	"rgbMin"                        @ string offset=502
.Linfo_string53:
	.asciz	"rgbMax"                        @ string offset=509
.Linfo_string54:
	.asciz	"hsv"                           @ string offset=516
.Linfo_string55:
	.asciz	"delta"                         @ string offset=520
.Linfo_string56:
	.asciz	"int"                           @ string offset=526
.Linfo_string57:
	.asciz	"int32_t"                       @ string offset=530
.Linfo_string58:
	.asciz	"color32"                       @ string offset=538
	.ident	"Component: ARM Compiler 6.16 Tool: armclang [5dfeb700]"
	.section	".note.GNU-stack","",%progbits
	.eabi_attribute	30, 6	@ Tag_ABI_optimization_goals
	.ARM_attribute	16, 1	@ Tag_AV_eba
	.section	.debug_line,"",%progbits
.Lline_table_start0:
