	.text
	.syntax unified
	.eabi_attribute	67, "2.09"	@ Tag_conformance
	.cpu	cortex-m7
	.eabi_attribute	6, 13	@ Tag_CPU_arch
	.eabi_attribute	7, 77	@ Tag_CPU_arch_profile
	.eabi_attribute	8, 0	@ Tag_ARM_ISA_use
	.eabi_attribute	9, 2	@ Tag_THUMB_ISA_use
	.fpu	fpv5-d16
	.eabi_attribute	36, 1	@ Tag_FP_HP_extension
	.eabi_attribute	34, 1	@ Tag_CPU_unaligned_access
	.eabi_attribute	17, 1	@ Tag_ABI_PCS_GOT_use
	.eabi_attribute	20, 2	@ Tag_ABI_FP_denormal
	.eabi_attribute	21, 0	@ Tag_ABI_FP_exceptions
	.eabi_attribute	23, 1	@ Tag_ABI_FP_number_model
	.eabi_attribute	24, 1	@ Tag_ABI_align_needed
	.eabi_attribute	25, 1	@ Tag_ABI_align_preserved
	.eabi_attribute	28, 1	@ Tag_ABI_VFP_args
	.eabi_attribute	38, 1	@ Tag_ABI_FP_16bit_format
	.eabi_attribute	18, 2	@ Tag_ABI_PCS_wchar_t
	.eabi_attribute	26, 1	@ Tag_ABI_enum_size
	.eabi_attribute	14, 0	@ Tag_ABI_PCS_R9_use
	.file	"lv_debug.c"
	.file	1 "E:\\Smart-access-control\\Hardware\\CODE" "lvgl/src/lv_misc/lv_debug.c"
	.file	2 "E:\\Smart-access-control\\Hardware\\CODE" "lvgl/src/lv_misc/lv_types.h"
	.file	3 "D:\\Keil_v5\\ARM\\ARMCLANG\\Bin\\..\\include" "stdint.h"
	.section	.text.lv_debug_check_null,"ax",%progbits
	.hidden	lv_debug_check_null             @ -- Begin function lv_debug_check_null
	.globl	lv_debug_check_null
	.p2align	3
	.type	lv_debug_check_null,%function
	.code	16                              @ @lv_debug_check_null
	.thumb_func
lv_debug_check_null:
.Lfunc_begin0:
	.loc	1 47 0                          @ lvgl/src/lv_misc/lv_debug.c:47:0
	.fnstart
	.cfi_sections .debug_frame
	.cfi_startproc
@ %bb.0:
	@DEBUG_VALUE: lv_debug_check_null:p <- $r0
	@DEBUG_VALUE: lv_debug_check_null:p <- $r0
	.loc	1 48 8 prologue_end             @ lvgl/src/lv_misc/lv_debug.c:48:8
	cmp	r0, #0
	it	ne
	movne	r0, #1
.Ltmp0:
	@DEBUG_VALUE: lv_debug_check_null:p <- [DW_OP_LLVM_entry_value 1] $r0
	.loc	1 51 1                          @ lvgl/src/lv_misc/lv_debug.c:51:1
	bx	lr
.Ltmp1:
.Lfunc_end0:
	.size	lv_debug_check_null, .Lfunc_end0-lv_debug_check_null
	.cfi_endproc
	.cantunwind
	.fnend
                                        @ -- End function
	.section	.text.lv_debug_check_mem_integrity,"ax",%progbits
	.hidden	lv_debug_check_mem_integrity    @ -- Begin function lv_debug_check_mem_integrity
	.globl	lv_debug_check_mem_integrity
	.p2align	3
	.type	lv_debug_check_mem_integrity,%function
	.code	16                              @ @lv_debug_check_mem_integrity
	.thumb_func
lv_debug_check_mem_integrity:
.Lfunc_begin1:
	.loc	1 54 0                          @ lvgl/src/lv_misc/lv_debug.c:54:0
	.fnstart
	.cfi_startproc
@ %bb.0:
	.save	{r7, lr}
	push	{r7, lr}
	.cfi_def_cfa_offset 8
	.cfi_offset lr, -4
	.cfi_offset r7, -8
.Ltmp2:
	.loc	1 55 12 prologue_end            @ lvgl/src/lv_misc/lv_debug.c:55:12
	bl	lv_mem_test
	.loc	1 55 26 is_stmt 0               @ lvgl/src/lv_misc/lv_debug.c:55:26
	subs	r0, #1
	clz	r0, r0
	lsrs	r0, r0, #5
	.loc	1 55 5                          @ lvgl/src/lv_misc/lv_debug.c:55:5
	pop	{r7, pc}
.Ltmp3:
.Lfunc_end1:
	.size	lv_debug_check_mem_integrity, .Lfunc_end1-lv_debug_check_mem_integrity
	.cfi_endproc
	.cantunwind
	.fnend
                                        @ -- End function
	.section	.text.lv_debug_check_str,"ax",%progbits
	.hidden	lv_debug_check_str              @ -- Begin function lv_debug_check_str
	.globl	lv_debug_check_str
	.p2align	3
	.type	lv_debug_check_str,%function
	.code	16                              @ @lv_debug_check_str
	.thumb_func
lv_debug_check_str:
.Lfunc_begin2:
	.loc	1 59 0 is_stmt 1                @ lvgl/src/lv_misc/lv_debug.c:59:0
	.fnstart
	.cfi_startproc
@ %bb.0:
	@DEBUG_VALUE: lv_debug_check_str:str <- $r0
	@DEBUG_VALUE: lv_debug_check_str:str <- $r0
	.save	{r7, lr}
	push	{r7, lr}
	.cfi_def_cfa_offset 8
	.cfi_offset lr, -4
	.cfi_offset r7, -8
.Ltmp4:
	@DEBUG_VALUE: lv_debug_check_str:s <- $r0
	@DEBUG_VALUE: lv_debug_check_str:s <- $r0
	movs	r1, #0
.Ltmp5:
	@DEBUG_VALUE: lv_debug_check_str:i <- 0
	@DEBUG_VALUE: lv_debug_check_str:rep <- 0
	@DEBUG_VALUE: lv_debug_check_str:last_byte <- 0
	mov.w	lr, #0
	mov.w	r12, #0
.Ltmp6:
	.p2align	2
.LBB2_1:                                @ =>This Inner Loop Header: Depth=1
	@DEBUG_VALUE: lv_debug_check_str:s <- $r0
	@DEBUG_VALUE: lv_debug_check_str:str <- $r0
	@DEBUG_VALUE: lv_debug_check_str:last_byte <- $r12
	@DEBUG_VALUE: lv_debug_check_str:rep <- $lr
	@DEBUG_VALUE: lv_debug_check_str:i <- $r1
	.loc	1 65 47 prologue_end            @ lvgl/src/lv_misc/lv_debug.c:65:47
	ldrb	r3, [r0, r1]
.Ltmp7:
	.loc	1 65 5 is_stmt 0                @ lvgl/src/lv_misc/lv_debug.c:65:5
	cbz	r3, .LBB2_9
.Ltmp8:
@ %bb.2:                                @   in Loop: Header=BB2_1 Depth=1
	@DEBUG_VALUE: lv_debug_check_str:last_byte <- $r12
	@DEBUG_VALUE: lv_debug_check_str:i <- $r1
	@DEBUG_VALUE: lv_debug_check_str:s <- $r0
	@DEBUG_VALUE: lv_debug_check_str:str <- $r0
	@DEBUG_VALUE: lv_debug_check_str:rep <- $lr
	.loc	1 66 12 is_stmt 1               @ lvgl/src/lv_misc/lv_debug.c:66:12
	cmp	r3, r12
	bne	.LBB2_5
.Ltmp9:
@ %bb.3:                                @   in Loop: Header=BB2_1 Depth=1
	@DEBUG_VALUE: lv_debug_check_str:last_byte <- $r12
	@DEBUG_VALUE: lv_debug_check_str:i <- $r1
	@DEBUG_VALUE: lv_debug_check_str:s <- $r0
	@DEBUG_VALUE: lv_debug_check_str:str <- $r0
	@DEBUG_VALUE: lv_debug_check_str:rep <- $lr
	.loc	1 65 47                         @ lvgl/src/lv_misc/lv_debug.c:65:47
	sxtb	r2, r3
.Ltmp10:
	.loc	1 70 17                         @ lvgl/src/lv_misc/lv_debug.c:70:17
	cmp.w	r2, #-1
	bgt	.LBB2_6
.Ltmp11:
@ %bb.4:                                @   in Loop: Header=BB2_1 Depth=1
	@DEBUG_VALUE: lv_debug_check_str:last_byte <- $r12
	@DEBUG_VALUE: lv_debug_check_str:i <- $r1
	@DEBUG_VALUE: lv_debug_check_str:s <- $r0
	@DEBUG_VALUE: lv_debug_check_str:str <- $r0
	@DEBUG_VALUE: lv_debug_check_str:rep <- $lr
	.loc	1 71 16                         @ lvgl/src/lv_misc/lv_debug.c:71:16
	add.w	lr, lr, #1
.Ltmp12:
	@DEBUG_VALUE: lv_debug_check_str:rep <- $lr
	.loc	1 72 16                         @ lvgl/src/lv_misc/lv_debug.c:72:16
	cmp.w	lr, #8
	bls	.LBB2_6
	b	.LBB2_10
.Ltmp13:
	.p2align	2
.LBB2_5:                                @   in Loop: Header=BB2_1 Depth=1
	@DEBUG_VALUE: lv_debug_check_str:last_byte <- $r12
	@DEBUG_VALUE: lv_debug_check_str:i <- $r1
	@DEBUG_VALUE: lv_debug_check_str:s <- $r0
	@DEBUG_VALUE: lv_debug_check_str:str <- $r0
	@DEBUG_VALUE: lv_debug_check_str:rep <- $lr
	.loc	1 0 16 is_stmt 0                @ lvgl/src/lv_misc/lv_debug.c:0:16
	mov.w	lr, #1
.Ltmp14:
	mov	r12, r3
.Ltmp15:
.LBB2_6:                                @   in Loop: Header=BB2_1 Depth=1
	@DEBUG_VALUE: lv_debug_check_str:i <- $r1
	@DEBUG_VALUE: lv_debug_check_str:s <- $r0
	@DEBUG_VALUE: lv_debug_check_str:str <- $r0
	@DEBUG_VALUE: lv_debug_check_str:last_byte <- $r12
	@DEBUG_VALUE: lv_debug_check_str:rep <- $lr
	.loc	1 78 12 is_stmt 1               @ lvgl/src/lv_misc/lv_debug.c:78:12
	cmp	r3, #10
	blo	.LBB2_10
.Ltmp16:
@ %bb.7:                                @   in Loop: Header=BB2_1 Depth=1
	@DEBUG_VALUE: lv_debug_check_str:last_byte <- $r12
	@DEBUG_VALUE: lv_debug_check_str:i <- $r1
	@DEBUG_VALUE: lv_debug_check_str:s <- $r0
	@DEBUG_VALUE: lv_debug_check_str:str <- $r0
	@DEBUG_VALUE: lv_debug_check_str:rep <- $lr
	.loc	1 65 62                         @ lvgl/src/lv_misc/lv_debug.c:65:62
	adds	r1, #1
.Ltmp17:
	@DEBUG_VALUE: lv_debug_check_str:i <- $r1
	@DEBUG_VALUE: lv_debug_check_str:rep <- $lr
	@DEBUG_VALUE: lv_debug_check_str:last_byte <- $r12
	.loc	1 65 44 is_stmt 0               @ lvgl/src/lv_misc/lv_debug.c:65:44
	cmp.w	r1, #8192
	bne	.LBB2_1
.Ltmp18:
@ %bb.8:
	@DEBUG_VALUE: lv_debug_check_str:last_byte <- $r12
	@DEBUG_VALUE: lv_debug_check_str:i <- $r1
	@DEBUG_VALUE: lv_debug_check_str:s <- $r0
	@DEBUG_VALUE: lv_debug_check_str:str <- $r0
	@DEBUG_VALUE: lv_debug_check_str:rep <- $lr
	.loc	1 0 44                          @ lvgl/src/lv_misc/lv_debug.c:0:44
	mov.w	r1, #8192
.Ltmp19:
.LBB2_9:
	@DEBUG_VALUE: lv_debug_check_str:last_byte <- $r12
	@DEBUG_VALUE: lv_debug_check_str:s <- $r0
	@DEBUG_VALUE: lv_debug_check_str:str <- $r0
	@DEBUG_VALUE: lv_debug_check_str:rep <- $lr
	.loc	1 84 8 is_stmt 1                @ lvgl/src/lv_misc/lv_debug.c:84:8
	ldrb	r0, [r0, r1]
.Ltmp20:
	@DEBUG_VALUE: lv_debug_check_str:str <- [DW_OP_LLVM_entry_value 1] $r0
	.loc	1 84 13 is_stmt 0               @ lvgl/src/lv_misc/lv_debug.c:84:13
	clz	r0, r0
	lsrs	r0, r0, #5
.Ltmp21:
	.loc	1 84 8                          @ lvgl/src/lv_misc/lv_debug.c:84:8
	pop	{r7, pc}
.Ltmp22:
.LBB2_10:
	@DEBUG_VALUE: lv_debug_check_str:last_byte <- $r12
	@DEBUG_VALUE: lv_debug_check_str:i <- $r1
	@DEBUG_VALUE: lv_debug_check_str:s <- $r0
	@DEBUG_VALUE: lv_debug_check_str:str <- $r0
	@DEBUG_VALUE: lv_debug_check_str:rep <- $lr
	.loc	1 88 1 is_stmt 1                @ lvgl/src/lv_misc/lv_debug.c:88:1
	movs	r0, #0
.Ltmp23:
	@DEBUG_VALUE: lv_debug_check_str:str <- [DW_OP_LLVM_entry_value 1] $r0
	pop	{r7, pc}
.Ltmp24:
.Lfunc_end2:
	.size	lv_debug_check_str, .Lfunc_end2-lv_debug_check_str
	.cfi_endproc
	.cantunwind
	.fnend
                                        @ -- End function
	.section	.text.lv_debug_log_error,"ax",%progbits
	.hidden	lv_debug_log_error              @ -- Begin function lv_debug_log_error
	.globl	lv_debug_log_error
	.p2align	3
	.type	lv_debug_log_error,%function
	.code	16                              @ @lv_debug_log_error
	.thumb_func
lv_debug_log_error:
.Lfunc_begin3:
	.loc	1 91 0                          @ lvgl/src/lv_misc/lv_debug.c:91:0
	.fnstart
	.cfi_startproc
@ %bb.0:
	@DEBUG_VALUE: lv_debug_log_error:msg <- $r0
	.save	{r4, r5, r6, r7, lr}
	push	{r4, r5, r6, r7, lr}
	.cfi_def_cfa_offset 20
	.cfi_offset lr, -4
	.cfi_offset r7, -8
	.cfi_offset r6, -12
	.cfi_offset r5, -16
	.cfi_offset r4, -20
	.pad	#260
	sub	sp, #260
	.cfi_def_cfa_offset 280
	mov	r4, r2
	mov	r5, r0
.Ltmp25:
	@DEBUG_VALUE: lv_debug_log_error:value <- [DW_OP_LLVM_fragment 0 32] $r4
	@DEBUG_VALUE: lv_debug_log_error:value <- [DW_OP_LLVM_fragment 32 32] undef
	@DEBUG_VALUE: lv_debug_log_error:msg <- $r5
	.loc	1 94 22 prologue_end            @ lvgl/src/lv_misc/lv_debug.c:94:22
	bl	strlen
.Ltmp26:
	@DEBUG_VALUE: lv_debug_log_error:value_len <- 4
	@DEBUG_VALUE: lv_debug_log_error:msg_len <- $r0
	.loc	1 97 8                          @ lvgl/src/lv_misc/lv_debug.c:97:8
	cmp	r0, #229
	bhi	.LBB3_4
.Ltmp27:
@ %bb.1:
	@DEBUG_VALUE: lv_debug_log_error:msg <- $r5
	@DEBUG_VALUE: lv_debug_log_error:value <- [DW_OP_LLVM_fragment 0 32] $r4
	@DEBUG_VALUE: lv_debug_log_error:msg_len <- $r0
	@DEBUG_VALUE: lv_debug_log_error:value_len <- 4
	.loc	1 0 0 is_stmt 0                 @ lvgl/src/lv_misc/lv_debug.c:0:0
	mov	r6, r0
.Ltmp28:
	@DEBUG_VALUE: lv_debug_log_error:msg_len <- $r6
	@DEBUG_VALUE: lv_debug_log_error:msg_len <- $r6
	@DEBUG_VALUE: lv_debug_log_error:value <- [DW_OP_LLVM_fragment 0 32] $r4
	add.w	r7, sp, #5
.Ltmp29:
	@DEBUG_VALUE: bufp <- [DW_OP_plus_uconst 5, DW_OP_stack_value] $sp
	.loc	1 102 9 is_stmt 1               @ lvgl/src/lv_misc/lv_debug.c:102:9
	mov	r0, r7
	mov	r1, r5
	mov	r2, r6
	bl	_lv_memcpy
	.loc	1 103 14                        @ lvgl/src/lv_misc/lv_debug.c:103:14
	adds	r0, r7, r6
.Ltmp30:
	@DEBUG_VALUE: bufp <- $r0
	.loc	1 0 14 is_stmt 0                @ lvgl/src/lv_misc/lv_debug.c:0:14
	movw	r1, #10272
	movt	r1, #30768
	movs	r2, #28
	.loc	1 106 15 is_stmt 1              @ lvgl/src/lv_misc/lv_debug.c:106:15
	str	r1, [r0], #4
.Ltmp31:
	@DEBUG_VALUE: bufp <- undef
	.loc	1 0 15 is_stmt 0                @ lvgl/src/lv_misc/lv_debug.c:0:15
	movs	r1, #8
.Ltmp32:
	@DEBUG_VALUE: i <- 7
	@DEBUG_VALUE: bufp <- undef
	adr	r3, .LCPI3_0
.Ltmp33:
	.p2align	2
.LBB3_2:                                @ =>This Inner Loop Header: Depth=1
	@DEBUG_VALUE: lv_debug_log_error:msg_len <- $r6
	@DEBUG_VALUE: lv_debug_log_error:msg <- $r5
	@DEBUG_VALUE: lv_debug_log_error:value <- [DW_OP_LLVM_fragment 0 32] $r4
	@DEBUG_VALUE: lv_debug_log_error:value_len <- 4
	@DEBUG_VALUE: bufp <- $r0
	@DEBUG_VALUE: i <- [DW_OP_constu 1, DW_OP_minus, DW_OP_stack_value] $r1
	.loc	1 117 70 is_stmt 1              @ lvgl/src/lv_misc/lv_debug.c:117:70
	lsr.w	r7, r4, r2
.Ltmp34:
	.loc	1 116 38                        @ lvgl/src/lv_misc/lv_debug.c:116:38
	subs	r1, #1
.Ltmp35:
	.loc	1 117 25                        @ lvgl/src/lv_misc/lv_debug.c:117:25
	and	r7, r7, #15
.Ltmp36:
	@DEBUG_VALUE: x <- $r7
	.loc	1 116 9                         @ lvgl/src/lv_misc/lv_debug.c:116:9
	cmp	r1, #0
.Ltmp37:
	.loc	1 116 38 is_stmt 0              @ lvgl/src/lv_misc/lv_debug.c:116:38
	sub.w	r2, r2, #4
.Ltmp38:
	.loc	1 119 21 is_stmt 1              @ lvgl/src/lv_misc/lv_debug.c:119:21
	ldrb	r7, [r3, r7]
.Ltmp39:
	.loc	1 119 19 is_stmt 0              @ lvgl/src/lv_misc/lv_debug.c:119:19
	strb	r7, [r0], #1
.Ltmp40:
	@DEBUG_VALUE: i <- [DW_OP_constu 2, DW_OP_minus, DW_OP_stack_value] $r1
	@DEBUG_VALUE: bufp <- undef
	.loc	1 116 9 is_stmt 1               @ lvgl/src/lv_misc/lv_debug.c:116:9
	bgt	.LBB3_2
.Ltmp41:
@ %bb.3:
	@DEBUG_VALUE: lv_debug_log_error:msg_len <- $r6
	@DEBUG_VALUE: lv_debug_log_error:msg <- $r5
	@DEBUG_VALUE: lv_debug_log_error:value <- [DW_OP_LLVM_fragment 0 32] $r4
	@DEBUG_VALUE: i <- [DW_OP_constu 2, DW_OP_minus, DW_OP_stack_value] $r1
	@DEBUG_VALUE: lv_debug_log_error:value_len <- 4
	.loc	1 0 9 is_stmt 0                 @ lvgl/src/lv_misc/lv_debug.c:0:9
	movs	r1, #41
.Ltmp42:
	.loc	1 123 15 is_stmt 1              @ lvgl/src/lv_misc/lv_debug.c:123:15
	strh	r1, [r0]
.Ltmp43:
	@DEBUG_VALUE: bufp <- [DW_OP_plus_uconst 2, DW_OP_stack_value] undef
.LBB3_4:
	@DEBUG_VALUE: lv_debug_log_error:msg <- $r5
	@DEBUG_VALUE: lv_debug_log_error:value <- [DW_OP_LLVM_fragment 0 32] $r4
	@DEBUG_VALUE: lv_debug_log_error:value_len <- 4
	.loc	1 132 1                         @ lvgl/src/lv_misc/lv_debug.c:132:1
	add	sp, #260
	pop	{r4, r5, r6, r7, pc}
.Ltmp44:
	.p2align	2
@ %bb.5:
	.loc	1 0 1 is_stmt 0                 @ lvgl/src/lv_misc/lv_debug.c:0:1
.LCPI3_0:
lv_debug_log_error.hex:
	.asciz	"0123456789ABCDEF\000\000\000"
.Lfunc_end3:
	.size	lv_debug_log_error, .Lfunc_end3-lv_debug_log_error
	.cfi_endproc
	.cantunwind
	.fnend
                                        @ -- End function
	.file	4 "D:\\Keil_v5\\ARM\\ARMCLANG\\Bin\\..\\include" "stddef.h"
	.section	.debug_loc,"",%progbits
.Ldebug_loc0:
	.long	-1
	.long	.Lfunc_begin0                   @   base address
	.long	.Lfunc_begin0-.Lfunc_begin0
	.long	.Ltmp0-.Lfunc_begin0
	.short	1                               @ Loc expr size
	.byte	80                              @ DW_OP_reg0
	.long	.Ltmp0-.Lfunc_begin0
	.long	.Lfunc_end0-.Lfunc_begin0
	.short	3                               @ Loc expr size
	.byte	163                             @ DW_OP_entry_value
	.byte	1                               @ 1
	.byte	80                              @ DW_OP_reg0
	.long	0
	.long	0
.Ldebug_loc1:
	.long	-1
	.long	.Lfunc_begin2                   @   base address
	.long	.Lfunc_begin2-.Lfunc_begin2
	.long	.Ltmp20-.Lfunc_begin2
	.short	1                               @ Loc expr size
	.byte	80                              @ DW_OP_reg0
	.long	.Ltmp20-.Lfunc_begin2
	.long	.Ltmp22-.Lfunc_begin2
	.short	3                               @ Loc expr size
	.byte	163                             @ DW_OP_entry_value
	.byte	1                               @ 1
	.byte	80                              @ DW_OP_reg0
	.long	.Ltmp22-.Lfunc_begin2
	.long	.Ltmp23-.Lfunc_begin2
	.short	1                               @ Loc expr size
	.byte	80                              @ DW_OP_reg0
	.long	.Ltmp23-.Lfunc_begin2
	.long	.Lfunc_end2-.Lfunc_begin2
	.short	3                               @ Loc expr size
	.byte	163                             @ DW_OP_entry_value
	.byte	1                               @ 1
	.byte	80                              @ DW_OP_reg0
	.long	0
	.long	0
.Ldebug_loc2:
	.long	-1
	.long	.Lfunc_begin2                   @   base address
	.long	.Ltmp4-.Lfunc_begin2
	.long	.Ltmp20-.Lfunc_begin2
	.short	1                               @ Loc expr size
	.byte	80                              @ DW_OP_reg0
	.long	.Ltmp22-.Lfunc_begin2
	.long	.Ltmp23-.Lfunc_begin2
	.short	1                               @ Loc expr size
	.byte	80                              @ DW_OP_reg0
	.long	0
	.long	0
.Ldebug_loc3:
	.long	-1
	.long	.Lfunc_begin2                   @   base address
	.long	.Ltmp5-.Lfunc_begin2
	.long	.Ltmp6-.Lfunc_begin2
	.short	1                               @ Loc expr size
	.byte	48                              @ DW_OP_lit0
	.long	.Ltmp6-.Lfunc_begin2
	.long	.Ltmp19-.Lfunc_begin2
	.short	1                               @ Loc expr size
	.byte	81                              @ DW_OP_reg1
	.long	.Ltmp22-.Lfunc_begin2
	.long	.Lfunc_end2-.Lfunc_begin2
	.short	1                               @ Loc expr size
	.byte	81                              @ DW_OP_reg1
	.long	0
	.long	0
.Ldebug_loc4:
	.long	-1
	.long	.Lfunc_begin2                   @   base address
	.long	.Ltmp5-.Lfunc_begin2
	.long	.Ltmp6-.Lfunc_begin2
	.short	1                               @ Loc expr size
	.byte	48                              @ DW_OP_lit0
	.long	.Ltmp6-.Lfunc_begin2
	.long	.Ltmp14-.Lfunc_begin2
	.short	1                               @ Loc expr size
	.byte	94                              @ DW_OP_reg14
	.long	.Ltmp15-.Lfunc_begin2
	.long	.Lfunc_end2-.Lfunc_begin2
	.short	1                               @ Loc expr size
	.byte	94                              @ DW_OP_reg14
	.long	0
	.long	0
.Ldebug_loc5:
	.long	-1
	.long	.Lfunc_begin2                   @   base address
	.long	.Ltmp5-.Lfunc_begin2
	.long	.Ltmp6-.Lfunc_begin2
	.short	1                               @ Loc expr size
	.byte	48                              @ DW_OP_lit0
	.long	.Ltmp6-.Lfunc_begin2
	.long	.Lfunc_end2-.Lfunc_begin2
	.short	1                               @ Loc expr size
	.byte	92                              @ DW_OP_reg12
	.long	0
	.long	0
.Ldebug_loc6:
	.long	-1
	.long	.Lfunc_begin3                   @   base address
	.long	.Lfunc_begin3-.Lfunc_begin3
	.long	.Ltmp25-.Lfunc_begin3
	.short	1                               @ Loc expr size
	.byte	80                              @ DW_OP_reg0
	.long	.Ltmp25-.Lfunc_begin3
	.long	.Ltmp44-.Lfunc_begin3
	.short	1                               @ Loc expr size
	.byte	85                              @ DW_OP_reg5
	.long	0
	.long	0
.Ldebug_loc7:
	.long	-1
	.long	.Lfunc_begin3                   @   base address
	.long	.Ltmp25-.Lfunc_begin3
	.long	.Ltmp44-.Lfunc_begin3
	.short	3                               @ Loc expr size
	.byte	84                              @ DW_OP_reg4
	.byte	147                             @ DW_OP_piece
	.byte	4                               @ 4
	.long	0
	.long	0
.Ldebug_loc8:
	.long	-1
	.long	.Lfunc_begin3                   @   base address
	.long	.Ltmp26-.Lfunc_begin3
	.long	.Ltmp44-.Lfunc_begin3
	.short	1                               @ Loc expr size
	.byte	52                              @ DW_OP_lit4
	.long	0
	.long	0
.Ldebug_loc9:
	.long	-1
	.long	.Lfunc_begin3                   @   base address
	.long	.Ltmp26-.Lfunc_begin3
	.long	.Ltmp28-.Lfunc_begin3
	.short	1                               @ Loc expr size
	.byte	80                              @ DW_OP_reg0
	.long	.Ltmp28-.Lfunc_begin3
	.long	.Ltmp43-.Lfunc_begin3
	.short	1                               @ Loc expr size
	.byte	86                              @ DW_OP_reg6
	.long	0
	.long	0
.Ldebug_loc10:
	.long	-1
	.long	.Lfunc_begin3                   @   base address
	.long	.Ltmp30-.Lfunc_begin3
	.long	.Ltmp31-.Lfunc_begin3
	.short	1                               @ Loc expr size
	.byte	80                              @ DW_OP_reg0
	.long	.Ltmp33-.Lfunc_begin3
	.long	.Ltmp40-.Lfunc_begin3
	.short	1                               @ Loc expr size
	.byte	80                              @ DW_OP_reg0
	.long	0
	.long	0
.Ldebug_loc11:
	.long	-1
	.long	.Lfunc_begin3                   @   base address
	.long	.Ltmp32-.Lfunc_begin3
	.long	.Ltmp33-.Lfunc_begin3
	.short	1                               @ Loc expr size
	.byte	55                              @ DW_OP_lit7
	.long	0
	.long	0
.Ldebug_loc12:
	.long	-1
	.long	.Lfunc_begin3                   @   base address
	.long	.Ltmp36-.Lfunc_begin3
	.long	.Ltmp39-.Lfunc_begin3
	.short	1                               @ Loc expr size
	.byte	87                              @ DW_OP_reg7
	.long	0
	.long	0
	.section	.debug_abbrev,"",%progbits
	.byte	1                               @ Abbreviation Code
	.byte	17                              @ DW_TAG_compile_unit
	.byte	1                               @ DW_CHILDREN_yes
	.byte	37                              @ DW_AT_producer
	.byte	14                              @ DW_FORM_strp
	.byte	19                              @ DW_AT_language
	.byte	5                               @ DW_FORM_data2
	.byte	3                               @ DW_AT_name
	.byte	14                              @ DW_FORM_strp
	.byte	16                              @ DW_AT_stmt_list
	.byte	6                               @ DW_FORM_data4
	.byte	27                              @ DW_AT_comp_dir
	.byte	14                              @ DW_FORM_strp
	.byte	17                              @ DW_AT_low_pc
	.byte	1                               @ DW_FORM_addr
	.byte	85                              @ DW_AT_ranges
	.byte	6                               @ DW_FORM_data4
	.byte	0                               @ EOM(1)
	.byte	0                               @ EOM(2)
	.byte	2                               @ Abbreviation Code
	.byte	46                              @ DW_TAG_subprogram
	.byte	1                               @ DW_CHILDREN_yes
	.byte	17                              @ DW_AT_low_pc
	.byte	1                               @ DW_FORM_addr
	.byte	18                              @ DW_AT_high_pc
	.byte	1                               @ DW_FORM_addr
	.byte	64                              @ DW_AT_frame_base
	.byte	10                              @ DW_FORM_block1
	.byte	3                               @ DW_AT_name
	.byte	14                              @ DW_FORM_strp
	.byte	58                              @ DW_AT_decl_file
	.byte	11                              @ DW_FORM_data1
	.byte	59                              @ DW_AT_decl_line
	.byte	11                              @ DW_FORM_data1
	.byte	39                              @ DW_AT_prototyped
	.byte	12                              @ DW_FORM_flag
	.byte	63                              @ DW_AT_external
	.byte	12                              @ DW_FORM_flag
	.byte	0                               @ EOM(1)
	.byte	0                               @ EOM(2)
	.byte	3                               @ Abbreviation Code
	.byte	52                              @ DW_TAG_variable
	.byte	0                               @ DW_CHILDREN_no
	.byte	3                               @ DW_AT_name
	.byte	14                              @ DW_FORM_strp
	.byte	73                              @ DW_AT_type
	.byte	19                              @ DW_FORM_ref4
	.byte	58                              @ DW_AT_decl_file
	.byte	11                              @ DW_FORM_data1
	.byte	59                              @ DW_AT_decl_line
	.byte	11                              @ DW_FORM_data1
	.byte	2                               @ DW_AT_location
	.byte	10                              @ DW_FORM_block1
	.byte	0                               @ EOM(1)
	.byte	0                               @ EOM(2)
	.byte	4                               @ Abbreviation Code
	.byte	5                               @ DW_TAG_formal_parameter
	.byte	0                               @ DW_CHILDREN_no
	.byte	2                               @ DW_AT_location
	.byte	6                               @ DW_FORM_data4
	.byte	3                               @ DW_AT_name
	.byte	14                              @ DW_FORM_strp
	.byte	58                              @ DW_AT_decl_file
	.byte	11                              @ DW_FORM_data1
	.byte	59                              @ DW_AT_decl_line
	.byte	11                              @ DW_FORM_data1
	.byte	73                              @ DW_AT_type
	.byte	19                              @ DW_FORM_ref4
	.byte	0                               @ EOM(1)
	.byte	0                               @ EOM(2)
	.byte	5                               @ Abbreviation Code
	.byte	52                              @ DW_TAG_variable
	.byte	0                               @ DW_CHILDREN_no
	.byte	2                               @ DW_AT_location
	.byte	6                               @ DW_FORM_data4
	.byte	3                               @ DW_AT_name
	.byte	14                              @ DW_FORM_strp
	.byte	58                              @ DW_AT_decl_file
	.byte	11                              @ DW_FORM_data1
	.byte	59                              @ DW_AT_decl_line
	.byte	11                              @ DW_FORM_data1
	.byte	73                              @ DW_AT_type
	.byte	19                              @ DW_FORM_ref4
	.byte	0                               @ EOM(1)
	.byte	0                               @ EOM(2)
	.byte	6                               @ Abbreviation Code
	.byte	11                              @ DW_TAG_lexical_block
	.byte	1                               @ DW_CHILDREN_yes
	.byte	17                              @ DW_AT_low_pc
	.byte	1                               @ DW_FORM_addr
	.byte	18                              @ DW_AT_high_pc
	.byte	1                               @ DW_FORM_addr
	.byte	0                               @ EOM(1)
	.byte	0                               @ EOM(2)
	.byte	7                               @ Abbreviation Code
	.byte	52                              @ DW_TAG_variable
	.byte	0                               @ DW_CHILDREN_no
	.byte	2                               @ DW_AT_location
	.byte	10                              @ DW_FORM_block1
	.byte	3                               @ DW_AT_name
	.byte	14                              @ DW_FORM_strp
	.byte	58                              @ DW_AT_decl_file
	.byte	11                              @ DW_FORM_data1
	.byte	59                              @ DW_AT_decl_line
	.byte	11                              @ DW_FORM_data1
	.byte	73                              @ DW_AT_type
	.byte	19                              @ DW_FORM_ref4
	.byte	0                               @ EOM(1)
	.byte	0                               @ EOM(2)
	.byte	8                               @ Abbreviation Code
	.byte	11                              @ DW_TAG_lexical_block
	.byte	1                               @ DW_CHILDREN_yes
	.byte	85                              @ DW_AT_ranges
	.byte	6                               @ DW_FORM_data4
	.byte	0                               @ EOM(1)
	.byte	0                               @ EOM(2)
	.byte	9                               @ Abbreviation Code
	.byte	1                               @ DW_TAG_array_type
	.byte	1                               @ DW_CHILDREN_yes
	.byte	73                              @ DW_AT_type
	.byte	19                              @ DW_FORM_ref4
	.byte	0                               @ EOM(1)
	.byte	0                               @ EOM(2)
	.byte	10                              @ Abbreviation Code
	.byte	33                              @ DW_TAG_subrange_type
	.byte	0                               @ DW_CHILDREN_no
	.byte	73                              @ DW_AT_type
	.byte	19                              @ DW_FORM_ref4
	.byte	55                              @ DW_AT_count
	.byte	11                              @ DW_FORM_data1
	.byte	0                               @ EOM(1)
	.byte	0                               @ EOM(2)
	.byte	11                              @ Abbreviation Code
	.byte	38                              @ DW_TAG_const_type
	.byte	0                               @ DW_CHILDREN_no
	.byte	73                              @ DW_AT_type
	.byte	19                              @ DW_FORM_ref4
	.byte	0                               @ EOM(1)
	.byte	0                               @ EOM(2)
	.byte	12                              @ Abbreviation Code
	.byte	36                              @ DW_TAG_base_type
	.byte	0                               @ DW_CHILDREN_no
	.byte	3                               @ DW_AT_name
	.byte	14                              @ DW_FORM_strp
	.byte	62                              @ DW_AT_encoding
	.byte	11                              @ DW_FORM_data1
	.byte	11                              @ DW_AT_byte_size
	.byte	11                              @ DW_FORM_data1
	.byte	0                               @ EOM(1)
	.byte	0                               @ EOM(2)
	.byte	13                              @ Abbreviation Code
	.byte	36                              @ DW_TAG_base_type
	.byte	0                               @ DW_CHILDREN_no
	.byte	3                               @ DW_AT_name
	.byte	14                              @ DW_FORM_strp
	.byte	11                              @ DW_AT_byte_size
	.byte	11                              @ DW_FORM_data1
	.byte	62                              @ DW_AT_encoding
	.byte	11                              @ DW_FORM_data1
	.byte	0                               @ EOM(1)
	.byte	0                               @ EOM(2)
	.byte	14                              @ Abbreviation Code
	.byte	4                               @ DW_TAG_enumeration_type
	.byte	1                               @ DW_CHILDREN_yes
	.byte	73                              @ DW_AT_type
	.byte	19                              @ DW_FORM_ref4
	.byte	11                              @ DW_AT_byte_size
	.byte	11                              @ DW_FORM_data1
	.byte	58                              @ DW_AT_decl_file
	.byte	11                              @ DW_FORM_data1
	.byte	59                              @ DW_AT_decl_line
	.byte	11                              @ DW_FORM_data1
	.byte	0                               @ EOM(1)
	.byte	0                               @ EOM(2)
	.byte	15                              @ Abbreviation Code
	.byte	40                              @ DW_TAG_enumerator
	.byte	0                               @ DW_CHILDREN_no
	.byte	3                               @ DW_AT_name
	.byte	14                              @ DW_FORM_strp
	.byte	28                              @ DW_AT_const_value
	.byte	15                              @ DW_FORM_udata
	.byte	0                               @ EOM(1)
	.byte	0                               @ EOM(2)
	.byte	16                              @ Abbreviation Code
	.byte	15                              @ DW_TAG_pointer_type
	.byte	0                               @ DW_CHILDREN_no
	.byte	73                              @ DW_AT_type
	.byte	19                              @ DW_FORM_ref4
	.byte	0                               @ EOM(1)
	.byte	0                               @ EOM(2)
	.byte	17                              @ Abbreviation Code
	.byte	22                              @ DW_TAG_typedef
	.byte	0                               @ DW_CHILDREN_no
	.byte	73                              @ DW_AT_type
	.byte	19                              @ DW_FORM_ref4
	.byte	3                               @ DW_AT_name
	.byte	14                              @ DW_FORM_strp
	.byte	58                              @ DW_AT_decl_file
	.byte	11                              @ DW_FORM_data1
	.byte	59                              @ DW_AT_decl_line
	.byte	11                              @ DW_FORM_data1
	.byte	0                               @ EOM(1)
	.byte	0                               @ EOM(2)
	.byte	18                              @ Abbreviation Code
	.byte	46                              @ DW_TAG_subprogram
	.byte	1                               @ DW_CHILDREN_yes
	.byte	17                              @ DW_AT_low_pc
	.byte	1                               @ DW_FORM_addr
	.byte	18                              @ DW_AT_high_pc
	.byte	1                               @ DW_FORM_addr
	.byte	64                              @ DW_AT_frame_base
	.byte	10                              @ DW_FORM_block1
	.byte	3                               @ DW_AT_name
	.byte	14                              @ DW_FORM_strp
	.byte	58                              @ DW_AT_decl_file
	.byte	11                              @ DW_FORM_data1
	.byte	59                              @ DW_AT_decl_line
	.byte	11                              @ DW_FORM_data1
	.byte	39                              @ DW_AT_prototyped
	.byte	12                              @ DW_FORM_flag
	.byte	73                              @ DW_AT_type
	.byte	19                              @ DW_FORM_ref4
	.byte	63                              @ DW_AT_external
	.byte	12                              @ DW_FORM_flag
	.byte	0                               @ EOM(1)
	.byte	0                               @ EOM(2)
	.byte	19                              @ Abbreviation Code
	.byte	46                              @ DW_TAG_subprogram
	.byte	0                               @ DW_CHILDREN_no
	.byte	17                              @ DW_AT_low_pc
	.byte	1                               @ DW_FORM_addr
	.byte	18                              @ DW_AT_high_pc
	.byte	1                               @ DW_FORM_addr
	.byte	64                              @ DW_AT_frame_base
	.byte	10                              @ DW_FORM_block1
	.byte	3                               @ DW_AT_name
	.byte	14                              @ DW_FORM_strp
	.byte	58                              @ DW_AT_decl_file
	.byte	11                              @ DW_FORM_data1
	.byte	59                              @ DW_AT_decl_line
	.byte	11                              @ DW_FORM_data1
	.byte	39                              @ DW_AT_prototyped
	.byte	12                              @ DW_FORM_flag
	.byte	73                              @ DW_AT_type
	.byte	19                              @ DW_FORM_ref4
	.byte	63                              @ DW_AT_external
	.byte	12                              @ DW_FORM_flag
	.byte	0                               @ EOM(1)
	.byte	0                               @ EOM(2)
	.byte	20                              @ Abbreviation Code
	.byte	38                              @ DW_TAG_const_type
	.byte	0                               @ DW_CHILDREN_no
	.byte	0                               @ EOM(1)
	.byte	0                               @ EOM(2)
	.byte	0                               @ EOM(3)
	.section	.debug_info,"",%progbits
.Lcu_begin0:
	.long	.Ldebug_info_end0-.Ldebug_info_start0 @ Length of Unit
.Ldebug_info_start0:
	.short	3                               @ DWARF version number
	.long	.debug_abbrev                   @ Offset Into Abbrev. Section
	.byte	4                               @ Address Size (in bytes)
	.byte	1                               @ Abbrev [1] 0xb:0x224 DW_TAG_compile_unit
	.long	.Linfo_string0                  @ DW_AT_producer
	.short	12                              @ DW_AT_language
	.long	.Linfo_string1                  @ DW_AT_name
	.long	.Lline_table_start0             @ DW_AT_stmt_list
	.long	.Linfo_string2                  @ DW_AT_comp_dir
	.long	0                               @ DW_AT_low_pc
	.long	.Ldebug_ranges1                 @ DW_AT_ranges
	.byte	2                               @ Abbrev [2] 0x26:0xac DW_TAG_subprogram
	.long	.Lfunc_begin3                   @ DW_AT_low_pc
	.long	.Lfunc_end3                     @ DW_AT_high_pc
	.byte	1                               @ DW_AT_frame_base
	.byte	93
	.long	.Linfo_string15                 @ DW_AT_name
	.byte	1                               @ DW_AT_decl_file
	.byte	90                              @ DW_AT_decl_line
	.byte	1                               @ DW_AT_prototyped
	.byte	1                               @ DW_AT_external
	.byte	3                               @ Abbrev [3] 0x39:0x11 DW_TAG_variable
	.long	.Linfo_string3                  @ DW_AT_name
	.long	210                             @ DW_AT_type
	.byte	1                               @ DW_AT_decl_file
	.byte	92                              @ DW_AT_decl_line
	.byte	5                               @ DW_AT_location
	.byte	3
	.long	lv_debug_log_error.hex
	.byte	4                               @ Abbrev [4] 0x4a:0xf DW_TAG_formal_parameter
	.long	.Ldebug_loc6                    @ DW_AT_location
	.long	.Linfo_string25                 @ DW_AT_name
	.byte	1                               @ DW_AT_decl_file
	.byte	90                              @ DW_AT_decl_line
	.long	501                             @ DW_AT_type
	.byte	4                               @ Abbrev [4] 0x59:0xf DW_TAG_formal_parameter
	.long	.Ldebug_loc7                    @ DW_AT_location
	.long	.Linfo_string26                 @ DW_AT_name
	.byte	1                               @ DW_AT_decl_file
	.byte	90                              @ DW_AT_decl_line
	.long	506                             @ DW_AT_type
	.byte	5                               @ Abbrev [5] 0x68:0xf DW_TAG_variable
	.long	.Ldebug_loc8                    @ DW_AT_location
	.long	.Linfo_string29                 @ DW_AT_name
	.byte	1                               @ DW_AT_decl_file
	.byte	95                              @ DW_AT_decl_line
	.long	471                             @ DW_AT_type
	.byte	5                               @ Abbrev [5] 0x77:0xf DW_TAG_variable
	.long	.Ldebug_loc9                    @ DW_AT_location
	.long	.Linfo_string30                 @ DW_AT_name
	.byte	1                               @ DW_AT_decl_file
	.byte	94                              @ DW_AT_decl_line
	.long	524                             @ DW_AT_type
	.byte	6                               @ Abbrev [6] 0x86:0x4b DW_TAG_lexical_block
	.long	.Ltmp29                         @ DW_AT_low_pc
	.long	.Ltmp43                         @ DW_AT_high_pc
	.byte	7                               @ Abbrev [7] 0x8f:0xe DW_TAG_variable
	.byte	2                               @ DW_AT_location
	.byte	145
	.byte	5
	.long	.Linfo_string24                 @ DW_AT_name
	.byte	1                               @ DW_AT_decl_file
	.byte	98                              @ DW_AT_decl_line
	.long	489                             @ DW_AT_type
	.byte	5                               @ Abbrev [5] 0x9d:0xf DW_TAG_variable
	.long	.Ldebug_loc10                   @ DW_AT_location
	.long	.Linfo_string32                 @ DW_AT_name
	.byte	1                               @ DW_AT_decl_file
	.byte	99                              @ DW_AT_decl_line
	.long	535                             @ DW_AT_type
	.byte	5                               @ Abbrev [5] 0xac:0xf DW_TAG_variable
	.long	.Ldebug_loc11                   @ DW_AT_location
	.long	.Linfo_string19                 @ DW_AT_name
	.byte	1                               @ DW_AT_decl_file
	.byte	115                             @ DW_AT_decl_line
	.long	540                             @ DW_AT_type
	.byte	8                               @ Abbrev [8] 0xbb:0x15 DW_TAG_lexical_block
	.long	.Ldebug_ranges0                 @ DW_AT_ranges
	.byte	5                               @ Abbrev [5] 0xc0:0xf DW_TAG_variable
	.long	.Ldebug_loc12                   @ DW_AT_location
	.long	.Linfo_string35                 @ DW_AT_name
	.byte	1                               @ DW_AT_decl_file
	.byte	117                             @ DW_AT_decl_line
	.long	279                             @ DW_AT_type
	.byte	0                               @ End Of Children Mark
	.byte	0                               @ End Of Children Mark
	.byte	0                               @ End Of Children Mark
	.byte	9                               @ Abbrev [9] 0xd2:0xc DW_TAG_array_type
	.long	222                             @ DW_AT_type
	.byte	10                              @ Abbrev [10] 0xd7:0x6 DW_TAG_subrange_type
	.long	234                             @ DW_AT_type
	.byte	17                              @ DW_AT_count
	.byte	0                               @ End Of Children Mark
	.byte	11                              @ Abbrev [11] 0xde:0x5 DW_TAG_const_type
	.long	227                             @ DW_AT_type
	.byte	12                              @ Abbrev [12] 0xe3:0x7 DW_TAG_base_type
	.long	.Linfo_string4                  @ DW_AT_name
	.byte	6                               @ DW_AT_encoding
	.byte	1                               @ DW_AT_byte_size
	.byte	13                              @ Abbrev [13] 0xea:0x7 DW_TAG_base_type
	.long	.Linfo_string5                  @ DW_AT_name
	.byte	8                               @ DW_AT_byte_size
	.byte	7                               @ DW_AT_encoding
	.byte	14                              @ Abbrev [14] 0xf1:0x15 DW_TAG_enumeration_type
	.long	262                             @ DW_AT_type
	.byte	1                               @ DW_AT_byte_size
	.byte	2                               @ DW_AT_decl_file
	.byte	45                              @ DW_AT_decl_line
	.byte	15                              @ Abbrev [15] 0xf9:0x6 DW_TAG_enumerator
	.long	.Linfo_string7                  @ DW_AT_name
	.byte	0                               @ DW_AT_const_value
	.byte	15                              @ Abbrev [15] 0xff:0x6 DW_TAG_enumerator
	.long	.Linfo_string8                  @ DW_AT_name
	.byte	1                               @ DW_AT_const_value
	.byte	0                               @ End Of Children Mark
	.byte	12                              @ Abbrev [12] 0x106:0x7 DW_TAG_base_type
	.long	.Linfo_string6                  @ DW_AT_name
	.byte	8                               @ DW_AT_encoding
	.byte	1                               @ DW_AT_byte_size
	.byte	16                              @ Abbrev [16] 0x10d:0x5 DW_TAG_pointer_type
	.long	274                             @ DW_AT_type
	.byte	11                              @ Abbrev [11] 0x112:0x5 DW_TAG_const_type
	.long	279                             @ DW_AT_type
	.byte	17                              @ Abbrev [17] 0x117:0xb DW_TAG_typedef
	.long	262                             @ DW_AT_type
	.long	.Linfo_string9                  @ DW_AT_name
	.byte	3                               @ DW_AT_decl_file
	.byte	62                              @ DW_AT_decl_line
	.byte	12                              @ Abbrev [12] 0x122:0x7 DW_TAG_base_type
	.long	.Linfo_string10                 @ DW_AT_name
	.byte	7                               @ DW_AT_encoding
	.byte	4                               @ DW_AT_byte_size
	.byte	18                              @ Abbrev [18] 0x129:0x27 DW_TAG_subprogram
	.long	.Lfunc_begin0                   @ DW_AT_low_pc
	.long	.Lfunc_end0                     @ DW_AT_high_pc
	.byte	1                               @ DW_AT_frame_base
	.byte	93
	.long	.Linfo_string11                 @ DW_AT_name
	.byte	1                               @ DW_AT_decl_file
	.byte	46                              @ DW_AT_decl_line
	.byte	1                               @ DW_AT_prototyped
	.long	458                             @ DW_AT_type
	.byte	1                               @ DW_AT_external
	.byte	4                               @ Abbrev [4] 0x140:0xf DW_TAG_formal_parameter
	.long	.Ldebug_loc0                    @ DW_AT_location
	.long	.Linfo_string16                 @ DW_AT_name
	.byte	1                               @ DW_AT_decl_file
	.byte	46                              @ DW_AT_decl_line
	.long	465                             @ DW_AT_type
	.byte	0                               @ End Of Children Mark
	.byte	19                              @ Abbrev [19] 0x150:0x17 DW_TAG_subprogram
	.long	.Lfunc_begin1                   @ DW_AT_low_pc
	.long	.Lfunc_end1                     @ DW_AT_high_pc
	.byte	1                               @ DW_AT_frame_base
	.byte	93
	.long	.Linfo_string13                 @ DW_AT_name
	.byte	1                               @ DW_AT_decl_file
	.byte	53                              @ DW_AT_decl_line
	.byte	1                               @ DW_AT_prototyped
	.long	458                             @ DW_AT_type
	.byte	1                               @ DW_AT_external
	.byte	18                              @ Abbrev [18] 0x167:0x63 DW_TAG_subprogram
	.long	.Lfunc_begin2                   @ DW_AT_low_pc
	.long	.Lfunc_end2                     @ DW_AT_high_pc
	.byte	1                               @ DW_AT_frame_base
	.byte	93
	.long	.Linfo_string14                 @ DW_AT_name
	.byte	1                               @ DW_AT_decl_file
	.byte	58                              @ DW_AT_decl_line
	.byte	1                               @ DW_AT_prototyped
	.long	458                             @ DW_AT_type
	.byte	1                               @ DW_AT_external
	.byte	4                               @ Abbrev [4] 0x17e:0xf DW_TAG_formal_parameter
	.long	.Ldebug_loc1                    @ DW_AT_location
	.long	.Linfo_string17                 @ DW_AT_name
	.byte	1                               @ DW_AT_decl_file
	.byte	58                              @ DW_AT_decl_line
	.long	465                             @ DW_AT_type
	.byte	5                               @ Abbrev [5] 0x18d:0xf DW_TAG_variable
	.long	.Ldebug_loc2                    @ DW_AT_location
	.long	.Linfo_string18                 @ DW_AT_name
	.byte	1                               @ DW_AT_decl_file
	.byte	60                              @ DW_AT_decl_line
	.long	269                             @ DW_AT_type
	.byte	5                               @ Abbrev [5] 0x19c:0xf DW_TAG_variable
	.long	.Ldebug_loc3                    @ DW_AT_location
	.long	.Linfo_string19                 @ DW_AT_name
	.byte	1                               @ DW_AT_decl_file
	.byte	63                              @ DW_AT_decl_line
	.long	471                             @ DW_AT_type
	.byte	5                               @ Abbrev [5] 0x1ab:0xf DW_TAG_variable
	.long	.Ldebug_loc4                    @ DW_AT_location
	.long	.Linfo_string22                 @ DW_AT_name
	.byte	1                               @ DW_AT_decl_file
	.byte	62                              @ DW_AT_decl_line
	.long	471                             @ DW_AT_type
	.byte	5                               @ Abbrev [5] 0x1ba:0xf DW_TAG_variable
	.long	.Ldebug_loc5                    @ DW_AT_location
	.long	.Linfo_string23                 @ DW_AT_name
	.byte	1                               @ DW_AT_decl_file
	.byte	61                              @ DW_AT_decl_line
	.long	279                             @ DW_AT_type
	.byte	0                               @ End Of Children Mark
	.byte	12                              @ Abbrev [12] 0x1ca:0x7 DW_TAG_base_type
	.long	.Linfo_string12                 @ DW_AT_name
	.byte	2                               @ DW_AT_encoding
	.byte	1                               @ DW_AT_byte_size
	.byte	16                              @ Abbrev [16] 0x1d1:0x5 DW_TAG_pointer_type
	.long	470                             @ DW_AT_type
	.byte	20                              @ Abbrev [20] 0x1d6:0x1 DW_TAG_const_type
	.byte	17                              @ Abbrev [17] 0x1d7:0xb DW_TAG_typedef
	.long	482                             @ DW_AT_type
	.long	.Linfo_string21                 @ DW_AT_name
	.byte	3                               @ DW_AT_decl_file
	.byte	64                              @ DW_AT_decl_line
	.byte	12                              @ Abbrev [12] 0x1e2:0x7 DW_TAG_base_type
	.long	.Linfo_string20                 @ DW_AT_name
	.byte	7                               @ DW_AT_encoding
	.byte	4                               @ DW_AT_byte_size
	.byte	9                               @ Abbrev [9] 0x1e9:0xc DW_TAG_array_type
	.long	227                             @ DW_AT_type
	.byte	10                              @ Abbrev [10] 0x1ee:0x6 DW_TAG_subrange_type
	.long	234                             @ DW_AT_type
	.byte	255                             @ DW_AT_count
	.byte	0                               @ End Of Children Mark
	.byte	16                              @ Abbrev [16] 0x1f5:0x5 DW_TAG_pointer_type
	.long	222                             @ DW_AT_type
	.byte	17                              @ Abbrev [17] 0x1fa:0xb DW_TAG_typedef
	.long	517                             @ DW_AT_type
	.long	.Linfo_string28                 @ DW_AT_name
	.byte	3                               @ DW_AT_decl_file
	.byte	65                              @ DW_AT_decl_line
	.byte	12                              @ Abbrev [12] 0x205:0x7 DW_TAG_base_type
	.long	.Linfo_string27                 @ DW_AT_name
	.byte	7                               @ DW_AT_encoding
	.byte	8                               @ DW_AT_byte_size
	.byte	17                              @ Abbrev [17] 0x20c:0xb DW_TAG_typedef
	.long	482                             @ DW_AT_type
	.long	.Linfo_string31                 @ DW_AT_name
	.byte	4                               @ DW_AT_decl_file
	.byte	53                              @ DW_AT_decl_line
	.byte	16                              @ Abbrev [16] 0x217:0x5 DW_TAG_pointer_type
	.long	227                             @ DW_AT_type
	.byte	17                              @ Abbrev [17] 0x21c:0xb DW_TAG_typedef
	.long	551                             @ DW_AT_type
	.long	.Linfo_string34                 @ DW_AT_name
	.byte	3                               @ DW_AT_decl_file
	.byte	56                              @ DW_AT_decl_line
	.byte	12                              @ Abbrev [12] 0x227:0x7 DW_TAG_base_type
	.long	.Linfo_string33                 @ DW_AT_name
	.byte	6                               @ DW_AT_encoding
	.byte	1                               @ DW_AT_byte_size
	.byte	0                               @ End Of Children Mark
.Ldebug_info_end0:
	.section	.debug_ranges,"",%progbits
.Ldebug_ranges0:
	.long	.Ltmp33
	.long	.Ltmp34
	.long	.Ltmp35
	.long	.Ltmp36
	.long	.Ltmp38
	.long	.Ltmp40
	.long	0
	.long	0
.Ldebug_ranges1:
	.long	.Lfunc_begin0
	.long	.Lfunc_end0
	.long	.Lfunc_begin1
	.long	.Lfunc_end1
	.long	.Lfunc_begin2
	.long	.Lfunc_end2
	.long	.Lfunc_begin3
	.long	.Lfunc_end3
	.long	0
	.long	0
	.section	.debug_str,"MS",%progbits,1
.Linfo_string0:
	.asciz	"Component: ARM Compiler 6.16 Tool: armclang [5dfeb700]" @ string offset=0
.Linfo_string1:
	.asciz	"lvgl/src/lv_misc\\lv_debug.c"  @ string offset=55
.Linfo_string2:
	.asciz	"E:\\Smart-access-control\\Hardware\\CODE" @ string offset=83
.Linfo_string3:
	.asciz	"hex"                           @ string offset=121
.Linfo_string4:
	.asciz	"char"                          @ string offset=125
.Linfo_string5:
	.asciz	"__ARRAY_SIZE_TYPE__"           @ string offset=130
.Linfo_string6:
	.asciz	"unsigned char"                 @ string offset=150
.Linfo_string7:
	.asciz	"LV_RES_INV"                    @ string offset=164
.Linfo_string8:
	.asciz	"LV_RES_OK"                     @ string offset=175
.Linfo_string9:
	.asciz	"uint8_t"                       @ string offset=185
.Linfo_string10:
	.asciz	"long unsigned int"             @ string offset=193
.Linfo_string11:
	.asciz	"lv_debug_check_null"           @ string offset=211
.Linfo_string12:
	.asciz	"_Bool"                         @ string offset=231
.Linfo_string13:
	.asciz	"lv_debug_check_mem_integrity"  @ string offset=237
.Linfo_string14:
	.asciz	"lv_debug_check_str"            @ string offset=266
.Linfo_string15:
	.asciz	"lv_debug_log_error"            @ string offset=285
.Linfo_string16:
	.asciz	"p"                             @ string offset=304
.Linfo_string17:
	.asciz	"str"                           @ string offset=306
.Linfo_string18:
	.asciz	"s"                             @ string offset=310
.Linfo_string19:
	.asciz	"i"                             @ string offset=312
.Linfo_string20:
	.asciz	"unsigned int"                  @ string offset=314
.Linfo_string21:
	.asciz	"uint32_t"                      @ string offset=327
.Linfo_string22:
	.asciz	"rep"                           @ string offset=336
.Linfo_string23:
	.asciz	"last_byte"                     @ string offset=340
.Linfo_string24:
	.asciz	"buf"                           @ string offset=350
.Linfo_string25:
	.asciz	"msg"                           @ string offset=354
.Linfo_string26:
	.asciz	"value"                         @ string offset=358
.Linfo_string27:
	.asciz	"long long unsigned int"        @ string offset=364
.Linfo_string28:
	.asciz	"uint64_t"                      @ string offset=387
.Linfo_string29:
	.asciz	"value_len"                     @ string offset=396
.Linfo_string30:
	.asciz	"msg_len"                       @ string offset=406
.Linfo_string31:
	.asciz	"size_t"                        @ string offset=414
.Linfo_string32:
	.asciz	"bufp"                          @ string offset=421
.Linfo_string33:
	.asciz	"signed char"                   @ string offset=426
.Linfo_string34:
	.asciz	"int8_t"                        @ string offset=438
.Linfo_string35:
	.asciz	"x"                             @ string offset=445
	.ident	"Component: ARM Compiler 6.16 Tool: armclang [5dfeb700]"
	.section	".note.GNU-stack","",%progbits
	.eabi_attribute	30, 1	@ Tag_ABI_optimization_goals
	.ARM_attribute	16, 1	@ Tag_AV_eba
	.section	.debug_line,"",%progbits
.Lline_table_start0:
