	.text
	.syntax unified
	.eabi_attribute	67, "2.09"	@ Tag_conformance
	.cpu	cortex-m7
	.eabi_attribute	6, 13	@ Tag_CPU_arch
	.eabi_attribute	7, 77	@ Tag_CPU_arch_profile
	.eabi_attribute	8, 0	@ Tag_ARM_ISA_use
	.eabi_attribute	9, 2	@ Tag_THUMB_ISA_use
	.fpu	fpv5-d16
	.eabi_attribute	36, 1	@ Tag_FP_HP_extension
	.eabi_attribute	34, 1	@ Tag_CPU_unaligned_access
	.eabi_attribute	17, 1	@ Tag_ABI_PCS_GOT_use
	.eabi_attribute	20, 2	@ Tag_ABI_FP_denormal
	.eabi_attribute	21, 0	@ Tag_ABI_FP_exceptions
	.eabi_attribute	23, 1	@ Tag_ABI_FP_number_model
	.eabi_attribute	24, 1	@ Tag_ABI_align_needed
	.eabi_attribute	25, 1	@ Tag_ABI_align_preserved
	.eabi_attribute	28, 1	@ Tag_ABI_VFP_args
	.eabi_attribute	38, 1	@ Tag_ABI_FP_16bit_format
	.eabi_attribute	18, 2	@ Tag_ABI_PCS_wchar_t
	.eabi_attribute	26, 1	@ Tag_ABI_enum_size
	.eabi_attribute	14, 0	@ Tag_ABI_PCS_R9_use
	.file	"lv_font.c"
	.section	.text.lv_font_get_glyph_bitmap,"ax",%progbits
	.hidden	lv_font_get_glyph_bitmap        @ -- Begin function lv_font_get_glyph_bitmap
	.globl	lv_font_get_glyph_bitmap
	.p2align	3
	.type	lv_font_get_glyph_bitmap,%function
	.code	16                              @ @lv_font_get_glyph_bitmap
	.thumb_func
lv_font_get_glyph_bitmap:
.Lfunc_begin0:
	.file	1 "E:\\Smart-access-control\\Hardware\\CODE" "lvgl/src/lv_font/lv_font.c"
	.loc	1 49 0                          @ lvgl/src/lv_font/lv_font.c:49:0
	.fnstart
	.cfi_sections .debug_frame
	.cfi_startproc
@ %bb.0:
	@DEBUG_VALUE: lv_font_get_glyph_bitmap:font_p <- $r0
	@DEBUG_VALUE: lv_font_get_glyph_bitmap:font_p <- $r0
	@DEBUG_VALUE: lv_font_get_glyph_bitmap:letter <- $r1
	@DEBUG_VALUE: lv_font_get_glyph_bitmap:letter <- $r1
	.save	{r7, lr}
	push	{r7, lr}
	.cfi_def_cfa_offset 8
	.cfi_offset lr, -4
	.cfi_offset r7, -8
.Ltmp0:
	.loc	1 50 20 prologue_end            @ lvgl/src/lv_font/lv_font.c:50:20
	ldr	r2, [r0, #4]
	@DEBUG_VALUE: lv_font_get_glyph_bitmap:letter <- $r1
	.loc	1 50 12 is_stmt 0               @ lvgl/src/lv_font/lv_font.c:50:12
	blx	r2
.Ltmp1:
	@DEBUG_VALUE: lv_font_get_glyph_bitmap:letter <- [DW_OP_LLVM_entry_value 1] $r1
	@DEBUG_VALUE: lv_font_get_glyph_bitmap:font_p <- [DW_OP_LLVM_entry_value 1] $r0
	.loc	1 50 5                          @ lvgl/src/lv_font/lv_font.c:50:5
	pop	{r7, pc}
.Ltmp2:
.Lfunc_end0:
	.size	lv_font_get_glyph_bitmap, .Lfunc_end0-lv_font_get_glyph_bitmap
	.cfi_endproc
	.cantunwind
	.fnend
                                        @ -- End function
	.section	.text.lv_font_get_glyph_dsc,"ax",%progbits
	.hidden	lv_font_get_glyph_dsc           @ -- Begin function lv_font_get_glyph_dsc
	.globl	lv_font_get_glyph_dsc
	.p2align	3
	.type	lv_font_get_glyph_dsc,%function
	.code	16                              @ @lv_font_get_glyph_dsc
	.thumb_func
lv_font_get_glyph_dsc:
.Lfunc_begin1:
	.loc	1 63 0 is_stmt 1                @ lvgl/src/lv_font/lv_font.c:63:0
	.fnstart
	.cfi_startproc
@ %bb.0:
	@DEBUG_VALUE: lv_font_get_glyph_dsc:font_p <- $r0
	@DEBUG_VALUE: lv_font_get_glyph_dsc:font_p <- $r0
	@DEBUG_VALUE: lv_font_get_glyph_dsc:dsc_out <- $r1
	@DEBUG_VALUE: lv_font_get_glyph_dsc:dsc_out <- $r1
	@DEBUG_VALUE: lv_font_get_glyph_dsc:letter <- $r2
	@DEBUG_VALUE: lv_font_get_glyph_dsc:letter <- $r2
	@DEBUG_VALUE: lv_font_get_glyph_dsc:letter_next <- $r3
	@DEBUG_VALUE: lv_font_get_glyph_dsc:letter_next <- $r3
	.save	{r7, lr}
	push	{r7, lr}
	.cfi_def_cfa_offset 8
	.cfi_offset lr, -4
	.cfi_offset r7, -8
.Ltmp3:
	.loc	1 64 20 prologue_end            @ lvgl/src/lv_font/lv_font.c:64:20
	ldr.w	r12, [r0]
	@DEBUG_VALUE: lv_font_get_glyph_dsc:letter_next <- $r3
	@DEBUG_VALUE: lv_font_get_glyph_dsc:letter <- $r2
	@DEBUG_VALUE: lv_font_get_glyph_dsc:dsc_out <- $r1
	.loc	1 64 12 is_stmt 0               @ lvgl/src/lv_font/lv_font.c:64:12
	blx	r12
.Ltmp4:
	@DEBUG_VALUE: lv_font_get_glyph_dsc:letter_next <- [DW_OP_LLVM_entry_value 1] $r3
	@DEBUG_VALUE: lv_font_get_glyph_dsc:letter <- [DW_OP_LLVM_entry_value 1] $r2
	@DEBUG_VALUE: lv_font_get_glyph_dsc:dsc_out <- [DW_OP_LLVM_entry_value 1] $r1
	@DEBUG_VALUE: lv_font_get_glyph_dsc:font_p <- [DW_OP_LLVM_entry_value 1] $r0
	.loc	1 64 5                          @ lvgl/src/lv_font/lv_font.c:64:5
	pop	{r7, pc}
.Ltmp5:
.Lfunc_end1:
	.size	lv_font_get_glyph_dsc, .Lfunc_end1-lv_font_get_glyph_dsc
	.cfi_endproc
	.cantunwind
	.fnend
                                        @ -- End function
	.section	.text.lv_font_get_glyph_width,"ax",%progbits
	.hidden	lv_font_get_glyph_width         @ -- Begin function lv_font_get_glyph_width
	.globl	lv_font_get_glyph_width
	.p2align	3
	.type	lv_font_get_glyph_width,%function
	.code	16                              @ @lv_font_get_glyph_width
	.thumb_func
lv_font_get_glyph_width:
.Lfunc_begin2:
	.loc	1 75 0 is_stmt 1                @ lvgl/src/lv_font/lv_font.c:75:0
	.fnstart
	.cfi_startproc
@ %bb.0:
	@DEBUG_VALUE: lv_font_get_glyph_width:font <- $r0
	@DEBUG_VALUE: lv_font_get_glyph_width:letter <- $r1
	@DEBUG_VALUE: lv_font_get_glyph_width:letter_next <- $r2
	.save	{r7, lr}
	push	{r7, lr}
	.cfi_def_cfa_offset 8
	.cfi_offset lr, -4
	.cfi_offset r7, -8
	.pad	#16
	sub	sp, #16
	.cfi_def_cfa_offset 24
	mov	r3, r2
	mov	r2, r1
.Ltmp6:
	@DEBUG_VALUE: lv_font_get_glyph_width:letter_next <- [DW_OP_LLVM_entry_value 1] $r2
	@DEBUG_VALUE: lv_font_get_glyph_width:letter_next <- $r3
	@DEBUG_VALUE: lv_font_get_glyph_width:letter <- $r2
	@DEBUG_VALUE: lv_font_get_glyph_width:font <- $r0
	add	r1, sp, #4
	@DEBUG_VALUE: lv_font_get_glyph_width:letter_next <- $r3
	@DEBUG_VALUE: lv_font_get_glyph_width:letter <- $r2
	@DEBUG_VALUE: lv_font_get_glyph_width:font <- $r0
.Ltmp7:
	.loc	1 78 11 prologue_end            @ lvgl/src/lv_font/lv_font.c:78:11
	bl	lv_font_get_glyph_dsc
.Ltmp8:
	@DEBUG_VALUE: lv_font_get_glyph_width:font <- [DW_OP_LLVM_entry_value 1] $r0
	.loc	1 79 8                          @ lvgl/src/lv_font/lv_font.c:79:8
	ldrh.w	r1, [sp, #4]
.Ltmp9:
	@DEBUG_VALUE: lv_font_get_glyph_width:ret <- [DW_OP_LLVM_convert 1 7, DW_OP_LLVM_convert 8 7, DW_OP_stack_value] $r0
	cmp	r0, #0
	it	eq
	moveq	r1, r0
	.loc	1 81 1                          @ lvgl/src/lv_font/lv_font.c:81:1
	uxth	r0, r1
.Ltmp10:
	add	sp, #16
	pop	{r7, pc}
.Ltmp11:
.Lfunc_end2:
	.size	lv_font_get_glyph_width, .Lfunc_end2-lv_font_get_glyph_width
	.cfi_endproc
	.cantunwind
	.fnend
                                        @ -- End function
	.file	2 "D:\\Keil_v5\\ARM\\ARMCLANG\\Bin\\..\\include" "stdint.h"
	.file	3 "E:\\Smart-access-control\\Hardware\\CODE" "lvgl/src/lv_font/lv_font.h"
	.file	4 "E:\\Smart-access-control\\Hardware\\CODE" "./lvgl/src/lv_conf.h"
	.section	.debug_loc,"",%progbits
.Ldebug_loc0:
	.long	-1
	.long	.Lfunc_begin0                   @   base address
	.long	.Lfunc_begin0-.Lfunc_begin0
	.long	.Ltmp1-.Lfunc_begin0
	.short	1                               @ Loc expr size
	.byte	80                              @ DW_OP_reg0
	.long	.Ltmp1-.Lfunc_begin0
	.long	.Lfunc_end0-.Lfunc_begin0
	.short	3                               @ Loc expr size
	.byte	163                             @ DW_OP_entry_value
	.byte	1                               @ 1
	.byte	80                              @ DW_OP_reg0
	.long	0
	.long	0
.Ldebug_loc1:
	.long	-1
	.long	.Lfunc_begin0                   @   base address
	.long	.Lfunc_begin0-.Lfunc_begin0
	.long	.Ltmp1-.Lfunc_begin0
	.short	1                               @ Loc expr size
	.byte	81                              @ DW_OP_reg1
	.long	.Ltmp1-.Lfunc_begin0
	.long	.Lfunc_end0-.Lfunc_begin0
	.short	3                               @ Loc expr size
	.byte	163                             @ DW_OP_entry_value
	.byte	1                               @ 1
	.byte	81                              @ DW_OP_reg1
	.long	0
	.long	0
.Ldebug_loc2:
	.long	-1
	.long	.Lfunc_begin1                   @   base address
	.long	.Lfunc_begin1-.Lfunc_begin1
	.long	.Ltmp4-.Lfunc_begin1
	.short	1                               @ Loc expr size
	.byte	80                              @ DW_OP_reg0
	.long	.Ltmp4-.Lfunc_begin1
	.long	.Lfunc_end1-.Lfunc_begin1
	.short	3                               @ Loc expr size
	.byte	163                             @ DW_OP_entry_value
	.byte	1                               @ 1
	.byte	80                              @ DW_OP_reg0
	.long	0
	.long	0
.Ldebug_loc3:
	.long	-1
	.long	.Lfunc_begin1                   @   base address
	.long	.Lfunc_begin1-.Lfunc_begin1
	.long	.Ltmp4-.Lfunc_begin1
	.short	1                               @ Loc expr size
	.byte	81                              @ DW_OP_reg1
	.long	.Ltmp4-.Lfunc_begin1
	.long	.Lfunc_end1-.Lfunc_begin1
	.short	3                               @ Loc expr size
	.byte	163                             @ DW_OP_entry_value
	.byte	1                               @ 1
	.byte	81                              @ DW_OP_reg1
	.long	0
	.long	0
.Ldebug_loc4:
	.long	-1
	.long	.Lfunc_begin1                   @   base address
	.long	.Lfunc_begin1-.Lfunc_begin1
	.long	.Ltmp4-.Lfunc_begin1
	.short	1                               @ Loc expr size
	.byte	82                              @ DW_OP_reg2
	.long	.Ltmp4-.Lfunc_begin1
	.long	.Lfunc_end1-.Lfunc_begin1
	.short	3                               @ Loc expr size
	.byte	163                             @ DW_OP_entry_value
	.byte	1                               @ 1
	.byte	82                              @ DW_OP_reg2
	.long	0
	.long	0
.Ldebug_loc5:
	.long	-1
	.long	.Lfunc_begin1                   @   base address
	.long	.Lfunc_begin1-.Lfunc_begin1
	.long	.Ltmp4-.Lfunc_begin1
	.short	1                               @ Loc expr size
	.byte	83                              @ DW_OP_reg3
	.long	.Ltmp4-.Lfunc_begin1
	.long	.Lfunc_end1-.Lfunc_begin1
	.short	3                               @ Loc expr size
	.byte	163                             @ DW_OP_entry_value
	.byte	1                               @ 1
	.byte	83                              @ DW_OP_reg3
	.long	0
	.long	0
.Ldebug_loc6:
	.long	-1
	.long	.Lfunc_begin2                   @   base address
	.long	.Lfunc_begin2-.Lfunc_begin2
	.long	.Ltmp8-.Lfunc_begin2
	.short	1                               @ Loc expr size
	.byte	80                              @ DW_OP_reg0
	.long	.Ltmp8-.Lfunc_begin2
	.long	.Lfunc_end2-.Lfunc_begin2
	.short	3                               @ Loc expr size
	.byte	163                             @ DW_OP_entry_value
	.byte	1                               @ 1
	.byte	80                              @ DW_OP_reg0
	.long	0
	.long	0
.Ldebug_loc7:
	.long	-1
	.long	.Lfunc_begin2                   @   base address
	.long	.Lfunc_begin2-.Lfunc_begin2
	.long	.Ltmp6-.Lfunc_begin2
	.short	1                               @ Loc expr size
	.byte	81                              @ DW_OP_reg1
	.long	.Ltmp6-.Lfunc_begin2
	.long	.Ltmp8-.Lfunc_begin2
	.short	1                               @ Loc expr size
	.byte	82                              @ DW_OP_reg2
	.long	0
	.long	0
.Ldebug_loc8:
	.long	-1
	.long	.Lfunc_begin2                   @   base address
	.long	.Lfunc_begin2-.Lfunc_begin2
	.long	.Ltmp6-.Lfunc_begin2
	.short	1                               @ Loc expr size
	.byte	82                              @ DW_OP_reg2
	.long	.Ltmp6-.Lfunc_begin2
	.long	.Ltmp8-.Lfunc_begin2
	.short	1                               @ Loc expr size
	.byte	83                              @ DW_OP_reg3
	.long	0
	.long	0
	.section	.debug_abbrev,"",%progbits
	.byte	1                               @ Abbreviation Code
	.byte	17                              @ DW_TAG_compile_unit
	.byte	1                               @ DW_CHILDREN_yes
	.byte	37                              @ DW_AT_producer
	.byte	14                              @ DW_FORM_strp
	.byte	19                              @ DW_AT_language
	.byte	5                               @ DW_FORM_data2
	.byte	3                               @ DW_AT_name
	.byte	14                              @ DW_FORM_strp
	.byte	16                              @ DW_AT_stmt_list
	.byte	6                               @ DW_FORM_data4
	.byte	27                              @ DW_AT_comp_dir
	.byte	14                              @ DW_FORM_strp
	.byte	17                              @ DW_AT_low_pc
	.byte	1                               @ DW_FORM_addr
	.byte	85                              @ DW_AT_ranges
	.byte	6                               @ DW_FORM_data4
	.byte	0                               @ EOM(1)
	.byte	0                               @ EOM(2)
	.byte	2                               @ Abbreviation Code
	.byte	46                              @ DW_TAG_subprogram
	.byte	1                               @ DW_CHILDREN_yes
	.byte	17                              @ DW_AT_low_pc
	.byte	1                               @ DW_FORM_addr
	.byte	18                              @ DW_AT_high_pc
	.byte	1                               @ DW_FORM_addr
	.byte	64                              @ DW_AT_frame_base
	.byte	10                              @ DW_FORM_block1
	.byte	3                               @ DW_AT_name
	.byte	14                              @ DW_FORM_strp
	.byte	58                              @ DW_AT_decl_file
	.byte	11                              @ DW_FORM_data1
	.byte	59                              @ DW_AT_decl_line
	.byte	11                              @ DW_FORM_data1
	.byte	39                              @ DW_AT_prototyped
	.byte	12                              @ DW_FORM_flag
	.byte	73                              @ DW_AT_type
	.byte	19                              @ DW_FORM_ref4
	.byte	63                              @ DW_AT_external
	.byte	12                              @ DW_FORM_flag
	.byte	0                               @ EOM(1)
	.byte	0                               @ EOM(2)
	.byte	3                               @ Abbreviation Code
	.byte	5                               @ DW_TAG_formal_parameter
	.byte	0                               @ DW_CHILDREN_no
	.byte	2                               @ DW_AT_location
	.byte	6                               @ DW_FORM_data4
	.byte	3                               @ DW_AT_name
	.byte	14                              @ DW_FORM_strp
	.byte	58                              @ DW_AT_decl_file
	.byte	11                              @ DW_FORM_data1
	.byte	59                              @ DW_AT_decl_line
	.byte	11                              @ DW_FORM_data1
	.byte	73                              @ DW_AT_type
	.byte	19                              @ DW_FORM_ref4
	.byte	0                               @ EOM(1)
	.byte	0                               @ EOM(2)
	.byte	4                               @ Abbreviation Code
	.byte	52                              @ DW_TAG_variable
	.byte	0                               @ DW_CHILDREN_no
	.byte	2                               @ DW_AT_location
	.byte	10                              @ DW_FORM_block1
	.byte	3                               @ DW_AT_name
	.byte	14                              @ DW_FORM_strp
	.byte	58                              @ DW_AT_decl_file
	.byte	11                              @ DW_FORM_data1
	.byte	59                              @ DW_AT_decl_line
	.byte	11                              @ DW_FORM_data1
	.byte	73                              @ DW_AT_type
	.byte	19                              @ DW_FORM_ref4
	.byte	0                               @ EOM(1)
	.byte	0                               @ EOM(2)
	.byte	5                               @ Abbreviation Code
	.byte	52                              @ DW_TAG_variable
	.byte	0                               @ DW_CHILDREN_no
	.byte	3                               @ DW_AT_name
	.byte	14                              @ DW_FORM_strp
	.byte	58                              @ DW_AT_decl_file
	.byte	11                              @ DW_FORM_data1
	.byte	59                              @ DW_AT_decl_line
	.byte	11                              @ DW_FORM_data1
	.byte	73                              @ DW_AT_type
	.byte	19                              @ DW_FORM_ref4
	.byte	0                               @ EOM(1)
	.byte	0                               @ EOM(2)
	.byte	6                               @ Abbreviation Code
	.byte	15                              @ DW_TAG_pointer_type
	.byte	0                               @ DW_CHILDREN_no
	.byte	73                              @ DW_AT_type
	.byte	19                              @ DW_FORM_ref4
	.byte	0                               @ EOM(1)
	.byte	0                               @ EOM(2)
	.byte	7                               @ Abbreviation Code
	.byte	38                              @ DW_TAG_const_type
	.byte	0                               @ DW_CHILDREN_no
	.byte	73                              @ DW_AT_type
	.byte	19                              @ DW_FORM_ref4
	.byte	0                               @ EOM(1)
	.byte	0                               @ EOM(2)
	.byte	8                               @ Abbreviation Code
	.byte	22                              @ DW_TAG_typedef
	.byte	0                               @ DW_CHILDREN_no
	.byte	73                              @ DW_AT_type
	.byte	19                              @ DW_FORM_ref4
	.byte	3                               @ DW_AT_name
	.byte	14                              @ DW_FORM_strp
	.byte	58                              @ DW_AT_decl_file
	.byte	11                              @ DW_FORM_data1
	.byte	59                              @ DW_AT_decl_line
	.byte	11                              @ DW_FORM_data1
	.byte	0                               @ EOM(1)
	.byte	0                               @ EOM(2)
	.byte	9                               @ Abbreviation Code
	.byte	36                              @ DW_TAG_base_type
	.byte	0                               @ DW_CHILDREN_no
	.byte	3                               @ DW_AT_name
	.byte	14                              @ DW_FORM_strp
	.byte	62                              @ DW_AT_encoding
	.byte	11                              @ DW_FORM_data1
	.byte	11                              @ DW_AT_byte_size
	.byte	11                              @ DW_FORM_data1
	.byte	0                               @ EOM(1)
	.byte	0                               @ EOM(2)
	.byte	10                              @ Abbreviation Code
	.byte	19                              @ DW_TAG_structure_type
	.byte	1                               @ DW_CHILDREN_yes
	.byte	3                               @ DW_AT_name
	.byte	14                              @ DW_FORM_strp
	.byte	11                              @ DW_AT_byte_size
	.byte	11                              @ DW_FORM_data1
	.byte	58                              @ DW_AT_decl_file
	.byte	11                              @ DW_FORM_data1
	.byte	59                              @ DW_AT_decl_line
	.byte	11                              @ DW_FORM_data1
	.byte	0                               @ EOM(1)
	.byte	0                               @ EOM(2)
	.byte	11                              @ Abbreviation Code
	.byte	13                              @ DW_TAG_member
	.byte	0                               @ DW_CHILDREN_no
	.byte	3                               @ DW_AT_name
	.byte	14                              @ DW_FORM_strp
	.byte	73                              @ DW_AT_type
	.byte	19                              @ DW_FORM_ref4
	.byte	58                              @ DW_AT_decl_file
	.byte	11                              @ DW_FORM_data1
	.byte	59                              @ DW_AT_decl_line
	.byte	11                              @ DW_FORM_data1
	.byte	56                              @ DW_AT_data_member_location
	.byte	11                              @ DW_FORM_data1
	.byte	0                               @ EOM(1)
	.byte	0                               @ EOM(2)
	.byte	12                              @ Abbreviation Code
	.byte	13                              @ DW_TAG_member
	.byte	0                               @ DW_CHILDREN_no
	.byte	3                               @ DW_AT_name
	.byte	14                              @ DW_FORM_strp
	.byte	73                              @ DW_AT_type
	.byte	19                              @ DW_FORM_ref4
	.byte	58                              @ DW_AT_decl_file
	.byte	11                              @ DW_FORM_data1
	.byte	59                              @ DW_AT_decl_line
	.byte	11                              @ DW_FORM_data1
	.byte	11                              @ DW_AT_byte_size
	.byte	11                              @ DW_FORM_data1
	.byte	13                              @ DW_AT_bit_size
	.byte	11                              @ DW_FORM_data1
	.byte	12                              @ DW_AT_bit_offset
	.byte	11                              @ DW_FORM_data1
	.byte	56                              @ DW_AT_data_member_location
	.byte	11                              @ DW_FORM_data1
	.byte	0                               @ EOM(1)
	.byte	0                               @ EOM(2)
	.byte	13                              @ Abbreviation Code
	.byte	21                              @ DW_TAG_subroutine_type
	.byte	1                               @ DW_CHILDREN_yes
	.byte	73                              @ DW_AT_type
	.byte	19                              @ DW_FORM_ref4
	.byte	39                              @ DW_AT_prototyped
	.byte	12                              @ DW_FORM_flag
	.byte	0                               @ EOM(1)
	.byte	0                               @ EOM(2)
	.byte	14                              @ Abbreviation Code
	.byte	5                               @ DW_TAG_formal_parameter
	.byte	0                               @ DW_CHILDREN_no
	.byte	73                              @ DW_AT_type
	.byte	19                              @ DW_FORM_ref4
	.byte	0                               @ EOM(1)
	.byte	0                               @ EOM(2)
	.byte	15                              @ Abbreviation Code
	.byte	19                              @ DW_TAG_structure_type
	.byte	1                               @ DW_CHILDREN_yes
	.byte	11                              @ DW_AT_byte_size
	.byte	11                              @ DW_FORM_data1
	.byte	58                              @ DW_AT_decl_file
	.byte	11                              @ DW_FORM_data1
	.byte	59                              @ DW_AT_decl_line
	.byte	11                              @ DW_FORM_data1
	.byte	0                               @ EOM(1)
	.byte	0                               @ EOM(2)
	.byte	16                              @ Abbreviation Code
	.byte	15                              @ DW_TAG_pointer_type
	.byte	0                               @ DW_CHILDREN_no
	.byte	0                               @ EOM(1)
	.byte	0                               @ EOM(2)
	.byte	0                               @ EOM(3)
	.section	.debug_info,"",%progbits
.Lcu_begin0:
	.long	.Ldebug_info_end0-.Ldebug_info_start0 @ Length of Unit
.Ldebug_info_start0:
	.short	3                               @ DWARF version number
	.long	.debug_abbrev                   @ Offset Into Abbrev. Section
	.byte	4                               @ Address Size (in bytes)
	.byte	1                               @ Abbrev [1] 0xb:0x299 DW_TAG_compile_unit
	.long	.Linfo_string0                  @ DW_AT_producer
	.short	12                              @ DW_AT_language
	.long	.Linfo_string1                  @ DW_AT_name
	.long	.Lline_table_start0             @ DW_AT_stmt_list
	.long	.Linfo_string2                  @ DW_AT_comp_dir
	.long	0                               @ DW_AT_low_pc
	.long	.Ldebug_ranges0                 @ DW_AT_ranges
	.byte	2                               @ Abbrev [2] 0x26:0x36 DW_TAG_subprogram
	.long	.Lfunc_begin0                   @ DW_AT_low_pc
	.long	.Lfunc_end0                     @ DW_AT_high_pc
	.byte	1                               @ DW_AT_frame_base
	.byte	93
	.long	.Linfo_string3                  @ DW_AT_name
	.byte	1                               @ DW_AT_decl_file
	.byte	48                              @ DW_AT_decl_line
	.byte	1                               @ DW_AT_prototyped
	.long	270                             @ DW_AT_type
	.byte	1                               @ DW_AT_external
	.byte	3                               @ Abbrev [3] 0x3d:0xf DW_TAG_formal_parameter
	.long	.Ldebug_loc0                    @ DW_AT_location
	.long	.Linfo_string11                 @ DW_AT_name
	.byte	1                               @ DW_AT_decl_file
	.byte	48                              @ DW_AT_decl_line
	.long	323                             @ DW_AT_type
	.byte	3                               @ Abbrev [3] 0x4c:0xf DW_TAG_formal_parameter
	.long	.Ldebug_loc1                    @ DW_AT_location
	.long	.Linfo_string36                 @ DW_AT_name
	.byte	1                               @ DW_AT_decl_file
	.byte	48                              @ DW_AT_decl_line
	.long	605                             @ DW_AT_type
	.byte	0                               @ End Of Children Mark
	.byte	2                               @ Abbrev [2] 0x5c:0x54 DW_TAG_subprogram
	.long	.Lfunc_begin1                   @ DW_AT_low_pc
	.long	.Lfunc_end1                     @ DW_AT_high_pc
	.byte	1                               @ DW_AT_frame_base
	.byte	93
	.long	.Linfo_string6                  @ DW_AT_name
	.byte	1                               @ DW_AT_decl_file
	.byte	61                              @ DW_AT_decl_line
	.byte	1                               @ DW_AT_prototyped
	.long	298                             @ DW_AT_type
	.byte	1                               @ DW_AT_external
	.byte	3                               @ Abbrev [3] 0x73:0xf DW_TAG_formal_parameter
	.long	.Ldebug_loc2                    @ DW_AT_location
	.long	.Linfo_string11                 @ DW_AT_name
	.byte	1                               @ DW_AT_decl_file
	.byte	61                              @ DW_AT_decl_line
	.long	323                             @ DW_AT_type
	.byte	3                               @ Abbrev [3] 0x82:0xf DW_TAG_formal_parameter
	.long	.Ldebug_loc3                    @ DW_AT_location
	.long	.Linfo_string37                 @ DW_AT_name
	.byte	1                               @ DW_AT_decl_file
	.byte	61                              @ DW_AT_decl_line
	.long	494                             @ DW_AT_type
	.byte	3                               @ Abbrev [3] 0x91:0xf DW_TAG_formal_parameter
	.long	.Ldebug_loc4                    @ DW_AT_location
	.long	.Linfo_string36                 @ DW_AT_name
	.byte	1                               @ DW_AT_decl_file
	.byte	61                              @ DW_AT_decl_line
	.long	605                             @ DW_AT_type
	.byte	3                               @ Abbrev [3] 0xa0:0xf DW_TAG_formal_parameter
	.long	.Ldebug_loc5                    @ DW_AT_location
	.long	.Linfo_string38                 @ DW_AT_name
	.byte	1                               @ DW_AT_decl_file
	.byte	62                              @ DW_AT_decl_line
	.long	605                             @ DW_AT_type
	.byte	0                               @ End Of Children Mark
	.byte	2                               @ Abbrev [2] 0xb0:0x5e DW_TAG_subprogram
	.long	.Lfunc_begin2                   @ DW_AT_low_pc
	.long	.Lfunc_end2                     @ DW_AT_high_pc
	.byte	1                               @ DW_AT_frame_base
	.byte	93
	.long	.Linfo_string8                  @ DW_AT_name
	.byte	1                               @ DW_AT_decl_file
	.byte	74                              @ DW_AT_decl_line
	.byte	1                               @ DW_AT_prototyped
	.long	305                             @ DW_AT_type
	.byte	1                               @ DW_AT_external
	.byte	3                               @ Abbrev [3] 0xc7:0xf DW_TAG_formal_parameter
	.long	.Ldebug_loc6                    @ DW_AT_location
	.long	.Linfo_string40                 @ DW_AT_name
	.byte	1                               @ DW_AT_decl_file
	.byte	74                              @ DW_AT_decl_line
	.long	323                             @ DW_AT_type
	.byte	3                               @ Abbrev [3] 0xd6:0xf DW_TAG_formal_parameter
	.long	.Ldebug_loc7                    @ DW_AT_location
	.long	.Linfo_string36                 @ DW_AT_name
	.byte	1                               @ DW_AT_decl_file
	.byte	74                              @ DW_AT_decl_line
	.long	605                             @ DW_AT_type
	.byte	3                               @ Abbrev [3] 0xe5:0xf DW_TAG_formal_parameter
	.long	.Ldebug_loc8                    @ DW_AT_location
	.long	.Linfo_string38                 @ DW_AT_name
	.byte	1                               @ DW_AT_decl_file
	.byte	74                              @ DW_AT_decl_line
	.long	605                             @ DW_AT_type
	.byte	4                               @ Abbrev [4] 0xf4:0xe DW_TAG_variable
	.byte	2                               @ DW_AT_location
	.byte	145
	.byte	4
	.long	.Linfo_string39                 @ DW_AT_name
	.byte	1                               @ DW_AT_decl_file
	.byte	76                              @ DW_AT_decl_line
	.long	499                             @ DW_AT_type
	.byte	5                               @ Abbrev [5] 0x102:0xb DW_TAG_variable
	.long	.Linfo_string41                 @ DW_AT_name
	.byte	1                               @ DW_AT_decl_file
	.byte	77                              @ DW_AT_decl_line
	.long	298                             @ DW_AT_type
	.byte	0                               @ End Of Children Mark
	.byte	6                               @ Abbrev [6] 0x10e:0x5 DW_TAG_pointer_type
	.long	275                             @ DW_AT_type
	.byte	7                               @ Abbrev [7] 0x113:0x5 DW_TAG_const_type
	.long	280                             @ DW_AT_type
	.byte	8                               @ Abbrev [8] 0x118:0xb DW_TAG_typedef
	.long	291                             @ DW_AT_type
	.long	.Linfo_string5                  @ DW_AT_name
	.byte	2                               @ DW_AT_decl_file
	.byte	62                              @ DW_AT_decl_line
	.byte	9                               @ Abbrev [9] 0x123:0x7 DW_TAG_base_type
	.long	.Linfo_string4                  @ DW_AT_name
	.byte	8                               @ DW_AT_encoding
	.byte	1                               @ DW_AT_byte_size
	.byte	9                               @ Abbrev [9] 0x12a:0x7 DW_TAG_base_type
	.long	.Linfo_string7                  @ DW_AT_name
	.byte	2                               @ DW_AT_encoding
	.byte	1                               @ DW_AT_byte_size
	.byte	8                               @ Abbrev [8] 0x131:0xb DW_TAG_typedef
	.long	316                             @ DW_AT_type
	.long	.Linfo_string10                 @ DW_AT_name
	.byte	2                               @ DW_AT_decl_file
	.byte	63                              @ DW_AT_decl_line
	.byte	9                               @ Abbrev [9] 0x13c:0x7 DW_TAG_base_type
	.long	.Linfo_string9                  @ DW_AT_name
	.byte	7                               @ DW_AT_encoding
	.byte	2                               @ DW_AT_byte_size
	.byte	6                               @ Abbrev [6] 0x143:0x5 DW_TAG_pointer_type
	.long	328                             @ DW_AT_type
	.byte	7                               @ Abbrev [7] 0x148:0x5 DW_TAG_const_type
	.long	333                             @ DW_AT_type
	.byte	8                               @ Abbrev [8] 0x14d:0xb DW_TAG_typedef
	.long	344                             @ DW_AT_type
	.long	.Linfo_string35                 @ DW_AT_name
	.byte	3                               @ DW_AT_decl_file
	.byte	77                              @ DW_AT_decl_line
	.byte	10                              @ Abbrev [10] 0x158:0x6c DW_TAG_structure_type
	.long	.Linfo_string34                 @ DW_AT_name
	.byte	20                              @ DW_AT_byte_size
	.byte	3                               @ DW_AT_decl_file
	.byte	57                              @ DW_AT_decl_line
	.byte	11                              @ Abbrev [11] 0x160:0xc DW_TAG_member
	.long	.Linfo_string12                 @ DW_AT_name
	.long	452                             @ DW_AT_type
	.byte	3                               @ DW_AT_decl_file
	.byte	59                              @ DW_AT_decl_line
	.byte	0                               @ DW_AT_data_member_location
	.byte	11                              @ Abbrev [11] 0x16c:0xc DW_TAG_member
	.long	.Linfo_string24                 @ DW_AT_name
	.long	623                             @ DW_AT_type
	.byte	3                               @ DW_AT_decl_file
	.byte	62                              @ DW_AT_decl_line
	.byte	4                               @ DW_AT_data_member_location
	.byte	11                              @ Abbrev [11] 0x178:0xc DW_TAG_member
	.long	.Linfo_string25                 @ DW_AT_name
	.long	645                             @ DW_AT_type
	.byte	3                               @ DW_AT_decl_file
	.byte	65                              @ DW_AT_decl_line
	.byte	8                               @ DW_AT_data_member_location
	.byte	11                              @ Abbrev [11] 0x184:0xc DW_TAG_member
	.long	.Linfo_string27                 @ DW_AT_name
	.long	645                             @ DW_AT_type
	.byte	3                               @ DW_AT_decl_file
	.byte	66                              @ DW_AT_decl_line
	.byte	10                              @ DW_AT_data_member_location
	.byte	12                              @ Abbrev [12] 0x190:0xf DW_TAG_member
	.long	.Linfo_string28                 @ DW_AT_name
	.long	280                             @ DW_AT_type
	.byte	3                               @ DW_AT_decl_file
	.byte	67                              @ DW_AT_decl_line
	.byte	1                               @ DW_AT_byte_size
	.byte	2                               @ DW_AT_bit_size
	.byte	6                               @ DW_AT_bit_offset
	.byte	12                              @ DW_AT_data_member_location
	.byte	11                              @ Abbrev [11] 0x19f:0xc DW_TAG_member
	.long	.Linfo_string29                 @ DW_AT_name
	.long	656                             @ DW_AT_type
	.byte	3                               @ DW_AT_decl_file
	.byte	69                              @ DW_AT_decl_line
	.byte	13                              @ DW_AT_data_member_location
	.byte	11                              @ Abbrev [11] 0x1ab:0xc DW_TAG_member
	.long	.Linfo_string32                 @ DW_AT_name
	.long	656                             @ DW_AT_type
	.byte	3                               @ DW_AT_decl_file
	.byte	70                              @ DW_AT_decl_line
	.byte	14                              @ DW_AT_data_member_location
	.byte	11                              @ Abbrev [11] 0x1b7:0xc DW_TAG_member
	.long	.Linfo_string33                 @ DW_AT_name
	.long	674                             @ DW_AT_type
	.byte	3                               @ DW_AT_decl_file
	.byte	72                              @ DW_AT_decl_line
	.byte	16                              @ DW_AT_data_member_location
	.byte	0                               @ End Of Children Mark
	.byte	6                               @ Abbrev [6] 0x1c4:0x5 DW_TAG_pointer_type
	.long	457                             @ DW_AT_type
	.byte	13                              @ Abbrev [13] 0x1c9:0x1b DW_TAG_subroutine_type
	.long	298                             @ DW_AT_type
	.byte	1                               @ DW_AT_prototyped
	.byte	14                              @ Abbrev [14] 0x1cf:0x5 DW_TAG_formal_parameter
	.long	484                             @ DW_AT_type
	.byte	14                              @ Abbrev [14] 0x1d4:0x5 DW_TAG_formal_parameter
	.long	494                             @ DW_AT_type
	.byte	14                              @ Abbrev [14] 0x1d9:0x5 DW_TAG_formal_parameter
	.long	605                             @ DW_AT_type
	.byte	14                              @ Abbrev [14] 0x1de:0x5 DW_TAG_formal_parameter
	.long	605                             @ DW_AT_type
	.byte	0                               @ End Of Children Mark
	.byte	6                               @ Abbrev [6] 0x1e4:0x5 DW_TAG_pointer_type
	.long	489                             @ DW_AT_type
	.byte	7                               @ Abbrev [7] 0x1e9:0x5 DW_TAG_const_type
	.long	344                             @ DW_AT_type
	.byte	6                               @ Abbrev [6] 0x1ee:0x5 DW_TAG_pointer_type
	.long	499                             @ DW_AT_type
	.byte	8                               @ Abbrev [8] 0x1f3:0xb DW_TAG_typedef
	.long	510                             @ DW_AT_type
	.long	.Linfo_string21                 @ DW_AT_name
	.byte	3                               @ DW_AT_decl_file
	.byte	44                              @ DW_AT_decl_line
	.byte	15                              @ Abbrev [15] 0x1fe:0x4d DW_TAG_structure_type
	.byte	12                              @ DW_AT_byte_size
	.byte	3                               @ DW_AT_decl_file
	.byte	37                              @ DW_AT_decl_line
	.byte	11                              @ Abbrev [11] 0x202:0xc DW_TAG_member
	.long	.Linfo_string13                 @ DW_AT_name
	.long	305                             @ DW_AT_type
	.byte	3                               @ DW_AT_decl_file
	.byte	38                              @ DW_AT_decl_line
	.byte	0                               @ DW_AT_data_member_location
	.byte	11                              @ Abbrev [11] 0x20e:0xc DW_TAG_member
	.long	.Linfo_string14                 @ DW_AT_name
	.long	305                             @ DW_AT_type
	.byte	3                               @ DW_AT_decl_file
	.byte	39                              @ DW_AT_decl_line
	.byte	2                               @ DW_AT_data_member_location
	.byte	11                              @ Abbrev [11] 0x21a:0xc DW_TAG_member
	.long	.Linfo_string15                 @ DW_AT_name
	.long	305                             @ DW_AT_type
	.byte	3                               @ DW_AT_decl_file
	.byte	40                              @ DW_AT_decl_line
	.byte	4                               @ DW_AT_data_member_location
	.byte	11                              @ Abbrev [11] 0x226:0xc DW_TAG_member
	.long	.Linfo_string16                 @ DW_AT_name
	.long	587                             @ DW_AT_type
	.byte	3                               @ DW_AT_decl_file
	.byte	41                              @ DW_AT_decl_line
	.byte	6                               @ DW_AT_data_member_location
	.byte	11                              @ Abbrev [11] 0x232:0xc DW_TAG_member
	.long	.Linfo_string19                 @ DW_AT_name
	.long	587                             @ DW_AT_type
	.byte	3                               @ DW_AT_decl_file
	.byte	42                              @ DW_AT_decl_line
	.byte	8                               @ DW_AT_data_member_location
	.byte	11                              @ Abbrev [11] 0x23e:0xc DW_TAG_member
	.long	.Linfo_string20                 @ DW_AT_name
	.long	280                             @ DW_AT_type
	.byte	3                               @ DW_AT_decl_file
	.byte	43                              @ DW_AT_decl_line
	.byte	10                              @ DW_AT_data_member_location
	.byte	0                               @ End Of Children Mark
	.byte	8                               @ Abbrev [8] 0x24b:0xb DW_TAG_typedef
	.long	598                             @ DW_AT_type
	.long	.Linfo_string18                 @ DW_AT_name
	.byte	2                               @ DW_AT_decl_file
	.byte	57                              @ DW_AT_decl_line
	.byte	9                               @ Abbrev [9] 0x256:0x7 DW_TAG_base_type
	.long	.Linfo_string17                 @ DW_AT_name
	.byte	5                               @ DW_AT_encoding
	.byte	2                               @ DW_AT_byte_size
	.byte	8                               @ Abbrev [8] 0x25d:0xb DW_TAG_typedef
	.long	616                             @ DW_AT_type
	.long	.Linfo_string23                 @ DW_AT_name
	.byte	2                               @ DW_AT_decl_file
	.byte	64                              @ DW_AT_decl_line
	.byte	9                               @ Abbrev [9] 0x268:0x7 DW_TAG_base_type
	.long	.Linfo_string22                 @ DW_AT_name
	.byte	7                               @ DW_AT_encoding
	.byte	4                               @ DW_AT_byte_size
	.byte	6                               @ Abbrev [6] 0x26f:0x5 DW_TAG_pointer_type
	.long	628                             @ DW_AT_type
	.byte	13                              @ Abbrev [13] 0x274:0x11 DW_TAG_subroutine_type
	.long	270                             @ DW_AT_type
	.byte	1                               @ DW_AT_prototyped
	.byte	14                              @ Abbrev [14] 0x27a:0x5 DW_TAG_formal_parameter
	.long	484                             @ DW_AT_type
	.byte	14                              @ Abbrev [14] 0x27f:0x5 DW_TAG_formal_parameter
	.long	605                             @ DW_AT_type
	.byte	0                               @ End Of Children Mark
	.byte	8                               @ Abbrev [8] 0x285:0xb DW_TAG_typedef
	.long	587                             @ DW_AT_type
	.long	.Linfo_string26                 @ DW_AT_name
	.byte	4                               @ DW_AT_decl_file
	.byte	70                              @ DW_AT_decl_line
	.byte	8                               @ Abbrev [8] 0x290:0xb DW_TAG_typedef
	.long	667                             @ DW_AT_type
	.long	.Linfo_string31                 @ DW_AT_name
	.byte	2                               @ DW_AT_decl_file
	.byte	56                              @ DW_AT_decl_line
	.byte	9                               @ Abbrev [9] 0x29b:0x7 DW_TAG_base_type
	.long	.Linfo_string30                 @ DW_AT_name
	.byte	6                               @ DW_AT_encoding
	.byte	1                               @ DW_AT_byte_size
	.byte	16                              @ Abbrev [16] 0x2a2:0x1 DW_TAG_pointer_type
	.byte	0                               @ End Of Children Mark
.Ldebug_info_end0:
	.section	.debug_ranges,"",%progbits
.Ldebug_ranges0:
	.long	.Lfunc_begin0
	.long	.Lfunc_end0
	.long	.Lfunc_begin1
	.long	.Lfunc_end1
	.long	.Lfunc_begin2
	.long	.Lfunc_end2
	.long	0
	.long	0
	.section	.debug_str,"MS",%progbits,1
.Linfo_string0:
	.asciz	"Component: ARM Compiler 6.16 Tool: armclang [5dfeb700]" @ string offset=0
.Linfo_string1:
	.asciz	"lvgl/src/lv_font\\lv_font.c"   @ string offset=55
.Linfo_string2:
	.asciz	"E:\\Smart-access-control\\Hardware\\CODE" @ string offset=82
.Linfo_string3:
	.asciz	"lv_font_get_glyph_bitmap"      @ string offset=120
.Linfo_string4:
	.asciz	"unsigned char"                 @ string offset=145
.Linfo_string5:
	.asciz	"uint8_t"                       @ string offset=159
.Linfo_string6:
	.asciz	"lv_font_get_glyph_dsc"         @ string offset=167
.Linfo_string7:
	.asciz	"_Bool"                         @ string offset=189
.Linfo_string8:
	.asciz	"lv_font_get_glyph_width"       @ string offset=195
.Linfo_string9:
	.asciz	"unsigned short"                @ string offset=219
.Linfo_string10:
	.asciz	"uint16_t"                      @ string offset=234
.Linfo_string11:
	.asciz	"font_p"                        @ string offset=243
.Linfo_string12:
	.asciz	"get_glyph_dsc"                 @ string offset=250
.Linfo_string13:
	.asciz	"adv_w"                         @ string offset=264
.Linfo_string14:
	.asciz	"box_w"                         @ string offset=270
.Linfo_string15:
	.asciz	"box_h"                         @ string offset=276
.Linfo_string16:
	.asciz	"ofs_x"                         @ string offset=282
.Linfo_string17:
	.asciz	"short"                         @ string offset=288
.Linfo_string18:
	.asciz	"int16_t"                       @ string offset=294
.Linfo_string19:
	.asciz	"ofs_y"                         @ string offset=302
.Linfo_string20:
	.asciz	"bpp"                           @ string offset=308
.Linfo_string21:
	.asciz	"lv_font_glyph_dsc_t"           @ string offset=312
.Linfo_string22:
	.asciz	"unsigned int"                  @ string offset=332
.Linfo_string23:
	.asciz	"uint32_t"                      @ string offset=345
.Linfo_string24:
	.asciz	"get_glyph_bitmap"              @ string offset=354
.Linfo_string25:
	.asciz	"line_height"                   @ string offset=371
.Linfo_string26:
	.asciz	"lv_coord_t"                    @ string offset=383
.Linfo_string27:
	.asciz	"base_line"                     @ string offset=394
.Linfo_string28:
	.asciz	"subpx"                         @ string offset=404
.Linfo_string29:
	.asciz	"underline_position"            @ string offset=410
.Linfo_string30:
	.asciz	"signed char"                   @ string offset=429
.Linfo_string31:
	.asciz	"int8_t"                        @ string offset=441
.Linfo_string32:
	.asciz	"underline_thickness"           @ string offset=448
.Linfo_string33:
	.asciz	"dsc"                           @ string offset=468
.Linfo_string34:
	.asciz	"_lv_font_struct"               @ string offset=472
.Linfo_string35:
	.asciz	"lv_font_t"                     @ string offset=488
.Linfo_string36:
	.asciz	"letter"                        @ string offset=498
.Linfo_string37:
	.asciz	"dsc_out"                       @ string offset=505
.Linfo_string38:
	.asciz	"letter_next"                   @ string offset=513
.Linfo_string39:
	.asciz	"g"                             @ string offset=525
.Linfo_string40:
	.asciz	"font"                          @ string offset=527
.Linfo_string41:
	.asciz	"ret"                           @ string offset=532
	.ident	"Component: ARM Compiler 6.16 Tool: armclang [5dfeb700]"
	.section	".note.GNU-stack","",%progbits
	.eabi_attribute	30, 1	@ Tag_ABI_optimization_goals
	.ARM_attribute	16, 1	@ Tag_AV_eba
	.section	.debug_line,"",%progbits
.Lline_table_start0:
