	.text
	.syntax unified
	.eabi_attribute	67, "2.09"	@ Tag_conformance
	.cpu	cortex-m7
	.eabi_attribute	6, 13	@ Tag_CPU_arch
	.eabi_attribute	7, 77	@ Tag_CPU_arch_profile
	.eabi_attribute	8, 0	@ Tag_ARM_ISA_use
	.eabi_attribute	9, 2	@ Tag_THUMB_ISA_use
	.fpu	fpv5-d16
	.eabi_attribute	36, 1	@ Tag_FP_HP_extension
	.eabi_attribute	34, 1	@ Tag_CPU_unaligned_access
	.eabi_attribute	17, 1	@ Tag_ABI_PCS_GOT_use
	.eabi_attribute	20, 2	@ Tag_ABI_FP_denormal
	.eabi_attribute	21, 0	@ Tag_ABI_FP_exceptions
	.eabi_attribute	23, 1	@ Tag_ABI_FP_number_model
	.eabi_attribute	24, 1	@ Tag_ABI_align_needed
	.eabi_attribute	25, 1	@ Tag_ABI_align_preserved
	.eabi_attribute	28, 1	@ Tag_ABI_VFP_args
	.eabi_attribute	38, 1	@ Tag_ABI_FP_16bit_format
	.eabi_attribute	18, 2	@ Tag_ABI_PCS_wchar_t
	.eabi_attribute	26, 1	@ Tag_ABI_enum_size
	.eabi_attribute	14, 0	@ Tag_ABI_PCS_R9_use
	.file	"lv_gc.c"
	.file	1 "D:\\Keil_v5\\ARM\\ARMCLANG\\Bin\\..\\include" "stdint.h"
	.file	2 "E:\\Smart-access-control\\Hardware\\CODE" "lvgl/src/lv_misc/lv_ll.h"
	.file	3 "E:\\Smart-access-control\\Hardware\\CODE" "lvgl/src/lv_misc/lv_gc.c"
	.file	4 "E:\\Smart-access-control\\Hardware\\CODE" "lvgl/src/lv_misc/../lv_draw/../lv_misc/lv_types.h"
	.file	5 "E:\\Smart-access-control\\Hardware\\CODE" "lvgl/src/lv_misc/../lv_draw/lv_img_buf.h"
	.file	6 "E:\\Smart-access-control\\Hardware\\CODE" "lvgl/src/lv_misc/../lv_draw/lv_img_decoder.h"
	.file	7 "E:\\Smart-access-control\\Hardware\\CODE" "./lvgl/src/lv_conf.h"
	.file	8 "E:\\Smart-access-control\\Hardware\\CODE" "lvgl/src/lv_misc/../lv_draw/../lv_misc/lv_color.h"
	.file	9 "E:\\Smart-access-control\\Hardware\\CODE" "lvgl/src/lv_misc/../lv_draw/lv_img_cache.h"
	.file	10 "E:\\Smart-access-control\\Hardware\\CODE" "lvgl/src/lv_misc/lv_task.h"
	.file	11 "E:\\Smart-access-control\\Hardware\\CODE" "lvgl/src/lv_misc/lv_mem.h"
	.file	12 "E:\\Smart-access-control\\Hardware\\CODE" "lvgl/src/lv_misc/../lv_draw/lv_draw_mask.h"
	.section	.text._lv_gc_clear_roots,"ax",%progbits
	.hidden	_lv_gc_clear_roots              @ -- Begin function _lv_gc_clear_roots
	.globl	_lv_gc_clear_roots
	.p2align	3
	.type	_lv_gc_clear_roots,%function
	.code	16                              @ @_lv_gc_clear_roots
	.thumb_func
_lv_gc_clear_roots:
.Lfunc_begin0:
	.loc	3 42 0                          @ lvgl/src/lv_misc/lv_gc.c:42:0
	.fnstart
	.cfi_sections .debug_frame
	.cfi_startproc
@ %bb.0:
	.save	{r7, lr}
	push	{r7, lr}
	.cfi_def_cfa_offset 8
	.cfi_offset lr, -4
	.cfi_offset r7, -8
	.pad	#16
	sub	sp, #16
	.cfi_def_cfa_offset 24
.Ltmp0:
	.loc	3 44 5 prologue_end             @ lvgl/src/lv_misc/lv_gc.c:44:5
	movw	r0, :lower16:_lv_task_ll
	movt	r0, :upper16:_lv_task_ll
	movs	r1, #12
	str	r1, [sp, #4]                    @ 4-byte Spill
	bl	_lv_memset_00
	ldr	r1, [sp, #4]                    @ 4-byte Reload
	movw	r0, :lower16:_lv_disp_ll
	movt	r0, :upper16:_lv_disp_ll
	bl	_lv_memset_00
	ldr	r1, [sp, #4]                    @ 4-byte Reload
	movw	r0, :lower16:_lv_indev_ll
	movt	r0, :upper16:_lv_indev_ll
	bl	_lv_memset_00
	ldr	r1, [sp, #4]                    @ 4-byte Reload
	movw	r0, :lower16:_lv_drv_ll
	movt	r0, :upper16:_lv_drv_ll
	bl	_lv_memset_00
	ldr	r1, [sp, #4]                    @ 4-byte Reload
	movw	r0, :lower16:_lv_file_ll
	movt	r0, :upper16:_lv_file_ll
	bl	_lv_memset_00
	ldr	r1, [sp, #4]                    @ 4-byte Reload
	movw	r0, :lower16:_lv_anim_ll
	movt	r0, :upper16:_lv_anim_ll
	bl	_lv_memset_00
	ldr	r1, [sp, #4]                    @ 4-byte Reload
	movw	r0, :lower16:_lv_group_ll
	movt	r0, :upper16:_lv_group_ll
	bl	_lv_memset_00
	ldr	r1, [sp, #4]                    @ 4-byte Reload
	movw	r0, :lower16:_lv_img_defoder_ll
	movt	r0, :upper16:_lv_img_defoder_ll
	bl	_lv_memset_00
	ldr	r1, [sp, #4]                    @ 4-byte Reload
	movw	r0, :lower16:_lv_obj_style_trans_ll
	movt	r0, :upper16:_lv_obj_style_trans_ll
	bl	_lv_memset_00
	movw	r0, :lower16:_lv_img_cache_array
	movt	r0, :upper16:_lv_img_cache_array
	movs	r1, #4
	str	r1, [sp, #12]                   @ 4-byte Spill
	bl	_lv_memset_00
	ldr	r1, [sp, #12]                   @ 4-byte Reload
	movw	r0, :lower16:_lv_task_act
	movt	r0, :upper16:_lv_task_act
	bl	_lv_memset_00
	movw	r0, :lower16:_lv_mem_buf
	movt	r0, :upper16:_lv_mem_buf
	movs	r1, #128
	str	r1, [sp, #8]                    @ 4-byte Spill
	bl	_lv_memset_00
	ldr	r1, [sp, #8]                    @ 4-byte Reload
	movw	r0, :lower16:_lv_draw_mask_list
	movt	r0, :upper16:_lv_draw_mask_list
	bl	_lv_memset_00
	ldr	r1, [sp, #12]                   @ 4-byte Reload
	movw	r0, :lower16:_lv_theme_material_styles
	movt	r0, :upper16:_lv_theme_material_styles
	bl	_lv_memset_00
	ldr	r1, [sp, #12]                   @ 4-byte Reload
	movw	r0, :lower16:_lv_theme_template_styles
	movt	r0, :upper16:_lv_theme_template_styles
	bl	_lv_memset_00
	ldr	r1, [sp, #12]                   @ 4-byte Reload
	movw	r0, :lower16:_lv_theme_mono_styles
	movt	r0, :upper16:_lv_theme_mono_styles
	bl	_lv_memset_00
	ldr	r1, [sp, #12]                   @ 4-byte Reload
	movw	r0, :lower16:_lv_theme_empty_styles
	movt	r0, :upper16:_lv_theme_empty_styles
	bl	_lv_memset_00
	ldr	r1, [sp, #12]                   @ 4-byte Reload
	movw	r0, :lower16:_lv_font_decompr_buf
	movt	r0, :upper16:_lv_font_decompr_buf
	bl	_lv_memset_00
	.loc	3 45 1                          @ lvgl/src/lv_misc/lv_gc.c:45:1
	add	sp, #16
	pop	{r7, pc}
.Ltmp1:
.Lfunc_end0:
	.size	_lv_gc_clear_roots, .Lfunc_end0-_lv_gc_clear_roots
	.cfi_endproc
	.cantunwind
	.fnend
                                        @ -- End function
	.hidden	_lv_task_ll                     @ @_lv_task_ll
	.type	_lv_task_ll,%object
	.section	.bss._lv_task_ll,"aw",%nobits
	.globl	_lv_task_ll
	.p2align	2
_lv_task_ll:
	.zero	12
	.size	_lv_task_ll, 12

	.hidden	_lv_disp_ll                     @ @_lv_disp_ll
	.type	_lv_disp_ll,%object
	.section	.bss._lv_disp_ll,"aw",%nobits
	.globl	_lv_disp_ll
	.p2align	2
_lv_disp_ll:
	.zero	12
	.size	_lv_disp_ll, 12

	.hidden	_lv_indev_ll                    @ @_lv_indev_ll
	.type	_lv_indev_ll,%object
	.section	.bss._lv_indev_ll,"aw",%nobits
	.globl	_lv_indev_ll
	.p2align	2
_lv_indev_ll:
	.zero	12
	.size	_lv_indev_ll, 12

	.hidden	_lv_drv_ll                      @ @_lv_drv_ll
	.type	_lv_drv_ll,%object
	.section	.bss._lv_drv_ll,"aw",%nobits
	.globl	_lv_drv_ll
	.p2align	2
_lv_drv_ll:
	.zero	12
	.size	_lv_drv_ll, 12

	.hidden	_lv_file_ll                     @ @_lv_file_ll
	.type	_lv_file_ll,%object
	.section	.bss._lv_file_ll,"aw",%nobits
	.globl	_lv_file_ll
	.p2align	2
_lv_file_ll:
	.zero	12
	.size	_lv_file_ll, 12

	.hidden	_lv_anim_ll                     @ @_lv_anim_ll
	.type	_lv_anim_ll,%object
	.section	.bss._lv_anim_ll,"aw",%nobits
	.globl	_lv_anim_ll
	.p2align	2
_lv_anim_ll:
	.zero	12
	.size	_lv_anim_ll, 12

	.hidden	_lv_group_ll                    @ @_lv_group_ll
	.type	_lv_group_ll,%object
	.section	.bss._lv_group_ll,"aw",%nobits
	.globl	_lv_group_ll
	.p2align	2
_lv_group_ll:
	.zero	12
	.size	_lv_group_ll, 12

	.hidden	_lv_img_defoder_ll              @ @_lv_img_defoder_ll
	.type	_lv_img_defoder_ll,%object
	.section	.bss._lv_img_defoder_ll,"aw",%nobits
	.globl	_lv_img_defoder_ll
	.p2align	2
_lv_img_defoder_ll:
	.zero	12
	.size	_lv_img_defoder_ll, 12

	.hidden	_lv_obj_style_trans_ll          @ @_lv_obj_style_trans_ll
	.type	_lv_obj_style_trans_ll,%object
	.section	.bss._lv_obj_style_trans_ll,"aw",%nobits
	.globl	_lv_obj_style_trans_ll
	.p2align	2
_lv_obj_style_trans_ll:
	.zero	12
	.size	_lv_obj_style_trans_ll, 12

	.hidden	_lv_img_cache_array             @ @_lv_img_cache_array
	.type	_lv_img_cache_array,%object
	.section	.bss._lv_img_cache_array,"aw",%nobits
	.globl	_lv_img_cache_array
	.p2align	2
_lv_img_cache_array:
	.long	0
	.size	_lv_img_cache_array, 4

	.hidden	_lv_task_act                    @ @_lv_task_act
	.type	_lv_task_act,%object
	.section	.bss._lv_task_act,"aw",%nobits
	.globl	_lv_task_act
	.p2align	2
_lv_task_act:
	.long	0
	.size	_lv_task_act, 4

	.hidden	_lv_mem_buf                     @ @_lv_mem_buf
	.type	_lv_mem_buf,%object
	.section	.bss._lv_mem_buf,"aw",%nobits
	.globl	_lv_mem_buf
	.p2align	2
_lv_mem_buf:
	.zero	128
	.size	_lv_mem_buf, 128

	.hidden	_lv_draw_mask_list              @ @_lv_draw_mask_list
	.type	_lv_draw_mask_list,%object
	.section	.bss._lv_draw_mask_list,"aw",%nobits
	.globl	_lv_draw_mask_list
	.p2align	2
_lv_draw_mask_list:
	.zero	128
	.size	_lv_draw_mask_list, 128

	.hidden	_lv_theme_material_styles       @ @_lv_theme_material_styles
	.type	_lv_theme_material_styles,%object
	.section	.bss._lv_theme_material_styles,"aw",%nobits
	.globl	_lv_theme_material_styles
	.p2align	2
_lv_theme_material_styles:
	.long	0
	.size	_lv_theme_material_styles, 4

	.hidden	_lv_theme_template_styles       @ @_lv_theme_template_styles
	.type	_lv_theme_template_styles,%object
	.section	.bss._lv_theme_template_styles,"aw",%nobits
	.globl	_lv_theme_template_styles
	.p2align	2
_lv_theme_template_styles:
	.long	0
	.size	_lv_theme_template_styles, 4

	.hidden	_lv_theme_mono_styles           @ @_lv_theme_mono_styles
	.type	_lv_theme_mono_styles,%object
	.section	.bss._lv_theme_mono_styles,"aw",%nobits
	.globl	_lv_theme_mono_styles
	.p2align	2
_lv_theme_mono_styles:
	.long	0
	.size	_lv_theme_mono_styles, 4

	.hidden	_lv_theme_empty_styles          @ @_lv_theme_empty_styles
	.type	_lv_theme_empty_styles,%object
	.section	.bss._lv_theme_empty_styles,"aw",%nobits
	.globl	_lv_theme_empty_styles
	.p2align	2
_lv_theme_empty_styles:
	.long	0
	.size	_lv_theme_empty_styles, 4

	.hidden	_lv_font_decompr_buf            @ @_lv_font_decompr_buf
	.type	_lv_font_decompr_buf,%object
	.section	.bss._lv_font_decompr_buf,"aw",%nobits
	.globl	_lv_font_decompr_buf
	.p2align	2
_lv_font_decompr_buf:
	.long	0
	.size	_lv_font_decompr_buf, 4

	.section	.debug_abbrev,"",%progbits
	.byte	1                               @ Abbreviation Code
	.byte	17                              @ DW_TAG_compile_unit
	.byte	1                               @ DW_CHILDREN_yes
	.byte	37                              @ DW_AT_producer
	.byte	14                              @ DW_FORM_strp
	.byte	19                              @ DW_AT_language
	.byte	5                               @ DW_FORM_data2
	.byte	3                               @ DW_AT_name
	.byte	14                              @ DW_FORM_strp
	.byte	16                              @ DW_AT_stmt_list
	.byte	6                               @ DW_FORM_data4
	.byte	27                              @ DW_AT_comp_dir
	.byte	14                              @ DW_FORM_strp
	.byte	17                              @ DW_AT_low_pc
	.byte	1                               @ DW_FORM_addr
	.byte	18                              @ DW_AT_high_pc
	.byte	1                               @ DW_FORM_addr
	.byte	0                               @ EOM(1)
	.byte	0                               @ EOM(2)
	.byte	2                               @ Abbreviation Code
	.byte	52                              @ DW_TAG_variable
	.byte	0                               @ DW_CHILDREN_no
	.byte	3                               @ DW_AT_name
	.byte	14                              @ DW_FORM_strp
	.byte	73                              @ DW_AT_type
	.byte	19                              @ DW_FORM_ref4
	.byte	63                              @ DW_AT_external
	.byte	12                              @ DW_FORM_flag
	.byte	58                              @ DW_AT_decl_file
	.byte	11                              @ DW_FORM_data1
	.byte	59                              @ DW_AT_decl_line
	.byte	11                              @ DW_FORM_data1
	.byte	2                               @ DW_AT_location
	.byte	10                              @ DW_FORM_block1
	.byte	0                               @ EOM(1)
	.byte	0                               @ EOM(2)
	.byte	3                               @ Abbreviation Code
	.byte	22                              @ DW_TAG_typedef
	.byte	0                               @ DW_CHILDREN_no
	.byte	73                              @ DW_AT_type
	.byte	19                              @ DW_FORM_ref4
	.byte	3                               @ DW_AT_name
	.byte	14                              @ DW_FORM_strp
	.byte	58                              @ DW_AT_decl_file
	.byte	11                              @ DW_FORM_data1
	.byte	59                              @ DW_AT_decl_line
	.byte	11                              @ DW_FORM_data1
	.byte	0                               @ EOM(1)
	.byte	0                               @ EOM(2)
	.byte	4                               @ Abbreviation Code
	.byte	19                              @ DW_TAG_structure_type
	.byte	1                               @ DW_CHILDREN_yes
	.byte	11                              @ DW_AT_byte_size
	.byte	11                              @ DW_FORM_data1
	.byte	58                              @ DW_AT_decl_file
	.byte	11                              @ DW_FORM_data1
	.byte	59                              @ DW_AT_decl_line
	.byte	11                              @ DW_FORM_data1
	.byte	0                               @ EOM(1)
	.byte	0                               @ EOM(2)
	.byte	5                               @ Abbreviation Code
	.byte	13                              @ DW_TAG_member
	.byte	0                               @ DW_CHILDREN_no
	.byte	3                               @ DW_AT_name
	.byte	14                              @ DW_FORM_strp
	.byte	73                              @ DW_AT_type
	.byte	19                              @ DW_FORM_ref4
	.byte	58                              @ DW_AT_decl_file
	.byte	11                              @ DW_FORM_data1
	.byte	59                              @ DW_AT_decl_line
	.byte	11                              @ DW_FORM_data1
	.byte	56                              @ DW_AT_data_member_location
	.byte	11                              @ DW_FORM_data1
	.byte	0                               @ EOM(1)
	.byte	0                               @ EOM(2)
	.byte	6                               @ Abbreviation Code
	.byte	36                              @ DW_TAG_base_type
	.byte	0                               @ DW_CHILDREN_no
	.byte	3                               @ DW_AT_name
	.byte	14                              @ DW_FORM_strp
	.byte	62                              @ DW_AT_encoding
	.byte	11                              @ DW_FORM_data1
	.byte	11                              @ DW_AT_byte_size
	.byte	11                              @ DW_FORM_data1
	.byte	0                               @ EOM(1)
	.byte	0                               @ EOM(2)
	.byte	7                               @ Abbreviation Code
	.byte	15                              @ DW_TAG_pointer_type
	.byte	0                               @ DW_CHILDREN_no
	.byte	73                              @ DW_AT_type
	.byte	19                              @ DW_FORM_ref4
	.byte	0                               @ EOM(1)
	.byte	0                               @ EOM(2)
	.byte	8                               @ Abbreviation Code
	.byte	19                              @ DW_TAG_structure_type
	.byte	1                               @ DW_CHILDREN_yes
	.byte	3                               @ DW_AT_name
	.byte	14                              @ DW_FORM_strp
	.byte	11                              @ DW_AT_byte_size
	.byte	11                              @ DW_FORM_data1
	.byte	58                              @ DW_AT_decl_file
	.byte	11                              @ DW_FORM_data1
	.byte	59                              @ DW_AT_decl_line
	.byte	11                              @ DW_FORM_data1
	.byte	0                               @ EOM(1)
	.byte	0                               @ EOM(2)
	.byte	9                               @ Abbreviation Code
	.byte	21                              @ DW_TAG_subroutine_type
	.byte	1                               @ DW_CHILDREN_yes
	.byte	73                              @ DW_AT_type
	.byte	19                              @ DW_FORM_ref4
	.byte	39                              @ DW_AT_prototyped
	.byte	12                              @ DW_FORM_flag
	.byte	0                               @ EOM(1)
	.byte	0                               @ EOM(2)
	.byte	10                              @ Abbreviation Code
	.byte	5                               @ DW_TAG_formal_parameter
	.byte	0                               @ DW_CHILDREN_no
	.byte	73                              @ DW_AT_type
	.byte	19                              @ DW_FORM_ref4
	.byte	0                               @ EOM(1)
	.byte	0                               @ EOM(2)
	.byte	11                              @ Abbreviation Code
	.byte	38                              @ DW_TAG_const_type
	.byte	0                               @ DW_CHILDREN_no
	.byte	0                               @ EOM(1)
	.byte	0                               @ EOM(2)
	.byte	12                              @ Abbreviation Code
	.byte	13                              @ DW_TAG_member
	.byte	0                               @ DW_CHILDREN_no
	.byte	3                               @ DW_AT_name
	.byte	14                              @ DW_FORM_strp
	.byte	73                              @ DW_AT_type
	.byte	19                              @ DW_FORM_ref4
	.byte	58                              @ DW_AT_decl_file
	.byte	11                              @ DW_FORM_data1
	.byte	59                              @ DW_AT_decl_line
	.byte	11                              @ DW_FORM_data1
	.byte	11                              @ DW_AT_byte_size
	.byte	11                              @ DW_FORM_data1
	.byte	13                              @ DW_AT_bit_size
	.byte	11                              @ DW_FORM_data1
	.byte	12                              @ DW_AT_bit_offset
	.byte	11                              @ DW_FORM_data1
	.byte	56                              @ DW_AT_data_member_location
	.byte	11                              @ DW_FORM_data1
	.byte	0                               @ EOM(1)
	.byte	0                               @ EOM(2)
	.byte	13                              @ Abbreviation Code
	.byte	21                              @ DW_TAG_subroutine_type
	.byte	1                               @ DW_CHILDREN_yes
	.byte	39                              @ DW_AT_prototyped
	.byte	12                              @ DW_FORM_flag
	.byte	0                               @ EOM(1)
	.byte	0                               @ EOM(2)
	.byte	14                              @ Abbreviation Code
	.byte	22                              @ DW_TAG_typedef
	.byte	0                               @ DW_CHILDREN_no
	.byte	73                              @ DW_AT_type
	.byte	19                              @ DW_FORM_ref4
	.byte	3                               @ DW_AT_name
	.byte	14                              @ DW_FORM_strp
	.byte	58                              @ DW_AT_decl_file
	.byte	11                              @ DW_FORM_data1
	.byte	59                              @ DW_AT_decl_line
	.byte	5                               @ DW_FORM_data2
	.byte	0                               @ EOM(1)
	.byte	0                               @ EOM(2)
	.byte	15                              @ Abbreviation Code
	.byte	23                              @ DW_TAG_union_type
	.byte	1                               @ DW_CHILDREN_yes
	.byte	11                              @ DW_AT_byte_size
	.byte	11                              @ DW_FORM_data1
	.byte	58                              @ DW_AT_decl_file
	.byte	11                              @ DW_FORM_data1
	.byte	59                              @ DW_AT_decl_line
	.byte	5                               @ DW_FORM_data2
	.byte	0                               @ EOM(1)
	.byte	0                               @ EOM(2)
	.byte	16                              @ Abbreviation Code
	.byte	13                              @ DW_TAG_member
	.byte	0                               @ DW_CHILDREN_no
	.byte	3                               @ DW_AT_name
	.byte	14                              @ DW_FORM_strp
	.byte	73                              @ DW_AT_type
	.byte	19                              @ DW_FORM_ref4
	.byte	58                              @ DW_AT_decl_file
	.byte	11                              @ DW_FORM_data1
	.byte	59                              @ DW_AT_decl_line
	.byte	5                               @ DW_FORM_data2
	.byte	56                              @ DW_AT_data_member_location
	.byte	11                              @ DW_FORM_data1
	.byte	0                               @ EOM(1)
	.byte	0                               @ EOM(2)
	.byte	17                              @ Abbreviation Code
	.byte	19                              @ DW_TAG_structure_type
	.byte	1                               @ DW_CHILDREN_yes
	.byte	11                              @ DW_AT_byte_size
	.byte	11                              @ DW_FORM_data1
	.byte	58                              @ DW_AT_decl_file
	.byte	11                              @ DW_FORM_data1
	.byte	59                              @ DW_AT_decl_line
	.byte	5                               @ DW_FORM_data2
	.byte	0                               @ EOM(1)
	.byte	0                               @ EOM(2)
	.byte	18                              @ Abbreviation Code
	.byte	38                              @ DW_TAG_const_type
	.byte	0                               @ DW_CHILDREN_no
	.byte	73                              @ DW_AT_type
	.byte	19                              @ DW_FORM_ref4
	.byte	0                               @ EOM(1)
	.byte	0                               @ EOM(2)
	.byte	19                              @ Abbreviation Code
	.byte	15                              @ DW_TAG_pointer_type
	.byte	0                               @ DW_CHILDREN_no
	.byte	0                               @ EOM(1)
	.byte	0                               @ EOM(2)
	.byte	20                              @ Abbreviation Code
	.byte	1                               @ DW_TAG_array_type
	.byte	1                               @ DW_CHILDREN_yes
	.byte	73                              @ DW_AT_type
	.byte	19                              @ DW_FORM_ref4
	.byte	0                               @ EOM(1)
	.byte	0                               @ EOM(2)
	.byte	21                              @ Abbreviation Code
	.byte	33                              @ DW_TAG_subrange_type
	.byte	0                               @ DW_CHILDREN_no
	.byte	73                              @ DW_AT_type
	.byte	19                              @ DW_FORM_ref4
	.byte	55                              @ DW_AT_count
	.byte	11                              @ DW_FORM_data1
	.byte	0                               @ EOM(1)
	.byte	0                               @ EOM(2)
	.byte	22                              @ Abbreviation Code
	.byte	36                              @ DW_TAG_base_type
	.byte	0                               @ DW_CHILDREN_no
	.byte	3                               @ DW_AT_name
	.byte	14                              @ DW_FORM_strp
	.byte	11                              @ DW_AT_byte_size
	.byte	11                              @ DW_FORM_data1
	.byte	62                              @ DW_AT_encoding
	.byte	11                              @ DW_FORM_data1
	.byte	0                               @ EOM(1)
	.byte	0                               @ EOM(2)
	.byte	23                              @ Abbreviation Code
	.byte	46                              @ DW_TAG_subprogram
	.byte	0                               @ DW_CHILDREN_no
	.byte	17                              @ DW_AT_low_pc
	.byte	1                               @ DW_FORM_addr
	.byte	18                              @ DW_AT_high_pc
	.byte	1                               @ DW_FORM_addr
	.byte	64                              @ DW_AT_frame_base
	.byte	10                              @ DW_FORM_block1
	.byte	3                               @ DW_AT_name
	.byte	14                              @ DW_FORM_strp
	.byte	58                              @ DW_AT_decl_file
	.byte	11                              @ DW_FORM_data1
	.byte	59                              @ DW_AT_decl_line
	.byte	11                              @ DW_FORM_data1
	.byte	39                              @ DW_AT_prototyped
	.byte	12                              @ DW_FORM_flag
	.byte	63                              @ DW_AT_external
	.byte	12                              @ DW_FORM_flag
	.byte	0                               @ EOM(1)
	.byte	0                               @ EOM(2)
	.byte	0                               @ EOM(3)
	.section	.debug_info,"",%progbits
.Lcu_begin0:
	.long	.Ldebug_info_end0-.Ldebug_info_start0 @ Length of Unit
.Ldebug_info_start0:
	.short	3                               @ DWARF version number
	.long	.debug_abbrev                   @ Offset Into Abbrev. Section
	.byte	4                               @ Address Size (in bytes)
	.byte	1                               @ Abbrev [1] 0xb:0x5d9 DW_TAG_compile_unit
	.long	.Linfo_string0                  @ DW_AT_producer
	.short	12                              @ DW_AT_language
	.long	.Linfo_string1                  @ DW_AT_name
	.long	.Lline_table_start0             @ DW_AT_stmt_list
	.long	.Linfo_string2                  @ DW_AT_comp_dir
	.long	.Lfunc_begin0                   @ DW_AT_low_pc
	.long	.Lfunc_end0                     @ DW_AT_high_pc
	.byte	2                               @ Abbrev [2] 0x26:0x12 DW_TAG_variable
	.long	.Linfo_string3                  @ DW_AT_name
	.long	56                              @ DW_AT_type
	.byte	1                               @ DW_AT_external
	.byte	3                               @ DW_AT_decl_file
	.byte	30                              @ DW_AT_decl_line
	.byte	5                               @ DW_AT_location
	.byte	3
	.long	_lv_task_ll
	.byte	3                               @ Abbrev [3] 0x38:0xb DW_TAG_typedef
	.long	67                              @ DW_AT_type
	.long	.Linfo_string12                 @ DW_AT_name
	.byte	2                               @ DW_AT_decl_file
	.byte	37                              @ DW_AT_decl_line
	.byte	4                               @ Abbrev [4] 0x43:0x29 DW_TAG_structure_type
	.byte	12                              @ DW_AT_byte_size
	.byte	2                               @ DW_AT_decl_file
	.byte	33                              @ DW_AT_decl_line
	.byte	5                               @ Abbrev [5] 0x47:0xc DW_TAG_member
	.long	.Linfo_string4                  @ DW_AT_name
	.long	108                             @ DW_AT_type
	.byte	2                               @ DW_AT_decl_file
	.byte	34                              @ DW_AT_decl_line
	.byte	0                               @ DW_AT_data_member_location
	.byte	5                               @ Abbrev [5] 0x53:0xc DW_TAG_member
	.long	.Linfo_string7                  @ DW_AT_name
	.long	126                             @ DW_AT_type
	.byte	2                               @ DW_AT_decl_file
	.byte	35                              @ DW_AT_decl_line
	.byte	4                               @ DW_AT_data_member_location
	.byte	5                               @ Abbrev [5] 0x5f:0xc DW_TAG_member
	.long	.Linfo_string11                 @ DW_AT_name
	.long	126                             @ DW_AT_type
	.byte	2                               @ DW_AT_decl_file
	.byte	36                              @ DW_AT_decl_line
	.byte	8                               @ DW_AT_data_member_location
	.byte	0                               @ End Of Children Mark
	.byte	3                               @ Abbrev [3] 0x6c:0xb DW_TAG_typedef
	.long	119                             @ DW_AT_type
	.long	.Linfo_string6                  @ DW_AT_name
	.byte	1                               @ DW_AT_decl_file
	.byte	64                              @ DW_AT_decl_line
	.byte	6                               @ Abbrev [6] 0x77:0x7 DW_TAG_base_type
	.long	.Linfo_string5                  @ DW_AT_name
	.byte	7                               @ DW_AT_encoding
	.byte	4                               @ DW_AT_byte_size
	.byte	7                               @ Abbrev [7] 0x7e:0x5 DW_TAG_pointer_type
	.long	131                             @ DW_AT_type
	.byte	3                               @ Abbrev [3] 0x83:0xb DW_TAG_typedef
	.long	142                             @ DW_AT_type
	.long	.Linfo_string10                 @ DW_AT_name
	.byte	2                               @ DW_AT_decl_file
	.byte	30                              @ DW_AT_decl_line
	.byte	3                               @ Abbrev [3] 0x8e:0xb DW_TAG_typedef
	.long	153                             @ DW_AT_type
	.long	.Linfo_string9                  @ DW_AT_name
	.byte	1                               @ DW_AT_decl_file
	.byte	62                              @ DW_AT_decl_line
	.byte	6                               @ Abbrev [6] 0x99:0x7 DW_TAG_base_type
	.long	.Linfo_string8                  @ DW_AT_name
	.byte	8                               @ DW_AT_encoding
	.byte	1                               @ DW_AT_byte_size
	.byte	2                               @ Abbrev [2] 0xa0:0x12 DW_TAG_variable
	.long	.Linfo_string13                 @ DW_AT_name
	.long	56                              @ DW_AT_type
	.byte	1                               @ DW_AT_external
	.byte	3                               @ DW_AT_decl_file
	.byte	30                              @ DW_AT_decl_line
	.byte	5                               @ DW_AT_location
	.byte	3
	.long	_lv_disp_ll
	.byte	2                               @ Abbrev [2] 0xb2:0x12 DW_TAG_variable
	.long	.Linfo_string14                 @ DW_AT_name
	.long	56                              @ DW_AT_type
	.byte	1                               @ DW_AT_external
	.byte	3                               @ DW_AT_decl_file
	.byte	30                              @ DW_AT_decl_line
	.byte	5                               @ DW_AT_location
	.byte	3
	.long	_lv_indev_ll
	.byte	2                               @ Abbrev [2] 0xc4:0x12 DW_TAG_variable
	.long	.Linfo_string15                 @ DW_AT_name
	.long	56                              @ DW_AT_type
	.byte	1                               @ DW_AT_external
	.byte	3                               @ DW_AT_decl_file
	.byte	30                              @ DW_AT_decl_line
	.byte	5                               @ DW_AT_location
	.byte	3
	.long	_lv_drv_ll
	.byte	2                               @ Abbrev [2] 0xd6:0x12 DW_TAG_variable
	.long	.Linfo_string16                 @ DW_AT_name
	.long	56                              @ DW_AT_type
	.byte	1                               @ DW_AT_external
	.byte	3                               @ DW_AT_decl_file
	.byte	30                              @ DW_AT_decl_line
	.byte	5                               @ DW_AT_location
	.byte	3
	.long	_lv_file_ll
	.byte	2                               @ Abbrev [2] 0xe8:0x12 DW_TAG_variable
	.long	.Linfo_string17                 @ DW_AT_name
	.long	56                              @ DW_AT_type
	.byte	1                               @ DW_AT_external
	.byte	3                               @ DW_AT_decl_file
	.byte	30                              @ DW_AT_decl_line
	.byte	5                               @ DW_AT_location
	.byte	3
	.long	_lv_anim_ll
	.byte	2                               @ Abbrev [2] 0xfa:0x12 DW_TAG_variable
	.long	.Linfo_string18                 @ DW_AT_name
	.long	56                              @ DW_AT_type
	.byte	1                               @ DW_AT_external
	.byte	3                               @ DW_AT_decl_file
	.byte	30                              @ DW_AT_decl_line
	.byte	5                               @ DW_AT_location
	.byte	3
	.long	_lv_group_ll
	.byte	2                               @ Abbrev [2] 0x10c:0x12 DW_TAG_variable
	.long	.Linfo_string19                 @ DW_AT_name
	.long	56                              @ DW_AT_type
	.byte	1                               @ DW_AT_external
	.byte	3                               @ DW_AT_decl_file
	.byte	30                              @ DW_AT_decl_line
	.byte	5                               @ DW_AT_location
	.byte	3
	.long	_lv_img_defoder_ll
	.byte	2                               @ Abbrev [2] 0x11e:0x12 DW_TAG_variable
	.long	.Linfo_string20                 @ DW_AT_name
	.long	56                              @ DW_AT_type
	.byte	1                               @ DW_AT_external
	.byte	3                               @ DW_AT_decl_file
	.byte	30                              @ DW_AT_decl_line
	.byte	5                               @ DW_AT_location
	.byte	3
	.long	_lv_obj_style_trans_ll
	.byte	2                               @ Abbrev [2] 0x130:0x12 DW_TAG_variable
	.long	.Linfo_string21                 @ DW_AT_name
	.long	322                             @ DW_AT_type
	.byte	1                               @ DW_AT_external
	.byte	3                               @ DW_AT_decl_file
	.byte	30                              @ DW_AT_decl_line
	.byte	5                               @ DW_AT_location
	.byte	3
	.long	_lv_img_cache_array
	.byte	7                               @ Abbrev [7] 0x142:0x5 DW_TAG_pointer_type
	.long	327                             @ DW_AT_type
	.byte	3                               @ Abbrev [3] 0x147:0xb DW_TAG_typedef
	.long	338                             @ DW_AT_type
	.long	.Linfo_string67                 @ DW_AT_name
	.byte	9                               @ DW_AT_decl_file
	.byte	38                              @ DW_AT_decl_line
	.byte	4                               @ Abbrev [4] 0x152:0x1d DW_TAG_structure_type
	.byte	40                              @ DW_AT_byte_size
	.byte	9                               @ DW_AT_decl_file
	.byte	31                              @ DW_AT_decl_line
	.byte	5                               @ Abbrev [5] 0x156:0xc DW_TAG_member
	.long	.Linfo_string22                 @ DW_AT_name
	.long	367                             @ DW_AT_type
	.byte	9                               @ DW_AT_decl_file
	.byte	32                              @ DW_AT_decl_line
	.byte	0                               @ DW_AT_data_member_location
	.byte	5                               @ Abbrev [5] 0x162:0xc DW_TAG_member
	.long	.Linfo_string64                 @ DW_AT_name
	.long	1031                            @ DW_AT_type
	.byte	9                               @ DW_AT_decl_file
	.byte	37                              @ DW_AT_decl_line
	.byte	36                              @ DW_AT_data_member_location
	.byte	0                               @ End Of Children Mark
	.byte	3                               @ Abbrev [3] 0x16f:0xb DW_TAG_typedef
	.long	378                             @ DW_AT_type
	.long	.Linfo_string63                 @ DW_AT_name
	.byte	6                               @ DW_AT_decl_file
	.byte	129                             @ DW_AT_decl_line
	.byte	8                               @ Abbrev [8] 0x17a:0x75 DW_TAG_structure_type
	.long	.Linfo_string62                 @ DW_AT_name
	.byte	36                              @ DW_AT_byte_size
	.byte	6                               @ DW_AT_decl_file
	.byte	99                              @ DW_AT_decl_line
	.byte	5                               @ Abbrev [5] 0x182:0xc DW_TAG_member
	.long	.Linfo_string23                 @ DW_AT_name
	.long	495                             @ DW_AT_type
	.byte	6                               @ DW_AT_decl_file
	.byte	101                             @ DW_AT_decl_line
	.byte	0                               @ DW_AT_data_member_location
	.byte	5                               @ Abbrev [5] 0x18e:0xc DW_TAG_member
	.long	.Linfo_string44                 @ DW_AT_name
	.long	622                             @ DW_AT_type
	.byte	6                               @ DW_AT_decl_file
	.byte	104                             @ DW_AT_decl_line
	.byte	4                               @ DW_AT_data_member_location
	.byte	5                               @ Abbrev [5] 0x19a:0xc DW_TAG_member
	.long	.Linfo_string45                 @ DW_AT_name
	.long	878                             @ DW_AT_type
	.byte	6                               @ DW_AT_decl_file
	.byte	107                             @ DW_AT_decl_line
	.byte	8                               @ DW_AT_data_member_location
	.byte	5                               @ Abbrev [5] 0x1a6:0xc DW_TAG_member
	.long	.Linfo_string54                 @ DW_AT_name
	.long	992                             @ DW_AT_type
	.byte	6                               @ DW_AT_decl_file
	.byte	110                             @ DW_AT_decl_line
	.byte	12                              @ DW_AT_data_member_location
	.byte	5                               @ Abbrev [5] 0x1b2:0xc DW_TAG_member
	.long	.Linfo_string56                 @ DW_AT_name
	.long	633                             @ DW_AT_type
	.byte	6                               @ DW_AT_decl_file
	.byte	113                             @ DW_AT_decl_line
	.byte	16                              @ DW_AT_data_member_location
	.byte	5                               @ Abbrev [5] 0x1be:0xc DW_TAG_member
	.long	.Linfo_string57                 @ DW_AT_name
	.long	1003                            @ DW_AT_type
	.byte	6                               @ DW_AT_decl_file
	.byte	117                             @ DW_AT_decl_line
	.byte	20                              @ DW_AT_data_member_location
	.byte	5                               @ Abbrev [5] 0x1ca:0xc DW_TAG_member
	.long	.Linfo_string58                 @ DW_AT_name
	.long	108                             @ DW_AT_type
	.byte	6                               @ DW_AT_decl_file
	.byte	121                             @ DW_AT_decl_line
	.byte	24                              @ DW_AT_data_member_location
	.byte	5                               @ Abbrev [5] 0x1d6:0xc DW_TAG_member
	.long	.Linfo_string59                 @ DW_AT_name
	.long	1013                            @ DW_AT_type
	.byte	6                               @ DW_AT_decl_file
	.byte	125                             @ DW_AT_decl_line
	.byte	28                              @ DW_AT_data_member_location
	.byte	5                               @ Abbrev [5] 0x1e2:0xc DW_TAG_member
	.long	.Linfo_string61                 @ DW_AT_name
	.long	1030                            @ DW_AT_type
	.byte	6                               @ DW_AT_decl_file
	.byte	128                             @ DW_AT_decl_line
	.byte	32                              @ DW_AT_data_member_location
	.byte	0                               @ End Of Children Mark
	.byte	7                               @ Abbrev [7] 0x1ef:0x5 DW_TAG_pointer_type
	.long	500                             @ DW_AT_type
	.byte	3                               @ Abbrev [3] 0x1f4:0xb DW_TAG_typedef
	.long	511                             @ DW_AT_type
	.long	.Linfo_string43                 @ DW_AT_name
	.byte	6                               @ DW_AT_decl_file
	.byte	96                              @ DW_AT_decl_line
	.byte	8                               @ Abbrev [8] 0x1ff:0x39 DW_TAG_structure_type
	.long	.Linfo_string42                 @ DW_AT_name
	.byte	16                              @ DW_AT_byte_size
	.byte	6                               @ DW_AT_decl_file
	.byte	87                              @ DW_AT_decl_line
	.byte	5                               @ Abbrev [5] 0x207:0xc DW_TAG_member
	.long	.Linfo_string24                 @ DW_AT_name
	.long	568                             @ DW_AT_type
	.byte	6                               @ DW_AT_decl_file
	.byte	88                              @ DW_AT_decl_line
	.byte	0                               @ DW_AT_data_member_location
	.byte	5                               @ Abbrev [5] 0x213:0xc DW_TAG_member
	.long	.Linfo_string33                 @ DW_AT_name
	.long	724                             @ DW_AT_type
	.byte	6                               @ DW_AT_decl_file
	.byte	89                              @ DW_AT_decl_line
	.byte	4                               @ DW_AT_data_member_location
	.byte	5                               @ Abbrev [5] 0x21f:0xc DW_TAG_member
	.long	.Linfo_string35                 @ DW_AT_name
	.long	762                             @ DW_AT_type
	.byte	6                               @ DW_AT_decl_file
	.byte	90                              @ DW_AT_decl_line
	.byte	8                               @ DW_AT_data_member_location
	.byte	5                               @ Abbrev [5] 0x22b:0xc DW_TAG_member
	.long	.Linfo_string40                 @ DW_AT_name
	.long	849                             @ DW_AT_type
	.byte	6                               @ DW_AT_decl_file
	.byte	91                              @ DW_AT_decl_line
	.byte	12                              @ DW_AT_data_member_location
	.byte	0                               @ End Of Children Mark
	.byte	3                               @ Abbrev [3] 0x238:0xb DW_TAG_typedef
	.long	579                             @ DW_AT_type
	.long	.Linfo_string32                 @ DW_AT_name
	.byte	6                               @ DW_AT_decl_file
	.byte	56                              @ DW_AT_decl_line
	.byte	7                               @ Abbrev [7] 0x243:0x5 DW_TAG_pointer_type
	.long	584                             @ DW_AT_type
	.byte	9                               @ Abbrev [9] 0x248:0x16 DW_TAG_subroutine_type
	.long	606                             @ DW_AT_type
	.byte	1                               @ DW_AT_prototyped
	.byte	10                              @ Abbrev [10] 0x24e:0x5 DW_TAG_formal_parameter
	.long	617                             @ DW_AT_type
	.byte	10                              @ Abbrev [10] 0x253:0x5 DW_TAG_formal_parameter
	.long	622                             @ DW_AT_type
	.byte	10                              @ Abbrev [10] 0x258:0x5 DW_TAG_formal_parameter
	.long	628                             @ DW_AT_type
	.byte	0                               @ End Of Children Mark
	.byte	3                               @ Abbrev [3] 0x25e:0xb DW_TAG_typedef
	.long	142                             @ DW_AT_type
	.long	.Linfo_string25                 @ DW_AT_name
	.byte	4                               @ DW_AT_decl_file
	.byte	50                              @ DW_AT_decl_line
	.byte	7                               @ Abbrev [7] 0x269:0x5 DW_TAG_pointer_type
	.long	511                             @ DW_AT_type
	.byte	7                               @ Abbrev [7] 0x26e:0x5 DW_TAG_pointer_type
	.long	627                             @ DW_AT_type
	.byte	11                              @ Abbrev [11] 0x273:0x1 DW_TAG_const_type
	.byte	7                               @ Abbrev [7] 0x274:0x5 DW_TAG_pointer_type
	.long	633                             @ DW_AT_type
	.byte	3                               @ Abbrev [3] 0x279:0xb DW_TAG_typedef
	.long	644                             @ DW_AT_type
	.long	.Linfo_string31                 @ DW_AT_name
	.byte	5                               @ DW_AT_decl_file
	.byte	133                             @ DW_AT_decl_line
	.byte	4                               @ Abbrev [4] 0x284:0x50 DW_TAG_structure_type
	.byte	4                               @ DW_AT_byte_size
	.byte	5                               @ DW_AT_decl_file
	.byte	123                             @ DW_AT_decl_line
	.byte	12                              @ Abbrev [12] 0x288:0xf DW_TAG_member
	.long	.Linfo_string26                 @ DW_AT_name
	.long	108                             @ DW_AT_type
	.byte	5                               @ DW_AT_decl_file
	.byte	125                             @ DW_AT_decl_line
	.byte	4                               @ DW_AT_byte_size
	.byte	5                               @ DW_AT_bit_size
	.byte	27                              @ DW_AT_bit_offset
	.byte	0                               @ DW_AT_data_member_location
	.byte	12                              @ Abbrev [12] 0x297:0xf DW_TAG_member
	.long	.Linfo_string27                 @ DW_AT_name
	.long	108                             @ DW_AT_type
	.byte	5                               @ DW_AT_decl_file
	.byte	126                             @ DW_AT_decl_line
	.byte	4                               @ DW_AT_byte_size
	.byte	3                               @ DW_AT_bit_size
	.byte	24                              @ DW_AT_bit_offset
	.byte	0                               @ DW_AT_data_member_location
	.byte	12                              @ Abbrev [12] 0x2a6:0xf DW_TAG_member
	.long	.Linfo_string28                 @ DW_AT_name
	.long	108                             @ DW_AT_type
	.byte	5                               @ DW_AT_decl_file
	.byte	129                             @ DW_AT_decl_line
	.byte	4                               @ DW_AT_byte_size
	.byte	2                               @ DW_AT_bit_size
	.byte	22                              @ DW_AT_bit_offset
	.byte	0                               @ DW_AT_data_member_location
	.byte	12                              @ Abbrev [12] 0x2b5:0xf DW_TAG_member
	.long	.Linfo_string29                 @ DW_AT_name
	.long	108                             @ DW_AT_type
	.byte	5                               @ DW_AT_decl_file
	.byte	131                             @ DW_AT_decl_line
	.byte	4                               @ DW_AT_byte_size
	.byte	11                              @ DW_AT_bit_size
	.byte	11                              @ DW_AT_bit_offset
	.byte	0                               @ DW_AT_data_member_location
	.byte	12                              @ Abbrev [12] 0x2c4:0xf DW_TAG_member
	.long	.Linfo_string30                 @ DW_AT_name
	.long	108                             @ DW_AT_type
	.byte	5                               @ DW_AT_decl_file
	.byte	132                             @ DW_AT_decl_line
	.byte	4                               @ DW_AT_byte_size
	.byte	11                              @ DW_AT_bit_size
	.byte	0                               @ DW_AT_bit_offset
	.byte	0                               @ DW_AT_data_member_location
	.byte	0                               @ End Of Children Mark
	.byte	3                               @ Abbrev [3] 0x2d4:0xb DW_TAG_typedef
	.long	735                             @ DW_AT_type
	.long	.Linfo_string34                 @ DW_AT_name
	.byte	6                               @ DW_AT_decl_file
	.byte	64                              @ DW_AT_decl_line
	.byte	7                               @ Abbrev [7] 0x2df:0x5 DW_TAG_pointer_type
	.long	740                             @ DW_AT_type
	.byte	9                               @ Abbrev [9] 0x2e4:0x11 DW_TAG_subroutine_type
	.long	606                             @ DW_AT_type
	.byte	1                               @ DW_AT_prototyped
	.byte	10                              @ Abbrev [10] 0x2ea:0x5 DW_TAG_formal_parameter
	.long	617                             @ DW_AT_type
	.byte	10                              @ Abbrev [10] 0x2ef:0x5 DW_TAG_formal_parameter
	.long	757                             @ DW_AT_type
	.byte	0                               @ End Of Children Mark
	.byte	7                               @ Abbrev [7] 0x2f5:0x5 DW_TAG_pointer_type
	.long	378                             @ DW_AT_type
	.byte	3                               @ Abbrev [3] 0x2fa:0xb DW_TAG_typedef
	.long	773                             @ DW_AT_type
	.long	.Linfo_string39                 @ DW_AT_name
	.byte	6                               @ DW_AT_decl_file
	.byte	77                              @ DW_AT_decl_line
	.byte	7                               @ Abbrev [7] 0x305:0x5 DW_TAG_pointer_type
	.long	778                             @ DW_AT_type
	.byte	9                               @ Abbrev [9] 0x30a:0x25 DW_TAG_subroutine_type
	.long	606                             @ DW_AT_type
	.byte	1                               @ DW_AT_prototyped
	.byte	10                              @ Abbrev [10] 0x310:0x5 DW_TAG_formal_parameter
	.long	617                             @ DW_AT_type
	.byte	10                              @ Abbrev [10] 0x315:0x5 DW_TAG_formal_parameter
	.long	757                             @ DW_AT_type
	.byte	10                              @ Abbrev [10] 0x31a:0x5 DW_TAG_formal_parameter
	.long	815                             @ DW_AT_type
	.byte	10                              @ Abbrev [10] 0x31f:0x5 DW_TAG_formal_parameter
	.long	815                             @ DW_AT_type
	.byte	10                              @ Abbrev [10] 0x324:0x5 DW_TAG_formal_parameter
	.long	815                             @ DW_AT_type
	.byte	10                              @ Abbrev [10] 0x329:0x5 DW_TAG_formal_parameter
	.long	844                             @ DW_AT_type
	.byte	0                               @ End Of Children Mark
	.byte	3                               @ Abbrev [3] 0x32f:0xb DW_TAG_typedef
	.long	826                             @ DW_AT_type
	.long	.Linfo_string38                 @ DW_AT_name
	.byte	7                               @ DW_AT_decl_file
	.byte	70                              @ DW_AT_decl_line
	.byte	3                               @ Abbrev [3] 0x33a:0xb DW_TAG_typedef
	.long	837                             @ DW_AT_type
	.long	.Linfo_string37                 @ DW_AT_name
	.byte	1                               @ DW_AT_decl_file
	.byte	57                              @ DW_AT_decl_line
	.byte	6                               @ Abbrev [6] 0x345:0x7 DW_TAG_base_type
	.long	.Linfo_string36                 @ DW_AT_name
	.byte	5                               @ DW_AT_encoding
	.byte	2                               @ DW_AT_byte_size
	.byte	7                               @ Abbrev [7] 0x34c:0x5 DW_TAG_pointer_type
	.long	142                             @ DW_AT_type
	.byte	3                               @ Abbrev [3] 0x351:0xb DW_TAG_typedef
	.long	860                             @ DW_AT_type
	.long	.Linfo_string41                 @ DW_AT_name
	.byte	6                               @ DW_AT_decl_file
	.byte	85                              @ DW_AT_decl_line
	.byte	7                               @ Abbrev [7] 0x35c:0x5 DW_TAG_pointer_type
	.long	865                             @ DW_AT_type
	.byte	13                              @ Abbrev [13] 0x361:0xd DW_TAG_subroutine_type
	.byte	1                               @ DW_AT_prototyped
	.byte	10                              @ Abbrev [10] 0x363:0x5 DW_TAG_formal_parameter
	.long	617                             @ DW_AT_type
	.byte	10                              @ Abbrev [10] 0x368:0x5 DW_TAG_formal_parameter
	.long	757                             @ DW_AT_type
	.byte	0                               @ End Of Children Mark
	.byte	14                              @ Abbrev [14] 0x36e:0xc DW_TAG_typedef
	.long	890                             @ DW_AT_type
	.long	.Linfo_string53                 @ DW_AT_name
	.byte	8                               @ DW_AT_decl_file
	.short	270                             @ DW_AT_decl_line
	.byte	14                              @ Abbrev [14] 0x37a:0xc DW_TAG_typedef
	.long	902                             @ DW_AT_type
	.long	.Linfo_string52                 @ DW_AT_name
	.byte	8                               @ DW_AT_decl_file
	.short	267                             @ DW_AT_decl_line
	.byte	15                              @ Abbrev [15] 0x386:0x5a DW_TAG_union_type
	.byte	4                               @ DW_AT_byte_size
	.byte	8                               @ DW_AT_decl_file
	.short	259                             @ DW_AT_decl_line
	.byte	16                              @ Abbrev [16] 0x38b:0xd DW_TAG_member
	.long	.Linfo_string46                 @ DW_AT_name
	.long	920                             @ DW_AT_type
	.byte	8                               @ DW_AT_decl_file
	.short	265                             @ DW_AT_decl_line
	.byte	0                               @ DW_AT_data_member_location
	.byte	17                              @ Abbrev [17] 0x398:0x3a DW_TAG_structure_type
	.byte	4                               @ DW_AT_byte_size
	.byte	8                               @ DW_AT_decl_file
	.short	260                             @ DW_AT_decl_line
	.byte	16                              @ Abbrev [16] 0x39d:0xd DW_TAG_member
	.long	.Linfo_string47                 @ DW_AT_name
	.long	142                             @ DW_AT_type
	.byte	8                               @ DW_AT_decl_file
	.short	261                             @ DW_AT_decl_line
	.byte	0                               @ DW_AT_data_member_location
	.byte	16                              @ Abbrev [16] 0x3aa:0xd DW_TAG_member
	.long	.Linfo_string48                 @ DW_AT_name
	.long	142                             @ DW_AT_type
	.byte	8                               @ DW_AT_decl_file
	.short	262                             @ DW_AT_decl_line
	.byte	1                               @ DW_AT_data_member_location
	.byte	16                              @ Abbrev [16] 0x3b7:0xd DW_TAG_member
	.long	.Linfo_string49                 @ DW_AT_name
	.long	142                             @ DW_AT_type
	.byte	8                               @ DW_AT_decl_file
	.short	263                             @ DW_AT_decl_line
	.byte	2                               @ DW_AT_data_member_location
	.byte	16                              @ Abbrev [16] 0x3c4:0xd DW_TAG_member
	.long	.Linfo_string50                 @ DW_AT_name
	.long	142                             @ DW_AT_type
	.byte	8                               @ DW_AT_decl_file
	.short	264                             @ DW_AT_decl_line
	.byte	3                               @ DW_AT_data_member_location
	.byte	0                               @ End Of Children Mark
	.byte	16                              @ Abbrev [16] 0x3d2:0xd DW_TAG_member
	.long	.Linfo_string51                 @ DW_AT_name
	.long	108                             @ DW_AT_type
	.byte	8                               @ DW_AT_decl_file
	.short	266                             @ DW_AT_decl_line
	.byte	0                               @ DW_AT_data_member_location
	.byte	0                               @ End Of Children Mark
	.byte	3                               @ Abbrev [3] 0x3e0:0xb DW_TAG_typedef
	.long	142                             @ DW_AT_type
	.long	.Linfo_string55                 @ DW_AT_name
	.byte	6                               @ DW_AT_decl_file
	.byte	42                              @ DW_AT_decl_line
	.byte	7                               @ Abbrev [7] 0x3eb:0x5 DW_TAG_pointer_type
	.long	1008                            @ DW_AT_type
	.byte	18                              @ Abbrev [18] 0x3f0:0x5 DW_TAG_const_type
	.long	142                             @ DW_AT_type
	.byte	7                               @ Abbrev [7] 0x3f5:0x5 DW_TAG_pointer_type
	.long	1018                            @ DW_AT_type
	.byte	18                              @ Abbrev [18] 0x3fa:0x5 DW_TAG_const_type
	.long	1023                            @ DW_AT_type
	.byte	6                               @ Abbrev [6] 0x3ff:0x7 DW_TAG_base_type
	.long	.Linfo_string60                 @ DW_AT_name
	.byte	6                               @ DW_AT_encoding
	.byte	1                               @ DW_AT_byte_size
	.byte	19                              @ Abbrev [19] 0x406:0x1 DW_TAG_pointer_type
	.byte	3                               @ Abbrev [3] 0x407:0xb DW_TAG_typedef
	.long	1042                            @ DW_AT_type
	.long	.Linfo_string66                 @ DW_AT_name
	.byte	1                               @ DW_AT_decl_file
	.byte	58                              @ DW_AT_decl_line
	.byte	6                               @ Abbrev [6] 0x412:0x7 DW_TAG_base_type
	.long	.Linfo_string65                 @ DW_AT_name
	.byte	5                               @ DW_AT_encoding
	.byte	4                               @ DW_AT_byte_size
	.byte	2                               @ Abbrev [2] 0x419:0x12 DW_TAG_variable
	.long	.Linfo_string68                 @ DW_AT_name
	.long	1067                            @ DW_AT_type
	.byte	1                               @ DW_AT_external
	.byte	3                               @ DW_AT_decl_file
	.byte	30                              @ DW_AT_decl_line
	.byte	5                               @ DW_AT_location
	.byte	3
	.long	_lv_task_act
	.byte	7                               @ Abbrev [7] 0x42b:0x5 DW_TAG_pointer_type
	.long	1072                            @ DW_AT_type
	.byte	3                               @ Abbrev [3] 0x430:0xb DW_TAG_typedef
	.long	1083                            @ DW_AT_type
	.long	.Linfo_string76                 @ DW_AT_name
	.byte	10                              @ DW_AT_decl_file
	.byte	69                              @ DW_AT_decl_line
	.byte	8                               @ Abbrev [8] 0x43b:0x54 DW_TAG_structure_type
	.long	.Linfo_string75                 @ DW_AT_name
	.byte	24                              @ DW_AT_byte_size
	.byte	10                              @ DW_AT_decl_file
	.byte	60                              @ DW_AT_decl_line
	.byte	5                               @ Abbrev [5] 0x443:0xc DW_TAG_member
	.long	.Linfo_string69                 @ DW_AT_name
	.long	108                             @ DW_AT_type
	.byte	10                              @ DW_AT_decl_file
	.byte	61                              @ DW_AT_decl_line
	.byte	0                               @ DW_AT_data_member_location
	.byte	5                               @ Abbrev [5] 0x44f:0xc DW_TAG_member
	.long	.Linfo_string70                 @ DW_AT_name
	.long	108                             @ DW_AT_type
	.byte	10                              @ DW_AT_decl_file
	.byte	62                              @ DW_AT_decl_line
	.byte	4                               @ DW_AT_data_member_location
	.byte	5                               @ Abbrev [5] 0x45b:0xc DW_TAG_member
	.long	.Linfo_string71                 @ DW_AT_name
	.long	1167                            @ DW_AT_type
	.byte	10                              @ DW_AT_decl_file
	.byte	63                              @ DW_AT_decl_line
	.byte	8                               @ DW_AT_data_member_location
	.byte	5                               @ Abbrev [5] 0x467:0xc DW_TAG_member
	.long	.Linfo_string61                 @ DW_AT_name
	.long	1030                            @ DW_AT_type
	.byte	10                              @ DW_AT_decl_file
	.byte	65                              @ DW_AT_decl_line
	.byte	12                              @ DW_AT_data_member_location
	.byte	5                               @ Abbrev [5] 0x473:0xc DW_TAG_member
	.long	.Linfo_string73                 @ DW_AT_name
	.long	1031                            @ DW_AT_type
	.byte	10                              @ DW_AT_decl_file
	.byte	67                              @ DW_AT_decl_line
	.byte	16                              @ DW_AT_data_member_location
	.byte	12                              @ Abbrev [12] 0x47f:0xf DW_TAG_member
	.long	.Linfo_string74                 @ DW_AT_name
	.long	142                             @ DW_AT_type
	.byte	10                              @ DW_AT_decl_file
	.byte	68                              @ DW_AT_decl_line
	.byte	1                               @ DW_AT_byte_size
	.byte	3                               @ DW_AT_bit_size
	.byte	5                               @ DW_AT_bit_offset
	.byte	20                              @ DW_AT_data_member_location
	.byte	0                               @ End Of Children Mark
	.byte	3                               @ Abbrev [3] 0x48f:0xb DW_TAG_typedef
	.long	1178                            @ DW_AT_type
	.long	.Linfo_string72                 @ DW_AT_name
	.byte	10                              @ DW_AT_decl_file
	.byte	41                              @ DW_AT_decl_line
	.byte	7                               @ Abbrev [7] 0x49a:0x5 DW_TAG_pointer_type
	.long	1183                            @ DW_AT_type
	.byte	13                              @ Abbrev [13] 0x49f:0x8 DW_TAG_subroutine_type
	.byte	1                               @ DW_AT_prototyped
	.byte	10                              @ Abbrev [10] 0x4a1:0x5 DW_TAG_formal_parameter
	.long	1191                            @ DW_AT_type
	.byte	0                               @ End Of Children Mark
	.byte	7                               @ Abbrev [7] 0x4a7:0x5 DW_TAG_pointer_type
	.long	1083                            @ DW_AT_type
	.byte	2                               @ Abbrev [2] 0x4ac:0x12 DW_TAG_variable
	.long	.Linfo_string77                 @ DW_AT_name
	.long	1214                            @ DW_AT_type
	.byte	1                               @ DW_AT_external
	.byte	3                               @ DW_AT_decl_file
	.byte	30                              @ DW_AT_decl_line
	.byte	5                               @ DW_AT_location
	.byte	3
	.long	_lv_mem_buf
	.byte	3                               @ Abbrev [3] 0x4be:0xb DW_TAG_typedef
	.long	1225                            @ DW_AT_type
	.long	.Linfo_string85                 @ DW_AT_name
	.byte	11                              @ DW_AT_decl_file
	.byte	59                              @ DW_AT_decl_line
	.byte	20                              @ Abbrev [20] 0x4c9:0xc DW_TAG_array_type
	.long	1237                            @ DW_AT_type
	.byte	21                              @ Abbrev [21] 0x4ce:0x6 DW_TAG_subrange_type
	.long	1310                            @ DW_AT_type
	.byte	16                              @ DW_AT_count
	.byte	0                               @ End Of Children Mark
	.byte	3                               @ Abbrev [3] 0x4d5:0xb DW_TAG_typedef
	.long	1248                            @ DW_AT_type
	.long	.Linfo_string83                 @ DW_AT_name
	.byte	11                              @ DW_AT_decl_file
	.byte	57                              @ DW_AT_decl_line
	.byte	4                               @ Abbrev [4] 0x4e0:0x2c DW_TAG_structure_type
	.byte	8                               @ DW_AT_byte_size
	.byte	11                              @ DW_AT_decl_file
	.byte	53                              @ DW_AT_decl_line
	.byte	5                               @ Abbrev [5] 0x4e4:0xc DW_TAG_member
	.long	.Linfo_string78                 @ DW_AT_name
	.long	1030                            @ DW_AT_type
	.byte	11                              @ DW_AT_decl_file
	.byte	54                              @ DW_AT_decl_line
	.byte	0                               @ DW_AT_data_member_location
	.byte	5                               @ Abbrev [5] 0x4f0:0xc DW_TAG_member
	.long	.Linfo_string79                 @ DW_AT_name
	.long	1292                            @ DW_AT_type
	.byte	11                              @ DW_AT_decl_file
	.byte	55                              @ DW_AT_decl_line
	.byte	4                               @ DW_AT_data_member_location
	.byte	12                              @ Abbrev [12] 0x4fc:0xf DW_TAG_member
	.long	.Linfo_string82                 @ DW_AT_name
	.long	142                             @ DW_AT_type
	.byte	11                              @ DW_AT_decl_file
	.byte	56                              @ DW_AT_decl_line
	.byte	1                               @ DW_AT_byte_size
	.byte	1                               @ DW_AT_bit_size
	.byte	7                               @ DW_AT_bit_offset
	.byte	6                               @ DW_AT_data_member_location
	.byte	0                               @ End Of Children Mark
	.byte	3                               @ Abbrev [3] 0x50c:0xb DW_TAG_typedef
	.long	1303                            @ DW_AT_type
	.long	.Linfo_string81                 @ DW_AT_name
	.byte	1                               @ DW_AT_decl_file
	.byte	63                              @ DW_AT_decl_line
	.byte	6                               @ Abbrev [6] 0x517:0x7 DW_TAG_base_type
	.long	.Linfo_string80                 @ DW_AT_name
	.byte	7                               @ DW_AT_encoding
	.byte	2                               @ DW_AT_byte_size
	.byte	22                              @ Abbrev [22] 0x51e:0x7 DW_TAG_base_type
	.long	.Linfo_string84                 @ DW_AT_name
	.byte	8                               @ DW_AT_byte_size
	.byte	7                               @ DW_AT_encoding
	.byte	2                               @ Abbrev [2] 0x525:0x12 DW_TAG_variable
	.long	.Linfo_string86                 @ DW_AT_name
	.long	1335                            @ DW_AT_type
	.byte	1                               @ DW_AT_external
	.byte	3                               @ DW_AT_decl_file
	.byte	30                              @ DW_AT_decl_line
	.byte	5                               @ DW_AT_location
	.byte	3
	.long	_lv_draw_mask_list
	.byte	3                               @ Abbrev [3] 0x537:0xb DW_TAG_typedef
	.long	1346                            @ DW_AT_type
	.long	.Linfo_string90                 @ DW_AT_name
	.byte	12                              @ DW_AT_decl_file
	.byte	168                             @ DW_AT_decl_line
	.byte	20                              @ Abbrev [20] 0x542:0xc DW_TAG_array_type
	.long	1358                            @ DW_AT_type
	.byte	21                              @ Abbrev [21] 0x547:0x6 DW_TAG_subrange_type
	.long	1310                            @ DW_AT_type
	.byte	16                              @ DW_AT_count
	.byte	0                               @ End Of Children Mark
	.byte	3                               @ Abbrev [3] 0x54e:0xb DW_TAG_typedef
	.long	1369                            @ DW_AT_type
	.long	.Linfo_string89                 @ DW_AT_name
	.byte	12                              @ DW_AT_decl_file
	.byte	166                             @ DW_AT_decl_line
	.byte	4                               @ Abbrev [4] 0x559:0x1d DW_TAG_structure_type
	.byte	8                               @ DW_AT_byte_size
	.byte	12                              @ DW_AT_decl_file
	.byte	163                             @ DW_AT_decl_line
	.byte	5                               @ Abbrev [5] 0x55d:0xc DW_TAG_member
	.long	.Linfo_string87                 @ DW_AT_name
	.long	1030                            @ DW_AT_type
	.byte	12                              @ DW_AT_decl_file
	.byte	164                             @ DW_AT_decl_line
	.byte	0                               @ DW_AT_data_member_location
	.byte	5                               @ Abbrev [5] 0x569:0xc DW_TAG_member
	.long	.Linfo_string88                 @ DW_AT_name
	.long	1030                            @ DW_AT_type
	.byte	12                              @ DW_AT_decl_file
	.byte	165                             @ DW_AT_decl_line
	.byte	4                               @ DW_AT_data_member_location
	.byte	0                               @ End Of Children Mark
	.byte	2                               @ Abbrev [2] 0x576:0x12 DW_TAG_variable
	.long	.Linfo_string91                 @ DW_AT_name
	.long	1030                            @ DW_AT_type
	.byte	1                               @ DW_AT_external
	.byte	3                               @ DW_AT_decl_file
	.byte	30                              @ DW_AT_decl_line
	.byte	5                               @ DW_AT_location
	.byte	3
	.long	_lv_theme_material_styles
	.byte	2                               @ Abbrev [2] 0x588:0x12 DW_TAG_variable
	.long	.Linfo_string92                 @ DW_AT_name
	.long	1030                            @ DW_AT_type
	.byte	1                               @ DW_AT_external
	.byte	3                               @ DW_AT_decl_file
	.byte	30                              @ DW_AT_decl_line
	.byte	5                               @ DW_AT_location
	.byte	3
	.long	_lv_theme_template_styles
	.byte	2                               @ Abbrev [2] 0x59a:0x12 DW_TAG_variable
	.long	.Linfo_string93                 @ DW_AT_name
	.long	1030                            @ DW_AT_type
	.byte	1                               @ DW_AT_external
	.byte	3                               @ DW_AT_decl_file
	.byte	30                              @ DW_AT_decl_line
	.byte	5                               @ DW_AT_location
	.byte	3
	.long	_lv_theme_mono_styles
	.byte	2                               @ Abbrev [2] 0x5ac:0x12 DW_TAG_variable
	.long	.Linfo_string94                 @ DW_AT_name
	.long	1030                            @ DW_AT_type
	.byte	1                               @ DW_AT_external
	.byte	3                               @ DW_AT_decl_file
	.byte	30                              @ DW_AT_decl_line
	.byte	5                               @ DW_AT_location
	.byte	3
	.long	_lv_theme_empty_styles
	.byte	2                               @ Abbrev [2] 0x5be:0x12 DW_TAG_variable
	.long	.Linfo_string95                 @ DW_AT_name
	.long	844                             @ DW_AT_type
	.byte	1                               @ DW_AT_external
	.byte	3                               @ DW_AT_decl_file
	.byte	30                              @ DW_AT_decl_line
	.byte	5                               @ DW_AT_location
	.byte	3
	.long	_lv_font_decompr_buf
	.byte	23                              @ Abbrev [23] 0x5d0:0x13 DW_TAG_subprogram
	.long	.Lfunc_begin0                   @ DW_AT_low_pc
	.long	.Lfunc_end0                     @ DW_AT_high_pc
	.byte	1                               @ DW_AT_frame_base
	.byte	93
	.long	.Linfo_string96                 @ DW_AT_name
	.byte	3                               @ DW_AT_decl_file
	.byte	41                              @ DW_AT_decl_line
	.byte	1                               @ DW_AT_prototyped
	.byte	1                               @ DW_AT_external
	.byte	0                               @ End Of Children Mark
.Ldebug_info_end0:
	.section	.debug_str,"MS",%progbits,1
.Linfo_string0:
	.asciz	"Component: ARM Compiler 6.16 Tool: armclang [5dfeb700]" @ string offset=0
.Linfo_string1:
	.asciz	"lvgl/src/lv_misc\\lv_gc.c"     @ string offset=55
.Linfo_string2:
	.asciz	"E:\\Smart-access-control\\Hardware\\CODE" @ string offset=80
.Linfo_string3:
	.asciz	"_lv_task_ll"                   @ string offset=118
.Linfo_string4:
	.asciz	"n_size"                        @ string offset=130
.Linfo_string5:
	.asciz	"unsigned int"                  @ string offset=137
.Linfo_string6:
	.asciz	"uint32_t"                      @ string offset=150
.Linfo_string7:
	.asciz	"head"                          @ string offset=159
.Linfo_string8:
	.asciz	"unsigned char"                 @ string offset=164
.Linfo_string9:
	.asciz	"uint8_t"                       @ string offset=178
.Linfo_string10:
	.asciz	"lv_ll_node_t"                  @ string offset=186
.Linfo_string11:
	.asciz	"tail"                          @ string offset=199
.Linfo_string12:
	.asciz	"lv_ll_t"                       @ string offset=204
.Linfo_string13:
	.asciz	"_lv_disp_ll"                   @ string offset=212
.Linfo_string14:
	.asciz	"_lv_indev_ll"                  @ string offset=224
.Linfo_string15:
	.asciz	"_lv_drv_ll"                    @ string offset=237
.Linfo_string16:
	.asciz	"_lv_file_ll"                   @ string offset=248
.Linfo_string17:
	.asciz	"_lv_anim_ll"                   @ string offset=260
.Linfo_string18:
	.asciz	"_lv_group_ll"                  @ string offset=272
.Linfo_string19:
	.asciz	"_lv_img_defoder_ll"            @ string offset=285
.Linfo_string20:
	.asciz	"_lv_obj_style_trans_ll"        @ string offset=304
.Linfo_string21:
	.asciz	"_lv_img_cache_array"           @ string offset=327
.Linfo_string22:
	.asciz	"dec_dsc"                       @ string offset=347
.Linfo_string23:
	.asciz	"decoder"                       @ string offset=355
.Linfo_string24:
	.asciz	"info_cb"                       @ string offset=363
.Linfo_string25:
	.asciz	"lv_res_t"                      @ string offset=371
.Linfo_string26:
	.asciz	"cf"                            @ string offset=380
.Linfo_string27:
	.asciz	"always_zero"                   @ string offset=383
.Linfo_string28:
	.asciz	"reserved"                      @ string offset=395
.Linfo_string29:
	.asciz	"w"                             @ string offset=404
.Linfo_string30:
	.asciz	"h"                             @ string offset=406
.Linfo_string31:
	.asciz	"lv_img_header_t"               @ string offset=408
.Linfo_string32:
	.asciz	"lv_img_decoder_info_f_t"       @ string offset=424
.Linfo_string33:
	.asciz	"open_cb"                       @ string offset=448
.Linfo_string34:
	.asciz	"lv_img_decoder_open_f_t"       @ string offset=456
.Linfo_string35:
	.asciz	"read_line_cb"                  @ string offset=480
.Linfo_string36:
	.asciz	"short"                         @ string offset=493
.Linfo_string37:
	.asciz	"int16_t"                       @ string offset=499
.Linfo_string38:
	.asciz	"lv_coord_t"                    @ string offset=507
.Linfo_string39:
	.asciz	"lv_img_decoder_read_line_f_t"  @ string offset=518
.Linfo_string40:
	.asciz	"close_cb"                      @ string offset=547
.Linfo_string41:
	.asciz	"lv_img_decoder_close_f_t"      @ string offset=556
.Linfo_string42:
	.asciz	"_lv_img_decoder"               @ string offset=581
.Linfo_string43:
	.asciz	"lv_img_decoder_t"              @ string offset=597
.Linfo_string44:
	.asciz	"src"                           @ string offset=614
.Linfo_string45:
	.asciz	"color"                         @ string offset=618
.Linfo_string46:
	.asciz	"ch"                            @ string offset=624
.Linfo_string47:
	.asciz	"blue"                          @ string offset=627
.Linfo_string48:
	.asciz	"green"                         @ string offset=632
.Linfo_string49:
	.asciz	"red"                           @ string offset=638
.Linfo_string50:
	.asciz	"alpha"                         @ string offset=642
.Linfo_string51:
	.asciz	"full"                          @ string offset=648
.Linfo_string52:
	.asciz	"lv_color32_t"                  @ string offset=653
.Linfo_string53:
	.asciz	"lv_color_t"                    @ string offset=666
.Linfo_string54:
	.asciz	"src_type"                      @ string offset=677
.Linfo_string55:
	.asciz	"lv_img_src_t"                  @ string offset=686
.Linfo_string56:
	.asciz	"header"                        @ string offset=699
.Linfo_string57:
	.asciz	"img_data"                      @ string offset=706
.Linfo_string58:
	.asciz	"time_to_open"                  @ string offset=715
.Linfo_string59:
	.asciz	"error_msg"                     @ string offset=728
.Linfo_string60:
	.asciz	"char"                          @ string offset=738
.Linfo_string61:
	.asciz	"user_data"                     @ string offset=743
.Linfo_string62:
	.asciz	"_lv_img_decoder_dsc"           @ string offset=753
.Linfo_string63:
	.asciz	"lv_img_decoder_dsc_t"          @ string offset=773
.Linfo_string64:
	.asciz	"life"                          @ string offset=794
.Linfo_string65:
	.asciz	"int"                           @ string offset=799
.Linfo_string66:
	.asciz	"int32_t"                       @ string offset=803
.Linfo_string67:
	.asciz	"lv_img_cache_entry_t"          @ string offset=811
.Linfo_string68:
	.asciz	"_lv_task_act"                  @ string offset=832
.Linfo_string69:
	.asciz	"period"                        @ string offset=845
.Linfo_string70:
	.asciz	"last_run"                      @ string offset=852
.Linfo_string71:
	.asciz	"task_cb"                       @ string offset=861
.Linfo_string72:
	.asciz	"lv_task_cb_t"                  @ string offset=869
.Linfo_string73:
	.asciz	"repeat_count"                  @ string offset=882
.Linfo_string74:
	.asciz	"prio"                          @ string offset=895
.Linfo_string75:
	.asciz	"_lv_task_t"                    @ string offset=900
.Linfo_string76:
	.asciz	"lv_task_t"                     @ string offset=911
.Linfo_string77:
	.asciz	"_lv_mem_buf"                   @ string offset=921
.Linfo_string78:
	.asciz	"p"                             @ string offset=933
.Linfo_string79:
	.asciz	"size"                          @ string offset=935
.Linfo_string80:
	.asciz	"unsigned short"                @ string offset=940
.Linfo_string81:
	.asciz	"uint16_t"                      @ string offset=955
.Linfo_string82:
	.asciz	"used"                          @ string offset=964
.Linfo_string83:
	.asciz	"lv_mem_buf_t"                  @ string offset=969
.Linfo_string84:
	.asciz	"__ARRAY_SIZE_TYPE__"           @ string offset=982
.Linfo_string85:
	.asciz	"lv_mem_buf_arr_t"              @ string offset=1002
.Linfo_string86:
	.asciz	"_lv_draw_mask_list"            @ string offset=1019
.Linfo_string87:
	.asciz	"param"                         @ string offset=1038
.Linfo_string88:
	.asciz	"custom_id"                     @ string offset=1044
.Linfo_string89:
	.asciz	"_lv_draw_mask_saved_t"         @ string offset=1054
.Linfo_string90:
	.asciz	"_lv_draw_mask_saved_arr_t"     @ string offset=1076
.Linfo_string91:
	.asciz	"_lv_theme_material_styles"     @ string offset=1102
.Linfo_string92:
	.asciz	"_lv_theme_template_styles"     @ string offset=1128
.Linfo_string93:
	.asciz	"_lv_theme_mono_styles"         @ string offset=1154
.Linfo_string94:
	.asciz	"_lv_theme_empty_styles"        @ string offset=1176
.Linfo_string95:
	.asciz	"_lv_font_decompr_buf"          @ string offset=1199
.Linfo_string96:
	.asciz	"_lv_gc_clear_roots"            @ string offset=1220
	.ident	"Component: ARM Compiler 6.16 Tool: armclang [5dfeb700]"
	.section	".note.GNU-stack","",%progbits
	.eabi_attribute	30, 6	@ Tag_ABI_optimization_goals
	.ARM_attribute	16, 1	@ Tag_AV_eba
	.section	.debug_line,"",%progbits
.Lline_table_start0:
