	.text
	.syntax unified
	.eabi_attribute	67, "2.09"	@ Tag_conformance
	.cpu	cortex-m7
	.eabi_attribute	6, 13	@ Tag_CPU_arch
	.eabi_attribute	7, 77	@ Tag_CPU_arch_profile
	.eabi_attribute	8, 0	@ Tag_ARM_ISA_use
	.eabi_attribute	9, 2	@ Tag_THUMB_ISA_use
	.fpu	fpv5-d16
	.eabi_attribute	36, 1	@ Tag_FP_HP_extension
	.eabi_attribute	34, 1	@ Tag_CPU_unaligned_access
	.eabi_attribute	17, 1	@ Tag_ABI_PCS_GOT_use
	.eabi_attribute	20, 2	@ Tag_ABI_FP_denormal
	.eabi_attribute	21, 0	@ Tag_ABI_FP_exceptions
	.eabi_attribute	23, 1	@ Tag_ABI_FP_number_model
	.eabi_attribute	24, 1	@ Tag_ABI_align_needed
	.eabi_attribute	25, 1	@ Tag_ABI_align_preserved
	.eabi_attribute	28, 1	@ Tag_ABI_VFP_args
	.eabi_attribute	38, 1	@ Tag_ABI_FP_16bit_format
	.eabi_attribute	18, 2	@ Tag_ABI_PCS_wchar_t
	.eabi_attribute	26, 1	@ Tag_ABI_enum_size
	.eabi_attribute	14, 0	@ Tag_ABI_PCS_R9_use
	.file	"lv_hal_tick.c"
	.file	1 "D:\\Keil_v5\\ARM\\ARMCLANG\\Bin\\..\\include" "stdint.h"
	.file	2 "E:\\STM32\\Learning\\STM32H750_ART_PI_RGBLCD" "lvgl/src/lv_hal/lv_hal_tick.c"
	.section	.text.lv_tick_inc,"ax",%progbits
	.hidden	lv_tick_inc                     @ -- Begin function lv_tick_inc
	.globl	lv_tick_inc
	.p2align	3
	.type	lv_tick_inc,%function
	.code	16                              @ @lv_tick_inc
	.thumb_func
lv_tick_inc:
.Lfunc_begin0:
	.loc	2 47 0                          @ lvgl/src/lv_hal/lv_hal_tick.c:47:0
	.fnstart
	.cfi_sections .debug_frame
	.cfi_startproc
@ %bb.0:
	.pad	#4
	sub	sp, #4
	.cfi_def_cfa_offset 4
	str	r0, [sp]
.Ltmp0:
	.loc	2 48 19 prologue_end            @ lvgl/src/lv_hal/lv_hal_tick.c:48:19
	movw	r1, :lower16:tick_irq_flag
	movt	r1, :upper16:tick_irq_flag
	movs	r0, #0
	strb	r0, [r1]
	.loc	2 49 17                         @ lvgl/src/lv_hal/lv_hal_tick.c:49:17
	ldr	r2, [sp]
	.loc	2 49 14 is_stmt 0               @ lvgl/src/lv_hal/lv_hal_tick.c:49:14
	movw	r1, :lower16:sys_time
	movt	r1, :upper16:sys_time
	ldr	r0, [r1]
	add	r0, r2
	str	r0, [r1]
	.loc	2 50 1 is_stmt 1                @ lvgl/src/lv_hal/lv_hal_tick.c:50:1
	add	sp, #4
	bx	lr
.Ltmp1:
.Lfunc_end0:
	.size	lv_tick_inc, .Lfunc_end0-lv_tick_inc
	.cfi_endproc
	.cantunwind
	.fnend
                                        @ -- End function
	.section	.text.lv_tick_get,"ax",%progbits
	.hidden	lv_tick_get                     @ -- Begin function lv_tick_get
	.globl	lv_tick_get
	.p2align	3
	.type	lv_tick_get,%function
	.code	16                              @ @lv_tick_get
	.thumb_func
lv_tick_get:
.Lfunc_begin1:
	.loc	2 57 0                          @ lvgl/src/lv_hal/lv_hal_tick.c:57:0
	.fnstart
	.cfi_startproc
@ %bb.0:
	.pad	#4
	sub	sp, #4
	.cfi_def_cfa_offset 4
.Ltmp2:
	.loc	2 66 5 prologue_end             @ lvgl/src/lv_hal/lv_hal_tick.c:66:5
	b	.LBB1_1
.LBB1_1:                                @ =>This Inner Loop Header: Depth=1
.Ltmp3:
	.loc	2 67 23                         @ lvgl/src/lv_hal/lv_hal_tick.c:67:23
	movw	r1, :lower16:tick_irq_flag
	movt	r1, :upper16:tick_irq_flag
	movs	r0, #1
	strb	r0, [r1]
	.loc	2 68 25                         @ lvgl/src/lv_hal/lv_hal_tick.c:68:25
	movw	r0, :lower16:sys_time
	movt	r0, :upper16:sys_time
	ldr	r0, [r0]
	.loc	2 68 23 is_stmt 0               @ lvgl/src/lv_hal/lv_hal_tick.c:68:23
	str	r0, [sp]
	.loc	2 69 5 is_stmt 1                @ lvgl/src/lv_hal/lv_hal_tick.c:69:5
	b	.LBB1_2
.Ltmp4:
.LBB1_2:                                @   in Loop: Header=BB1_1 Depth=1
	.loc	2 69 14 is_stmt 0               @ lvgl/src/lv_hal/lv_hal_tick.c:69:14
	movw	r0, :lower16:tick_irq_flag
	movt	r0, :upper16:tick_irq_flag
	ldrb	r0, [r0]
.Ltmp5:
	.loc	2 69 5                          @ lvgl/src/lv_hal/lv_hal_tick.c:69:5
	cmp	r0, #0
	beq	.LBB1_1
	b	.LBB1_3
.Ltmp6:
.LBB1_3:
	.loc	2 71 12 is_stmt 1               @ lvgl/src/lv_hal/lv_hal_tick.c:71:12
	ldr	r0, [sp]
	.loc	2 71 5 is_stmt 0                @ lvgl/src/lv_hal/lv_hal_tick.c:71:5
	add	sp, #4
	bx	lr
.Ltmp7:
.Lfunc_end1:
	.size	lv_tick_get, .Lfunc_end1-lv_tick_get
	.cfi_endproc
	.cantunwind
	.fnend
                                        @ -- End function
	.section	.text.lv_tick_elaps,"ax",%progbits
	.hidden	lv_tick_elaps                   @ -- Begin function lv_tick_elaps
	.globl	lv_tick_elaps
	.p2align	3
	.type	lv_tick_elaps,%function
	.code	16                              @ @lv_tick_elaps
	.thumb_func
lv_tick_elaps:
.Lfunc_begin2:
	.loc	2 83 0 is_stmt 1                @ lvgl/src/lv_hal/lv_hal_tick.c:83:0
	.fnstart
	.cfi_startproc
@ %bb.0:
	.save	{r7, lr}
	push	{r7, lr}
	.cfi_def_cfa_offset 8
	.cfi_offset lr, -4
	.cfi_offset r7, -8
	.pad	#8
	sub	sp, #8
	.cfi_def_cfa_offset 16
	str	r0, [sp, #4]
.Ltmp8:
	.loc	2 84 25 prologue_end            @ lvgl/src/lv_hal/lv_hal_tick.c:84:25
	bl	lv_tick_get
	.loc	2 84 14 is_stmt 0               @ lvgl/src/lv_hal/lv_hal_tick.c:84:14
	str	r0, [sp]
.Ltmp9:
	.loc	2 87 8 is_stmt 1                @ lvgl/src/lv_hal/lv_hal_tick.c:87:8
	ldr	r0, [sp]
	.loc	2 87 20 is_stmt 0               @ lvgl/src/lv_hal/lv_hal_tick.c:87:20
	ldr	r1, [sp, #4]
.Ltmp10:
	.loc	2 87 8                          @ lvgl/src/lv_hal/lv_hal_tick.c:87:8
	cmp	r0, r1
	blo	.LBB2_2
	b	.LBB2_1
.LBB2_1:
.Ltmp11:
	.loc	2 88 21 is_stmt 1               @ lvgl/src/lv_hal/lv_hal_tick.c:88:21
	ldr	r0, [sp]
	.loc	2 88 32 is_stmt 0               @ lvgl/src/lv_hal/lv_hal_tick.c:88:32
	ldr	r1, [sp, #4]
	.loc	2 88 30                         @ lvgl/src/lv_hal/lv_hal_tick.c:88:30
	subs	r0, r0, r1
	.loc	2 88 19                         @ lvgl/src/lv_hal/lv_hal_tick.c:88:19
	str	r0, [sp, #4]
	.loc	2 89 5 is_stmt 1                @ lvgl/src/lv_hal/lv_hal_tick.c:89:5
	b	.LBB2_3
.Ltmp12:
.LBB2_2:
	.loc	2 91 34                         @ lvgl/src/lv_hal/lv_hal_tick.c:91:34
	ldr	r0, [sp, #4]
	.loc	2 91 44 is_stmt 0               @ lvgl/src/lv_hal/lv_hal_tick.c:91:44
	rsbs	r0, r0, #0
	.loc	2 91 19                         @ lvgl/src/lv_hal/lv_hal_tick.c:91:19
	str	r0, [sp, #4]
	.loc	2 92 22 is_stmt 1               @ lvgl/src/lv_hal/lv_hal_tick.c:92:22
	ldr	r1, [sp]
	.loc	2 92 19 is_stmt 0               @ lvgl/src/lv_hal/lv_hal_tick.c:92:19
	ldr	r0, [sp, #4]
	add	r0, r1
	str	r0, [sp, #4]
	b	.LBB2_3
.Ltmp13:
.LBB2_3:
	.loc	2 95 12 is_stmt 1               @ lvgl/src/lv_hal/lv_hal_tick.c:95:12
	ldr	r0, [sp, #4]
	.loc	2 95 5 is_stmt 0                @ lvgl/src/lv_hal/lv_hal_tick.c:95:5
	add	sp, #8
	pop	{r7, pc}
.Ltmp14:
.Lfunc_end2:
	.size	lv_tick_elaps, .Lfunc_end2-lv_tick_elaps
	.cfi_endproc
	.cantunwind
	.fnend
                                        @ -- End function
	.type	tick_irq_flag,%object           @ @tick_irq_flag
	.section	.bss.tick_irq_flag,"aw",%nobits
tick_irq_flag:
	.byte	0                               @ 0x0
	.size	tick_irq_flag, 1

	.type	sys_time,%object                @ @sys_time
	.section	.bss.sys_time,"aw",%nobits
	.p2align	2
sys_time:
	.long	0                               @ 0x0
	.size	sys_time, 4

	.section	.debug_abbrev,"",%progbits
	.byte	1                               @ Abbreviation Code
	.byte	17                              @ DW_TAG_compile_unit
	.byte	1                               @ DW_CHILDREN_yes
	.byte	37                              @ DW_AT_producer
	.byte	14                              @ DW_FORM_strp
	.byte	19                              @ DW_AT_language
	.byte	5                               @ DW_FORM_data2
	.byte	3                               @ DW_AT_name
	.byte	14                              @ DW_FORM_strp
	.byte	16                              @ DW_AT_stmt_list
	.byte	6                               @ DW_FORM_data4
	.byte	27                              @ DW_AT_comp_dir
	.byte	14                              @ DW_FORM_strp
	.byte	17                              @ DW_AT_low_pc
	.byte	1                               @ DW_FORM_addr
	.byte	85                              @ DW_AT_ranges
	.byte	6                               @ DW_FORM_data4
	.byte	0                               @ EOM(1)
	.byte	0                               @ EOM(2)
	.byte	2                               @ Abbreviation Code
	.byte	52                              @ DW_TAG_variable
	.byte	0                               @ DW_CHILDREN_no
	.byte	3                               @ DW_AT_name
	.byte	14                              @ DW_FORM_strp
	.byte	73                              @ DW_AT_type
	.byte	19                              @ DW_FORM_ref4
	.byte	58                              @ DW_AT_decl_file
	.byte	11                              @ DW_FORM_data1
	.byte	59                              @ DW_AT_decl_line
	.byte	11                              @ DW_FORM_data1
	.byte	2                               @ DW_AT_location
	.byte	10                              @ DW_FORM_block1
	.byte	0                               @ EOM(1)
	.byte	0                               @ EOM(2)
	.byte	3                               @ Abbreviation Code
	.byte	53                              @ DW_TAG_volatile_type
	.byte	0                               @ DW_CHILDREN_no
	.byte	73                              @ DW_AT_type
	.byte	19                              @ DW_FORM_ref4
	.byte	0                               @ EOM(1)
	.byte	0                               @ EOM(2)
	.byte	4                               @ Abbreviation Code
	.byte	22                              @ DW_TAG_typedef
	.byte	0                               @ DW_CHILDREN_no
	.byte	73                              @ DW_AT_type
	.byte	19                              @ DW_FORM_ref4
	.byte	3                               @ DW_AT_name
	.byte	14                              @ DW_FORM_strp
	.byte	58                              @ DW_AT_decl_file
	.byte	11                              @ DW_FORM_data1
	.byte	59                              @ DW_AT_decl_line
	.byte	11                              @ DW_FORM_data1
	.byte	0                               @ EOM(1)
	.byte	0                               @ EOM(2)
	.byte	5                               @ Abbreviation Code
	.byte	36                              @ DW_TAG_base_type
	.byte	0                               @ DW_CHILDREN_no
	.byte	3                               @ DW_AT_name
	.byte	14                              @ DW_FORM_strp
	.byte	62                              @ DW_AT_encoding
	.byte	11                              @ DW_FORM_data1
	.byte	11                              @ DW_AT_byte_size
	.byte	11                              @ DW_FORM_data1
	.byte	0                               @ EOM(1)
	.byte	0                               @ EOM(2)
	.byte	6                               @ Abbreviation Code
	.byte	46                              @ DW_TAG_subprogram
	.byte	1                               @ DW_CHILDREN_yes
	.byte	17                              @ DW_AT_low_pc
	.byte	1                               @ DW_FORM_addr
	.byte	18                              @ DW_AT_high_pc
	.byte	1                               @ DW_FORM_addr
	.byte	64                              @ DW_AT_frame_base
	.byte	10                              @ DW_FORM_block1
	.byte	3                               @ DW_AT_name
	.byte	14                              @ DW_FORM_strp
	.byte	58                              @ DW_AT_decl_file
	.byte	11                              @ DW_FORM_data1
	.byte	59                              @ DW_AT_decl_line
	.byte	11                              @ DW_FORM_data1
	.byte	39                              @ DW_AT_prototyped
	.byte	12                              @ DW_FORM_flag
	.byte	63                              @ DW_AT_external
	.byte	12                              @ DW_FORM_flag
	.byte	0                               @ EOM(1)
	.byte	0                               @ EOM(2)
	.byte	7                               @ Abbreviation Code
	.byte	5                               @ DW_TAG_formal_parameter
	.byte	0                               @ DW_CHILDREN_no
	.byte	2                               @ DW_AT_location
	.byte	10                              @ DW_FORM_block1
	.byte	3                               @ DW_AT_name
	.byte	14                              @ DW_FORM_strp
	.byte	58                              @ DW_AT_decl_file
	.byte	11                              @ DW_FORM_data1
	.byte	59                              @ DW_AT_decl_line
	.byte	11                              @ DW_FORM_data1
	.byte	73                              @ DW_AT_type
	.byte	19                              @ DW_FORM_ref4
	.byte	0                               @ EOM(1)
	.byte	0                               @ EOM(2)
	.byte	8                               @ Abbreviation Code
	.byte	46                              @ DW_TAG_subprogram
	.byte	1                               @ DW_CHILDREN_yes
	.byte	17                              @ DW_AT_low_pc
	.byte	1                               @ DW_FORM_addr
	.byte	18                              @ DW_AT_high_pc
	.byte	1                               @ DW_FORM_addr
	.byte	64                              @ DW_AT_frame_base
	.byte	10                              @ DW_FORM_block1
	.byte	3                               @ DW_AT_name
	.byte	14                              @ DW_FORM_strp
	.byte	58                              @ DW_AT_decl_file
	.byte	11                              @ DW_FORM_data1
	.byte	59                              @ DW_AT_decl_line
	.byte	11                              @ DW_FORM_data1
	.byte	39                              @ DW_AT_prototyped
	.byte	12                              @ DW_FORM_flag
	.byte	73                              @ DW_AT_type
	.byte	19                              @ DW_FORM_ref4
	.byte	63                              @ DW_AT_external
	.byte	12                              @ DW_FORM_flag
	.byte	0                               @ EOM(1)
	.byte	0                               @ EOM(2)
	.byte	9                               @ Abbreviation Code
	.byte	52                              @ DW_TAG_variable
	.byte	0                               @ DW_CHILDREN_no
	.byte	2                               @ DW_AT_location
	.byte	10                              @ DW_FORM_block1
	.byte	3                               @ DW_AT_name
	.byte	14                              @ DW_FORM_strp
	.byte	58                              @ DW_AT_decl_file
	.byte	11                              @ DW_FORM_data1
	.byte	59                              @ DW_AT_decl_line
	.byte	11                              @ DW_FORM_data1
	.byte	73                              @ DW_AT_type
	.byte	19                              @ DW_FORM_ref4
	.byte	0                               @ EOM(1)
	.byte	0                               @ EOM(2)
	.byte	0                               @ EOM(3)
	.section	.debug_info,"",%progbits
.Lcu_begin0:
	.long	.Ldebug_info_end0-.Ldebug_info_start0 @ Length of Unit
.Ldebug_info_start0:
	.short	3                               @ DWARF version number
	.long	.debug_abbrev                   @ Offset Into Abbrev. Section
	.byte	4                               @ Address Size (in bytes)
	.byte	1                               @ Abbrev [1] 0xb:0xe3 DW_TAG_compile_unit
	.long	.Linfo_string0                  @ DW_AT_producer
	.short	12                              @ DW_AT_language
	.long	.Linfo_string1                  @ DW_AT_name
	.long	.Lline_table_start0             @ DW_AT_stmt_list
	.long	.Linfo_string2                  @ DW_AT_comp_dir
	.long	0                               @ DW_AT_low_pc
	.long	.Ldebug_ranges0                 @ DW_AT_ranges
	.byte	2                               @ Abbrev [2] 0x26:0x11 DW_TAG_variable
	.long	.Linfo_string3                  @ DW_AT_name
	.long	55                              @ DW_AT_type
	.byte	2                               @ DW_AT_decl_file
	.byte	32                              @ DW_AT_decl_line
	.byte	5                               @ DW_AT_location
	.byte	3
	.long	tick_irq_flag
	.byte	3                               @ Abbrev [3] 0x37:0x5 DW_TAG_volatile_type
	.long	60                              @ DW_AT_type
	.byte	4                               @ Abbrev [4] 0x3c:0xb DW_TAG_typedef
	.long	71                              @ DW_AT_type
	.long	.Linfo_string5                  @ DW_AT_name
	.byte	1                               @ DW_AT_decl_file
	.byte	62                              @ DW_AT_decl_line
	.byte	5                               @ Abbrev [5] 0x47:0x7 DW_TAG_base_type
	.long	.Linfo_string4                  @ DW_AT_name
	.byte	8                               @ DW_AT_encoding
	.byte	1                               @ DW_AT_byte_size
	.byte	2                               @ Abbrev [2] 0x4e:0x11 DW_TAG_variable
	.long	.Linfo_string6                  @ DW_AT_name
	.long	95                              @ DW_AT_type
	.byte	2                               @ DW_AT_decl_file
	.byte	31                              @ DW_AT_decl_line
	.byte	5                               @ DW_AT_location
	.byte	3
	.long	sys_time
	.byte	4                               @ Abbrev [4] 0x5f:0xb DW_TAG_typedef
	.long	106                             @ DW_AT_type
	.long	.Linfo_string8                  @ DW_AT_name
	.byte	1                               @ DW_AT_decl_file
	.byte	64                              @ DW_AT_decl_line
	.byte	5                               @ Abbrev [5] 0x6a:0x7 DW_TAG_base_type
	.long	.Linfo_string7                  @ DW_AT_name
	.byte	7                               @ DW_AT_encoding
	.byte	4                               @ DW_AT_byte_size
	.byte	6                               @ Abbrev [6] 0x71:0x22 DW_TAG_subprogram
	.long	.Lfunc_begin0                   @ DW_AT_low_pc
	.long	.Lfunc_end0                     @ DW_AT_high_pc
	.byte	1                               @ DW_AT_frame_base
	.byte	93
	.long	.Linfo_string9                  @ DW_AT_name
	.byte	2                               @ DW_AT_decl_file
	.byte	46                              @ DW_AT_decl_line
	.byte	1                               @ DW_AT_prototyped
	.byte	1                               @ DW_AT_external
	.byte	7                               @ Abbrev [7] 0x84:0xe DW_TAG_formal_parameter
	.byte	2                               @ DW_AT_location
	.byte	145
	.byte	0
	.long	.Linfo_string12                 @ DW_AT_name
	.byte	2                               @ DW_AT_decl_file
	.byte	46                              @ DW_AT_decl_line
	.long	95                              @ DW_AT_type
	.byte	0                               @ End Of Children Mark
	.byte	8                               @ Abbrev [8] 0x93:0x26 DW_TAG_subprogram
	.long	.Lfunc_begin1                   @ DW_AT_low_pc
	.long	.Lfunc_end1                     @ DW_AT_high_pc
	.byte	1                               @ DW_AT_frame_base
	.byte	93
	.long	.Linfo_string10                 @ DW_AT_name
	.byte	2                               @ DW_AT_decl_file
	.byte	56                              @ DW_AT_decl_line
	.byte	1                               @ DW_AT_prototyped
	.long	95                              @ DW_AT_type
	.byte	1                               @ DW_AT_external
	.byte	9                               @ Abbrev [9] 0xaa:0xe DW_TAG_variable
	.byte	2                               @ DW_AT_location
	.byte	145
	.byte	0
	.long	.Linfo_string13                 @ DW_AT_name
	.byte	2                               @ DW_AT_decl_file
	.byte	65                              @ DW_AT_decl_line
	.long	95                              @ DW_AT_type
	.byte	0                               @ End Of Children Mark
	.byte	8                               @ Abbrev [8] 0xb9:0x34 DW_TAG_subprogram
	.long	.Lfunc_begin2                   @ DW_AT_low_pc
	.long	.Lfunc_end2                     @ DW_AT_high_pc
	.byte	1                               @ DW_AT_frame_base
	.byte	93
	.long	.Linfo_string11                 @ DW_AT_name
	.byte	2                               @ DW_AT_decl_file
	.byte	82                              @ DW_AT_decl_line
	.byte	1                               @ DW_AT_prototyped
	.long	95                              @ DW_AT_type
	.byte	1                               @ DW_AT_external
	.byte	7                               @ Abbrev [7] 0xd0:0xe DW_TAG_formal_parameter
	.byte	2                               @ DW_AT_location
	.byte	145
	.byte	4
	.long	.Linfo_string14                 @ DW_AT_name
	.byte	2                               @ DW_AT_decl_file
	.byte	82                              @ DW_AT_decl_line
	.long	95                              @ DW_AT_type
	.byte	9                               @ Abbrev [9] 0xde:0xe DW_TAG_variable
	.byte	2                               @ DW_AT_location
	.byte	145
	.byte	0
	.long	.Linfo_string15                 @ DW_AT_name
	.byte	2                               @ DW_AT_decl_file
	.byte	84                              @ DW_AT_decl_line
	.long	95                              @ DW_AT_type
	.byte	0                               @ End Of Children Mark
	.byte	0                               @ End Of Children Mark
.Ldebug_info_end0:
	.section	.debug_ranges,"",%progbits
.Ldebug_ranges0:
	.long	.Lfunc_begin0
	.long	.Lfunc_end0
	.long	.Lfunc_begin1
	.long	.Lfunc_end1
	.long	.Lfunc_begin2
	.long	.Lfunc_end2
	.long	0
	.long	0
	.section	.debug_str,"MS",%progbits,1
.Linfo_string0:
	.asciz	"Component: ARM Compiler 6.16 Tool: armclang [5dfeb700]" @ string offset=0
.Linfo_string1:
	.asciz	"lvgl/src/lv_hal\\lv_hal_tick.c" @ string offset=55
.Linfo_string2:
	.asciz	"E:\\STM32\\Learning\\STM32H750_ART_PI_RGBLCD" @ string offset=85
.Linfo_string3:
	.asciz	"tick_irq_flag"                 @ string offset=127
.Linfo_string4:
	.asciz	"unsigned char"                 @ string offset=141
.Linfo_string5:
	.asciz	"uint8_t"                       @ string offset=155
.Linfo_string6:
	.asciz	"sys_time"                      @ string offset=163
.Linfo_string7:
	.asciz	"unsigned int"                  @ string offset=172
.Linfo_string8:
	.asciz	"uint32_t"                      @ string offset=185
.Linfo_string9:
	.asciz	"lv_tick_inc"                   @ string offset=194
.Linfo_string10:
	.asciz	"lv_tick_get"                   @ string offset=206
.Linfo_string11:
	.asciz	"lv_tick_elaps"                 @ string offset=218
.Linfo_string12:
	.asciz	"tick_period"                   @ string offset=232
.Linfo_string13:
	.asciz	"result"                        @ string offset=244
.Linfo_string14:
	.asciz	"prev_tick"                     @ string offset=251
.Linfo_string15:
	.asciz	"act_time"                      @ string offset=261
	.ident	"Component: ARM Compiler 6.16 Tool: armclang [5dfeb700]"
	.section	".note.GNU-stack","",%progbits
	.eabi_attribute	30, 6	@ Tag_ABI_optimization_goals
	.ARM_attribute	16, 1	@ Tag_AV_eba
	.section	.debug_line,"",%progbits
.Lline_table_start0:
