	.text
	.syntax unified
	.eabi_attribute	67, "2.09"	@ Tag_conformance
	.cpu	cortex-m7
	.eabi_attribute	6, 13	@ Tag_CPU_arch
	.eabi_attribute	7, 77	@ Tag_CPU_arch_profile
	.eabi_attribute	8, 0	@ Tag_ARM_ISA_use
	.eabi_attribute	9, 2	@ Tag_THUMB_ISA_use
	.fpu	fpv5-d16
	.eabi_attribute	36, 1	@ Tag_FP_HP_extension
	.eabi_attribute	34, 1	@ Tag_CPU_unaligned_access
	.eabi_attribute	17, 1	@ Tag_ABI_PCS_GOT_use
	.eabi_attribute	20, 2	@ Tag_ABI_FP_denormal
	.eabi_attribute	21, 0	@ Tag_ABI_FP_exceptions
	.eabi_attribute	23, 1	@ Tag_ABI_FP_number_model
	.eabi_attribute	24, 1	@ Tag_ABI_align_needed
	.eabi_attribute	25, 1	@ Tag_ABI_align_preserved
	.eabi_attribute	28, 1	@ Tag_ABI_VFP_args
	.eabi_attribute	38, 1	@ Tag_ABI_FP_16bit_format
	.eabi_attribute	18, 2	@ Tag_ABI_PCS_wchar_t
	.eabi_attribute	26, 1	@ Tag_ABI_enum_size
	.eabi_attribute	14, 0	@ Tag_ABI_PCS_R9_use
	.file	"lv_img_cache.c"
	.file	1 "D:\\Keil_v5\\ARM\\ARMCLANG\\Bin\\..\\include" "stdint.h"
	.file	2 "E:\\STM32\\Learning\\STM32H750_ART_PI_RGBLCD" "lvgl/src/lv_draw/lv_img_cache.c"
	.file	3 "E:\\STM32\\Learning\\STM32H750_ART_PI_RGBLCD" "lvgl/src/lv_draw/lv_img_decoder.h"
	.file	4 "E:\\STM32\\Learning\\STM32H750_ART_PI_RGBLCD" "lvgl/src/lv_draw/../lv_core/../lv_misc/lv_types.h"
	.section	.text._lv_img_cache_open,"ax",%progbits
	.hidden	_lv_img_cache_open              @ -- Begin function _lv_img_cache_open
	.globl	_lv_img_cache_open
	.p2align	3
	.type	_lv_img_cache_open,%function
	.code	16                              @ @_lv_img_cache_open
	.thumb_func
_lv_img_cache_open:
.Lfunc_begin0:
	.loc	2 64 0                          @ lvgl/src/lv_draw/lv_img_cache.c:64:0
	.fnstart
	.cfi_sections .debug_frame
	.cfi_startproc
@ %bb.0:
	.save	{r7, lr}
	push	{r7, lr}
	.cfi_def_cfa_offset 8
	.cfi_offset lr, -4
	.cfi_offset r7, -8
	.pad	#32
	sub	sp, #32
	.cfi_def_cfa_offset 40
	str	r1, [sp, #24]
	str	r0, [sp, #20]
	movs	r0, #0
.Ltmp0:
	.loc	2 66 28 prologue_end            @ lvgl/src/lv_draw/lv_img_cache.c:66:28
	str	r0, [sp, #16]
.Ltmp1:
	.loc	2 69 8                          @ lvgl/src/lv_draw/lv_img_cache.c:69:8
	movw	r0, :lower16:entry_cnt
	movt	r0, :upper16:entry_cnt
	ldrh	r0, [r0]
.Ltmp2:
	.loc	2 69 8 is_stmt 0                @ lvgl/src/lv_draw/lv_img_cache.c:69:8
	cbnz	r0, .LBB0_2
	b	.LBB0_1
.LBB0_1:
	.loc	2 0 8                           @ lvgl/src/lv_draw/lv_img_cache.c:0:8
	movs	r0, #0
.Ltmp3:
	.loc	2 71 9 is_stmt 1                @ lvgl/src/lv_draw/lv_img_cache.c:71:9
	str	r0, [sp, #28]
	b	.LBB0_44
.Ltmp4:
.LBB0_2:
	.loc	2 74 36                         @ lvgl/src/lv_draw/lv_img_cache.c:74:36
	movw	r0, :lower16:_lv_img_cache_array
	movt	r0, :upper16:_lv_img_cache_array
	ldr	r0, [r0]
	.loc	2 74 28 is_stmt 0               @ lvgl/src/lv_draw/lv_img_cache.c:74:28
	str	r0, [sp, #12]
	movs	r0, #0
.Ltmp5:
	.loc	2 78 11 is_stmt 1               @ lvgl/src/lv_draw/lv_img_cache.c:78:11
	strh.w	r0, [sp, #10]
	.loc	2 78 9 is_stmt 0                @ lvgl/src/lv_draw/lv_img_cache.c:78:9
	b	.LBB0_3
.LBB0_3:                                @ =>This Inner Loop Header: Depth=1
.Ltmp6:
	.loc	2 78 16                         @ lvgl/src/lv_draw/lv_img_cache.c:78:16
	ldrh.w	r0, [sp, #10]
	.loc	2 78 20                         @ lvgl/src/lv_draw/lv_img_cache.c:78:20
	movw	r1, :lower16:entry_cnt
	movt	r1, :upper16:entry_cnt
	ldrh	r1, [r1]
.Ltmp7:
	.loc	2 78 5                          @ lvgl/src/lv_draw/lv_img_cache.c:78:5
	cmp	r0, r1
	bge	.LBB0_8
	b	.LBB0_4
.LBB0_4:                                @   in Loop: Header=BB0_3 Depth=1
.Ltmp8:
	.loc	2 79 12 is_stmt 1               @ lvgl/src/lv_draw/lv_img_cache.c:79:12
	ldr	r0, [sp, #12]
	.loc	2 79 18 is_stmt 0               @ lvgl/src/lv_draw/lv_img_cache.c:79:18
	ldrh.w	r1, [sp, #10]
	.loc	2 79 12                         @ lvgl/src/lv_draw/lv_img_cache.c:79:12
	add.w	r1, r1, r1, lsl #2
	add.w	r0, r0, r1, lsl #3
	.loc	2 79 21                         @ lvgl/src/lv_draw/lv_img_cache.c:79:21
	ldr	r0, [r0, #36]
	movs	r1, #2
	movt	r1, #32768
.Ltmp9:
	.loc	2 79 12                         @ lvgl/src/lv_draw/lv_img_cache.c:79:12
	cmp	r0, r1
	blt	.LBB0_6
	b	.LBB0_5
.LBB0_5:                                @   in Loop: Header=BB0_3 Depth=1
.Ltmp10:
	.loc	2 80 13 is_stmt 1               @ lvgl/src/lv_draw/lv_img_cache.c:80:13
	ldr	r0, [sp, #12]
	.loc	2 80 19 is_stmt 0               @ lvgl/src/lv_draw/lv_img_cache.c:80:19
	ldrh.w	r1, [sp, #10]
	.loc	2 80 13                         @ lvgl/src/lv_draw/lv_img_cache.c:80:13
	add.w	r1, r1, r1, lsl #2
	add.w	r1, r0, r1, lsl #3
	.loc	2 80 27                         @ lvgl/src/lv_draw/lv_img_cache.c:80:27
	ldr	r0, [r1, #36]
	subs	r0, #1
	str	r0, [r1, #36]
	.loc	2 81 9 is_stmt 1                @ lvgl/src/lv_draw/lv_img_cache.c:81:9
	b	.LBB0_6
.Ltmp11:
.LBB0_6:                                @   in Loop: Header=BB0_3 Depth=1
	.loc	2 82 5                          @ lvgl/src/lv_draw/lv_img_cache.c:82:5
	b	.LBB0_7
.Ltmp12:
.LBB0_7:                                @   in Loop: Header=BB0_3 Depth=1
	.loc	2 78 32                         @ lvgl/src/lv_draw/lv_img_cache.c:78:32
	ldrh.w	r0, [sp, #10]
	adds	r0, #1
	strh.w	r0, [sp, #10]
	.loc	2 78 5 is_stmt 0                @ lvgl/src/lv_draw/lv_img_cache.c:78:5
	b	.LBB0_3
.Ltmp13:
.LBB0_8:
	.loc	2 0 5                           @ lvgl/src/lv_draw/lv_img_cache.c:0:5
	movs	r0, #0
.Ltmp14:
	.loc	2 84 11 is_stmt 1               @ lvgl/src/lv_draw/lv_img_cache.c:84:11
	strh.w	r0, [sp, #10]
	.loc	2 84 9 is_stmt 0                @ lvgl/src/lv_draw/lv_img_cache.c:84:9
	b	.LBB0_9
.LBB0_9:                                @ =>This Inner Loop Header: Depth=1
.Ltmp15:
	.loc	2 84 16                         @ lvgl/src/lv_draw/lv_img_cache.c:84:16
	ldrh.w	r0, [sp, #10]
	.loc	2 84 20                         @ lvgl/src/lv_draw/lv_img_cache.c:84:20
	movw	r1, :lower16:entry_cnt
	movt	r1, :upper16:entry_cnt
	ldrh	r1, [r1]
.Ltmp16:
	.loc	2 84 5                          @ lvgl/src/lv_draw/lv_img_cache.c:84:5
	cmp	r0, r1
	bge	.LBB0_26
	b	.LBB0_10
.LBB0_10:                               @   in Loop: Header=BB0_9 Depth=1
	.loc	2 0 5                           @ lvgl/src/lv_draw/lv_img_cache.c:0:5
	movs	r0, #0
.Ltmp17:
	.loc	2 85 14 is_stmt 1               @ lvgl/src/lv_draw/lv_img_cache.c:85:14
	strb.w	r0, [sp, #9]
	.loc	2 86 53                         @ lvgl/src/lv_draw/lv_img_cache.c:86:53
	ldr	r0, [sp, #12]
	.loc	2 86 59 is_stmt 0               @ lvgl/src/lv_draw/lv_img_cache.c:86:59
	ldrh.w	r1, [sp, #10]
	.loc	2 86 53                         @ lvgl/src/lv_draw/lv_img_cache.c:86:53
	add.w	r1, r1, r1, lsl #2
	add.w	r0, r0, r1, lsl #3
	.loc	2 86 70                         @ lvgl/src/lv_draw/lv_img_cache.c:86:70
	ldr	r0, [r0, #4]
	.loc	2 86 33                         @ lvgl/src/lv_draw/lv_img_cache.c:86:33
	bl	lv_img_src_get_type
	.loc	2 86 22                         @ lvgl/src/lv_draw/lv_img_cache.c:86:22
	strb.w	r0, [sp, #8]
.Ltmp18:
	.loc	2 87 12 is_stmt 1               @ lvgl/src/lv_draw/lv_img_cache.c:87:12
	ldrb.w	r0, [sp, #8]
.Ltmp19:
	.loc	2 87 12 is_stmt 0               @ lvgl/src/lv_draw/lv_img_cache.c:87:12
	cbnz	r0, .LBB0_15
	b	.LBB0_11
.LBB0_11:                               @   in Loop: Header=BB0_9 Depth=1
.Ltmp20:
	.loc	2 88 16 is_stmt 1               @ lvgl/src/lv_draw/lv_img_cache.c:88:16
	ldr	r0, [sp, #12]
	.loc	2 88 22 is_stmt 0               @ lvgl/src/lv_draw/lv_img_cache.c:88:22
	ldrh.w	r1, [sp, #10]
	.loc	2 88 16                         @ lvgl/src/lv_draw/lv_img_cache.c:88:16
	add.w	r1, r1, r1, lsl #2
	add.w	r0, r0, r1, lsl #3
	.loc	2 88 33                         @ lvgl/src/lv_draw/lv_img_cache.c:88:33
	ldr	r0, [r0, #4]
	.loc	2 88 40                         @ lvgl/src/lv_draw/lv_img_cache.c:88:40
	ldr	r1, [sp, #20]
	.loc	2 88 44                         @ lvgl/src/lv_draw/lv_img_cache.c:88:44
	cmp	r0, r1
	bne	.LBB0_14
	b	.LBB0_12
.LBB0_12:                               @   in Loop: Header=BB0_9 Depth=1
	.loc	2 88 47                         @ lvgl/src/lv_draw/lv_img_cache.c:88:47
	ldr	r0, [sp, #12]
	.loc	2 88 53                         @ lvgl/src/lv_draw/lv_img_cache.c:88:53
	ldrh.w	r1, [sp, #10]
	.loc	2 88 47                         @ lvgl/src/lv_draw/lv_img_cache.c:88:47
	add.w	r1, r1, r1, lsl #2
	add.w	r0, r0, r1, lsl #3
	.loc	2 88 70                         @ lvgl/src/lv_draw/lv_img_cache.c:88:70
	ldr	r0, [r0, #8]
	.loc	2 88 84                         @ lvgl/src/lv_draw/lv_img_cache.c:88:84
	ldr	r1, [sp, #24]
.Ltmp21:
	.loc	2 88 16                         @ lvgl/src/lv_draw/lv_img_cache.c:88:16
	cmp	r0, r1
	bne	.LBB0_14
	b	.LBB0_13
.LBB0_13:                               @   in Loop: Header=BB0_9 Depth=1
	.loc	2 0 16                          @ lvgl/src/lv_draw/lv_img_cache.c:0:16
	movs	r0, #1
.Ltmp22:
	.loc	2 88 96                         @ lvgl/src/lv_draw/lv_img_cache.c:88:96
	strb.w	r0, [sp, #9]
	.loc	2 88 90                         @ lvgl/src/lv_draw/lv_img_cache.c:88:90
	b	.LBB0_14
.Ltmp23:
.LBB0_14:                               @   in Loop: Header=BB0_9 Depth=1
	.loc	2 89 9 is_stmt 1                @ lvgl/src/lv_draw/lv_img_cache.c:89:9
	b	.LBB0_20
.Ltmp24:
.LBB0_15:                               @   in Loop: Header=BB0_9 Depth=1
	.loc	2 90 17                         @ lvgl/src/lv_draw/lv_img_cache.c:90:17
	ldrb.w	r0, [sp, #8]
.Ltmp25:
	.loc	2 90 17 is_stmt 0               @ lvgl/src/lv_draw/lv_img_cache.c:90:17
	cmp	r0, #1
	bne	.LBB0_19
	b	.LBB0_16
.LBB0_16:                               @   in Loop: Header=BB0_9 Depth=1
.Ltmp26:
	.loc	2 91 23 is_stmt 1               @ lvgl/src/lv_draw/lv_img_cache.c:91:23
	ldr	r0, [sp, #12]
	.loc	2 91 29 is_stmt 0               @ lvgl/src/lv_draw/lv_img_cache.c:91:29
	ldrh.w	r1, [sp, #10]
	.loc	2 91 23                         @ lvgl/src/lv_draw/lv_img_cache.c:91:23
	add.w	r1, r1, r1, lsl #2
	add.w	r0, r0, r1, lsl #3
	.loc	2 91 40                         @ lvgl/src/lv_draw/lv_img_cache.c:91:40
	ldr	r0, [r0, #4]
	.loc	2 91 45                         @ lvgl/src/lv_draw/lv_img_cache.c:91:45
	ldr	r1, [sp, #20]
	.loc	2 91 16                         @ lvgl/src/lv_draw/lv_img_cache.c:91:16
	bl	strcmp
.Ltmp27:
	.loc	2 91 16                         @ lvgl/src/lv_draw/lv_img_cache.c:91:16
	cbnz	r0, .LBB0_18
	b	.LBB0_17
.LBB0_17:                               @   in Loop: Header=BB0_9 Depth=1
	.loc	2 0 16                          @ lvgl/src/lv_draw/lv_img_cache.c:0:16
	movs	r0, #1
.Ltmp28:
	.loc	2 91 62                         @ lvgl/src/lv_draw/lv_img_cache.c:91:62
	strb.w	r0, [sp, #9]
	.loc	2 91 56                         @ lvgl/src/lv_draw/lv_img_cache.c:91:56
	b	.LBB0_18
.Ltmp29:
.LBB0_18:                               @   in Loop: Header=BB0_9 Depth=1
	.loc	2 92 9 is_stmt 1                @ lvgl/src/lv_draw/lv_img_cache.c:92:9
	b	.LBB0_19
.Ltmp30:
.LBB0_19:                               @   in Loop: Header=BB0_9 Depth=1
	.loc	2 0 9 is_stmt 0                 @ lvgl/src/lv_draw/lv_img_cache.c:0:9
	b	.LBB0_20
.LBB0_20:                               @   in Loop: Header=BB0_9 Depth=1
.Ltmp31:
	.loc	2 94 12 is_stmt 1               @ lvgl/src/lv_draw/lv_img_cache.c:94:12
	ldrb.w	r0, [sp, #9]
.Ltmp32:
	.loc	2 94 12 is_stmt 0               @ lvgl/src/lv_draw/lv_img_cache.c:94:12
	lsls	r0, r0, #31
	cbz	r0, .LBB0_24
	b	.LBB0_21
.LBB0_21:
.Ltmp33:
	.loc	2 98 27 is_stmt 1               @ lvgl/src/lv_draw/lv_img_cache.c:98:27
	ldr	r0, [sp, #12]
	.loc	2 98 33 is_stmt 0               @ lvgl/src/lv_draw/lv_img_cache.c:98:33
	ldrh.w	r1, [sp, #10]
	.loc	2 98 27                         @ lvgl/src/lv_draw/lv_img_cache.c:98:27
	add.w	r1, r1, r1, lsl #2
	add.w	r0, r0, r1, lsl #3
	.loc	2 98 24                         @ lvgl/src/lv_draw/lv_img_cache.c:98:24
	str	r0, [sp, #16]
	.loc	2 99 33 is_stmt 1               @ lvgl/src/lv_draw/lv_img_cache.c:99:33
	ldr	r1, [sp, #16]
	.loc	2 99 53 is_stmt 0               @ lvgl/src/lv_draw/lv_img_cache.c:99:53
	ldr	r2, [r1, #24]
	.loc	2 99 30                         @ lvgl/src/lv_draw/lv_img_cache.c:99:30
	ldr	r0, [r1, #36]
	add	r0, r2
	str	r0, [r1, #36]
.Ltmp34:
	.loc	2 100 16 is_stmt 1              @ lvgl/src/lv_draw/lv_img_cache.c:100:16
	ldr	r0, [sp, #16]
	.loc	2 100 28 is_stmt 0              @ lvgl/src/lv_draw/lv_img_cache.c:100:28
	ldr	r0, [r0, #36]
.Ltmp35:
	.loc	2 100 16                        @ lvgl/src/lv_draw/lv_img_cache.c:100:16
	cmp.w	r0, #1000
	ble	.LBB0_23
	b	.LBB0_22
.LBB0_22:
.Ltmp36:
	.loc	2 100 60                        @ lvgl/src/lv_draw/lv_img_cache.c:100:60
	ldr	r1, [sp, #16]
	mov.w	r0, #1000
	.loc	2 100 77                        @ lvgl/src/lv_draw/lv_img_cache.c:100:77
	str	r0, [r1, #36]
	.loc	2 100 60                        @ lvgl/src/lv_draw/lv_img_cache.c:100:60
	b	.LBB0_23
.Ltmp37:
.LBB0_23:
	.loc	2 102 13 is_stmt 1              @ lvgl/src/lv_draw/lv_img_cache.c:102:13
	b	.LBB0_26
.Ltmp38:
.LBB0_24:                               @   in Loop: Header=BB0_9 Depth=1
	.loc	2 104 5                         @ lvgl/src/lv_draw/lv_img_cache.c:104:5
	b	.LBB0_25
.Ltmp39:
.LBB0_25:                               @   in Loop: Header=BB0_9 Depth=1
	.loc	2 84 32                         @ lvgl/src/lv_draw/lv_img_cache.c:84:32
	ldrh.w	r0, [sp, #10]
	adds	r0, #1
	strh.w	r0, [sp, #10]
	.loc	2 84 5 is_stmt 0                @ lvgl/src/lv_draw/lv_img_cache.c:84:5
	b	.LBB0_9
.Ltmp40:
.LBB0_26:
	.loc	2 107 8 is_stmt 1               @ lvgl/src/lv_draw/lv_img_cache.c:107:8
	ldr	r0, [sp, #16]
.Ltmp41:
	.loc	2 107 8 is_stmt 0               @ lvgl/src/lv_draw/lv_img_cache.c:107:8
	cbz	r0, .LBB0_28
	b	.LBB0_27
.LBB0_27:
.Ltmp42:
	.loc	2 107 27                        @ lvgl/src/lv_draw/lv_img_cache.c:107:27
	ldr	r0, [sp, #16]
	.loc	2 107 20                        @ lvgl/src/lv_draw/lv_img_cache.c:107:20
	str	r0, [sp, #28]
	b	.LBB0_44
.Ltmp43:
.LBB0_28:
	.loc	2 110 19 is_stmt 1              @ lvgl/src/lv_draw/lv_img_cache.c:110:19
	ldr	r0, [sp, #12]
	.loc	2 110 16 is_stmt 0              @ lvgl/src/lv_draw/lv_img_cache.c:110:16
	str	r0, [sp, #16]
	movs	r0, #1
.Ltmp44:
	.loc	2 111 11 is_stmt 1              @ lvgl/src/lv_draw/lv_img_cache.c:111:11
	strh.w	r0, [sp, #10]
	.loc	2 111 9 is_stmt 0               @ lvgl/src/lv_draw/lv_img_cache.c:111:9
	b	.LBB0_29
.LBB0_29:                               @ =>This Inner Loop Header: Depth=1
.Ltmp45:
	.loc	2 111 16                        @ lvgl/src/lv_draw/lv_img_cache.c:111:16
	ldrh.w	r0, [sp, #10]
	.loc	2 111 20                        @ lvgl/src/lv_draw/lv_img_cache.c:111:20
	movw	r1, :lower16:entry_cnt
	movt	r1, :upper16:entry_cnt
	ldrh	r1, [r1]
.Ltmp46:
	.loc	2 111 5                         @ lvgl/src/lv_draw/lv_img_cache.c:111:5
	cmp	r0, r1
	bge	.LBB0_34
	b	.LBB0_30
.LBB0_30:                               @   in Loop: Header=BB0_29 Depth=1
.Ltmp47:
	.loc	2 112 12 is_stmt 1              @ lvgl/src/lv_draw/lv_img_cache.c:112:12
	ldr	r0, [sp, #12]
	.loc	2 112 18 is_stmt 0              @ lvgl/src/lv_draw/lv_img_cache.c:112:18
	ldrh.w	r1, [sp, #10]
	.loc	2 112 12                        @ lvgl/src/lv_draw/lv_img_cache.c:112:12
	add.w	r1, r1, r1, lsl #2
	add.w	r0, r0, r1, lsl #3
	.loc	2 112 21                        @ lvgl/src/lv_draw/lv_img_cache.c:112:21
	ldr	r0, [r0, #36]
	.loc	2 112 28                        @ lvgl/src/lv_draw/lv_img_cache.c:112:28
	ldr	r1, [sp, #16]
	.loc	2 112 40                        @ lvgl/src/lv_draw/lv_img_cache.c:112:40
	ldr	r1, [r1, #36]
.Ltmp48:
	.loc	2 112 12                        @ lvgl/src/lv_draw/lv_img_cache.c:112:12
	cmp	r0, r1
	bge	.LBB0_32
	b	.LBB0_31
.LBB0_31:                               @   in Loop: Header=BB0_29 Depth=1
.Ltmp49:
	.loc	2 113 27 is_stmt 1              @ lvgl/src/lv_draw/lv_img_cache.c:113:27
	ldr	r0, [sp, #12]
	.loc	2 113 33 is_stmt 0              @ lvgl/src/lv_draw/lv_img_cache.c:113:33
	ldrh.w	r1, [sp, #10]
	.loc	2 113 27                        @ lvgl/src/lv_draw/lv_img_cache.c:113:27
	add.w	r1, r1, r1, lsl #2
	add.w	r0, r0, r1, lsl #3
	.loc	2 113 24                        @ lvgl/src/lv_draw/lv_img_cache.c:113:24
	str	r0, [sp, #16]
	.loc	2 114 9 is_stmt 1               @ lvgl/src/lv_draw/lv_img_cache.c:114:9
	b	.LBB0_32
.Ltmp50:
.LBB0_32:                               @   in Loop: Header=BB0_29 Depth=1
	.loc	2 115 5                         @ lvgl/src/lv_draw/lv_img_cache.c:115:5
	b	.LBB0_33
.Ltmp51:
.LBB0_33:                               @   in Loop: Header=BB0_29 Depth=1
	.loc	2 111 32                        @ lvgl/src/lv_draw/lv_img_cache.c:111:32
	ldrh.w	r0, [sp, #10]
	adds	r0, #1
	strh.w	r0, [sp, #10]
	.loc	2 111 5 is_stmt 0               @ lvgl/src/lv_draw/lv_img_cache.c:111:5
	b	.LBB0_29
.Ltmp52:
.LBB0_34:
	.loc	2 118 8 is_stmt 1               @ lvgl/src/lv_draw/lv_img_cache.c:118:8
	ldr	r0, [sp, #16]
	.loc	2 118 28 is_stmt 0              @ lvgl/src/lv_draw/lv_img_cache.c:118:28
	ldr	r0, [r0, #4]
.Ltmp53:
	.loc	2 118 8                         @ lvgl/src/lv_draw/lv_img_cache.c:118:8
	cbz	r0, .LBB0_36
	b	.LBB0_35
.LBB0_35:
.Ltmp54:
	.loc	2 119 31 is_stmt 1              @ lvgl/src/lv_draw/lv_img_cache.c:119:31
	ldr	r0, [sp, #16]
	.loc	2 119 9 is_stmt 0               @ lvgl/src/lv_draw/lv_img_cache.c:119:9
	bl	lv_img_decoder_close
	.loc	2 121 5 is_stmt 1               @ lvgl/src/lv_draw/lv_img_cache.c:121:5
	b	.LBB0_37
.Ltmp55:
.LBB0_36:
	.loc	2 0 5 is_stmt 0                 @ lvgl/src/lv_draw/lv_img_cache.c:0:5
	b	.LBB0_37
.LBB0_37:
	.loc	2 130 25 is_stmt 1              @ lvgl/src/lv_draw/lv_img_cache.c:130:25
	bl	lv_tick_get
	.loc	2 130 14 is_stmt 0              @ lvgl/src/lv_draw/lv_img_cache.c:130:14
	str	r0, [sp, #4]
	.loc	2 131 46 is_stmt 1              @ lvgl/src/lv_draw/lv_img_cache.c:131:46
	ldr	r0, [sp, #16]
	.loc	2 131 67 is_stmt 0              @ lvgl/src/lv_draw/lv_img_cache.c:131:67
	ldr	r1, [sp, #20]
	.loc	2 131 25                        @ lvgl/src/lv_draw/lv_img_cache.c:131:25
	ldr	r2, [sp, #24]
	bl	lv_img_decoder_open
	.loc	2 131 14                        @ lvgl/src/lv_draw/lv_img_cache.c:131:14
	strb.w	r0, [sp, #3]
.Ltmp56:
	.loc	2 132 8 is_stmt 1               @ lvgl/src/lv_draw/lv_img_cache.c:132:8
	ldrb.w	r0, [sp, #3]
.Ltmp57:
	.loc	2 132 8 is_stmt 0               @ lvgl/src/lv_draw/lv_img_cache.c:132:8
	cbnz	r0, .LBB0_39
	b	.LBB0_38
.LBB0_38:
.Ltmp58:
	.loc	2 134 31 is_stmt 1              @ lvgl/src/lv_draw/lv_img_cache.c:134:31
	ldr	r0, [sp, #16]
	.loc	2 134 9 is_stmt 0               @ lvgl/src/lv_draw/lv_img_cache.c:134:9
	bl	lv_img_decoder_close
	.loc	2 135 24 is_stmt 1              @ lvgl/src/lv_draw/lv_img_cache.c:135:24
	ldr	r0, [sp, #16]
	movs	r1, #36
	.loc	2 135 9 is_stmt 0               @ lvgl/src/lv_draw/lv_img_cache.c:135:9
	bl	_lv_memset_00
	.loc	2 136 23 is_stmt 1              @ lvgl/src/lv_draw/lv_img_cache.c:136:23
	ldr	r0, [sp, #16]
	movs	r1, #40
	.loc	2 136 9 is_stmt 0               @ lvgl/src/lv_draw/lv_img_cache.c:136:9
	bl	_lv_memset_00
	.loc	2 137 9 is_stmt 1               @ lvgl/src/lv_draw/lv_img_cache.c:137:9
	ldr	r1, [sp, #16]
	mov.w	r0, #-2147483648
	.loc	2 137 26 is_stmt 0              @ lvgl/src/lv_draw/lv_img_cache.c:137:26
	str	r0, [r1, #36]
	movs	r0, #0
	.loc	2 138 9 is_stmt 1               @ lvgl/src/lv_draw/lv_img_cache.c:138:9
	str	r0, [sp, #28]
	b	.LBB0_44
.Ltmp59:
.LBB0_39:
	.loc	2 141 5                         @ lvgl/src/lv_draw/lv_img_cache.c:141:5
	ldr	r1, [sp, #16]
	movs	r0, #0
	.loc	2 141 22 is_stmt 0              @ lvgl/src/lv_draw/lv_img_cache.c:141:22
	str	r0, [r1, #36]
.Ltmp60:
	.loc	2 144 8 is_stmt 1               @ lvgl/src/lv_draw/lv_img_cache.c:144:8
	ldr	r0, [sp, #16]
	.loc	2 144 28 is_stmt 0              @ lvgl/src/lv_draw/lv_img_cache.c:144:28
	ldr	r0, [r0, #24]
.Ltmp61:
	.loc	2 144 8                         @ lvgl/src/lv_draw/lv_img_cache.c:144:8
	cbnz	r0, .LBB0_41
	b	.LBB0_40
.LBB0_40:
.Ltmp62:
	.loc	2 145 58 is_stmt 1              @ lvgl/src/lv_draw/lv_img_cache.c:145:58
	ldr	r0, [sp, #4]
	.loc	2 145 44 is_stmt 0              @ lvgl/src/lv_draw/lv_img_cache.c:145:44
	bl	lv_tick_elaps
	.loc	2 145 9                         @ lvgl/src/lv_draw/lv_img_cache.c:145:9
	ldr	r1, [sp, #16]
	.loc	2 145 42                        @ lvgl/src/lv_draw/lv_img_cache.c:145:42
	str	r0, [r1, #24]
	.loc	2 146 5 is_stmt 1               @ lvgl/src/lv_draw/lv_img_cache.c:146:5
	b	.LBB0_41
.Ltmp63:
.LBB0_41:
	.loc	2 148 8                         @ lvgl/src/lv_draw/lv_img_cache.c:148:8
	ldr	r0, [sp, #16]
	.loc	2 148 28 is_stmt 0              @ lvgl/src/lv_draw/lv_img_cache.c:148:28
	ldr	r0, [r0, #24]
.Ltmp64:
	.loc	2 148 8                         @ lvgl/src/lv_draw/lv_img_cache.c:148:8
	cbnz	r0, .LBB0_43
	b	.LBB0_42
.LBB0_42:
.Ltmp65:
	.loc	2 148 47                        @ lvgl/src/lv_draw/lv_img_cache.c:148:47
	ldr	r1, [sp, #16]
	movs	r0, #1
	.loc	2 148 80                        @ lvgl/src/lv_draw/lv_img_cache.c:148:80
	str	r0, [r1, #24]
	.loc	2 148 47                        @ lvgl/src/lv_draw/lv_img_cache.c:148:47
	b	.LBB0_43
.Ltmp66:
.LBB0_43:
	.loc	2 150 12 is_stmt 1              @ lvgl/src/lv_draw/lv_img_cache.c:150:12
	ldr	r0, [sp, #16]
	.loc	2 150 5 is_stmt 0               @ lvgl/src/lv_draw/lv_img_cache.c:150:5
	str	r0, [sp, #28]
	b	.LBB0_44
.LBB0_44:
	.loc	2 151 1 is_stmt 1               @ lvgl/src/lv_draw/lv_img_cache.c:151:1
	ldr	r0, [sp, #28]
	add	sp, #32
	pop	{r7, pc}
.Ltmp67:
.Lfunc_end0:
	.size	_lv_img_cache_open, .Lfunc_end0-_lv_img_cache_open
	.cfi_endproc
	.cantunwind
	.fnend
                                        @ -- End function
	.section	.text.lv_img_cache_set_size,"ax",%progbits
	.hidden	lv_img_cache_set_size           @ -- Begin function lv_img_cache_set_size
	.globl	lv_img_cache_set_size
	.p2align	3
	.type	lv_img_cache_set_size,%function
	.code	16                              @ @lv_img_cache_set_size
	.thumb_func
lv_img_cache_set_size:
.Lfunc_begin1:
	.loc	2 160 0                         @ lvgl/src/lv_draw/lv_img_cache.c:160:0
	.fnstart
	.cfi_startproc
@ %bb.0:
	.save	{r7, lr}
	push	{r7, lr}
	.cfi_def_cfa_offset 8
	.cfi_offset lr, -4
	.cfi_offset r7, -8
	.pad	#8
	sub	sp, #8
	.cfi_def_cfa_offset 16
                                        @ kill: def $r1 killed $r0
	strh.w	r0, [sp, #6]
.Ltmp68:
	.loc	2 165 8 prologue_end            @ lvgl/src/lv_draw/lv_img_cache.c:165:8
	movw	r0, :lower16:_lv_img_cache_array
	movt	r0, :upper16:_lv_img_cache_array
	ldr	r0, [r0]
.Ltmp69:
	.loc	2 165 8 is_stmt 0               @ lvgl/src/lv_draw/lv_img_cache.c:165:8
	cbz	r0, .LBB1_2
	b	.LBB1_1
.LBB1_1:
	.loc	2 0 8                           @ lvgl/src/lv_draw/lv_img_cache.c:0:8
	movs	r0, #0
.Ltmp70:
	.loc	2 167 9 is_stmt 1               @ lvgl/src/lv_draw/lv_img_cache.c:167:9
	bl	lv_img_cache_invalidate_src
	.loc	2 168 21                        @ lvgl/src/lv_draw/lv_img_cache.c:168:21
	movw	r0, :lower16:_lv_img_cache_array
	movt	r0, :upper16:_lv_img_cache_array
	ldr	r0, [r0]
	.loc	2 168 9 is_stmt 0               @ lvgl/src/lv_draw/lv_img_cache.c:168:9
	bl	lv_mem_free
	.loc	2 169 5 is_stmt 1               @ lvgl/src/lv_draw/lv_img_cache.c:169:5
	b	.LBB1_2
.Ltmp71:
.LBB1_2:
	.loc	2 172 83                        @ lvgl/src/lv_draw/lv_img_cache.c:172:83
	ldrh.w	r0, [sp, #6]
	.loc	2 172 81 is_stmt 0              @ lvgl/src/lv_draw/lv_img_cache.c:172:81
	add.w	r0, r0, r0, lsl #2
	lsls	r0, r0, #3
	.loc	2 172 39                        @ lvgl/src/lv_draw/lv_img_cache.c:172:39
	bl	lv_mem_alloc
	.loc	2 172 37                        @ lvgl/src/lv_draw/lv_img_cache.c:172:37
	movw	r1, :lower16:_lv_img_cache_array
	movt	r1, :upper16:_lv_img_cache_array
	str	r0, [r1]
	.loc	2 173 5 is_stmt 1               @ lvgl/src/lv_draw/lv_img_cache.c:173:5
	b	.LBB1_3
.LBB1_3:
.Ltmp72:
	.loc	2 173 5 is_stmt 0               @ lvgl/src/lv_draw/lv_img_cache.c:173:5
	movw	r0, :lower16:_lv_img_cache_array
	movt	r0, :upper16:_lv_img_cache_array
	ldr	r0, [r0]
	bl	lv_debug_check_null
.Ltmp73:
	.loc	2 173 5                         @ lvgl/src/lv_draw/lv_img_cache.c:173:5
	cbnz	r0, .LBB1_6
	b	.LBB1_4
.LBB1_4:
.Ltmp74:
	.loc	2 173 5                         @ lvgl/src/lv_draw/lv_img_cache.c:173:5
	movw	r0, :lower16:_lv_img_cache_array
	movt	r0, :upper16:_lv_img_cache_array
	ldr	r2, [r0]
	movw	r0, :lower16:.L.str
	movt	r0, :upper16:.L.str
	movs	r3, #0
	bl	lv_debug_log_error
	b	.LBB1_5
.LBB1_5:                                @ =>This Inner Loop Header: Depth=1
	b	.LBB1_5
.Ltmp75:
.LBB1_6:
	.loc	2 173 5                         @ lvgl/src/lv_draw/lv_img_cache.c:173:5
	b	.LBB1_7
.Ltmp76:
.LBB1_7:
	.loc	2 174 8 is_stmt 1               @ lvgl/src/lv_draw/lv_img_cache.c:174:8
	movw	r0, :lower16:_lv_img_cache_array
	movt	r0, :upper16:_lv_img_cache_array
	ldr	r0, [r0]
.Ltmp77:
	.loc	2 174 8 is_stmt 0               @ lvgl/src/lv_draw/lv_img_cache.c:174:8
	cbnz	r0, .LBB1_9
	b	.LBB1_8
.LBB1_8:
.Ltmp78:
	.loc	2 175 19 is_stmt 1              @ lvgl/src/lv_draw/lv_img_cache.c:175:19
	movw	r1, :lower16:entry_cnt
	movt	r1, :upper16:entry_cnt
	movs	r0, #0
	strh	r0, [r1]
	.loc	2 176 9                         @ lvgl/src/lv_draw/lv_img_cache.c:176:9
	b	.LBB1_13
.Ltmp79:
.LBB1_9:
	.loc	2 178 17                        @ lvgl/src/lv_draw/lv_img_cache.c:178:17
	ldrh.w	r0, [sp, #6]
	.loc	2 178 15 is_stmt 0              @ lvgl/src/lv_draw/lv_img_cache.c:178:15
	movw	r1, :lower16:entry_cnt
	movt	r1, :upper16:entry_cnt
	strh	r0, [r1]
	movs	r0, #0
.Ltmp80:
	.loc	2 182 11 is_stmt 1              @ lvgl/src/lv_draw/lv_img_cache.c:182:11
	strh.w	r0, [sp, #4]
	.loc	2 182 9 is_stmt 0               @ lvgl/src/lv_draw/lv_img_cache.c:182:9
	b	.LBB1_10
.LBB1_10:                               @ =>This Inner Loop Header: Depth=1
.Ltmp81:
	.loc	2 182 16                        @ lvgl/src/lv_draw/lv_img_cache.c:182:16
	ldrh.w	r0, [sp, #4]
	.loc	2 182 20                        @ lvgl/src/lv_draw/lv_img_cache.c:182:20
	movw	r1, :lower16:entry_cnt
	movt	r1, :upper16:entry_cnt
	ldrh	r1, [r1]
.Ltmp82:
	.loc	2 182 5                         @ lvgl/src/lv_draw/lv_img_cache.c:182:5
	cmp	r0, r1
	bge	.LBB1_13
	b	.LBB1_11
.LBB1_11:                               @   in Loop: Header=BB1_10 Depth=1
.Ltmp83:
	.loc	2 183 24 is_stmt 1              @ lvgl/src/lv_draw/lv_img_cache.c:183:24
	movw	r0, :lower16:_lv_img_cache_array
	movt	r0, :upper16:_lv_img_cache_array
	str	r0, [sp]                        @ 4-byte Spill
	ldr	r0, [r0]
	.loc	2 183 56 is_stmt 0              @ lvgl/src/lv_draw/lv_img_cache.c:183:56
	ldrh.w	r1, [sp, #4]
	.loc	2 183 24                        @ lvgl/src/lv_draw/lv_img_cache.c:183:24
	add.w	r1, r1, r1, lsl #2
	add.w	r0, r0, r1, lsl #3
	movs	r1, #36
	.loc	2 183 9                         @ lvgl/src/lv_draw/lv_img_cache.c:183:9
	bl	_lv_memset_00
	ldr	r0, [sp]                        @ 4-byte Reload
	.loc	2 184 24 is_stmt 1              @ lvgl/src/lv_draw/lv_img_cache.c:184:24
	ldr	r0, [r0]
	.loc	2 184 56 is_stmt 0              @ lvgl/src/lv_draw/lv_img_cache.c:184:56
	ldrh.w	r1, [sp, #4]
	.loc	2 184 24                        @ lvgl/src/lv_draw/lv_img_cache.c:184:24
	add.w	r1, r1, r1, lsl #2
	add.w	r0, r0, r1, lsl #3
	movs	r1, #40
	.loc	2 184 9                         @ lvgl/src/lv_draw/lv_img_cache.c:184:9
	bl	_lv_memset_00
	.loc	2 185 5 is_stmt 1               @ lvgl/src/lv_draw/lv_img_cache.c:185:5
	b	.LBB1_12
.Ltmp84:
.LBB1_12:                               @   in Loop: Header=BB1_10 Depth=1
	.loc	2 182 32                        @ lvgl/src/lv_draw/lv_img_cache.c:182:32
	ldrh.w	r0, [sp, #4]
	adds	r0, #1
	strh.w	r0, [sp, #4]
	.loc	2 182 5 is_stmt 0               @ lvgl/src/lv_draw/lv_img_cache.c:182:5
	b	.LBB1_10
.Ltmp85:
.LBB1_13:
	.loc	2 187 1 is_stmt 1               @ lvgl/src/lv_draw/lv_img_cache.c:187:1
	add	sp, #8
	pop	{r7, pc}
.Ltmp86:
.Lfunc_end1:
	.size	lv_img_cache_set_size, .Lfunc_end1-lv_img_cache_set_size
	.cfi_endproc
	.cantunwind
	.fnend
                                        @ -- End function
	.section	.text.lv_img_cache_invalidate_src,"ax",%progbits
	.hidden	lv_img_cache_invalidate_src     @ -- Begin function lv_img_cache_invalidate_src
	.globl	lv_img_cache_invalidate_src
	.p2align	3
	.type	lv_img_cache_invalidate_src,%function
	.code	16                              @ @lv_img_cache_invalidate_src
	.thumb_func
lv_img_cache_invalidate_src:
.Lfunc_begin2:
	.loc	2 195 0                         @ lvgl/src/lv_draw/lv_img_cache.c:195:0
	.fnstart
	.cfi_startproc
@ %bb.0:
	.save	{r7, lr}
	push	{r7, lr}
	.cfi_def_cfa_offset 8
	.cfi_offset lr, -4
	.cfi_offset r7, -8
	.pad	#16
	sub	sp, #16
	.cfi_def_cfa_offset 24
	str	r0, [sp, #12]
.Ltmp87:
	.loc	2 197 36 prologue_end           @ lvgl/src/lv_draw/lv_img_cache.c:197:36
	movw	r0, :lower16:_lv_img_cache_array
	movt	r0, :upper16:_lv_img_cache_array
	ldr	r0, [r0]
	.loc	2 197 28 is_stmt 0              @ lvgl/src/lv_draw/lv_img_cache.c:197:28
	str	r0, [sp, #8]
	movs	r0, #0
.Ltmp88:
	.loc	2 200 11 is_stmt 1              @ lvgl/src/lv_draw/lv_img_cache.c:200:11
	strh.w	r0, [sp, #6]
	.loc	2 200 9 is_stmt 0               @ lvgl/src/lv_draw/lv_img_cache.c:200:9
	b	.LBB2_1
.LBB2_1:                                @ =>This Inner Loop Header: Depth=1
.Ltmp89:
	.loc	2 200 16                        @ lvgl/src/lv_draw/lv_img_cache.c:200:16
	ldrh.w	r0, [sp, #6]
	.loc	2 200 20                        @ lvgl/src/lv_draw/lv_img_cache.c:200:20
	movw	r1, :lower16:entry_cnt
	movt	r1, :upper16:entry_cnt
	ldrh	r1, [r1]
.Ltmp90:
	.loc	2 200 5                         @ lvgl/src/lv_draw/lv_img_cache.c:200:5
	cmp	r0, r1
	bge	.LBB2_9
	b	.LBB2_2
.LBB2_2:                                @   in Loop: Header=BB2_1 Depth=1
.Ltmp91:
	.loc	2 201 12 is_stmt 1              @ lvgl/src/lv_draw/lv_img_cache.c:201:12
	ldr	r0, [sp, #8]
	.loc	2 201 18 is_stmt 0              @ lvgl/src/lv_draw/lv_img_cache.c:201:18
	ldrh.w	r1, [sp, #6]
	.loc	2 201 12                        @ lvgl/src/lv_draw/lv_img_cache.c:201:12
	add.w	r1, r1, r1, lsl #2
	add.w	r0, r0, r1, lsl #3
	.loc	2 201 29                        @ lvgl/src/lv_draw/lv_img_cache.c:201:29
	ldr	r0, [r0, #4]
	.loc	2 201 36                        @ lvgl/src/lv_draw/lv_img_cache.c:201:36
	ldr	r1, [sp, #12]
	.loc	2 201 40                        @ lvgl/src/lv_draw/lv_img_cache.c:201:40
	cmp	r0, r1
	beq	.LBB2_4
	b	.LBB2_3
.LBB2_3:                                @   in Loop: Header=BB2_1 Depth=1
	.loc	2 201 43                        @ lvgl/src/lv_draw/lv_img_cache.c:201:43
	ldr	r0, [sp, #12]
.Ltmp92:
	.loc	2 201 12                        @ lvgl/src/lv_draw/lv_img_cache.c:201:12
	cbnz	r0, .LBB2_7
	b	.LBB2_4
.LBB2_4:                                @   in Loop: Header=BB2_1 Depth=1
.Ltmp93:
	.loc	2 202 16 is_stmt 1              @ lvgl/src/lv_draw/lv_img_cache.c:202:16
	ldr	r0, [sp, #8]
	.loc	2 202 22 is_stmt 0              @ lvgl/src/lv_draw/lv_img_cache.c:202:22
	ldrh.w	r1, [sp, #6]
	.loc	2 202 16                        @ lvgl/src/lv_draw/lv_img_cache.c:202:16
	add.w	r1, r1, r1, lsl #2
	add.w	r0, r0, r1, lsl #3
	.loc	2 202 33                        @ lvgl/src/lv_draw/lv_img_cache.c:202:33
	ldr	r0, [r0, #4]
.Ltmp94:
	.loc	2 202 16                        @ lvgl/src/lv_draw/lv_img_cache.c:202:16
	cbz	r0, .LBB2_6
	b	.LBB2_5
.LBB2_5:                                @   in Loop: Header=BB2_1 Depth=1
.Ltmp95:
	.loc	2 203 39 is_stmt 1              @ lvgl/src/lv_draw/lv_img_cache.c:203:39
	ldr	r0, [sp, #8]
	.loc	2 203 45 is_stmt 0              @ lvgl/src/lv_draw/lv_img_cache.c:203:45
	ldrh.w	r1, [sp, #6]
	.loc	2 203 39                        @ lvgl/src/lv_draw/lv_img_cache.c:203:39
	add.w	r1, r1, r1, lsl #2
	add.w	r0, r0, r1, lsl #3
	.loc	2 203 17                        @ lvgl/src/lv_draw/lv_img_cache.c:203:17
	bl	lv_img_decoder_close
	.loc	2 204 13 is_stmt 1              @ lvgl/src/lv_draw/lv_img_cache.c:204:13
	b	.LBB2_6
.Ltmp96:
.LBB2_6:                                @   in Loop: Header=BB2_1 Depth=1
	.loc	2 206 28                        @ lvgl/src/lv_draw/lv_img_cache.c:206:28
	ldr	r0, [sp, #8]
	.loc	2 206 34 is_stmt 0              @ lvgl/src/lv_draw/lv_img_cache.c:206:34
	ldrh.w	r1, [sp, #6]
	.loc	2 206 28                        @ lvgl/src/lv_draw/lv_img_cache.c:206:28
	add.w	r1, r1, r1, lsl #2
	add.w	r0, r0, r1, lsl #3
	movs	r1, #36
	.loc	2 206 13                        @ lvgl/src/lv_draw/lv_img_cache.c:206:13
	bl	_lv_memset_00
	.loc	2 207 28 is_stmt 1              @ lvgl/src/lv_draw/lv_img_cache.c:207:28
	ldr	r0, [sp, #8]
	.loc	2 207 34 is_stmt 0              @ lvgl/src/lv_draw/lv_img_cache.c:207:34
	ldrh.w	r1, [sp, #6]
	.loc	2 207 28                        @ lvgl/src/lv_draw/lv_img_cache.c:207:28
	add.w	r1, r1, r1, lsl #2
	add.w	r0, r0, r1, lsl #3
	movs	r1, #40
	.loc	2 207 13                        @ lvgl/src/lv_draw/lv_img_cache.c:207:13
	bl	_lv_memset_00
	.loc	2 208 9 is_stmt 1               @ lvgl/src/lv_draw/lv_img_cache.c:208:9
	b	.LBB2_7
.Ltmp97:
.LBB2_7:                                @   in Loop: Header=BB2_1 Depth=1
	.loc	2 209 5                         @ lvgl/src/lv_draw/lv_img_cache.c:209:5
	b	.LBB2_8
.Ltmp98:
.LBB2_8:                                @   in Loop: Header=BB2_1 Depth=1
	.loc	2 200 32                        @ lvgl/src/lv_draw/lv_img_cache.c:200:32
	ldrh.w	r0, [sp, #6]
	adds	r0, #1
	strh.w	r0, [sp, #6]
	.loc	2 200 5 is_stmt 0               @ lvgl/src/lv_draw/lv_img_cache.c:200:5
	b	.LBB2_1
.Ltmp99:
.LBB2_9:
	.loc	2 211 1 is_stmt 1               @ lvgl/src/lv_draw/lv_img_cache.c:211:1
	add	sp, #16
	pop	{r7, pc}
.Ltmp100:
.Lfunc_end2:
	.size	lv_img_cache_invalidate_src, .Lfunc_end2-lv_img_cache_invalidate_src
	.cfi_endproc
	.cantunwind
	.fnend
                                        @ -- End function
	.type	entry_cnt,%object               @ @entry_cnt
	.section	.bss.entry_cnt,"aw",%nobits
	.p2align	1
entry_cnt:
	.short	0                               @ 0x0
	.size	entry_cnt, 2

	.type	.L.str,%object                  @ @.str
	.section	.rodata.str1.1,"aMS",%progbits,1
.L.str:
	.asciz	"Out of memory"
	.size	.L.str, 14

	.file	5 "E:\\STM32\\Learning\\STM32H750_ART_PI_RGBLCD" "lvgl/src/lv_draw/lv_img_buf.h"
	.file	6 "E:\\STM32\\Learning\\STM32H750_ART_PI_RGBLCD" "./lvgl/src/lv_conf.h"
	.file	7 "E:\\STM32\\Learning\\STM32H750_ART_PI_RGBLCD" "lvgl/src/lv_draw/../lv_core/../lv_misc/lv_color.h"
	.file	8 "E:\\STM32\\Learning\\STM32H750_ART_PI_RGBLCD" "lvgl/src/lv_draw/../lv_misc/../lv_draw/lv_img_cache.h"
	.section	.debug_abbrev,"",%progbits
	.byte	1                               @ Abbreviation Code
	.byte	17                              @ DW_TAG_compile_unit
	.byte	1                               @ DW_CHILDREN_yes
	.byte	37                              @ DW_AT_producer
	.byte	14                              @ DW_FORM_strp
	.byte	19                              @ DW_AT_language
	.byte	5                               @ DW_FORM_data2
	.byte	3                               @ DW_AT_name
	.byte	14                              @ DW_FORM_strp
	.byte	16                              @ DW_AT_stmt_list
	.byte	6                               @ DW_FORM_data4
	.byte	27                              @ DW_AT_comp_dir
	.byte	14                              @ DW_FORM_strp
	.byte	17                              @ DW_AT_low_pc
	.byte	1                               @ DW_FORM_addr
	.byte	85                              @ DW_AT_ranges
	.byte	6                               @ DW_FORM_data4
	.byte	0                               @ EOM(1)
	.byte	0                               @ EOM(2)
	.byte	2                               @ Abbreviation Code
	.byte	52                              @ DW_TAG_variable
	.byte	0                               @ DW_CHILDREN_no
	.byte	3                               @ DW_AT_name
	.byte	14                              @ DW_FORM_strp
	.byte	73                              @ DW_AT_type
	.byte	19                              @ DW_FORM_ref4
	.byte	58                              @ DW_AT_decl_file
	.byte	11                              @ DW_FORM_data1
	.byte	59                              @ DW_AT_decl_line
	.byte	11                              @ DW_FORM_data1
	.byte	2                               @ DW_AT_location
	.byte	10                              @ DW_FORM_block1
	.byte	0                               @ EOM(1)
	.byte	0                               @ EOM(2)
	.byte	3                               @ Abbreviation Code
	.byte	22                              @ DW_TAG_typedef
	.byte	0                               @ DW_CHILDREN_no
	.byte	73                              @ DW_AT_type
	.byte	19                              @ DW_FORM_ref4
	.byte	3                               @ DW_AT_name
	.byte	14                              @ DW_FORM_strp
	.byte	58                              @ DW_AT_decl_file
	.byte	11                              @ DW_FORM_data1
	.byte	59                              @ DW_AT_decl_line
	.byte	11                              @ DW_FORM_data1
	.byte	0                               @ EOM(1)
	.byte	0                               @ EOM(2)
	.byte	4                               @ Abbreviation Code
	.byte	36                              @ DW_TAG_base_type
	.byte	0                               @ DW_CHILDREN_no
	.byte	3                               @ DW_AT_name
	.byte	14                              @ DW_FORM_strp
	.byte	62                              @ DW_AT_encoding
	.byte	11                              @ DW_FORM_data1
	.byte	11                              @ DW_AT_byte_size
	.byte	11                              @ DW_FORM_data1
	.byte	0                               @ EOM(1)
	.byte	0                               @ EOM(2)
	.byte	5                               @ Abbreviation Code
	.byte	4                               @ DW_TAG_enumeration_type
	.byte	1                               @ DW_CHILDREN_yes
	.byte	73                              @ DW_AT_type
	.byte	19                              @ DW_FORM_ref4
	.byte	11                              @ DW_AT_byte_size
	.byte	11                              @ DW_FORM_data1
	.byte	58                              @ DW_AT_decl_file
	.byte	11                              @ DW_FORM_data1
	.byte	59                              @ DW_AT_decl_line
	.byte	11                              @ DW_FORM_data1
	.byte	0                               @ EOM(1)
	.byte	0                               @ EOM(2)
	.byte	6                               @ Abbreviation Code
	.byte	40                              @ DW_TAG_enumerator
	.byte	0                               @ DW_CHILDREN_no
	.byte	3                               @ DW_AT_name
	.byte	14                              @ DW_FORM_strp
	.byte	28                              @ DW_AT_const_value
	.byte	15                              @ DW_FORM_udata
	.byte	0                               @ EOM(1)
	.byte	0                               @ EOM(2)
	.byte	7                               @ Abbreviation Code
	.byte	46                              @ DW_TAG_subprogram
	.byte	1                               @ DW_CHILDREN_yes
	.byte	17                              @ DW_AT_low_pc
	.byte	1                               @ DW_FORM_addr
	.byte	18                              @ DW_AT_high_pc
	.byte	1                               @ DW_FORM_addr
	.byte	64                              @ DW_AT_frame_base
	.byte	10                              @ DW_FORM_block1
	.byte	3                               @ DW_AT_name
	.byte	14                              @ DW_FORM_strp
	.byte	58                              @ DW_AT_decl_file
	.byte	11                              @ DW_FORM_data1
	.byte	59                              @ DW_AT_decl_line
	.byte	11                              @ DW_FORM_data1
	.byte	39                              @ DW_AT_prototyped
	.byte	12                              @ DW_FORM_flag
	.byte	73                              @ DW_AT_type
	.byte	19                              @ DW_FORM_ref4
	.byte	63                              @ DW_AT_external
	.byte	12                              @ DW_FORM_flag
	.byte	0                               @ EOM(1)
	.byte	0                               @ EOM(2)
	.byte	8                               @ Abbreviation Code
	.byte	5                               @ DW_TAG_formal_parameter
	.byte	0                               @ DW_CHILDREN_no
	.byte	2                               @ DW_AT_location
	.byte	10                              @ DW_FORM_block1
	.byte	3                               @ DW_AT_name
	.byte	14                              @ DW_FORM_strp
	.byte	58                              @ DW_AT_decl_file
	.byte	11                              @ DW_FORM_data1
	.byte	59                              @ DW_AT_decl_line
	.byte	11                              @ DW_FORM_data1
	.byte	73                              @ DW_AT_type
	.byte	19                              @ DW_FORM_ref4
	.byte	0                               @ EOM(1)
	.byte	0                               @ EOM(2)
	.byte	9                               @ Abbreviation Code
	.byte	52                              @ DW_TAG_variable
	.byte	0                               @ DW_CHILDREN_no
	.byte	2                               @ DW_AT_location
	.byte	10                              @ DW_FORM_block1
	.byte	3                               @ DW_AT_name
	.byte	14                              @ DW_FORM_strp
	.byte	58                              @ DW_AT_decl_file
	.byte	11                              @ DW_FORM_data1
	.byte	59                              @ DW_AT_decl_line
	.byte	11                              @ DW_FORM_data1
	.byte	73                              @ DW_AT_type
	.byte	19                              @ DW_FORM_ref4
	.byte	0                               @ EOM(1)
	.byte	0                               @ EOM(2)
	.byte	10                              @ Abbreviation Code
	.byte	11                              @ DW_TAG_lexical_block
	.byte	1                               @ DW_CHILDREN_yes
	.byte	17                              @ DW_AT_low_pc
	.byte	1                               @ DW_FORM_addr
	.byte	18                              @ DW_AT_high_pc
	.byte	1                               @ DW_FORM_addr
	.byte	0                               @ EOM(1)
	.byte	0                               @ EOM(2)
	.byte	11                              @ Abbreviation Code
	.byte	46                              @ DW_TAG_subprogram
	.byte	1                               @ DW_CHILDREN_yes
	.byte	17                              @ DW_AT_low_pc
	.byte	1                               @ DW_FORM_addr
	.byte	18                              @ DW_AT_high_pc
	.byte	1                               @ DW_FORM_addr
	.byte	64                              @ DW_AT_frame_base
	.byte	10                              @ DW_FORM_block1
	.byte	3                               @ DW_AT_name
	.byte	14                              @ DW_FORM_strp
	.byte	58                              @ DW_AT_decl_file
	.byte	11                              @ DW_FORM_data1
	.byte	59                              @ DW_AT_decl_line
	.byte	11                              @ DW_FORM_data1
	.byte	39                              @ DW_AT_prototyped
	.byte	12                              @ DW_FORM_flag
	.byte	63                              @ DW_AT_external
	.byte	12                              @ DW_FORM_flag
	.byte	0                               @ EOM(1)
	.byte	0                               @ EOM(2)
	.byte	12                              @ Abbreviation Code
	.byte	15                              @ DW_TAG_pointer_type
	.byte	0                               @ DW_CHILDREN_no
	.byte	73                              @ DW_AT_type
	.byte	19                              @ DW_FORM_ref4
	.byte	0                               @ EOM(1)
	.byte	0                               @ EOM(2)
	.byte	13                              @ Abbreviation Code
	.byte	19                              @ DW_TAG_structure_type
	.byte	1                               @ DW_CHILDREN_yes
	.byte	11                              @ DW_AT_byte_size
	.byte	11                              @ DW_FORM_data1
	.byte	58                              @ DW_AT_decl_file
	.byte	11                              @ DW_FORM_data1
	.byte	59                              @ DW_AT_decl_line
	.byte	11                              @ DW_FORM_data1
	.byte	0                               @ EOM(1)
	.byte	0                               @ EOM(2)
	.byte	14                              @ Abbreviation Code
	.byte	13                              @ DW_TAG_member
	.byte	0                               @ DW_CHILDREN_no
	.byte	3                               @ DW_AT_name
	.byte	14                              @ DW_FORM_strp
	.byte	73                              @ DW_AT_type
	.byte	19                              @ DW_FORM_ref4
	.byte	58                              @ DW_AT_decl_file
	.byte	11                              @ DW_FORM_data1
	.byte	59                              @ DW_AT_decl_line
	.byte	11                              @ DW_FORM_data1
	.byte	56                              @ DW_AT_data_member_location
	.byte	11                              @ DW_FORM_data1
	.byte	0                               @ EOM(1)
	.byte	0                               @ EOM(2)
	.byte	15                              @ Abbreviation Code
	.byte	19                              @ DW_TAG_structure_type
	.byte	1                               @ DW_CHILDREN_yes
	.byte	3                               @ DW_AT_name
	.byte	14                              @ DW_FORM_strp
	.byte	11                              @ DW_AT_byte_size
	.byte	11                              @ DW_FORM_data1
	.byte	58                              @ DW_AT_decl_file
	.byte	11                              @ DW_FORM_data1
	.byte	59                              @ DW_AT_decl_line
	.byte	11                              @ DW_FORM_data1
	.byte	0                               @ EOM(1)
	.byte	0                               @ EOM(2)
	.byte	16                              @ Abbreviation Code
	.byte	21                              @ DW_TAG_subroutine_type
	.byte	1                               @ DW_CHILDREN_yes
	.byte	73                              @ DW_AT_type
	.byte	19                              @ DW_FORM_ref4
	.byte	39                              @ DW_AT_prototyped
	.byte	12                              @ DW_FORM_flag
	.byte	0                               @ EOM(1)
	.byte	0                               @ EOM(2)
	.byte	17                              @ Abbreviation Code
	.byte	5                               @ DW_TAG_formal_parameter
	.byte	0                               @ DW_CHILDREN_no
	.byte	73                              @ DW_AT_type
	.byte	19                              @ DW_FORM_ref4
	.byte	0                               @ EOM(1)
	.byte	0                               @ EOM(2)
	.byte	18                              @ Abbreviation Code
	.byte	38                              @ DW_TAG_const_type
	.byte	0                               @ DW_CHILDREN_no
	.byte	0                               @ EOM(1)
	.byte	0                               @ EOM(2)
	.byte	19                              @ Abbreviation Code
	.byte	13                              @ DW_TAG_member
	.byte	0                               @ DW_CHILDREN_no
	.byte	3                               @ DW_AT_name
	.byte	14                              @ DW_FORM_strp
	.byte	73                              @ DW_AT_type
	.byte	19                              @ DW_FORM_ref4
	.byte	58                              @ DW_AT_decl_file
	.byte	11                              @ DW_FORM_data1
	.byte	59                              @ DW_AT_decl_line
	.byte	11                              @ DW_FORM_data1
	.byte	11                              @ DW_AT_byte_size
	.byte	11                              @ DW_FORM_data1
	.byte	13                              @ DW_AT_bit_size
	.byte	11                              @ DW_FORM_data1
	.byte	12                              @ DW_AT_bit_offset
	.byte	11                              @ DW_FORM_data1
	.byte	56                              @ DW_AT_data_member_location
	.byte	11                              @ DW_FORM_data1
	.byte	0                               @ EOM(1)
	.byte	0                               @ EOM(2)
	.byte	20                              @ Abbreviation Code
	.byte	21                              @ DW_TAG_subroutine_type
	.byte	1                               @ DW_CHILDREN_yes
	.byte	39                              @ DW_AT_prototyped
	.byte	12                              @ DW_FORM_flag
	.byte	0                               @ EOM(1)
	.byte	0                               @ EOM(2)
	.byte	21                              @ Abbreviation Code
	.byte	22                              @ DW_TAG_typedef
	.byte	0                               @ DW_CHILDREN_no
	.byte	73                              @ DW_AT_type
	.byte	19                              @ DW_FORM_ref4
	.byte	3                               @ DW_AT_name
	.byte	14                              @ DW_FORM_strp
	.byte	58                              @ DW_AT_decl_file
	.byte	11                              @ DW_FORM_data1
	.byte	59                              @ DW_AT_decl_line
	.byte	5                               @ DW_FORM_data2
	.byte	0                               @ EOM(1)
	.byte	0                               @ EOM(2)
	.byte	22                              @ Abbreviation Code
	.byte	23                              @ DW_TAG_union_type
	.byte	1                               @ DW_CHILDREN_yes
	.byte	11                              @ DW_AT_byte_size
	.byte	11                              @ DW_FORM_data1
	.byte	58                              @ DW_AT_decl_file
	.byte	11                              @ DW_FORM_data1
	.byte	59                              @ DW_AT_decl_line
	.byte	5                               @ DW_FORM_data2
	.byte	0                               @ EOM(1)
	.byte	0                               @ EOM(2)
	.byte	23                              @ Abbreviation Code
	.byte	13                              @ DW_TAG_member
	.byte	0                               @ DW_CHILDREN_no
	.byte	3                               @ DW_AT_name
	.byte	14                              @ DW_FORM_strp
	.byte	73                              @ DW_AT_type
	.byte	19                              @ DW_FORM_ref4
	.byte	58                              @ DW_AT_decl_file
	.byte	11                              @ DW_FORM_data1
	.byte	59                              @ DW_AT_decl_line
	.byte	5                               @ DW_FORM_data2
	.byte	56                              @ DW_AT_data_member_location
	.byte	11                              @ DW_FORM_data1
	.byte	0                               @ EOM(1)
	.byte	0                               @ EOM(2)
	.byte	24                              @ Abbreviation Code
	.byte	19                              @ DW_TAG_structure_type
	.byte	1                               @ DW_CHILDREN_yes
	.byte	11                              @ DW_AT_byte_size
	.byte	11                              @ DW_FORM_data1
	.byte	58                              @ DW_AT_decl_file
	.byte	11                              @ DW_FORM_data1
	.byte	59                              @ DW_AT_decl_line
	.byte	5                               @ DW_FORM_data2
	.byte	0                               @ EOM(1)
	.byte	0                               @ EOM(2)
	.byte	25                              @ Abbreviation Code
	.byte	38                              @ DW_TAG_const_type
	.byte	0                               @ DW_CHILDREN_no
	.byte	73                              @ DW_AT_type
	.byte	19                              @ DW_FORM_ref4
	.byte	0                               @ EOM(1)
	.byte	0                               @ EOM(2)
	.byte	26                              @ Abbreviation Code
	.byte	15                              @ DW_TAG_pointer_type
	.byte	0                               @ DW_CHILDREN_no
	.byte	0                               @ EOM(1)
	.byte	0                               @ EOM(2)
	.byte	0                               @ EOM(3)
	.section	.debug_info,"",%progbits
.Lcu_begin0:
	.long	.Ldebug_info_end0-.Ldebug_info_start0 @ Length of Unit
.Ldebug_info_start0:
	.short	3                               @ DWARF version number
	.long	.debug_abbrev                   @ Offset Into Abbrev. Section
	.byte	4                               @ Address Size (in bytes)
	.byte	1                               @ Abbrev [1] 0xb:0x4a2 DW_TAG_compile_unit
	.long	.Linfo_string0                  @ DW_AT_producer
	.short	12                              @ DW_AT_language
	.long	.Linfo_string1                  @ DW_AT_name
	.long	.Lline_table_start0             @ DW_AT_stmt_list
	.long	.Linfo_string2                  @ DW_AT_comp_dir
	.long	0                               @ DW_AT_low_pc
	.long	.Ldebug_ranges0                 @ DW_AT_ranges
	.byte	2                               @ Abbrev [2] 0x26:0x11 DW_TAG_variable
	.long	.Linfo_string3                  @ DW_AT_name
	.long	55                              @ DW_AT_type
	.byte	2                               @ DW_AT_decl_file
	.byte	44                              @ DW_AT_decl_line
	.byte	5                               @ DW_AT_location
	.byte	3
	.long	entry_cnt
	.byte	3                               @ Abbrev [3] 0x37:0xb DW_TAG_typedef
	.long	66                              @ DW_AT_type
	.long	.Linfo_string5                  @ DW_AT_name
	.byte	1                               @ DW_AT_decl_file
	.byte	63                              @ DW_AT_decl_line
	.byte	4                               @ Abbrev [4] 0x42:0x7 DW_TAG_base_type
	.long	.Linfo_string4                  @ DW_AT_name
	.byte	7                               @ DW_AT_encoding
	.byte	2                               @ DW_AT_byte_size
	.byte	5                               @ Abbrev [5] 0x49:0x21 DW_TAG_enumeration_type
	.long	106                             @ DW_AT_type
	.byte	1                               @ DW_AT_byte_size
	.byte	3                               @ DW_AT_decl_file
	.byte	35                              @ DW_AT_decl_line
	.byte	6                               @ Abbrev [6] 0x51:0x6 DW_TAG_enumerator
	.long	.Linfo_string7                  @ DW_AT_name
	.byte	0                               @ DW_AT_const_value
	.byte	6                               @ Abbrev [6] 0x57:0x6 DW_TAG_enumerator
	.long	.Linfo_string8                  @ DW_AT_name
	.byte	1                               @ DW_AT_const_value
	.byte	6                               @ Abbrev [6] 0x5d:0x6 DW_TAG_enumerator
	.long	.Linfo_string9                  @ DW_AT_name
	.byte	2                               @ DW_AT_const_value
	.byte	6                               @ Abbrev [6] 0x63:0x6 DW_TAG_enumerator
	.long	.Linfo_string10                 @ DW_AT_name
	.byte	3                               @ DW_AT_const_value
	.byte	0                               @ End Of Children Mark
	.byte	4                               @ Abbrev [4] 0x6a:0x7 DW_TAG_base_type
	.long	.Linfo_string6                  @ DW_AT_name
	.byte	8                               @ DW_AT_encoding
	.byte	1                               @ DW_AT_byte_size
	.byte	5                               @ Abbrev [5] 0x71:0x15 DW_TAG_enumeration_type
	.long	106                             @ DW_AT_type
	.byte	1                               @ DW_AT_byte_size
	.byte	4                               @ DW_AT_decl_file
	.byte	45                              @ DW_AT_decl_line
	.byte	6                               @ Abbrev [6] 0x79:0x6 DW_TAG_enumerator
	.long	.Linfo_string11                 @ DW_AT_name
	.byte	0                               @ DW_AT_const_value
	.byte	6                               @ Abbrev [6] 0x7f:0x6 DW_TAG_enumerator
	.long	.Linfo_string12                 @ DW_AT_name
	.byte	1                               @ DW_AT_const_value
	.byte	0                               @ End Of Children Mark
	.byte	3                               @ Abbrev [3] 0x86:0xb DW_TAG_typedef
	.long	145                             @ DW_AT_type
	.long	.Linfo_string14                 @ DW_AT_name
	.byte	1                               @ DW_AT_decl_file
	.byte	65                              @ DW_AT_decl_line
	.byte	4                               @ Abbrev [4] 0x91:0x7 DW_TAG_base_type
	.long	.Linfo_string13                 @ DW_AT_name
	.byte	7                               @ DW_AT_encoding
	.byte	8                               @ DW_AT_byte_size
	.byte	3                               @ Abbrev [3] 0x98:0xb DW_TAG_typedef
	.long	163                             @ DW_AT_type
	.long	.Linfo_string16                 @ DW_AT_name
	.byte	1                               @ DW_AT_decl_file
	.byte	102                             @ DW_AT_decl_line
	.byte	4                               @ Abbrev [4] 0xa3:0x7 DW_TAG_base_type
	.long	.Linfo_string15                 @ DW_AT_name
	.byte	7                               @ DW_AT_encoding
	.byte	4                               @ DW_AT_byte_size
	.byte	7                               @ Abbrev [7] 0xaa:0xa0 DW_TAG_subprogram
	.long	.Lfunc_begin0                   @ DW_AT_low_pc
	.long	.Lfunc_end0                     @ DW_AT_high_pc
	.byte	1                               @ DW_AT_frame_base
	.byte	93
	.long	.Linfo_string17                 @ DW_AT_name
	.byte	2                               @ DW_AT_decl_file
	.byte	63                              @ DW_AT_decl_line
	.byte	1                               @ DW_AT_prototyped
	.long	440                             @ DW_AT_type
	.byte	1                               @ DW_AT_external
	.byte	8                               @ Abbrev [8] 0xc1:0xe DW_TAG_formal_parameter
	.byte	2                               @ DW_AT_location
	.byte	145
	.byte	20
	.long	.Linfo_string42                 @ DW_AT_name
	.byte	2                               @ DW_AT_decl_file
	.byte	63                              @ DW_AT_decl_line
	.long	751                             @ DW_AT_type
	.byte	8                               @ Abbrev [8] 0xcf:0xe DW_TAG_formal_parameter
	.byte	2                               @ DW_AT_location
	.byte	145
	.byte	24
	.long	.Linfo_string43                 @ DW_AT_name
	.byte	2                               @ DW_AT_decl_file
	.byte	63                              @ DW_AT_decl_line
	.long	1018                            @ DW_AT_type
	.byte	9                               @ Abbrev [9] 0xdd:0xe DW_TAG_variable
	.byte	2                               @ DW_AT_location
	.byte	145
	.byte	16
	.long	.Linfo_string68                 @ DW_AT_name
	.byte	2                               @ DW_AT_decl_file
	.byte	66                              @ DW_AT_decl_line
	.long	440                             @ DW_AT_type
	.byte	9                               @ Abbrev [9] 0xeb:0xe DW_TAG_variable
	.byte	2                               @ DW_AT_location
	.byte	145
	.byte	12
	.long	.Linfo_string69                 @ DW_AT_name
	.byte	2                               @ DW_AT_decl_file
	.byte	74                              @ DW_AT_decl_line
	.long	440                             @ DW_AT_type
	.byte	9                               @ Abbrev [9] 0xf9:0xe DW_TAG_variable
	.byte	2                               @ DW_AT_location
	.byte	145
	.byte	10
	.long	.Linfo_string70                 @ DW_AT_name
	.byte	2                               @ DW_AT_decl_file
	.byte	77                              @ DW_AT_decl_line
	.long	55                              @ DW_AT_type
	.byte	9                               @ Abbrev [9] 0x107:0xe DW_TAG_variable
	.byte	2                               @ DW_AT_location
	.byte	145
	.byte	4
	.long	.Linfo_string73                 @ DW_AT_name
	.byte	2                               @ DW_AT_decl_file
	.byte	130                             @ DW_AT_decl_line
	.long	853                             @ DW_AT_type
	.byte	9                               @ Abbrev [9] 0x115:0xe DW_TAG_variable
	.byte	2                               @ DW_AT_location
	.byte	145
	.byte	3
	.long	.Linfo_string74                 @ DW_AT_name
	.byte	2                               @ DW_AT_decl_file
	.byte	131                             @ DW_AT_decl_line
	.long	724                             @ DW_AT_type
	.byte	10                              @ Abbrev [10] 0x123:0x26 DW_TAG_lexical_block
	.long	.Ltmp17                         @ DW_AT_low_pc
	.long	.Ltmp39                         @ DW_AT_high_pc
	.byte	9                               @ Abbrev [9] 0x12c:0xe DW_TAG_variable
	.byte	2                               @ DW_AT_location
	.byte	145
	.byte	9
	.long	.Linfo_string71                 @ DW_AT_name
	.byte	2                               @ DW_AT_decl_file
	.byte	85                              @ DW_AT_decl_line
	.long	1189                            @ DW_AT_type
	.byte	9                               @ Abbrev [9] 0x13a:0xe DW_TAG_variable
	.byte	2                               @ DW_AT_location
	.byte	145
	.byte	8
	.long	.Linfo_string52                 @ DW_AT_name
	.byte	2                               @ DW_AT_decl_file
	.byte	86                              @ DW_AT_decl_line
	.long	1132                            @ DW_AT_type
	.byte	0                               @ End Of Children Mark
	.byte	0                               @ End Of Children Mark
	.byte	11                              @ Abbrev [11] 0x14a:0x30 DW_TAG_subprogram
	.long	.Lfunc_begin1                   @ DW_AT_low_pc
	.long	.Lfunc_end1                     @ DW_AT_high_pc
	.byte	1                               @ DW_AT_frame_base
	.byte	93
	.long	.Linfo_string66                 @ DW_AT_name
	.byte	2                               @ DW_AT_decl_file
	.byte	159                             @ DW_AT_decl_line
	.byte	1                               @ DW_AT_prototyped
	.byte	1                               @ DW_AT_external
	.byte	8                               @ Abbrev [8] 0x15d:0xe DW_TAG_formal_parameter
	.byte	2                               @ DW_AT_location
	.byte	145
	.byte	6
	.long	.Linfo_string75                 @ DW_AT_name
	.byte	2                               @ DW_AT_decl_file
	.byte	159                             @ DW_AT_decl_line
	.long	55                              @ DW_AT_type
	.byte	9                               @ Abbrev [9] 0x16b:0xe DW_TAG_variable
	.byte	2                               @ DW_AT_location
	.byte	145
	.byte	4
	.long	.Linfo_string70                 @ DW_AT_name
	.byte	2                               @ DW_AT_decl_file
	.byte	181                             @ DW_AT_decl_line
	.long	55                              @ DW_AT_type
	.byte	0                               @ End Of Children Mark
	.byte	11                              @ Abbrev [11] 0x17a:0x3e DW_TAG_subprogram
	.long	.Lfunc_begin2                   @ DW_AT_low_pc
	.long	.Lfunc_end2                     @ DW_AT_high_pc
	.byte	1                               @ DW_AT_frame_base
	.byte	93
	.long	.Linfo_string67                 @ DW_AT_name
	.byte	2                               @ DW_AT_decl_file
	.byte	194                             @ DW_AT_decl_line
	.byte	1                               @ DW_AT_prototyped
	.byte	1                               @ DW_AT_external
	.byte	8                               @ Abbrev [8] 0x18d:0xe DW_TAG_formal_parameter
	.byte	2                               @ DW_AT_location
	.byte	145
	.byte	12
	.long	.Linfo_string42                 @ DW_AT_name
	.byte	2                               @ DW_AT_decl_file
	.byte	194                             @ DW_AT_decl_line
	.long	751                             @ DW_AT_type
	.byte	9                               @ Abbrev [9] 0x19b:0xe DW_TAG_variable
	.byte	2                               @ DW_AT_location
	.byte	145
	.byte	8
	.long	.Linfo_string69                 @ DW_AT_name
	.byte	2                               @ DW_AT_decl_file
	.byte	197                             @ DW_AT_decl_line
	.long	440                             @ DW_AT_type
	.byte	9                               @ Abbrev [9] 0x1a9:0xe DW_TAG_variable
	.byte	2                               @ DW_AT_location
	.byte	145
	.byte	6
	.long	.Linfo_string70                 @ DW_AT_name
	.byte	2                               @ DW_AT_decl_file
	.byte	199                             @ DW_AT_decl_line
	.long	55                              @ DW_AT_type
	.byte	0                               @ End Of Children Mark
	.byte	12                              @ Abbrev [12] 0x1b8:0x5 DW_TAG_pointer_type
	.long	445                             @ DW_AT_type
	.byte	3                               @ Abbrev [3] 0x1bd:0xb DW_TAG_typedef
	.long	456                             @ DW_AT_type
	.long	.Linfo_string65                 @ DW_AT_name
	.byte	8                               @ DW_AT_decl_file
	.byte	38                              @ DW_AT_decl_line
	.byte	13                              @ Abbrev [13] 0x1c8:0x1d DW_TAG_structure_type
	.byte	40                              @ DW_AT_byte_size
	.byte	8                               @ DW_AT_decl_file
	.byte	31                              @ DW_AT_decl_line
	.byte	14                              @ Abbrev [14] 0x1cc:0xc DW_TAG_member
	.long	.Linfo_string18                 @ DW_AT_name
	.long	485                             @ DW_AT_type
	.byte	8                               @ DW_AT_decl_file
	.byte	32                              @ DW_AT_decl_line
	.byte	0                               @ DW_AT_data_member_location
	.byte	14                              @ Abbrev [14] 0x1d8:0xc DW_TAG_member
	.long	.Linfo_string62                 @ DW_AT_name
	.long	1171                            @ DW_AT_type
	.byte	8                               @ DW_AT_decl_file
	.byte	37                              @ DW_AT_decl_line
	.byte	36                              @ DW_AT_data_member_location
	.byte	0                               @ End Of Children Mark
	.byte	3                               @ Abbrev [3] 0x1e5:0xb DW_TAG_typedef
	.long	496                             @ DW_AT_type
	.long	.Linfo_string61                 @ DW_AT_name
	.byte	3                               @ DW_AT_decl_file
	.byte	129                             @ DW_AT_decl_line
	.byte	15                              @ Abbrev [15] 0x1f0:0x75 DW_TAG_structure_type
	.long	.Linfo_string60                 @ DW_AT_name
	.byte	36                              @ DW_AT_byte_size
	.byte	3                               @ DW_AT_decl_file
	.byte	99                              @ DW_AT_decl_line
	.byte	14                              @ Abbrev [14] 0x1f8:0xc DW_TAG_member
	.long	.Linfo_string19                 @ DW_AT_name
	.long	613                             @ DW_AT_type
	.byte	3                               @ DW_AT_decl_file
	.byte	101                             @ DW_AT_decl_line
	.byte	0                               @ DW_AT_data_member_location
	.byte	14                              @ Abbrev [14] 0x204:0xc DW_TAG_member
	.long	.Linfo_string42                 @ DW_AT_name
	.long	751                             @ DW_AT_type
	.byte	3                               @ DW_AT_decl_file
	.byte	104                             @ DW_AT_decl_line
	.byte	4                               @ DW_AT_data_member_location
	.byte	14                              @ Abbrev [14] 0x210:0xc DW_TAG_member
	.long	.Linfo_string43                 @ DW_AT_name
	.long	1018                            @ DW_AT_type
	.byte	3                               @ DW_AT_decl_file
	.byte	107                             @ DW_AT_decl_line
	.byte	8                               @ DW_AT_data_member_location
	.byte	14                              @ Abbrev [14] 0x21c:0xc DW_TAG_member
	.long	.Linfo_string52                 @ DW_AT_name
	.long	1132                            @ DW_AT_type
	.byte	3                               @ DW_AT_decl_file
	.byte	110                             @ DW_AT_decl_line
	.byte	12                              @ DW_AT_data_member_location
	.byte	14                              @ Abbrev [14] 0x228:0xc DW_TAG_member
	.long	.Linfo_string54                 @ DW_AT_name
	.long	762                             @ DW_AT_type
	.byte	3                               @ DW_AT_decl_file
	.byte	113                             @ DW_AT_decl_line
	.byte	16                              @ DW_AT_data_member_location
	.byte	14                              @ Abbrev [14] 0x234:0xc DW_TAG_member
	.long	.Linfo_string55                 @ DW_AT_name
	.long	1143                            @ DW_AT_type
	.byte	3                               @ DW_AT_decl_file
	.byte	117                             @ DW_AT_decl_line
	.byte	20                              @ DW_AT_data_member_location
	.byte	14                              @ Abbrev [14] 0x240:0xc DW_TAG_member
	.long	.Linfo_string56                 @ DW_AT_name
	.long	853                             @ DW_AT_type
	.byte	3                               @ DW_AT_decl_file
	.byte	121                             @ DW_AT_decl_line
	.byte	24                              @ DW_AT_data_member_location
	.byte	14                              @ Abbrev [14] 0x24c:0xc DW_TAG_member
	.long	.Linfo_string57                 @ DW_AT_name
	.long	1153                            @ DW_AT_type
	.byte	3                               @ DW_AT_decl_file
	.byte	125                             @ DW_AT_decl_line
	.byte	28                              @ DW_AT_data_member_location
	.byte	14                              @ Abbrev [14] 0x258:0xc DW_TAG_member
	.long	.Linfo_string59                 @ DW_AT_name
	.long	1170                            @ DW_AT_type
	.byte	3                               @ DW_AT_decl_file
	.byte	128                             @ DW_AT_decl_line
	.byte	32                              @ DW_AT_data_member_location
	.byte	0                               @ End Of Children Mark
	.byte	12                              @ Abbrev [12] 0x265:0x5 DW_TAG_pointer_type
	.long	618                             @ DW_AT_type
	.byte	3                               @ Abbrev [3] 0x26a:0xb DW_TAG_typedef
	.long	629                             @ DW_AT_type
	.long	.Linfo_string41                 @ DW_AT_name
	.byte	3                               @ DW_AT_decl_file
	.byte	96                              @ DW_AT_decl_line
	.byte	15                              @ Abbrev [15] 0x275:0x39 DW_TAG_structure_type
	.long	.Linfo_string40                 @ DW_AT_name
	.byte	16                              @ DW_AT_byte_size
	.byte	3                               @ DW_AT_decl_file
	.byte	87                              @ DW_AT_decl_line
	.byte	14                              @ Abbrev [14] 0x27d:0xc DW_TAG_member
	.long	.Linfo_string20                 @ DW_AT_name
	.long	686                             @ DW_AT_type
	.byte	3                               @ DW_AT_decl_file
	.byte	88                              @ DW_AT_decl_line
	.byte	0                               @ DW_AT_data_member_location
	.byte	14                              @ Abbrev [14] 0x289:0xc DW_TAG_member
	.long	.Linfo_string31                 @ DW_AT_name
	.long	864                             @ DW_AT_type
	.byte	3                               @ DW_AT_decl_file
	.byte	89                              @ DW_AT_decl_line
	.byte	4                               @ DW_AT_data_member_location
	.byte	14                              @ Abbrev [14] 0x295:0xc DW_TAG_member
	.long	.Linfo_string33                 @ DW_AT_name
	.long	902                             @ DW_AT_type
	.byte	3                               @ DW_AT_decl_file
	.byte	90                              @ DW_AT_decl_line
	.byte	8                               @ DW_AT_data_member_location
	.byte	14                              @ Abbrev [14] 0x2a1:0xc DW_TAG_member
	.long	.Linfo_string38                 @ DW_AT_name
	.long	989                             @ DW_AT_type
	.byte	3                               @ DW_AT_decl_file
	.byte	91                              @ DW_AT_decl_line
	.byte	12                              @ DW_AT_data_member_location
	.byte	0                               @ End Of Children Mark
	.byte	3                               @ Abbrev [3] 0x2ae:0xb DW_TAG_typedef
	.long	697                             @ DW_AT_type
	.long	.Linfo_string30                 @ DW_AT_name
	.byte	3                               @ DW_AT_decl_file
	.byte	56                              @ DW_AT_decl_line
	.byte	12                              @ Abbrev [12] 0x2b9:0x5 DW_TAG_pointer_type
	.long	702                             @ DW_AT_type
	.byte	16                              @ Abbrev [16] 0x2be:0x16 DW_TAG_subroutine_type
	.long	724                             @ DW_AT_type
	.byte	1                               @ DW_AT_prototyped
	.byte	17                              @ Abbrev [17] 0x2c4:0x5 DW_TAG_formal_parameter
	.long	746                             @ DW_AT_type
	.byte	17                              @ Abbrev [17] 0x2c9:0x5 DW_TAG_formal_parameter
	.long	751                             @ DW_AT_type
	.byte	17                              @ Abbrev [17] 0x2ce:0x5 DW_TAG_formal_parameter
	.long	757                             @ DW_AT_type
	.byte	0                               @ End Of Children Mark
	.byte	3                               @ Abbrev [3] 0x2d4:0xb DW_TAG_typedef
	.long	735                             @ DW_AT_type
	.long	.Linfo_string22                 @ DW_AT_name
	.byte	4                               @ DW_AT_decl_file
	.byte	50                              @ DW_AT_decl_line
	.byte	3                               @ Abbrev [3] 0x2df:0xb DW_TAG_typedef
	.long	106                             @ DW_AT_type
	.long	.Linfo_string21                 @ DW_AT_name
	.byte	1                               @ DW_AT_decl_file
	.byte	62                              @ DW_AT_decl_line
	.byte	12                              @ Abbrev [12] 0x2ea:0x5 DW_TAG_pointer_type
	.long	629                             @ DW_AT_type
	.byte	12                              @ Abbrev [12] 0x2ef:0x5 DW_TAG_pointer_type
	.long	756                             @ DW_AT_type
	.byte	18                              @ Abbrev [18] 0x2f4:0x1 DW_TAG_const_type
	.byte	12                              @ Abbrev [12] 0x2f5:0x5 DW_TAG_pointer_type
	.long	762                             @ DW_AT_type
	.byte	3                               @ Abbrev [3] 0x2fa:0xb DW_TAG_typedef
	.long	773                             @ DW_AT_type
	.long	.Linfo_string29                 @ DW_AT_name
	.byte	5                               @ DW_AT_decl_file
	.byte	133                             @ DW_AT_decl_line
	.byte	13                              @ Abbrev [13] 0x305:0x50 DW_TAG_structure_type
	.byte	4                               @ DW_AT_byte_size
	.byte	5                               @ DW_AT_decl_file
	.byte	123                             @ DW_AT_decl_line
	.byte	19                              @ Abbrev [19] 0x309:0xf DW_TAG_member
	.long	.Linfo_string23                 @ DW_AT_name
	.long	853                             @ DW_AT_type
	.byte	5                               @ DW_AT_decl_file
	.byte	125                             @ DW_AT_decl_line
	.byte	4                               @ DW_AT_byte_size
	.byte	5                               @ DW_AT_bit_size
	.byte	27                              @ DW_AT_bit_offset
	.byte	0                               @ DW_AT_data_member_location
	.byte	19                              @ Abbrev [19] 0x318:0xf DW_TAG_member
	.long	.Linfo_string25                 @ DW_AT_name
	.long	853                             @ DW_AT_type
	.byte	5                               @ DW_AT_decl_file
	.byte	126                             @ DW_AT_decl_line
	.byte	4                               @ DW_AT_byte_size
	.byte	3                               @ DW_AT_bit_size
	.byte	24                              @ DW_AT_bit_offset
	.byte	0                               @ DW_AT_data_member_location
	.byte	19                              @ Abbrev [19] 0x327:0xf DW_TAG_member
	.long	.Linfo_string26                 @ DW_AT_name
	.long	853                             @ DW_AT_type
	.byte	5                               @ DW_AT_decl_file
	.byte	129                             @ DW_AT_decl_line
	.byte	4                               @ DW_AT_byte_size
	.byte	2                               @ DW_AT_bit_size
	.byte	22                              @ DW_AT_bit_offset
	.byte	0                               @ DW_AT_data_member_location
	.byte	19                              @ Abbrev [19] 0x336:0xf DW_TAG_member
	.long	.Linfo_string27                 @ DW_AT_name
	.long	853                             @ DW_AT_type
	.byte	5                               @ DW_AT_decl_file
	.byte	131                             @ DW_AT_decl_line
	.byte	4                               @ DW_AT_byte_size
	.byte	11                              @ DW_AT_bit_size
	.byte	11                              @ DW_AT_bit_offset
	.byte	0                               @ DW_AT_data_member_location
	.byte	19                              @ Abbrev [19] 0x345:0xf DW_TAG_member
	.long	.Linfo_string28                 @ DW_AT_name
	.long	853                             @ DW_AT_type
	.byte	5                               @ DW_AT_decl_file
	.byte	132                             @ DW_AT_decl_line
	.byte	4                               @ DW_AT_byte_size
	.byte	11                              @ DW_AT_bit_size
	.byte	0                               @ DW_AT_bit_offset
	.byte	0                               @ DW_AT_data_member_location
	.byte	0                               @ End Of Children Mark
	.byte	3                               @ Abbrev [3] 0x355:0xb DW_TAG_typedef
	.long	163                             @ DW_AT_type
	.long	.Linfo_string24                 @ DW_AT_name
	.byte	1                               @ DW_AT_decl_file
	.byte	64                              @ DW_AT_decl_line
	.byte	3                               @ Abbrev [3] 0x360:0xb DW_TAG_typedef
	.long	875                             @ DW_AT_type
	.long	.Linfo_string32                 @ DW_AT_name
	.byte	3                               @ DW_AT_decl_file
	.byte	64                              @ DW_AT_decl_line
	.byte	12                              @ Abbrev [12] 0x36b:0x5 DW_TAG_pointer_type
	.long	880                             @ DW_AT_type
	.byte	16                              @ Abbrev [16] 0x370:0x11 DW_TAG_subroutine_type
	.long	724                             @ DW_AT_type
	.byte	1                               @ DW_AT_prototyped
	.byte	17                              @ Abbrev [17] 0x376:0x5 DW_TAG_formal_parameter
	.long	746                             @ DW_AT_type
	.byte	17                              @ Abbrev [17] 0x37b:0x5 DW_TAG_formal_parameter
	.long	897                             @ DW_AT_type
	.byte	0                               @ End Of Children Mark
	.byte	12                              @ Abbrev [12] 0x381:0x5 DW_TAG_pointer_type
	.long	496                             @ DW_AT_type
	.byte	3                               @ Abbrev [3] 0x386:0xb DW_TAG_typedef
	.long	913                             @ DW_AT_type
	.long	.Linfo_string37                 @ DW_AT_name
	.byte	3                               @ DW_AT_decl_file
	.byte	77                              @ DW_AT_decl_line
	.byte	12                              @ Abbrev [12] 0x391:0x5 DW_TAG_pointer_type
	.long	918                             @ DW_AT_type
	.byte	16                              @ Abbrev [16] 0x396:0x25 DW_TAG_subroutine_type
	.long	724                             @ DW_AT_type
	.byte	1                               @ DW_AT_prototyped
	.byte	17                              @ Abbrev [17] 0x39c:0x5 DW_TAG_formal_parameter
	.long	746                             @ DW_AT_type
	.byte	17                              @ Abbrev [17] 0x3a1:0x5 DW_TAG_formal_parameter
	.long	897                             @ DW_AT_type
	.byte	17                              @ Abbrev [17] 0x3a6:0x5 DW_TAG_formal_parameter
	.long	955                             @ DW_AT_type
	.byte	17                              @ Abbrev [17] 0x3ab:0x5 DW_TAG_formal_parameter
	.long	955                             @ DW_AT_type
	.byte	17                              @ Abbrev [17] 0x3b0:0x5 DW_TAG_formal_parameter
	.long	955                             @ DW_AT_type
	.byte	17                              @ Abbrev [17] 0x3b5:0x5 DW_TAG_formal_parameter
	.long	984                             @ DW_AT_type
	.byte	0                               @ End Of Children Mark
	.byte	3                               @ Abbrev [3] 0x3bb:0xb DW_TAG_typedef
	.long	966                             @ DW_AT_type
	.long	.Linfo_string36                 @ DW_AT_name
	.byte	6                               @ DW_AT_decl_file
	.byte	70                              @ DW_AT_decl_line
	.byte	3                               @ Abbrev [3] 0x3c6:0xb DW_TAG_typedef
	.long	977                             @ DW_AT_type
	.long	.Linfo_string35                 @ DW_AT_name
	.byte	1                               @ DW_AT_decl_file
	.byte	57                              @ DW_AT_decl_line
	.byte	4                               @ Abbrev [4] 0x3d1:0x7 DW_TAG_base_type
	.long	.Linfo_string34                 @ DW_AT_name
	.byte	5                               @ DW_AT_encoding
	.byte	2                               @ DW_AT_byte_size
	.byte	12                              @ Abbrev [12] 0x3d8:0x5 DW_TAG_pointer_type
	.long	735                             @ DW_AT_type
	.byte	3                               @ Abbrev [3] 0x3dd:0xb DW_TAG_typedef
	.long	1000                            @ DW_AT_type
	.long	.Linfo_string39                 @ DW_AT_name
	.byte	3                               @ DW_AT_decl_file
	.byte	85                              @ DW_AT_decl_line
	.byte	12                              @ Abbrev [12] 0x3e8:0x5 DW_TAG_pointer_type
	.long	1005                            @ DW_AT_type
	.byte	20                              @ Abbrev [20] 0x3ed:0xd DW_TAG_subroutine_type
	.byte	1                               @ DW_AT_prototyped
	.byte	17                              @ Abbrev [17] 0x3ef:0x5 DW_TAG_formal_parameter
	.long	746                             @ DW_AT_type
	.byte	17                              @ Abbrev [17] 0x3f4:0x5 DW_TAG_formal_parameter
	.long	897                             @ DW_AT_type
	.byte	0                               @ End Of Children Mark
	.byte	21                              @ Abbrev [21] 0x3fa:0xc DW_TAG_typedef
	.long	1030                            @ DW_AT_type
	.long	.Linfo_string51                 @ DW_AT_name
	.byte	7                               @ DW_AT_decl_file
	.short	270                             @ DW_AT_decl_line
	.byte	21                              @ Abbrev [21] 0x406:0xc DW_TAG_typedef
	.long	1042                            @ DW_AT_type
	.long	.Linfo_string50                 @ DW_AT_name
	.byte	7                               @ DW_AT_decl_file
	.short	267                             @ DW_AT_decl_line
	.byte	22                              @ Abbrev [22] 0x412:0x5a DW_TAG_union_type
	.byte	4                               @ DW_AT_byte_size
	.byte	7                               @ DW_AT_decl_file
	.short	259                             @ DW_AT_decl_line
	.byte	23                              @ Abbrev [23] 0x417:0xd DW_TAG_member
	.long	.Linfo_string44                 @ DW_AT_name
	.long	1060                            @ DW_AT_type
	.byte	7                               @ DW_AT_decl_file
	.short	265                             @ DW_AT_decl_line
	.byte	0                               @ DW_AT_data_member_location
	.byte	24                              @ Abbrev [24] 0x424:0x3a DW_TAG_structure_type
	.byte	4                               @ DW_AT_byte_size
	.byte	7                               @ DW_AT_decl_file
	.short	260                             @ DW_AT_decl_line
	.byte	23                              @ Abbrev [23] 0x429:0xd DW_TAG_member
	.long	.Linfo_string45                 @ DW_AT_name
	.long	735                             @ DW_AT_type
	.byte	7                               @ DW_AT_decl_file
	.short	261                             @ DW_AT_decl_line
	.byte	0                               @ DW_AT_data_member_location
	.byte	23                              @ Abbrev [23] 0x436:0xd DW_TAG_member
	.long	.Linfo_string46                 @ DW_AT_name
	.long	735                             @ DW_AT_type
	.byte	7                               @ DW_AT_decl_file
	.short	262                             @ DW_AT_decl_line
	.byte	1                               @ DW_AT_data_member_location
	.byte	23                              @ Abbrev [23] 0x443:0xd DW_TAG_member
	.long	.Linfo_string47                 @ DW_AT_name
	.long	735                             @ DW_AT_type
	.byte	7                               @ DW_AT_decl_file
	.short	263                             @ DW_AT_decl_line
	.byte	2                               @ DW_AT_data_member_location
	.byte	23                              @ Abbrev [23] 0x450:0xd DW_TAG_member
	.long	.Linfo_string48                 @ DW_AT_name
	.long	735                             @ DW_AT_type
	.byte	7                               @ DW_AT_decl_file
	.short	264                             @ DW_AT_decl_line
	.byte	3                               @ DW_AT_data_member_location
	.byte	0                               @ End Of Children Mark
	.byte	23                              @ Abbrev [23] 0x45e:0xd DW_TAG_member
	.long	.Linfo_string49                 @ DW_AT_name
	.long	853                             @ DW_AT_type
	.byte	7                               @ DW_AT_decl_file
	.short	266                             @ DW_AT_decl_line
	.byte	0                               @ DW_AT_data_member_location
	.byte	0                               @ End Of Children Mark
	.byte	3                               @ Abbrev [3] 0x46c:0xb DW_TAG_typedef
	.long	735                             @ DW_AT_type
	.long	.Linfo_string53                 @ DW_AT_name
	.byte	3                               @ DW_AT_decl_file
	.byte	42                              @ DW_AT_decl_line
	.byte	12                              @ Abbrev [12] 0x477:0x5 DW_TAG_pointer_type
	.long	1148                            @ DW_AT_type
	.byte	25                              @ Abbrev [25] 0x47c:0x5 DW_TAG_const_type
	.long	735                             @ DW_AT_type
	.byte	12                              @ Abbrev [12] 0x481:0x5 DW_TAG_pointer_type
	.long	1158                            @ DW_AT_type
	.byte	25                              @ Abbrev [25] 0x486:0x5 DW_TAG_const_type
	.long	1163                            @ DW_AT_type
	.byte	4                               @ Abbrev [4] 0x48b:0x7 DW_TAG_base_type
	.long	.Linfo_string58                 @ DW_AT_name
	.byte	6                               @ DW_AT_encoding
	.byte	1                               @ DW_AT_byte_size
	.byte	26                              @ Abbrev [26] 0x492:0x1 DW_TAG_pointer_type
	.byte	3                               @ Abbrev [3] 0x493:0xb DW_TAG_typedef
	.long	1182                            @ DW_AT_type
	.long	.Linfo_string64                 @ DW_AT_name
	.byte	1                               @ DW_AT_decl_file
	.byte	58                              @ DW_AT_decl_line
	.byte	4                               @ Abbrev [4] 0x49e:0x7 DW_TAG_base_type
	.long	.Linfo_string63                 @ DW_AT_name
	.byte	5                               @ DW_AT_encoding
	.byte	4                               @ DW_AT_byte_size
	.byte	4                               @ Abbrev [4] 0x4a5:0x7 DW_TAG_base_type
	.long	.Linfo_string72                 @ DW_AT_name
	.byte	2                               @ DW_AT_encoding
	.byte	1                               @ DW_AT_byte_size
	.byte	0                               @ End Of Children Mark
.Ldebug_info_end0:
	.section	.debug_ranges,"",%progbits
.Ldebug_ranges0:
	.long	.Lfunc_begin0
	.long	.Lfunc_end0
	.long	.Lfunc_begin1
	.long	.Lfunc_end1
	.long	.Lfunc_begin2
	.long	.Lfunc_end2
	.long	0
	.long	0
	.section	.debug_str,"MS",%progbits,1
.Linfo_string0:
	.asciz	"Component: ARM Compiler 6.16 Tool: armclang [5dfeb700]" @ string offset=0
.Linfo_string1:
	.asciz	"lvgl/src/lv_draw\\lv_img_cache.c" @ string offset=55
.Linfo_string2:
	.asciz	"E:\\STM32\\Learning\\STM32H750_ART_PI_RGBLCD" @ string offset=87
.Linfo_string3:
	.asciz	"entry_cnt"                     @ string offset=129
.Linfo_string4:
	.asciz	"unsigned short"                @ string offset=139
.Linfo_string5:
	.asciz	"uint16_t"                      @ string offset=154
.Linfo_string6:
	.asciz	"unsigned char"                 @ string offset=163
.Linfo_string7:
	.asciz	"LV_IMG_SRC_VARIABLE"           @ string offset=177
.Linfo_string8:
	.asciz	"LV_IMG_SRC_FILE"               @ string offset=197
.Linfo_string9:
	.asciz	"LV_IMG_SRC_SYMBOL"             @ string offset=213
.Linfo_string10:
	.asciz	"LV_IMG_SRC_UNKNOWN"            @ string offset=231
.Linfo_string11:
	.asciz	"LV_RES_INV"                    @ string offset=250
.Linfo_string12:
	.asciz	"LV_RES_OK"                     @ string offset=261
.Linfo_string13:
	.asciz	"long long unsigned int"        @ string offset=271
.Linfo_string14:
	.asciz	"uint64_t"                      @ string offset=294
.Linfo_string15:
	.asciz	"unsigned int"                  @ string offset=303
.Linfo_string16:
	.asciz	"uintptr_t"                     @ string offset=316
.Linfo_string17:
	.asciz	"_lv_img_cache_open"            @ string offset=326
.Linfo_string18:
	.asciz	"dec_dsc"                       @ string offset=345
.Linfo_string19:
	.asciz	"decoder"                       @ string offset=353
.Linfo_string20:
	.asciz	"info_cb"                       @ string offset=361
.Linfo_string21:
	.asciz	"uint8_t"                       @ string offset=369
.Linfo_string22:
	.asciz	"lv_res_t"                      @ string offset=377
.Linfo_string23:
	.asciz	"cf"                            @ string offset=386
.Linfo_string24:
	.asciz	"uint32_t"                      @ string offset=389
.Linfo_string25:
	.asciz	"always_zero"                   @ string offset=398
.Linfo_string26:
	.asciz	"reserved"                      @ string offset=410
.Linfo_string27:
	.asciz	"w"                             @ string offset=419
.Linfo_string28:
	.asciz	"h"                             @ string offset=421
.Linfo_string29:
	.asciz	"lv_img_header_t"               @ string offset=423
.Linfo_string30:
	.asciz	"lv_img_decoder_info_f_t"       @ string offset=439
.Linfo_string31:
	.asciz	"open_cb"                       @ string offset=463
.Linfo_string32:
	.asciz	"lv_img_decoder_open_f_t"       @ string offset=471
.Linfo_string33:
	.asciz	"read_line_cb"                  @ string offset=495
.Linfo_string34:
	.asciz	"short"                         @ string offset=508
.Linfo_string35:
	.asciz	"int16_t"                       @ string offset=514
.Linfo_string36:
	.asciz	"lv_coord_t"                    @ string offset=522
.Linfo_string37:
	.asciz	"lv_img_decoder_read_line_f_t"  @ string offset=533
.Linfo_string38:
	.asciz	"close_cb"                      @ string offset=562
.Linfo_string39:
	.asciz	"lv_img_decoder_close_f_t"      @ string offset=571
.Linfo_string40:
	.asciz	"_lv_img_decoder"               @ string offset=596
.Linfo_string41:
	.asciz	"lv_img_decoder_t"              @ string offset=612
.Linfo_string42:
	.asciz	"src"                           @ string offset=629
.Linfo_string43:
	.asciz	"color"                         @ string offset=633
.Linfo_string44:
	.asciz	"ch"                            @ string offset=639
.Linfo_string45:
	.asciz	"blue"                          @ string offset=642
.Linfo_string46:
	.asciz	"green"                         @ string offset=647
.Linfo_string47:
	.asciz	"red"                           @ string offset=653
.Linfo_string48:
	.asciz	"alpha"                         @ string offset=657
.Linfo_string49:
	.asciz	"full"                          @ string offset=663
.Linfo_string50:
	.asciz	"lv_color32_t"                  @ string offset=668
.Linfo_string51:
	.asciz	"lv_color_t"                    @ string offset=681
.Linfo_string52:
	.asciz	"src_type"                      @ string offset=692
.Linfo_string53:
	.asciz	"lv_img_src_t"                  @ string offset=701
.Linfo_string54:
	.asciz	"header"                        @ string offset=714
.Linfo_string55:
	.asciz	"img_data"                      @ string offset=721
.Linfo_string56:
	.asciz	"time_to_open"                  @ string offset=730
.Linfo_string57:
	.asciz	"error_msg"                     @ string offset=743
.Linfo_string58:
	.asciz	"char"                          @ string offset=753
.Linfo_string59:
	.asciz	"user_data"                     @ string offset=758
.Linfo_string60:
	.asciz	"_lv_img_decoder_dsc"           @ string offset=768
.Linfo_string61:
	.asciz	"lv_img_decoder_dsc_t"          @ string offset=788
.Linfo_string62:
	.asciz	"life"                          @ string offset=809
.Linfo_string63:
	.asciz	"int"                           @ string offset=814
.Linfo_string64:
	.asciz	"int32_t"                       @ string offset=818
.Linfo_string65:
	.asciz	"lv_img_cache_entry_t"          @ string offset=826
.Linfo_string66:
	.asciz	"lv_img_cache_set_size"         @ string offset=847
.Linfo_string67:
	.asciz	"lv_img_cache_invalidate_src"   @ string offset=869
.Linfo_string68:
	.asciz	"cached_src"                    @ string offset=897
.Linfo_string69:
	.asciz	"cache"                         @ string offset=908
.Linfo_string70:
	.asciz	"i"                             @ string offset=914
.Linfo_string71:
	.asciz	"match"                         @ string offset=916
.Linfo_string72:
	.asciz	"_Bool"                         @ string offset=922
.Linfo_string73:
	.asciz	"t_start"                       @ string offset=928
.Linfo_string74:
	.asciz	"open_res"                      @ string offset=936
.Linfo_string75:
	.asciz	"new_entry_cnt"                 @ string offset=945
	.ident	"Component: ARM Compiler 6.16 Tool: armclang [5dfeb700]"
	.section	".note.GNU-stack","",%progbits
	.eabi_attribute	30, 6	@ Tag_ABI_optimization_goals
	.ARM_attribute	16, 1	@ Tag_AV_eba
	.section	.debug_line,"",%progbits
.Lline_table_start0:
