	.text
	.syntax unified
	.eabi_attribute	67, "2.09"	@ Tag_conformance
	.cpu	cortex-m7
	.eabi_attribute	6, 13	@ Tag_CPU_arch
	.eabi_attribute	7, 77	@ Tag_CPU_arch_profile
	.eabi_attribute	8, 0	@ Tag_ARM_ISA_use
	.eabi_attribute	9, 2	@ Tag_THUMB_ISA_use
	.fpu	fpv5-d16
	.eabi_attribute	36, 1	@ Tag_FP_HP_extension
	.eabi_attribute	34, 1	@ Tag_CPU_unaligned_access
	.eabi_attribute	17, 1	@ Tag_ABI_PCS_GOT_use
	.eabi_attribute	20, 2	@ Tag_ABI_FP_denormal
	.eabi_attribute	21, 0	@ Tag_ABI_FP_exceptions
	.eabi_attribute	23, 1	@ Tag_ABI_FP_number_model
	.eabi_attribute	24, 1	@ Tag_ABI_align_needed
	.eabi_attribute	25, 1	@ Tag_ABI_align_preserved
	.eabi_attribute	28, 1	@ Tag_ABI_VFP_args
	.eabi_attribute	38, 1	@ Tag_ABI_FP_16bit_format
	.eabi_attribute	18, 2	@ Tag_ABI_PCS_wchar_t
	.eabi_attribute	26, 1	@ Tag_ABI_enum_size
	.eabi_attribute	14, 0	@ Tag_ABI_PCS_R9_use
	.file	"lv_math.c"
	.file	1 "D:\\Keil_v5\\ARM\\ARMCLANG\\Bin\\..\\include" "stdint.h"
	.file	2 "E:\\Smart-access-control\\Hardware\\CODE" "lvgl/src/lv_misc/lv_math.c"
	.section	.text._lv_trigo_sin,"ax",%progbits
	.hidden	_lv_trigo_sin                   @ -- Begin function _lv_trigo_sin
	.globl	_lv_trigo_sin
	.p2align	3
	.type	_lv_trigo_sin,%function
	.code	16                              @ @_lv_trigo_sin
	.thumb_func
_lv_trigo_sin:
.Lfunc_begin0:
	.loc	2 52 0                          @ lvgl/src/lv_misc/lv_math.c:52:0
	.fnstart
	.cfi_sections .debug_frame
	.cfi_startproc
@ %bb.0:
	@DEBUG_VALUE: _lv_trigo_sin:angle <- $r0
	movw	r1, #24759
	movt	r1, #46603
.Ltmp0:
	@DEBUG_VALUE: _lv_trigo_sin:ret <- 0
	@DEBUG_VALUE: _lv_trigo_sin:angle <- $r0
	.loc	2 54 25 prologue_end            @ lvgl/src/lv_misc/lv_math.c:54:25
	smmla	r1, r1, r0, r0
	asrs	r2, r1, #8
	add.w	r1, r2, r1, lsr #31
	mov.w	r2, #360
	mls	r0, r1, r2, r0
.Ltmp1:
	@DEBUG_VALUE: _lv_trigo_sin:angle <- [DW_OP_LLVM_entry_value 1] $r0
	@DEBUG_VALUE: _lv_trigo_sin:angle <- [DW_OP_LLVM_convert 32 7, DW_OP_LLVM_convert 16 7, DW_OP_stack_value] $r0
	.loc	2 56 8                          @ lvgl/src/lv_misc/lv_math.c:56:8
	cmp	r0, #0
	it	mi
	addmi.w	r0, r0, #360
.Ltmp2:
	@DEBUG_VALUE: _lv_trigo_sin:angle <- [DW_OP_LLVM_convert 32 7, DW_OP_LLVM_convert 16 7, DW_OP_stack_value] $r0
	.loc	2 58 8                          @ lvgl/src/lv_misc/lv_math.c:58:8
	cmp	r0, #89
	ble	.LBB0_3
.Ltmp3:
@ %bb.1:
	@DEBUG_VALUE: _lv_trigo_sin:angle <- [DW_OP_LLVM_convert 32 7, DW_OP_LLVM_convert 16 7, DW_OP_stack_value] $r0
	@DEBUG_VALUE: _lv_trigo_sin:ret <- 0
	.loc	2 61 13                         @ lvgl/src/lv_misc/lv_math.c:61:13
	cmp	r0, #179
	bgt	.LBB0_4
.Ltmp4:
@ %bb.2:
	@DEBUG_VALUE: _lv_trigo_sin:angle <- [DW_OP_LLVM_convert 32 7, DW_OP_LLVM_convert 16 7, DW_OP_stack_value] $r0
	@DEBUG_VALUE: _lv_trigo_sin:ret <- 0
	.loc	2 62 17                         @ lvgl/src/lv_misc/lv_math.c:62:17
	rsb.w	r0, r0, #180
.Ltmp5:
	.loc	2 0 17 is_stmt 0                @ lvgl/src/lv_misc/lv_math.c:0:17
	uxth	r0, r0
.Ltmp6:
	@DEBUG_VALUE: _lv_trigo_sin:angle <- undef
.LBB0_3:
	@DEBUG_VALUE: _lv_trigo_sin:ret <- 0
	movw	r1, :lower16:sin0_90_table
	movt	r1, :upper16:sin0_90_table
	ldrh.w	r0, [r1, r0, lsl #1]
.Ltmp7:
	@DEBUG_VALUE: _lv_trigo_sin:ret <- undef
	@DEBUG_VALUE: _lv_trigo_sin:ret <- $r0
	.loc	2 74 5 is_stmt 1                @ lvgl/src/lv_misc/lv_math.c:74:5
	sxth	r0, r0
.Ltmp8:
	bx	lr
.LBB0_4:
.Ltmp9:
	@DEBUG_VALUE: _lv_trigo_sin:angle <- [DW_OP_LLVM_convert 32 7, DW_OP_LLVM_convert 16 7, DW_OP_stack_value] $r0
	@DEBUG_VALUE: _lv_trigo_sin:ret <- 0
	.loc	2 65 13                         @ lvgl/src/lv_misc/lv_math.c:65:13
	cmp.w	r0, #270
	bge	.LBB0_6
.Ltmp10:
@ %bb.5:
	@DEBUG_VALUE: _lv_trigo_sin:angle <- [DW_OP_LLVM_convert 32 7, DW_OP_LLVM_convert 16 7, DW_OP_stack_value] $r0
	@DEBUG_VALUE: _lv_trigo_sin:ret <- 0
	.loc	2 0 13 is_stmt 0                @ lvgl/src/lv_misc/lv_math.c:0:13
	movw	r1, #65356
.Ltmp11:
	.loc	2 66 17 is_stmt 1               @ lvgl/src/lv_misc/lv_math.c:66:17
	add	r0, r1
.Ltmp12:
	.loc	2 0 17 is_stmt 0                @ lvgl/src/lv_misc/lv_math.c:0:17
	b	.LBB0_7
.Ltmp13:
.LBB0_6:
	@DEBUG_VALUE: _lv_trigo_sin:angle <- [DW_OP_LLVM_convert 32 7, DW_OP_LLVM_convert 16 7, DW_OP_stack_value] $r0
	@DEBUG_VALUE: _lv_trigo_sin:ret <- 0
	.loc	2 70 17 is_stmt 1               @ lvgl/src/lv_misc/lv_math.c:70:17
	rsb.w	r0, r0, #360
.Ltmp14:
.LBB0_7:
	@DEBUG_VALUE: _lv_trigo_sin:ret <- 0
	.loc	2 0 17 is_stmt 0                @ lvgl/src/lv_misc/lv_math.c:0:17
	uxth	r0, r0
.Ltmp15:
	@DEBUG_VALUE: _lv_trigo_sin:angle <- undef
	movw	r1, :lower16:sin0_90_table
	movt	r1, :upper16:sin0_90_table
	ldrh.w	r0, [r1, r0, lsl #1]
	rsbs	r0, r0, #0
.Ltmp16:
	@DEBUG_VALUE: _lv_trigo_sin:ret <- $r0
	@DEBUG_VALUE: _lv_trigo_sin:ret <- $r0
	.loc	2 74 5 is_stmt 1                @ lvgl/src/lv_misc/lv_math.c:74:5
	sxth	r0, r0
.Ltmp17:
	bx	lr
.Ltmp18:
.Lfunc_end0:
	.size	_lv_trigo_sin, .Lfunc_end0-_lv_trigo_sin
	.cfi_endproc
	.cantunwind
	.fnend
                                        @ -- End function
	.section	.text._lv_bezier3,"ax",%progbits
	.hidden	_lv_bezier3                     @ -- Begin function _lv_bezier3
	.globl	_lv_bezier3
	.p2align	3
	.type	_lv_bezier3,%function
	.code	16                              @ @_lv_bezier3
	.thumb_func
_lv_bezier3:
.Lfunc_begin1:
	.loc	2 87 0                          @ lvgl/src/lv_misc/lv_math.c:87:0
	.fnstart
	.cfi_startproc
@ %bb.0:
	@DEBUG_VALUE: _lv_bezier3:t <- $r0
	@DEBUG_VALUE: _lv_bezier3:t <- $r0
	@DEBUG_VALUE: _lv_bezier3:u0 <- $r1
	@DEBUG_VALUE: _lv_bezier3:u1 <- $r2
	@DEBUG_VALUE: _lv_bezier3:u2 <- $r3
	.save	{r4, r5, r6, lr}
	push	{r4, r5, r6, lr}
	.cfi_def_cfa_offset 16
	.cfi_offset lr, -4
	.cfi_offset r6, -8
	.cfi_offset r5, -12
	.cfi_offset r4, -16
.Ltmp19:
	@DEBUG_VALUE: _lv_bezier3:u3 <- [DW_OP_plus_uconst 16] [$sp+0]
	.loc	2 91 26 prologue_end            @ lvgl/src/lv_misc/lv_math.c:91:26
	mul	r5, r0, r0
	.loc	2 88 28                         @ lvgl/src/lv_misc/lv_math.c:88:28
	rsb.w	r12, r0, #1024
.Ltmp20:
	@DEBUG_VALUE: _lv_bezier3:t_rem <- $r12
	.loc	2 89 30                         @ lvgl/src/lv_misc/lv_math.c:89:30
	mul	lr, r12, r12
	.loc	2 91 31                         @ lvgl/src/lv_misc/lv_math.c:91:31
	lsrs	r5, r5, #10
.Ltmp21:
	@DEBUG_VALUE: _lv_bezier3:t2 <- $r5
	.loc	2 92 27                         @ lvgl/src/lv_misc/lv_math.c:92:27
	mul	r6, r5, r0
	@DEBUG_VALUE: _lv_bezier3:u1 <- $r2
	.loc	2 89 39                         @ lvgl/src/lv_misc/lv_math.c:89:39
	lsr.w	r4, lr, #10
.Ltmp22:
	@DEBUG_VALUE: _lv_bezier3:t_rem2 <- $r4
	.loc	2 95 22                         @ lvgl/src/lv_misc/lv_math.c:95:22
	muls	r0, r2, r0
.Ltmp23:
	@DEBUG_VALUE: _lv_bezier3:t <- [DW_OP_LLVM_entry_value 1] $r0
	@DEBUG_VALUE: _lv_bezier3:u2 <- $r3
	.loc	2 96 22                         @ lvgl/src/lv_misc/lv_math.c:96:22
	mul	r2, r12, r5
.Ltmp24:
	@DEBUG_VALUE: _lv_bezier3:u1 <- [DW_OP_LLVM_entry_value 1] $r2
	.loc	2 0 22 is_stmt 0                @ lvgl/src/lv_misc/lv_math.c:0:22
	ldr	r5, [sp, #16]
.Ltmp25:
	.loc	2 90 31 is_stmt 1               @ lvgl/src/lv_misc/lv_math.c:90:31
	mul	lr, r4, r12
	.loc	2 96 30                         @ lvgl/src/lv_misc/lv_math.c:96:30
	muls	r2, r3, r2
	.loc	2 92 32                         @ lvgl/src/lv_misc/lv_math.c:92:32
	lsrs	r3, r6, #10
.Ltmp26:
	@DEBUG_VALUE: _lv_bezier3:u2 <- [DW_OP_LLVM_entry_value 1] $r3
	@DEBUG_VALUE: _lv_bezier3:t3 <- $r3
	.loc	2 95 31                         @ lvgl/src/lv_misc/lv_math.c:95:31
	muls	r0, r4, r0
	.loc	2 90 40                         @ lvgl/src/lv_misc/lv_math.c:90:40
	lsr.w	r4, lr, #10
.Ltmp27:
	@DEBUG_VALUE: _lv_bezier3:t_rem3 <- $r4
	.loc	2 97 23                         @ lvgl/src/lv_misc/lv_math.c:97:23
	muls	r3, r5, r3
.Ltmp28:
	@DEBUG_VALUE: _lv_bezier3:u0 <- $r1
	.loc	2 96 35                         @ lvgl/src/lv_misc/lv_math.c:96:35
	add.w	r2, r2, r2, lsl #1
.Ltmp29:
	@DEBUG_VALUE: _lv_bezier3:v3 <- undef
	.loc	2 94 27                         @ lvgl/src/lv_misc/lv_math.c:94:27
	muls	r1, r4, r1
.Ltmp30:
	@DEBUG_VALUE: _lv_bezier3:u0 <- [DW_OP_LLVM_entry_value 1] $r1
	@DEBUG_VALUE: _lv_bezier3:v1 <- undef
	.loc	2 95 35                         @ lvgl/src/lv_misc/lv_math.c:95:35
	add.w	r0, r0, r0, lsl #1
.Ltmp31:
	@DEBUG_VALUE: _lv_bezier3:v2 <- undef
	.loc	2 97 29                         @ lvgl/src/lv_misc/lv_math.c:97:29
	lsrs	r3, r3, #10
.Ltmp32:
	@DEBUG_VALUE: _lv_bezier3:v4 <- $r3
	.loc	2 99 15                         @ lvgl/src/lv_misc/lv_math.c:99:15
	add.w	r2, r3, r2, lsr #20
	.loc	2 99 20 is_stmt 0               @ lvgl/src/lv_misc/lv_math.c:99:20
	add.w	r0, r2, r0, lsr #20
	.loc	2 99 25                         @ lvgl/src/lv_misc/lv_math.c:99:25
	add.w	r0, r0, r1, lsr #10
	.loc	2 99 5                          @ lvgl/src/lv_misc/lv_math.c:99:5
	pop	{r4, r5, r6, pc}
.Ltmp33:
.Lfunc_end1:
	.size	_lv_bezier3, .Lfunc_end1-_lv_bezier3
	.cfi_endproc
	.cantunwind
	.fnend
                                        @ -- End function
	.section	.text._lv_sqrt,"ax",%progbits
	.hidden	_lv_sqrt                        @ -- Begin function _lv_sqrt
	.globl	_lv_sqrt
	.p2align	3
	.type	_lv_sqrt,%function
	.code	16                              @ @_lv_sqrt
	.thumb_func
_lv_sqrt:
.Lfunc_begin2:
	.loc	2 113 0 is_stmt 1               @ lvgl/src/lv_misc/lv_math.c:113:0
	.fnstart
	.cfi_startproc
@ %bb.0:
	@DEBUG_VALUE: _lv_sqrt:x <- $r0
	@DEBUG_VALUE: _lv_sqrt:x <- $r0
	@DEBUG_VALUE: _lv_sqrt:q <- $r1
	@DEBUG_VALUE: _lv_sqrt:q <- $r1
	@DEBUG_VALUE: _lv_sqrt:mask <- $r2
	@DEBUG_VALUE: _lv_sqrt:mask <- $r2
	.save	{r4, lr}
	push	{r4, lr}
	.cfi_def_cfa_offset 8
	.cfi_offset lr, -4
	.cfi_offset r4, -8
.Ltmp34:
	.loc	2 114 11 prologue_end           @ lvgl/src/lv_misc/lv_math.c:114:11
	lsl.w	lr, r0, #8
.Ltmp35:
	@DEBUG_VALUE: _lv_sqrt:x <- $lr
	.loc	2 0 11 is_stmt 0                @ lvgl/src/lv_misc/lv_math.c:0:11
	mov.w	r12, #0
.Ltmp36:
	@DEBUG_VALUE: _lv_sqrt:root <- 0
	movs	r3, #0
.Ltmp37:
	.p2align	2
.LBB2_1:                                @ =>This Inner Loop Header: Depth=1
	@DEBUG_VALUE: _lv_sqrt:mask <- $r2
	@DEBUG_VALUE: _lv_sqrt:q <- $r1
	@DEBUG_VALUE: _lv_sqrt:x <- $lr
	@DEBUG_VALUE: _lv_sqrt:mask <- $r2
	@DEBUG_VALUE: _lv_sqrt:root <- $r3
	.loc	2 120 22 is_stmt 1              @ lvgl/src/lv_misc/lv_math.c:120:22
	adds	r0, r3, r2
.Ltmp38:
	@DEBUG_VALUE: _lv_sqrt:trial <- $r3
	.loc	2 121 18                        @ lvgl/src/lv_misc/lv_math.c:121:18
	mul	r4, r0, r0
.Ltmp39:
	.loc	2 121 12 is_stmt 0              @ lvgl/src/lv_misc/lv_math.c:121:12
	cmp	r4, lr
	it	ls
	movls	r3, r0
.Ltmp40:
	@DEBUG_VALUE: _lv_sqrt:root <- $r3
	.loc	2 123 5 is_stmt 1               @ lvgl/src/lv_misc/lv_math.c:123:5
	cmp.w	r12, r2, lsr #1
	.loc	2 122 21                        @ lvgl/src/lv_misc/lv_math.c:122:21
	lsr.w	r2, r2, #1
.Ltmp41:
	@DEBUG_VALUE: _lv_sqrt:mask <- [DW_OP_LLVM_entry_value 1] $r2
	@DEBUG_VALUE: _lv_sqrt:mask <- [DW_OP_LLVM_entry_value 1] $r2
	@DEBUG_VALUE: _lv_sqrt:mask <- $r2
	@DEBUG_VALUE: _lv_sqrt:mask <- $r2
	.loc	2 123 5                         @ lvgl/src/lv_misc/lv_math.c:123:5
	bne	.LBB2_1
.Ltmp42:
@ %bb.2:
	@DEBUG_VALUE: _lv_sqrt:root <- $r3
	@DEBUG_VALUE: _lv_sqrt:mask <- $r2
	@DEBUG_VALUE: _lv_sqrt:q <- $r1
	@DEBUG_VALUE: _lv_sqrt:x <- $lr
	.loc	2 125 17                        @ lvgl/src/lv_misc/lv_math.c:125:17
	lsrs	r0, r3, #4
	.loc	2 125 10 is_stmt 0              @ lvgl/src/lv_misc/lv_math.c:125:10
	strh	r0, [r1]
	.loc	2 126 12 is_stmt 1              @ lvgl/src/lv_misc/lv_math.c:126:12
	lsls	r0, r3, #4
	uxtb	r0, r0
	.loc	2 126 10 is_stmt 0              @ lvgl/src/lv_misc/lv_math.c:126:10
	strh	r0, [r1, #2]
	.loc	2 127 1 is_stmt 1               @ lvgl/src/lv_misc/lv_math.c:127:1
	pop	{r4, pc}
.Ltmp43:
.Lfunc_end2:
	.size	_lv_sqrt, .Lfunc_end2-_lv_sqrt
	.cfi_endproc
	.cantunwind
	.fnend
                                        @ -- End function
	.section	.text._lv_atan2,"ax",%progbits
	.hidden	_lv_atan2                       @ -- Begin function _lv_atan2
	.globl	_lv_atan2
	.p2align	3
	.type	_lv_atan2,%function
	.code	16                              @ @_lv_atan2
	.thumb_func
_lv_atan2:
.Lfunc_begin3:
	.loc	2 136 0                         @ lvgl/src/lv_misc/lv_math.c:136:0
	.fnstart
	.cfi_startproc
@ %bb.0:
	@DEBUG_VALUE: _lv_atan2:x <- $r0
	@DEBUG_VALUE: _lv_atan2:x <- $r0
	@DEBUG_VALUE: _lv_atan2:y <- $r1
	.save	{r7, lr}
	push	{r7, lr}
	.cfi_def_cfa_offset 8
	.cfi_offset lr, -4
	.cfi_offset r7, -8
.Ltmp44:
	@DEBUG_VALUE: _lv_atan2:negflag <- 0
	.loc	2 158 8 prologue_end            @ lvgl/src/lv_misc/lv_math.c:158:8
	lsr.w	lr, r0, #31
	cmp	r0, #0
	@DEBUG_VALUE: _lv_atan2:y <- $r1
	it	mi
	rsbmi	r0, r0, #0
.Ltmp45:
	@DEBUG_VALUE: _lv_atan2:x <- [DW_OP_LLVM_entry_value 1] $r0
	@DEBUG_VALUE: _lv_atan2:x <- $r0
	@DEBUG_VALUE: _lv_atan2:negflag <- $lr
	@DEBUG_VALUE: _lv_atan2:ux <- $r0
	.loc	2 163 8                         @ lvgl/src/lv_misc/lv_math.c:163:8
	cmp	r1, #0
	mov.w	r2, #45
	itt	mi
	addmi.w	lr, lr, #2
.Ltmp46:
	@DEBUG_VALUE: _lv_atan2:negflag <- $lr
	rsbmi	r1, r1, #0
.Ltmp47:
	@DEBUG_VALUE: _lv_atan2:y <- [DW_OP_LLVM_entry_value 1] $r1
	@DEBUG_VALUE: _lv_atan2:y <- $r1
	@DEBUG_VALUE: _lv_atan2:uy <- $r1
	.loc	2 170 8                         @ lvgl/src/lv_misc/lv_math.c:170:8
	cmp	r0, r1
	bls	.LBB3_2
.Ltmp48:
@ %bb.1:
	@DEBUG_VALUE: _lv_atan2:uy <- $r1
	@DEBUG_VALUE: _lv_atan2:y <- $r1
	@DEBUG_VALUE: _lv_atan2:ux <- $r0
	@DEBUG_VALUE: _lv_atan2:x <- $r0
	@DEBUG_VALUE: _lv_atan2:negflag <- $lr
	.loc	2 171 22                        @ lvgl/src/lv_misc/lv_math.c:171:22
	muls	r1, r2, r1
.Ltmp49:
	@DEBUG_VALUE: _lv_atan2:y <- [DW_OP_LLVM_entry_value 1] $r1
	.loc	2 172 17                        @ lvgl/src/lv_misc/lv_math.c:172:17
	add.w	lr, lr, #16
.Ltmp50:
	@DEBUG_VALUE: _lv_atan2:negflag <- $lr
	.loc	2 171 28                        @ lvgl/src/lv_misc/lv_math.c:171:28
	udiv	r12, r1, r0
.Ltmp51:
	@DEBUG_VALUE: _lv_atan2:degree <- $r12
	.loc	2 0 28 is_stmt 0                @ lvgl/src/lv_misc/lv_math.c:0:28
	b	.LBB3_3
.Ltmp52:
.LBB3_2:
	@DEBUG_VALUE: _lv_atan2:uy <- $r1
	@DEBUG_VALUE: _lv_atan2:y <- $r1
	@DEBUG_VALUE: _lv_atan2:ux <- $r0
	@DEBUG_VALUE: _lv_atan2:x <- $r0
	@DEBUG_VALUE: _lv_atan2:negflag <- $lr
	.loc	2 175 22 is_stmt 1              @ lvgl/src/lv_misc/lv_math.c:175:22
	muls	r0, r2, r0
.Ltmp53:
	@DEBUG_VALUE: _lv_atan2:x <- [DW_OP_LLVM_entry_value 1] $r0
	.loc	2 175 28 is_stmt 0              @ lvgl/src/lv_misc/lv_math.c:175:28
	udiv	r12, r0, r1
.Ltmp54:
	@DEBUG_VALUE: _lv_atan2:degree <- $r12
.LBB3_3:
	@DEBUG_VALUE: _lv_atan2:degree <- $r12
	@DEBUG_VALUE: _lv_atan2:negflag <- $lr
	@DEBUG_VALUE: _lv_atan2:negflag <- $lr
	@DEBUG_VALUE: _lv_atan2:degree <- $r12
	@DEBUG_VALUE: _lv_atan2:comp <- 0
	.loc	2 181 8 is_stmt 1               @ lvgl/src/lv_misc/lv_math.c:181:8
	uxtb.w	r3, r12
.Ltmp55:
	@DEBUG_VALUE: _lv_atan2:tempdegree <- $r12
	.loc	2 181 8 is_stmt 0               @ lvgl/src/lv_misc/lv_math.c:181:8
	cmp	r3, #23
	blo	.LBB3_5
.Ltmp56:
@ %bb.4:
	@DEBUG_VALUE: _lv_atan2:tempdegree <- $r12
	@DEBUG_VALUE: _lv_atan2:degree <- $r12
	@DEBUG_VALUE: _lv_atan2:negflag <- $lr
	@DEBUG_VALUE: _lv_atan2:comp <- 0
	.loc	2 182 23 is_stmt 1              @ lvgl/src/lv_misc/lv_math.c:182:23
	movs	r2, #0
	movs	r1, #1
	cmp	r3, #45
	mov.w	r0, #0
	it	lo
	movlo	r2, #1
.Ltmp57:
	@DEBUG_VALUE: _lv_atan2:comp <- [DW_OP_LLVM_convert 1 7, DW_OP_LLVM_convert 8 7, DW_OP_stack_value] $r2
	.loc	2 183 12                        @ lvgl/src/lv_misc/lv_math.c:183:12
	it	lo
	movlo	r1, #2
	cmp	r3, #42
	it	hs
	movhs	r1, r2
.Ltmp58:
	@DEBUG_VALUE: _lv_atan2:comp <- undef
	.loc	2 184 23                        @ lvgl/src/lv_misc/lv_math.c:184:23
	movs	r2, #0
	cmp	r3, #38
	it	lo
	movlo	r2, #1
.Ltmp59:
	@DEBUG_VALUE: _lv_atan2:comp <- undef
	.loc	2 185 23                        @ lvgl/src/lv_misc/lv_math.c:185:23
	cmp	r3, #33
	it	lo
	movlo	r0, #1
	b	.LBB3_6
.Ltmp60:
.LBB3_5:
	@DEBUG_VALUE: _lv_atan2:tempdegree <- $r12
	@DEBUG_VALUE: _lv_atan2:degree <- $r12
	@DEBUG_VALUE: _lv_atan2:negflag <- $lr
	@DEBUG_VALUE: _lv_atan2:comp <- 0
	.loc	2 188 23                        @ lvgl/src/lv_misc/lv_math.c:188:23
	movs	r2, #0
	movs	r1, #1
	cmp	r3, #1
	mov.w	r0, #0
	it	hi
	movhi	r2, #1
.Ltmp61:
	@DEBUG_VALUE: _lv_atan2:comp <- [DW_OP_LLVM_convert 1 7, DW_OP_LLVM_convert 8 7, DW_OP_stack_value] $r2
	.loc	2 189 12                        @ lvgl/src/lv_misc/lv_math.c:189:12
	it	hi
	movhi	r1, #2
	cmp	r3, #5
	it	ls
	movls	r1, r2
.Ltmp62:
	@DEBUG_VALUE: _lv_atan2:comp <- undef
	.loc	2 190 23                        @ lvgl/src/lv_misc/lv_math.c:190:23
	movs	r2, #0
	cmp	r3, #9
	it	hi
	movhi	r2, #1
.Ltmp63:
	@DEBUG_VALUE: _lv_atan2:comp <- undef
	.loc	2 191 23                        @ lvgl/src/lv_misc/lv_math.c:191:23
	cmp	r3, #14
	it	hi
	movhi	r0, #1
.Ltmp64:
.LBB3_6:
	@DEBUG_VALUE: _lv_atan2:tempdegree <- $r12
	@DEBUG_VALUE: _lv_atan2:degree <- $r12
	@DEBUG_VALUE: _lv_atan2:negflag <- $lr
	.loc	2 0 0 is_stmt 0                 @ lvgl/src/lv_misc/lv_math.c:0:0
	add	r0, r2
	add	r0, r1
.Ltmp65:
	@DEBUG_VALUE: _lv_atan2:comp <- $r0
	.loc	2 196 8 is_stmt 1               @ lvgl/src/lv_misc/lv_math.c:196:8
	lsls.w	r1, lr, #27
	.loc	2 193 12                        @ lvgl/src/lv_misc/lv_math.c:193:12
	add	r0, r12
.Ltmp66:
	@DEBUG_VALUE: _lv_atan2:degree <- $r0
	.loc	2 196 8                         @ lvgl/src/lv_misc/lv_math.c:196:8
	it	mi
	rsbmi.w	r0, r0, #90
.Ltmp67:
	@DEBUG_VALUE: _lv_atan2:degree <- $r0
	.loc	2 200 8                         @ lvgl/src/lv_misc/lv_math.c:200:8
	lsls.w	r1, lr, #30
.Ltmp68:
	.loc	2 0 0 is_stmt 0                 @ lvgl/src/lv_misc/lv_math.c:0:0
	and	r1, lr, #1
.Ltmp69:
	.loc	2 200 8                         @ lvgl/src/lv_misc/lv_math.c:200:8
	bmi	.LBB3_8
.Ltmp70:
@ %bb.7:
	@DEBUG_VALUE: _lv_atan2:tempdegree <- $r12
	@DEBUG_VALUE: _lv_atan2:degree <- $r0
	@DEBUG_VALUE: _lv_atan2:negflag <- $lr
	.loc	2 207 12 is_stmt 1              @ lvgl/src/lv_misc/lv_math.c:207:12
	cmp	r1, #0
	it	ne
	rsbne.w	r0, r0, #360
.Ltmp71:
	@DEBUG_VALUE: _lv_atan2:degree <- $r0
	.loc	2 210 5                         @ lvgl/src/lv_misc/lv_math.c:210:5
	uxth	r0, r0
.Ltmp72:
	pop	{r7, pc}
.Ltmp73:
.LBB3_8:
	@DEBUG_VALUE: _lv_atan2:tempdegree <- $r12
	@DEBUG_VALUE: _lv_atan2:degree <- $r0
	@DEBUG_VALUE: _lv_atan2:negflag <- $lr
	.loc	2 201 12                        @ lvgl/src/lv_misc/lv_math.c:201:12
	cmp	r1, #0
.Ltmp74:
	.loc	2 202 27                        @ lvgl/src/lv_misc/lv_math.c:202:27
	ite	ne
	addne	r0, #180
.Ltmp75:
	@DEBUG_VALUE: _lv_atan2:degree <- $r0
	@DEBUG_VALUE: _lv_atan2:degree <- $r0
	.loc	2 204 27                        @ lvgl/src/lv_misc/lv_math.c:204:27
	rsbeq.w	r0, r0, #180
.Ltmp76:
	@DEBUG_VALUE: _lv_atan2:degree <- $r0
	@DEBUG_VALUE: _lv_atan2:degree <- $r0
	.loc	2 210 5                         @ lvgl/src/lv_misc/lv_math.c:210:5
	uxth	r0, r0
.Ltmp77:
	pop	{r7, pc}
.Ltmp78:
.Lfunc_end3:
	.size	_lv_atan2, .Lfunc_end3-_lv_atan2
	.cfi_endproc
	.cantunwind
	.fnend
                                        @ -- End function
	.section	.text._lv_pow,"ax",%progbits
	.hidden	_lv_pow                         @ -- Begin function _lv_pow
	.globl	_lv_pow
	.p2align	3
	.type	_lv_pow,%function
	.code	16                              @ @_lv_pow
	.thumb_func
_lv_pow:
.Lfunc_begin4:
	.loc	2 220 0                         @ lvgl/src/lv_misc/lv_math.c:220:0
	.fnstart
	.cfi_startproc
@ %bb.0:
	@DEBUG_VALUE: _lv_pow:exp <- $r2
	@DEBUG_VALUE: _lv_pow:exp <- $r2
	.save	{r4, r5, r6, r7, r8, lr}
	push.w	{r4, r5, r6, r7, r8, lr}
	.cfi_def_cfa_offset 24
	.cfi_offset lr, -4
	.cfi_offset r8, -8
	.cfi_offset r7, -12
	.cfi_offset r6, -16
	.cfi_offset r5, -20
	.cfi_offset r4, -24
.Ltmp79:
	@DEBUG_VALUE: _lv_pow:base <- [DW_OP_LLVM_fragment 0 32] $r0
	@DEBUG_VALUE: _lv_pow:base <- [DW_OP_LLVM_fragment 32 32] $r1
	mov.w	lr, #0
.Ltmp80:
	@DEBUG_VALUE: _lv_pow:result <- 1
	.loc	2 222 5 prologue_end            @ lvgl/src/lv_misc/lv_math.c:222:5
	cbz	r2, .LBB4_3
.Ltmp81:
@ %bb.1:
	@DEBUG_VALUE: _lv_pow:exp <- $r2
	@DEBUG_VALUE: _lv_pow:base <- [DW_OP_LLVM_fragment 32 32] $r1
	@DEBUG_VALUE: _lv_pow:base <- [DW_OP_LLVM_fragment 0 32] $r0
	@DEBUG_VALUE: _lv_pow:result <- 1
	@DEBUG_VALUE: _lv_pow:base <- [DW_OP_LLVM_fragment 32 32] $r1
	@DEBUG_VALUE: _lv_pow:base <- [DW_OP_LLVM_fragment 0 32] $r0
	.loc	2 0 5 is_stmt 0                 @ lvgl/src/lv_misc/lv_math.c:0:5
	movs	r4, #1
	mov.w	r12, #0
.Ltmp82:
	.p2align	2
.LBB4_2:                                @ =>This Inner Loop Header: Depth=1
	@DEBUG_VALUE: _lv_pow:exp <- $r2
	@DEBUG_VALUE: _lv_pow:base <- [DW_OP_LLVM_fragment 32 32] $r1
	@DEBUG_VALUE: _lv_pow:base <- [DW_OP_LLVM_fragment 0 32] $r0
	@DEBUG_VALUE: _lv_pow:exp <- $r2
	@DEBUG_VALUE: _lv_pow:base <- [DW_OP_LLVM_fragment 32 32] $r1
	@DEBUG_VALUE: _lv_pow:base <- [DW_OP_LLVM_fragment 0 32] $r0
	@DEBUG_VALUE: _lv_pow:result <- [DW_OP_LLVM_fragment 0 32] $r4
	@DEBUG_VALUE: _lv_pow:result <- [DW_OP_LLVM_fragment 32 32] $r12
	.loc	2 223 12 is_stmt 1              @ lvgl/src/lv_misc/lv_math.c:223:12
	mov	r7, r0
.Ltmp83:
	.loc	2 223 16 is_stmt 0              @ lvgl/src/lv_misc/lv_math.c:223:16
	ands	r3, r2, #1
.Ltmp84:
	.loc	2 226 14 is_stmt 1              @ lvgl/src/lv_misc/lv_math.c:226:14
	umull	r8, r6, r0, r0
.Ltmp85:
	@DEBUG_VALUE: _lv_pow:base <- [DW_OP_LLVM_fragment 0 32] $r8
	.loc	2 223 16                        @ lvgl/src/lv_misc/lv_math.c:223:16
	rsb.w	r3, r3, #0
.Ltmp86:
	.loc	2 223 12 is_stmt 0              @ lvgl/src/lv_misc/lv_math.c:223:12
	it	eq
	moveq	r7, #1
	.loc	2 226 14 is_stmt 1              @ lvgl/src/lv_misc/lv_math.c:226:14
	mla	r6, r0, r1, r6
	.loc	2 223 12                        @ lvgl/src/lv_misc/lv_math.c:223:12
	and.w	r5, r3, r1
	.loc	2 226 14                        @ lvgl/src/lv_misc/lv_math.c:226:14
	mla	r1, r0, r1, r6
.Ltmp87:
	@DEBUG_VALUE: _lv_pow:base <- [DW_OP_LLVM_fragment 32 32] $r1
	.loc	2 223 16                        @ lvgl/src/lv_misc/lv_math.c:223:16
	sxtb	r0, r2
.Ltmp88:
	.loc	2 223 12 is_stmt 0              @ lvgl/src/lv_misc/lv_math.c:223:12
	umull	r3, r2, r7, r4
.Ltmp89:
	@DEBUG_VALUE: _lv_pow:exp <- [DW_OP_LLVM_entry_value 1] $r2
	@DEBUG_VALUE: _lv_pow:exp <- [DW_OP_LLVM_entry_value 1] $r2
	@DEBUG_VALUE: _lv_pow:result <- [DW_OP_LLVM_fragment 0 32] $r3
	mla	r2, r7, r12, r2
	mla	r12, r5, r4, r2
.Ltmp90:
	@DEBUG_VALUE: _lv_pow:result <- [DW_OP_LLVM_fragment 32 32] $r12
	.loc	2 222 5 is_stmt 1               @ lvgl/src/lv_misc/lv_math.c:222:5
	cmp.w	lr, r0, asr #1
.Ltmp91:
	.loc	2 225 13                        @ lvgl/src/lv_misc/lv_math.c:225:13
	asr.w	r2, r0, #1
.Ltmp92:
	@DEBUG_VALUE: _lv_pow:exp <- $r2
	.loc	2 0 13 is_stmt 0                @ lvgl/src/lv_misc/lv_math.c:0:13
	mov	r4, r3
	mov	r0, r8
.Ltmp93:
	@DEBUG_VALUE: _lv_pow:base <- [DW_OP_LLVM_fragment 0 32] $r0
	.loc	2 222 5 is_stmt 1               @ lvgl/src/lv_misc/lv_math.c:222:5
	bne	.LBB4_2
	b	.LBB4_4
.Ltmp94:
.LBB4_3:
	@DEBUG_VALUE: _lv_pow:exp <- $r2
	@DEBUG_VALUE: _lv_pow:base <- [DW_OP_LLVM_fragment 32 32] $r1
	@DEBUG_VALUE: _lv_pow:base <- [DW_OP_LLVM_fragment 0 32] $r0
	@DEBUG_VALUE: _lv_pow:result <- 1
	.loc	2 0 5 is_stmt 0                 @ lvgl/src/lv_misc/lv_math.c:0:5
	movs	r3, #1
	mov.w	r12, #0
.Ltmp95:
.LBB4_4:
	@DEBUG_VALUE: _lv_pow:exp <- $r2
	@DEBUG_VALUE: _lv_pow:base <- [DW_OP_LLVM_fragment 32 32] $r1
	@DEBUG_VALUE: _lv_pow:base <- [DW_OP_LLVM_fragment 0 32] $r0
	.loc	2 229 5 is_stmt 1               @ lvgl/src/lv_misc/lv_math.c:229:5
	mov	r0, r3
.Ltmp96:
	mov	r1, r12
.Ltmp97:
	pop.w	{r4, r5, r6, r7, r8, pc}
.Ltmp98:
.Lfunc_end4:
	.size	_lv_pow, .Lfunc_end4-_lv_pow
	.cfi_endproc
	.cantunwind
	.fnend
                                        @ -- End function
	.section	.text._lv_map,"ax",%progbits
	.hidden	_lv_map                         @ -- Begin function _lv_map
	.globl	_lv_map
	.p2align	3
	.type	_lv_map,%function
	.code	16                              @ @_lv_map
	.thumb_func
_lv_map:
.Lfunc_begin5:
	.loc	2 242 0                         @ lvgl/src/lv_misc/lv_math.c:242:0
	.fnstart
	.cfi_startproc
@ %bb.0:
	@DEBUG_VALUE: _lv_map:x <- $r0
	@DEBUG_VALUE: _lv_map:min_in <- $r1
	@DEBUG_VALUE: _lv_map:max_in <- $r2
	@DEBUG_VALUE: _lv_map:min_out <- $r3
	.save	{r7, lr}
	push	{r7, lr}
	.cfi_def_cfa_offset 8
	.cfi_offset lr, -4
	.cfi_offset r7, -8
	mov	r12, r0
.Ltmp99:
	@DEBUG_VALUE: _lv_map:max_out <- [DW_OP_plus_uconst 8] [$sp+0]
	@DEBUG_VALUE: _lv_map:max_in <- $r2
	@DEBUG_VALUE: _lv_map:x <- $r12
	.loc	2 243 8 prologue_end            @ lvgl/src/lv_misc/lv_math.c:243:8
	cmp	r0, r2
	@DEBUG_VALUE: _lv_map:min_out <- $r3
	@DEBUG_VALUE: _lv_map:min_in <- $r1
	ldr	r0, [sp, #8]
	.loc	2 256 1                         @ lvgl/src/lv_misc/lv_math.c:256:1
	it	ge
	popge	{r7, pc}
.Ltmp100:
.LBB5_1:
	@DEBUG_VALUE: _lv_map:x <- $r12
	@DEBUG_VALUE: _lv_map:min_out <- $r3
	@DEBUG_VALUE: _lv_map:max_in <- $r2
	@DEBUG_VALUE: _lv_map:min_in <- $r1
	@DEBUG_VALUE: _lv_map:max_out <- [DW_OP_plus_uconst 8] [$sp+0]
	.loc	2 244 8                         @ lvgl/src/lv_misc/lv_math.c:244:8
	cmp	r12, r1
	ble	.LBB5_3
.Ltmp101:
@ %bb.2:
	@DEBUG_VALUE: _lv_map:x <- $r12
	@DEBUG_VALUE: _lv_map:min_out <- $r3
	@DEBUG_VALUE: _lv_map:max_in <- $r2
	@DEBUG_VALUE: _lv_map:min_in <- $r1
	@DEBUG_VALUE: _lv_map:max_out <- [DW_OP_plus_uconst 8] [$sp+0]
	.loc	2 253 33                        @ lvgl/src/lv_misc/lv_math.c:253:33
	sub.w	lr, r0, r3
.Ltmp102:
	@DEBUG_VALUE: _lv_map:delta_out <- $lr
	.loc	2 255 16                        @ lvgl/src/lv_misc/lv_math.c:255:16
	sub.w	r0, r12, r1
	.loc	2 255 26 is_stmt 0              @ lvgl/src/lv_misc/lv_math.c:255:26
	mul	r0, lr, r0
	.loc	2 252 31 is_stmt 1              @ lvgl/src/lv_misc/lv_math.c:252:31
	subs	r1, r2, r1
.Ltmp103:
	@DEBUG_VALUE: _lv_map:min_in <- [DW_OP_LLVM_entry_value 1] $r1
	@DEBUG_VALUE: _lv_map:delta_in <- $r1
	.loc	2 255 39                        @ lvgl/src/lv_misc/lv_math.c:255:39
	sdiv	r0, r0, r1
	.loc	2 255 50 is_stmt 0              @ lvgl/src/lv_misc/lv_math.c:255:50
	add	r0, r3
	.loc	2 256 1 is_stmt 1               @ lvgl/src/lv_misc/lv_math.c:256:1
	pop	{r7, pc}
.Ltmp104:
.LBB5_3:
	@DEBUG_VALUE: _lv_map:x <- $r12
	@DEBUG_VALUE: _lv_map:min_out <- $r3
	@DEBUG_VALUE: _lv_map:max_in <- $r2
	@DEBUG_VALUE: _lv_map:min_in <- $r1
	@DEBUG_VALUE: _lv_map:max_out <- [DW_OP_plus_uconst 8] [$sp+0]
	.loc	2 0 0 is_stmt 0                 @ lvgl/src/lv_misc/lv_math.c:0:0
	mov	r0, r3
	.loc	2 256 1                         @ lvgl/src/lv_misc/lv_math.c:256:1
	pop	{r7, pc}
.Ltmp105:
.Lfunc_end5:
	.size	_lv_map, .Lfunc_end5-_lv_map
	.cfi_endproc
	.cantunwind
	.fnend
                                        @ -- End function
	.type	sin0_90_table,%object           @ @sin0_90_table
	.section	.rodata.sin0_90_table,"a",%progbits
	.p2align	1
sin0_90_table:
	.short	0                               @ 0x0
	.short	572                             @ 0x23c
	.short	1144                            @ 0x478
	.short	1715                            @ 0x6b3
	.short	2286                            @ 0x8ee
	.short	2856                            @ 0xb28
	.short	3425                            @ 0xd61
	.short	3993                            @ 0xf99
	.short	4560                            @ 0x11d0
	.short	5126                            @ 0x1406
	.short	5690                            @ 0x163a
	.short	6252                            @ 0x186c
	.short	6813                            @ 0x1a9d
	.short	7371                            @ 0x1ccb
	.short	7927                            @ 0x1ef7
	.short	8481                            @ 0x2121
	.short	9032                            @ 0x2348
	.short	9580                            @ 0x256c
	.short	10126                           @ 0x278e
	.short	10668                           @ 0x29ac
	.short	11207                           @ 0x2bc7
	.short	11743                           @ 0x2ddf
	.short	12275                           @ 0x2ff3
	.short	12803                           @ 0x3203
	.short	13328                           @ 0x3410
	.short	13848                           @ 0x3618
	.short	14364                           @ 0x381c
	.short	14876                           @ 0x3a1c
	.short	15383                           @ 0x3c17
	.short	15886                           @ 0x3e0e
	.short	16383                           @ 0x3fff
	.short	16876                           @ 0x41ec
	.short	17364                           @ 0x43d4
	.short	17846                           @ 0x45b6
	.short	18323                           @ 0x4793
	.short	18794                           @ 0x496a
	.short	19260                           @ 0x4b3c
	.short	19720                           @ 0x4d08
	.short	20173                           @ 0x4ecd
	.short	20621                           @ 0x508d
	.short	21062                           @ 0x5246
	.short	21497                           @ 0x53f9
	.short	21925                           @ 0x55a5
	.short	22347                           @ 0x574b
	.short	22762                           @ 0x58ea
	.short	23170                           @ 0x5a82
	.short	23571                           @ 0x5c13
	.short	23964                           @ 0x5d9c
	.short	24351                           @ 0x5f1f
	.short	24730                           @ 0x609a
	.short	25101                           @ 0x620d
	.short	25465                           @ 0x6379
	.short	25821                           @ 0x64dd
	.short	26169                           @ 0x6639
	.short	26509                           @ 0x678d
	.short	26841                           @ 0x68d9
	.short	27165                           @ 0x6a1d
	.short	27481                           @ 0x6b59
	.short	27788                           @ 0x6c8c
	.short	28087                           @ 0x6db7
	.short	28377                           @ 0x6ed9
	.short	28659                           @ 0x6ff3
	.short	28932                           @ 0x7104
	.short	29196                           @ 0x720c
	.short	29451                           @ 0x730b
	.short	29697                           @ 0x7401
	.short	29934                           @ 0x74ee
	.short	30162                           @ 0x75d2
	.short	30381                           @ 0x76ad
	.short	30591                           @ 0x777f
	.short	30791                           @ 0x7847
	.short	30982                           @ 0x7906
	.short	31163                           @ 0x79bb
	.short	31335                           @ 0x7a67
	.short	31498                           @ 0x7b0a
	.short	31650                           @ 0x7ba2
	.short	31794                           @ 0x7c32
	.short	31927                           @ 0x7cb7
	.short	32051                           @ 0x7d33
	.short	32165                           @ 0x7da5
	.short	32269                           @ 0x7e0d
	.short	32364                           @ 0x7e6c
	.short	32448                           @ 0x7ec0
	.short	32523                           @ 0x7f0b
	.short	32587                           @ 0x7f4b
	.short	32642                           @ 0x7f82
	.short	32687                           @ 0x7faf
	.short	32722                           @ 0x7fd2
	.short	32747                           @ 0x7feb
	.short	32762                           @ 0x7ffa
	.short	32767                           @ 0x7fff
	.size	sin0_90_table, 182

	.file	3 "E:\\Smart-access-control\\Hardware\\CODE" "lvgl/src/lv_misc/lv_math.h"
	.section	.debug_loc,"",%progbits
.Ldebug_loc0:
	.long	-1
	.long	.Lfunc_begin0                   @   base address
	.long	.Lfunc_begin0-.Lfunc_begin0
	.long	.Ltmp1-.Lfunc_begin0
	.short	1                               @ Loc expr size
	.byte	80                              @ DW_OP_reg0
	.long	0
	.long	0
.Ldebug_loc1:
	.long	-1
	.long	.Lfunc_begin0                   @   base address
	.long	.Ltmp0-.Lfunc_begin0
	.long	.Ltmp7-.Lfunc_begin0
	.short	1                               @ Loc expr size
	.byte	48                              @ DW_OP_lit0
	.long	.Ltmp7-.Lfunc_begin0
	.long	.Ltmp8-.Lfunc_begin0
	.short	1                               @ Loc expr size
	.byte	80                              @ DW_OP_reg0
	.long	.Ltmp9-.Lfunc_begin0
	.long	.Ltmp16-.Lfunc_begin0
	.short	1                               @ Loc expr size
	.byte	48                              @ DW_OP_lit0
	.long	.Ltmp16-.Lfunc_begin0
	.long	.Ltmp17-.Lfunc_begin0
	.short	1                               @ Loc expr size
	.byte	80                              @ DW_OP_reg0
	.long	0
	.long	0
.Ldebug_loc2:
	.long	-1
	.long	.Lfunc_begin1                   @   base address
	.long	.Lfunc_begin1-.Lfunc_begin1
	.long	.Ltmp23-.Lfunc_begin1
	.short	1                               @ Loc expr size
	.byte	80                              @ DW_OP_reg0
	.long	.Ltmp23-.Lfunc_begin1
	.long	.Lfunc_end1-.Lfunc_begin1
	.short	3                               @ Loc expr size
	.byte	163                             @ DW_OP_entry_value
	.byte	1                               @ 1
	.byte	80                              @ DW_OP_reg0
	.long	0
	.long	0
.Ldebug_loc3:
	.long	-1
	.long	.Lfunc_begin1                   @   base address
	.long	.Lfunc_begin1-.Lfunc_begin1
	.long	.Ltmp30-.Lfunc_begin1
	.short	1                               @ Loc expr size
	.byte	81                              @ DW_OP_reg1
	.long	.Ltmp30-.Lfunc_begin1
	.long	.Lfunc_end1-.Lfunc_begin1
	.short	3                               @ Loc expr size
	.byte	163                             @ DW_OP_entry_value
	.byte	1                               @ 1
	.byte	81                              @ DW_OP_reg1
	.long	0
	.long	0
.Ldebug_loc4:
	.long	-1
	.long	.Lfunc_begin1                   @   base address
	.long	.Lfunc_begin1-.Lfunc_begin1
	.long	.Ltmp24-.Lfunc_begin1
	.short	1                               @ Loc expr size
	.byte	82                              @ DW_OP_reg2
	.long	.Ltmp24-.Lfunc_begin1
	.long	.Lfunc_end1-.Lfunc_begin1
	.short	3                               @ Loc expr size
	.byte	163                             @ DW_OP_entry_value
	.byte	1                               @ 1
	.byte	82                              @ DW_OP_reg2
	.long	0
	.long	0
.Ldebug_loc5:
	.long	-1
	.long	.Lfunc_begin1                   @   base address
	.long	.Lfunc_begin1-.Lfunc_begin1
	.long	.Ltmp26-.Lfunc_begin1
	.short	1                               @ Loc expr size
	.byte	83                              @ DW_OP_reg3
	.long	.Ltmp26-.Lfunc_begin1
	.long	.Lfunc_end1-.Lfunc_begin1
	.short	3                               @ Loc expr size
	.byte	163                             @ DW_OP_entry_value
	.byte	1                               @ 1
	.byte	83                              @ DW_OP_reg3
	.long	0
	.long	0
.Ldebug_loc6:
	.long	-1
	.long	.Lfunc_begin1                   @   base address
	.long	.Ltmp20-.Lfunc_begin1
	.long	.Lfunc_end1-.Lfunc_begin1
	.short	1                               @ Loc expr size
	.byte	92                              @ DW_OP_reg12
	.long	0
	.long	0
.Ldebug_loc7:
	.long	-1
	.long	.Lfunc_begin1                   @   base address
	.long	.Ltmp21-.Lfunc_begin1
	.long	.Ltmp25-.Lfunc_begin1
	.short	1                               @ Loc expr size
	.byte	85                              @ DW_OP_reg5
	.long	0
	.long	0
.Ldebug_loc8:
	.long	-1
	.long	.Lfunc_begin1                   @   base address
	.long	.Ltmp22-.Lfunc_begin1
	.long	.Ltmp27-.Lfunc_begin1
	.short	1                               @ Loc expr size
	.byte	84                              @ DW_OP_reg4
	.long	0
	.long	0
.Ldebug_loc9:
	.long	-1
	.long	.Lfunc_begin1                   @   base address
	.long	.Ltmp26-.Lfunc_begin1
	.long	.Ltmp28-.Lfunc_begin1
	.short	1                               @ Loc expr size
	.byte	83                              @ DW_OP_reg3
	.long	0
	.long	0
.Ldebug_loc10:
	.long	-1
	.long	.Lfunc_begin1                   @   base address
	.long	.Ltmp27-.Lfunc_begin1
	.long	.Ltmp33-.Lfunc_begin1
	.short	1                               @ Loc expr size
	.byte	84                              @ DW_OP_reg4
	.long	0
	.long	0
.Ldebug_loc11:
	.long	-1
	.long	.Lfunc_begin1                   @   base address
	.long	.Ltmp32-.Lfunc_begin1
	.long	.Lfunc_end1-.Lfunc_begin1
	.short	1                               @ Loc expr size
	.byte	83                              @ DW_OP_reg3
	.long	0
	.long	0
.Ldebug_loc12:
	.long	-1
	.long	.Lfunc_begin2                   @   base address
	.long	.Lfunc_begin2-.Lfunc_begin2
	.long	.Ltmp35-.Lfunc_begin2
	.short	1                               @ Loc expr size
	.byte	80                              @ DW_OP_reg0
	.long	.Ltmp35-.Lfunc_begin2
	.long	.Lfunc_end2-.Lfunc_begin2
	.short	1                               @ Loc expr size
	.byte	94                              @ DW_OP_reg14
	.long	0
	.long	0
.Ldebug_loc13:
	.long	-1
	.long	.Lfunc_begin2                   @   base address
	.long	.Ltmp36-.Lfunc_begin2
	.long	.Ltmp37-.Lfunc_begin2
	.short	1                               @ Loc expr size
	.byte	48                              @ DW_OP_lit0
	.long	.Ltmp37-.Lfunc_begin2
	.long	.Lfunc_end2-.Lfunc_begin2
	.short	1                               @ Loc expr size
	.byte	83                              @ DW_OP_reg3
	.long	0
	.long	0
.Ldebug_loc14:
	.long	-1
	.long	.Lfunc_begin2                   @   base address
	.long	.Ltmp38-.Lfunc_begin2
	.long	.Ltmp40-.Lfunc_begin2
	.short	1                               @ Loc expr size
	.byte	83                              @ DW_OP_reg3
	.long	0
	.long	0
.Ldebug_loc15:
	.long	-1
	.long	.Lfunc_begin3                   @   base address
	.long	.Lfunc_begin3-.Lfunc_begin3
	.long	.Ltmp53-.Lfunc_begin3
	.short	1                               @ Loc expr size
	.byte	80                              @ DW_OP_reg0
	.long	.Ltmp53-.Lfunc_begin3
	.long	.Ltmp54-.Lfunc_begin3
	.short	3                               @ Loc expr size
	.byte	163                             @ DW_OP_entry_value
	.byte	1                               @ 1
	.byte	80                              @ DW_OP_reg0
	.long	0
	.long	0
.Ldebug_loc16:
	.long	-1
	.long	.Lfunc_begin3                   @   base address
	.long	.Lfunc_begin3-.Lfunc_begin3
	.long	.Ltmp49-.Lfunc_begin3
	.short	1                               @ Loc expr size
	.byte	81                              @ DW_OP_reg1
	.long	.Ltmp49-.Lfunc_begin3
	.long	.Ltmp52-.Lfunc_begin3
	.short	3                               @ Loc expr size
	.byte	163                             @ DW_OP_entry_value
	.byte	1                               @ 1
	.byte	81                              @ DW_OP_reg1
	.long	.Ltmp52-.Lfunc_begin3
	.long	.Ltmp54-.Lfunc_begin3
	.short	1                               @ Loc expr size
	.byte	81                              @ DW_OP_reg1
	.long	0
	.long	0
.Ldebug_loc17:
	.long	-1
	.long	.Lfunc_begin3                   @   base address
	.long	.Ltmp44-.Lfunc_begin3
	.long	.Ltmp45-.Lfunc_begin3
	.short	1                               @ Loc expr size
	.byte	48                              @ DW_OP_lit0
	.long	.Ltmp45-.Lfunc_begin3
	.long	.Lfunc_end3-.Lfunc_begin3
	.short	1                               @ Loc expr size
	.byte	94                              @ DW_OP_reg14
	.long	0
	.long	0
.Ldebug_loc18:
	.long	-1
	.long	.Lfunc_begin3                   @   base address
	.long	.Ltmp45-.Lfunc_begin3
	.long	.Ltmp53-.Lfunc_begin3
	.short	1                               @ Loc expr size
	.byte	80                              @ DW_OP_reg0
	.long	0
	.long	0
.Ldebug_loc19:
	.long	-1
	.long	.Lfunc_begin3                   @   base address
	.long	.Ltmp47-.Lfunc_begin3
	.long	.Ltmp49-.Lfunc_begin3
	.short	1                               @ Loc expr size
	.byte	81                              @ DW_OP_reg1
	.long	.Ltmp52-.Lfunc_begin3
	.long	.Ltmp54-.Lfunc_begin3
	.short	1                               @ Loc expr size
	.byte	81                              @ DW_OP_reg1
	.long	0
	.long	0
.Ldebug_loc20:
	.long	-1
	.long	.Lfunc_begin3                   @   base address
	.long	.Ltmp51-.Lfunc_begin3
	.long	.Ltmp52-.Lfunc_begin3
	.short	1                               @ Loc expr size
	.byte	92                              @ DW_OP_reg12
	.long	.Ltmp54-.Lfunc_begin3
	.long	.Ltmp66-.Lfunc_begin3
	.short	1                               @ Loc expr size
	.byte	92                              @ DW_OP_reg12
	.long	.Ltmp66-.Lfunc_begin3
	.long	.Ltmp72-.Lfunc_begin3
	.short	1                               @ Loc expr size
	.byte	80                              @ DW_OP_reg0
	.long	.Ltmp73-.Lfunc_begin3
	.long	.Ltmp77-.Lfunc_begin3
	.short	1                               @ Loc expr size
	.byte	80                              @ DW_OP_reg0
	.long	0
	.long	0
.Ldebug_loc21:
	.long	-1
	.long	.Lfunc_begin3                   @   base address
	.long	.Ltmp54-.Lfunc_begin3
	.long	.Ltmp57-.Lfunc_begin3
	.short	1                               @ Loc expr size
	.byte	48                              @ DW_OP_lit0
	.long	.Ltmp60-.Lfunc_begin3
	.long	.Ltmp61-.Lfunc_begin3
	.short	1                               @ Loc expr size
	.byte	48                              @ DW_OP_lit0
	.long	.Ltmp65-.Lfunc_begin3
	.long	.Ltmp66-.Lfunc_begin3
	.short	1                               @ Loc expr size
	.byte	80                              @ DW_OP_reg0
	.long	0
	.long	0
.Ldebug_loc22:
	.long	-1
	.long	.Lfunc_begin3                   @   base address
	.long	.Ltmp55-.Lfunc_begin3
	.long	.Lfunc_end3-.Lfunc_begin3
	.short	1                               @ Loc expr size
	.byte	92                              @ DW_OP_reg12
	.long	0
	.long	0
.Ldebug_loc23:
	.long	-1
	.long	.Lfunc_begin4                   @   base address
	.long	.Lfunc_begin4-.Lfunc_begin4
	.long	.Ltmp89-.Lfunc_begin4
	.short	1                               @ Loc expr size
	.byte	82                              @ DW_OP_reg2
	.long	.Ltmp89-.Lfunc_begin4
	.long	.Ltmp92-.Lfunc_begin4
	.short	3                               @ Loc expr size
	.byte	163                             @ DW_OP_entry_value
	.byte	1                               @ 1
	.byte	82                              @ DW_OP_reg2
	.long	.Ltmp92-.Lfunc_begin4
	.long	.Lfunc_end4-.Lfunc_begin4
	.short	1                               @ Loc expr size
	.byte	82                              @ DW_OP_reg2
	.long	0
	.long	0
.Ldebug_loc24:
	.long	-1
	.long	.Lfunc_begin4                   @   base address
	.long	.Ltmp79-.Lfunc_begin4
	.long	.Ltmp85-.Lfunc_begin4
	.short	6                               @ Loc expr size
	.byte	80                              @ DW_OP_reg0
	.byte	147                             @ DW_OP_piece
	.byte	4                               @ 4
	.byte	81                              @ DW_OP_reg1
	.byte	147                             @ DW_OP_piece
	.byte	4                               @ 4
	.long	.Ltmp85-.Lfunc_begin4
	.long	.Ltmp93-.Lfunc_begin4
	.short	6                               @ Loc expr size
	.byte	88                              @ DW_OP_reg8
	.byte	147                             @ DW_OP_piece
	.byte	4                               @ 4
	.byte	81                              @ DW_OP_reg1
	.byte	147                             @ DW_OP_piece
	.byte	4                               @ 4
	.long	.Ltmp93-.Lfunc_begin4
	.long	.Ltmp96-.Lfunc_begin4
	.short	6                               @ Loc expr size
	.byte	80                              @ DW_OP_reg0
	.byte	147                             @ DW_OP_piece
	.byte	4                               @ 4
	.byte	81                              @ DW_OP_reg1
	.byte	147                             @ DW_OP_piece
	.byte	4                               @ 4
	.long	.Ltmp96-.Lfunc_begin4
	.long	.Ltmp97-.Lfunc_begin4
	.short	5                               @ Loc expr size
	.byte	147                             @ DW_OP_piece
	.byte	4                               @ 4
	.byte	81                              @ DW_OP_reg1
	.byte	147                             @ DW_OP_piece
	.byte	4                               @ 4
	.long	0
	.long	0
.Ldebug_loc25:
	.long	-1
	.long	.Lfunc_begin4                   @   base address
	.long	.Ltmp80-.Lfunc_begin4
	.long	.Ltmp82-.Lfunc_begin4
	.short	1                               @ Loc expr size
	.byte	49                              @ DW_OP_lit1
	.long	.Ltmp82-.Lfunc_begin4
	.long	.Ltmp89-.Lfunc_begin4
	.short	6                               @ Loc expr size
	.byte	84                              @ DW_OP_reg4
	.byte	147                             @ DW_OP_piece
	.byte	4                               @ 4
	.byte	92                              @ DW_OP_reg12
	.byte	147                             @ DW_OP_piece
	.byte	4                               @ 4
	.long	.Ltmp89-.Lfunc_begin4
	.long	.Ltmp94-.Lfunc_begin4
	.short	6                               @ Loc expr size
	.byte	83                              @ DW_OP_reg3
	.byte	147                             @ DW_OP_piece
	.byte	4                               @ 4
	.byte	92                              @ DW_OP_reg12
	.byte	147                             @ DW_OP_piece
	.byte	4                               @ 4
	.long	.Ltmp94-.Lfunc_begin4
	.long	.Ltmp95-.Lfunc_begin4
	.short	1                               @ Loc expr size
	.byte	49                              @ DW_OP_lit1
	.long	0
	.long	0
.Ldebug_loc26:
	.long	-1
	.long	.Lfunc_begin5                   @   base address
	.long	.Lfunc_begin5-.Lfunc_begin5
	.long	.Ltmp99-.Lfunc_begin5
	.short	1                               @ Loc expr size
	.byte	80                              @ DW_OP_reg0
	.long	.Ltmp99-.Lfunc_begin5
	.long	.Lfunc_end5-.Lfunc_begin5
	.short	1                               @ Loc expr size
	.byte	92                              @ DW_OP_reg12
	.long	0
	.long	0
.Ldebug_loc27:
	.long	-1
	.long	.Lfunc_begin5                   @   base address
	.long	.Lfunc_begin5-.Lfunc_begin5
	.long	.Ltmp103-.Lfunc_begin5
	.short	1                               @ Loc expr size
	.byte	81                              @ DW_OP_reg1
	.long	.Ltmp103-.Lfunc_begin5
	.long	.Ltmp104-.Lfunc_begin5
	.short	3                               @ Loc expr size
	.byte	163                             @ DW_OP_entry_value
	.byte	1                               @ 1
	.byte	81                              @ DW_OP_reg1
	.long	.Ltmp104-.Lfunc_begin5
	.long	.Lfunc_end5-.Lfunc_begin5
	.short	1                               @ Loc expr size
	.byte	81                              @ DW_OP_reg1
	.long	0
	.long	0
.Ldebug_loc28:
	.long	-1
	.long	.Lfunc_begin5                   @   base address
	.long	.Ltmp102-.Lfunc_begin5
	.long	.Ltmp104-.Lfunc_begin5
	.short	1                               @ Loc expr size
	.byte	94                              @ DW_OP_reg14
	.long	0
	.long	0
.Ldebug_loc29:
	.long	-1
	.long	.Lfunc_begin5                   @   base address
	.long	.Ltmp103-.Lfunc_begin5
	.long	.Ltmp104-.Lfunc_begin5
	.short	1                               @ Loc expr size
	.byte	81                              @ DW_OP_reg1
	.long	0
	.long	0
	.section	.debug_abbrev,"",%progbits
	.byte	1                               @ Abbreviation Code
	.byte	17                              @ DW_TAG_compile_unit
	.byte	1                               @ DW_CHILDREN_yes
	.byte	37                              @ DW_AT_producer
	.byte	14                              @ DW_FORM_strp
	.byte	19                              @ DW_AT_language
	.byte	5                               @ DW_FORM_data2
	.byte	3                               @ DW_AT_name
	.byte	14                              @ DW_FORM_strp
	.byte	16                              @ DW_AT_stmt_list
	.byte	6                               @ DW_FORM_data4
	.byte	27                              @ DW_AT_comp_dir
	.byte	14                              @ DW_FORM_strp
	.byte	17                              @ DW_AT_low_pc
	.byte	1                               @ DW_FORM_addr
	.byte	85                              @ DW_AT_ranges
	.byte	6                               @ DW_FORM_data4
	.byte	0                               @ EOM(1)
	.byte	0                               @ EOM(2)
	.byte	2                               @ Abbreviation Code
	.byte	52                              @ DW_TAG_variable
	.byte	0                               @ DW_CHILDREN_no
	.byte	3                               @ DW_AT_name
	.byte	14                              @ DW_FORM_strp
	.byte	73                              @ DW_AT_type
	.byte	19                              @ DW_FORM_ref4
	.byte	58                              @ DW_AT_decl_file
	.byte	11                              @ DW_FORM_data1
	.byte	59                              @ DW_AT_decl_line
	.byte	11                              @ DW_FORM_data1
	.byte	2                               @ DW_AT_location
	.byte	10                              @ DW_FORM_block1
	.byte	0                               @ EOM(1)
	.byte	0                               @ EOM(2)
	.byte	3                               @ Abbreviation Code
	.byte	1                               @ DW_TAG_array_type
	.byte	1                               @ DW_CHILDREN_yes
	.byte	73                              @ DW_AT_type
	.byte	19                              @ DW_FORM_ref4
	.byte	0                               @ EOM(1)
	.byte	0                               @ EOM(2)
	.byte	4                               @ Abbreviation Code
	.byte	33                              @ DW_TAG_subrange_type
	.byte	0                               @ DW_CHILDREN_no
	.byte	73                              @ DW_AT_type
	.byte	19                              @ DW_FORM_ref4
	.byte	55                              @ DW_AT_count
	.byte	11                              @ DW_FORM_data1
	.byte	0                               @ EOM(1)
	.byte	0                               @ EOM(2)
	.byte	5                               @ Abbreviation Code
	.byte	38                              @ DW_TAG_const_type
	.byte	0                               @ DW_CHILDREN_no
	.byte	73                              @ DW_AT_type
	.byte	19                              @ DW_FORM_ref4
	.byte	0                               @ EOM(1)
	.byte	0                               @ EOM(2)
	.byte	6                               @ Abbreviation Code
	.byte	22                              @ DW_TAG_typedef
	.byte	0                               @ DW_CHILDREN_no
	.byte	73                              @ DW_AT_type
	.byte	19                              @ DW_FORM_ref4
	.byte	3                               @ DW_AT_name
	.byte	14                              @ DW_FORM_strp
	.byte	58                              @ DW_AT_decl_file
	.byte	11                              @ DW_FORM_data1
	.byte	59                              @ DW_AT_decl_line
	.byte	11                              @ DW_FORM_data1
	.byte	0                               @ EOM(1)
	.byte	0                               @ EOM(2)
	.byte	7                               @ Abbreviation Code
	.byte	36                              @ DW_TAG_base_type
	.byte	0                               @ DW_CHILDREN_no
	.byte	3                               @ DW_AT_name
	.byte	14                              @ DW_FORM_strp
	.byte	62                              @ DW_AT_encoding
	.byte	11                              @ DW_FORM_data1
	.byte	11                              @ DW_AT_byte_size
	.byte	11                              @ DW_FORM_data1
	.byte	0                               @ EOM(1)
	.byte	0                               @ EOM(2)
	.byte	8                               @ Abbreviation Code
	.byte	36                              @ DW_TAG_base_type
	.byte	0                               @ DW_CHILDREN_no
	.byte	3                               @ DW_AT_name
	.byte	14                              @ DW_FORM_strp
	.byte	11                              @ DW_AT_byte_size
	.byte	11                              @ DW_FORM_data1
	.byte	62                              @ DW_AT_encoding
	.byte	11                              @ DW_FORM_data1
	.byte	0                               @ EOM(1)
	.byte	0                               @ EOM(2)
	.byte	9                               @ Abbreviation Code
	.byte	46                              @ DW_TAG_subprogram
	.byte	1                               @ DW_CHILDREN_yes
	.byte	17                              @ DW_AT_low_pc
	.byte	1                               @ DW_FORM_addr
	.byte	18                              @ DW_AT_high_pc
	.byte	1                               @ DW_FORM_addr
	.byte	64                              @ DW_AT_frame_base
	.byte	10                              @ DW_FORM_block1
	.byte	3                               @ DW_AT_name
	.byte	14                              @ DW_FORM_strp
	.byte	58                              @ DW_AT_decl_file
	.byte	11                              @ DW_FORM_data1
	.byte	59                              @ DW_AT_decl_line
	.byte	11                              @ DW_FORM_data1
	.byte	39                              @ DW_AT_prototyped
	.byte	12                              @ DW_FORM_flag
	.byte	73                              @ DW_AT_type
	.byte	19                              @ DW_FORM_ref4
	.byte	63                              @ DW_AT_external
	.byte	12                              @ DW_FORM_flag
	.byte	0                               @ EOM(1)
	.byte	0                               @ EOM(2)
	.byte	10                              @ Abbreviation Code
	.byte	5                               @ DW_TAG_formal_parameter
	.byte	0                               @ DW_CHILDREN_no
	.byte	2                               @ DW_AT_location
	.byte	6                               @ DW_FORM_data4
	.byte	3                               @ DW_AT_name
	.byte	14                              @ DW_FORM_strp
	.byte	58                              @ DW_AT_decl_file
	.byte	11                              @ DW_FORM_data1
	.byte	59                              @ DW_AT_decl_line
	.byte	11                              @ DW_FORM_data1
	.byte	73                              @ DW_AT_type
	.byte	19                              @ DW_FORM_ref4
	.byte	0                               @ EOM(1)
	.byte	0                               @ EOM(2)
	.byte	11                              @ Abbreviation Code
	.byte	52                              @ DW_TAG_variable
	.byte	0                               @ DW_CHILDREN_no
	.byte	2                               @ DW_AT_location
	.byte	6                               @ DW_FORM_data4
	.byte	3                               @ DW_AT_name
	.byte	14                              @ DW_FORM_strp
	.byte	58                              @ DW_AT_decl_file
	.byte	11                              @ DW_FORM_data1
	.byte	59                              @ DW_AT_decl_line
	.byte	11                              @ DW_FORM_data1
	.byte	73                              @ DW_AT_type
	.byte	19                              @ DW_FORM_ref4
	.byte	0                               @ EOM(1)
	.byte	0                               @ EOM(2)
	.byte	12                              @ Abbreviation Code
	.byte	5                               @ DW_TAG_formal_parameter
	.byte	0                               @ DW_CHILDREN_no
	.byte	2                               @ DW_AT_location
	.byte	10                              @ DW_FORM_block1
	.byte	3                               @ DW_AT_name
	.byte	14                              @ DW_FORM_strp
	.byte	58                              @ DW_AT_decl_file
	.byte	11                              @ DW_FORM_data1
	.byte	59                              @ DW_AT_decl_line
	.byte	11                              @ DW_FORM_data1
	.byte	73                              @ DW_AT_type
	.byte	19                              @ DW_FORM_ref4
	.byte	0                               @ EOM(1)
	.byte	0                               @ EOM(2)
	.byte	13                              @ Abbreviation Code
	.byte	52                              @ DW_TAG_variable
	.byte	0                               @ DW_CHILDREN_no
	.byte	3                               @ DW_AT_name
	.byte	14                              @ DW_FORM_strp
	.byte	58                              @ DW_AT_decl_file
	.byte	11                              @ DW_FORM_data1
	.byte	59                              @ DW_AT_decl_line
	.byte	11                              @ DW_FORM_data1
	.byte	73                              @ DW_AT_type
	.byte	19                              @ DW_FORM_ref4
	.byte	0                               @ EOM(1)
	.byte	0                               @ EOM(2)
	.byte	14                              @ Abbreviation Code
	.byte	46                              @ DW_TAG_subprogram
	.byte	1                               @ DW_CHILDREN_yes
	.byte	17                              @ DW_AT_low_pc
	.byte	1                               @ DW_FORM_addr
	.byte	18                              @ DW_AT_high_pc
	.byte	1                               @ DW_FORM_addr
	.byte	64                              @ DW_AT_frame_base
	.byte	10                              @ DW_FORM_block1
	.byte	3                               @ DW_AT_name
	.byte	14                              @ DW_FORM_strp
	.byte	58                              @ DW_AT_decl_file
	.byte	11                              @ DW_FORM_data1
	.byte	59                              @ DW_AT_decl_line
	.byte	11                              @ DW_FORM_data1
	.byte	39                              @ DW_AT_prototyped
	.byte	12                              @ DW_FORM_flag
	.byte	63                              @ DW_AT_external
	.byte	12                              @ DW_FORM_flag
	.byte	0                               @ EOM(1)
	.byte	0                               @ EOM(2)
	.byte	15                              @ Abbreviation Code
	.byte	15                              @ DW_TAG_pointer_type
	.byte	0                               @ DW_CHILDREN_no
	.byte	73                              @ DW_AT_type
	.byte	19                              @ DW_FORM_ref4
	.byte	0                               @ EOM(1)
	.byte	0                               @ EOM(2)
	.byte	16                              @ Abbreviation Code
	.byte	19                              @ DW_TAG_structure_type
	.byte	1                               @ DW_CHILDREN_yes
	.byte	11                              @ DW_AT_byte_size
	.byte	11                              @ DW_FORM_data1
	.byte	58                              @ DW_AT_decl_file
	.byte	11                              @ DW_FORM_data1
	.byte	59                              @ DW_AT_decl_line
	.byte	11                              @ DW_FORM_data1
	.byte	0                               @ EOM(1)
	.byte	0                               @ EOM(2)
	.byte	17                              @ Abbreviation Code
	.byte	13                              @ DW_TAG_member
	.byte	0                               @ DW_CHILDREN_no
	.byte	3                               @ DW_AT_name
	.byte	14                              @ DW_FORM_strp
	.byte	73                              @ DW_AT_type
	.byte	19                              @ DW_FORM_ref4
	.byte	58                              @ DW_AT_decl_file
	.byte	11                              @ DW_FORM_data1
	.byte	59                              @ DW_AT_decl_line
	.byte	11                              @ DW_FORM_data1
	.byte	56                              @ DW_AT_data_member_location
	.byte	11                              @ DW_FORM_data1
	.byte	0                               @ EOM(1)
	.byte	0                               @ EOM(2)
	.byte	0                               @ EOM(3)
	.section	.debug_info,"",%progbits
.Lcu_begin0:
	.long	.Ldebug_info_end0-.Ldebug_info_start0 @ Length of Unit
.Ldebug_info_start0:
	.short	3                               @ DWARF version number
	.long	.debug_abbrev                   @ Offset Into Abbrev. Section
	.byte	4                               @ Address Size (in bytes)
	.byte	1                               @ Abbrev [1] 0xb:0x3a4 DW_TAG_compile_unit
	.long	.Linfo_string0                  @ DW_AT_producer
	.short	12                              @ DW_AT_language
	.long	.Linfo_string1                  @ DW_AT_name
	.long	.Lline_table_start0             @ DW_AT_stmt_list
	.long	.Linfo_string2                  @ DW_AT_comp_dir
	.long	0                               @ DW_AT_low_pc
	.long	.Ldebug_ranges0                 @ DW_AT_ranges
	.byte	2                               @ Abbrev [2] 0x26:0x11 DW_TAG_variable
	.long	.Linfo_string3                  @ DW_AT_name
	.long	55                              @ DW_AT_type
	.byte	2                               @ DW_AT_decl_file
	.byte	29                              @ DW_AT_decl_line
	.byte	5                               @ DW_AT_location
	.byte	3
	.long	sin0_90_table
	.byte	3                               @ Abbrev [3] 0x37:0xc DW_TAG_array_type
	.long	67                              @ DW_AT_type
	.byte	4                               @ Abbrev [4] 0x3c:0x6 DW_TAG_subrange_type
	.long	90                              @ DW_AT_type
	.byte	91                              @ DW_AT_count
	.byte	0                               @ End Of Children Mark
	.byte	5                               @ Abbrev [5] 0x43:0x5 DW_TAG_const_type
	.long	72                              @ DW_AT_type
	.byte	6                               @ Abbrev [6] 0x48:0xb DW_TAG_typedef
	.long	83                              @ DW_AT_type
	.long	.Linfo_string5                  @ DW_AT_name
	.byte	1                               @ DW_AT_decl_file
	.byte	57                              @ DW_AT_decl_line
	.byte	7                               @ Abbrev [7] 0x53:0x7 DW_TAG_base_type
	.long	.Linfo_string4                  @ DW_AT_name
	.byte	5                               @ DW_AT_encoding
	.byte	2                               @ DW_AT_byte_size
	.byte	8                               @ Abbrev [8] 0x5a:0x7 DW_TAG_base_type
	.long	.Linfo_string6                  @ DW_AT_name
	.byte	8                               @ DW_AT_byte_size
	.byte	7                               @ DW_AT_encoding
	.byte	9                               @ Abbrev [9] 0x61:0x36 DW_TAG_subprogram
	.long	.Lfunc_begin0                   @ DW_AT_low_pc
	.long	.Lfunc_end0                     @ DW_AT_high_pc
	.byte	1                               @ DW_AT_frame_base
	.byte	93
	.long	.Linfo_string7                  @ DW_AT_name
	.byte	2                               @ DW_AT_decl_file
	.byte	51                              @ DW_AT_decl_line
	.byte	1                               @ DW_AT_prototyped
	.long	72                              @ DW_AT_type
	.byte	1                               @ DW_AT_external
	.byte	10                              @ Abbrev [10] 0x78:0xf DW_TAG_formal_parameter
	.long	.Ldebug_loc0                    @ DW_AT_location
	.long	.Linfo_string21                 @ DW_AT_name
	.byte	2                               @ DW_AT_decl_file
	.byte	51                              @ DW_AT_decl_line
	.long	72                              @ DW_AT_type
	.byte	11                              @ Abbrev [11] 0x87:0xf DW_TAG_variable
	.long	.Ldebug_loc1                    @ DW_AT_location
	.long	.Linfo_string22                 @ DW_AT_name
	.byte	2                               @ DW_AT_decl_file
	.byte	53                              @ DW_AT_decl_line
	.long	72                              @ DW_AT_type
	.byte	0                               @ End Of Children Mark
	.byte	9                               @ Abbrev [9] 0x97:0xdd DW_TAG_subprogram
	.long	.Lfunc_begin1                   @ DW_AT_low_pc
	.long	.Lfunc_end1                     @ DW_AT_high_pc
	.byte	1                               @ DW_AT_frame_base
	.byte	93
	.long	.Linfo_string8                  @ DW_AT_name
	.byte	2                               @ DW_AT_decl_file
	.byte	86                              @ DW_AT_decl_line
	.byte	1                               @ DW_AT_prototyped
	.long	800                             @ DW_AT_type
	.byte	1                               @ DW_AT_external
	.byte	10                              @ Abbrev [10] 0xae:0xf DW_TAG_formal_parameter
	.long	.Ldebug_loc2                    @ DW_AT_location
	.long	.Linfo_string23                 @ DW_AT_name
	.byte	2                               @ DW_AT_decl_file
	.byte	86                              @ DW_AT_decl_line
	.long	800                             @ DW_AT_type
	.byte	10                              @ Abbrev [10] 0xbd:0xf DW_TAG_formal_parameter
	.long	.Ldebug_loc3                    @ DW_AT_location
	.long	.Linfo_string24                 @ DW_AT_name
	.byte	2                               @ DW_AT_decl_file
	.byte	86                              @ DW_AT_decl_line
	.long	800                             @ DW_AT_type
	.byte	10                              @ Abbrev [10] 0xcc:0xf DW_TAG_formal_parameter
	.long	.Ldebug_loc4                    @ DW_AT_location
	.long	.Linfo_string25                 @ DW_AT_name
	.byte	2                               @ DW_AT_decl_file
	.byte	86                              @ DW_AT_decl_line
	.long	800                             @ DW_AT_type
	.byte	10                              @ Abbrev [10] 0xdb:0xf DW_TAG_formal_parameter
	.long	.Ldebug_loc5                    @ DW_AT_location
	.long	.Linfo_string26                 @ DW_AT_name
	.byte	2                               @ DW_AT_decl_file
	.byte	86                              @ DW_AT_decl_line
	.long	800                             @ DW_AT_type
	.byte	12                              @ Abbrev [12] 0xea:0xe DW_TAG_formal_parameter
	.byte	2                               @ DW_AT_location
	.byte	145
	.byte	16
	.long	.Linfo_string27                 @ DW_AT_name
	.byte	2                               @ DW_AT_decl_file
	.byte	86                              @ DW_AT_decl_line
	.long	800                             @ DW_AT_type
	.byte	11                              @ Abbrev [11] 0xf8:0xf DW_TAG_variable
	.long	.Ldebug_loc6                    @ DW_AT_location
	.long	.Linfo_string28                 @ DW_AT_name
	.byte	2                               @ DW_AT_decl_file
	.byte	88                              @ DW_AT_decl_line
	.long	800                             @ DW_AT_type
	.byte	11                              @ Abbrev [11] 0x107:0xf DW_TAG_variable
	.long	.Ldebug_loc7                    @ DW_AT_location
	.long	.Linfo_string29                 @ DW_AT_name
	.byte	2                               @ DW_AT_decl_file
	.byte	91                              @ DW_AT_decl_line
	.long	800                             @ DW_AT_type
	.byte	11                              @ Abbrev [11] 0x116:0xf DW_TAG_variable
	.long	.Ldebug_loc8                    @ DW_AT_location
	.long	.Linfo_string30                 @ DW_AT_name
	.byte	2                               @ DW_AT_decl_file
	.byte	89                              @ DW_AT_decl_line
	.long	800                             @ DW_AT_type
	.byte	11                              @ Abbrev [11] 0x125:0xf DW_TAG_variable
	.long	.Ldebug_loc9                    @ DW_AT_location
	.long	.Linfo_string31                 @ DW_AT_name
	.byte	2                               @ DW_AT_decl_file
	.byte	92                              @ DW_AT_decl_line
	.long	800                             @ DW_AT_type
	.byte	11                              @ Abbrev [11] 0x134:0xf DW_TAG_variable
	.long	.Ldebug_loc10                   @ DW_AT_location
	.long	.Linfo_string32                 @ DW_AT_name
	.byte	2                               @ DW_AT_decl_file
	.byte	90                              @ DW_AT_decl_line
	.long	800                             @ DW_AT_type
	.byte	13                              @ Abbrev [13] 0x143:0xb DW_TAG_variable
	.long	.Linfo_string33                 @ DW_AT_name
	.byte	2                               @ DW_AT_decl_file
	.byte	96                              @ DW_AT_decl_line
	.long	800                             @ DW_AT_type
	.byte	13                              @ Abbrev [13] 0x14e:0xb DW_TAG_variable
	.long	.Linfo_string34                 @ DW_AT_name
	.byte	2                               @ DW_AT_decl_file
	.byte	94                              @ DW_AT_decl_line
	.long	800                             @ DW_AT_type
	.byte	13                              @ Abbrev [13] 0x159:0xb DW_TAG_variable
	.long	.Linfo_string35                 @ DW_AT_name
	.byte	2                               @ DW_AT_decl_file
	.byte	95                              @ DW_AT_decl_line
	.long	800                             @ DW_AT_type
	.byte	11                              @ Abbrev [11] 0x164:0xf DW_TAG_variable
	.long	.Ldebug_loc11                   @ DW_AT_location
	.long	.Linfo_string36                 @ DW_AT_name
	.byte	2                               @ DW_AT_decl_file
	.byte	97                              @ DW_AT_decl_line
	.long	800                             @ DW_AT_type
	.byte	0                               @ End Of Children Mark
	.byte	14                              @ Abbrev [14] 0x174:0x5b DW_TAG_subprogram
	.long	.Lfunc_begin2                   @ DW_AT_low_pc
	.long	.Lfunc_end2                     @ DW_AT_high_pc
	.byte	1                               @ DW_AT_frame_base
	.byte	93
	.long	.Linfo_string11                 @ DW_AT_name
	.byte	2                               @ DW_AT_decl_file
	.byte	112                             @ DW_AT_decl_line
	.byte	1                               @ DW_AT_prototyped
	.byte	1                               @ DW_AT_external
	.byte	10                              @ Abbrev [10] 0x187:0xf DW_TAG_formal_parameter
	.long	.Ldebug_loc12                   @ DW_AT_location
	.long	.Linfo_string37                 @ DW_AT_name
	.byte	2                               @ DW_AT_decl_file
	.byte	112                             @ DW_AT_decl_line
	.long	800                             @ DW_AT_type
	.byte	12                              @ Abbrev [12] 0x196:0xd DW_TAG_formal_parameter
	.byte	1                               @ DW_AT_location
	.byte	81
	.long	.Linfo_string38                 @ DW_AT_name
	.byte	2                               @ DW_AT_decl_file
	.byte	112                             @ DW_AT_decl_line
	.long	872                             @ DW_AT_type
	.byte	12                              @ Abbrev [12] 0x1a3:0xd DW_TAG_formal_parameter
	.byte	1                               @ DW_AT_location
	.byte	82
	.long	.Linfo_string42                 @ DW_AT_name
	.byte	2                               @ DW_AT_decl_file
	.byte	112                             @ DW_AT_decl_line
	.long	800                             @ DW_AT_type
	.byte	11                              @ Abbrev [11] 0x1b0:0xf DW_TAG_variable
	.long	.Ldebug_loc13                   @ DW_AT_location
	.long	.Linfo_string43                 @ DW_AT_name
	.byte	2                               @ DW_AT_decl_file
	.byte	116                             @ DW_AT_decl_line
	.long	800                             @ DW_AT_type
	.byte	11                              @ Abbrev [11] 0x1bf:0xf DW_TAG_variable
	.long	.Ldebug_loc14                   @ DW_AT_location
	.long	.Linfo_string44                 @ DW_AT_name
	.byte	2                               @ DW_AT_decl_file
	.byte	117                             @ DW_AT_decl_line
	.long	800                             @ DW_AT_type
	.byte	0                               @ End Of Children Mark
	.byte	9                               @ Abbrev [9] 0x1cf:0x90 DW_TAG_subprogram
	.long	.Lfunc_begin3                   @ DW_AT_low_pc
	.long	.Lfunc_end3                     @ DW_AT_high_pc
	.byte	1                               @ DW_AT_frame_base
	.byte	93
	.long	.Linfo_string12                 @ DW_AT_name
	.byte	2                               @ DW_AT_decl_file
	.byte	135                             @ DW_AT_decl_line
	.byte	1                               @ DW_AT_prototyped
	.long	818                             @ DW_AT_type
	.byte	1                               @ DW_AT_external
	.byte	10                              @ Abbrev [10] 0x1e6:0xf DW_TAG_formal_parameter
	.long	.Ldebug_loc15                   @ DW_AT_location
	.long	.Linfo_string37                 @ DW_AT_name
	.byte	2                               @ DW_AT_decl_file
	.byte	135                             @ DW_AT_decl_line
	.long	865                             @ DW_AT_type
	.byte	10                              @ Abbrev [10] 0x1f5:0xf DW_TAG_formal_parameter
	.long	.Ldebug_loc16                   @ DW_AT_location
	.long	.Linfo_string45                 @ DW_AT_name
	.byte	2                               @ DW_AT_decl_file
	.byte	135                             @ DW_AT_decl_line
	.long	865                             @ DW_AT_type
	.byte	11                              @ Abbrev [11] 0x204:0xf DW_TAG_variable
	.long	.Ldebug_loc17                   @ DW_AT_location
	.long	.Linfo_string46                 @ DW_AT_name
	.byte	2                               @ DW_AT_decl_file
	.byte	147                             @ DW_AT_decl_line
	.long	917                             @ DW_AT_type
	.byte	11                              @ Abbrev [11] 0x213:0xf DW_TAG_variable
	.long	.Ldebug_loc18                   @ DW_AT_location
	.long	.Linfo_string48                 @ DW_AT_name
	.byte	2                               @ DW_AT_decl_file
	.byte	153                             @ DW_AT_decl_line
	.long	811                             @ DW_AT_type
	.byte	11                              @ Abbrev [11] 0x222:0xf DW_TAG_variable
	.long	.Ldebug_loc19                   @ DW_AT_location
	.long	.Linfo_string49                 @ DW_AT_name
	.byte	2                               @ DW_AT_decl_file
	.byte	154                             @ DW_AT_decl_line
	.long	811                             @ DW_AT_type
	.byte	11                              @ Abbrev [11] 0x231:0xf DW_TAG_variable
	.long	.Ldebug_loc20                   @ DW_AT_location
	.long	.Linfo_string50                 @ DW_AT_name
	.byte	2                               @ DW_AT_decl_file
	.byte	150                             @ DW_AT_decl_line
	.long	811                             @ DW_AT_type
	.byte	11                              @ Abbrev [11] 0x240:0xf DW_TAG_variable
	.long	.Ldebug_loc21                   @ DW_AT_location
	.long	.Linfo_string51                 @ DW_AT_name
	.byte	2                               @ DW_AT_decl_file
	.byte	149                             @ DW_AT_decl_line
	.long	917                             @ DW_AT_type
	.byte	11                              @ Abbrev [11] 0x24f:0xf DW_TAG_variable
	.long	.Ldebug_loc22                   @ DW_AT_location
	.long	.Linfo_string52                 @ DW_AT_name
	.byte	2                               @ DW_AT_decl_file
	.byte	148                             @ DW_AT_decl_line
	.long	917                             @ DW_AT_type
	.byte	0                               @ End Of Children Mark
	.byte	9                               @ Abbrev [9] 0x25f:0x45 DW_TAG_subprogram
	.long	.Lfunc_begin4                   @ DW_AT_low_pc
	.long	.Lfunc_end4                     @ DW_AT_high_pc
	.byte	1                               @ DW_AT_frame_base
	.byte	93
	.long	.Linfo_string15                 @ DW_AT_name
	.byte	2                               @ DW_AT_decl_file
	.byte	219                             @ DW_AT_decl_line
	.byte	1                               @ DW_AT_prototyped
	.long	836                             @ DW_AT_type
	.byte	1                               @ DW_AT_external
	.byte	10                              @ Abbrev [10] 0x276:0xf DW_TAG_formal_parameter
	.long	.Ldebug_loc24                   @ DW_AT_location
	.long	.Linfo_string56                 @ DW_AT_name
	.byte	2                               @ DW_AT_decl_file
	.byte	219                             @ DW_AT_decl_line
	.long	836                             @ DW_AT_type
	.byte	10                              @ Abbrev [10] 0x285:0xf DW_TAG_formal_parameter
	.long	.Ldebug_loc23                   @ DW_AT_location
	.long	.Linfo_string53                 @ DW_AT_name
	.byte	2                               @ DW_AT_decl_file
	.byte	219                             @ DW_AT_decl_line
	.long	924                             @ DW_AT_type
	.byte	11                              @ Abbrev [11] 0x294:0xf DW_TAG_variable
	.long	.Ldebug_loc25                   @ DW_AT_location
	.long	.Linfo_string57                 @ DW_AT_name
	.byte	2                               @ DW_AT_decl_file
	.byte	221                             @ DW_AT_decl_line
	.long	836                             @ DW_AT_type
	.byte	0                               @ End Of Children Mark
	.byte	9                               @ Abbrev [9] 0x2a4:0x7c DW_TAG_subprogram
	.long	.Lfunc_begin5                   @ DW_AT_low_pc
	.long	.Lfunc_end5                     @ DW_AT_high_pc
	.byte	1                               @ DW_AT_frame_base
	.byte	93
	.long	.Linfo_string18                 @ DW_AT_name
	.byte	2                               @ DW_AT_decl_file
	.byte	241                             @ DW_AT_decl_line
	.byte	1                               @ DW_AT_prototyped
	.long	854                             @ DW_AT_type
	.byte	1                               @ DW_AT_external
	.byte	10                              @ Abbrev [10] 0x2bb:0xf DW_TAG_formal_parameter
	.long	.Ldebug_loc26                   @ DW_AT_location
	.long	.Linfo_string37                 @ DW_AT_name
	.byte	2                               @ DW_AT_decl_file
	.byte	241                             @ DW_AT_decl_line
	.long	854                             @ DW_AT_type
	.byte	10                              @ Abbrev [10] 0x2ca:0xf DW_TAG_formal_parameter
	.long	.Ldebug_loc27                   @ DW_AT_location
	.long	.Linfo_string58                 @ DW_AT_name
	.byte	2                               @ DW_AT_decl_file
	.byte	241                             @ DW_AT_decl_line
	.long	854                             @ DW_AT_type
	.byte	12                              @ Abbrev [12] 0x2d9:0xd DW_TAG_formal_parameter
	.byte	1                               @ DW_AT_location
	.byte	82
	.long	.Linfo_string59                 @ DW_AT_name
	.byte	2                               @ DW_AT_decl_file
	.byte	241                             @ DW_AT_decl_line
	.long	854                             @ DW_AT_type
	.byte	12                              @ Abbrev [12] 0x2e6:0xd DW_TAG_formal_parameter
	.byte	1                               @ DW_AT_location
	.byte	83
	.long	.Linfo_string60                 @ DW_AT_name
	.byte	2                               @ DW_AT_decl_file
	.byte	241                             @ DW_AT_decl_line
	.long	854                             @ DW_AT_type
	.byte	12                              @ Abbrev [12] 0x2f3:0xe DW_TAG_formal_parameter
	.byte	2                               @ DW_AT_location
	.byte	145
	.byte	8
	.long	.Linfo_string61                 @ DW_AT_name
	.byte	2                               @ DW_AT_decl_file
	.byte	241                             @ DW_AT_decl_line
	.long	854                             @ DW_AT_type
	.byte	11                              @ Abbrev [11] 0x301:0xf DW_TAG_variable
	.long	.Ldebug_loc28                   @ DW_AT_location
	.long	.Linfo_string62                 @ DW_AT_name
	.byte	2                               @ DW_AT_decl_file
	.byte	253                             @ DW_AT_decl_line
	.long	854                             @ DW_AT_type
	.byte	11                              @ Abbrev [11] 0x310:0xf DW_TAG_variable
	.long	.Ldebug_loc29                   @ DW_AT_location
	.long	.Linfo_string63                 @ DW_AT_name
	.byte	2                               @ DW_AT_decl_file
	.byte	252                             @ DW_AT_decl_line
	.long	854                             @ DW_AT_type
	.byte	0                               @ End Of Children Mark
	.byte	6                               @ Abbrev [6] 0x320:0xb DW_TAG_typedef
	.long	811                             @ DW_AT_type
	.long	.Linfo_string10                 @ DW_AT_name
	.byte	1                               @ DW_AT_decl_file
	.byte	64                              @ DW_AT_decl_line
	.byte	7                               @ Abbrev [7] 0x32b:0x7 DW_TAG_base_type
	.long	.Linfo_string9                  @ DW_AT_name
	.byte	7                               @ DW_AT_encoding
	.byte	4                               @ DW_AT_byte_size
	.byte	6                               @ Abbrev [6] 0x332:0xb DW_TAG_typedef
	.long	829                             @ DW_AT_type
	.long	.Linfo_string14                 @ DW_AT_name
	.byte	1                               @ DW_AT_decl_file
	.byte	63                              @ DW_AT_decl_line
	.byte	7                               @ Abbrev [7] 0x33d:0x7 DW_TAG_base_type
	.long	.Linfo_string13                 @ DW_AT_name
	.byte	7                               @ DW_AT_encoding
	.byte	2                               @ DW_AT_byte_size
	.byte	6                               @ Abbrev [6] 0x344:0xb DW_TAG_typedef
	.long	847                             @ DW_AT_type
	.long	.Linfo_string17                 @ DW_AT_name
	.byte	1                               @ DW_AT_decl_file
	.byte	59                              @ DW_AT_decl_line
	.byte	7                               @ Abbrev [7] 0x34f:0x7 DW_TAG_base_type
	.long	.Linfo_string16                 @ DW_AT_name
	.byte	5                               @ DW_AT_encoding
	.byte	8                               @ DW_AT_byte_size
	.byte	6                               @ Abbrev [6] 0x356:0xb DW_TAG_typedef
	.long	865                             @ DW_AT_type
	.long	.Linfo_string20                 @ DW_AT_name
	.byte	1                               @ DW_AT_decl_file
	.byte	58                              @ DW_AT_decl_line
	.byte	7                               @ Abbrev [7] 0x361:0x7 DW_TAG_base_type
	.long	.Linfo_string19                 @ DW_AT_name
	.byte	5                               @ DW_AT_encoding
	.byte	4                               @ DW_AT_byte_size
	.byte	15                              @ Abbrev [15] 0x368:0x5 DW_TAG_pointer_type
	.long	877                             @ DW_AT_type
	.byte	6                               @ Abbrev [6] 0x36d:0xb DW_TAG_typedef
	.long	888                             @ DW_AT_type
	.long	.Linfo_string41                 @ DW_AT_name
	.byte	3                               @ DW_AT_decl_file
	.byte	52                              @ DW_AT_decl_line
	.byte	16                              @ Abbrev [16] 0x378:0x1d DW_TAG_structure_type
	.byte	4                               @ DW_AT_byte_size
	.byte	3                               @ DW_AT_decl_file
	.byte	49                              @ DW_AT_decl_line
	.byte	17                              @ Abbrev [17] 0x37c:0xc DW_TAG_member
	.long	.Linfo_string39                 @ DW_AT_name
	.long	818                             @ DW_AT_type
	.byte	3                               @ DW_AT_decl_file
	.byte	50                              @ DW_AT_decl_line
	.byte	0                               @ DW_AT_data_member_location
	.byte	17                              @ Abbrev [17] 0x388:0xc DW_TAG_member
	.long	.Linfo_string40                 @ DW_AT_name
	.long	818                             @ DW_AT_type
	.byte	3                               @ DW_AT_decl_file
	.byte	51                              @ DW_AT_decl_line
	.byte	2                               @ DW_AT_data_member_location
	.byte	0                               @ End Of Children Mark
	.byte	7                               @ Abbrev [7] 0x395:0x7 DW_TAG_base_type
	.long	.Linfo_string47                 @ DW_AT_name
	.byte	8                               @ DW_AT_encoding
	.byte	1                               @ DW_AT_byte_size
	.byte	6                               @ Abbrev [6] 0x39c:0xb DW_TAG_typedef
	.long	935                             @ DW_AT_type
	.long	.Linfo_string55                 @ DW_AT_name
	.byte	1                               @ DW_AT_decl_file
	.byte	56                              @ DW_AT_decl_line
	.byte	7                               @ Abbrev [7] 0x3a7:0x7 DW_TAG_base_type
	.long	.Linfo_string54                 @ DW_AT_name
	.byte	6                               @ DW_AT_encoding
	.byte	1                               @ DW_AT_byte_size
	.byte	0                               @ End Of Children Mark
.Ldebug_info_end0:
	.section	.debug_ranges,"",%progbits
.Ldebug_ranges0:
	.long	.Lfunc_begin0
	.long	.Lfunc_end0
	.long	.Lfunc_begin1
	.long	.Lfunc_end1
	.long	.Lfunc_begin2
	.long	.Lfunc_end2
	.long	.Lfunc_begin3
	.long	.Lfunc_end3
	.long	.Lfunc_begin4
	.long	.Lfunc_end4
	.long	.Lfunc_begin5
	.long	.Lfunc_end5
	.long	0
	.long	0
	.section	.debug_str,"MS",%progbits,1
.Linfo_string0:
	.asciz	"Component: ARM Compiler 6.16 Tool: armclang [5dfeb700]" @ string offset=0
.Linfo_string1:
	.asciz	"lvgl/src/lv_misc\\lv_math.c"   @ string offset=55
.Linfo_string2:
	.asciz	"E:\\Smart-access-control\\Hardware\\CODE" @ string offset=82
.Linfo_string3:
	.asciz	"sin0_90_table"                 @ string offset=120
.Linfo_string4:
	.asciz	"short"                         @ string offset=134
.Linfo_string5:
	.asciz	"int16_t"                       @ string offset=140
.Linfo_string6:
	.asciz	"__ARRAY_SIZE_TYPE__"           @ string offset=148
.Linfo_string7:
	.asciz	"_lv_trigo_sin"                 @ string offset=168
.Linfo_string8:
	.asciz	"_lv_bezier3"                   @ string offset=182
.Linfo_string9:
	.asciz	"unsigned int"                  @ string offset=194
.Linfo_string10:
	.asciz	"uint32_t"                      @ string offset=207
.Linfo_string11:
	.asciz	"_lv_sqrt"                      @ string offset=216
.Linfo_string12:
	.asciz	"_lv_atan2"                     @ string offset=225
.Linfo_string13:
	.asciz	"unsigned short"                @ string offset=235
.Linfo_string14:
	.asciz	"uint16_t"                      @ string offset=250
.Linfo_string15:
	.asciz	"_lv_pow"                       @ string offset=259
.Linfo_string16:
	.asciz	"long long int"                 @ string offset=267
.Linfo_string17:
	.asciz	"int64_t"                       @ string offset=281
.Linfo_string18:
	.asciz	"_lv_map"                       @ string offset=289
.Linfo_string19:
	.asciz	"int"                           @ string offset=297
.Linfo_string20:
	.asciz	"int32_t"                       @ string offset=301
.Linfo_string21:
	.asciz	"angle"                         @ string offset=309
.Linfo_string22:
	.asciz	"ret"                           @ string offset=315
.Linfo_string23:
	.asciz	"t"                             @ string offset=319
.Linfo_string24:
	.asciz	"u0"                            @ string offset=321
.Linfo_string25:
	.asciz	"u1"                            @ string offset=324
.Linfo_string26:
	.asciz	"u2"                            @ string offset=327
.Linfo_string27:
	.asciz	"u3"                            @ string offset=330
.Linfo_string28:
	.asciz	"t_rem"                         @ string offset=333
.Linfo_string29:
	.asciz	"t2"                            @ string offset=339
.Linfo_string30:
	.asciz	"t_rem2"                        @ string offset=342
.Linfo_string31:
	.asciz	"t3"                            @ string offset=349
.Linfo_string32:
	.asciz	"t_rem3"                        @ string offset=352
.Linfo_string33:
	.asciz	"v3"                            @ string offset=359
.Linfo_string34:
	.asciz	"v1"                            @ string offset=362
.Linfo_string35:
	.asciz	"v2"                            @ string offset=365
.Linfo_string36:
	.asciz	"v4"                            @ string offset=368
.Linfo_string37:
	.asciz	"x"                             @ string offset=371
.Linfo_string38:
	.asciz	"q"                             @ string offset=373
.Linfo_string39:
	.asciz	"i"                             @ string offset=375
.Linfo_string40:
	.asciz	"f"                             @ string offset=377
.Linfo_string41:
	.asciz	"lv_sqrt_res_t"                 @ string offset=379
.Linfo_string42:
	.asciz	"mask"                          @ string offset=393
.Linfo_string43:
	.asciz	"root"                          @ string offset=398
.Linfo_string44:
	.asciz	"trial"                         @ string offset=403
.Linfo_string45:
	.asciz	"y"                             @ string offset=409
.Linfo_string46:
	.asciz	"negflag"                       @ string offset=411
.Linfo_string47:
	.asciz	"unsigned char"                 @ string offset=419
.Linfo_string48:
	.asciz	"ux"                            @ string offset=433
.Linfo_string49:
	.asciz	"uy"                            @ string offset=436
.Linfo_string50:
	.asciz	"degree"                        @ string offset=439
.Linfo_string51:
	.asciz	"comp"                          @ string offset=446
.Linfo_string52:
	.asciz	"tempdegree"                    @ string offset=451
.Linfo_string53:
	.asciz	"exp"                           @ string offset=462
.Linfo_string54:
	.asciz	"signed char"                   @ string offset=466
.Linfo_string55:
	.asciz	"int8_t"                        @ string offset=478
.Linfo_string56:
	.asciz	"base"                          @ string offset=485
.Linfo_string57:
	.asciz	"result"                        @ string offset=490
.Linfo_string58:
	.asciz	"min_in"                        @ string offset=497
.Linfo_string59:
	.asciz	"max_in"                        @ string offset=504
.Linfo_string60:
	.asciz	"min_out"                       @ string offset=511
.Linfo_string61:
	.asciz	"max_out"                       @ string offset=519
.Linfo_string62:
	.asciz	"delta_out"                     @ string offset=527
.Linfo_string63:
	.asciz	"delta_in"                      @ string offset=537
	.ident	"Component: ARM Compiler 6.16 Tool: armclang [5dfeb700]"
	.section	".note.GNU-stack","",%progbits
	.eabi_attribute	30, 1	@ Tag_ABI_optimization_goals
	.ARM_attribute	16, 1	@ Tag_AV_eba
	.section	.debug_line,"",%progbits
.Lline_table_start0:
