	.text
	.syntax unified
	.eabi_attribute	67, "2.09"	@ Tag_conformance
	.cpu	cortex-m7
	.eabi_attribute	6, 13	@ Tag_CPU_arch
	.eabi_attribute	7, 77	@ Tag_CPU_arch_profile
	.eabi_attribute	8, 0	@ Tag_ARM_ISA_use
	.eabi_attribute	9, 2	@ Tag_THUMB_ISA_use
	.fpu	fpv5-d16
	.eabi_attribute	36, 1	@ Tag_FP_HP_extension
	.eabi_attribute	34, 1	@ Tag_CPU_unaligned_access
	.eabi_attribute	17, 1	@ Tag_ABI_PCS_GOT_use
	.eabi_attribute	20, 2	@ Tag_ABI_FP_denormal
	.eabi_attribute	21, 0	@ Tag_ABI_FP_exceptions
	.eabi_attribute	23, 1	@ Tag_ABI_FP_number_model
	.eabi_attribute	24, 1	@ Tag_ABI_align_needed
	.eabi_attribute	25, 1	@ Tag_ABI_align_preserved
	.eabi_attribute	28, 1	@ Tag_ABI_VFP_args
	.eabi_attribute	38, 1	@ Tag_ABI_FP_16bit_format
	.eabi_attribute	18, 2	@ Tag_ABI_PCS_wchar_t
	.eabi_attribute	26, 1	@ Tag_ABI_enum_size
	.eabi_attribute	14, 0	@ Tag_ABI_PCS_R9_use
	.file	"lv_utils.c"
	.section	.text._lv_utils_num_to_str,"ax",%progbits
	.hidden	_lv_utils_num_to_str            @ -- Begin function _lv_utils_num_to_str
	.globl	_lv_utils_num_to_str
	.p2align	3
	.type	_lv_utils_num_to_str,%function
	.code	16                              @ @_lv_utils_num_to_str
	.thumb_func
_lv_utils_num_to_str:
.Lfunc_begin0:
	.file	1 "E:\\Smart-access-control\\Hardware\\CODE" "lvgl/src/lv_misc/lv_utils.c"
	.loc	1 47 0                          @ lvgl/src/lv_misc/lv_utils.c:47:0
	.fnstart
	.cfi_sections .debug_frame
	.cfi_startproc
@ %bb.0:
	@DEBUG_VALUE: _lv_utils_num_to_str:num <- $r0
	@DEBUG_VALUE: _lv_utils_num_to_str:buf <- $r1
	.save	{r4, r5, r6, lr}
	push	{r4, r5, r6, lr}
	.cfi_def_cfa_offset 16
	.cfi_offset lr, -4
	.cfi_offset r6, -8
	.cfi_offset r5, -12
	.cfi_offset r4, -16
	mov	r2, r0
.Ltmp0:
	@DEBUG_VALUE: _lv_utils_num_to_str:num <- $r2
	.loc	1 48 8 prologue_end             @ lvgl/src/lv_misc/lv_utils.c:48:8
	cmp	r0, #0
	mov	r0, r1
.Ltmp1:
	@DEBUG_VALUE: _lv_utils_num_to_str:buf <- $r0
	beq	.LBB0_3
.Ltmp2:
@ %bb.1:
	@DEBUG_VALUE: _lv_utils_num_to_str:num <- $r2
	@DEBUG_VALUE: _lv_utils_num_to_str:buf <- $r0
	@DEBUG_VALUE: _lv_utils_num_to_str:digitCount <- 0
	@DEBUG_VALUE: _lv_utils_num_to_str:i <- 0
	.loc	1 55 8                          @ lvgl/src/lv_misc/lv_utils.c:55:8
	cmp.w	r2, #-1
	ble	.LBB0_4
.Ltmp3:
@ %bb.2:
	@DEBUG_VALUE: _lv_utils_num_to_str:num <- $r2
	@DEBUG_VALUE: _lv_utils_num_to_str:buf <- $r0
	@DEBUG_VALUE: _lv_utils_num_to_str:i <- 0
	@DEBUG_VALUE: _lv_utils_num_to_str:digitCount <- 0
	.loc	1 0 8 is_stmt 0                 @ lvgl/src/lv_misc/lv_utils.c:0:8
	mov.w	lr, #0
	b	.LBB0_5
.Ltmp4:
.LBB0_3:
	@DEBUG_VALUE: _lv_utils_num_to_str:num <- $r2
	@DEBUG_VALUE: _lv_utils_num_to_str:buf <- $r0
	movs	r1, #48
.Ltmp5:
	.loc	1 49 16 is_stmt 1               @ lvgl/src/lv_misc/lv_utils.c:49:16
	strh	r1, [r0]
.Ltmp6:
	.loc	1 75 1                          @ lvgl/src/lv_misc/lv_utils.c:75:1
	pop	{r4, r5, r6, pc}
.Ltmp7:
.LBB0_4:
	@DEBUG_VALUE: _lv_utils_num_to_str:num <- $r2
	@DEBUG_VALUE: _lv_utils_num_to_str:buf <- $r0
	@DEBUG_VALUE: _lv_utils_num_to_str:i <- 0
	@DEBUG_VALUE: _lv_utils_num_to_str:digitCount <- 0
	@DEBUG_VALUE: _lv_utils_num_to_str:digitCount <- 1
	.loc	1 57 29                         @ lvgl/src/lv_misc/lv_utils.c:57:29
	rsbs	r2, r2, #0
.Ltmp8:
	@DEBUG_VALUE: _lv_utils_num_to_str:num <- $r2
	.loc	1 0 29 is_stmt 0                @ lvgl/src/lv_misc/lv_utils.c:0:29
	mov.w	lr, #1
.Ltmp9:
	@DEBUG_VALUE: _lv_utils_num_to_str:i <- 1
	movs	r1, #45
	.loc	1 56 27 is_stmt 1               @ lvgl/src/lv_misc/lv_utils.c:56:27
	strb	r1, [r0]
.Ltmp10:
.LBB0_5:
	@DEBUG_VALUE: _lv_utils_num_to_str:num <- $r2
	@DEBUG_VALUE: _lv_utils_num_to_str:buf <- $r0
	@DEBUG_VALUE: _lv_utils_num_to_str:num <- $r2
	@DEBUG_VALUE: _lv_utils_num_to_str:digitCount <- $lr
	@DEBUG_VALUE: _lv_utils_num_to_str:i <- $lr
	.loc	1 0 0 is_stmt 0                 @ lvgl/src/lv_misc/lv_utils.c:0:0
	mov	r3, lr
	.loc	1 60 5 is_stmt 1                @ lvgl/src/lv_misc/lv_utils.c:60:5
	cbz	r2, .LBB0_8
.Ltmp11:
@ %bb.6:
	@DEBUG_VALUE: _lv_utils_num_to_str:num <- $r2
	@DEBUG_VALUE: _lv_utils_num_to_str:buf <- $r0
	@DEBUG_VALUE: _lv_utils_num_to_str:i <- $lr
	@DEBUG_VALUE: _lv_utils_num_to_str:digitCount <- $lr
	.loc	1 0 5 is_stmt 0                 @ lvgl/src/lv_misc/lv_utils.c:0:5
	movw	r12, #26215
	mov	r1, lr
	movt	r12, #26214
.Ltmp12:
	.p2align	2
.LBB0_7:                                @ =>This Inner Loop Header: Depth=1
	@DEBUG_VALUE: _lv_utils_num_to_str:num <- $r2
	@DEBUG_VALUE: _lv_utils_num_to_str:buf <- $r0
	@DEBUG_VALUE: _lv_utils_num_to_str:i <- $lr
	@DEBUG_VALUE: _lv_utils_num_to_str:num <- $r2
	@DEBUG_VALUE: _lv_utils_num_to_str:digitCount <- $r1
	.loc	1 62 9 is_stmt 1                @ lvgl/src/lv_misc/lv_utils.c:62:9
	sxtb	r6, r1
	.loc	1 63 13                         @ lvgl/src/lv_misc/lv_utils.c:63:13
	smmul	r3, r2, r12
	asrs	r4, r3, #2
	add.w	r4, r4, r3, lsr #31
.Ltmp13:
	@DEBUG_VALUE: _lv_utils_num_to_str:num <- $r4
	.loc	1 0 13 is_stmt 0                @ lvgl/src/lv_misc/lv_utils.c:0:13
	add.w	r3, r4, r4, lsl #2
	sub.w	r5, r2, r3, lsl #1
.Ltmp14:
	@DEBUG_VALUE: digit <- [DW_OP_LLVM_convert 32 7, DW_OP_LLVM_convert 8 7, DW_OP_stack_value] $r5
	.loc	1 60 5 is_stmt 1                @ lvgl/src/lv_misc/lv_utils.c:60:5
	adds	r2, #9
.Ltmp15:
	.loc	1 62 23                         @ lvgl/src/lv_misc/lv_utils.c:62:23
	adds	r3, r1, #1
.Ltmp16:
	@DEBUG_VALUE: digit <- [DW_OP_LLVM_convert 32 7, DW_OP_LLVM_convert 8 7, DW_OP_stack_value] $r5
	@DEBUG_VALUE: _lv_utils_num_to_str:digitCount <- $r3
	.loc	1 60 5                          @ lvgl/src/lv_misc/lv_utils.c:60:5
	cmp	r2, #18
.Ltmp17:
	.loc	1 62 29                         @ lvgl/src/lv_misc/lv_utils.c:62:29
	add.w	r1, r5, #48
	@DEBUG_VALUE: digit <- [DW_OP_LLVM_convert 32 7, DW_OP_LLVM_convert 8 7, DW_OP_stack_value] $r5
	.loc	1 62 27 is_stmt 0               @ lvgl/src/lv_misc/lv_utils.c:62:27
	strb	r1, [r0, r6]
	mov	r2, r4
.Ltmp18:
	@DEBUG_VALUE: _lv_utils_num_to_str:num <- $r2
	.loc	1 0 27                          @ lvgl/src/lv_misc/lv_utils.c:0:27
	mov	r1, r3
.Ltmp19:
	.loc	1 60 5 is_stmt 1                @ lvgl/src/lv_misc/lv_utils.c:60:5
	bhi	.LBB0_7
.Ltmp20:
.LBB0_8:
	@DEBUG_VALUE: _lv_utils_num_to_str:num <- $r2
	@DEBUG_VALUE: _lv_utils_num_to_str:buf <- $r0
	@DEBUG_VALUE: _lv_utils_num_to_str:i <- $lr
	.loc	1 65 5                          @ lvgl/src/lv_misc/lv_utils.c:65:5
	sxtb	r1, r3
	.loc	1 0 0 is_stmt 0                 @ lvgl/src/lv_misc/lv_utils.c:0:0
	subs	r2, r3, #1
.Ltmp21:
	@DEBUG_VALUE: _lv_utils_num_to_str:digitCount <- $r2
	sxtb	r2, r2
.Ltmp22:
	@DEBUG_VALUE: _lv_utils_num_to_str:i <- $lr
	movs	r3, #0
	.loc	1 67 5 is_stmt 1                @ lvgl/src/lv_misc/lv_utils.c:67:5
	cmp	r2, lr
	.loc	1 65 21                         @ lvgl/src/lv_misc/lv_utils.c:65:21
	strb	r3, [r0, r1]
.Ltmp23:
	@DEBUG_VALUE: _lv_utils_num_to_str:digitCount <- [DW_OP_constu 1, DW_OP_minus, DW_OP_stack_value] undef
	.loc	1 75 1                          @ lvgl/src/lv_misc/lv_utils.c:75:1
	it	le
	pople	{r4, r5, r6, pc}
.Ltmp24:
	.p2align	2
.LBB0_9:                                @ =>This Inner Loop Header: Depth=1
	@DEBUG_VALUE: _lv_utils_num_to_str:buf <- $r0
	@DEBUG_VALUE: _lv_utils_num_to_str:i <- $lr
	.loc	1 67 24                         @ lvgl/src/lv_misc/lv_utils.c:67:24
	sxtb.w	r1, lr
.Ltmp25:
	.loc	1 72 10                         @ lvgl/src/lv_misc/lv_utils.c:72:10
	add.w	r4, lr, #1
.Ltmp26:
	@DEBUG_VALUE: _lv_utils_num_to_str:i <- $r4
	.loc	1 67 11                         @ lvgl/src/lv_misc/lv_utils.c:67:11
	sxtb	r3, r2
	.loc	1 0 0 is_stmt 0                 @ lvgl/src/lv_misc/lv_utils.c:0:0
	subs	r2, #1
.Ltmp27:
	@DEBUG_VALUE: _lv_utils_num_to_str:digitCount <- $r2
	.loc	1 72 10 is_stmt 1               @ lvgl/src/lv_misc/lv_utils.c:72:10
	sxtb.w	lr, r4
	.loc	1 68 27                         @ lvgl/src/lv_misc/lv_utils.c:68:27
	ldrb	r6, [r0, r1]
.Ltmp28:
	@DEBUG_VALUE: temp <- $r6
	.loc	1 0 0 is_stmt 0                 @ lvgl/src/lv_misc/lv_utils.c:0:0
	sxtb	r2, r2
.Ltmp29:
	.loc	1 69 27 is_stmt 1               @ lvgl/src/lv_misc/lv_utils.c:69:27
	ldrb	r5, [r0, r3]
.Ltmp30:
	.loc	1 67 5                          @ lvgl/src/lv_misc/lv_utils.c:67:5
	cmp	r2, lr
.Ltmp31:
	.loc	1 69 25                         @ lvgl/src/lv_misc/lv_utils.c:69:25
	strb	r5, [r0, r1]
	@DEBUG_VALUE: temp <- $r6
	.loc	1 70 25                         @ lvgl/src/lv_misc/lv_utils.c:70:25
	strb	r6, [r0, r3]
.Ltmp32:
	@DEBUG_VALUE: temp <- $r6
	@DEBUG_VALUE: _lv_utils_num_to_str:digitCount <- [DW_OP_constu 1, DW_OP_minus, DW_OP_stack_value] $r2
	.loc	1 67 5                          @ lvgl/src/lv_misc/lv_utils.c:67:5
	bgt	.LBB0_9
.Ltmp33:
@ %bb.10:
	@DEBUG_VALUE: _lv_utils_num_to_str:i <- $r4
	@DEBUG_VALUE: _lv_utils_num_to_str:digitCount <- [DW_OP_constu 1, DW_OP_minus, DW_OP_stack_value] $r2
	@DEBUG_VALUE: _lv_utils_num_to_str:buf <- $r0
	.loc	1 75 1                          @ lvgl/src/lv_misc/lv_utils.c:75:1
	pop	{r4, r5, r6, pc}
.Ltmp34:
.Lfunc_end0:
	.size	_lv_utils_num_to_str, .Lfunc_end0-_lv_utils_num_to_str
	.cfi_endproc
	.cantunwind
	.fnend
                                        @ -- End function
	.section	.text._lv_utils_bsearch,"ax",%progbits
	.hidden	_lv_utils_bsearch               @ -- Begin function _lv_utils_bsearch
	.globl	_lv_utils_bsearch
	.p2align	3
	.type	_lv_utils_bsearch,%function
	.code	16                              @ @_lv_utils_bsearch
	.thumb_func
_lv_utils_bsearch:
.Lfunc_begin1:
	.loc	1 96 0                          @ lvgl/src/lv_misc/lv_utils.c:96:0
	.fnstart
	.cfi_startproc
@ %bb.0:
	@DEBUG_VALUE: _lv_utils_bsearch:key <- $r0
	@DEBUG_VALUE: _lv_utils_bsearch:base <- $r1
	@DEBUG_VALUE: _lv_utils_bsearch:n <- $r2
	@DEBUG_VALUE: _lv_utils_bsearch:size <- $r3
	@DEBUG_VALUE: _lv_utils_bsearch:n <- $r2
	.save	{r4, r5, r6, r7, r8, r9, r10, lr}
	push.w	{r4, r5, r6, r7, r8, r9, r10, lr}
	.cfi_def_cfa_offset 32
	.cfi_offset lr, -4
	.cfi_offset r10, -8
	.cfi_offset r9, -12
	.cfi_offset r8, -16
	.cfi_offset r7, -20
	.cfi_offset r6, -24
	.cfi_offset r5, -28
	.cfi_offset r4, -32
.Ltmp35:
	@DEBUG_VALUE: _lv_utils_bsearch:middle <- $r1
	@DEBUG_VALUE: _lv_utils_bsearch:cmp <- [DW_OP_plus_uconst 32] [$sp+0]
	@DEBUG_VALUE: _lv_utils_bsearch:size <- $r3
	@DEBUG_VALUE: _lv_utils_bsearch:middle <- $r1
	@DEBUG_VALUE: _lv_utils_bsearch:base <- $r1
	@DEBUG_VALUE: _lv_utils_bsearch:key <- $r0
	.loc	1 100 5 prologue_end            @ lvgl/src/lv_misc/lv_utils.c:100:5
	cbz	r2, .LBB1_8
.Ltmp36:
@ %bb.1:
	@DEBUG_VALUE: _lv_utils_bsearch:size <- $r3
	@DEBUG_VALUE: _lv_utils_bsearch:n <- $r2
	@DEBUG_VALUE: _lv_utils_bsearch:middle <- $r1
	@DEBUG_VALUE: _lv_utils_bsearch:base <- $r1
	@DEBUG_VALUE: _lv_utils_bsearch:key <- $r0
	@DEBUG_VALUE: _lv_utils_bsearch:cmp <- [DW_OP_plus_uconst 32] [$sp+0]
	.loc	1 0 5 is_stmt 0                 @ lvgl/src/lv_misc/lv_utils.c:0:5
	mov	r4, r2
.Ltmp37:
	@DEBUG_VALUE: _lv_utils_bsearch:n <- $r4
	@DEBUG_VALUE: _lv_utils_bsearch:n <- $r4
	mov	r10, r3
.Ltmp38:
	@DEBUG_VALUE: _lv_utils_bsearch:size <- $r10
	@DEBUG_VALUE: _lv_utils_bsearch:size <- $r10
	mov	r7, r1
.Ltmp39:
	@DEBUG_VALUE: _lv_utils_bsearch:base <- $r7
	@DEBUG_VALUE: _lv_utils_bsearch:base <- $r7
	@DEBUG_VALUE: _lv_utils_bsearch:middle <- $r7
	mov	r8, r0
.Ltmp40:
	@DEBUG_VALUE: _lv_utils_bsearch:key <- $r8
	@DEBUG_VALUE: _lv_utils_bsearch:key <- $r8
	ldr.w	r9, [sp, #32]
	b	.LBB1_4
.Ltmp41:
	.p2align	2
.LBB1_2:                                @   in Loop: Header=BB1_4 Depth=1
	@DEBUG_VALUE: _lv_utils_bsearch:size <- $r10
	@DEBUG_VALUE: _lv_utils_bsearch:key <- $r8
	@DEBUG_VALUE: _lv_utils_bsearch:base <- $r7
	@DEBUG_VALUE: _lv_utils_bsearch:middle <- $r5
	@DEBUG_VALUE: _lv_utils_bsearch:n <- $r4
	@DEBUG_VALUE: _lv_utils_bsearch:c <- $r0
	@DEBUG_VALUE: _lv_utils_bsearch:cmp <- [DW_OP_plus_uconst 32] [$sp+0]
	.loc	1 103 39 is_stmt 1              @ lvgl/src/lv_misc/lv_utils.c:103:39
	orn	r0, r4, #1
.Ltmp42:
	.loc	1 104 28                        @ lvgl/src/lv_misc/lv_utils.c:104:28
	add.w	r7, r5, r10
.Ltmp43:
	@DEBUG_VALUE: _lv_utils_bsearch:base <- [DW_OP_LLVM_entry_value 1] $r1
	@DEBUG_VALUE: _lv_utils_bsearch:middle <- $r7
	@DEBUG_VALUE: _lv_utils_bsearch:base <- $r7
	.loc	1 103 39                        @ lvgl/src/lv_misc/lv_utils.c:103:39
	add	r0, r6
	.loc	1 103 28 is_stmt 0              @ lvgl/src/lv_misc/lv_utils.c:103:28
	adds	r4, r0, #1
.Ltmp44:
	@DEBUG_VALUE: _lv_utils_bsearch:n <- $r4
.LBB1_3:                                @   in Loop: Header=BB1_4 Depth=1
	@DEBUG_VALUE: _lv_utils_bsearch:size <- $r10
	@DEBUG_VALUE: _lv_utils_bsearch:key <- $r8
	@DEBUG_VALUE: _lv_utils_bsearch:base <- $r7
	@DEBUG_VALUE: _lv_utils_bsearch:cmp <- [DW_OP_plus_uconst 32] [$sp+0]
	@DEBUG_VALUE: _lv_utils_bsearch:base <- $r7
	@DEBUG_VALUE: _lv_utils_bsearch:n <- $r4
	@DEBUG_VALUE: _lv_utils_bsearch:middle <- $r7
	.loc	1 100 5 is_stmt 1               @ lvgl/src/lv_misc/lv_utils.c:100:5
	cbz	r4, .LBB1_7
.Ltmp45:
.LBB1_4:                                @ =>This Inner Loop Header: Depth=1
	@DEBUG_VALUE: _lv_utils_bsearch:size <- $r10
	@DEBUG_VALUE: _lv_utils_bsearch:key <- $r8
	@DEBUG_VALUE: _lv_utils_bsearch:middle <- $r7
	@DEBUG_VALUE: _lv_utils_bsearch:base <- $r7
	@DEBUG_VALUE: _lv_utils_bsearch:n <- $r4
	@DEBUG_VALUE: _lv_utils_bsearch:cmp <- [DW_OP_plus_uconst 32] [$sp+0]
	@DEBUG_VALUE: _lv_utils_bsearch:n <- $r4
	@DEBUG_VALUE: _lv_utils_bsearch:middle <- $r7
	.loc	1 101 22                        @ lvgl/src/lv_misc/lv_utils.c:101:22
	lsrs	r6, r4, #1
.Ltmp46:
	.loc	1 102 17                        @ lvgl/src/lv_misc/lv_utils.c:102:17
	mov	r0, r8
.Ltmp47:
	.loc	1 101 16                        @ lvgl/src/lv_misc/lv_utils.c:101:16
	mla	r5, r6, r10, r7
.Ltmp48:
	@DEBUG_VALUE: _lv_utils_bsearch:middle <- $r5
	.loc	1 102 17                        @ lvgl/src/lv_misc/lv_utils.c:102:17
	mov	r1, r5
	blx	r9
.Ltmp49:
	@DEBUG_VALUE: _lv_utils_bsearch:c <- $r0
	.loc	1 102 12 is_stmt 0              @ lvgl/src/lv_misc/lv_utils.c:102:12
	cmp	r0, #1
	bge	.LBB1_2
.Ltmp50:
@ %bb.5:                                @   in Loop: Header=BB1_4 Depth=1
	@DEBUG_VALUE: _lv_utils_bsearch:size <- $r10
	@DEBUG_VALUE: _lv_utils_bsearch:key <- $r8
	@DEBUG_VALUE: _lv_utils_bsearch:base <- $r7
	@DEBUG_VALUE: _lv_utils_bsearch:middle <- $r5
	@DEBUG_VALUE: _lv_utils_bsearch:n <- $r4
	@DEBUG_VALUE: _lv_utils_bsearch:c <- $r0
	@DEBUG_VALUE: _lv_utils_bsearch:cmp <- [DW_OP_plus_uconst 32] [$sp+0]
	.loc	1 106 17 is_stmt 1              @ lvgl/src/lv_misc/lv_utils.c:106:17
	cmp.w	r0, #-1
	.loc	1 0 0 is_stmt 0                 @ lvgl/src/lv_misc/lv_utils.c:0:0
	mov	r4, r6
.Ltmp51:
	.loc	1 106 17                        @ lvgl/src/lv_misc/lv_utils.c:106:17
	ble	.LBB1_3
.Ltmp52:
@ %bb.6:
	@DEBUG_VALUE: _lv_utils_bsearch:size <- $r10
	@DEBUG_VALUE: _lv_utils_bsearch:key <- $r8
	@DEBUG_VALUE: _lv_utils_bsearch:base <- $r7
	@DEBUG_VALUE: _lv_utils_bsearch:middle <- $r5
	@DEBUG_VALUE: _lv_utils_bsearch:c <- $r0
	@DEBUG_VALUE: _lv_utils_bsearch:cmp <- [DW_OP_plus_uconst 32] [$sp+0]
	.loc	1 115 1 is_stmt 1               @ lvgl/src/lv_misc/lv_utils.c:115:1
	mov	r0, r5
.Ltmp53:
	pop.w	{r4, r5, r6, r7, r8, r9, r10, pc}
.Ltmp54:
.LBB1_7:
	@DEBUG_VALUE: _lv_utils_bsearch:size <- $r10
	@DEBUG_VALUE: _lv_utils_bsearch:key <- $r8
	@DEBUG_VALUE: _lv_utils_bsearch:middle <- $r7
	@DEBUG_VALUE: _lv_utils_bsearch:base <- $r7
	@DEBUG_VALUE: _lv_utils_bsearch:n <- $r4
	@DEBUG_VALUE: _lv_utils_bsearch:cmp <- [DW_OP_plus_uconst 32] [$sp+0]
	.loc	1 0 1 is_stmt 0                 @ lvgl/src/lv_misc/lv_utils.c:0:1
	movs	r5, #0
	.loc	1 115 1                         @ lvgl/src/lv_misc/lv_utils.c:115:1
	mov	r0, r5
	pop.w	{r4, r5, r6, r7, r8, r9, r10, pc}
.Ltmp55:
.LBB1_8:
	@DEBUG_VALUE: _lv_utils_bsearch:size <- $r3
	@DEBUG_VALUE: _lv_utils_bsearch:n <- $r2
	@DEBUG_VALUE: _lv_utils_bsearch:middle <- $r1
	@DEBUG_VALUE: _lv_utils_bsearch:base <- $r1
	@DEBUG_VALUE: _lv_utils_bsearch:key <- $r0
	@DEBUG_VALUE: _lv_utils_bsearch:cmp <- [DW_OP_plus_uconst 32] [$sp+0]
	.loc	1 0 1                           @ lvgl/src/lv_misc/lv_utils.c:0:1
	movs	r0, #0
.Ltmp56:
	@DEBUG_VALUE: _lv_utils_bsearch:key <- [DW_OP_LLVM_entry_value 1] $r0
	.loc	1 115 1                         @ lvgl/src/lv_misc/lv_utils.c:115:1
	pop.w	{r4, r5, r6, r7, r8, r9, r10, pc}
.Ltmp57:
.Lfunc_end1:
	.size	_lv_utils_bsearch, .Lfunc_end1-_lv_utils_bsearch
	.cfi_endproc
	.cantunwind
	.fnend
                                        @ -- End function
	.file	2 "D:\\Keil_v5\\ARM\\ARMCLANG\\Bin\\..\\include" "stdint.h"
	.section	.debug_loc,"",%progbits
.Ldebug_loc0:
	.long	-1
	.long	.Lfunc_begin0                   @   base address
	.long	.Lfunc_begin0-.Lfunc_begin0
	.long	.Ltmp0-.Lfunc_begin0
	.short	1                               @ Loc expr size
	.byte	80                              @ DW_OP_reg0
	.long	.Ltmp0-.Lfunc_begin0
	.long	.Ltmp13-.Lfunc_begin0
	.short	1                               @ Loc expr size
	.byte	82                              @ DW_OP_reg2
	.long	.Ltmp13-.Lfunc_begin0
	.long	.Ltmp18-.Lfunc_begin0
	.short	1                               @ Loc expr size
	.byte	84                              @ DW_OP_reg4
	.long	.Ltmp18-.Lfunc_begin0
	.long	.Ltmp21-.Lfunc_begin0
	.short	1                               @ Loc expr size
	.byte	82                              @ DW_OP_reg2
	.long	0
	.long	0
.Ldebug_loc1:
	.long	-1
	.long	.Lfunc_begin0                   @   base address
	.long	.Lfunc_begin0-.Lfunc_begin0
	.long	.Ltmp1-.Lfunc_begin0
	.short	1                               @ Loc expr size
	.byte	81                              @ DW_OP_reg1
	.long	.Ltmp1-.Lfunc_begin0
	.long	.Lfunc_end0-.Lfunc_begin0
	.short	1                               @ Loc expr size
	.byte	80                              @ DW_OP_reg0
	.long	0
	.long	0
.Ldebug_loc2:
	.long	-1
	.long	.Lfunc_begin0                   @   base address
	.long	.Ltmp2-.Lfunc_begin0
	.long	.Ltmp4-.Lfunc_begin0
	.short	1                               @ Loc expr size
	.byte	48                              @ DW_OP_lit0
	.long	.Ltmp7-.Lfunc_begin0
	.long	.Ltmp10-.Lfunc_begin0
	.short	1                               @ Loc expr size
	.byte	49                              @ DW_OP_lit1
	.long	.Ltmp10-.Lfunc_begin0
	.long	.Ltmp12-.Lfunc_begin0
	.short	1                               @ Loc expr size
	.byte	94                              @ DW_OP_reg14
	.long	.Ltmp12-.Lfunc_begin0
	.long	.Ltmp16-.Lfunc_begin0
	.short	1                               @ Loc expr size
	.byte	81                              @ DW_OP_reg1
	.long	.Ltmp16-.Lfunc_begin0
	.long	.Ltmp20-.Lfunc_begin0
	.short	1                               @ Loc expr size
	.byte	83                              @ DW_OP_reg3
	.long	.Ltmp21-.Lfunc_begin0
	.long	.Ltmp22-.Lfunc_begin0
	.short	1                               @ Loc expr size
	.byte	82                              @ DW_OP_reg2
	.long	.Ltmp27-.Lfunc_begin0
	.long	.Ltmp29-.Lfunc_begin0
	.short	1                               @ Loc expr size
	.byte	82                              @ DW_OP_reg2
	.long	0
	.long	0
.Ldebug_loc3:
	.long	-1
	.long	.Lfunc_begin0                   @   base address
	.long	.Ltmp2-.Lfunc_begin0
	.long	.Ltmp4-.Lfunc_begin0
	.short	1                               @ Loc expr size
	.byte	48                              @ DW_OP_lit0
	.long	.Ltmp7-.Lfunc_begin0
	.long	.Ltmp9-.Lfunc_begin0
	.short	1                               @ Loc expr size
	.byte	48                              @ DW_OP_lit0
	.long	.Ltmp9-.Lfunc_begin0
	.long	.Ltmp10-.Lfunc_begin0
	.short	1                               @ Loc expr size
	.byte	49                              @ DW_OP_lit1
	.long	.Ltmp10-.Lfunc_begin0
	.long	.Ltmp26-.Lfunc_begin0
	.short	1                               @ Loc expr size
	.byte	94                              @ DW_OP_reg14
	.long	.Ltmp26-.Lfunc_begin0
	.long	.Ltmp34-.Lfunc_begin0
	.short	1                               @ Loc expr size
	.byte	84                              @ DW_OP_reg4
	.long	0
	.long	0
.Ldebug_loc4:
	.long	-1
	.long	.Lfunc_begin0                   @   base address
	.long	.Ltmp28-.Lfunc_begin0
	.long	.Ltmp33-.Lfunc_begin0
	.short	1                               @ Loc expr size
	.byte	86                              @ DW_OP_reg6
	.long	0
	.long	0
.Ldebug_loc5:
	.long	-1
	.long	.Lfunc_begin1                   @   base address
	.long	.Lfunc_begin1-.Lfunc_begin1
	.long	.Ltmp40-.Lfunc_begin1
	.short	1                               @ Loc expr size
	.byte	80                              @ DW_OP_reg0
	.long	.Ltmp40-.Lfunc_begin1
	.long	.Ltmp55-.Lfunc_begin1
	.short	1                               @ Loc expr size
	.byte	88                              @ DW_OP_reg8
	.long	.Ltmp55-.Lfunc_begin1
	.long	.Ltmp56-.Lfunc_begin1
	.short	1                               @ Loc expr size
	.byte	80                              @ DW_OP_reg0
	.long	.Ltmp56-.Lfunc_begin1
	.long	.Lfunc_end1-.Lfunc_begin1
	.short	3                               @ Loc expr size
	.byte	163                             @ DW_OP_entry_value
	.byte	1                               @ 1
	.byte	80                              @ DW_OP_reg0
	.long	0
	.long	0
.Ldebug_loc6:
	.long	-1
	.long	.Lfunc_begin1                   @   base address
	.long	.Lfunc_begin1-.Lfunc_begin1
	.long	.Ltmp39-.Lfunc_begin1
	.short	1                               @ Loc expr size
	.byte	81                              @ DW_OP_reg1
	.long	.Ltmp39-.Lfunc_begin1
	.long	.Ltmp55-.Lfunc_begin1
	.short	1                               @ Loc expr size
	.byte	87                              @ DW_OP_reg7
	.long	.Ltmp55-.Lfunc_begin1
	.long	.Lfunc_end1-.Lfunc_begin1
	.short	1                               @ Loc expr size
	.byte	81                              @ DW_OP_reg1
	.long	0
	.long	0
.Ldebug_loc7:
	.long	-1
	.long	.Lfunc_begin1                   @   base address
	.long	.Lfunc_begin1-.Lfunc_begin1
	.long	.Ltmp37-.Lfunc_begin1
	.short	1                               @ Loc expr size
	.byte	82                              @ DW_OP_reg2
	.long	.Ltmp37-.Lfunc_begin1
	.long	.Ltmp51-.Lfunc_begin1
	.short	1                               @ Loc expr size
	.byte	84                              @ DW_OP_reg4
	.long	.Ltmp54-.Lfunc_begin1
	.long	.Ltmp55-.Lfunc_begin1
	.short	1                               @ Loc expr size
	.byte	84                              @ DW_OP_reg4
	.long	.Ltmp55-.Lfunc_begin1
	.long	.Lfunc_end1-.Lfunc_begin1
	.short	1                               @ Loc expr size
	.byte	82                              @ DW_OP_reg2
	.long	0
	.long	0
.Ldebug_loc8:
	.long	-1
	.long	.Lfunc_begin1                   @   base address
	.long	.Lfunc_begin1-.Lfunc_begin1
	.long	.Ltmp38-.Lfunc_begin1
	.short	1                               @ Loc expr size
	.byte	83                              @ DW_OP_reg3
	.long	.Ltmp38-.Lfunc_begin1
	.long	.Ltmp55-.Lfunc_begin1
	.short	1                               @ Loc expr size
	.byte	90                              @ DW_OP_reg10
	.long	.Ltmp55-.Lfunc_begin1
	.long	.Lfunc_end1-.Lfunc_begin1
	.short	1                               @ Loc expr size
	.byte	83                              @ DW_OP_reg3
	.long	0
	.long	0
.Ldebug_loc9:
	.long	-1
	.long	.Lfunc_begin1                   @   base address
	.long	.Ltmp35-.Lfunc_begin1
	.long	.Ltmp39-.Lfunc_begin1
	.short	1                               @ Loc expr size
	.byte	81                              @ DW_OP_reg1
	.long	.Ltmp39-.Lfunc_begin1
	.long	.Ltmp41-.Lfunc_begin1
	.short	1                               @ Loc expr size
	.byte	87                              @ DW_OP_reg7
	.long	.Ltmp41-.Lfunc_begin1
	.long	.Ltmp43-.Lfunc_begin1
	.short	1                               @ Loc expr size
	.byte	85                              @ DW_OP_reg5
	.long	.Ltmp43-.Lfunc_begin1
	.long	.Ltmp48-.Lfunc_begin1
	.short	1                               @ Loc expr size
	.byte	87                              @ DW_OP_reg7
	.long	.Ltmp48-.Lfunc_begin1
	.long	.Ltmp54-.Lfunc_begin1
	.short	1                               @ Loc expr size
	.byte	85                              @ DW_OP_reg5
	.long	.Ltmp54-.Lfunc_begin1
	.long	.Ltmp55-.Lfunc_begin1
	.short	1                               @ Loc expr size
	.byte	87                              @ DW_OP_reg7
	.long	.Ltmp55-.Lfunc_begin1
	.long	.Lfunc_end1-.Lfunc_begin1
	.short	1                               @ Loc expr size
	.byte	81                              @ DW_OP_reg1
	.long	0
	.long	0
.Ldebug_loc10:
	.long	-1
	.long	.Lfunc_begin1                   @   base address
	.long	.Ltmp41-.Lfunc_begin1
	.long	.Ltmp42-.Lfunc_begin1
	.short	1                               @ Loc expr size
	.byte	80                              @ DW_OP_reg0
	.long	.Ltmp49-.Lfunc_begin1
	.long	.Ltmp53-.Lfunc_begin1
	.short	1                               @ Loc expr size
	.byte	80                              @ DW_OP_reg0
	.long	0
	.long	0
	.section	.debug_abbrev,"",%progbits
	.byte	1                               @ Abbreviation Code
	.byte	17                              @ DW_TAG_compile_unit
	.byte	1                               @ DW_CHILDREN_yes
	.byte	37                              @ DW_AT_producer
	.byte	14                              @ DW_FORM_strp
	.byte	19                              @ DW_AT_language
	.byte	5                               @ DW_FORM_data2
	.byte	3                               @ DW_AT_name
	.byte	14                              @ DW_FORM_strp
	.byte	16                              @ DW_AT_stmt_list
	.byte	6                               @ DW_FORM_data4
	.byte	27                              @ DW_AT_comp_dir
	.byte	14                              @ DW_FORM_strp
	.byte	17                              @ DW_AT_low_pc
	.byte	1                               @ DW_FORM_addr
	.byte	85                              @ DW_AT_ranges
	.byte	6                               @ DW_FORM_data4
	.byte	0                               @ EOM(1)
	.byte	0                               @ EOM(2)
	.byte	2                               @ Abbreviation Code
	.byte	15                              @ DW_TAG_pointer_type
	.byte	0                               @ DW_CHILDREN_no
	.byte	73                              @ DW_AT_type
	.byte	19                              @ DW_FORM_ref4
	.byte	0                               @ EOM(1)
	.byte	0                               @ EOM(2)
	.byte	3                               @ Abbreviation Code
	.byte	36                              @ DW_TAG_base_type
	.byte	0                               @ DW_CHILDREN_no
	.byte	3                               @ DW_AT_name
	.byte	14                              @ DW_FORM_strp
	.byte	62                              @ DW_AT_encoding
	.byte	11                              @ DW_FORM_data1
	.byte	11                              @ DW_AT_byte_size
	.byte	11                              @ DW_FORM_data1
	.byte	0                               @ EOM(1)
	.byte	0                               @ EOM(2)
	.byte	4                               @ Abbreviation Code
	.byte	46                              @ DW_TAG_subprogram
	.byte	1                               @ DW_CHILDREN_yes
	.byte	17                              @ DW_AT_low_pc
	.byte	1                               @ DW_FORM_addr
	.byte	18                              @ DW_AT_high_pc
	.byte	1                               @ DW_FORM_addr
	.byte	64                              @ DW_AT_frame_base
	.byte	10                              @ DW_FORM_block1
	.byte	3                               @ DW_AT_name
	.byte	14                              @ DW_FORM_strp
	.byte	58                              @ DW_AT_decl_file
	.byte	11                              @ DW_FORM_data1
	.byte	59                              @ DW_AT_decl_line
	.byte	11                              @ DW_FORM_data1
	.byte	39                              @ DW_AT_prototyped
	.byte	12                              @ DW_FORM_flag
	.byte	73                              @ DW_AT_type
	.byte	19                              @ DW_FORM_ref4
	.byte	63                              @ DW_AT_external
	.byte	12                              @ DW_FORM_flag
	.byte	0                               @ EOM(1)
	.byte	0                               @ EOM(2)
	.byte	5                               @ Abbreviation Code
	.byte	5                               @ DW_TAG_formal_parameter
	.byte	0                               @ DW_CHILDREN_no
	.byte	2                               @ DW_AT_location
	.byte	6                               @ DW_FORM_data4
	.byte	3                               @ DW_AT_name
	.byte	14                              @ DW_FORM_strp
	.byte	58                              @ DW_AT_decl_file
	.byte	11                              @ DW_FORM_data1
	.byte	59                              @ DW_AT_decl_line
	.byte	11                              @ DW_FORM_data1
	.byte	73                              @ DW_AT_type
	.byte	19                              @ DW_FORM_ref4
	.byte	0                               @ EOM(1)
	.byte	0                               @ EOM(2)
	.byte	6                               @ Abbreviation Code
	.byte	52                              @ DW_TAG_variable
	.byte	0                               @ DW_CHILDREN_no
	.byte	2                               @ DW_AT_location
	.byte	6                               @ DW_FORM_data4
	.byte	3                               @ DW_AT_name
	.byte	14                              @ DW_FORM_strp
	.byte	58                              @ DW_AT_decl_file
	.byte	11                              @ DW_FORM_data1
	.byte	59                              @ DW_AT_decl_line
	.byte	11                              @ DW_FORM_data1
	.byte	73                              @ DW_AT_type
	.byte	19                              @ DW_FORM_ref4
	.byte	0                               @ EOM(1)
	.byte	0                               @ EOM(2)
	.byte	7                               @ Abbreviation Code
	.byte	11                              @ DW_TAG_lexical_block
	.byte	1                               @ DW_CHILDREN_yes
	.byte	85                              @ DW_AT_ranges
	.byte	6                               @ DW_FORM_data4
	.byte	0                               @ EOM(1)
	.byte	0                               @ EOM(2)
	.byte	8                               @ Abbreviation Code
	.byte	52                              @ DW_TAG_variable
	.byte	0                               @ DW_CHILDREN_no
	.byte	3                               @ DW_AT_name
	.byte	14                              @ DW_FORM_strp
	.byte	58                              @ DW_AT_decl_file
	.byte	11                              @ DW_FORM_data1
	.byte	59                              @ DW_AT_decl_line
	.byte	11                              @ DW_FORM_data1
	.byte	73                              @ DW_AT_type
	.byte	19                              @ DW_FORM_ref4
	.byte	0                               @ EOM(1)
	.byte	0                               @ EOM(2)
	.byte	9                               @ Abbreviation Code
	.byte	5                               @ DW_TAG_formal_parameter
	.byte	0                               @ DW_CHILDREN_no
	.byte	2                               @ DW_AT_location
	.byte	10                              @ DW_FORM_block1
	.byte	3                               @ DW_AT_name
	.byte	14                              @ DW_FORM_strp
	.byte	58                              @ DW_AT_decl_file
	.byte	11                              @ DW_FORM_data1
	.byte	59                              @ DW_AT_decl_line
	.byte	11                              @ DW_FORM_data1
	.byte	73                              @ DW_AT_type
	.byte	19                              @ DW_FORM_ref4
	.byte	0                               @ EOM(1)
	.byte	0                               @ EOM(2)
	.byte	10                              @ Abbreviation Code
	.byte	15                              @ DW_TAG_pointer_type
	.byte	0                               @ DW_CHILDREN_no
	.byte	0                               @ EOM(1)
	.byte	0                               @ EOM(2)
	.byte	11                              @ Abbreviation Code
	.byte	22                              @ DW_TAG_typedef
	.byte	0                               @ DW_CHILDREN_no
	.byte	73                              @ DW_AT_type
	.byte	19                              @ DW_FORM_ref4
	.byte	3                               @ DW_AT_name
	.byte	14                              @ DW_FORM_strp
	.byte	58                              @ DW_AT_decl_file
	.byte	11                              @ DW_FORM_data1
	.byte	59                              @ DW_AT_decl_line
	.byte	11                              @ DW_FORM_data1
	.byte	0                               @ EOM(1)
	.byte	0                               @ EOM(2)
	.byte	12                              @ Abbreviation Code
	.byte	38                              @ DW_TAG_const_type
	.byte	0                               @ DW_CHILDREN_no
	.byte	0                               @ EOM(1)
	.byte	0                               @ EOM(2)
	.byte	13                              @ Abbreviation Code
	.byte	38                              @ DW_TAG_const_type
	.byte	0                               @ DW_CHILDREN_no
	.byte	73                              @ DW_AT_type
	.byte	19                              @ DW_FORM_ref4
	.byte	0                               @ EOM(1)
	.byte	0                               @ EOM(2)
	.byte	14                              @ Abbreviation Code
	.byte	21                              @ DW_TAG_subroutine_type
	.byte	1                               @ DW_CHILDREN_yes
	.byte	73                              @ DW_AT_type
	.byte	19                              @ DW_FORM_ref4
	.byte	39                              @ DW_AT_prototyped
	.byte	12                              @ DW_FORM_flag
	.byte	0                               @ EOM(1)
	.byte	0                               @ EOM(2)
	.byte	15                              @ Abbreviation Code
	.byte	5                               @ DW_TAG_formal_parameter
	.byte	0                               @ DW_CHILDREN_no
	.byte	73                              @ DW_AT_type
	.byte	19                              @ DW_FORM_ref4
	.byte	0                               @ EOM(1)
	.byte	0                               @ EOM(2)
	.byte	0                               @ EOM(3)
	.section	.debug_info,"",%progbits
.Lcu_begin0:
	.long	.Ldebug_info_end0-.Ldebug_info_start0 @ Length of Unit
.Ldebug_info_start0:
	.short	3                               @ DWARF version number
	.long	.debug_abbrev                   @ Offset Into Abbrev. Section
	.byte	4                               @ Address Size (in bytes)
	.byte	1                               @ Abbrev [1] 0xb:0x17f DW_TAG_compile_unit
	.long	.Linfo_string0                  @ DW_AT_producer
	.short	12                              @ DW_AT_language
	.long	.Linfo_string1                  @ DW_AT_name
	.long	.Lline_table_start0             @ DW_AT_stmt_list
	.long	.Linfo_string2                  @ DW_AT_comp_dir
	.long	0                               @ DW_AT_low_pc
	.long	.Ldebug_ranges2                 @ DW_AT_ranges
	.byte	2                               @ Abbrev [2] 0x26:0x5 DW_TAG_pointer_type
	.long	43                              @ DW_AT_type
	.byte	3                               @ Abbrev [3] 0x2b:0x7 DW_TAG_base_type
	.long	.Linfo_string3                  @ DW_AT_name
	.byte	6                               @ DW_AT_encoding
	.byte	1                               @ DW_AT_byte_size
	.byte	4                               @ Abbrev [4] 0x32:0x7a DW_TAG_subprogram
	.long	.Lfunc_begin0                   @ DW_AT_low_pc
	.long	.Lfunc_end0                     @ DW_AT_high_pc
	.byte	1                               @ DW_AT_frame_base
	.byte	93
	.long	.Linfo_string4                  @ DW_AT_name
	.byte	1                               @ DW_AT_decl_file
	.byte	46                              @ DW_AT_decl_line
	.byte	1                               @ DW_AT_prototyped
	.long	38                              @ DW_AT_type
	.byte	1                               @ DW_AT_external
	.byte	5                               @ Abbrev [5] 0x49:0xf DW_TAG_formal_parameter
	.long	.Ldebug_loc0                    @ DW_AT_location
	.long	.Linfo_string6                  @ DW_AT_name
	.byte	1                               @ DW_AT_decl_file
	.byte	46                              @ DW_AT_decl_line
	.long	301                             @ DW_AT_type
	.byte	5                               @ Abbrev [5] 0x58:0xf DW_TAG_formal_parameter
	.long	.Ldebug_loc1                    @ DW_AT_location
	.long	.Linfo_string9                  @ DW_AT_name
	.byte	1                               @ DW_AT_decl_file
	.byte	46                              @ DW_AT_decl_line
	.long	38                              @ DW_AT_type
	.byte	6                               @ Abbrev [6] 0x67:0xf DW_TAG_variable
	.long	.Ldebug_loc2                    @ DW_AT_location
	.long	.Linfo_string10                 @ DW_AT_name
	.byte	1                               @ DW_AT_decl_file
	.byte	53                              @ DW_AT_decl_line
	.long	319                             @ DW_AT_type
	.byte	6                               @ Abbrev [6] 0x76:0xf DW_TAG_variable
	.long	.Ldebug_loc3                    @ DW_AT_location
	.long	.Linfo_string13                 @ DW_AT_name
	.byte	1                               @ DW_AT_decl_file
	.byte	54                              @ DW_AT_decl_line
	.long	319                             @ DW_AT_type
	.byte	7                               @ Abbrev [7] 0x85:0x11 DW_TAG_lexical_block
	.long	.Ldebug_ranges0                 @ DW_AT_ranges
	.byte	8                               @ Abbrev [8] 0x8a:0xb DW_TAG_variable
	.long	.Linfo_string14                 @ DW_AT_name
	.byte	1                               @ DW_AT_decl_file
	.byte	61                              @ DW_AT_decl_line
	.long	43                              @ DW_AT_type
	.byte	0                               @ End Of Children Mark
	.byte	7                               @ Abbrev [7] 0x96:0x15 DW_TAG_lexical_block
	.long	.Ldebug_ranges1                 @ DW_AT_ranges
	.byte	6                               @ Abbrev [6] 0x9b:0xf DW_TAG_variable
	.long	.Ldebug_loc4                    @ DW_AT_location
	.long	.Linfo_string15                 @ DW_AT_name
	.byte	1                               @ DW_AT_decl_file
	.byte	68                              @ DW_AT_decl_line
	.long	43                              @ DW_AT_type
	.byte	0                               @ End Of Children Mark
	.byte	0                               @ End Of Children Mark
	.byte	4                               @ Abbrev [4] 0xac:0x80 DW_TAG_subprogram
	.long	.Lfunc_begin1                   @ DW_AT_low_pc
	.long	.Lfunc_end1                     @ DW_AT_high_pc
	.byte	1                               @ DW_AT_frame_base
	.byte	93
	.long	.Linfo_string5                  @ DW_AT_name
	.byte	1                               @ DW_AT_decl_file
	.byte	94                              @ DW_AT_decl_line
	.byte	1                               @ DW_AT_prototyped
	.long	300                             @ DW_AT_type
	.byte	1                               @ DW_AT_external
	.byte	5                               @ Abbrev [5] 0xc3:0xf DW_TAG_formal_parameter
	.long	.Ldebug_loc5                    @ DW_AT_location
	.long	.Linfo_string16                 @ DW_AT_name
	.byte	1                               @ DW_AT_decl_file
	.byte	94                              @ DW_AT_decl_line
	.long	337                             @ DW_AT_type
	.byte	5                               @ Abbrev [5] 0xd2:0xf DW_TAG_formal_parameter
	.long	.Ldebug_loc6                    @ DW_AT_location
	.long	.Linfo_string17                 @ DW_AT_name
	.byte	1                               @ DW_AT_decl_file
	.byte	94                              @ DW_AT_decl_line
	.long	337                             @ DW_AT_type
	.byte	5                               @ Abbrev [5] 0xe1:0xf DW_TAG_formal_parameter
	.long	.Ldebug_loc7                    @ DW_AT_location
	.long	.Linfo_string18                 @ DW_AT_name
	.byte	1                               @ DW_AT_decl_file
	.byte	94                              @ DW_AT_decl_line
	.long	343                             @ DW_AT_type
	.byte	5                               @ Abbrev [5] 0xf0:0xf DW_TAG_formal_parameter
	.long	.Ldebug_loc8                    @ DW_AT_location
	.long	.Linfo_string21                 @ DW_AT_name
	.byte	1                               @ DW_AT_decl_file
	.byte	94                              @ DW_AT_decl_line
	.long	343                             @ DW_AT_type
	.byte	9                               @ Abbrev [9] 0xff:0xe DW_TAG_formal_parameter
	.byte	2                               @ DW_AT_location
	.byte	145
	.byte	32
	.long	.Linfo_string23                 @ DW_AT_name
	.byte	1                               @ DW_AT_decl_file
	.byte	95                              @ DW_AT_decl_line
	.long	371                             @ DW_AT_type
	.byte	6                               @ Abbrev [6] 0x10d:0xf DW_TAG_variable
	.long	.Ldebug_loc9                    @ DW_AT_location
	.long	.Linfo_string22                 @ DW_AT_name
	.byte	1                               @ DW_AT_decl_file
	.byte	97                              @ DW_AT_decl_line
	.long	361                             @ DW_AT_type
	.byte	6                               @ Abbrev [6] 0x11c:0xf DW_TAG_variable
	.long	.Ldebug_loc10                   @ DW_AT_location
	.long	.Linfo_string24                 @ DW_AT_name
	.byte	1                               @ DW_AT_decl_file
	.byte	98                              @ DW_AT_decl_line
	.long	301                             @ DW_AT_type
	.byte	0                               @ End Of Children Mark
	.byte	10                              @ Abbrev [10] 0x12c:0x1 DW_TAG_pointer_type
	.byte	11                              @ Abbrev [11] 0x12d:0xb DW_TAG_typedef
	.long	312                             @ DW_AT_type
	.long	.Linfo_string8                  @ DW_AT_name
	.byte	2                               @ DW_AT_decl_file
	.byte	58                              @ DW_AT_decl_line
	.byte	3                               @ Abbrev [3] 0x138:0x7 DW_TAG_base_type
	.long	.Linfo_string7                  @ DW_AT_name
	.byte	5                               @ DW_AT_encoding
	.byte	4                               @ DW_AT_byte_size
	.byte	11                              @ Abbrev [11] 0x13f:0xb DW_TAG_typedef
	.long	330                             @ DW_AT_type
	.long	.Linfo_string12                 @ DW_AT_name
	.byte	2                               @ DW_AT_decl_file
	.byte	56                              @ DW_AT_decl_line
	.byte	3                               @ Abbrev [3] 0x14a:0x7 DW_TAG_base_type
	.long	.Linfo_string11                 @ DW_AT_name
	.byte	6                               @ DW_AT_encoding
	.byte	1                               @ DW_AT_byte_size
	.byte	2                               @ Abbrev [2] 0x151:0x5 DW_TAG_pointer_type
	.long	342                             @ DW_AT_type
	.byte	12                              @ Abbrev [12] 0x156:0x1 DW_TAG_const_type
	.byte	11                              @ Abbrev [11] 0x157:0xb DW_TAG_typedef
	.long	354                             @ DW_AT_type
	.long	.Linfo_string20                 @ DW_AT_name
	.byte	2                               @ DW_AT_decl_file
	.byte	64                              @ DW_AT_decl_line
	.byte	3                               @ Abbrev [3] 0x162:0x7 DW_TAG_base_type
	.long	.Linfo_string19                 @ DW_AT_name
	.byte	7                               @ DW_AT_encoding
	.byte	4                               @ DW_AT_byte_size
	.byte	2                               @ Abbrev [2] 0x169:0x5 DW_TAG_pointer_type
	.long	366                             @ DW_AT_type
	.byte	13                              @ Abbrev [13] 0x16e:0x5 DW_TAG_const_type
	.long	43                              @ DW_AT_type
	.byte	2                               @ Abbrev [2] 0x173:0x5 DW_TAG_pointer_type
	.long	376                             @ DW_AT_type
	.byte	14                              @ Abbrev [14] 0x178:0x11 DW_TAG_subroutine_type
	.long	301                             @ DW_AT_type
	.byte	1                               @ DW_AT_prototyped
	.byte	15                              @ Abbrev [15] 0x17e:0x5 DW_TAG_formal_parameter
	.long	337                             @ DW_AT_type
	.byte	15                              @ Abbrev [15] 0x183:0x5 DW_TAG_formal_parameter
	.long	337                             @ DW_AT_type
	.byte	0                               @ End Of Children Mark
	.byte	0                               @ End Of Children Mark
.Ldebug_info_end0:
	.section	.debug_ranges,"",%progbits
.Ldebug_ranges0:
	.long	.Ltmp12
	.long	.Ltmp14
	.long	.Ltmp15
	.long	.Ltmp16
	.long	.Ltmp17
	.long	.Ltmp19
	.long	0
	.long	0
.Ldebug_ranges1:
	.long	.Ltmp25
	.long	.Ltmp26
	.long	.Ltmp27
	.long	.Ltmp28
	.long	.Ltmp29
	.long	.Ltmp30
	.long	.Ltmp31
	.long	.Ltmp32
	.long	0
	.long	0
.Ldebug_ranges2:
	.long	.Lfunc_begin0
	.long	.Lfunc_end0
	.long	.Lfunc_begin1
	.long	.Lfunc_end1
	.long	0
	.long	0
	.section	.debug_str,"MS",%progbits,1
.Linfo_string0:
	.asciz	"Component: ARM Compiler 6.16 Tool: armclang [5dfeb700]" @ string offset=0
.Linfo_string1:
	.asciz	"lvgl/src/lv_misc\\lv_utils.c"  @ string offset=55
.Linfo_string2:
	.asciz	"E:\\Smart-access-control\\Hardware\\CODE" @ string offset=83
.Linfo_string3:
	.asciz	"char"                          @ string offset=121
.Linfo_string4:
	.asciz	"_lv_utils_num_to_str"          @ string offset=126
.Linfo_string5:
	.asciz	"_lv_utils_bsearch"             @ string offset=147
.Linfo_string6:
	.asciz	"num"                           @ string offset=165
.Linfo_string7:
	.asciz	"int"                           @ string offset=169
.Linfo_string8:
	.asciz	"int32_t"                       @ string offset=173
.Linfo_string9:
	.asciz	"buf"                           @ string offset=181
.Linfo_string10:
	.asciz	"digitCount"                    @ string offset=185
.Linfo_string11:
	.asciz	"signed char"                   @ string offset=196
.Linfo_string12:
	.asciz	"int8_t"                        @ string offset=208
.Linfo_string13:
	.asciz	"i"                             @ string offset=215
.Linfo_string14:
	.asciz	"digit"                         @ string offset=217
.Linfo_string15:
	.asciz	"temp"                          @ string offset=223
.Linfo_string16:
	.asciz	"key"                           @ string offset=228
.Linfo_string17:
	.asciz	"base"                          @ string offset=232
.Linfo_string18:
	.asciz	"n"                             @ string offset=237
.Linfo_string19:
	.asciz	"unsigned int"                  @ string offset=239
.Linfo_string20:
	.asciz	"uint32_t"                      @ string offset=252
.Linfo_string21:
	.asciz	"size"                          @ string offset=261
.Linfo_string22:
	.asciz	"middle"                        @ string offset=266
.Linfo_string23:
	.asciz	"cmp"                           @ string offset=273
.Linfo_string24:
	.asciz	"c"                             @ string offset=277
	.ident	"Component: ARM Compiler 6.16 Tool: armclang [5dfeb700]"
	.section	".note.GNU-stack","",%progbits
	.eabi_attribute	30, 1	@ Tag_ABI_optimization_goals
	.ARM_attribute	16, 1	@ Tag_AV_eba
	.section	.debug_line,"",%progbits
.Lline_table_start0:
