	.text
	.syntax unified
	.eabi_attribute	67, "2.09"	@ Tag_conformance
	.cpu	cortex-m7
	.eabi_attribute	6, 13	@ Tag_CPU_arch
	.eabi_attribute	7, 77	@ Tag_CPU_arch_profile
	.eabi_attribute	8, 0	@ Tag_ARM_ISA_use
	.eabi_attribute	9, 2	@ Tag_THUMB_ISA_use
	.fpu	fpv5-d16
	.eabi_attribute	36, 1	@ Tag_FP_HP_extension
	.eabi_attribute	34, 1	@ Tag_CPU_unaligned_access
	.eabi_attribute	17, 1	@ Tag_ABI_PCS_GOT_use
	.eabi_attribute	20, 2	@ Tag_ABI_FP_denormal
	.eabi_attribute	21, 0	@ Tag_ABI_FP_exceptions
	.eabi_attribute	23, 1	@ Tag_ABI_FP_number_model
	.eabi_attribute	24, 1	@ Tag_ABI_align_needed
	.eabi_attribute	25, 1	@ Tag_ABI_align_preserved
	.eabi_attribute	28, 1	@ Tag_ABI_VFP_args
	.eabi_attribute	38, 1	@ Tag_ABI_FP_16bit_format
	.eabi_attribute	18, 2	@ Tag_ABI_PCS_wchar_t
	.eabi_attribute	26, 1	@ Tag_ABI_enum_size
	.eabi_attribute	14, 0	@ Tag_ABI_PCS_R9_use
	.file	"MQTTFormat.c"
	.file	1 "E:\\STM32\\Learning\\STM32H750_ART_PI_RGBLCD" "packages/paho_mqtt/MQTTPacket/src/MQTTFormat.c"
	.section	.text.MQTTPacket_getName,"ax",%progbits
	.hidden	MQTTPacket_getName              @ -- Begin function MQTTPacket_getName
	.globl	MQTTPacket_getName
	.p2align	3
	.type	MQTTPacket_getName,%function
	.code	16                              @ @MQTTPacket_getName
	.thumb_func
MQTTPacket_getName:
.Lfunc_begin0:
	.loc	1 32 0                          @ packages/paho_mqtt/MQTTPacket/src/MQTTFormat.c:32:0
	.fnstart
	.cfi_sections .debug_frame
	.cfi_startproc
@ %bb.0:
	.pad	#4
	sub	sp, #4
	.cfi_def_cfa_offset 4
                                        @ kill: def $r1 killed $r0
	strh.w	r0, [sp, #2]
.Ltmp0:
	.loc	1 33 26 prologue_end            @ packages/paho_mqtt/MQTTPacket/src/MQTTFormat.c:33:26
	ldrh.w	r1, [sp, #2]
	.loc	1 33 9 is_stmt 0                @ packages/paho_mqtt/MQTTPacket/src/MQTTFormat.c:33:9
	movw	r0, :lower16:MQTTPacket_names
	movt	r0, :upper16:MQTTPacket_names
	ldr.w	r0, [r0, r1, lsl #2]
	.loc	1 33 2                          @ packages/paho_mqtt/MQTTPacket/src/MQTTFormat.c:33:2
	add	sp, #4
	bx	lr
.Ltmp1:
.Lfunc_end0:
	.size	MQTTPacket_getName, .Lfunc_end0-MQTTPacket_getName
	.cfi_endproc
	.cantunwind
	.fnend
                                        @ -- End function
	.section	.text.MQTTStringFormat_connect,"ax",%progbits
	.hidden	MQTTStringFormat_connect        @ -- Begin function MQTTStringFormat_connect
	.globl	MQTTStringFormat_connect
	.p2align	3
	.type	MQTTStringFormat_connect,%function
	.code	16                              @ @MQTTStringFormat_connect
	.thumb_func
MQTTStringFormat_connect:
.Lfunc_begin1:
	.loc	1 38 0 is_stmt 1                @ packages/paho_mqtt/MQTTPacket/src/MQTTFormat.c:38:0
	.fnstart
	.cfi_startproc
@ %bb.0:
	.save	{r4, r5, r6, lr}
	push	{r4, r5, r6, lr}
	.cfi_def_cfa_offset 16
	.cfi_offset lr, -4
	.cfi_offset r6, -8
	.cfi_offset r5, -12
	.cfi_offset r4, -16
	.pad	#40
	sub	sp, #40
	.cfi_def_cfa_offset 56
	str	r0, [sp, #36]
	str	r1, [sp, #32]
	str	r2, [sp, #28]
	movs	r0, #0
.Ltmp2:
	.loc	1 39 6 prologue_end             @ packages/paho_mqtt/MQTTPacket/src/MQTTFormat.c:39:6
	str	r0, [sp, #24]
	.loc	1 41 22                         @ packages/paho_mqtt/MQTTPacket/src/MQTTFormat.c:41:22
	ldr	r0, [sp, #36]
	.loc	1 41 30 is_stmt 0               @ packages/paho_mqtt/MQTTPacket/src/MQTTFormat.c:41:30
	ldr	r1, [sp, #32]
	.loc	1 43 9 is_stmt 1                @ packages/paho_mqtt/MQTTPacket/src/MQTTFormat.c:43:9
	ldr.w	r12, [sp, #28]
	.loc	1 43 15 is_stmt 0               @ packages/paho_mqtt/MQTTPacket/src/MQTTFormat.c:43:15
	ldrb.w	r3, [r12, #8]
	.loc	1 43 53                         @ packages/paho_mqtt/MQTTPacket/src/MQTTFormat.c:43:53
	ldr.w	r2, [r12, #16]
	.loc	1 43 83                         @ packages/paho_mqtt/MQTTPacket/src/MQTTFormat.c:43:83
	ldr.w	lr, [r12, #20]
	.loc	1 44 15 is_stmt 1               @ packages/paho_mqtt/MQTTPacket/src/MQTTFormat.c:44:15
	ldrb.w	r4, [r12, #26]
	.loc	1 44 35 is_stmt 0               @ packages/paho_mqtt/MQTTPacket/src/MQTTFormat.c:44:35
	ldrh.w	r5, [r12, #24]
	.loc	1 41 13 is_stmt 1               @ packages/paho_mqtt/MQTTPacket/src/MQTTFormat.c:41:13
	mov	r12, sp
	str.w	r5, [r12, #12]
	str.w	r4, [r12, #8]
	str.w	lr, [r12, #4]
	str.w	r2, [r12]
	movw	r2, :lower16:.L.str.15
	movt	r2, :upper16:.L.str.15
	bl	snprintf
	.loc	1 41 11 is_stmt 0               @ packages/paho_mqtt/MQTTPacket/src/MQTTFormat.c:41:11
	str	r0, [sp, #24]
.Ltmp3:
	.loc	1 45 6 is_stmt 1                @ packages/paho_mqtt/MQTTPacket/src/MQTTFormat.c:45:6
	ldr	r0, [sp, #28]
	.loc	1 45 12 is_stmt 0               @ packages/paho_mqtt/MQTTPacket/src/MQTTFormat.c:45:12
	ldrb	r0, [r0, #27]
.Ltmp4:
	.loc	1 45 6                          @ packages/paho_mqtt/MQTTPacket/src/MQTTFormat.c:45:6
	cbz	r0, .LBB1_2
	b	.LBB1_1
.LBB1_1:
.Ltmp5:
	.loc	1 46 25 is_stmt 1               @ packages/paho_mqtt/MQTTPacket/src/MQTTFormat.c:46:25
	ldr	r0, [sp, #36]
	.loc	1 46 32 is_stmt 0               @ packages/paho_mqtt/MQTTPacket/src/MQTTFormat.c:46:32
	ldr	r2, [sp, #24]
	.loc	1 46 25                         @ packages/paho_mqtt/MQTTPacket/src/MQTTFormat.c:46:25
	add	r0, r2
	.loc	1 46 43                         @ packages/paho_mqtt/MQTTPacket/src/MQTTFormat.c:46:43
	ldr	r1, [sp, #32]
	.loc	1 46 53                         @ packages/paho_mqtt/MQTTPacket/src/MQTTFormat.c:46:53
	subs	r1, r1, r2
	.loc	1 48 5 is_stmt 1                @ packages/paho_mqtt/MQTTPacket/src/MQTTFormat.c:48:5
	ldr.w	r12, [sp, #28]
	.loc	1 48 16 is_stmt 0               @ packages/paho_mqtt/MQTTPacket/src/MQTTFormat.c:48:16
	ldrsb.w	r3, [r12, #61]
	.loc	1 48 32                         @ packages/paho_mqtt/MQTTPacket/src/MQTTFormat.c:48:32
	ldrb.w	r2, [r12, #60]
	.loc	1 49 36 is_stmt 1               @ packages/paho_mqtt/MQTTPacket/src/MQTTFormat.c:49:36
	ldr.w	lr, [r12, #40]
	.loc	1 49 72 is_stmt 0               @ packages/paho_mqtt/MQTTPacket/src/MQTTFormat.c:49:72
	ldr.w	r4, [r12, #44]
	.loc	1 50 34 is_stmt 1               @ packages/paho_mqtt/MQTTPacket/src/MQTTFormat.c:50:34
	ldr.w	r5, [r12, #52]
	.loc	1 50 68 is_stmt 0               @ packages/paho_mqtt/MQTTPacket/src/MQTTFormat.c:50:68
	ldr.w	r6, [r12, #56]
	.loc	1 46 15 is_stmt 1               @ packages/paho_mqtt/MQTTPacket/src/MQTTFormat.c:46:15
	mov	r12, sp
	str.w	r6, [r12, #16]
	str.w	r5, [r12, #12]
	str.w	r4, [r12, #8]
	str.w	lr, [r12, #4]
	str.w	r2, [r12]
	movw	r2, :lower16:.L.str.16
	movt	r2, :upper16:.L.str.16
	bl	snprintf
	mov	r1, r0
	.loc	1 46 12 is_stmt 0               @ packages/paho_mqtt/MQTTPacket/src/MQTTFormat.c:46:12
	ldr	r0, [sp, #24]
	add	r0, r1
	str	r0, [sp, #24]
	.loc	1 46 3                          @ packages/paho_mqtt/MQTTPacket/src/MQTTFormat.c:46:3
	b	.LBB1_2
.Ltmp6:
.LBB1_2:
	.loc	1 51 6 is_stmt 1                @ packages/paho_mqtt/MQTTPacket/src/MQTTFormat.c:51:6
	ldr	r0, [sp, #28]
	.loc	1 51 31 is_stmt 0               @ packages/paho_mqtt/MQTTPacket/src/MQTTFormat.c:51:31
	ldr	r0, [r0, #72]
	.loc	1 51 36                         @ packages/paho_mqtt/MQTTPacket/src/MQTTFormat.c:51:36
	cbz	r0, .LBB1_5
	b	.LBB1_3
.LBB1_3:
	.loc	1 51 39                         @ packages/paho_mqtt/MQTTPacket/src/MQTTFormat.c:51:39
	ldr	r0, [sp, #28]
	.loc	1 51 64                         @ packages/paho_mqtt/MQTTPacket/src/MQTTFormat.c:51:64
	ldr	r0, [r0, #68]
.Ltmp7:
	.loc	1 51 6                          @ packages/paho_mqtt/MQTTPacket/src/MQTTFormat.c:51:6
	cmp	r0, #1
	blt	.LBB1_5
	b	.LBB1_4
.LBB1_4:
.Ltmp8:
	.loc	1 52 25 is_stmt 1               @ packages/paho_mqtt/MQTTPacket/src/MQTTFormat.c:52:25
	ldr	r0, [sp, #36]
	.loc	1 52 32 is_stmt 0               @ packages/paho_mqtt/MQTTPacket/src/MQTTFormat.c:52:32
	ldr	r2, [sp, #24]
	.loc	1 52 25                         @ packages/paho_mqtt/MQTTPacket/src/MQTTFormat.c:52:25
	add	r0, r2
	.loc	1 52 43                         @ packages/paho_mqtt/MQTTPacket/src/MQTTFormat.c:52:43
	ldr	r1, [sp, #32]
	.loc	1 52 53                         @ packages/paho_mqtt/MQTTPacket/src/MQTTFormat.c:52:53
	subs	r1, r1, r2
	.loc	1 53 25 is_stmt 1               @ packages/paho_mqtt/MQTTPacket/src/MQTTFormat.c:53:25
	ldr	r2, [sp, #28]
	.loc	1 53 50 is_stmt 0               @ packages/paho_mqtt/MQTTPacket/src/MQTTFormat.c:53:50
	ldr	r3, [r2, #68]
	.loc	1 53 80                         @ packages/paho_mqtt/MQTTPacket/src/MQTTFormat.c:53:80
	ldr	r2, [r2, #72]
	.loc	1 52 15 is_stmt 1               @ packages/paho_mqtt/MQTTPacket/src/MQTTFormat.c:52:15
	mov	r12, sp
	str.w	r2, [r12]
	movw	r2, :lower16:.L.str.17
	movt	r2, :upper16:.L.str.17
	bl	snprintf
	mov	r1, r0
	.loc	1 52 12 is_stmt 0               @ packages/paho_mqtt/MQTTPacket/src/MQTTFormat.c:52:12
	ldr	r0, [sp, #24]
	add	r0, r1
	str	r0, [sp, #24]
	.loc	1 52 3                          @ packages/paho_mqtt/MQTTPacket/src/MQTTFormat.c:52:3
	b	.LBB1_5
.Ltmp9:
.LBB1_5:
	.loc	1 54 6 is_stmt 1                @ packages/paho_mqtt/MQTTPacket/src/MQTTFormat.c:54:6
	ldr	r0, [sp, #28]
	.loc	1 54 31 is_stmt 0               @ packages/paho_mqtt/MQTTPacket/src/MQTTFormat.c:54:31
	ldr	r0, [r0, #84]
	.loc	1 54 36                         @ packages/paho_mqtt/MQTTPacket/src/MQTTFormat.c:54:36
	cbz	r0, .LBB1_8
	b	.LBB1_6
.LBB1_6:
	.loc	1 54 39                         @ packages/paho_mqtt/MQTTPacket/src/MQTTFormat.c:54:39
	ldr	r0, [sp, #28]
	.loc	1 54 64                         @ packages/paho_mqtt/MQTTPacket/src/MQTTFormat.c:54:64
	ldr	r0, [r0, #80]
.Ltmp10:
	.loc	1 54 6                          @ packages/paho_mqtt/MQTTPacket/src/MQTTFormat.c:54:6
	cmp	r0, #1
	blt	.LBB1_8
	b	.LBB1_7
.LBB1_7:
.Ltmp11:
	.loc	1 55 25 is_stmt 1               @ packages/paho_mqtt/MQTTPacket/src/MQTTFormat.c:55:25
	ldr	r0, [sp, #36]
	.loc	1 55 32 is_stmt 0               @ packages/paho_mqtt/MQTTPacket/src/MQTTFormat.c:55:32
	ldr	r2, [sp, #24]
	.loc	1 55 25                         @ packages/paho_mqtt/MQTTPacket/src/MQTTFormat.c:55:25
	add	r0, r2
	.loc	1 55 43                         @ packages/paho_mqtt/MQTTPacket/src/MQTTFormat.c:55:43
	ldr	r1, [sp, #32]
	.loc	1 55 53                         @ packages/paho_mqtt/MQTTPacket/src/MQTTFormat.c:55:53
	subs	r1, r1, r2
	.loc	1 56 24 is_stmt 1               @ packages/paho_mqtt/MQTTPacket/src/MQTTFormat.c:56:24
	ldr	r2, [sp, #28]
	.loc	1 56 49 is_stmt 0               @ packages/paho_mqtt/MQTTPacket/src/MQTTFormat.c:56:49
	ldr	r3, [r2, #80]
	.loc	1 56 79                         @ packages/paho_mqtt/MQTTPacket/src/MQTTFormat.c:56:79
	ldr	r2, [r2, #84]
	.loc	1 55 15 is_stmt 1               @ packages/paho_mqtt/MQTTPacket/src/MQTTFormat.c:55:15
	mov	r12, sp
	str.w	r2, [r12]
	movw	r2, :lower16:.L.str.18
	movt	r2, :upper16:.L.str.18
	bl	snprintf
	mov	r1, r0
	.loc	1 55 12 is_stmt 0               @ packages/paho_mqtt/MQTTPacket/src/MQTTFormat.c:55:12
	ldr	r0, [sp, #24]
	add	r0, r1
	str	r0, [sp, #24]
	.loc	1 55 3                          @ packages/paho_mqtt/MQTTPacket/src/MQTTFormat.c:55:3
	b	.LBB1_8
.Ltmp12:
.LBB1_8:
	.loc	1 57 9 is_stmt 1                @ packages/paho_mqtt/MQTTPacket/src/MQTTFormat.c:57:9
	ldr	r0, [sp, #24]
	.loc	1 57 2 is_stmt 0                @ packages/paho_mqtt/MQTTPacket/src/MQTTFormat.c:57:2
	add	sp, #40
	pop	{r4, r5, r6, pc}
.Ltmp13:
.Lfunc_end1:
	.size	MQTTStringFormat_connect, .Lfunc_end1-MQTTStringFormat_connect
	.cfi_endproc
	.cantunwind
	.fnend
                                        @ -- End function
	.section	.text.MQTTStringFormat_connack,"ax",%progbits
	.hidden	MQTTStringFormat_connack        @ -- Begin function MQTTStringFormat_connack
	.globl	MQTTStringFormat_connack
	.p2align	3
	.type	MQTTStringFormat_connack,%function
	.code	16                              @ @MQTTStringFormat_connack
	.thumb_func
MQTTStringFormat_connack:
.Lfunc_begin2:
	.loc	1 62 0 is_stmt 1                @ packages/paho_mqtt/MQTTPacket/src/MQTTFormat.c:62:0
	.fnstart
	.cfi_startproc
@ %bb.0:
	.save	{r7, lr}
	push	{r7, lr}
	.cfi_def_cfa_offset 8
	.cfi_offset lr, -4
	.cfi_offset r7, -8
	.pad	#24
	sub	sp, #24
	.cfi_def_cfa_offset 32
                                        @ kill: def $r12 killed $r3
                                        @ kill: def $r12 killed $r2
	str	r0, [sp, #20]
	str	r1, [sp, #16]
	strb.w	r2, [sp, #15]
	strb.w	r3, [sp, #14]
.Ltmp14:
	.loc	1 63 26 prologue_end            @ packages/paho_mqtt/MQTTPacket/src/MQTTFormat.c:63:26
	ldr	r0, [sp, #20]
	.loc	1 63 34 is_stmt 0               @ packages/paho_mqtt/MQTTPacket/src/MQTTFormat.c:63:34
	ldr	r1, [sp, #16]
	.loc	1 63 82                         @ packages/paho_mqtt/MQTTPacket/src/MQTTFormat.c:63:82
	ldrb.w	r3, [sp, #14]
	.loc	1 63 98                         @ packages/paho_mqtt/MQTTPacket/src/MQTTFormat.c:63:98
	ldrb.w	r2, [sp, #15]
	.loc	1 63 17                         @ packages/paho_mqtt/MQTTPacket/src/MQTTFormat.c:63:17
	mov	r12, sp
	str.w	r2, [r12]
	movw	r2, :lower16:.L.str.19
	movt	r2, :upper16:.L.str.19
	bl	snprintf
	.loc	1 63 6                          @ packages/paho_mqtt/MQTTPacket/src/MQTTFormat.c:63:6
	str	r0, [sp, #8]
	.loc	1 64 9 is_stmt 1                @ packages/paho_mqtt/MQTTPacket/src/MQTTFormat.c:64:9
	ldr	r0, [sp, #8]
	.loc	1 64 2 is_stmt 0                @ packages/paho_mqtt/MQTTPacket/src/MQTTFormat.c:64:2
	add	sp, #24
	pop	{r7, pc}
.Ltmp15:
.Lfunc_end2:
	.size	MQTTStringFormat_connack, .Lfunc_end2-MQTTStringFormat_connack
	.cfi_endproc
	.cantunwind
	.fnend
                                        @ -- End function
	.section	.text.MQTTStringFormat_publish,"ax",%progbits
	.hidden	MQTTStringFormat_publish        @ -- Begin function MQTTStringFormat_publish
	.globl	MQTTStringFormat_publish
	.p2align	3
	.type	MQTTStringFormat_publish,%function
	.code	16                              @ @MQTTStringFormat_publish
	.thumb_func
MQTTStringFormat_publish:
.Lfunc_begin3:
	.loc	1 70 0 is_stmt 1                @ packages/paho_mqtt/MQTTPacket/src/MQTTFormat.c:70:0
	.fnstart
	.cfi_startproc
@ %bb.0:
	.save	{r4, r5, r6, r7, r8, r9, lr}
	push.w	{r4, r5, r6, r7, r8, r9, lr}
	.cfi_def_cfa_offset 28
	.cfi_offset lr, -4
	.cfi_offset r9, -8
	.cfi_offset r8, -12
	.cfi_offset r7, -16
	.cfi_offset r6, -20
	.cfi_offset r5, -24
	.cfi_offset r4, -28
	.pad	#116
	sub	sp, #116
	.cfi_def_cfa_offset 144
	mov	r12, r1
	mov	lr, r0
	ldr	r6, [sp, #160]
	ldr	r5, [sp, #156]
	ldr	r4, [sp, #152]
	ldr	r0, [sp, #168]
	ldr	r0, [sp, #164]
	ldr	r0, [sp, #148]
	ldr	r1, [sp, #144]
                                        @ kill: def $r7 killed $r2
	str	r6, [sp, #112]
	str	r5, [sp, #108]
	str	r4, [sp, #104]
	str.w	lr, [sp, #100]
	str.w	r12, [sp, #96]
	strb.w	r2, [sp, #95]
	str	r3, [sp, #88]
	strb.w	r1, [sp, #87]
	strh.w	r0, [sp, #84]
.Ltmp16:
	.loc	1 71 26 prologue_end            @ packages/paho_mqtt/MQTTPacket/src/MQTTFormat.c:71:26
	ldr	r0, [sp, #100]
	.loc	1 71 34 is_stmt 0               @ packages/paho_mqtt/MQTTPacket/src/MQTTFormat.c:71:34
	str	r0, [sp, #56]                   @ 4-byte Spill
	ldr	r0, [sp, #96]
	.loc	1 73 5 is_stmt 1                @ packages/paho_mqtt/MQTTPacket/src/MQTTFormat.c:73:5
	str	r0, [sp, #60]                   @ 4-byte Spill
	ldrb.w	r0, [sp, #95]
	.loc	1 73 10 is_stmt 0               @ packages/paho_mqtt/MQTTPacket/src/MQTTFormat.c:73:10
	str	r0, [sp, #64]                   @ 4-byte Spill
	ldr	r0, [sp, #88]
	.loc	1 73 15                         @ packages/paho_mqtt/MQTTPacket/src/MQTTFormat.c:73:15
	str	r0, [sp, #68]                   @ 4-byte Spill
	ldrb.w	r0, [sp, #87]
	.loc	1 73 25                         @ packages/paho_mqtt/MQTTPacket/src/MQTTFormat.c:73:25
	str	r0, [sp, #72]                   @ 4-byte Spill
	ldrh.w	r0, [sp, #84]
	.loc	1 74 26 is_stmt 1               @ packages/paho_mqtt/MQTTPacket/src/MQTTFormat.c:74:26
	str	r0, [sp, #76]                   @ 4-byte Spill
	ldr	r0, [sp, #108]
	.loc	1 74 5 is_stmt 0                @ packages/paho_mqtt/MQTTPacket/src/MQTTFormat.c:74:5
	cmp	r0, #19
	bgt	.LBB3_2
	b	.LBB3_1
.LBB3_1:
	.loc	1 74 58                         @ packages/paho_mqtt/MQTTPacket/src/MQTTFormat.c:74:58
	ldr	r0, [sp, #108]
	.loc	1 74 5                          @ packages/paho_mqtt/MQTTPacket/src/MQTTFormat.c:74:5
	str	r0, [sp, #52]                   @ 4-byte Spill
	b	.LBB3_3
.LBB3_2:
	.loc	1 0 5                           @ packages/paho_mqtt/MQTTPacket/src/MQTTFormat.c:0:5
	movs	r0, #20
	.loc	1 74 5                          @ packages/paho_mqtt/MQTTPacket/src/MQTTFormat.c:74:5
	str	r0, [sp, #52]                   @ 4-byte Spill
	b	.LBB3_3
.LBB3_3:
	ldr	r0, [sp, #52]                   @ 4-byte Reload
	.loc	1 74 88                         @ packages/paho_mqtt/MQTTPacket/src/MQTTFormat.c:74:88
	str	r0, [sp, #40]                   @ 4-byte Spill
	ldr	r0, [sp, #112]
	.loc	1 75 5 is_stmt 1                @ packages/paho_mqtt/MQTTPacket/src/MQTTFormat.c:75:5
	str	r0, [sp, #44]                   @ 4-byte Spill
	ldr	r0, [sp, #168]
	.loc	1 75 17 is_stmt 0               @ packages/paho_mqtt/MQTTPacket/src/MQTTFormat.c:75:17
	str	r0, [sp, #48]                   @ 4-byte Spill
	cmp	r0, #19
	bgt	.LBB3_5
	b	.LBB3_4
.LBB3_4:
	.loc	1 75 37                         @ packages/paho_mqtt/MQTTPacket/src/MQTTFormat.c:75:37
	ldr	r0, [sp, #168]
	.loc	1 75 17                         @ packages/paho_mqtt/MQTTPacket/src/MQTTFormat.c:75:17
	str	r0, [sp, #36]                   @ 4-byte Spill
	b	.LBB3_6
.LBB3_5:
	.loc	1 0 17                          @ packages/paho_mqtt/MQTTPacket/src/MQTTFormat.c:0:17
	movs	r0, #20
	.loc	1 75 17                         @ packages/paho_mqtt/MQTTPacket/src/MQTTFormat.c:75:17
	str	r0, [sp, #36]                   @ 4-byte Spill
	b	.LBB3_6
.LBB3_6:
	ldr	r3, [sp, #64]                   @ 4-byte Reload
	ldr	r1, [sp, #60]                   @ 4-byte Reload
	ldr	r0, [sp, #56]                   @ 4-byte Reload
	ldr	r2, [sp, #68]                   @ 4-byte Reload
	ldr.w	lr, [sp, #72]                   @ 4-byte Reload
	ldr	r4, [sp, #76]                   @ 4-byte Reload
	ldr	r5, [sp, #40]                   @ 4-byte Reload
	ldr	r6, [sp, #44]                   @ 4-byte Reload
	ldr	r7, [sp, #48]                   @ 4-byte Reload
	ldr.w	r8, [sp, #36]                   @ 4-byte Reload
	.loc	1 75 54                         @ packages/paho_mqtt/MQTTPacket/src/MQTTFormat.c:75:54
	ldr.w	r9, [sp, #164]
	.loc	1 71 17 is_stmt 1               @ packages/paho_mqtt/MQTTPacket/src/MQTTFormat.c:71:17
	mov	r12, sp
	str.w	r9, [r12, #28]
	str.w	r8, [r12, #24]
	str.w	r7, [r12, #20]
	str.w	r6, [r12, #16]
	str.w	r5, [r12, #12]
	str.w	r4, [r12, #8]
	str.w	lr, [r12, #4]
	str.w	r2, [r12]
	movw	r2, :lower16:.L.str.20
	movt	r2, :upper16:.L.str.20
	bl	snprintf
	.loc	1 71 6 is_stmt 0                @ packages/paho_mqtt/MQTTPacket/src/MQTTFormat.c:71:6
	str	r0, [sp, #80]
	.loc	1 76 9 is_stmt 1                @ packages/paho_mqtt/MQTTPacket/src/MQTTFormat.c:76:9
	ldr	r0, [sp, #80]
	.loc	1 76 2 is_stmt 0                @ packages/paho_mqtt/MQTTPacket/src/MQTTFormat.c:76:2
	add	sp, #116
	pop.w	{r4, r5, r6, r7, r8, r9, pc}
.Ltmp17:
.Lfunc_end3:
	.size	MQTTStringFormat_publish, .Lfunc_end3-MQTTStringFormat_publish
	.cfi_endproc
	.cantunwind
	.fnend
                                        @ -- End function
	.section	.text.MQTTStringFormat_ack,"ax",%progbits
	.hidden	MQTTStringFormat_ack            @ -- Begin function MQTTStringFormat_ack
	.globl	MQTTStringFormat_ack
	.p2align	3
	.type	MQTTStringFormat_ack,%function
	.code	16                              @ @MQTTStringFormat_ack
	.thumb_func
MQTTStringFormat_ack:
.Lfunc_begin4:
	.loc	1 81 0 is_stmt 1                @ packages/paho_mqtt/MQTTPacket/src/MQTTFormat.c:81:0
	.fnstart
	.cfi_startproc
@ %bb.0:
	.save	{r7, lr}
	push	{r7, lr}
	.cfi_def_cfa_offset 8
	.cfi_offset lr, -4
	.cfi_offset r7, -8
	.pad	#24
	sub	sp, #24
	.cfi_def_cfa_offset 32
	mov	r12, r0
	ldr	r0, [sp, #32]
                                        @ kill: def $lr killed $r3
                                        @ kill: def $lr killed $r2
	str.w	r12, [sp, #20]
	str	r1, [sp, #16]
	strb.w	r2, [sp, #15]
	strb.w	r3, [sp, #14]
	strh.w	r0, [sp, #12]
.Ltmp18:
	.loc	1 82 26 prologue_end            @ packages/paho_mqtt/MQTTPacket/src/MQTTFormat.c:82:26
	ldr	r0, [sp, #20]
	.loc	1 82 34 is_stmt 0               @ packages/paho_mqtt/MQTTPacket/src/MQTTFormat.c:82:34
	ldr	r1, [sp, #16]
	.loc	1 82 82                         @ packages/paho_mqtt/MQTTPacket/src/MQTTFormat.c:82:82
	ldrb.w	r3, [sp, #15]
	.loc	1 82 65                         @ packages/paho_mqtt/MQTTPacket/src/MQTTFormat.c:82:65
	movw	r2, :lower16:MQTTPacket_names
	movt	r2, :upper16:MQTTPacket_names
	ldr.w	r3, [r2, r3, lsl #2]
	.loc	1 82 95                         @ packages/paho_mqtt/MQTTPacket/src/MQTTFormat.c:82:95
	ldrh.w	r2, [sp, #12]
	.loc	1 82 17                         @ packages/paho_mqtt/MQTTPacket/src/MQTTFormat.c:82:17
	mov	r12, sp
	str.w	r2, [r12]
	movw	r2, :lower16:.L.str.21
	movt	r2, :upper16:.L.str.21
	bl	snprintf
	.loc	1 82 6                          @ packages/paho_mqtt/MQTTPacket/src/MQTTFormat.c:82:6
	str	r0, [sp, #8]
.Ltmp19:
	.loc	1 83 6 is_stmt 1                @ packages/paho_mqtt/MQTTPacket/src/MQTTFormat.c:83:6
	ldrb.w	r0, [sp, #14]
.Ltmp20:
	.loc	1 83 6 is_stmt 0                @ packages/paho_mqtt/MQTTPacket/src/MQTTFormat.c:83:6
	cbz	r0, .LBB4_2
	b	.LBB4_1
.LBB4_1:
.Ltmp21:
	.loc	1 84 24 is_stmt 1               @ packages/paho_mqtt/MQTTPacket/src/MQTTFormat.c:84:24
	ldr	r0, [sp, #20]
	.loc	1 84 33 is_stmt 0               @ packages/paho_mqtt/MQTTPacket/src/MQTTFormat.c:84:33
	ldr	r2, [sp, #8]
	.loc	1 84 31                         @ packages/paho_mqtt/MQTTPacket/src/MQTTFormat.c:84:31
	add	r0, r2
	.loc	1 84 43                         @ packages/paho_mqtt/MQTTPacket/src/MQTTFormat.c:84:43
	ldr	r1, [sp, #16]
	.loc	1 84 53                         @ packages/paho_mqtt/MQTTPacket/src/MQTTFormat.c:84:53
	subs	r1, r1, r2
	.loc	1 84 77                         @ packages/paho_mqtt/MQTTPacket/src/MQTTFormat.c:84:77
	ldrb.w	r3, [sp, #14]
	.loc	1 84 15                         @ packages/paho_mqtt/MQTTPacket/src/MQTTFormat.c:84:15
	movw	r2, :lower16:.L.str.22
	movt	r2, :upper16:.L.str.22
	bl	snprintf
	mov	r1, r0
	.loc	1 84 12                         @ packages/paho_mqtt/MQTTPacket/src/MQTTFormat.c:84:12
	ldr	r0, [sp, #8]
	add	r0, r1
	str	r0, [sp, #8]
	.loc	1 84 3                          @ packages/paho_mqtt/MQTTPacket/src/MQTTFormat.c:84:3
	b	.LBB4_2
.Ltmp22:
.LBB4_2:
	.loc	1 85 9 is_stmt 1                @ packages/paho_mqtt/MQTTPacket/src/MQTTFormat.c:85:9
	ldr	r0, [sp, #8]
	.loc	1 85 2 is_stmt 0                @ packages/paho_mqtt/MQTTPacket/src/MQTTFormat.c:85:2
	add	sp, #24
	pop	{r7, pc}
.Ltmp23:
.Lfunc_end4:
	.size	MQTTStringFormat_ack, .Lfunc_end4-MQTTStringFormat_ack
	.cfi_endproc
	.cantunwind
	.fnend
                                        @ -- End function
	.section	.text.MQTTStringFormat_subscribe,"ax",%progbits
	.hidden	MQTTStringFormat_subscribe      @ -- Begin function MQTTStringFormat_subscribe
	.globl	MQTTStringFormat_subscribe
	.p2align	3
	.type	MQTTStringFormat_subscribe,%function
	.code	16                              @ @MQTTStringFormat_subscribe
	.thumb_func
MQTTStringFormat_subscribe:
.Lfunc_begin5:
	.loc	1 91 0 is_stmt 1                @ packages/paho_mqtt/MQTTPacket/src/MQTTFormat.c:91:0
	.fnstart
	.cfi_startproc
@ %bb.0:
	.save	{r4, r5, r6, lr}
	push	{r4, r5, r6, lr}
	.cfi_def_cfa_offset 16
	.cfi_offset lr, -4
	.cfi_offset r6, -8
	.cfi_offset r5, -12
	.cfi_offset r4, -16
	.pad	#32
	sub	sp, #32
	.cfi_def_cfa_offset 48
	ldr.w	r12, [sp, #56]
	ldr.w	r12, [sp, #52]
	ldr.w	r12, [sp, #48]
                                        @ kill: def $r12 killed $r3
                                        @ kill: def $r12 killed $r2
	str	r0, [sp, #28]
	str	r1, [sp, #24]
	strb.w	r2, [sp, #23]
	strh.w	r3, [sp, #20]
.Ltmp24:
	.loc	1 92 18 prologue_end            @ packages/paho_mqtt/MQTTPacket/src/MQTTFormat.c:92:18
	ldr	r0, [sp, #28]
	.loc	1 92 26 is_stmt 0               @ packages/paho_mqtt/MQTTPacket/src/MQTTFormat.c:92:26
	ldr	r1, [sp, #24]
	.loc	1 94 3 is_stmt 1                @ packages/paho_mqtt/MQTTPacket/src/MQTTFormat.c:94:3
	ldrb.w	r3, [sp, #23]
	.loc	1 94 8 is_stmt 0                @ packages/paho_mqtt/MQTTPacket/src/MQTTFormat.c:94:8
	ldrh.w	r2, [sp, #20]
	.loc	1 94 18                         @ packages/paho_mqtt/MQTTPacket/src/MQTTFormat.c:94:18
	ldr.w	lr, [sp, #48]
	.loc	1 95 3 is_stmt 1                @ packages/paho_mqtt/MQTTPacket/src/MQTTFormat.c:95:3
	ldr.w	r12, [sp, #52]
	.loc	1 95 29 is_stmt 0               @ packages/paho_mqtt/MQTTPacket/src/MQTTFormat.c:95:29
	ldr.w	r4, [r12, #4]
	.loc	1 95 60                         @ packages/paho_mqtt/MQTTPacket/src/MQTTFormat.c:95:60
	ldr.w	r5, [r12, #8]
	.loc	1 96 3 is_stmt 1                @ packages/paho_mqtt/MQTTPacket/src/MQTTFormat.c:96:3
	ldr.w	r12, [sp, #56]
	ldr.w	r6, [r12]
	.loc	1 92 9                          @ packages/paho_mqtt/MQTTPacket/src/MQTTFormat.c:92:9
	mov	r12, sp
	str.w	r6, [r12, #16]
	str.w	r5, [r12, #12]
	str.w	r4, [r12, #8]
	str.w	lr, [r12, #4]
	str.w	r2, [r12]
	movw	r2, :lower16:.L.str.23
	movt	r2, :upper16:.L.str.23
	bl	snprintf
	.loc	1 92 2 is_stmt 0                @ packages/paho_mqtt/MQTTPacket/src/MQTTFormat.c:92:2
	add	sp, #32
	pop	{r4, r5, r6, pc}
.Ltmp25:
.Lfunc_end5:
	.size	MQTTStringFormat_subscribe, .Lfunc_end5-MQTTStringFormat_subscribe
	.cfi_endproc
	.cantunwind
	.fnend
                                        @ -- End function
	.section	.text.MQTTStringFormat_suback,"ax",%progbits
	.hidden	MQTTStringFormat_suback         @ -- Begin function MQTTStringFormat_suback
	.globl	MQTTStringFormat_suback
	.p2align	3
	.type	MQTTStringFormat_suback,%function
	.code	16                              @ @MQTTStringFormat_suback
	.thumb_func
MQTTStringFormat_suback:
.Lfunc_begin6:
	.loc	1 101 0 is_stmt 1               @ packages/paho_mqtt/MQTTPacket/src/MQTTFormat.c:101:0
	.fnstart
	.cfi_startproc
@ %bb.0:
	.save	{r7, lr}
	push	{r7, lr}
	.cfi_def_cfa_offset 8
	.cfi_offset lr, -4
	.cfi_offset r7, -8
	.pad	#24
	sub	sp, #24
	.cfi_def_cfa_offset 32
	ldr.w	r12, [sp, #32]
                                        @ kill: def $r12 killed $r2
	str	r0, [sp, #20]
	str	r1, [sp, #16]
	strh.w	r2, [sp, #14]
	str	r3, [sp, #8]
.Ltmp26:
	.loc	1 102 18 prologue_end           @ packages/paho_mqtt/MQTTPacket/src/MQTTFormat.c:102:18
	ldr	r0, [sp, #20]
	.loc	1 102 26 is_stmt 0              @ packages/paho_mqtt/MQTTPacket/src/MQTTFormat.c:102:26
	ldr	r1, [sp, #16]
	.loc	1 103 50 is_stmt 1              @ packages/paho_mqtt/MQTTPacket/src/MQTTFormat.c:103:50
	ldrh.w	r3, [sp, #14]
	.loc	1 103 60 is_stmt 0              @ packages/paho_mqtt/MQTTPacket/src/MQTTFormat.c:103:60
	ldr	r2, [sp, #8]
	.loc	1 103 67                        @ packages/paho_mqtt/MQTTPacket/src/MQTTFormat.c:103:67
	ldr.w	r12, [sp, #32]
	ldr.w	lr, [r12]
	.loc	1 102 9 is_stmt 1               @ packages/paho_mqtt/MQTTPacket/src/MQTTFormat.c:102:9
	mov	r12, sp
	str.w	lr, [r12, #4]
	str.w	r2, [r12]
	movw	r2, :lower16:.L.str.24
	movt	r2, :upper16:.L.str.24
	bl	snprintf
	.loc	1 102 2 is_stmt 0               @ packages/paho_mqtt/MQTTPacket/src/MQTTFormat.c:102:2
	add	sp, #24
	pop	{r7, pc}
.Ltmp27:
.Lfunc_end6:
	.size	MQTTStringFormat_suback, .Lfunc_end6-MQTTStringFormat_suback
	.cfi_endproc
	.cantunwind
	.fnend
                                        @ -- End function
	.section	.text.MQTTStringFormat_unsubscribe,"ax",%progbits
	.hidden	MQTTStringFormat_unsubscribe    @ -- Begin function MQTTStringFormat_unsubscribe
	.globl	MQTTStringFormat_unsubscribe
	.p2align	3
	.type	MQTTStringFormat_unsubscribe,%function
	.code	16                              @ @MQTTStringFormat_unsubscribe
	.thumb_func
MQTTStringFormat_unsubscribe:
.Lfunc_begin7:
	.loc	1 109 0 is_stmt 1               @ packages/paho_mqtt/MQTTPacket/src/MQTTFormat.c:109:0
	.fnstart
	.cfi_startproc
@ %bb.0:
	.save	{r4, r5, r7, lr}
	push	{r4, r5, r7, lr}
	.cfi_def_cfa_offset 16
	.cfi_offset lr, -4
	.cfi_offset r7, -8
	.cfi_offset r5, -12
	.cfi_offset r4, -16
	.pad	#32
	sub	sp, #32
	.cfi_def_cfa_offset 48
	ldr.w	r12, [sp, #52]
	ldr.w	r12, [sp, #48]
                                        @ kill: def $r12 killed $r3
                                        @ kill: def $r12 killed $r2
	str	r0, [sp, #28]
	str	r1, [sp, #24]
	strb.w	r2, [sp, #23]
	strh.w	r3, [sp, #20]
.Ltmp28:
	.loc	1 110 18 prologue_end           @ packages/paho_mqtt/MQTTPacket/src/MQTTFormat.c:110:18
	ldr	r0, [sp, #28]
	.loc	1 110 26 is_stmt 0              @ packages/paho_mqtt/MQTTPacket/src/MQTTFormat.c:110:26
	ldr	r1, [sp, #24]
	.loc	1 112 6 is_stmt 1               @ packages/paho_mqtt/MQTTPacket/src/MQTTFormat.c:112:6
	ldrb.w	r3, [sp, #23]
	.loc	1 112 11 is_stmt 0              @ packages/paho_mqtt/MQTTPacket/src/MQTTFormat.c:112:11
	ldrh.w	r2, [sp, #20]
	.loc	1 112 21                        @ packages/paho_mqtt/MQTTPacket/src/MQTTFormat.c:112:21
	ldr.w	lr, [sp, #48]
	.loc	1 113 6 is_stmt 1               @ packages/paho_mqtt/MQTTPacket/src/MQTTFormat.c:113:6
	ldr.w	r12, [sp, #52]
	.loc	1 113 32 is_stmt 0              @ packages/paho_mqtt/MQTTPacket/src/MQTTFormat.c:113:32
	ldr.w	r4, [r12, #4]
	.loc	1 113 63                        @ packages/paho_mqtt/MQTTPacket/src/MQTTFormat.c:113:63
	ldr.w	r5, [r12, #8]
	.loc	1 110 9 is_stmt 1               @ packages/paho_mqtt/MQTTPacket/src/MQTTFormat.c:110:9
	mov	r12, sp
	str.w	r5, [r12, #12]
	str.w	r4, [r12, #8]
	str.w	lr, [r12, #4]
	str.w	r2, [r12]
	movw	r2, :lower16:.L.str.25
	movt	r2, :upper16:.L.str.25
	bl	snprintf
	.loc	1 110 2 is_stmt 0               @ packages/paho_mqtt/MQTTPacket/src/MQTTFormat.c:110:2
	add	sp, #32
	pop	{r4, r5, r7, pc}
.Ltmp29:
.Lfunc_end7:
	.size	MQTTStringFormat_unsubscribe, .Lfunc_end7-MQTTStringFormat_unsubscribe
	.cfi_endproc
	.cantunwind
	.fnend
                                        @ -- End function
	.type	.L.str,%object                  @ @.str
	.section	.rodata.str1.1,"aMS",%progbits,1
.L.str:
	.asciz	"RESERVED"
	.size	.L.str, 9

	.type	.L.str.1,%object                @ @.str.1
.L.str.1:
	.asciz	"CONNECT"
	.size	.L.str.1, 8

	.type	.L.str.2,%object                @ @.str.2
.L.str.2:
	.asciz	"CONNACK"
	.size	.L.str.2, 8

	.type	.L.str.3,%object                @ @.str.3
.L.str.3:
	.asciz	"PUBLISH"
	.size	.L.str.3, 8

	.type	.L.str.4,%object                @ @.str.4
.L.str.4:
	.asciz	"PUBACK"
	.size	.L.str.4, 7

	.type	.L.str.5,%object                @ @.str.5
.L.str.5:
	.asciz	"PUBREC"
	.size	.L.str.5, 7

	.type	.L.str.6,%object                @ @.str.6
.L.str.6:
	.asciz	"PUBREL"
	.size	.L.str.6, 7

	.type	.L.str.7,%object                @ @.str.7
.L.str.7:
	.asciz	"PUBCOMP"
	.size	.L.str.7, 8

	.type	.L.str.8,%object                @ @.str.8
.L.str.8:
	.asciz	"SUBSCRIBE"
	.size	.L.str.8, 10

	.type	.L.str.9,%object                @ @.str.9
.L.str.9:
	.asciz	"SUBACK"
	.size	.L.str.9, 7

	.type	.L.str.10,%object               @ @.str.10
.L.str.10:
	.asciz	"UNSUBSCRIBE"
	.size	.L.str.10, 12

	.type	.L.str.11,%object               @ @.str.11
.L.str.11:
	.asciz	"UNSUBACK"
	.size	.L.str.11, 9

	.type	.L.str.12,%object               @ @.str.12
.L.str.12:
	.asciz	"PINGREQ"
	.size	.L.str.12, 8

	.type	.L.str.13,%object               @ @.str.13
.L.str.13:
	.asciz	"PINGRESP"
	.size	.L.str.13, 9

	.type	.L.str.14,%object               @ @.str.14
.L.str.14:
	.asciz	"DISCONNECT"
	.size	.L.str.14, 11

	.hidden	MQTTPacket_names                @ @MQTTPacket_names
	.type	MQTTPacket_names,%object
	.section	.data.MQTTPacket_names,"aw",%progbits
	.globl	MQTTPacket_names
	.p2align	2
MQTTPacket_names:
	.long	.L.str
	.long	.L.str.1
	.long	.L.str.2
	.long	.L.str.3
	.long	.L.str.4
	.long	.L.str.5
	.long	.L.str.6
	.long	.L.str.7
	.long	.L.str.8
	.long	.L.str.9
	.long	.L.str.10
	.long	.L.str.11
	.long	.L.str.12
	.long	.L.str.13
	.long	.L.str.14
	.size	MQTTPacket_names, 60

	.type	.L.str.15,%object               @ @.str.15
	.section	.rodata.str1.1,"aMS",%progbits,1
.L.str.15:
	.asciz	"CONNECT MQTT version %d, client id %.*s, clean session %d, keep alive %d"
	.size	.L.str.15, 73

	.type	.L.str.16,%object               @ @.str.16
.L.str.16:
	.asciz	", will QoS %d, will retain %d, will topic %.*s, will message %.*s"
	.size	.L.str.16, 66

	.type	.L.str.17,%object               @ @.str.17
.L.str.17:
	.asciz	", user name %.*s"
	.size	.L.str.17, 17

	.type	.L.str.18,%object               @ @.str.18
.L.str.18:
	.asciz	", password %.*s"
	.size	.L.str.18, 16

	.type	.L.str.19,%object               @ @.str.19
.L.str.19:
	.asciz	"CONNACK session present %d, rc %d"
	.size	.L.str.19, 34

	.type	.L.str.20,%object               @ @.str.20
.L.str.20:
	.asciz	"PUBLISH dup %d, QoS %d, retained %d, packet id %d, topic %.*s, payload length %d, payload %.*s"
	.size	.L.str.20, 95

	.type	.L.str.21,%object               @ @.str.21
.L.str.21:
	.asciz	"%s, packet id %d"
	.size	.L.str.21, 17

	.type	.L.str.22,%object               @ @.str.22
.L.str.22:
	.asciz	", dup %d"
	.size	.L.str.22, 9

	.type	.L.str.23,%object               @ @.str.23
.L.str.23:
	.asciz	"SUBSCRIBE dup %d, packet id %d count %d topic %.*s qos %d"
	.size	.L.str.23, 58

	.type	.L.str.24,%object               @ @.str.24
.L.str.24:
	.asciz	"SUBACK packet id %d count %d granted qos %d"
	.size	.L.str.24, 44

	.type	.L.str.25,%object               @ @.str.25
.L.str.25:
	.asciz	"UNSUBSCRIBE dup %d, packet id %d count %d topic %.*s"
	.size	.L.str.25, 53

	.file	2 "E:\\STM32\\Learning\\STM32H750_ART_PI_RGBLCD" "./packages/paho_mqtt/MQTTPacket/src/MQTTConnect.h"
	.file	3 "E:\\STM32\\Learning\\STM32H750_ART_PI_RGBLCD" "./packages/paho_mqtt/MQTTPacket/src/MQTTPacket.h"
	.section	.debug_abbrev,"",%progbits
	.byte	1                               @ Abbreviation Code
	.byte	17                              @ DW_TAG_compile_unit
	.byte	1                               @ DW_CHILDREN_yes
	.byte	37                              @ DW_AT_producer
	.byte	14                              @ DW_FORM_strp
	.byte	19                              @ DW_AT_language
	.byte	5                               @ DW_FORM_data2
	.byte	3                               @ DW_AT_name
	.byte	14                              @ DW_FORM_strp
	.byte	16                              @ DW_AT_stmt_list
	.byte	6                               @ DW_FORM_data4
	.byte	27                              @ DW_AT_comp_dir
	.byte	14                              @ DW_FORM_strp
	.byte	17                              @ DW_AT_low_pc
	.byte	1                               @ DW_FORM_addr
	.byte	85                              @ DW_AT_ranges
	.byte	6                               @ DW_FORM_data4
	.byte	0                               @ EOM(1)
	.byte	0                               @ EOM(2)
	.byte	2                               @ Abbreviation Code
	.byte	52                              @ DW_TAG_variable
	.byte	0                               @ DW_CHILDREN_no
	.byte	3                               @ DW_AT_name
	.byte	14                              @ DW_FORM_strp
	.byte	73                              @ DW_AT_type
	.byte	19                              @ DW_FORM_ref4
	.byte	63                              @ DW_AT_external
	.byte	12                              @ DW_FORM_flag
	.byte	58                              @ DW_AT_decl_file
	.byte	11                              @ DW_FORM_data1
	.byte	59                              @ DW_AT_decl_line
	.byte	11                              @ DW_FORM_data1
	.byte	2                               @ DW_AT_location
	.byte	10                              @ DW_FORM_block1
	.byte	0                               @ EOM(1)
	.byte	0                               @ EOM(2)
	.byte	3                               @ Abbreviation Code
	.byte	1                               @ DW_TAG_array_type
	.byte	1                               @ DW_CHILDREN_yes
	.byte	73                              @ DW_AT_type
	.byte	19                              @ DW_FORM_ref4
	.byte	0                               @ EOM(1)
	.byte	0                               @ EOM(2)
	.byte	4                               @ Abbreviation Code
	.byte	33                              @ DW_TAG_subrange_type
	.byte	0                               @ DW_CHILDREN_no
	.byte	73                              @ DW_AT_type
	.byte	19                              @ DW_FORM_ref4
	.byte	55                              @ DW_AT_count
	.byte	11                              @ DW_FORM_data1
	.byte	0                               @ EOM(1)
	.byte	0                               @ EOM(2)
	.byte	5                               @ Abbreviation Code
	.byte	15                              @ DW_TAG_pointer_type
	.byte	0                               @ DW_CHILDREN_no
	.byte	73                              @ DW_AT_type
	.byte	19                              @ DW_FORM_ref4
	.byte	0                               @ EOM(1)
	.byte	0                               @ EOM(2)
	.byte	6                               @ Abbreviation Code
	.byte	38                              @ DW_TAG_const_type
	.byte	0                               @ DW_CHILDREN_no
	.byte	73                              @ DW_AT_type
	.byte	19                              @ DW_FORM_ref4
	.byte	0                               @ EOM(1)
	.byte	0                               @ EOM(2)
	.byte	7                               @ Abbreviation Code
	.byte	36                              @ DW_TAG_base_type
	.byte	0                               @ DW_CHILDREN_no
	.byte	3                               @ DW_AT_name
	.byte	14                              @ DW_FORM_strp
	.byte	62                              @ DW_AT_encoding
	.byte	11                              @ DW_FORM_data1
	.byte	11                              @ DW_AT_byte_size
	.byte	11                              @ DW_FORM_data1
	.byte	0                               @ EOM(1)
	.byte	0                               @ EOM(2)
	.byte	8                               @ Abbreviation Code
	.byte	36                              @ DW_TAG_base_type
	.byte	0                               @ DW_CHILDREN_no
	.byte	3                               @ DW_AT_name
	.byte	14                              @ DW_FORM_strp
	.byte	11                              @ DW_AT_byte_size
	.byte	11                              @ DW_FORM_data1
	.byte	62                              @ DW_AT_encoding
	.byte	11                              @ DW_FORM_data1
	.byte	0                               @ EOM(1)
	.byte	0                               @ EOM(2)
	.byte	9                               @ Abbreviation Code
	.byte	46                              @ DW_TAG_subprogram
	.byte	1                               @ DW_CHILDREN_yes
	.byte	17                              @ DW_AT_low_pc
	.byte	1                               @ DW_FORM_addr
	.byte	18                              @ DW_AT_high_pc
	.byte	1                               @ DW_FORM_addr
	.byte	64                              @ DW_AT_frame_base
	.byte	10                              @ DW_FORM_block1
	.byte	3                               @ DW_AT_name
	.byte	14                              @ DW_FORM_strp
	.byte	58                              @ DW_AT_decl_file
	.byte	11                              @ DW_FORM_data1
	.byte	59                              @ DW_AT_decl_line
	.byte	11                              @ DW_FORM_data1
	.byte	39                              @ DW_AT_prototyped
	.byte	12                              @ DW_FORM_flag
	.byte	73                              @ DW_AT_type
	.byte	19                              @ DW_FORM_ref4
	.byte	63                              @ DW_AT_external
	.byte	12                              @ DW_FORM_flag
	.byte	0                               @ EOM(1)
	.byte	0                               @ EOM(2)
	.byte	10                              @ Abbreviation Code
	.byte	5                               @ DW_TAG_formal_parameter
	.byte	0                               @ DW_CHILDREN_no
	.byte	2                               @ DW_AT_location
	.byte	10                              @ DW_FORM_block1
	.byte	3                               @ DW_AT_name
	.byte	14                              @ DW_FORM_strp
	.byte	58                              @ DW_AT_decl_file
	.byte	11                              @ DW_FORM_data1
	.byte	59                              @ DW_AT_decl_line
	.byte	11                              @ DW_FORM_data1
	.byte	73                              @ DW_AT_type
	.byte	19                              @ DW_FORM_ref4
	.byte	0                               @ EOM(1)
	.byte	0                               @ EOM(2)
	.byte	11                              @ Abbreviation Code
	.byte	52                              @ DW_TAG_variable
	.byte	0                               @ DW_CHILDREN_no
	.byte	2                               @ DW_AT_location
	.byte	10                              @ DW_FORM_block1
	.byte	3                               @ DW_AT_name
	.byte	14                              @ DW_FORM_strp
	.byte	58                              @ DW_AT_decl_file
	.byte	11                              @ DW_FORM_data1
	.byte	59                              @ DW_AT_decl_line
	.byte	11                              @ DW_FORM_data1
	.byte	73                              @ DW_AT_type
	.byte	19                              @ DW_FORM_ref4
	.byte	0                               @ EOM(1)
	.byte	0                               @ EOM(2)
	.byte	12                              @ Abbreviation Code
	.byte	22                              @ DW_TAG_typedef
	.byte	0                               @ DW_CHILDREN_no
	.byte	73                              @ DW_AT_type
	.byte	19                              @ DW_FORM_ref4
	.byte	3                               @ DW_AT_name
	.byte	14                              @ DW_FORM_strp
	.byte	58                              @ DW_AT_decl_file
	.byte	11                              @ DW_FORM_data1
	.byte	59                              @ DW_AT_decl_line
	.byte	11                              @ DW_FORM_data1
	.byte	0                               @ EOM(1)
	.byte	0                               @ EOM(2)
	.byte	13                              @ Abbreviation Code
	.byte	19                              @ DW_TAG_structure_type
	.byte	1                               @ DW_CHILDREN_yes
	.byte	11                              @ DW_AT_byte_size
	.byte	11                              @ DW_FORM_data1
	.byte	58                              @ DW_AT_decl_file
	.byte	11                              @ DW_FORM_data1
	.byte	59                              @ DW_AT_decl_line
	.byte	11                              @ DW_FORM_data1
	.byte	0                               @ EOM(1)
	.byte	0                               @ EOM(2)
	.byte	14                              @ Abbreviation Code
	.byte	13                              @ DW_TAG_member
	.byte	0                               @ DW_CHILDREN_no
	.byte	3                               @ DW_AT_name
	.byte	14                              @ DW_FORM_strp
	.byte	73                              @ DW_AT_type
	.byte	19                              @ DW_FORM_ref4
	.byte	58                              @ DW_AT_decl_file
	.byte	11                              @ DW_FORM_data1
	.byte	59                              @ DW_AT_decl_line
	.byte	11                              @ DW_FORM_data1
	.byte	56                              @ DW_AT_data_member_location
	.byte	11                              @ DW_FORM_data1
	.byte	0                               @ EOM(1)
	.byte	0                               @ EOM(2)
	.byte	0                               @ EOM(3)
	.section	.debug_info,"",%progbits
.Lcu_begin0:
	.long	.Ldebug_info_end0-.Ldebug_info_start0 @ Length of Unit
.Ldebug_info_start0:
	.short	3                               @ DWARF version number
	.long	.debug_abbrev                   @ Offset Into Abbrev. Section
	.byte	4                               @ Address Size (in bytes)
	.byte	1                               @ Abbrev [1] 0xb:0x4ee DW_TAG_compile_unit
	.long	.Linfo_string0                  @ DW_AT_producer
	.short	12                              @ DW_AT_language
	.long	.Linfo_string1                  @ DW_AT_name
	.long	.Lline_table_start0             @ DW_AT_stmt_list
	.long	.Linfo_string2                  @ DW_AT_comp_dir
	.long	0                               @ DW_AT_low_pc
	.long	.Ldebug_ranges0                 @ DW_AT_ranges
	.byte	2                               @ Abbrev [2] 0x26:0x12 DW_TAG_variable
	.long	.Linfo_string3                  @ DW_AT_name
	.long	56                              @ DW_AT_type
	.byte	1                               @ DW_AT_external
	.byte	1                               @ DW_AT_decl_file
	.byte	23                              @ DW_AT_decl_line
	.byte	5                               @ DW_AT_location
	.byte	3
	.long	MQTTPacket_names
	.byte	3                               @ Abbrev [3] 0x38:0xc DW_TAG_array_type
	.long	68                              @ DW_AT_type
	.byte	4                               @ Abbrev [4] 0x3d:0x6 DW_TAG_subrange_type
	.long	85                              @ DW_AT_type
	.byte	15                              @ DW_AT_count
	.byte	0                               @ End Of Children Mark
	.byte	5                               @ Abbrev [5] 0x44:0x5 DW_TAG_pointer_type
	.long	73                              @ DW_AT_type
	.byte	6                               @ Abbrev [6] 0x49:0x5 DW_TAG_const_type
	.long	78                              @ DW_AT_type
	.byte	7                               @ Abbrev [7] 0x4e:0x7 DW_TAG_base_type
	.long	.Linfo_string4                  @ DW_AT_name
	.byte	6                               @ DW_AT_encoding
	.byte	1                               @ DW_AT_byte_size
	.byte	8                               @ Abbrev [8] 0x55:0x7 DW_TAG_base_type
	.long	.Linfo_string5                  @ DW_AT_name
	.byte	8                               @ DW_AT_byte_size
	.byte	7                               @ DW_AT_encoding
	.byte	7                               @ Abbrev [7] 0x5c:0x7 DW_TAG_base_type
	.long	.Linfo_string6                  @ DW_AT_name
	.byte	5                               @ DW_AT_encoding
	.byte	4                               @ DW_AT_byte_size
	.byte	9                               @ Abbrev [9] 0x63:0x26 DW_TAG_subprogram
	.long	.Lfunc_begin0                   @ DW_AT_low_pc
	.long	.Lfunc_end0                     @ DW_AT_high_pc
	.byte	1                               @ DW_AT_frame_base
	.byte	93
	.long	.Linfo_string7                  @ DW_AT_name
	.byte	1                               @ DW_AT_decl_file
	.byte	31                              @ DW_AT_decl_line
	.byte	1                               @ DW_AT_prototyped
	.long	68                              @ DW_AT_type
	.byte	1                               @ DW_AT_external
	.byte	10                              @ Abbrev [10] 0x7a:0xe DW_TAG_formal_parameter
	.byte	2                               @ DW_AT_location
	.byte	145
	.byte	2
	.long	.Linfo_string15                 @ DW_AT_name
	.byte	1                               @ DW_AT_decl_file
	.byte	31                              @ DW_AT_decl_line
	.long	917                             @ DW_AT_type
	.byte	0                               @ End Of Children Mark
	.byte	9                               @ Abbrev [9] 0x89:0x50 DW_TAG_subprogram
	.long	.Lfunc_begin1                   @ DW_AT_low_pc
	.long	.Lfunc_end1                     @ DW_AT_high_pc
	.byte	1                               @ DW_AT_frame_base
	.byte	93
	.long	.Linfo_string8                  @ DW_AT_name
	.byte	1                               @ DW_AT_decl_file
	.byte	37                              @ DW_AT_decl_line
	.byte	1                               @ DW_AT_prototyped
	.long	92                              @ DW_AT_type
	.byte	1                               @ DW_AT_external
	.byte	10                              @ Abbrev [10] 0xa0:0xe DW_TAG_formal_parameter
	.byte	2                               @ DW_AT_location
	.byte	145
	.byte	36
	.long	.Linfo_string17                 @ DW_AT_name
	.byte	1                               @ DW_AT_decl_file
	.byte	37                              @ DW_AT_decl_line
	.long	924                             @ DW_AT_type
	.byte	10                              @ Abbrev [10] 0xae:0xe DW_TAG_formal_parameter
	.byte	2                               @ DW_AT_location
	.byte	145
	.byte	32
	.long	.Linfo_string18                 @ DW_AT_name
	.byte	1                               @ DW_AT_decl_file
	.byte	37                              @ DW_AT_decl_line
	.long	92                              @ DW_AT_type
	.byte	10                              @ Abbrev [10] 0xbc:0xe DW_TAG_formal_parameter
	.byte	2                               @ DW_AT_location
	.byte	145
	.byte	28
	.long	.Linfo_string19                 @ DW_AT_name
	.byte	1                               @ DW_AT_decl_file
	.byte	37                              @ DW_AT_decl_line
	.long	929                             @ DW_AT_type
	.byte	11                              @ Abbrev [11] 0xca:0xe DW_TAG_variable
	.byte	2                               @ DW_AT_location
	.byte	145
	.byte	24
	.long	.Linfo_string42                 @ DW_AT_name
	.byte	1                               @ DW_AT_decl_file
	.byte	39                              @ DW_AT_decl_line
	.long	92                              @ DW_AT_type
	.byte	0                               @ End Of Children Mark
	.byte	9                               @ Abbrev [9] 0xd9:0x5e DW_TAG_subprogram
	.long	.Lfunc_begin2                   @ DW_AT_low_pc
	.long	.Lfunc_end2                     @ DW_AT_high_pc
	.byte	1                               @ DW_AT_frame_base
	.byte	93
	.long	.Linfo_string9                  @ DW_AT_name
	.byte	1                               @ DW_AT_decl_file
	.byte	61                              @ DW_AT_decl_line
	.byte	1                               @ DW_AT_prototyped
	.long	92                              @ DW_AT_type
	.byte	1                               @ DW_AT_external
	.byte	10                              @ Abbrev [10] 0xf0:0xe DW_TAG_formal_parameter
	.byte	2                               @ DW_AT_location
	.byte	145
	.byte	20
	.long	.Linfo_string17                 @ DW_AT_name
	.byte	1                               @ DW_AT_decl_file
	.byte	61                              @ DW_AT_decl_line
	.long	924                             @ DW_AT_type
	.byte	10                              @ Abbrev [10] 0xfe:0xe DW_TAG_formal_parameter
	.byte	2                               @ DW_AT_location
	.byte	145
	.byte	16
	.long	.Linfo_string18                 @ DW_AT_name
	.byte	1                               @ DW_AT_decl_file
	.byte	61                              @ DW_AT_decl_line
	.long	92                              @ DW_AT_type
	.byte	10                              @ Abbrev [10] 0x10c:0xe DW_TAG_formal_parameter
	.byte	2                               @ DW_AT_location
	.byte	145
	.byte	15
	.long	.Linfo_string43                 @ DW_AT_name
	.byte	1                               @ DW_AT_decl_file
	.byte	61                              @ DW_AT_decl_line
	.long	1082                            @ DW_AT_type
	.byte	10                              @ Abbrev [10] 0x11a:0xe DW_TAG_formal_parameter
	.byte	2                               @ DW_AT_location
	.byte	145
	.byte	14
	.long	.Linfo_string44                 @ DW_AT_name
	.byte	1                               @ DW_AT_decl_file
	.byte	61                              @ DW_AT_decl_line
	.long	1082                            @ DW_AT_type
	.byte	11                              @ Abbrev [11] 0x128:0xe DW_TAG_variable
	.byte	2                               @ DW_AT_location
	.byte	145
	.byte	8
	.long	.Linfo_string42                 @ DW_AT_name
	.byte	1                               @ DW_AT_decl_file
	.byte	63                              @ DW_AT_decl_line
	.long	92                              @ DW_AT_type
	.byte	0                               @ End Of Children Mark
	.byte	9                               @ Abbrev [9] 0x137:0xae DW_TAG_subprogram
	.long	.Lfunc_begin3                   @ DW_AT_low_pc
	.long	.Lfunc_end3                     @ DW_AT_high_pc
	.byte	1                               @ DW_AT_frame_base
	.byte	93
	.long	.Linfo_string10                 @ DW_AT_name
	.byte	1                               @ DW_AT_decl_file
	.byte	68                              @ DW_AT_decl_line
	.byte	1                               @ DW_AT_prototyped
	.long	92                              @ DW_AT_type
	.byte	1                               @ DW_AT_external
	.byte	10                              @ Abbrev [10] 0x14e:0xf DW_TAG_formal_parameter
	.byte	3                               @ DW_AT_location
	.byte	145
	.asciz	"\344"
	.long	.Linfo_string17                 @ DW_AT_name
	.byte	1                               @ DW_AT_decl_file
	.byte	68                              @ DW_AT_decl_line
	.long	924                             @ DW_AT_type
	.byte	10                              @ Abbrev [10] 0x15d:0xf DW_TAG_formal_parameter
	.byte	3                               @ DW_AT_location
	.byte	145
	.asciz	"\340"
	.long	.Linfo_string18                 @ DW_AT_name
	.byte	1                               @ DW_AT_decl_file
	.byte	68                              @ DW_AT_decl_line
	.long	92                              @ DW_AT_type
	.byte	10                              @ Abbrev [10] 0x16c:0xf DW_TAG_formal_parameter
	.byte	3                               @ DW_AT_location
	.byte	145
	.asciz	"\337"
	.long	.Linfo_string45                 @ DW_AT_name
	.byte	1                               @ DW_AT_decl_file
	.byte	68                              @ DW_AT_decl_line
	.long	1082                            @ DW_AT_type
	.byte	10                              @ Abbrev [10] 0x17b:0xf DW_TAG_formal_parameter
	.byte	3                               @ DW_AT_location
	.byte	145
	.asciz	"\330"
	.long	.Linfo_string37                 @ DW_AT_name
	.byte	1                               @ DW_AT_decl_file
	.byte	68                              @ DW_AT_decl_line
	.long	92                              @ DW_AT_type
	.byte	10                              @ Abbrev [10] 0x18a:0xf DW_TAG_formal_parameter
	.byte	3                               @ DW_AT_location
	.byte	145
	.asciz	"\327"
	.long	.Linfo_string36                 @ DW_AT_name
	.byte	1                               @ DW_AT_decl_file
	.byte	68                              @ DW_AT_decl_line
	.long	1082                            @ DW_AT_type
	.byte	10                              @ Abbrev [10] 0x199:0xf DW_TAG_formal_parameter
	.byte	3                               @ DW_AT_location
	.byte	145
	.asciz	"\324"
	.long	.Linfo_string15                 @ DW_AT_name
	.byte	1                               @ DW_AT_decl_file
	.byte	69                              @ DW_AT_decl_line
	.long	917                             @ DW_AT_type
	.byte	10                              @ Abbrev [10] 0x1a8:0xf DW_TAG_formal_parameter
	.byte	3                               @ DW_AT_location
	.byte	145
	.asciz	"\350"
	.long	.Linfo_string34                 @ DW_AT_name
	.byte	1                               @ DW_AT_decl_file
	.byte	69                              @ DW_AT_decl_line
	.long	1089                            @ DW_AT_type
	.byte	10                              @ Abbrev [10] 0x1b7:0xf DW_TAG_formal_parameter
	.byte	3                               @ DW_AT_location
	.byte	145
	.ascii	"\244\001"
	.long	.Linfo_string46                 @ DW_AT_name
	.byte	1                               @ DW_AT_decl_file
	.byte	69                              @ DW_AT_decl_line
	.long	1257                            @ DW_AT_type
	.byte	10                              @ Abbrev [10] 0x1c6:0xf DW_TAG_formal_parameter
	.byte	3                               @ DW_AT_location
	.byte	145
	.ascii	"\250\001"
	.long	.Linfo_string47                 @ DW_AT_name
	.byte	1                               @ DW_AT_decl_file
	.byte	69                              @ DW_AT_decl_line
	.long	92                              @ DW_AT_type
	.byte	11                              @ Abbrev [11] 0x1d5:0xf DW_TAG_variable
	.byte	3                               @ DW_AT_location
	.byte	145
	.asciz	"\320"
	.long	.Linfo_string42                 @ DW_AT_name
	.byte	1                               @ DW_AT_decl_file
	.byte	71                              @ DW_AT_decl_line
	.long	92                              @ DW_AT_type
	.byte	0                               @ End Of Children Mark
	.byte	9                               @ Abbrev [9] 0x1e5:0x6c DW_TAG_subprogram
	.long	.Lfunc_begin4                   @ DW_AT_low_pc
	.long	.Lfunc_end4                     @ DW_AT_high_pc
	.byte	1                               @ DW_AT_frame_base
	.byte	93
	.long	.Linfo_string11                 @ DW_AT_name
	.byte	1                               @ DW_AT_decl_file
	.byte	80                              @ DW_AT_decl_line
	.byte	1                               @ DW_AT_prototyped
	.long	92                              @ DW_AT_type
	.byte	1                               @ DW_AT_external
	.byte	10                              @ Abbrev [10] 0x1fc:0xe DW_TAG_formal_parameter
	.byte	2                               @ DW_AT_location
	.byte	145
	.byte	20
	.long	.Linfo_string17                 @ DW_AT_name
	.byte	1                               @ DW_AT_decl_file
	.byte	80                              @ DW_AT_decl_line
	.long	924                             @ DW_AT_type
	.byte	10                              @ Abbrev [10] 0x20a:0xe DW_TAG_formal_parameter
	.byte	2                               @ DW_AT_location
	.byte	145
	.byte	16
	.long	.Linfo_string18                 @ DW_AT_name
	.byte	1                               @ DW_AT_decl_file
	.byte	80                              @ DW_AT_decl_line
	.long	92                              @ DW_AT_type
	.byte	10                              @ Abbrev [10] 0x218:0xe DW_TAG_formal_parameter
	.byte	2                               @ DW_AT_location
	.byte	145
	.byte	15
	.long	.Linfo_string48                 @ DW_AT_name
	.byte	1                               @ DW_AT_decl_file
	.byte	80                              @ DW_AT_decl_line
	.long	1082                            @ DW_AT_type
	.byte	10                              @ Abbrev [10] 0x226:0xe DW_TAG_formal_parameter
	.byte	2                               @ DW_AT_location
	.byte	145
	.byte	14
	.long	.Linfo_string45                 @ DW_AT_name
	.byte	1                               @ DW_AT_decl_file
	.byte	80                              @ DW_AT_decl_line
	.long	1082                            @ DW_AT_type
	.byte	10                              @ Abbrev [10] 0x234:0xe DW_TAG_formal_parameter
	.byte	2                               @ DW_AT_location
	.byte	145
	.byte	12
	.long	.Linfo_string15                 @ DW_AT_name
	.byte	1                               @ DW_AT_decl_file
	.byte	80                              @ DW_AT_decl_line
	.long	917                             @ DW_AT_type
	.byte	11                              @ Abbrev [11] 0x242:0xe DW_TAG_variable
	.byte	2                               @ DW_AT_location
	.byte	145
	.byte	8
	.long	.Linfo_string42                 @ DW_AT_name
	.byte	1                               @ DW_AT_decl_file
	.byte	82                              @ DW_AT_decl_line
	.long	92                              @ DW_AT_type
	.byte	0                               @ End Of Children Mark
	.byte	9                               @ Abbrev [9] 0x251:0x7a DW_TAG_subprogram
	.long	.Lfunc_begin5                   @ DW_AT_low_pc
	.long	.Lfunc_end5                     @ DW_AT_high_pc
	.byte	1                               @ DW_AT_frame_base
	.byte	93
	.long	.Linfo_string12                 @ DW_AT_name
	.byte	1                               @ DW_AT_decl_file
	.byte	89                              @ DW_AT_decl_line
	.byte	1                               @ DW_AT_prototyped
	.long	92                              @ DW_AT_type
	.byte	1                               @ DW_AT_external
	.byte	10                              @ Abbrev [10] 0x268:0xe DW_TAG_formal_parameter
	.byte	2                               @ DW_AT_location
	.byte	145
	.byte	28
	.long	.Linfo_string17                 @ DW_AT_name
	.byte	1                               @ DW_AT_decl_file
	.byte	89                              @ DW_AT_decl_line
	.long	924                             @ DW_AT_type
	.byte	10                              @ Abbrev [10] 0x276:0xe DW_TAG_formal_parameter
	.byte	2                               @ DW_AT_location
	.byte	145
	.byte	24
	.long	.Linfo_string18                 @ DW_AT_name
	.byte	1                               @ DW_AT_decl_file
	.byte	89                              @ DW_AT_decl_line
	.long	92                              @ DW_AT_type
	.byte	10                              @ Abbrev [10] 0x284:0xe DW_TAG_formal_parameter
	.byte	2                               @ DW_AT_location
	.byte	145
	.byte	23
	.long	.Linfo_string45                 @ DW_AT_name
	.byte	1                               @ DW_AT_decl_file
	.byte	89                              @ DW_AT_decl_line
	.long	1082                            @ DW_AT_type
	.byte	10                              @ Abbrev [10] 0x292:0xe DW_TAG_formal_parameter
	.byte	2                               @ DW_AT_location
	.byte	145
	.byte	20
	.long	.Linfo_string15                 @ DW_AT_name
	.byte	1                               @ DW_AT_decl_file
	.byte	89                              @ DW_AT_decl_line
	.long	917                             @ DW_AT_type
	.byte	10                              @ Abbrev [10] 0x2a0:0xe DW_TAG_formal_parameter
	.byte	2                               @ DW_AT_location
	.byte	145
	.byte	48
	.long	.Linfo_string49                 @ DW_AT_name
	.byte	1                               @ DW_AT_decl_file
	.byte	89                              @ DW_AT_decl_line
	.long	92                              @ DW_AT_type
	.byte	10                              @ Abbrev [10] 0x2ae:0xe DW_TAG_formal_parameter
	.byte	2                               @ DW_AT_location
	.byte	145
	.byte	52
	.long	.Linfo_string50                 @ DW_AT_name
	.byte	1                               @ DW_AT_decl_file
	.byte	90                              @ DW_AT_decl_line
	.long	1262                            @ DW_AT_type
	.byte	10                              @ Abbrev [10] 0x2bc:0xe DW_TAG_formal_parameter
	.byte	2                               @ DW_AT_location
	.byte	145
	.byte	56
	.long	.Linfo_string51                 @ DW_AT_name
	.byte	1                               @ DW_AT_decl_file
	.byte	90                              @ DW_AT_decl_line
	.long	1267                            @ DW_AT_type
	.byte	0                               @ End Of Children Mark
	.byte	9                               @ Abbrev [9] 0x2cb:0x5e DW_TAG_subprogram
	.long	.Lfunc_begin6                   @ DW_AT_low_pc
	.long	.Lfunc_end6                     @ DW_AT_high_pc
	.byte	1                               @ DW_AT_frame_base
	.byte	93
	.long	.Linfo_string13                 @ DW_AT_name
	.byte	1                               @ DW_AT_decl_file
	.byte	100                             @ DW_AT_decl_line
	.byte	1                               @ DW_AT_prototyped
	.long	92                              @ DW_AT_type
	.byte	1                               @ DW_AT_external
	.byte	10                              @ Abbrev [10] 0x2e2:0xe DW_TAG_formal_parameter
	.byte	2                               @ DW_AT_location
	.byte	145
	.byte	20
	.long	.Linfo_string17                 @ DW_AT_name
	.byte	1                               @ DW_AT_decl_file
	.byte	100                             @ DW_AT_decl_line
	.long	924                             @ DW_AT_type
	.byte	10                              @ Abbrev [10] 0x2f0:0xe DW_TAG_formal_parameter
	.byte	2                               @ DW_AT_location
	.byte	145
	.byte	16
	.long	.Linfo_string18                 @ DW_AT_name
	.byte	1                               @ DW_AT_decl_file
	.byte	100                             @ DW_AT_decl_line
	.long	92                              @ DW_AT_type
	.byte	10                              @ Abbrev [10] 0x2fe:0xe DW_TAG_formal_parameter
	.byte	2                               @ DW_AT_location
	.byte	145
	.byte	14
	.long	.Linfo_string15                 @ DW_AT_name
	.byte	1                               @ DW_AT_decl_file
	.byte	100                             @ DW_AT_decl_line
	.long	917                             @ DW_AT_type
	.byte	10                              @ Abbrev [10] 0x30c:0xe DW_TAG_formal_parameter
	.byte	2                               @ DW_AT_location
	.byte	145
	.byte	8
	.long	.Linfo_string49                 @ DW_AT_name
	.byte	1                               @ DW_AT_decl_file
	.byte	100                             @ DW_AT_decl_line
	.long	92                              @ DW_AT_type
	.byte	10                              @ Abbrev [10] 0x31a:0xe DW_TAG_formal_parameter
	.byte	2                               @ DW_AT_location
	.byte	145
	.byte	32
	.long	.Linfo_string52                 @ DW_AT_name
	.byte	1                               @ DW_AT_decl_file
	.byte	100                             @ DW_AT_decl_line
	.long	1267                            @ DW_AT_type
	.byte	0                               @ End Of Children Mark
	.byte	9                               @ Abbrev [9] 0x329:0x6c DW_TAG_subprogram
	.long	.Lfunc_begin7                   @ DW_AT_low_pc
	.long	.Lfunc_end7                     @ DW_AT_high_pc
	.byte	1                               @ DW_AT_frame_base
	.byte	93
	.long	.Linfo_string14                 @ DW_AT_name
	.byte	1                               @ DW_AT_decl_file
	.byte	107                             @ DW_AT_decl_line
	.byte	1                               @ DW_AT_prototyped
	.long	92                              @ DW_AT_type
	.byte	1                               @ DW_AT_external
	.byte	10                              @ Abbrev [10] 0x340:0xe DW_TAG_formal_parameter
	.byte	2                               @ DW_AT_location
	.byte	145
	.byte	28
	.long	.Linfo_string17                 @ DW_AT_name
	.byte	1                               @ DW_AT_decl_file
	.byte	107                             @ DW_AT_decl_line
	.long	924                             @ DW_AT_type
	.byte	10                              @ Abbrev [10] 0x34e:0xe DW_TAG_formal_parameter
	.byte	2                               @ DW_AT_location
	.byte	145
	.byte	24
	.long	.Linfo_string18                 @ DW_AT_name
	.byte	1                               @ DW_AT_decl_file
	.byte	107                             @ DW_AT_decl_line
	.long	92                              @ DW_AT_type
	.byte	10                              @ Abbrev [10] 0x35c:0xe DW_TAG_formal_parameter
	.byte	2                               @ DW_AT_location
	.byte	145
	.byte	23
	.long	.Linfo_string45                 @ DW_AT_name
	.byte	1                               @ DW_AT_decl_file
	.byte	107                             @ DW_AT_decl_line
	.long	1082                            @ DW_AT_type
	.byte	10                              @ Abbrev [10] 0x36a:0xe DW_TAG_formal_parameter
	.byte	2                               @ DW_AT_location
	.byte	145
	.byte	20
	.long	.Linfo_string15                 @ DW_AT_name
	.byte	1                               @ DW_AT_decl_file
	.byte	107                             @ DW_AT_decl_line
	.long	917                             @ DW_AT_type
	.byte	10                              @ Abbrev [10] 0x378:0xe DW_TAG_formal_parameter
	.byte	2                               @ DW_AT_location
	.byte	145
	.byte	48
	.long	.Linfo_string49                 @ DW_AT_name
	.byte	1                               @ DW_AT_decl_file
	.byte	108                             @ DW_AT_decl_line
	.long	92                              @ DW_AT_type
	.byte	10                              @ Abbrev [10] 0x386:0xe DW_TAG_formal_parameter
	.byte	2                               @ DW_AT_location
	.byte	145
	.byte	52
	.long	.Linfo_string50                 @ DW_AT_name
	.byte	1                               @ DW_AT_decl_file
	.byte	108                             @ DW_AT_decl_line
	.long	1262                            @ DW_AT_type
	.byte	0                               @ End Of Children Mark
	.byte	7                               @ Abbrev [7] 0x395:0x7 DW_TAG_base_type
	.long	.Linfo_string16                 @ DW_AT_name
	.byte	7                               @ DW_AT_encoding
	.byte	2                               @ DW_AT_byte_size
	.byte	5                               @ Abbrev [5] 0x39c:0x5 DW_TAG_pointer_type
	.long	78                              @ DW_AT_type
	.byte	5                               @ Abbrev [5] 0x3a1:0x5 DW_TAG_pointer_type
	.long	934                             @ DW_AT_type
	.byte	12                              @ Abbrev [12] 0x3a6:0xb DW_TAG_typedef
	.long	945                             @ DW_AT_type
	.long	.Linfo_string41                 @ DW_AT_name
	.byte	2                               @ DW_AT_decl_file
	.byte	116                             @ DW_AT_decl_line
	.byte	13                              @ Abbrev [13] 0x3b1:0x7d DW_TAG_structure_type
	.byte	88                              @ DW_AT_byte_size
	.byte	2                               @ DW_AT_decl_file
	.byte	100                             @ DW_AT_decl_line
	.byte	14                              @ Abbrev [14] 0x3b5:0xc DW_TAG_member
	.long	.Linfo_string20                 @ DW_AT_name
	.long	1070                            @ DW_AT_type
	.byte	2                               @ DW_AT_decl_file
	.byte	103                             @ DW_AT_decl_line
	.byte	0                               @ DW_AT_data_member_location
	.byte	14                              @ Abbrev [14] 0x3c1:0xc DW_TAG_member
	.long	.Linfo_string21                 @ DW_AT_name
	.long	92                              @ DW_AT_type
	.byte	2                               @ DW_AT_decl_file
	.byte	105                             @ DW_AT_decl_line
	.byte	4                               @ DW_AT_data_member_location
	.byte	14                              @ Abbrev [14] 0x3cd:0xc DW_TAG_member
	.long	.Linfo_string22                 @ DW_AT_name
	.long	1082                            @ DW_AT_type
	.byte	2                               @ DW_AT_decl_file
	.byte	108                             @ DW_AT_decl_line
	.byte	8                               @ DW_AT_data_member_location
	.byte	14                              @ Abbrev [14] 0x3d9:0xc DW_TAG_member
	.long	.Linfo_string24                 @ DW_AT_name
	.long	1089                            @ DW_AT_type
	.byte	2                               @ DW_AT_decl_file
	.byte	109                             @ DW_AT_decl_line
	.byte	12                              @ DW_AT_data_member_location
	.byte	14                              @ Abbrev [14] 0x3e5:0xc DW_TAG_member
	.long	.Linfo_string30                 @ DW_AT_name
	.long	917                             @ DW_AT_type
	.byte	2                               @ DW_AT_decl_file
	.byte	110                             @ DW_AT_decl_line
	.byte	24                              @ DW_AT_data_member_location
	.byte	14                              @ Abbrev [14] 0x3f1:0xc DW_TAG_member
	.long	.Linfo_string31                 @ DW_AT_name
	.long	1082                            @ DW_AT_type
	.byte	2                               @ DW_AT_decl_file
	.byte	111                             @ DW_AT_decl_line
	.byte	26                              @ DW_AT_data_member_location
	.byte	14                              @ Abbrev [14] 0x3fd:0xc DW_TAG_member
	.long	.Linfo_string32                 @ DW_AT_name
	.long	1082                            @ DW_AT_type
	.byte	2                               @ DW_AT_decl_file
	.byte	112                             @ DW_AT_decl_line
	.byte	27                              @ DW_AT_data_member_location
	.byte	14                              @ Abbrev [14] 0x409:0xc DW_TAG_member
	.long	.Linfo_string33                 @ DW_AT_name
	.long	1169                            @ DW_AT_type
	.byte	2                               @ DW_AT_decl_file
	.byte	113                             @ DW_AT_decl_line
	.byte	28                              @ DW_AT_data_member_location
	.byte	14                              @ Abbrev [14] 0x415:0xc DW_TAG_member
	.long	.Linfo_string39                 @ DW_AT_name
	.long	1089                            @ DW_AT_type
	.byte	2                               @ DW_AT_decl_file
	.byte	114                             @ DW_AT_decl_line
	.byte	64                              @ DW_AT_data_member_location
	.byte	14                              @ Abbrev [14] 0x421:0xc DW_TAG_member
	.long	.Linfo_string40                 @ DW_AT_name
	.long	1089                            @ DW_AT_type
	.byte	2                               @ DW_AT_decl_file
	.byte	115                             @ DW_AT_decl_line
	.byte	76                              @ DW_AT_data_member_location
	.byte	0                               @ End Of Children Mark
	.byte	3                               @ Abbrev [3] 0x42e:0xc DW_TAG_array_type
	.long	78                              @ DW_AT_type
	.byte	4                               @ Abbrev [4] 0x433:0x6 DW_TAG_subrange_type
	.long	85                              @ DW_AT_type
	.byte	4                               @ DW_AT_count
	.byte	0                               @ End Of Children Mark
	.byte	7                               @ Abbrev [7] 0x43a:0x7 DW_TAG_base_type
	.long	.Linfo_string23                 @ DW_AT_name
	.byte	8                               @ DW_AT_encoding
	.byte	1                               @ DW_AT_byte_size
	.byte	12                              @ Abbrev [12] 0x441:0xb DW_TAG_typedef
	.long	1100                            @ DW_AT_type
	.long	.Linfo_string29                 @ DW_AT_name
	.byte	3                               @ DW_AT_decl_file
	.byte	85                              @ DW_AT_decl_line
	.byte	13                              @ Abbrev [13] 0x44c:0x1d DW_TAG_structure_type
	.byte	12                              @ DW_AT_byte_size
	.byte	3                               @ DW_AT_decl_file
	.byte	81                              @ DW_AT_decl_line
	.byte	14                              @ Abbrev [14] 0x450:0xc DW_TAG_member
	.long	.Linfo_string25                 @ DW_AT_name
	.long	924                             @ DW_AT_type
	.byte	3                               @ DW_AT_decl_file
	.byte	83                              @ DW_AT_decl_line
	.byte	0                               @ DW_AT_data_member_location
	.byte	14                              @ Abbrev [14] 0x45c:0xc DW_TAG_member
	.long	.Linfo_string26                 @ DW_AT_name
	.long	1129                            @ DW_AT_type
	.byte	3                               @ DW_AT_decl_file
	.byte	84                              @ DW_AT_decl_line
	.byte	4                               @ DW_AT_data_member_location
	.byte	0                               @ End Of Children Mark
	.byte	12                              @ Abbrev [12] 0x469:0xb DW_TAG_typedef
	.long	1140                            @ DW_AT_type
	.long	.Linfo_string28                 @ DW_AT_name
	.byte	3                               @ DW_AT_decl_file
	.byte	79                              @ DW_AT_decl_line
	.byte	13                              @ Abbrev [13] 0x474:0x1d DW_TAG_structure_type
	.byte	8                               @ DW_AT_byte_size
	.byte	3                               @ DW_AT_decl_file
	.byte	75                              @ DW_AT_decl_line
	.byte	14                              @ Abbrev [14] 0x478:0xc DW_TAG_member
	.long	.Linfo_string27                 @ DW_AT_name
	.long	92                              @ DW_AT_type
	.byte	3                               @ DW_AT_decl_file
	.byte	77                              @ DW_AT_decl_line
	.byte	0                               @ DW_AT_data_member_location
	.byte	14                              @ Abbrev [14] 0x484:0xc DW_TAG_member
	.long	.Linfo_string19                 @ DW_AT_name
	.long	924                             @ DW_AT_type
	.byte	3                               @ DW_AT_decl_file
	.byte	78                              @ DW_AT_decl_line
	.byte	4                               @ DW_AT_data_member_location
	.byte	0                               @ End Of Children Mark
	.byte	12                              @ Abbrev [12] 0x491:0xb DW_TAG_typedef
	.long	1180                            @ DW_AT_type
	.long	.Linfo_string38                 @ DW_AT_name
	.byte	2                               @ DW_AT_decl_file
	.byte	94                              @ DW_AT_decl_line
	.byte	13                              @ Abbrev [13] 0x49c:0x4d DW_TAG_structure_type
	.byte	36                              @ DW_AT_byte_size
	.byte	2                               @ DW_AT_decl_file
	.byte	75                              @ DW_AT_decl_line
	.byte	14                              @ Abbrev [14] 0x4a0:0xc DW_TAG_member
	.long	.Linfo_string20                 @ DW_AT_name
	.long	1070                            @ DW_AT_type
	.byte	2                               @ DW_AT_decl_file
	.byte	78                              @ DW_AT_decl_line
	.byte	0                               @ DW_AT_data_member_location
	.byte	14                              @ Abbrev [14] 0x4ac:0xc DW_TAG_member
	.long	.Linfo_string21                 @ DW_AT_name
	.long	92                              @ DW_AT_type
	.byte	2                               @ DW_AT_decl_file
	.byte	80                              @ DW_AT_decl_line
	.byte	4                               @ DW_AT_data_member_location
	.byte	14                              @ Abbrev [14] 0x4b8:0xc DW_TAG_member
	.long	.Linfo_string34                 @ DW_AT_name
	.long	1089                            @ DW_AT_type
	.byte	2                               @ DW_AT_decl_file
	.byte	82                              @ DW_AT_decl_line
	.byte	8                               @ DW_AT_data_member_location
	.byte	14                              @ Abbrev [14] 0x4c4:0xc DW_TAG_member
	.long	.Linfo_string35                 @ DW_AT_name
	.long	1089                            @ DW_AT_type
	.byte	2                               @ DW_AT_decl_file
	.byte	84                              @ DW_AT_decl_line
	.byte	20                              @ DW_AT_data_member_location
	.byte	14                              @ Abbrev [14] 0x4d0:0xc DW_TAG_member
	.long	.Linfo_string36                 @ DW_AT_name
	.long	1082                            @ DW_AT_type
	.byte	2                               @ DW_AT_decl_file
	.byte	88                              @ DW_AT_decl_line
	.byte	32                              @ DW_AT_data_member_location
	.byte	14                              @ Abbrev [14] 0x4dc:0xc DW_TAG_member
	.long	.Linfo_string37                 @ DW_AT_name
	.long	78                              @ DW_AT_type
	.byte	2                               @ DW_AT_decl_file
	.byte	93                              @ DW_AT_decl_line
	.byte	33                              @ DW_AT_data_member_location
	.byte	0                               @ End Of Children Mark
	.byte	5                               @ Abbrev [5] 0x4e9:0x5 DW_TAG_pointer_type
	.long	1082                            @ DW_AT_type
	.byte	5                               @ Abbrev [5] 0x4ee:0x5 DW_TAG_pointer_type
	.long	1089                            @ DW_AT_type
	.byte	5                               @ Abbrev [5] 0x4f3:0x5 DW_TAG_pointer_type
	.long	92                              @ DW_AT_type
	.byte	0                               @ End Of Children Mark
.Ldebug_info_end0:
	.section	.debug_ranges,"",%progbits
.Ldebug_ranges0:
	.long	.Lfunc_begin0
	.long	.Lfunc_end0
	.long	.Lfunc_begin1
	.long	.Lfunc_end1
	.long	.Lfunc_begin2
	.long	.Lfunc_end2
	.long	.Lfunc_begin3
	.long	.Lfunc_end3
	.long	.Lfunc_begin4
	.long	.Lfunc_end4
	.long	.Lfunc_begin5
	.long	.Lfunc_end5
	.long	.Lfunc_begin6
	.long	.Lfunc_end6
	.long	.Lfunc_begin7
	.long	.Lfunc_end7
	.long	0
	.long	0
	.section	.debug_str,"MS",%progbits,1
.Linfo_string0:
	.asciz	"Component: ARM Compiler 6.16 Tool: armclang [5dfeb700]" @ string offset=0
.Linfo_string1:
	.asciz	"packages/paho_mqtt/MQTTPacket/src\\MQTTFormat.c" @ string offset=55
.Linfo_string2:
	.asciz	"E:\\STM32\\Learning\\STM32H750_ART_PI_RGBLCD" @ string offset=102
.Linfo_string3:
	.asciz	"MQTTPacket_names"              @ string offset=144
.Linfo_string4:
	.asciz	"char"                          @ string offset=161
.Linfo_string5:
	.asciz	"__ARRAY_SIZE_TYPE__"           @ string offset=166
.Linfo_string6:
	.asciz	"int"                           @ string offset=186
.Linfo_string7:
	.asciz	"MQTTPacket_getName"            @ string offset=190
.Linfo_string8:
	.asciz	"MQTTStringFormat_connect"      @ string offset=209
.Linfo_string9:
	.asciz	"MQTTStringFormat_connack"      @ string offset=234
.Linfo_string10:
	.asciz	"MQTTStringFormat_publish"      @ string offset=259
.Linfo_string11:
	.asciz	"MQTTStringFormat_ack"          @ string offset=284
.Linfo_string12:
	.asciz	"MQTTStringFormat_subscribe"    @ string offset=305
.Linfo_string13:
	.asciz	"MQTTStringFormat_suback"       @ string offset=332
.Linfo_string14:
	.asciz	"MQTTStringFormat_unsubscribe"  @ string offset=356
.Linfo_string15:
	.asciz	"packetid"                      @ string offset=385
.Linfo_string16:
	.asciz	"unsigned short"                @ string offset=394
.Linfo_string17:
	.asciz	"strbuf"                        @ string offset=409
.Linfo_string18:
	.asciz	"strbuflen"                     @ string offset=416
.Linfo_string19:
	.asciz	"data"                          @ string offset=426
.Linfo_string20:
	.asciz	"struct_id"                     @ string offset=431
.Linfo_string21:
	.asciz	"struct_version"                @ string offset=441
.Linfo_string22:
	.asciz	"MQTTVersion"                   @ string offset=456
.Linfo_string23:
	.asciz	"unsigned char"                 @ string offset=468
.Linfo_string24:
	.asciz	"clientID"                      @ string offset=482
.Linfo_string25:
	.asciz	"cstring"                       @ string offset=491
.Linfo_string26:
	.asciz	"lenstring"                     @ string offset=499
.Linfo_string27:
	.asciz	"len"                           @ string offset=509
.Linfo_string28:
	.asciz	"MQTTLenString"                 @ string offset=513
.Linfo_string29:
	.asciz	"MQTTString"                    @ string offset=527
.Linfo_string30:
	.asciz	"keepAliveInterval"             @ string offset=538
.Linfo_string31:
	.asciz	"cleansession"                  @ string offset=556
.Linfo_string32:
	.asciz	"willFlag"                      @ string offset=569
.Linfo_string33:
	.asciz	"will"                          @ string offset=578
.Linfo_string34:
	.asciz	"topicName"                     @ string offset=583
.Linfo_string35:
	.asciz	"message"                       @ string offset=593
.Linfo_string36:
	.asciz	"retained"                      @ string offset=601
.Linfo_string37:
	.asciz	"qos"                           @ string offset=610
.Linfo_string38:
	.asciz	"MQTTPacket_willOptions"        @ string offset=614
.Linfo_string39:
	.asciz	"username"                      @ string offset=637
.Linfo_string40:
	.asciz	"password"                      @ string offset=646
.Linfo_string41:
	.asciz	"MQTTPacket_connectData"        @ string offset=655
.Linfo_string42:
	.asciz	"strindex"                      @ string offset=678
.Linfo_string43:
	.asciz	"connack_rc"                    @ string offset=687
.Linfo_string44:
	.asciz	"sessionPresent"                @ string offset=698
.Linfo_string45:
	.asciz	"dup"                           @ string offset=713
.Linfo_string46:
	.asciz	"payload"                       @ string offset=717
.Linfo_string47:
	.asciz	"payloadlen"                    @ string offset=725
.Linfo_string48:
	.asciz	"packettype"                    @ string offset=736
.Linfo_string49:
	.asciz	"count"                         @ string offset=747
.Linfo_string50:
	.asciz	"topicFilters"                  @ string offset=753
.Linfo_string51:
	.asciz	"requestedQoSs"                 @ string offset=766
.Linfo_string52:
	.asciz	"grantedQoSs"                   @ string offset=780
	.ident	"Component: ARM Compiler 6.16 Tool: armclang [5dfeb700]"
	.section	".note.GNU-stack","",%progbits
	.eabi_attribute	30, 6	@ Tag_ABI_optimization_goals
	.ARM_attribute	16, 1	@ Tag_AV_eba
	.section	.debug_line,"",%progbits
.Lline_table_start0:
