	.text
	.syntax unified
	.eabi_attribute	67, "2.09"	@ Tag_conformance
	.cpu	cortex-m7
	.eabi_attribute	6, 13	@ Tag_CPU_arch
	.eabi_attribute	7, 77	@ Tag_CPU_arch_profile
	.eabi_attribute	8, 0	@ Tag_ARM_ISA_use
	.eabi_attribute	9, 2	@ Tag_THUMB_ISA_use
	.fpu	fpv5-d16
	.eabi_attribute	36, 1	@ Tag_FP_HP_extension
	.eabi_attribute	34, 1	@ Tag_CPU_unaligned_access
	.eabi_attribute	17, 1	@ Tag_ABI_PCS_GOT_use
	.eabi_attribute	20, 2	@ Tag_ABI_FP_denormal
	.eabi_attribute	21, 0	@ Tag_ABI_FP_exceptions
	.eabi_attribute	23, 1	@ Tag_ABI_FP_number_model
	.eabi_attribute	24, 1	@ Tag_ABI_align_needed
	.eabi_attribute	25, 1	@ Tag_ABI_align_preserved
	.eabi_attribute	28, 1	@ Tag_ABI_VFP_args
	.eabi_attribute	38, 1	@ Tag_ABI_FP_16bit_format
	.eabi_attribute	18, 2	@ Tag_ABI_PCS_wchar_t
	.eabi_attribute	26, 1	@ Tag_ABI_enum_size
	.eabi_attribute	14, 0	@ Tag_ABI_PCS_R9_use
	.file	"MQTTSubscribeClient.c"
	.file	1 "E:\\STM32\\Learning\\STM32H750_ART_PI_RGBLCD" "./packages/paho_mqtt/MQTTPacket/src/MQTTPacket.h"
	.section	.text.MQTTSerialize_subscribeLength,"ax",%progbits
	.hidden	MQTTSerialize_subscribeLength   @ -- Begin function MQTTSerialize_subscribeLength
	.globl	MQTTSerialize_subscribeLength
	.p2align	3
	.type	MQTTSerialize_subscribeLength,%function
	.code	16                              @ @MQTTSerialize_subscribeLength
	.thumb_func
MQTTSerialize_subscribeLength:
.Lfunc_begin0:
	.file	2 "E:\\STM32\\Learning\\STM32H750_ART_PI_RGBLCD" "packages/paho_mqtt/MQTTPacket/src/MQTTSubscribeClient.c"
	.loc	2 29 0                          @ packages/paho_mqtt/MQTTPacket/src/MQTTSubscribeClient.c:29:0
	.fnstart
	.cfi_sections .debug_frame
	.cfi_startproc
@ %bb.0:
	.save	{r7, lr}
	push	{r7, lr}
	.cfi_def_cfa_offset 8
	.cfi_offset lr, -4
	.cfi_offset r7, -8
	.pad	#16
	sub	sp, #16
	.cfi_def_cfa_offset 24
	str	r0, [sp, #12]
	str	r1, [sp, #8]
	movs	r0, #2
.Ltmp0:
	.loc	2 31 6 prologue_end             @ packages/paho_mqtt/MQTTPacket/src/MQTTSubscribeClient.c:31:6
	str	r0, [sp]
	movs	r0, #0
.Ltmp1:
	.loc	2 33 9                          @ packages/paho_mqtt/MQTTPacket/src/MQTTSubscribeClient.c:33:9
	str	r0, [sp, #4]
	.loc	2 33 7 is_stmt 0                @ packages/paho_mqtt/MQTTPacket/src/MQTTSubscribeClient.c:33:7
	b	.LBB0_1
.LBB0_1:                                @ =>This Inner Loop Header: Depth=1
.Ltmp2:
	.loc	2 33 14                         @ packages/paho_mqtt/MQTTPacket/src/MQTTSubscribeClient.c:33:14
	ldr	r0, [sp, #4]
	.loc	2 33 18                         @ packages/paho_mqtt/MQTTPacket/src/MQTTSubscribeClient.c:33:18
	ldr	r1, [sp, #12]
.Ltmp3:
	.loc	2 33 2                          @ packages/paho_mqtt/MQTTPacket/src/MQTTSubscribeClient.c:33:2
	cmp	r0, r1
	bge	.LBB0_4
	b	.LBB0_2
.LBB0_2:                                @   in Loop: Header=BB0_1 Depth=1
.Ltmp4:
	.loc	2 34 25 is_stmt 1               @ packages/paho_mqtt/MQTTPacket/src/MQTTSubscribeClient.c:34:25
	ldr	r0, [sp, #8]
	.loc	2 34 38 is_stmt 0               @ packages/paho_mqtt/MQTTPacket/src/MQTTSubscribeClient.c:34:38
	ldr	r1, [sp, #4]
	.loc	2 34 25                         @ packages/paho_mqtt/MQTTPacket/src/MQTTSubscribeClient.c:34:25
	add.w	r1, r1, r1, lsl #1
	add.w	r2, r0, r1, lsl #2
	.loc	2 34 14                         @ packages/paho_mqtt/MQTTPacket/src/MQTTSubscribeClient.c:34:14
	ldr.w	r0, [r0, r1, lsl #2]
	ldr	r1, [r2, #4]
	ldr	r2, [r2, #8]
	bl	MQTTstrlen
	.loc	2 34 7                          @ packages/paho_mqtt/MQTTPacket/src/MQTTSubscribeClient.c:34:7
	ldr	r1, [sp]
	.loc	2 34 12                         @ packages/paho_mqtt/MQTTPacket/src/MQTTSubscribeClient.c:34:12
	add	r0, r1
	.loc	2 34 7                          @ packages/paho_mqtt/MQTTPacket/src/MQTTSubscribeClient.c:34:7
	adds	r0, #3
	str	r0, [sp]
	.loc	2 34 3                          @ packages/paho_mqtt/MQTTPacket/src/MQTTSubscribeClient.c:34:3
	b	.LBB0_3
.LBB0_3:                                @   in Loop: Header=BB0_1 Depth=1
	.loc	2 33 25 is_stmt 1               @ packages/paho_mqtt/MQTTPacket/src/MQTTSubscribeClient.c:33:25
	ldr	r0, [sp, #4]
	adds	r0, #1
	str	r0, [sp, #4]
	.loc	2 33 2 is_stmt 0                @ packages/paho_mqtt/MQTTPacket/src/MQTTSubscribeClient.c:33:2
	b	.LBB0_1
.Ltmp5:
.LBB0_4:
	.loc	2 35 9 is_stmt 1                @ packages/paho_mqtt/MQTTPacket/src/MQTTSubscribeClient.c:35:9
	ldr	r0, [sp]
	.loc	2 35 2 is_stmt 0                @ packages/paho_mqtt/MQTTPacket/src/MQTTSubscribeClient.c:35:2
	add	sp, #16
	pop	{r7, pc}
.Ltmp6:
.Lfunc_end0:
	.size	MQTTSerialize_subscribeLength, .Lfunc_end0-MQTTSerialize_subscribeLength
	.cfi_endproc
	.cantunwind
	.fnend
                                        @ -- End function
	.section	.text.MQTTSerialize_subscribe,"ax",%progbits
	.hidden	MQTTSerialize_subscribe         @ -- Begin function MQTTSerialize_subscribe
	.globl	MQTTSerialize_subscribe
	.p2align	3
	.type	MQTTSerialize_subscribe,%function
	.code	16                              @ @MQTTSerialize_subscribe
	.thumb_func
MQTTSerialize_subscribe:
.Lfunc_begin1:
	.loc	2 52 0 is_stmt 1                @ packages/paho_mqtt/MQTTPacket/src/MQTTSubscribeClient.c:52:0
	.fnstart
	.cfi_startproc
@ %bb.0:
	.save	{r7, lr}
	push	{r7, lr}
	.cfi_def_cfa_offset 8
	.cfi_offset lr, -4
	.cfi_offset r7, -8
	.pad	#48
	sub	sp, #48
	.cfi_def_cfa_offset 56
	ldr.w	r12, [sp, #64]
	ldr.w	r12, [sp, #60]
	ldr.w	r12, [sp, #56]
                                        @ kill: def $r12 killed $r3
                                        @ kill: def $r12 killed $r2
	str	r0, [sp, #44]
	str	r1, [sp, #40]
	strb.w	r2, [sp, #39]
	strh.w	r3, [sp, #36]
.Ltmp7:
	.loc	2 53 23 prologue_end            @ packages/paho_mqtt/MQTTPacket/src/MQTTSubscribeClient.c:53:23
	ldr	r0, [sp, #44]
	.loc	2 53 17 is_stmt 0               @ packages/paho_mqtt/MQTTPacket/src/MQTTSubscribeClient.c:53:17
	str	r0, [sp, #32]
	.loc	2 54 13 is_stmt 1               @ packages/paho_mqtt/MQTTPacket/src/MQTTSubscribeClient.c:54:13
	movw	r0, :lower16:.L__const.MQTTSerialize_subscribe.header
	movt	r0, :upper16:.L__const.MQTTSerialize_subscribe.header
	ldr	r0, [r0]
	str	r0, [sp, #28]
	movs	r0, #0
	.loc	2 55 6                          @ packages/paho_mqtt/MQTTPacket/src/MQTTSubscribeClient.c:55:6
	str	r0, [sp, #24]
	.loc	2 56 6                          @ packages/paho_mqtt/MQTTPacket/src/MQTTSubscribeClient.c:56:6
	str	r0, [sp, #20]
	.loc	2 57 6                          @ packages/paho_mqtt/MQTTPacket/src/MQTTSubscribeClient.c:57:6
	str	r0, [sp, #16]
.Ltmp8:
	.loc	2 60 61                         @ packages/paho_mqtt/MQTTPacket/src/MQTTSubscribeClient.c:60:61
	ldr	r0, [sp, #56]
	.loc	2 60 68 is_stmt 0               @ packages/paho_mqtt/MQTTPacket/src/MQTTSubscribeClient.c:60:68
	ldr	r1, [sp, #60]
	.loc	2 60 31                         @ packages/paho_mqtt/MQTTPacket/src/MQTTSubscribeClient.c:60:31
	bl	MQTTSerialize_subscribeLength
	.loc	2 60 29                         @ packages/paho_mqtt/MQTTPacket/src/MQTTSubscribeClient.c:60:29
	str	r0, [sp, #24]
	.loc	2 60 6                          @ packages/paho_mqtt/MQTTPacket/src/MQTTSubscribeClient.c:60:6
	bl	MQTTPacket_len
	.loc	2 60 85                         @ packages/paho_mqtt/MQTTPacket/src/MQTTSubscribeClient.c:60:85
	ldr	r1, [sp, #40]
.Ltmp9:
	.loc	2 60 6                          @ packages/paho_mqtt/MQTTPacket/src/MQTTSubscribeClient.c:60:6
	cmp	r0, r1
	ble	.LBB1_2
	b	.LBB1_1
.LBB1_1:
	.loc	2 0 6                           @ packages/paho_mqtt/MQTTPacket/src/MQTTSubscribeClient.c:0:6
	mvn	r0, #1
.Ltmp10:
	.loc	2 62 6 is_stmt 1                @ packages/paho_mqtt/MQTTPacket/src/MQTTSubscribeClient.c:62:6
	str	r0, [sp, #20]
	.loc	2 63 3                          @ packages/paho_mqtt/MQTTPacket/src/MQTTSubscribeClient.c:63:3
	b	.LBB1_7
.Ltmp11:
.LBB1_2:
	.loc	2 0 3 is_stmt 0                 @ packages/paho_mqtt/MQTTPacket/src/MQTTSubscribeClient.c:0:3
	movs	r0, #0
	.loc	2 66 14 is_stmt 1               @ packages/paho_mqtt/MQTTPacket/src/MQTTSubscribeClient.c:66:14
	str	r0, [sp, #12]                   @ 4-byte Spill
	strb.w	r0, [sp, #28]
	.loc	2 67 19                         @ packages/paho_mqtt/MQTTPacket/src/MQTTSubscribeClient.c:67:19
	ldrb.w	r0, [sp, #28]
	movs	r1, #8
	bfi	r0, r1, #4, #28
	strb.w	r0, [sp, #28]
	.loc	2 68 20                         @ packages/paho_mqtt/MQTTPacket/src/MQTTSubscribeClient.c:68:20
	ldrb.w	r1, [sp, #39]
	.loc	2 68 18 is_stmt 0               @ packages/paho_mqtt/MQTTPacket/src/MQTTSubscribeClient.c:68:18
	ldrb.w	r0, [sp, #28]
	and	r1, r1, #1
	and	r0, r0, #247
	orr.w	r0, r0, r1, lsl #3
	strb.w	r0, [sp, #28]
	.loc	2 69 18 is_stmt 1               @ packages/paho_mqtt/MQTTPacket/src/MQTTSubscribeClient.c:69:18
	ldrb.w	r0, [sp, #28]
	and	r0, r0, #249
	adds	r0, #2
	strb.w	r0, [sp, #28]
	.loc	2 70 25                         @ packages/paho_mqtt/MQTTPacket/src/MQTTSubscribeClient.c:70:25
	ldrsb.w	r1, [sp, #28]
	add	r0, sp, #32
	.loc	2 70 2 is_stmt 0                @ packages/paho_mqtt/MQTTPacket/src/MQTTSubscribeClient.c:70:2
	str	r0, [sp, #8]                    @ 4-byte Spill
	bl	writeChar
	.loc	2 72 27 is_stmt 1               @ packages/paho_mqtt/MQTTPacket/src/MQTTSubscribeClient.c:72:27
	ldr	r0, [sp, #32]
	.loc	2 72 32 is_stmt 0               @ packages/paho_mqtt/MQTTPacket/src/MQTTSubscribeClient.c:72:32
	ldr	r1, [sp, #24]
	.loc	2 72 9                          @ packages/paho_mqtt/MQTTPacket/src/MQTTSubscribeClient.c:72:9
	bl	MQTTPacket_encode
	mov	r2, r0
	.loc	2 72 6                          @ packages/paho_mqtt/MQTTPacket/src/MQTTSubscribeClient.c:72:6
	ldr	r0, [sp, #8]                    @ 4-byte Reload
	ldr	r1, [sp, #32]
	add	r1, r2
	str	r1, [sp, #32]
	.loc	2 74 17 is_stmt 1               @ packages/paho_mqtt/MQTTPacket/src/MQTTSubscribeClient.c:74:17
	ldrh.w	r1, [sp, #36]
	.loc	2 74 2 is_stmt 0                @ packages/paho_mqtt/MQTTPacket/src/MQTTSubscribeClient.c:74:2
	bl	writeInt
	ldr	r0, [sp, #12]                   @ 4-byte Reload
.Ltmp12:
	.loc	2 76 9 is_stmt 1                @ packages/paho_mqtt/MQTTPacket/src/MQTTSubscribeClient.c:76:9
	str	r0, [sp, #16]
	.loc	2 76 7 is_stmt 0                @ packages/paho_mqtt/MQTTPacket/src/MQTTSubscribeClient.c:76:7
	b	.LBB1_3
.LBB1_3:                                @ =>This Inner Loop Header: Depth=1
.Ltmp13:
	.loc	2 76 14                         @ packages/paho_mqtt/MQTTPacket/src/MQTTSubscribeClient.c:76:14
	ldr	r0, [sp, #16]
	.loc	2 76 18                         @ packages/paho_mqtt/MQTTPacket/src/MQTTSubscribeClient.c:76:18
	ldr	r1, [sp, #56]
.Ltmp14:
	.loc	2 76 2                          @ packages/paho_mqtt/MQTTPacket/src/MQTTSubscribeClient.c:76:2
	cmp	r0, r1
	bge	.LBB1_6
	b	.LBB1_4
.LBB1_4:                                @   in Loop: Header=BB1_3 Depth=1
.Ltmp15:
	.loc	2 78 25 is_stmt 1               @ packages/paho_mqtt/MQTTPacket/src/MQTTSubscribeClient.c:78:25
	ldr	r1, [sp, #60]
	.loc	2 78 38 is_stmt 0               @ packages/paho_mqtt/MQTTPacket/src/MQTTSubscribeClient.c:78:38
	ldr	r0, [sp, #16]
	.loc	2 78 25                         @ packages/paho_mqtt/MQTTPacket/src/MQTTSubscribeClient.c:78:25
	add.w	r2, r0, r0, lsl #1
	add.w	r0, r1, r2, lsl #2
	.loc	2 78 3                          @ packages/paho_mqtt/MQTTPacket/src/MQTTSubscribeClient.c:78:3
	ldr.w	r1, [r1, r2, lsl #2]
	ldr	r2, [r0, #4]
	ldr	r3, [r0, #8]
	add	r0, sp, #32
	str	r0, [sp, #4]                    @ 4-byte Spill
	bl	writeMQTTString
	ldr	r0, [sp, #4]                    @ 4-byte Reload
	.loc	2 79 19 is_stmt 1               @ packages/paho_mqtt/MQTTPacket/src/MQTTSubscribeClient.c:79:19
	ldr	r1, [sp, #64]
	.loc	2 79 33 is_stmt 0               @ packages/paho_mqtt/MQTTPacket/src/MQTTSubscribeClient.c:79:33
	ldr	r2, [sp, #16]
	.loc	2 79 19                         @ packages/paho_mqtt/MQTTPacket/src/MQTTSubscribeClient.c:79:19
	ldrsb.w	r1, [r1, r2, lsl #2]
	.loc	2 79 3                          @ packages/paho_mqtt/MQTTPacket/src/MQTTSubscribeClient.c:79:3
	bl	writeChar
	.loc	2 80 2 is_stmt 1                @ packages/paho_mqtt/MQTTPacket/src/MQTTSubscribeClient.c:80:2
	b	.LBB1_5
.Ltmp16:
.LBB1_5:                                @   in Loop: Header=BB1_3 Depth=1
	.loc	2 76 25                         @ packages/paho_mqtt/MQTTPacket/src/MQTTSubscribeClient.c:76:25
	ldr	r0, [sp, #16]
	adds	r0, #1
	str	r0, [sp, #16]
	.loc	2 76 2 is_stmt 0                @ packages/paho_mqtt/MQTTPacket/src/MQTTSubscribeClient.c:76:2
	b	.LBB1_3
.Ltmp17:
.LBB1_6:
	.loc	2 82 7 is_stmt 1                @ packages/paho_mqtt/MQTTPacket/src/MQTTSubscribeClient.c:82:7
	ldr	r0, [sp, #32]
	.loc	2 82 13 is_stmt 0               @ packages/paho_mqtt/MQTTPacket/src/MQTTSubscribeClient.c:82:13
	ldr	r1, [sp, #44]
	.loc	2 82 11                         @ packages/paho_mqtt/MQTTPacket/src/MQTTSubscribeClient.c:82:11
	subs	r0, r0, r1
	.loc	2 82 5                          @ packages/paho_mqtt/MQTTPacket/src/MQTTSubscribeClient.c:82:5
	str	r0, [sp, #20]
	.loc	2 82 2                          @ packages/paho_mqtt/MQTTPacket/src/MQTTSubscribeClient.c:82:2
	b	.LBB1_7
.LBB1_7:
.Ltmp18:
	@DEBUG_LABEL: MQTTSerialize_subscribe:exit
	.loc	2 85 9 is_stmt 1                @ packages/paho_mqtt/MQTTPacket/src/MQTTSubscribeClient.c:85:9
	ldr	r0, [sp, #20]
	.loc	2 85 2 is_stmt 0                @ packages/paho_mqtt/MQTTPacket/src/MQTTSubscribeClient.c:85:2
	add	sp, #48
	pop	{r7, pc}
.Ltmp19:
.Lfunc_end1:
	.size	MQTTSerialize_subscribe, .Lfunc_end1-MQTTSerialize_subscribe
	.cfi_endproc
	.cantunwind
	.fnend
                                        @ -- End function
	.section	.text.MQTTDeserialize_suback,"ax",%progbits
	.hidden	MQTTDeserialize_suback          @ -- Begin function MQTTDeserialize_suback
	.globl	MQTTDeserialize_suback
	.p2align	3
	.type	MQTTDeserialize_suback,%function
	.code	16                              @ @MQTTDeserialize_suback
	.thumb_func
MQTTDeserialize_suback:
.Lfunc_begin2:
	.loc	2 101 0 is_stmt 1               @ packages/paho_mqtt/MQTTPacket/src/MQTTSubscribeClient.c:101:0
	.fnstart
	.cfi_startproc
@ %bb.0:
	.save	{r7, lr}
	push	{r7, lr}
	.cfi_def_cfa_offset 8
	.cfi_offset lr, -4
	.cfi_offset r7, -8
	.pad	#40
	sub	sp, #40
	.cfi_def_cfa_offset 48
	ldr.w	r12, [sp, #52]
	ldr.w	r12, [sp, #48]
	str	r0, [sp, #36]
	str	r1, [sp, #32]
	str	r2, [sp, #28]
	str	r3, [sp, #24]
.Ltmp20:
	.loc	2 102 13 prologue_end           @ packages/paho_mqtt/MQTTPacket/src/MQTTSubscribeClient.c:102:13
	movw	r0, :lower16:.L__const.MQTTDeserialize_suback.header
	movt	r0, :upper16:.L__const.MQTTDeserialize_suback.header
	ldr	r0, [r0]
	str	r0, [sp, #20]
	.loc	2 103 27                        @ packages/paho_mqtt/MQTTPacket/src/MQTTSubscribeClient.c:103:27
	ldr	r0, [sp, #48]
	.loc	2 103 17 is_stmt 0              @ packages/paho_mqtt/MQTTPacket/src/MQTTSubscribeClient.c:103:17
	str	r0, [sp, #16]
	movs	r0, #0
	.loc	2 104 17 is_stmt 1              @ packages/paho_mqtt/MQTTPacket/src/MQTTSubscribeClient.c:104:17
	str	r0, [sp, #12]
	.loc	2 105 6                         @ packages/paho_mqtt/MQTTPacket/src/MQTTSubscribeClient.c:105:6
	str	r0, [sp, #8]
	add	r0, sp, #16
	.loc	2 109 16                        @ packages/paho_mqtt/MQTTPacket/src/MQTTSubscribeClient.c:109:16
	bl	readChar
	.loc	2 109 14 is_stmt 0              @ packages/paho_mqtt/MQTTPacket/src/MQTTSubscribeClient.c:109:14
	strb.w	r0, [sp, #20]
.Ltmp21:
	.loc	2 110 18 is_stmt 1              @ packages/paho_mqtt/MQTTPacket/src/MQTTSubscribeClient.c:110:18
	ldrb.w	r1, [sp, #20]
	movs	r0, #9
.Ltmp22:
	.loc	2 110 6 is_stmt 0               @ packages/paho_mqtt/MQTTPacket/src/MQTTSubscribeClient.c:110:6
	cmp.w	r0, r1, lsr #4
	beq	.LBB2_2
	b	.LBB2_1
.LBB2_1:
.Ltmp23:
	.loc	2 111 3 is_stmt 1               @ packages/paho_mqtt/MQTTPacket/src/MQTTSubscribeClient.c:111:3
	b	.LBB2_10
.Ltmp24:
.LBB2_2:
	.loc	2 113 40                        @ packages/paho_mqtt/MQTTPacket/src/MQTTSubscribeClient.c:113:40
	ldr	r0, [sp, #16]
	add	r1, sp, #4
	.loc	2 113 19 is_stmt 0              @ packages/paho_mqtt/MQTTPacket/src/MQTTSubscribeClient.c:113:19
	bl	MQTTPacket_decodeBuf
	mov	r1, r0
	.loc	2 113 17                        @ packages/paho_mqtt/MQTTPacket/src/MQTTSubscribeClient.c:113:17
	str	r1, [sp, #8]
	.loc	2 113 10                        @ packages/paho_mqtt/MQTTPacket/src/MQTTSubscribeClient.c:113:10
	ldr	r0, [sp, #16]
	add	r0, r1
	str	r0, [sp, #16]
	.loc	2 114 12 is_stmt 1              @ packages/paho_mqtt/MQTTPacket/src/MQTTSubscribeClient.c:114:12
	ldr	r0, [sp, #16]
	.loc	2 114 22 is_stmt 0              @ packages/paho_mqtt/MQTTPacket/src/MQTTSubscribeClient.c:114:22
	ldr	r1, [sp, #4]
	.loc	2 114 20                        @ packages/paho_mqtt/MQTTPacket/src/MQTTSubscribeClient.c:114:20
	add	r0, r1
	.loc	2 114 10                        @ packages/paho_mqtt/MQTTPacket/src/MQTTSubscribeClient.c:114:10
	str	r0, [sp, #12]
.Ltmp25:
	.loc	2 115 6 is_stmt 1               @ packages/paho_mqtt/MQTTPacket/src/MQTTSubscribeClient.c:115:6
	ldr	r0, [sp, #12]
	.loc	2 115 16 is_stmt 0              @ packages/paho_mqtt/MQTTPacket/src/MQTTSubscribeClient.c:115:16
	ldr	r1, [sp, #16]
	.loc	2 115 14                        @ packages/paho_mqtt/MQTTPacket/src/MQTTSubscribeClient.c:115:14
	subs	r0, r0, r1
.Ltmp26:
	.loc	2 115 6                         @ packages/paho_mqtt/MQTTPacket/src/MQTTSubscribeClient.c:115:6
	cmp	r0, #1
	bgt	.LBB2_4
	b	.LBB2_3
.LBB2_3:
.Ltmp27:
	.loc	2 116 3 is_stmt 1               @ packages/paho_mqtt/MQTTPacket/src/MQTTSubscribeClient.c:116:3
	b	.LBB2_10
.Ltmp28:
.LBB2_4:
	.loc	2 0 3 is_stmt 0                 @ packages/paho_mqtt/MQTTPacket/src/MQTTSubscribeClient.c:0:3
	add	r0, sp, #16
	.loc	2 118 14 is_stmt 1              @ packages/paho_mqtt/MQTTPacket/src/MQTTSubscribeClient.c:118:14
	bl	readInt
	.loc	2 118 3 is_stmt 0               @ packages/paho_mqtt/MQTTPacket/src/MQTTSubscribeClient.c:118:3
	ldr	r1, [sp, #36]
	.loc	2 118 12                        @ packages/paho_mqtt/MQTTPacket/src/MQTTSubscribeClient.c:118:12
	strh	r0, [r1]
	.loc	2 120 3 is_stmt 1               @ packages/paho_mqtt/MQTTPacket/src/MQTTSubscribeClient.c:120:3
	ldr	r1, [sp, #28]
	movs	r0, #0
	.loc	2 120 9 is_stmt 0               @ packages/paho_mqtt/MQTTPacket/src/MQTTSubscribeClient.c:120:9
	str	r0, [r1]
	.loc	2 121 2 is_stmt 1               @ packages/paho_mqtt/MQTTPacket/src/MQTTSubscribeClient.c:121:2
	b	.LBB2_5
.LBB2_5:                                @ =>This Inner Loop Header: Depth=1
	.loc	2 121 9 is_stmt 0               @ packages/paho_mqtt/MQTTPacket/src/MQTTSubscribeClient.c:121:9
	ldr	r0, [sp, #16]
	.loc	2 121 19                        @ packages/paho_mqtt/MQTTPacket/src/MQTTSubscribeClient.c:121:19
	ldr	r1, [sp, #12]
	.loc	2 121 2                         @ packages/paho_mqtt/MQTTPacket/src/MQTTSubscribeClient.c:121:2
	cmp	r0, r1
	bhs	.LBB2_9
	b	.LBB2_6
.LBB2_6:                                @   in Loop: Header=BB2_5 Depth=1
.Ltmp29:
	.loc	2 123 8 is_stmt 1               @ packages/paho_mqtt/MQTTPacket/src/MQTTSubscribeClient.c:123:8
	ldr	r0, [sp, #28]
	.loc	2 123 7 is_stmt 0               @ packages/paho_mqtt/MQTTPacket/src/MQTTSubscribeClient.c:123:7
	ldr	r0, [r0]
	.loc	2 123 16                        @ packages/paho_mqtt/MQTTPacket/src/MQTTSubscribeClient.c:123:16
	ldr	r1, [sp, #32]
.Ltmp30:
	.loc	2 123 7                         @ packages/paho_mqtt/MQTTPacket/src/MQTTSubscribeClient.c:123:7
	cmp	r0, r1
	ble	.LBB2_8
	b	.LBB2_7
.LBB2_7:
	.loc	2 0 7                           @ packages/paho_mqtt/MQTTPacket/src/MQTTSubscribeClient.c:0:7
	mov.w	r0, #-1
.Ltmp31:
	.loc	2 125 7 is_stmt 1               @ packages/paho_mqtt/MQTTPacket/src/MQTTSubscribeClient.c:125:7
	str	r0, [sp, #8]
	.loc	2 126 4                         @ packages/paho_mqtt/MQTTPacket/src/MQTTSubscribeClient.c:126:4
	b	.LBB2_10
.Ltmp32:
.LBB2_8:                                @   in Loop: Header=BB2_5 Depth=1
	.loc	2 0 4 is_stmt 0                 @ packages/paho_mqtt/MQTTPacket/src/MQTTSubscribeClient.c:0:4
	add	r0, sp, #16
	.loc	2 128 29 is_stmt 1              @ packages/paho_mqtt/MQTTPacket/src/MQTTSubscribeClient.c:128:29
	bl	readChar
	.loc	2 128 3 is_stmt 0               @ packages/paho_mqtt/MQTTPacket/src/MQTTSubscribeClient.c:128:3
	ldr	r1, [sp, #24]
	.loc	2 128 17                        @ packages/paho_mqtt/MQTTPacket/src/MQTTSubscribeClient.c:128:17
	ldr.w	r12, [sp, #28]
	.loc	2 128 23                        @ packages/paho_mqtt/MQTTPacket/src/MQTTSubscribeClient.c:128:23
	ldr.w	r2, [r12]
	adds	r3, r2, #1
	str.w	r3, [r12]
	.loc	2 128 27                        @ packages/paho_mqtt/MQTTPacket/src/MQTTSubscribeClient.c:128:27
	str.w	r0, [r1, r2, lsl #2]
.Ltmp33:
	.loc	2 121 2 is_stmt 1               @ packages/paho_mqtt/MQTTPacket/src/MQTTSubscribeClient.c:121:2
	b	.LBB2_5
.LBB2_9:
	.loc	2 0 2 is_stmt 0                 @ packages/paho_mqtt/MQTTPacket/src/MQTTSubscribeClient.c:0:2
	movs	r0, #1
	.loc	2 131 5 is_stmt 1               @ packages/paho_mqtt/MQTTPacket/src/MQTTSubscribeClient.c:131:5
	str	r0, [sp, #8]
	.loc	2 131 2 is_stmt 0               @ packages/paho_mqtt/MQTTPacket/src/MQTTSubscribeClient.c:131:2
	b	.LBB2_10
.LBB2_10:
.Ltmp34:
	@DEBUG_LABEL: MQTTDeserialize_suback:exit
	.loc	2 134 9 is_stmt 1               @ packages/paho_mqtt/MQTTPacket/src/MQTTSubscribeClient.c:134:9
	ldr	r0, [sp, #8]
	.loc	2 134 2 is_stmt 0               @ packages/paho_mqtt/MQTTPacket/src/MQTTSubscribeClient.c:134:2
	add	sp, #40
	pop	{r7, pc}
.Ltmp35:
.Lfunc_end2:
	.size	MQTTDeserialize_suback, .Lfunc_end2-MQTTDeserialize_suback
	.cfi_endproc
	.cantunwind
	.fnend
                                        @ -- End function
	.type	.L__const.MQTTSerialize_subscribe.header,%object @ @__const.MQTTSerialize_subscribe.header
	.section	.rodata.cst4,"aM",%progbits,4
	.p2align	2
.L__const.MQTTSerialize_subscribe.header:
	.byte	0                               @ 0x0
	.zero	3
	.size	.L__const.MQTTSerialize_subscribe.header, 4

	.type	.L__const.MQTTDeserialize_suback.header,%object @ @__const.MQTTDeserialize_suback.header
	.p2align	2
.L__const.MQTTDeserialize_suback.header:
	.byte	0                               @ 0x0
	.zero	3
	.size	.L__const.MQTTDeserialize_suback.header, 4

	.section	.debug_abbrev,"",%progbits
	.byte	1                               @ Abbreviation Code
	.byte	17                              @ DW_TAG_compile_unit
	.byte	1                               @ DW_CHILDREN_yes
	.byte	37                              @ DW_AT_producer
	.byte	14                              @ DW_FORM_strp
	.byte	19                              @ DW_AT_language
	.byte	5                               @ DW_FORM_data2
	.byte	3                               @ DW_AT_name
	.byte	14                              @ DW_FORM_strp
	.byte	16                              @ DW_AT_stmt_list
	.byte	6                               @ DW_FORM_data4
	.byte	27                              @ DW_AT_comp_dir
	.byte	14                              @ DW_FORM_strp
	.byte	17                              @ DW_AT_low_pc
	.byte	1                               @ DW_FORM_addr
	.byte	85                              @ DW_AT_ranges
	.byte	6                               @ DW_FORM_data4
	.byte	0                               @ EOM(1)
	.byte	0                               @ EOM(2)
	.byte	2                               @ Abbreviation Code
	.byte	4                               @ DW_TAG_enumeration_type
	.byte	1                               @ DW_CHILDREN_yes
	.byte	73                              @ DW_AT_type
	.byte	19                              @ DW_FORM_ref4
	.byte	3                               @ DW_AT_name
	.byte	14                              @ DW_FORM_strp
	.byte	11                              @ DW_AT_byte_size
	.byte	11                              @ DW_FORM_data1
	.byte	58                              @ DW_AT_decl_file
	.byte	11                              @ DW_FORM_data1
	.byte	59                              @ DW_AT_decl_line
	.byte	11                              @ DW_FORM_data1
	.byte	0                               @ EOM(1)
	.byte	0                               @ EOM(2)
	.byte	3                               @ Abbreviation Code
	.byte	40                              @ DW_TAG_enumerator
	.byte	0                               @ DW_CHILDREN_no
	.byte	3                               @ DW_AT_name
	.byte	14                              @ DW_FORM_strp
	.byte	28                              @ DW_AT_const_value
	.byte	13                              @ DW_FORM_sdata
	.byte	0                               @ EOM(1)
	.byte	0                               @ EOM(2)
	.byte	4                               @ Abbreviation Code
	.byte	36                              @ DW_TAG_base_type
	.byte	0                               @ DW_CHILDREN_no
	.byte	3                               @ DW_AT_name
	.byte	14                              @ DW_FORM_strp
	.byte	62                              @ DW_AT_encoding
	.byte	11                              @ DW_FORM_data1
	.byte	11                              @ DW_AT_byte_size
	.byte	11                              @ DW_FORM_data1
	.byte	0                               @ EOM(1)
	.byte	0                               @ EOM(2)
	.byte	5                               @ Abbreviation Code
	.byte	40                              @ DW_TAG_enumerator
	.byte	0                               @ DW_CHILDREN_no
	.byte	3                               @ DW_AT_name
	.byte	14                              @ DW_FORM_strp
	.byte	28                              @ DW_AT_const_value
	.byte	15                              @ DW_FORM_udata
	.byte	0                               @ EOM(1)
	.byte	0                               @ EOM(2)
	.byte	6                               @ Abbreviation Code
	.byte	46                              @ DW_TAG_subprogram
	.byte	1                               @ DW_CHILDREN_yes
	.byte	17                              @ DW_AT_low_pc
	.byte	1                               @ DW_FORM_addr
	.byte	18                              @ DW_AT_high_pc
	.byte	1                               @ DW_FORM_addr
	.byte	64                              @ DW_AT_frame_base
	.byte	10                              @ DW_FORM_block1
	.byte	3                               @ DW_AT_name
	.byte	14                              @ DW_FORM_strp
	.byte	58                              @ DW_AT_decl_file
	.byte	11                              @ DW_FORM_data1
	.byte	59                              @ DW_AT_decl_line
	.byte	11                              @ DW_FORM_data1
	.byte	39                              @ DW_AT_prototyped
	.byte	12                              @ DW_FORM_flag
	.byte	73                              @ DW_AT_type
	.byte	19                              @ DW_FORM_ref4
	.byte	63                              @ DW_AT_external
	.byte	12                              @ DW_FORM_flag
	.byte	0                               @ EOM(1)
	.byte	0                               @ EOM(2)
	.byte	7                               @ Abbreviation Code
	.byte	5                               @ DW_TAG_formal_parameter
	.byte	0                               @ DW_CHILDREN_no
	.byte	2                               @ DW_AT_location
	.byte	10                              @ DW_FORM_block1
	.byte	3                               @ DW_AT_name
	.byte	14                              @ DW_FORM_strp
	.byte	58                              @ DW_AT_decl_file
	.byte	11                              @ DW_FORM_data1
	.byte	59                              @ DW_AT_decl_line
	.byte	11                              @ DW_FORM_data1
	.byte	73                              @ DW_AT_type
	.byte	19                              @ DW_FORM_ref4
	.byte	0                               @ EOM(1)
	.byte	0                               @ EOM(2)
	.byte	8                               @ Abbreviation Code
	.byte	52                              @ DW_TAG_variable
	.byte	0                               @ DW_CHILDREN_no
	.byte	2                               @ DW_AT_location
	.byte	10                              @ DW_FORM_block1
	.byte	3                               @ DW_AT_name
	.byte	14                              @ DW_FORM_strp
	.byte	58                              @ DW_AT_decl_file
	.byte	11                              @ DW_FORM_data1
	.byte	59                              @ DW_AT_decl_line
	.byte	11                              @ DW_FORM_data1
	.byte	73                              @ DW_AT_type
	.byte	19                              @ DW_FORM_ref4
	.byte	0                               @ EOM(1)
	.byte	0                               @ EOM(2)
	.byte	9                               @ Abbreviation Code
	.byte	10                              @ DW_TAG_label
	.byte	0                               @ DW_CHILDREN_no
	.byte	3                               @ DW_AT_name
	.byte	14                              @ DW_FORM_strp
	.byte	58                              @ DW_AT_decl_file
	.byte	11                              @ DW_FORM_data1
	.byte	59                              @ DW_AT_decl_line
	.byte	11                              @ DW_FORM_data1
	.byte	17                              @ DW_AT_low_pc
	.byte	1                               @ DW_FORM_addr
	.byte	0                               @ EOM(1)
	.byte	0                               @ EOM(2)
	.byte	10                              @ Abbreviation Code
	.byte	15                              @ DW_TAG_pointer_type
	.byte	0                               @ DW_CHILDREN_no
	.byte	73                              @ DW_AT_type
	.byte	19                              @ DW_FORM_ref4
	.byte	0                               @ EOM(1)
	.byte	0                               @ EOM(2)
	.byte	11                              @ Abbreviation Code
	.byte	22                              @ DW_TAG_typedef
	.byte	0                               @ DW_CHILDREN_no
	.byte	73                              @ DW_AT_type
	.byte	19                              @ DW_FORM_ref4
	.byte	3                               @ DW_AT_name
	.byte	14                              @ DW_FORM_strp
	.byte	58                              @ DW_AT_decl_file
	.byte	11                              @ DW_FORM_data1
	.byte	59                              @ DW_AT_decl_line
	.byte	11                              @ DW_FORM_data1
	.byte	0                               @ EOM(1)
	.byte	0                               @ EOM(2)
	.byte	12                              @ Abbreviation Code
	.byte	19                              @ DW_TAG_structure_type
	.byte	1                               @ DW_CHILDREN_yes
	.byte	11                              @ DW_AT_byte_size
	.byte	11                              @ DW_FORM_data1
	.byte	58                              @ DW_AT_decl_file
	.byte	11                              @ DW_FORM_data1
	.byte	59                              @ DW_AT_decl_line
	.byte	11                              @ DW_FORM_data1
	.byte	0                               @ EOM(1)
	.byte	0                               @ EOM(2)
	.byte	13                              @ Abbreviation Code
	.byte	13                              @ DW_TAG_member
	.byte	0                               @ DW_CHILDREN_no
	.byte	3                               @ DW_AT_name
	.byte	14                              @ DW_FORM_strp
	.byte	73                              @ DW_AT_type
	.byte	19                              @ DW_FORM_ref4
	.byte	58                              @ DW_AT_decl_file
	.byte	11                              @ DW_FORM_data1
	.byte	59                              @ DW_AT_decl_line
	.byte	11                              @ DW_FORM_data1
	.byte	56                              @ DW_AT_data_member_location
	.byte	11                              @ DW_FORM_data1
	.byte	0                               @ EOM(1)
	.byte	0                               @ EOM(2)
	.byte	14                              @ Abbreviation Code
	.byte	23                              @ DW_TAG_union_type
	.byte	1                               @ DW_CHILDREN_yes
	.byte	11                              @ DW_AT_byte_size
	.byte	11                              @ DW_FORM_data1
	.byte	58                              @ DW_AT_decl_file
	.byte	11                              @ DW_FORM_data1
	.byte	59                              @ DW_AT_decl_line
	.byte	11                              @ DW_FORM_data1
	.byte	0                               @ EOM(1)
	.byte	0                               @ EOM(2)
	.byte	15                              @ Abbreviation Code
	.byte	13                              @ DW_TAG_member
	.byte	0                               @ DW_CHILDREN_no
	.byte	3                               @ DW_AT_name
	.byte	14                              @ DW_FORM_strp
	.byte	73                              @ DW_AT_type
	.byte	19                              @ DW_FORM_ref4
	.byte	58                              @ DW_AT_decl_file
	.byte	11                              @ DW_FORM_data1
	.byte	59                              @ DW_AT_decl_line
	.byte	11                              @ DW_FORM_data1
	.byte	11                              @ DW_AT_byte_size
	.byte	11                              @ DW_FORM_data1
	.byte	13                              @ DW_AT_bit_size
	.byte	11                              @ DW_FORM_data1
	.byte	12                              @ DW_AT_bit_offset
	.byte	11                              @ DW_FORM_data1
	.byte	56                              @ DW_AT_data_member_location
	.byte	11                              @ DW_FORM_data1
	.byte	0                               @ EOM(1)
	.byte	0                               @ EOM(2)
	.byte	0                               @ EOM(3)
	.section	.debug_info,"",%progbits
.Lcu_begin0:
	.long	.Ldebug_info_end0-.Ldebug_info_start0 @ Length of Unit
.Ldebug_info_start0:
	.short	3                               @ DWARF version number
	.long	.debug_abbrev                   @ Offset Into Abbrev. Section
	.byte	4                               @ Address Size (in bytes)
	.byte	1                               @ Abbrev [1] 0xb:0x371 DW_TAG_compile_unit
	.long	.Linfo_string0                  @ DW_AT_producer
	.short	12                              @ DW_AT_language
	.long	.Linfo_string1                  @ DW_AT_name
	.long	.Lline_table_start0             @ DW_AT_stmt_list
	.long	.Linfo_string2                  @ DW_AT_comp_dir
	.long	0                               @ DW_AT_low_pc
	.long	.Ldebug_ranges0                 @ DW_AT_ranges
	.byte	2                               @ Abbrev [2] 0x26:0x1f DW_TAG_enumeration_type
	.long	69                              @ DW_AT_type
	.long	.Linfo_string7                  @ DW_AT_name
	.byte	1                               @ DW_AT_byte_size
	.byte	1                               @ DW_AT_decl_file
	.byte	36                              @ DW_AT_decl_line
	.byte	3                               @ Abbrev [3] 0x32:0x6 DW_TAG_enumerator
	.long	.Linfo_string4                  @ DW_AT_name
	.byte	126                             @ DW_AT_const_value
	.byte	3                               @ Abbrev [3] 0x38:0x6 DW_TAG_enumerator
	.long	.Linfo_string5                  @ DW_AT_name
	.byte	127                             @ DW_AT_const_value
	.byte	3                               @ Abbrev [3] 0x3e:0x6 DW_TAG_enumerator
	.long	.Linfo_string6                  @ DW_AT_name
	.byte	0                               @ DW_AT_const_value
	.byte	0                               @ End Of Children Mark
	.byte	4                               @ Abbrev [4] 0x45:0x7 DW_TAG_base_type
	.long	.Linfo_string3                  @ DW_AT_name
	.byte	6                               @ DW_AT_encoding
	.byte	1                               @ DW_AT_byte_size
	.byte	2                               @ Abbrev [2] 0x4c:0x61 DW_TAG_enumeration_type
	.long	173                             @ DW_AT_type
	.long	.Linfo_string23                 @ DW_AT_name
	.byte	1                               @ DW_AT_byte_size
	.byte	1                               @ DW_AT_decl_file
	.byte	43                              @ DW_AT_decl_line
	.byte	5                               @ Abbrev [5] 0x58:0x6 DW_TAG_enumerator
	.long	.Linfo_string9                  @ DW_AT_name
	.byte	1                               @ DW_AT_const_value
	.byte	5                               @ Abbrev [5] 0x5e:0x6 DW_TAG_enumerator
	.long	.Linfo_string10                 @ DW_AT_name
	.byte	2                               @ DW_AT_const_value
	.byte	5                               @ Abbrev [5] 0x64:0x6 DW_TAG_enumerator
	.long	.Linfo_string11                 @ DW_AT_name
	.byte	3                               @ DW_AT_const_value
	.byte	5                               @ Abbrev [5] 0x6a:0x6 DW_TAG_enumerator
	.long	.Linfo_string12                 @ DW_AT_name
	.byte	4                               @ DW_AT_const_value
	.byte	5                               @ Abbrev [5] 0x70:0x6 DW_TAG_enumerator
	.long	.Linfo_string13                 @ DW_AT_name
	.byte	5                               @ DW_AT_const_value
	.byte	5                               @ Abbrev [5] 0x76:0x6 DW_TAG_enumerator
	.long	.Linfo_string14                 @ DW_AT_name
	.byte	6                               @ DW_AT_const_value
	.byte	5                               @ Abbrev [5] 0x7c:0x6 DW_TAG_enumerator
	.long	.Linfo_string15                 @ DW_AT_name
	.byte	7                               @ DW_AT_const_value
	.byte	5                               @ Abbrev [5] 0x82:0x6 DW_TAG_enumerator
	.long	.Linfo_string16                 @ DW_AT_name
	.byte	8                               @ DW_AT_const_value
	.byte	5                               @ Abbrev [5] 0x88:0x6 DW_TAG_enumerator
	.long	.Linfo_string17                 @ DW_AT_name
	.byte	9                               @ DW_AT_const_value
	.byte	5                               @ Abbrev [5] 0x8e:0x6 DW_TAG_enumerator
	.long	.Linfo_string18                 @ DW_AT_name
	.byte	10                              @ DW_AT_const_value
	.byte	5                               @ Abbrev [5] 0x94:0x6 DW_TAG_enumerator
	.long	.Linfo_string19                 @ DW_AT_name
	.byte	11                              @ DW_AT_const_value
	.byte	5                               @ Abbrev [5] 0x9a:0x6 DW_TAG_enumerator
	.long	.Linfo_string20                 @ DW_AT_name
	.byte	12                              @ DW_AT_const_value
	.byte	5                               @ Abbrev [5] 0xa0:0x6 DW_TAG_enumerator
	.long	.Linfo_string21                 @ DW_AT_name
	.byte	13                              @ DW_AT_const_value
	.byte	5                               @ Abbrev [5] 0xa6:0x6 DW_TAG_enumerator
	.long	.Linfo_string22                 @ DW_AT_name
	.byte	14                              @ DW_AT_const_value
	.byte	0                               @ End Of Children Mark
	.byte	4                               @ Abbrev [4] 0xad:0x7 DW_TAG_base_type
	.long	.Linfo_string8                  @ DW_AT_name
	.byte	8                               @ DW_AT_encoding
	.byte	1                               @ DW_AT_byte_size
	.byte	6                               @ Abbrev [6] 0xb4:0x50 DW_TAG_subprogram
	.long	.Lfunc_begin0                   @ DW_AT_low_pc
	.long	.Lfunc_end0                     @ DW_AT_high_pc
	.byte	1                               @ DW_AT_frame_base
	.byte	93
	.long	.Linfo_string24                 @ DW_AT_name
	.byte	2                               @ DW_AT_decl_file
	.byte	28                              @ DW_AT_decl_line
	.byte	1                               @ DW_AT_prototyped
	.long	653                             @ DW_AT_type
	.byte	1                               @ DW_AT_external
	.byte	7                               @ Abbrev [7] 0xcb:0xe DW_TAG_formal_parameter
	.byte	2                               @ DW_AT_location
	.byte	145
	.byte	12
	.long	.Linfo_string28                 @ DW_AT_name
	.byte	2                               @ DW_AT_decl_file
	.byte	28                              @ DW_AT_decl_line
	.long	653                             @ DW_AT_type
	.byte	7                               @ Abbrev [7] 0xd9:0xe DW_TAG_formal_parameter
	.byte	2                               @ DW_AT_location
	.byte	145
	.byte	8
	.long	.Linfo_string29                 @ DW_AT_name
	.byte	2                               @ DW_AT_decl_file
	.byte	28                              @ DW_AT_decl_line
	.long	660                             @ DW_AT_type
	.byte	8                               @ Abbrev [8] 0xe7:0xe DW_TAG_variable
	.byte	2                               @ DW_AT_location
	.byte	145
	.byte	4
	.long	.Linfo_string37                 @ DW_AT_name
	.byte	2                               @ DW_AT_decl_file
	.byte	30                              @ DW_AT_decl_line
	.long	653                             @ DW_AT_type
	.byte	8                               @ Abbrev [8] 0xf5:0xe DW_TAG_variable
	.byte	2                               @ DW_AT_location
	.byte	145
	.byte	0
	.long	.Linfo_string33                 @ DW_AT_name
	.byte	2                               @ DW_AT_decl_file
	.byte	31                              @ DW_AT_decl_line
	.long	653                             @ DW_AT_type
	.byte	0                               @ End Of Children Mark
	.byte	6                               @ Abbrev [6] 0x104:0xcc DW_TAG_subprogram
	.long	.Lfunc_begin1                   @ DW_AT_low_pc
	.long	.Lfunc_end1                     @ DW_AT_high_pc
	.byte	1                               @ DW_AT_frame_base
	.byte	93
	.long	.Linfo_string26                 @ DW_AT_name
	.byte	2                               @ DW_AT_decl_file
	.byte	50                              @ DW_AT_decl_line
	.byte	1                               @ DW_AT_prototyped
	.long	653                             @ DW_AT_type
	.byte	1                               @ DW_AT_external
	.byte	7                               @ Abbrev [7] 0x11b:0xe DW_TAG_formal_parameter
	.byte	2                               @ DW_AT_location
	.byte	145
	.byte	44
	.long	.Linfo_string38                 @ DW_AT_name
	.byte	2                               @ DW_AT_decl_file
	.byte	50                              @ DW_AT_decl_line
	.long	757                             @ DW_AT_type
	.byte	7                               @ Abbrev [7] 0x129:0xe DW_TAG_formal_parameter
	.byte	2                               @ DW_AT_location
	.byte	145
	.byte	40
	.long	.Linfo_string39                 @ DW_AT_name
	.byte	2                               @ DW_AT_decl_file
	.byte	50                              @ DW_AT_decl_line
	.long	653                             @ DW_AT_type
	.byte	7                               @ Abbrev [7] 0x137:0xe DW_TAG_formal_parameter
	.byte	2                               @ DW_AT_location
	.byte	145
	.byte	39
	.long	.Linfo_string40                 @ DW_AT_name
	.byte	2                               @ DW_AT_decl_file
	.byte	50                              @ DW_AT_decl_line
	.long	173                             @ DW_AT_type
	.byte	7                               @ Abbrev [7] 0x145:0xe DW_TAG_formal_parameter
	.byte	2                               @ DW_AT_location
	.byte	145
	.byte	36
	.long	.Linfo_string41                 @ DW_AT_name
	.byte	2                               @ DW_AT_decl_file
	.byte	50                              @ DW_AT_decl_line
	.long	762                             @ DW_AT_type
	.byte	7                               @ Abbrev [7] 0x153:0xe DW_TAG_formal_parameter
	.byte	2                               @ DW_AT_location
	.byte	145
	.byte	56
	.long	.Linfo_string28                 @ DW_AT_name
	.byte	2                               @ DW_AT_decl_file
	.byte	50                              @ DW_AT_decl_line
	.long	653                             @ DW_AT_type
	.byte	7                               @ Abbrev [7] 0x161:0xe DW_TAG_formal_parameter
	.byte	2                               @ DW_AT_location
	.byte	145
	.byte	60
	.long	.Linfo_string29                 @ DW_AT_name
	.byte	2                               @ DW_AT_decl_file
	.byte	51                              @ DW_AT_decl_line
	.long	660                             @ DW_AT_type
	.byte	7                               @ Abbrev [7] 0x16f:0xf DW_TAG_formal_parameter
	.byte	3                               @ DW_AT_location
	.byte	145
	.asciz	"\300"
	.long	.Linfo_string43                 @ DW_AT_name
	.byte	2                               @ DW_AT_decl_file
	.byte	51                              @ DW_AT_decl_line
	.long	769                             @ DW_AT_type
	.byte	8                               @ Abbrev [8] 0x17e:0xe DW_TAG_variable
	.byte	2                               @ DW_AT_location
	.byte	145
	.byte	32
	.long	.Linfo_string44                 @ DW_AT_name
	.byte	2                               @ DW_AT_decl_file
	.byte	53                              @ DW_AT_decl_line
	.long	757                             @ DW_AT_type
	.byte	8                               @ Abbrev [8] 0x18c:0xe DW_TAG_variable
	.byte	2                               @ DW_AT_location
	.byte	145
	.byte	28
	.long	.Linfo_string45                 @ DW_AT_name
	.byte	2                               @ DW_AT_decl_file
	.byte	54                              @ DW_AT_decl_line
	.long	774                             @ DW_AT_type
	.byte	8                               @ Abbrev [8] 0x19a:0xe DW_TAG_variable
	.byte	2                               @ DW_AT_location
	.byte	145
	.byte	24
	.long	.Linfo_string53                 @ DW_AT_name
	.byte	2                               @ DW_AT_decl_file
	.byte	55                              @ DW_AT_decl_line
	.long	653                             @ DW_AT_type
	.byte	8                               @ Abbrev [8] 0x1a8:0xe DW_TAG_variable
	.byte	2                               @ DW_AT_location
	.byte	145
	.byte	20
	.long	.Linfo_string54                 @ DW_AT_name
	.byte	2                               @ DW_AT_decl_file
	.byte	56                              @ DW_AT_decl_line
	.long	653                             @ DW_AT_type
	.byte	8                               @ Abbrev [8] 0x1b6:0xe DW_TAG_variable
	.byte	2                               @ DW_AT_location
	.byte	145
	.byte	16
	.long	.Linfo_string37                 @ DW_AT_name
	.byte	2                               @ DW_AT_decl_file
	.byte	57                              @ DW_AT_decl_line
	.long	653                             @ DW_AT_type
	.byte	9                               @ Abbrev [9] 0x1c4:0xb DW_TAG_label
	.long	.Linfo_string55                 @ DW_AT_name
	.byte	2                               @ DW_AT_decl_file
	.byte	83                              @ DW_AT_decl_line
	.long	.Ltmp18                         @ DW_AT_low_pc
	.byte	0                               @ End Of Children Mark
	.byte	6                               @ Abbrev [6] 0x1d0:0xbd DW_TAG_subprogram
	.long	.Lfunc_begin2                   @ DW_AT_low_pc
	.long	.Lfunc_end2                     @ DW_AT_high_pc
	.byte	1                               @ DW_AT_frame_base
	.byte	93
	.long	.Linfo_string27                 @ DW_AT_name
	.byte	2                               @ DW_AT_decl_file
	.byte	100                             @ DW_AT_decl_line
	.byte	1                               @ DW_AT_prototyped
	.long	653                             @ DW_AT_type
	.byte	1                               @ DW_AT_external
	.byte	7                               @ Abbrev [7] 0x1e7:0xe DW_TAG_formal_parameter
	.byte	2                               @ DW_AT_location
	.byte	145
	.byte	36
	.long	.Linfo_string41                 @ DW_AT_name
	.byte	2                               @ DW_AT_decl_file
	.byte	100                             @ DW_AT_decl_line
	.long	886                             @ DW_AT_type
	.byte	7                               @ Abbrev [7] 0x1f5:0xe DW_TAG_formal_parameter
	.byte	2                               @ DW_AT_location
	.byte	145
	.byte	32
	.long	.Linfo_string56                 @ DW_AT_name
	.byte	2                               @ DW_AT_decl_file
	.byte	100                             @ DW_AT_decl_line
	.long	653                             @ DW_AT_type
	.byte	7                               @ Abbrev [7] 0x203:0xe DW_TAG_formal_parameter
	.byte	2                               @ DW_AT_location
	.byte	145
	.byte	28
	.long	.Linfo_string28                 @ DW_AT_name
	.byte	2                               @ DW_AT_decl_file
	.byte	100                             @ DW_AT_decl_line
	.long	769                             @ DW_AT_type
	.byte	7                               @ Abbrev [7] 0x211:0xe DW_TAG_formal_parameter
	.byte	2                               @ DW_AT_location
	.byte	145
	.byte	24
	.long	.Linfo_string57                 @ DW_AT_name
	.byte	2                               @ DW_AT_decl_file
	.byte	100                             @ DW_AT_decl_line
	.long	769                             @ DW_AT_type
	.byte	7                               @ Abbrev [7] 0x21f:0xe DW_TAG_formal_parameter
	.byte	2                               @ DW_AT_location
	.byte	145
	.byte	48
	.long	.Linfo_string38                 @ DW_AT_name
	.byte	2                               @ DW_AT_decl_file
	.byte	100                             @ DW_AT_decl_line
	.long	757                             @ DW_AT_type
	.byte	7                               @ Abbrev [7] 0x22d:0xe DW_TAG_formal_parameter
	.byte	2                               @ DW_AT_location
	.byte	145
	.byte	52
	.long	.Linfo_string39                 @ DW_AT_name
	.byte	2                               @ DW_AT_decl_file
	.byte	100                             @ DW_AT_decl_line
	.long	653                             @ DW_AT_type
	.byte	8                               @ Abbrev [8] 0x23b:0xe DW_TAG_variable
	.byte	2                               @ DW_AT_location
	.byte	145
	.byte	20
	.long	.Linfo_string45                 @ DW_AT_name
	.byte	2                               @ DW_AT_decl_file
	.byte	102                             @ DW_AT_decl_line
	.long	774                             @ DW_AT_type
	.byte	8                               @ Abbrev [8] 0x249:0xe DW_TAG_variable
	.byte	2                               @ DW_AT_location
	.byte	145
	.byte	16
	.long	.Linfo_string58                 @ DW_AT_name
	.byte	2                               @ DW_AT_decl_file
	.byte	103                             @ DW_AT_decl_line
	.long	757                             @ DW_AT_type
	.byte	8                               @ Abbrev [8] 0x257:0xe DW_TAG_variable
	.byte	2                               @ DW_AT_location
	.byte	145
	.byte	12
	.long	.Linfo_string59                 @ DW_AT_name
	.byte	2                               @ DW_AT_decl_file
	.byte	104                             @ DW_AT_decl_line
	.long	757                             @ DW_AT_type
	.byte	8                               @ Abbrev [8] 0x265:0xe DW_TAG_variable
	.byte	2                               @ DW_AT_location
	.byte	145
	.byte	8
	.long	.Linfo_string54                 @ DW_AT_name
	.byte	2                               @ DW_AT_decl_file
	.byte	105                             @ DW_AT_decl_line
	.long	653                             @ DW_AT_type
	.byte	8                               @ Abbrev [8] 0x273:0xe DW_TAG_variable
	.byte	2                               @ DW_AT_location
	.byte	145
	.byte	4
	.long	.Linfo_string60                 @ DW_AT_name
	.byte	2                               @ DW_AT_decl_file
	.byte	106                             @ DW_AT_decl_line
	.long	653                             @ DW_AT_type
	.byte	9                               @ Abbrev [9] 0x281:0xb DW_TAG_label
	.long	.Linfo_string55                 @ DW_AT_name
	.byte	2                               @ DW_AT_decl_file
	.byte	132                             @ DW_AT_decl_line
	.long	.Ltmp34                         @ DW_AT_low_pc
	.byte	0                               @ End Of Children Mark
	.byte	4                               @ Abbrev [4] 0x28d:0x7 DW_TAG_base_type
	.long	.Linfo_string25                 @ DW_AT_name
	.byte	5                               @ DW_AT_encoding
	.byte	4                               @ DW_AT_byte_size
	.byte	10                              @ Abbrev [10] 0x294:0x5 DW_TAG_pointer_type
	.long	665                             @ DW_AT_type
	.byte	11                              @ Abbrev [11] 0x299:0xb DW_TAG_typedef
	.long	676                             @ DW_AT_type
	.long	.Linfo_string36                 @ DW_AT_name
	.byte	1                               @ DW_AT_decl_file
	.byte	85                              @ DW_AT_decl_line
	.byte	12                              @ Abbrev [12] 0x2a4:0x1d DW_TAG_structure_type
	.byte	12                              @ DW_AT_byte_size
	.byte	1                               @ DW_AT_decl_file
	.byte	81                              @ DW_AT_decl_line
	.byte	13                              @ Abbrev [13] 0x2a8:0xc DW_TAG_member
	.long	.Linfo_string30                 @ DW_AT_name
	.long	705                             @ DW_AT_type
	.byte	1                               @ DW_AT_decl_file
	.byte	83                              @ DW_AT_decl_line
	.byte	0                               @ DW_AT_data_member_location
	.byte	13                              @ Abbrev [13] 0x2b4:0xc DW_TAG_member
	.long	.Linfo_string32                 @ DW_AT_name
	.long	717                             @ DW_AT_type
	.byte	1                               @ DW_AT_decl_file
	.byte	84                              @ DW_AT_decl_line
	.byte	4                               @ DW_AT_data_member_location
	.byte	0                               @ End Of Children Mark
	.byte	10                              @ Abbrev [10] 0x2c1:0x5 DW_TAG_pointer_type
	.long	710                             @ DW_AT_type
	.byte	4                               @ Abbrev [4] 0x2c6:0x7 DW_TAG_base_type
	.long	.Linfo_string31                 @ DW_AT_name
	.byte	6                               @ DW_AT_encoding
	.byte	1                               @ DW_AT_byte_size
	.byte	11                              @ Abbrev [11] 0x2cd:0xb DW_TAG_typedef
	.long	728                             @ DW_AT_type
	.long	.Linfo_string35                 @ DW_AT_name
	.byte	1                               @ DW_AT_decl_file
	.byte	79                              @ DW_AT_decl_line
	.byte	12                              @ Abbrev [12] 0x2d8:0x1d DW_TAG_structure_type
	.byte	8                               @ DW_AT_byte_size
	.byte	1                               @ DW_AT_decl_file
	.byte	75                              @ DW_AT_decl_line
	.byte	13                              @ Abbrev [13] 0x2dc:0xc DW_TAG_member
	.long	.Linfo_string33                 @ DW_AT_name
	.long	653                             @ DW_AT_type
	.byte	1                               @ DW_AT_decl_file
	.byte	77                              @ DW_AT_decl_line
	.byte	0                               @ DW_AT_data_member_location
	.byte	13                              @ Abbrev [13] 0x2e8:0xc DW_TAG_member
	.long	.Linfo_string34                 @ DW_AT_name
	.long	705                             @ DW_AT_type
	.byte	1                               @ DW_AT_decl_file
	.byte	78                              @ DW_AT_decl_line
	.byte	4                               @ DW_AT_data_member_location
	.byte	0                               @ End Of Children Mark
	.byte	10                              @ Abbrev [10] 0x2f5:0x5 DW_TAG_pointer_type
	.long	173                             @ DW_AT_type
	.byte	4                               @ Abbrev [4] 0x2fa:0x7 DW_TAG_base_type
	.long	.Linfo_string42                 @ DW_AT_name
	.byte	7                               @ DW_AT_encoding
	.byte	2                               @ DW_AT_byte_size
	.byte	10                              @ Abbrev [10] 0x301:0x5 DW_TAG_pointer_type
	.long	653                             @ DW_AT_type
	.byte	11                              @ Abbrev [11] 0x306:0xb DW_TAG_typedef
	.long	785                             @ DW_AT_type
	.long	.Linfo_string52                 @ DW_AT_name
	.byte	1                               @ DW_AT_decl_file
	.byte	73                              @ DW_AT_decl_line
	.byte	14                              @ Abbrev [14] 0x311:0x5e DW_TAG_union_type
	.byte	4                               @ DW_AT_byte_size
	.byte	1                               @ DW_AT_decl_file
	.byte	53                              @ DW_AT_decl_line
	.byte	13                              @ Abbrev [13] 0x315:0xc DW_TAG_member
	.long	.Linfo_string46                 @ DW_AT_name
	.long	173                             @ DW_AT_type
	.byte	1                               @ DW_AT_decl_file
	.byte	55                              @ DW_AT_decl_line
	.byte	0                               @ DW_AT_data_member_location
	.byte	13                              @ Abbrev [13] 0x321:0xc DW_TAG_member
	.long	.Linfo_string47                 @ DW_AT_name
	.long	813                             @ DW_AT_type
	.byte	1                               @ DW_AT_decl_file
	.byte	71                              @ DW_AT_decl_line
	.byte	0                               @ DW_AT_data_member_location
	.byte	12                              @ Abbrev [12] 0x32d:0x41 DW_TAG_structure_type
	.byte	4                               @ DW_AT_byte_size
	.byte	1                               @ DW_AT_decl_file
	.byte	65                              @ DW_AT_decl_line
	.byte	15                              @ Abbrev [15] 0x331:0xf DW_TAG_member
	.long	.Linfo_string48                 @ DW_AT_name
	.long	879                             @ DW_AT_type
	.byte	1                               @ DW_AT_decl_file
	.byte	67                              @ DW_AT_decl_line
	.byte	4                               @ DW_AT_byte_size
	.byte	1                               @ DW_AT_bit_size
	.byte	31                              @ DW_AT_bit_offset
	.byte	0                               @ DW_AT_data_member_location
	.byte	15                              @ Abbrev [15] 0x340:0xf DW_TAG_member
	.long	.Linfo_string50                 @ DW_AT_name
	.long	879                             @ DW_AT_type
	.byte	1                               @ DW_AT_decl_file
	.byte	68                              @ DW_AT_decl_line
	.byte	4                               @ DW_AT_byte_size
	.byte	2                               @ DW_AT_bit_size
	.byte	29                              @ DW_AT_bit_offset
	.byte	0                               @ DW_AT_data_member_location
	.byte	15                              @ Abbrev [15] 0x34f:0xf DW_TAG_member
	.long	.Linfo_string40                 @ DW_AT_name
	.long	879                             @ DW_AT_type
	.byte	1                               @ DW_AT_decl_file
	.byte	69                              @ DW_AT_decl_line
	.byte	4                               @ DW_AT_byte_size
	.byte	1                               @ DW_AT_bit_size
	.byte	28                              @ DW_AT_bit_offset
	.byte	0                               @ DW_AT_data_member_location
	.byte	15                              @ Abbrev [15] 0x35e:0xf DW_TAG_member
	.long	.Linfo_string51                 @ DW_AT_name
	.long	879                             @ DW_AT_type
	.byte	1                               @ DW_AT_decl_file
	.byte	70                              @ DW_AT_decl_line
	.byte	4                               @ DW_AT_byte_size
	.byte	4                               @ DW_AT_bit_size
	.byte	24                              @ DW_AT_bit_offset
	.byte	0                               @ DW_AT_data_member_location
	.byte	0                               @ End Of Children Mark
	.byte	0                               @ End Of Children Mark
	.byte	4                               @ Abbrev [4] 0x36f:0x7 DW_TAG_base_type
	.long	.Linfo_string49                 @ DW_AT_name
	.byte	7                               @ DW_AT_encoding
	.byte	4                               @ DW_AT_byte_size
	.byte	10                              @ Abbrev [10] 0x376:0x5 DW_TAG_pointer_type
	.long	762                             @ DW_AT_type
	.byte	0                               @ End Of Children Mark
.Ldebug_info_end0:
	.section	.debug_ranges,"",%progbits
.Ldebug_ranges0:
	.long	.Lfunc_begin0
	.long	.Lfunc_end0
	.long	.Lfunc_begin1
	.long	.Lfunc_end1
	.long	.Lfunc_begin2
	.long	.Lfunc_end2
	.long	0
	.long	0
	.section	.debug_str,"MS",%progbits,1
.Linfo_string0:
	.asciz	"Component: ARM Compiler 6.16 Tool: armclang [5dfeb700]" @ string offset=0
.Linfo_string1:
	.asciz	"packages/paho_mqtt/MQTTPacket/src\\MQTTSubscribeClient.c" @ string offset=55
.Linfo_string2:
	.asciz	"E:\\STM32\\Learning\\STM32H750_ART_PI_RGBLCD" @ string offset=111
.Linfo_string3:
	.asciz	"signed char"                   @ string offset=153
.Linfo_string4:
	.asciz	"MQTTPACKET_BUFFER_TOO_SHORT"   @ string offset=165
.Linfo_string5:
	.asciz	"MQTTPACKET_READ_ERROR"         @ string offset=193
.Linfo_string6:
	.asciz	"MQTTPACKET_READ_COMPLETE"      @ string offset=215
.Linfo_string7:
	.asciz	"errors"                        @ string offset=240
.Linfo_string8:
	.asciz	"unsigned char"                 @ string offset=247
.Linfo_string9:
	.asciz	"CONNECT"                       @ string offset=261
.Linfo_string10:
	.asciz	"CONNACK"                       @ string offset=269
.Linfo_string11:
	.asciz	"PUBLISH"                       @ string offset=277
.Linfo_string12:
	.asciz	"PUBACK"                        @ string offset=285
.Linfo_string13:
	.asciz	"PUBREC"                        @ string offset=292
.Linfo_string14:
	.asciz	"PUBREL"                        @ string offset=299
.Linfo_string15:
	.asciz	"PUBCOMP"                       @ string offset=306
.Linfo_string16:
	.asciz	"SUBSCRIBE"                     @ string offset=314
.Linfo_string17:
	.asciz	"SUBACK"                        @ string offset=324
.Linfo_string18:
	.asciz	"UNSUBSCRIBE"                   @ string offset=331
.Linfo_string19:
	.asciz	"UNSUBACK"                      @ string offset=343
.Linfo_string20:
	.asciz	"PINGREQ"                       @ string offset=352
.Linfo_string21:
	.asciz	"PINGRESP"                      @ string offset=360
.Linfo_string22:
	.asciz	"DISCONNECT"                    @ string offset=369
.Linfo_string23:
	.asciz	"msgTypes"                      @ string offset=380
.Linfo_string24:
	.asciz	"MQTTSerialize_subscribeLength" @ string offset=389
.Linfo_string25:
	.asciz	"int"                           @ string offset=419
.Linfo_string26:
	.asciz	"MQTTSerialize_subscribe"       @ string offset=423
.Linfo_string27:
	.asciz	"MQTTDeserialize_suback"        @ string offset=447
.Linfo_string28:
	.asciz	"count"                         @ string offset=470
.Linfo_string29:
	.asciz	"topicFilters"                  @ string offset=476
.Linfo_string30:
	.asciz	"cstring"                       @ string offset=489
.Linfo_string31:
	.asciz	"char"                          @ string offset=497
.Linfo_string32:
	.asciz	"lenstring"                     @ string offset=502
.Linfo_string33:
	.asciz	"len"                           @ string offset=512
.Linfo_string34:
	.asciz	"data"                          @ string offset=516
.Linfo_string35:
	.asciz	"MQTTLenString"                 @ string offset=521
.Linfo_string36:
	.asciz	"MQTTString"                    @ string offset=535
.Linfo_string37:
	.asciz	"i"                             @ string offset=546
.Linfo_string38:
	.asciz	"buf"                           @ string offset=548
.Linfo_string39:
	.asciz	"buflen"                        @ string offset=552
.Linfo_string40:
	.asciz	"dup"                           @ string offset=559
.Linfo_string41:
	.asciz	"packetid"                      @ string offset=563
.Linfo_string42:
	.asciz	"unsigned short"                @ string offset=572
.Linfo_string43:
	.asciz	"requestedQoSs"                 @ string offset=587
.Linfo_string44:
	.asciz	"ptr"                           @ string offset=601
.Linfo_string45:
	.asciz	"header"                        @ string offset=605
.Linfo_string46:
	.asciz	"byte"                          @ string offset=612
.Linfo_string47:
	.asciz	"bits"                          @ string offset=617
.Linfo_string48:
	.asciz	"retain"                        @ string offset=622
.Linfo_string49:
	.asciz	"unsigned int"                  @ string offset=629
.Linfo_string50:
	.asciz	"qos"                           @ string offset=642
.Linfo_string51:
	.asciz	"type"                          @ string offset=646
.Linfo_string52:
	.asciz	"MQTTHeader"                    @ string offset=651
.Linfo_string53:
	.asciz	"rem_len"                       @ string offset=662
.Linfo_string54:
	.asciz	"rc"                            @ string offset=670
.Linfo_string55:
	.asciz	"exit"                          @ string offset=673
.Linfo_string56:
	.asciz	"maxcount"                      @ string offset=678
.Linfo_string57:
	.asciz	"grantedQoSs"                   @ string offset=687
.Linfo_string58:
	.asciz	"curdata"                       @ string offset=699
.Linfo_string59:
	.asciz	"enddata"                       @ string offset=707
.Linfo_string60:
	.asciz	"mylen"                         @ string offset=715
	.ident	"Component: ARM Compiler 6.16 Tool: armclang [5dfeb700]"
	.section	".note.GNU-stack","",%progbits
	.eabi_attribute	30, 6	@ Tag_ABI_optimization_goals
	.ARM_attribute	16, 1	@ Tag_AV_eba
	.section	.debug_line,"",%progbits
.Lline_table_start0:
