	.text
	.syntax unified
	.eabi_attribute	67, "2.09"	@ Tag_conformance
	.cpu	cortex-m7
	.eabi_attribute	6, 13	@ Tag_CPU_arch
	.eabi_attribute	7, 77	@ Tag_CPU_arch_profile
	.eabi_attribute	8, 0	@ Tag_ARM_ISA_use
	.eabi_attribute	9, 2	@ Tag_THUMB_ISA_use
	.fpu	fpv5-d16
	.eabi_attribute	36, 1	@ Tag_FP_HP_extension
	.eabi_attribute	34, 1	@ Tag_CPU_unaligned_access
	.eabi_attribute	17, 1	@ Tag_ABI_PCS_GOT_use
	.eabi_attribute	20, 2	@ Tag_ABI_FP_denormal
	.eabi_attribute	21, 0	@ Tag_ABI_FP_exceptions
	.eabi_attribute	23, 1	@ Tag_ABI_FP_number_model
	.eabi_attribute	24, 1	@ Tag_ABI_align_needed
	.eabi_attribute	25, 1	@ Tag_ABI_align_preserved
	.eabi_attribute	28, 1	@ Tag_ABI_VFP_args
	.eabi_attribute	38, 1	@ Tag_ABI_FP_16bit_format
	.eabi_attribute	18, 2	@ Tag_ABI_PCS_wchar_t
	.eabi_attribute	26, 1	@ Tag_ABI_enum_size
	.eabi_attribute	14, 0	@ Tag_ABI_PCS_R9_use
	.file	"MQTTConnectServer.c"
	.file	1 "E:\\STM32\\Learning\\STM32H750_ART_PI_RGBLCD" "./packages/paho_mqtt/MQTTPacket/src/MQTTPacket.h"
	.section	.text.MQTTPacket_checkVersion,"ax",%progbits
	.hidden	MQTTPacket_checkVersion         @ -- Begin function MQTTPacket_checkVersion
	.globl	MQTTPacket_checkVersion
	.p2align	3
	.type	MQTTPacket_checkVersion,%function
	.code	16                              @ @MQTTPacket_checkVersion
	.thumb_func
MQTTPacket_checkVersion:
.Lfunc_begin0:
	.file	2 "E:\\STM32\\Learning\\STM32H750_ART_PI_RGBLCD" "packages/paho_mqtt/MQTTPacket/src/MQTTConnectServer.c"
	.loc	2 31 0                          @ packages/paho_mqtt/MQTTPacket/src/MQTTConnectServer.c:31:0
	.fnstart
	.cfi_sections .debug_frame
	.cfi_startproc
@ %bb.0:
	.save	{r7, lr}
	push	{r7, lr}
	.cfi_def_cfa_offset 8
	.cfi_offset lr, -4
	.cfi_offset r7, -8
	.pad	#32
	sub	sp, #32
	.cfi_def_cfa_offset 40
	str	r0, [sp, #28]
	str	r1, [sp, #24]
	movs	r0, #0
.Ltmp0:
	.loc	2 32 6 prologue_end             @ packages/paho_mqtt/MQTTPacket/src/MQTTConnectServer.c:32:6
	str	r0, [sp, #20]
.Ltmp1:
	.loc	2 34 6                          @ packages/paho_mqtt/MQTTPacket/src/MQTTConnectServer.c:34:6
	ldr	r0, [sp, #24]
	.loc	2 34 19 is_stmt 0               @ packages/paho_mqtt/MQTTPacket/src/MQTTConnectServer.c:34:19
	cmp	r0, #3
	bne	.LBB0_6
	b	.LBB0_1
.LBB0_1:
	.loc	2 34 29                         @ packages/paho_mqtt/MQTTPacket/src/MQTTConnectServer.c:34:29
	ldr	r1, [sp, #28]
	.loc	2 35 4 is_stmt 1                @ packages/paho_mqtt/MQTTPacket/src/MQTTConnectServer.c:35:4
	ldr	r0, [r1, #4]
	.loc	2 34 49                         @ packages/paho_mqtt/MQTTPacket/src/MQTTConnectServer.c:34:49
	ldr	r1, [r1, #8]
	.loc	2 35 4                          @ packages/paho_mqtt/MQTTPacket/src/MQTTConnectServer.c:35:4
	str	r1, [sp, #16]                   @ 4-byte Spill
	cmp	r0, #7
	blt	.LBB0_3
	b	.LBB0_2
.LBB0_2:
	.loc	2 0 4 is_stmt 0                 @ packages/paho_mqtt/MQTTPacket/src/MQTTConnectServer.c:0:4
	movs	r0, #6
	.loc	2 35 4                          @ packages/paho_mqtt/MQTTPacket/src/MQTTConnectServer.c:35:4
	str	r0, [sp, #12]                   @ 4-byte Spill
	b	.LBB0_4
.LBB0_3:
	ldr	r0, [sp, #28]
	ldr	r0, [r0, #4]
	str	r0, [sp, #12]                   @ 4-byte Spill
	b	.LBB0_4
.LBB0_4:
	ldr	r0, [sp, #16]                   @ 4-byte Reload
	ldr	r2, [sp, #12]                   @ 4-byte Reload
	.loc	2 34 22 is_stmt 1               @ packages/paho_mqtt/MQTTPacket/src/MQTTConnectServer.c:34:22
	movw	r1, :lower16:.L.str
	movt	r1, :upper16:.L.str
	bl	memcmp
.Ltmp2:
	.loc	2 34 6 is_stmt 0                @ packages/paho_mqtt/MQTTPacket/src/MQTTConnectServer.c:34:6
	cbnz	r0, .LBB0_6
	b	.LBB0_5
.LBB0_5:
	.loc	2 0 6                           @ packages/paho_mqtt/MQTTPacket/src/MQTTConnectServer.c:0:6
	movs	r0, #1
.Ltmp3:
	.loc	2 36 6 is_stmt 1                @ packages/paho_mqtt/MQTTPacket/src/MQTTConnectServer.c:36:6
	str	r0, [sp, #20]
	.loc	2 36 3 is_stmt 0                @ packages/paho_mqtt/MQTTPacket/src/MQTTConnectServer.c:36:3
	b	.LBB0_13
.LBB0_6:
.Ltmp4:
	.loc	2 37 11 is_stmt 1               @ packages/paho_mqtt/MQTTPacket/src/MQTTConnectServer.c:37:11
	ldr	r0, [sp, #24]
	.loc	2 37 24 is_stmt 0               @ packages/paho_mqtt/MQTTPacket/src/MQTTConnectServer.c:37:24
	cmp	r0, #4
	bne	.LBB0_12
	b	.LBB0_7
.LBB0_7:
	.loc	2 37 34                         @ packages/paho_mqtt/MQTTPacket/src/MQTTConnectServer.c:37:34
	ldr	r1, [sp, #28]
	.loc	2 38 4 is_stmt 1                @ packages/paho_mqtt/MQTTPacket/src/MQTTConnectServer.c:38:4
	ldr	r0, [r1, #4]
	.loc	2 37 54                         @ packages/paho_mqtt/MQTTPacket/src/MQTTConnectServer.c:37:54
	ldr	r1, [r1, #8]
	.loc	2 38 4                          @ packages/paho_mqtt/MQTTPacket/src/MQTTConnectServer.c:38:4
	str	r1, [sp, #8]                    @ 4-byte Spill
	cmp	r0, #5
	blt	.LBB0_9
	b	.LBB0_8
.LBB0_8:
	.loc	2 0 4 is_stmt 0                 @ packages/paho_mqtt/MQTTPacket/src/MQTTConnectServer.c:0:4
	movs	r0, #4
	.loc	2 38 4                          @ packages/paho_mqtt/MQTTPacket/src/MQTTConnectServer.c:38:4
	str	r0, [sp, #4]                    @ 4-byte Spill
	b	.LBB0_10
.LBB0_9:
	ldr	r0, [sp, #28]
	ldr	r0, [r0, #4]
	str	r0, [sp, #4]                    @ 4-byte Spill
	b	.LBB0_10
.LBB0_10:
	ldr	r0, [sp, #8]                    @ 4-byte Reload
	ldr	r2, [sp, #4]                    @ 4-byte Reload
	.loc	2 37 27 is_stmt 1               @ packages/paho_mqtt/MQTTPacket/src/MQTTConnectServer.c:37:27
	movw	r1, :lower16:.L.str.1
	movt	r1, :upper16:.L.str.1
	bl	memcmp
.Ltmp5:
	.loc	2 37 11 is_stmt 0               @ packages/paho_mqtt/MQTTPacket/src/MQTTConnectServer.c:37:11
	cbnz	r0, .LBB0_12
	b	.LBB0_11
.LBB0_11:
	.loc	2 0 11                          @ packages/paho_mqtt/MQTTPacket/src/MQTTConnectServer.c:0:11
	movs	r0, #1
.Ltmp6:
	.loc	2 39 6 is_stmt 1                @ packages/paho_mqtt/MQTTPacket/src/MQTTConnectServer.c:39:6
	str	r0, [sp, #20]
	.loc	2 39 3 is_stmt 0                @ packages/paho_mqtt/MQTTPacket/src/MQTTConnectServer.c:39:3
	b	.LBB0_12
.Ltmp7:
.LBB0_12:
	.loc	2 0 3                           @ packages/paho_mqtt/MQTTPacket/src/MQTTConnectServer.c:0:3
	b	.LBB0_13
.LBB0_13:
	.loc	2 40 9 is_stmt 1                @ packages/paho_mqtt/MQTTPacket/src/MQTTConnectServer.c:40:9
	ldr	r0, [sp, #20]
	.loc	2 40 2 is_stmt 0                @ packages/paho_mqtt/MQTTPacket/src/MQTTConnectServer.c:40:2
	add	sp, #32
	pop	{r7, pc}
.Ltmp8:
.Lfunc_end0:
	.size	MQTTPacket_checkVersion, .Lfunc_end0-MQTTPacket_checkVersion
	.cfi_endproc
	.cantunwind
	.fnend
                                        @ -- End function
	.section	.text.MQTTDeserialize_connect,"ax",%progbits
	.hidden	MQTTDeserialize_connect         @ -- Begin function MQTTDeserialize_connect
	.globl	MQTTDeserialize_connect
	.p2align	3
	.type	MQTTDeserialize_connect,%function
	.code	16                              @ @MQTTDeserialize_connect
	.thumb_func
MQTTDeserialize_connect:
.Lfunc_begin1:
	.loc	2 52 0 is_stmt 1                @ packages/paho_mqtt/MQTTPacket/src/MQTTConnectServer.c:52:0
	.fnstart
	.cfi_startproc
@ %bb.0:
	.save	{r7, lr}
	push	{r7, lr}
	.cfi_def_cfa_offset 8
	.cfi_offset lr, -4
	.cfi_offset r7, -8
	.pad	#56
	sub	sp, #56
	.cfi_def_cfa_offset 64
	str	r0, [sp, #52]
	str	r1, [sp, #48]
	str	r2, [sp, #44]
.Ltmp9:
	.loc	2 53 13 prologue_end            @ packages/paho_mqtt/MQTTPacket/src/MQTTConnectServer.c:53:13
	movw	r0, :lower16:.L__const.MQTTDeserialize_connect.header
	movt	r0, :upper16:.L__const.MQTTDeserialize_connect.header
	ldr	r0, [r0]
	str	r0, [sp, #40]
	.loc	2 54 19                         @ packages/paho_mqtt/MQTTPacket/src/MQTTConnectServer.c:54:19
	movw	r0, :lower16:.L__const.MQTTDeserialize_connect.flags
	movt	r0, :upper16:.L__const.MQTTDeserialize_connect.flags
	ldr	r0, [r0]
	str	r0, [sp, #36]
	.loc	2 55 27                         @ packages/paho_mqtt/MQTTPacket/src/MQTTConnectServer.c:55:27
	ldr	r0, [sp, #48]
	.loc	2 55 17 is_stmt 0               @ packages/paho_mqtt/MQTTPacket/src/MQTTConnectServer.c:55:17
	str	r0, [sp, #32]
	.loc	2 56 28 is_stmt 1               @ packages/paho_mqtt/MQTTPacket/src/MQTTConnectServer.c:56:28
	ldr	r0, [sp, #48]
	.loc	2 56 32 is_stmt 0               @ packages/paho_mqtt/MQTTPacket/src/MQTTConnectServer.c:56:32
	ldr	r1, [sp, #44]
	.loc	2 56 28                         @ packages/paho_mqtt/MQTTPacket/src/MQTTConnectServer.c:56:28
	add	r0, r1
	.loc	2 56 17                         @ packages/paho_mqtt/MQTTPacket/src/MQTTConnectServer.c:56:17
	str	r0, [sp, #28]
	movs	r0, #0
	.loc	2 57 6 is_stmt 1                @ packages/paho_mqtt/MQTTPacket/src/MQTTConnectServer.c:57:6
	str	r0, [sp, #24]
	.loc	2 60 6                          @ packages/paho_mqtt/MQTTPacket/src/MQTTConnectServer.c:60:6
	str	r0, [sp, #4]
	add	r0, sp, #32
	.loc	2 63 16                         @ packages/paho_mqtt/MQTTPacket/src/MQTTConnectServer.c:63:16
	bl	readChar
	.loc	2 63 14 is_stmt 0               @ packages/paho_mqtt/MQTTPacket/src/MQTTConnectServer.c:63:14
	strb.w	r0, [sp, #40]
.Ltmp10:
	.loc	2 64 18 is_stmt 1               @ packages/paho_mqtt/MQTTPacket/src/MQTTConnectServer.c:64:18
	ldrb.w	r1, [sp, #40]
	movs	r0, #1
.Ltmp11:
	.loc	2 64 6 is_stmt 0                @ packages/paho_mqtt/MQTTPacket/src/MQTTConnectServer.c:64:6
	cmp.w	r0, r1, lsr #4
	beq	.LBB1_2
	b	.LBB1_1
.LBB1_1:
.Ltmp12:
	.loc	2 65 3 is_stmt 1                @ packages/paho_mqtt/MQTTPacket/src/MQTTConnectServer.c:65:3
	b	.LBB1_27
.Ltmp13:
.LBB1_2:
	.loc	2 67 34                         @ packages/paho_mqtt/MQTTPacket/src/MQTTConnectServer.c:67:34
	ldr	r0, [sp, #32]
	add	r1, sp, #4
	.loc	2 67 13 is_stmt 0               @ packages/paho_mqtt/MQTTPacket/src/MQTTConnectServer.c:67:13
	bl	MQTTPacket_decodeBuf
	mov	r1, r0
	.loc	2 67 10                         @ packages/paho_mqtt/MQTTPacket/src/MQTTConnectServer.c:67:10
	ldr	r0, [sp, #32]
	add	r0, r1
	str	r0, [sp, #32]
.Ltmp14:
	.loc	2 69 46 is_stmt 1               @ packages/paho_mqtt/MQTTPacket/src/MQTTConnectServer.c:69:46
	ldr	r2, [sp, #28]
	add	r0, sp, #12
	add	r1, sp, #32
	.loc	2 69 7 is_stmt 0                @ packages/paho_mqtt/MQTTPacket/src/MQTTConnectServer.c:69:7
	bl	readMQTTLenString
	.loc	2 69 55                         @ packages/paho_mqtt/MQTTPacket/src/MQTTConnectServer.c:69:55
	cbz	r0, .LBB1_4
	b	.LBB1_3
.LBB1_3:
	.loc	2 70 3 is_stmt 1                @ packages/paho_mqtt/MQTTPacket/src/MQTTConnectServer.c:70:3
	ldr	r0, [sp, #28]
	.loc	2 70 13 is_stmt 0               @ packages/paho_mqtt/MQTTPacket/src/MQTTConnectServer.c:70:13
	ldr	r1, [sp, #32]
	.loc	2 70 11                         @ packages/paho_mqtt/MQTTPacket/src/MQTTConnectServer.c:70:11
	subs	r0, r0, r1
.Ltmp15:
	.loc	2 69 6 is_stmt 1                @ packages/paho_mqtt/MQTTPacket/src/MQTTConnectServer.c:69:6
	cmp.w	r0, #-1
	bgt	.LBB1_5
	b	.LBB1_4
.LBB1_4:
.Ltmp16:
	.loc	2 71 3                          @ packages/paho_mqtt/MQTTPacket/src/MQTTConnectServer.c:71:3
	b	.LBB1_27
.Ltmp17:
.LBB1_5:
	.loc	2 0 3 is_stmt 0                 @ packages/paho_mqtt/MQTTPacket/src/MQTTConnectServer.c:0:3
	add	r0, sp, #32
	.loc	2 73 17 is_stmt 1               @ packages/paho_mqtt/MQTTPacket/src/MQTTConnectServer.c:73:17
	bl	readChar
	.loc	2 73 10 is_stmt 0               @ packages/paho_mqtt/MQTTPacket/src/MQTTConnectServer.c:73:10
	str	r0, [sp, #8]
.Ltmp18:
	.loc	2 77 41 is_stmt 1               @ packages/paho_mqtt/MQTTPacket/src/MQTTConnectServer.c:77:41
	ldr	r1, [sp, #8]
	add	r0, sp, #12
	.loc	2 77 6 is_stmt 0                @ packages/paho_mqtt/MQTTPacket/src/MQTTConnectServer.c:77:6
	bl	MQTTPacket_checkVersion
.Ltmp19:
	.loc	2 77 6                          @ packages/paho_mqtt/MQTTPacket/src/MQTTConnectServer.c:77:6
	cmp	r0, #0
	beq	.LBB1_26
	b	.LBB1_6
.LBB1_6:
	.loc	2 0 6                           @ packages/paho_mqtt/MQTTPacket/src/MQTTConnectServer.c:0:6
	add	r0, sp, #32
.Ltmp20:
	.loc	2 79 15 is_stmt 1               @ packages/paho_mqtt/MQTTPacket/src/MQTTConnectServer.c:79:15
	str	r0, [sp]                        @ 4-byte Spill
	bl	readChar
	mov	r1, r0
	.loc	2 79 13 is_stmt 0               @ packages/paho_mqtt/MQTTPacket/src/MQTTConnectServer.c:79:13
	ldr	r0, [sp]                        @ 4-byte Reload
	strb.w	r1, [sp, #36]
	.loc	2 80 35 is_stmt 1               @ packages/paho_mqtt/MQTTPacket/src/MQTTConnectServer.c:80:35
	ldrb.w	r1, [sp, #36]
	ubfx	r1, r1, #1, #1
	.loc	2 80 3 is_stmt 0                @ packages/paho_mqtt/MQTTPacket/src/MQTTConnectServer.c:80:3
	ldr	r2, [sp, #52]
	.loc	2 80 22                         @ packages/paho_mqtt/MQTTPacket/src/MQTTConnectServer.c:80:22
	strb	r1, [r2, #26]
	.loc	2 81 29 is_stmt 1               @ packages/paho_mqtt/MQTTPacket/src/MQTTConnectServer.c:81:29
	bl	readInt
	ldr	r1, [sp]                        @ 4-byte Reload
	.loc	2 81 3 is_stmt 0                @ packages/paho_mqtt/MQTTPacket/src/MQTTConnectServer.c:81:3
	ldr	r2, [sp, #52]
	.loc	2 81 27                         @ packages/paho_mqtt/MQTTPacket/src/MQTTConnectServer.c:81:27
	strh	r0, [r2, #24]
.Ltmp21:
	.loc	2 82 27 is_stmt 1               @ packages/paho_mqtt/MQTTPacket/src/MQTTConnectServer.c:82:27
	ldr	r0, [sp, #52]
	.loc	2 82 33 is_stmt 0               @ packages/paho_mqtt/MQTTPacket/src/MQTTConnectServer.c:82:33
	adds	r0, #12
	.loc	2 82 53                         @ packages/paho_mqtt/MQTTPacket/src/MQTTConnectServer.c:82:53
	ldr	r2, [sp, #28]
	.loc	2 82 8                          @ packages/paho_mqtt/MQTTPacket/src/MQTTConnectServer.c:82:8
	bl	readMQTTLenString
.Ltmp22:
	.loc	2 82 7                          @ packages/paho_mqtt/MQTTPacket/src/MQTTConnectServer.c:82:7
	cbnz	r0, .LBB1_8
	b	.LBB1_7
.LBB1_7:
.Ltmp23:
	.loc	2 83 4 is_stmt 1                @ packages/paho_mqtt/MQTTPacket/src/MQTTConnectServer.c:83:4
	b	.LBB1_27
.Ltmp24:
.LBB1_8:
	.loc	2 84 31                         @ packages/paho_mqtt/MQTTPacket/src/MQTTConnectServer.c:84:31
	ldrb.w	r0, [sp, #36]
	ubfx	r0, r0, #2, #1
	.loc	2 84 3 is_stmt 0                @ packages/paho_mqtt/MQTTPacket/src/MQTTConnectServer.c:84:3
	ldr	r1, [sp, #52]
	.loc	2 84 18                         @ packages/paho_mqtt/MQTTPacket/src/MQTTConnectServer.c:84:18
	strb	r0, [r1, #27]
.Ltmp25:
	.loc	2 85 18 is_stmt 1               @ packages/paho_mqtt/MQTTPacket/src/MQTTConnectServer.c:85:18
	ldrb.w	r0, [sp, #36]
	lsrs	r0, r0, #2
.Ltmp26:
	.loc	2 85 7 is_stmt 0                @ packages/paho_mqtt/MQTTPacket/src/MQTTConnectServer.c:85:7
	lsls	r0, r0, #31
	cbz	r0, .LBB1_13
	b	.LBB1_9
.LBB1_9:
.Ltmp27:
	.loc	2 87 32 is_stmt 1               @ packages/paho_mqtt/MQTTPacket/src/MQTTConnectServer.c:87:32
	ldrb.w	r0, [sp, #36]
	ubfx	r0, r0, #3, #2
	.loc	2 87 4 is_stmt 0                @ packages/paho_mqtt/MQTTPacket/src/MQTTConnectServer.c:87:4
	ldr	r1, [sp, #52]
	.loc	2 87 19                         @ packages/paho_mqtt/MQTTPacket/src/MQTTConnectServer.c:87:19
	strb.w	r0, [r1, #61]
	.loc	2 88 37 is_stmt 1               @ packages/paho_mqtt/MQTTPacket/src/MQTTConnectServer.c:88:37
	ldrb.w	r0, [sp, #36]
	ubfx	r0, r0, #5, #1
	.loc	2 88 4 is_stmt 0                @ packages/paho_mqtt/MQTTPacket/src/MQTTConnectServer.c:88:4
	ldr	r1, [sp, #52]
	.loc	2 88 24                         @ packages/paho_mqtt/MQTTPacket/src/MQTTConnectServer.c:88:24
	strb.w	r0, [r1, #60]
.Ltmp28:
	.loc	2 89 28 is_stmt 1               @ packages/paho_mqtt/MQTTPacket/src/MQTTConnectServer.c:89:28
	ldr	r0, [sp, #52]
	.loc	2 89 39 is_stmt 0               @ packages/paho_mqtt/MQTTPacket/src/MQTTConnectServer.c:89:39
	adds	r0, #36
	.loc	2 89 60                         @ packages/paho_mqtt/MQTTPacket/src/MQTTConnectServer.c:89:60
	ldr	r2, [sp, #28]
	add	r1, sp, #32
	.loc	2 89 9                          @ packages/paho_mqtt/MQTTPacket/src/MQTTConnectServer.c:89:9
	bl	readMQTTLenString
	.loc	2 89 69                         @ packages/paho_mqtt/MQTTPacket/src/MQTTConnectServer.c:89:69
	cbz	r0, .LBB1_11
	b	.LBB1_10
.LBB1_10:
	.loc	2 90 27 is_stmt 1               @ packages/paho_mqtt/MQTTPacket/src/MQTTConnectServer.c:90:27
	ldr	r0, [sp, #52]
	.loc	2 90 38 is_stmt 0               @ packages/paho_mqtt/MQTTPacket/src/MQTTConnectServer.c:90:38
	adds	r0, #48
	.loc	2 90 57                         @ packages/paho_mqtt/MQTTPacket/src/MQTTConnectServer.c:90:57
	ldr	r2, [sp, #28]
	add	r1, sp, #32
	.loc	2 90 8                          @ packages/paho_mqtt/MQTTPacket/src/MQTTConnectServer.c:90:8
	bl	readMQTTLenString
.Ltmp29:
	.loc	2 89 8 is_stmt 1                @ packages/paho_mqtt/MQTTPacket/src/MQTTConnectServer.c:89:8
	cbnz	r0, .LBB1_12
	b	.LBB1_11
.LBB1_11:
.Ltmp30:
	.loc	2 91 5                          @ packages/paho_mqtt/MQTTPacket/src/MQTTConnectServer.c:91:5
	b	.LBB1_27
.Ltmp31:
.LBB1_12:
	.loc	2 92 3                          @ packages/paho_mqtt/MQTTPacket/src/MQTTConnectServer.c:92:3
	b	.LBB1_13
.Ltmp32:
.LBB1_13:
	.loc	2 93 18                         @ packages/paho_mqtt/MQTTPacket/src/MQTTConnectServer.c:93:18
	ldrb.w	r1, [sp, #36]
	movs	r0, #0
.Ltmp33:
	.loc	2 93 7 is_stmt 0                @ packages/paho_mqtt/MQTTPacket/src/MQTTConnectServer.c:93:7
	cmp.w	r0, r1, lsr #7
	beq	.LBB1_22
	b	.LBB1_14
.LBB1_14:
.Ltmp34:
	.loc	2 95 8 is_stmt 1                @ packages/paho_mqtt/MQTTPacket/src/MQTTConnectServer.c:95:8
	ldr	r0, [sp, #28]
	.loc	2 95 18 is_stmt 0               @ packages/paho_mqtt/MQTTPacket/src/MQTTConnectServer.c:95:18
	ldr	r1, [sp, #32]
	.loc	2 95 16                         @ packages/paho_mqtt/MQTTPacket/src/MQTTConnectServer.c:95:16
	subs	r0, r0, r1
	.loc	2 95 30                         @ packages/paho_mqtt/MQTTPacket/src/MQTTConnectServer.c:95:30
	cmp	r0, #3
	blt	.LBB1_16
	b	.LBB1_15
.LBB1_15:
	.loc	2 95 53                         @ packages/paho_mqtt/MQTTPacket/src/MQTTConnectServer.c:95:53
	ldr	r0, [sp, #52]
	.loc	2 95 59                         @ packages/paho_mqtt/MQTTPacket/src/MQTTConnectServer.c:95:59
	adds	r0, #64
	.loc	2 95 79                         @ packages/paho_mqtt/MQTTPacket/src/MQTTConnectServer.c:95:79
	ldr	r2, [sp, #28]
	add	r1, sp, #32
	.loc	2 95 34                         @ packages/paho_mqtt/MQTTPacket/src/MQTTConnectServer.c:95:34
	bl	readMQTTLenString
.Ltmp35:
	.loc	2 95 8                          @ packages/paho_mqtt/MQTTPacket/src/MQTTConnectServer.c:95:8
	cbnz	r0, .LBB1_17
	b	.LBB1_16
.LBB1_16:
.Ltmp36:
	.loc	2 96 5 is_stmt 1                @ packages/paho_mqtt/MQTTPacket/src/MQTTConnectServer.c:96:5
	b	.LBB1_27
.Ltmp37:
.LBB1_17:
	.loc	2 97 19                         @ packages/paho_mqtt/MQTTPacket/src/MQTTConnectServer.c:97:19
	ldrb.w	r0, [sp, #36]
	lsrs	r0, r0, #6
	.loc	2 97 28 is_stmt 0               @ packages/paho_mqtt/MQTTPacket/src/MQTTConnectServer.c:97:28
	lsls	r0, r0, #31
	cbz	r0, .LBB1_21
	b	.LBB1_18
.LBB1_18:
	.loc	2 98 6 is_stmt 1                @ packages/paho_mqtt/MQTTPacket/src/MQTTConnectServer.c:98:6
	ldr	r0, [sp, #28]
	.loc	2 98 16 is_stmt 0               @ packages/paho_mqtt/MQTTPacket/src/MQTTConnectServer.c:98:16
	ldr	r1, [sp, #32]
	.loc	2 98 14                         @ packages/paho_mqtt/MQTTPacket/src/MQTTConnectServer.c:98:14
	subs	r0, r0, r1
	.loc	2 98 28                         @ packages/paho_mqtt/MQTTPacket/src/MQTTConnectServer.c:98:28
	cmp	r0, #3
	blt	.LBB1_20
	b	.LBB1_19
.LBB1_19:
	.loc	2 98 51                         @ packages/paho_mqtt/MQTTPacket/src/MQTTConnectServer.c:98:51
	ldr	r0, [sp, #52]
	.loc	2 98 57                         @ packages/paho_mqtt/MQTTPacket/src/MQTTConnectServer.c:98:57
	adds	r0, #76
	.loc	2 98 77                         @ packages/paho_mqtt/MQTTPacket/src/MQTTConnectServer.c:98:77
	ldr	r2, [sp, #28]
	add	r1, sp, #32
	.loc	2 98 32                         @ packages/paho_mqtt/MQTTPacket/src/MQTTConnectServer.c:98:32
	bl	readMQTTLenString
.Ltmp38:
	.loc	2 97 8 is_stmt 1                @ packages/paho_mqtt/MQTTPacket/src/MQTTConnectServer.c:97:8
	cbnz	r0, .LBB1_21
	b	.LBB1_20
.LBB1_20:
.Ltmp39:
	.loc	2 99 5                          @ packages/paho_mqtt/MQTTPacket/src/MQTTConnectServer.c:99:5
	b	.LBB1_27
.Ltmp40:
.LBB1_21:
	.loc	2 100 3                         @ packages/paho_mqtt/MQTTPacket/src/MQTTConnectServer.c:100:3
	b	.LBB1_25
.Ltmp41:
.LBB1_22:
	.loc	2 101 23                        @ packages/paho_mqtt/MQTTPacket/src/MQTTConnectServer.c:101:23
	ldrb.w	r0, [sp, #36]
	lsrs	r0, r0, #6
.Ltmp42:
	.loc	2 101 12 is_stmt 0              @ packages/paho_mqtt/MQTTPacket/src/MQTTConnectServer.c:101:12
	lsls	r0, r0, #31
	cbz	r0, .LBB1_24
	b	.LBB1_23
.LBB1_23:
.Ltmp43:
	.loc	2 102 4 is_stmt 1               @ packages/paho_mqtt/MQTTPacket/src/MQTTConnectServer.c:102:4
	b	.LBB1_27
.Ltmp44:
.LBB1_24:
	.loc	2 0 4 is_stmt 0                 @ packages/paho_mqtt/MQTTPacket/src/MQTTConnectServer.c:0:4
	b	.LBB1_25
.LBB1_25:
	movs	r0, #1
	.loc	2 103 6 is_stmt 1               @ packages/paho_mqtt/MQTTPacket/src/MQTTConnectServer.c:103:6
	str	r0, [sp, #24]
	.loc	2 104 2                         @ packages/paho_mqtt/MQTTPacket/src/MQTTConnectServer.c:104:2
	b	.LBB1_26
.Ltmp45:
.LBB1_26:
	.loc	2 77 48                         @ packages/paho_mqtt/MQTTPacket/src/MQTTConnectServer.c:77:48
	b	.LBB1_27
.Ltmp46:
.LBB1_27:
	@DEBUG_LABEL: MQTTDeserialize_connect:exit
	.loc	2 107 9                         @ packages/paho_mqtt/MQTTPacket/src/MQTTConnectServer.c:107:9
	ldr	r0, [sp, #24]
	.loc	2 107 2 is_stmt 0               @ packages/paho_mqtt/MQTTPacket/src/MQTTConnectServer.c:107:2
	add	sp, #56
	pop	{r7, pc}
.Ltmp47:
.Lfunc_end1:
	.size	MQTTDeserialize_connect, .Lfunc_end1-MQTTDeserialize_connect
	.cfi_endproc
	.cantunwind
	.fnend
                                        @ -- End function
	.section	.text.MQTTSerialize_connack,"ax",%progbits
	.hidden	MQTTSerialize_connack           @ -- Begin function MQTTSerialize_connack
	.globl	MQTTSerialize_connack
	.p2align	3
	.type	MQTTSerialize_connack,%function
	.code	16                              @ @MQTTSerialize_connack
	.thumb_func
MQTTSerialize_connack:
.Lfunc_begin2:
	.loc	2 120 0 is_stmt 1               @ packages/paho_mqtt/MQTTPacket/src/MQTTConnectServer.c:120:0
	.fnstart
	.cfi_startproc
@ %bb.0:
	.save	{r7, lr}
	push	{r7, lr}
	.cfi_def_cfa_offset 8
	.cfi_offset lr, -4
	.cfi_offset r7, -8
	.pad	#40
	sub	sp, #40
	.cfi_def_cfa_offset 48
                                        @ kill: def $r12 killed $r3
                                        @ kill: def $r12 killed $r2
	str	r0, [sp, #36]
	str	r1, [sp, #32]
	strb.w	r2, [sp, #31]
	strb.w	r3, [sp, #30]
.Ltmp48:
	.loc	2 121 13 prologue_end           @ packages/paho_mqtt/MQTTPacket/src/MQTTConnectServer.c:121:13
	movw	r0, :lower16:.L__const.MQTTSerialize_connack.header
	movt	r0, :upper16:.L__const.MQTTSerialize_connack.header
	ldr	r0, [r0]
	str	r0, [sp, #24]
	movs	r0, #0
	.loc	2 122 6                         @ packages/paho_mqtt/MQTTPacket/src/MQTTConnectServer.c:122:6
	str	r0, [sp, #20]
	.loc	2 123 23                        @ packages/paho_mqtt/MQTTPacket/src/MQTTConnectServer.c:123:23
	ldr	r0, [sp, #36]
	.loc	2 123 17 is_stmt 0              @ packages/paho_mqtt/MQTTPacket/src/MQTTConnectServer.c:123:17
	str	r0, [sp, #16]
	.loc	2 124 19 is_stmt 1              @ packages/paho_mqtt/MQTTPacket/src/MQTTConnectServer.c:124:19
	movw	r0, :lower16:.L__const.MQTTSerialize_connack.flags
	movt	r0, :upper16:.L__const.MQTTSerialize_connack.flags
	ldr	r0, [r0]
	str	r0, [sp, #12]
.Ltmp49:
	.loc	2 127 6                         @ packages/paho_mqtt/MQTTPacket/src/MQTTConnectServer.c:127:6
	ldr	r0, [sp, #32]
.Ltmp50:
	.loc	2 127 6 is_stmt 0               @ packages/paho_mqtt/MQTTPacket/src/MQTTConnectServer.c:127:6
	cmp	r0, #1
	bgt	.LBB2_2
	b	.LBB2_1
.LBB2_1:
	.loc	2 0 6                           @ packages/paho_mqtt/MQTTPacket/src/MQTTConnectServer.c:0:6
	mvn	r0, #1
.Ltmp51:
	.loc	2 129 6 is_stmt 1               @ packages/paho_mqtt/MQTTPacket/src/MQTTConnectServer.c:129:6
	str	r0, [sp, #20]
	.loc	2 130 3                         @ packages/paho_mqtt/MQTTPacket/src/MQTTConnectServer.c:130:3
	b	.LBB2_3
.Ltmp52:
.LBB2_2:
	.loc	2 0 3 is_stmt 0                 @ packages/paho_mqtt/MQTTPacket/src/MQTTConnectServer.c:0:3
	movs	r0, #0
	.loc	2 132 14 is_stmt 1              @ packages/paho_mqtt/MQTTPacket/src/MQTTConnectServer.c:132:14
	str	r0, [sp, #4]                    @ 4-byte Spill
	strb.w	r0, [sp, #24]
	.loc	2 133 19                        @ packages/paho_mqtt/MQTTPacket/src/MQTTConnectServer.c:133:19
	ldrb.w	r0, [sp, #24]
	movs	r1, #2
	str	r1, [sp]                        @ 4-byte Spill
	bfi	r0, r1, #4, #28
	strb.w	r0, [sp, #24]
	.loc	2 134 25                        @ packages/paho_mqtt/MQTTPacket/src/MQTTConnectServer.c:134:25
	ldrsb.w	r1, [sp, #24]
	add	r0, sp, #16
	.loc	2 134 2 is_stmt 0               @ packages/paho_mqtt/MQTTPacket/src/MQTTConnectServer.c:134:2
	str	r0, [sp, #8]                    @ 4-byte Spill
	bl	writeChar
	ldr	r1, [sp]                        @ 4-byte Reload
	.loc	2 136 27 is_stmt 1              @ packages/paho_mqtt/MQTTPacket/src/MQTTConnectServer.c:136:27
	ldr	r0, [sp, #16]
	.loc	2 136 9 is_stmt 0               @ packages/paho_mqtt/MQTTPacket/src/MQTTConnectServer.c:136:9
	bl	MQTTPacket_encode
	ldr	r1, [sp, #4]                    @ 4-byte Reload
	mov	r3, r0
	.loc	2 136 6                         @ packages/paho_mqtt/MQTTPacket/src/MQTTConnectServer.c:136:6
	ldr	r0, [sp, #8]                    @ 4-byte Reload
	ldr	r2, [sp, #16]
	add	r2, r3
	str	r2, [sp, #16]
	.loc	2 138 12 is_stmt 1              @ packages/paho_mqtt/MQTTPacket/src/MQTTConnectServer.c:138:12
	strb.w	r1, [sp, #12]
	.loc	2 139 30                        @ packages/paho_mqtt/MQTTPacket/src/MQTTConnectServer.c:139:30
	ldrb.w	r2, [sp, #30]
	.loc	2 139 28 is_stmt 0              @ packages/paho_mqtt/MQTTPacket/src/MQTTConnectServer.c:139:28
	ldrb.w	r1, [sp, #12]
	and	r2, r2, #1
	and	r1, r1, #254
	add	r1, r2
	strb.w	r1, [sp, #12]
	.loc	2 140 24 is_stmt 1              @ packages/paho_mqtt/MQTTPacket/src/MQTTConnectServer.c:140:24
	ldrsb.w	r1, [sp, #12]
	.loc	2 140 2 is_stmt 0               @ packages/paho_mqtt/MQTTPacket/src/MQTTConnectServer.c:140:2
	bl	writeChar
	ldr	r0, [sp, #8]                    @ 4-byte Reload
	.loc	2 141 18 is_stmt 1              @ packages/paho_mqtt/MQTTPacket/src/MQTTConnectServer.c:141:18
	ldrsb.w	r1, [sp, #31]
	.loc	2 141 2 is_stmt 0               @ packages/paho_mqtt/MQTTPacket/src/MQTTConnectServer.c:141:2
	bl	writeChar
	.loc	2 143 7 is_stmt 1               @ packages/paho_mqtt/MQTTPacket/src/MQTTConnectServer.c:143:7
	ldr	r0, [sp, #16]
	.loc	2 143 13 is_stmt 0              @ packages/paho_mqtt/MQTTPacket/src/MQTTConnectServer.c:143:13
	ldr	r1, [sp, #36]
	.loc	2 143 11                        @ packages/paho_mqtt/MQTTPacket/src/MQTTConnectServer.c:143:11
	subs	r0, r0, r1
	.loc	2 143 5                         @ packages/paho_mqtt/MQTTPacket/src/MQTTConnectServer.c:143:5
	str	r0, [sp, #20]
	.loc	2 143 2                         @ packages/paho_mqtt/MQTTPacket/src/MQTTConnectServer.c:143:2
	b	.LBB2_3
.LBB2_3:
.Ltmp53:
	@DEBUG_LABEL: MQTTSerialize_connack:exit
	.loc	2 146 9 is_stmt 1               @ packages/paho_mqtt/MQTTPacket/src/MQTTConnectServer.c:146:9
	ldr	r0, [sp, #20]
	.loc	2 146 2 is_stmt 0               @ packages/paho_mqtt/MQTTPacket/src/MQTTConnectServer.c:146:2
	add	sp, #40
	pop	{r7, pc}
.Ltmp54:
.Lfunc_end2:
	.size	MQTTSerialize_connack, .Lfunc_end2-MQTTSerialize_connack
	.cfi_endproc
	.cantunwind
	.fnend
                                        @ -- End function
	.type	.L.str,%object                  @ @.str
	.section	.rodata.str1.1,"aMS",%progbits,1
.L.str:
	.asciz	"MQIsdp"
	.size	.L.str, 7

	.type	.L.str.1,%object                @ @.str.1
.L.str.1:
	.asciz	"MQTT"
	.size	.L.str.1, 5

	.type	.L__const.MQTTDeserialize_connect.header,%object @ @__const.MQTTDeserialize_connect.header
	.section	.rodata.cst4,"aM",%progbits,4
	.p2align	2
.L__const.MQTTDeserialize_connect.header:
	.byte	0                               @ 0x0
	.zero	3
	.size	.L__const.MQTTDeserialize_connect.header, 4

	.type	.L__const.MQTTDeserialize_connect.flags,%object @ @__const.MQTTDeserialize_connect.flags
	.p2align	2
.L__const.MQTTDeserialize_connect.flags:
	.byte	0                               @ 0x0
	.zero	3
	.size	.L__const.MQTTDeserialize_connect.flags, 4

	.type	.L__const.MQTTSerialize_connack.header,%object @ @__const.MQTTSerialize_connack.header
	.p2align	2
.L__const.MQTTSerialize_connack.header:
	.byte	0                               @ 0x0
	.zero	3
	.size	.L__const.MQTTSerialize_connack.header, 4

	.type	.L__const.MQTTSerialize_connack.flags,%object @ @__const.MQTTSerialize_connack.flags
	.p2align	2
.L__const.MQTTSerialize_connack.flags:
	.byte	0                               @ 0x0
	.zero	3
	.size	.L__const.MQTTSerialize_connack.flags, 4

	.file	3 "E:\\STM32\\Learning\\STM32H750_ART_PI_RGBLCD" "./packages/paho_mqtt/MQTTPacket/src/MQTTConnect.h"
	.section	.debug_abbrev,"",%progbits
	.byte	1                               @ Abbreviation Code
	.byte	17                              @ DW_TAG_compile_unit
	.byte	1                               @ DW_CHILDREN_yes
	.byte	37                              @ DW_AT_producer
	.byte	14                              @ DW_FORM_strp
	.byte	19                              @ DW_AT_language
	.byte	5                               @ DW_FORM_data2
	.byte	3                               @ DW_AT_name
	.byte	14                              @ DW_FORM_strp
	.byte	16                              @ DW_AT_stmt_list
	.byte	6                               @ DW_FORM_data4
	.byte	27                              @ DW_AT_comp_dir
	.byte	14                              @ DW_FORM_strp
	.byte	17                              @ DW_AT_low_pc
	.byte	1                               @ DW_FORM_addr
	.byte	85                              @ DW_AT_ranges
	.byte	6                               @ DW_FORM_data4
	.byte	0                               @ EOM(1)
	.byte	0                               @ EOM(2)
	.byte	2                               @ Abbreviation Code
	.byte	4                               @ DW_TAG_enumeration_type
	.byte	1                               @ DW_CHILDREN_yes
	.byte	73                              @ DW_AT_type
	.byte	19                              @ DW_FORM_ref4
	.byte	3                               @ DW_AT_name
	.byte	14                              @ DW_FORM_strp
	.byte	11                              @ DW_AT_byte_size
	.byte	11                              @ DW_FORM_data1
	.byte	58                              @ DW_AT_decl_file
	.byte	11                              @ DW_FORM_data1
	.byte	59                              @ DW_AT_decl_line
	.byte	11                              @ DW_FORM_data1
	.byte	0                               @ EOM(1)
	.byte	0                               @ EOM(2)
	.byte	3                               @ Abbreviation Code
	.byte	40                              @ DW_TAG_enumerator
	.byte	0                               @ DW_CHILDREN_no
	.byte	3                               @ DW_AT_name
	.byte	14                              @ DW_FORM_strp
	.byte	28                              @ DW_AT_const_value
	.byte	15                              @ DW_FORM_udata
	.byte	0                               @ EOM(1)
	.byte	0                               @ EOM(2)
	.byte	4                               @ Abbreviation Code
	.byte	36                              @ DW_TAG_base_type
	.byte	0                               @ DW_CHILDREN_no
	.byte	3                               @ DW_AT_name
	.byte	14                              @ DW_FORM_strp
	.byte	62                              @ DW_AT_encoding
	.byte	11                              @ DW_FORM_data1
	.byte	11                              @ DW_AT_byte_size
	.byte	11                              @ DW_FORM_data1
	.byte	0                               @ EOM(1)
	.byte	0                               @ EOM(2)
	.byte	5                               @ Abbreviation Code
	.byte	40                              @ DW_TAG_enumerator
	.byte	0                               @ DW_CHILDREN_no
	.byte	3                               @ DW_AT_name
	.byte	14                              @ DW_FORM_strp
	.byte	28                              @ DW_AT_const_value
	.byte	13                              @ DW_FORM_sdata
	.byte	0                               @ EOM(1)
	.byte	0                               @ EOM(2)
	.byte	6                               @ Abbreviation Code
	.byte	46                              @ DW_TAG_subprogram
	.byte	1                               @ DW_CHILDREN_yes
	.byte	17                              @ DW_AT_low_pc
	.byte	1                               @ DW_FORM_addr
	.byte	18                              @ DW_AT_high_pc
	.byte	1                               @ DW_FORM_addr
	.byte	64                              @ DW_AT_frame_base
	.byte	10                              @ DW_FORM_block1
	.byte	3                               @ DW_AT_name
	.byte	14                              @ DW_FORM_strp
	.byte	58                              @ DW_AT_decl_file
	.byte	11                              @ DW_FORM_data1
	.byte	59                              @ DW_AT_decl_line
	.byte	11                              @ DW_FORM_data1
	.byte	39                              @ DW_AT_prototyped
	.byte	12                              @ DW_FORM_flag
	.byte	73                              @ DW_AT_type
	.byte	19                              @ DW_FORM_ref4
	.byte	63                              @ DW_AT_external
	.byte	12                              @ DW_FORM_flag
	.byte	0                               @ EOM(1)
	.byte	0                               @ EOM(2)
	.byte	7                               @ Abbreviation Code
	.byte	5                               @ DW_TAG_formal_parameter
	.byte	0                               @ DW_CHILDREN_no
	.byte	2                               @ DW_AT_location
	.byte	10                              @ DW_FORM_block1
	.byte	3                               @ DW_AT_name
	.byte	14                              @ DW_FORM_strp
	.byte	58                              @ DW_AT_decl_file
	.byte	11                              @ DW_FORM_data1
	.byte	59                              @ DW_AT_decl_line
	.byte	11                              @ DW_FORM_data1
	.byte	73                              @ DW_AT_type
	.byte	19                              @ DW_FORM_ref4
	.byte	0                               @ EOM(1)
	.byte	0                               @ EOM(2)
	.byte	8                               @ Abbreviation Code
	.byte	52                              @ DW_TAG_variable
	.byte	0                               @ DW_CHILDREN_no
	.byte	2                               @ DW_AT_location
	.byte	10                              @ DW_FORM_block1
	.byte	3                               @ DW_AT_name
	.byte	14                              @ DW_FORM_strp
	.byte	58                              @ DW_AT_decl_file
	.byte	11                              @ DW_FORM_data1
	.byte	59                              @ DW_AT_decl_line
	.byte	11                              @ DW_FORM_data1
	.byte	73                              @ DW_AT_type
	.byte	19                              @ DW_FORM_ref4
	.byte	0                               @ EOM(1)
	.byte	0                               @ EOM(2)
	.byte	9                               @ Abbreviation Code
	.byte	10                              @ DW_TAG_label
	.byte	0                               @ DW_CHILDREN_no
	.byte	3                               @ DW_AT_name
	.byte	14                              @ DW_FORM_strp
	.byte	58                              @ DW_AT_decl_file
	.byte	11                              @ DW_FORM_data1
	.byte	59                              @ DW_AT_decl_line
	.byte	11                              @ DW_FORM_data1
	.byte	17                              @ DW_AT_low_pc
	.byte	1                               @ DW_FORM_addr
	.byte	0                               @ EOM(1)
	.byte	0                               @ EOM(2)
	.byte	10                              @ Abbreviation Code
	.byte	15                              @ DW_TAG_pointer_type
	.byte	0                               @ DW_CHILDREN_no
	.byte	73                              @ DW_AT_type
	.byte	19                              @ DW_FORM_ref4
	.byte	0                               @ EOM(1)
	.byte	0                               @ EOM(2)
	.byte	11                              @ Abbreviation Code
	.byte	22                              @ DW_TAG_typedef
	.byte	0                               @ DW_CHILDREN_no
	.byte	73                              @ DW_AT_type
	.byte	19                              @ DW_FORM_ref4
	.byte	3                               @ DW_AT_name
	.byte	14                              @ DW_FORM_strp
	.byte	58                              @ DW_AT_decl_file
	.byte	11                              @ DW_FORM_data1
	.byte	59                              @ DW_AT_decl_line
	.byte	11                              @ DW_FORM_data1
	.byte	0                               @ EOM(1)
	.byte	0                               @ EOM(2)
	.byte	12                              @ Abbreviation Code
	.byte	19                              @ DW_TAG_structure_type
	.byte	1                               @ DW_CHILDREN_yes
	.byte	11                              @ DW_AT_byte_size
	.byte	11                              @ DW_FORM_data1
	.byte	58                              @ DW_AT_decl_file
	.byte	11                              @ DW_FORM_data1
	.byte	59                              @ DW_AT_decl_line
	.byte	11                              @ DW_FORM_data1
	.byte	0                               @ EOM(1)
	.byte	0                               @ EOM(2)
	.byte	13                              @ Abbreviation Code
	.byte	13                              @ DW_TAG_member
	.byte	0                               @ DW_CHILDREN_no
	.byte	3                               @ DW_AT_name
	.byte	14                              @ DW_FORM_strp
	.byte	73                              @ DW_AT_type
	.byte	19                              @ DW_FORM_ref4
	.byte	58                              @ DW_AT_decl_file
	.byte	11                              @ DW_FORM_data1
	.byte	59                              @ DW_AT_decl_line
	.byte	11                              @ DW_FORM_data1
	.byte	56                              @ DW_AT_data_member_location
	.byte	11                              @ DW_FORM_data1
	.byte	0                               @ EOM(1)
	.byte	0                               @ EOM(2)
	.byte	14                              @ Abbreviation Code
	.byte	1                               @ DW_TAG_array_type
	.byte	1                               @ DW_CHILDREN_yes
	.byte	73                              @ DW_AT_type
	.byte	19                              @ DW_FORM_ref4
	.byte	0                               @ EOM(1)
	.byte	0                               @ EOM(2)
	.byte	15                              @ Abbreviation Code
	.byte	33                              @ DW_TAG_subrange_type
	.byte	0                               @ DW_CHILDREN_no
	.byte	73                              @ DW_AT_type
	.byte	19                              @ DW_FORM_ref4
	.byte	55                              @ DW_AT_count
	.byte	11                              @ DW_FORM_data1
	.byte	0                               @ EOM(1)
	.byte	0                               @ EOM(2)
	.byte	16                              @ Abbreviation Code
	.byte	36                              @ DW_TAG_base_type
	.byte	0                               @ DW_CHILDREN_no
	.byte	3                               @ DW_AT_name
	.byte	14                              @ DW_FORM_strp
	.byte	11                              @ DW_AT_byte_size
	.byte	11                              @ DW_FORM_data1
	.byte	62                              @ DW_AT_encoding
	.byte	11                              @ DW_FORM_data1
	.byte	0                               @ EOM(1)
	.byte	0                               @ EOM(2)
	.byte	17                              @ Abbreviation Code
	.byte	23                              @ DW_TAG_union_type
	.byte	1                               @ DW_CHILDREN_yes
	.byte	11                              @ DW_AT_byte_size
	.byte	11                              @ DW_FORM_data1
	.byte	58                              @ DW_AT_decl_file
	.byte	11                              @ DW_FORM_data1
	.byte	59                              @ DW_AT_decl_line
	.byte	11                              @ DW_FORM_data1
	.byte	0                               @ EOM(1)
	.byte	0                               @ EOM(2)
	.byte	18                              @ Abbreviation Code
	.byte	13                              @ DW_TAG_member
	.byte	0                               @ DW_CHILDREN_no
	.byte	3                               @ DW_AT_name
	.byte	14                              @ DW_FORM_strp
	.byte	73                              @ DW_AT_type
	.byte	19                              @ DW_FORM_ref4
	.byte	58                              @ DW_AT_decl_file
	.byte	11                              @ DW_FORM_data1
	.byte	59                              @ DW_AT_decl_line
	.byte	11                              @ DW_FORM_data1
	.byte	11                              @ DW_AT_byte_size
	.byte	11                              @ DW_FORM_data1
	.byte	13                              @ DW_AT_bit_size
	.byte	11                              @ DW_FORM_data1
	.byte	12                              @ DW_AT_bit_offset
	.byte	11                              @ DW_FORM_data1
	.byte	56                              @ DW_AT_data_member_location
	.byte	11                              @ DW_FORM_data1
	.byte	0                               @ EOM(1)
	.byte	0                               @ EOM(2)
	.byte	0                               @ EOM(3)
	.section	.debug_info,"",%progbits
.Lcu_begin0:
	.long	.Ldebug_info_end0-.Ldebug_info_start0 @ Length of Unit
.Ldebug_info_start0:
	.short	3                               @ DWARF version number
	.long	.debug_abbrev                   @ Offset Into Abbrev. Section
	.byte	4                               @ Address Size (in bytes)
	.byte	1                               @ Abbrev [1] 0xb:0x4ea DW_TAG_compile_unit
	.long	.Linfo_string0                  @ DW_AT_producer
	.short	12                              @ DW_AT_language
	.long	.Linfo_string1                  @ DW_AT_name
	.long	.Lline_table_start0             @ DW_AT_stmt_list
	.long	.Linfo_string2                  @ DW_AT_comp_dir
	.long	0                               @ DW_AT_low_pc
	.long	.Ldebug_ranges0                 @ DW_AT_ranges
	.byte	2                               @ Abbrev [2] 0x26:0x61 DW_TAG_enumeration_type
	.long	135                             @ DW_AT_type
	.long	.Linfo_string18                 @ DW_AT_name
	.byte	1                               @ DW_AT_byte_size
	.byte	1                               @ DW_AT_decl_file
	.byte	43                              @ DW_AT_decl_line
	.byte	3                               @ Abbrev [3] 0x32:0x6 DW_TAG_enumerator
	.long	.Linfo_string4                  @ DW_AT_name
	.byte	1                               @ DW_AT_const_value
	.byte	3                               @ Abbrev [3] 0x38:0x6 DW_TAG_enumerator
	.long	.Linfo_string5                  @ DW_AT_name
	.byte	2                               @ DW_AT_const_value
	.byte	3                               @ Abbrev [3] 0x3e:0x6 DW_TAG_enumerator
	.long	.Linfo_string6                  @ DW_AT_name
	.byte	3                               @ DW_AT_const_value
	.byte	3                               @ Abbrev [3] 0x44:0x6 DW_TAG_enumerator
	.long	.Linfo_string7                  @ DW_AT_name
	.byte	4                               @ DW_AT_const_value
	.byte	3                               @ Abbrev [3] 0x4a:0x6 DW_TAG_enumerator
	.long	.Linfo_string8                  @ DW_AT_name
	.byte	5                               @ DW_AT_const_value
	.byte	3                               @ Abbrev [3] 0x50:0x6 DW_TAG_enumerator
	.long	.Linfo_string9                  @ DW_AT_name
	.byte	6                               @ DW_AT_const_value
	.byte	3                               @ Abbrev [3] 0x56:0x6 DW_TAG_enumerator
	.long	.Linfo_string10                 @ DW_AT_name
	.byte	7                               @ DW_AT_const_value
	.byte	3                               @ Abbrev [3] 0x5c:0x6 DW_TAG_enumerator
	.long	.Linfo_string11                 @ DW_AT_name
	.byte	8                               @ DW_AT_const_value
	.byte	3                               @ Abbrev [3] 0x62:0x6 DW_TAG_enumerator
	.long	.Linfo_string12                 @ DW_AT_name
	.byte	9                               @ DW_AT_const_value
	.byte	3                               @ Abbrev [3] 0x68:0x6 DW_TAG_enumerator
	.long	.Linfo_string13                 @ DW_AT_name
	.byte	10                              @ DW_AT_const_value
	.byte	3                               @ Abbrev [3] 0x6e:0x6 DW_TAG_enumerator
	.long	.Linfo_string14                 @ DW_AT_name
	.byte	11                              @ DW_AT_const_value
	.byte	3                               @ Abbrev [3] 0x74:0x6 DW_TAG_enumerator
	.long	.Linfo_string15                 @ DW_AT_name
	.byte	12                              @ DW_AT_const_value
	.byte	3                               @ Abbrev [3] 0x7a:0x6 DW_TAG_enumerator
	.long	.Linfo_string16                 @ DW_AT_name
	.byte	13                              @ DW_AT_const_value
	.byte	3                               @ Abbrev [3] 0x80:0x6 DW_TAG_enumerator
	.long	.Linfo_string17                 @ DW_AT_name
	.byte	14                              @ DW_AT_const_value
	.byte	0                               @ End Of Children Mark
	.byte	4                               @ Abbrev [4] 0x87:0x7 DW_TAG_base_type
	.long	.Linfo_string3                  @ DW_AT_name
	.byte	8                               @ DW_AT_encoding
	.byte	1                               @ DW_AT_byte_size
	.byte	2                               @ Abbrev [2] 0x8e:0x1f DW_TAG_enumeration_type
	.long	173                             @ DW_AT_type
	.long	.Linfo_string23                 @ DW_AT_name
	.byte	1                               @ DW_AT_byte_size
	.byte	1                               @ DW_AT_decl_file
	.byte	36                              @ DW_AT_decl_line
	.byte	5                               @ Abbrev [5] 0x9a:0x6 DW_TAG_enumerator
	.long	.Linfo_string20                 @ DW_AT_name
	.byte	126                             @ DW_AT_const_value
	.byte	5                               @ Abbrev [5] 0xa0:0x6 DW_TAG_enumerator
	.long	.Linfo_string21                 @ DW_AT_name
	.byte	127                             @ DW_AT_const_value
	.byte	5                               @ Abbrev [5] 0xa6:0x6 DW_TAG_enumerator
	.long	.Linfo_string22                 @ DW_AT_name
	.byte	0                               @ DW_AT_const_value
	.byte	0                               @ End Of Children Mark
	.byte	4                               @ Abbrev [4] 0xad:0x7 DW_TAG_base_type
	.long	.Linfo_string19                 @ DW_AT_name
	.byte	6                               @ DW_AT_encoding
	.byte	1                               @ DW_AT_byte_size
	.byte	4                               @ Abbrev [4] 0xb4:0x7 DW_TAG_base_type
	.long	.Linfo_string24                 @ DW_AT_name
	.byte	5                               @ DW_AT_encoding
	.byte	4                               @ DW_AT_byte_size
	.byte	6                               @ Abbrev [6] 0xbb:0x42 DW_TAG_subprogram
	.long	.Lfunc_begin0                   @ DW_AT_low_pc
	.long	.Lfunc_end0                     @ DW_AT_high_pc
	.byte	1                               @ DW_AT_frame_base
	.byte	93
	.long	.Linfo_string25                 @ DW_AT_name
	.byte	2                               @ DW_AT_decl_file
	.byte	30                              @ DW_AT_decl_line
	.byte	1                               @ DW_AT_prototyped
	.long	180                             @ DW_AT_type
	.byte	1                               @ DW_AT_external
	.byte	7                               @ Abbrev [7] 0xd2:0xe DW_TAG_formal_parameter
	.byte	2                               @ DW_AT_location
	.byte	145
	.byte	28
	.long	.Linfo_string28                 @ DW_AT_name
	.byte	2                               @ DW_AT_decl_file
	.byte	30                              @ DW_AT_decl_line
	.long	589                             @ DW_AT_type
	.byte	7                               @ Abbrev [7] 0xe0:0xe DW_TAG_formal_parameter
	.byte	2                               @ DW_AT_location
	.byte	145
	.byte	24
	.long	.Linfo_string36                 @ DW_AT_name
	.byte	2                               @ DW_AT_decl_file
	.byte	30                              @ DW_AT_decl_line
	.long	180                             @ DW_AT_type
	.byte	8                               @ Abbrev [8] 0xee:0xe DW_TAG_variable
	.byte	2                               @ DW_AT_location
	.byte	145
	.byte	20
	.long	.Linfo_string37                 @ DW_AT_name
	.byte	2                               @ DW_AT_decl_file
	.byte	32                              @ DW_AT_decl_line
	.long	180                             @ DW_AT_type
	.byte	0                               @ End Of Children Mark
	.byte	6                               @ Abbrev [6] 0xfd:0xbd DW_TAG_subprogram
	.long	.Lfunc_begin1                   @ DW_AT_low_pc
	.long	.Lfunc_end1                     @ DW_AT_high_pc
	.byte	1                               @ DW_AT_frame_base
	.byte	93
	.long	.Linfo_string26                 @ DW_AT_name
	.byte	2                               @ DW_AT_decl_file
	.byte	51                              @ DW_AT_decl_line
	.byte	1                               @ DW_AT_prototyped
	.long	180                             @ DW_AT_type
	.byte	1                               @ DW_AT_external
	.byte	7                               @ Abbrev [7] 0x114:0xe DW_TAG_formal_parameter
	.byte	2                               @ DW_AT_location
	.byte	145
	.byte	52
	.long	.Linfo_string33                 @ DW_AT_name
	.byte	2                               @ DW_AT_decl_file
	.byte	51                              @ DW_AT_decl_line
	.long	686                             @ DW_AT_type
	.byte	7                               @ Abbrev [7] 0x122:0xe DW_TAG_formal_parameter
	.byte	2                               @ DW_AT_location
	.byte	145
	.byte	48
	.long	.Linfo_string56                 @ DW_AT_name
	.byte	2                               @ DW_AT_decl_file
	.byte	51                              @ DW_AT_decl_line
	.long	941                             @ DW_AT_type
	.byte	7                               @ Abbrev [7] 0x130:0xe DW_TAG_formal_parameter
	.byte	2                               @ DW_AT_location
	.byte	145
	.byte	44
	.long	.Linfo_string32                 @ DW_AT_name
	.byte	2                               @ DW_AT_decl_file
	.byte	51                              @ DW_AT_decl_line
	.long	180                             @ DW_AT_type
	.byte	8                               @ Abbrev [8] 0x13e:0xe DW_TAG_variable
	.byte	2                               @ DW_AT_location
	.byte	145
	.byte	40
	.long	.Linfo_string57                 @ DW_AT_name
	.byte	2                               @ DW_AT_decl_file
	.byte	53                              @ DW_AT_decl_line
	.long	946                             @ DW_AT_type
	.byte	8                               @ Abbrev [8] 0x14c:0xe DW_TAG_variable
	.byte	2                               @ DW_AT_location
	.byte	145
	.byte	36
	.long	.Linfo_string65                 @ DW_AT_name
	.byte	2                               @ DW_AT_decl_file
	.byte	54                              @ DW_AT_decl_line
	.long	1058                            @ DW_AT_type
	.byte	8                               @ Abbrev [8] 0x15a:0xe DW_TAG_variable
	.byte	2                               @ DW_AT_location
	.byte	145
	.byte	32
	.long	.Linfo_string70                 @ DW_AT_name
	.byte	2                               @ DW_AT_decl_file
	.byte	55                              @ DW_AT_decl_line
	.long	941                             @ DW_AT_type
	.byte	8                               @ Abbrev [8] 0x168:0xe DW_TAG_variable
	.byte	2                               @ DW_AT_location
	.byte	145
	.byte	28
	.long	.Linfo_string71                 @ DW_AT_name
	.byte	2                               @ DW_AT_decl_file
	.byte	56                              @ DW_AT_decl_line
	.long	941                             @ DW_AT_type
	.byte	8                               @ Abbrev [8] 0x176:0xe DW_TAG_variable
	.byte	2                               @ DW_AT_location
	.byte	145
	.byte	24
	.long	.Linfo_string37                 @ DW_AT_name
	.byte	2                               @ DW_AT_decl_file
	.byte	57                              @ DW_AT_decl_line
	.long	180                             @ DW_AT_type
	.byte	8                               @ Abbrev [8] 0x184:0xe DW_TAG_variable
	.byte	2                               @ DW_AT_location
	.byte	145
	.byte	12
	.long	.Linfo_string72                 @ DW_AT_name
	.byte	2                               @ DW_AT_decl_file
	.byte	58                              @ DW_AT_decl_line
	.long	594                             @ DW_AT_type
	.byte	8                               @ Abbrev [8] 0x192:0xe DW_TAG_variable
	.byte	2                               @ DW_AT_location
	.byte	145
	.byte	8
	.long	.Linfo_string36                 @ DW_AT_name
	.byte	2                               @ DW_AT_decl_file
	.byte	59                              @ DW_AT_decl_line
	.long	180                             @ DW_AT_type
	.byte	8                               @ Abbrev [8] 0x1a0:0xe DW_TAG_variable
	.byte	2                               @ DW_AT_location
	.byte	145
	.byte	4
	.long	.Linfo_string73                 @ DW_AT_name
	.byte	2                               @ DW_AT_decl_file
	.byte	60                              @ DW_AT_decl_line
	.long	180                             @ DW_AT_type
	.byte	9                               @ Abbrev [9] 0x1ae:0xb DW_TAG_label
	.long	.Linfo_string74                 @ DW_AT_name
	.byte	2                               @ DW_AT_decl_file
	.byte	105                             @ DW_AT_decl_line
	.long	.Ltmp46                         @ DW_AT_low_pc
	.byte	0                               @ End Of Children Mark
	.byte	6                               @ Abbrev [6] 0x1ba:0x93 DW_TAG_subprogram
	.long	.Lfunc_begin2                   @ DW_AT_low_pc
	.long	.Lfunc_end2                     @ DW_AT_high_pc
	.byte	1                               @ DW_AT_frame_base
	.byte	93
	.long	.Linfo_string27                 @ DW_AT_name
	.byte	2                               @ DW_AT_decl_file
	.byte	119                             @ DW_AT_decl_line
	.byte	1                               @ DW_AT_prototyped
	.long	180                             @ DW_AT_type
	.byte	1                               @ DW_AT_external
	.byte	7                               @ Abbrev [7] 0x1d1:0xe DW_TAG_formal_parameter
	.byte	2                               @ DW_AT_location
	.byte	145
	.byte	36
	.long	.Linfo_string56                 @ DW_AT_name
	.byte	2                               @ DW_AT_decl_file
	.byte	119                             @ DW_AT_decl_line
	.long	941                             @ DW_AT_type
	.byte	7                               @ Abbrev [7] 0x1df:0xe DW_TAG_formal_parameter
	.byte	2                               @ DW_AT_location
	.byte	145
	.byte	32
	.long	.Linfo_string75                 @ DW_AT_name
	.byte	2                               @ DW_AT_decl_file
	.byte	119                             @ DW_AT_decl_line
	.long	180                             @ DW_AT_type
	.byte	7                               @ Abbrev [7] 0x1ed:0xe DW_TAG_formal_parameter
	.byte	2                               @ DW_AT_location
	.byte	145
	.byte	31
	.long	.Linfo_string76                 @ DW_AT_name
	.byte	2                               @ DW_AT_decl_file
	.byte	119                             @ DW_AT_decl_line
	.long	135                             @ DW_AT_type
	.byte	7                               @ Abbrev [7] 0x1fb:0xe DW_TAG_formal_parameter
	.byte	2                               @ DW_AT_location
	.byte	145
	.byte	30
	.long	.Linfo_string77                 @ DW_AT_name
	.byte	2                               @ DW_AT_decl_file
	.byte	119                             @ DW_AT_decl_line
	.long	135                             @ DW_AT_type
	.byte	8                               @ Abbrev [8] 0x209:0xe DW_TAG_variable
	.byte	2                               @ DW_AT_location
	.byte	145
	.byte	24
	.long	.Linfo_string57                 @ DW_AT_name
	.byte	2                               @ DW_AT_decl_file
	.byte	121                             @ DW_AT_decl_line
	.long	946                             @ DW_AT_type
	.byte	8                               @ Abbrev [8] 0x217:0xe DW_TAG_variable
	.byte	2                               @ DW_AT_location
	.byte	145
	.byte	20
	.long	.Linfo_string37                 @ DW_AT_name
	.byte	2                               @ DW_AT_decl_file
	.byte	122                             @ DW_AT_decl_line
	.long	180                             @ DW_AT_type
	.byte	8                               @ Abbrev [8] 0x225:0xe DW_TAG_variable
	.byte	2                               @ DW_AT_location
	.byte	145
	.byte	16
	.long	.Linfo_string78                 @ DW_AT_name
	.byte	2                               @ DW_AT_decl_file
	.byte	123                             @ DW_AT_decl_line
	.long	941                             @ DW_AT_type
	.byte	8                               @ Abbrev [8] 0x233:0xe DW_TAG_variable
	.byte	2                               @ DW_AT_location
	.byte	145
	.byte	12
	.long	.Linfo_string65                 @ DW_AT_name
	.byte	2                               @ DW_AT_decl_file
	.byte	124                             @ DW_AT_decl_line
	.long	1193                            @ DW_AT_type
	.byte	9                               @ Abbrev [9] 0x241:0xb DW_TAG_label
	.long	.Linfo_string74                 @ DW_AT_name
	.byte	2                               @ DW_AT_decl_file
	.byte	144                             @ DW_AT_decl_line
	.long	.Ltmp53                         @ DW_AT_low_pc
	.byte	0                               @ End Of Children Mark
	.byte	10                              @ Abbrev [10] 0x24d:0x5 DW_TAG_pointer_type
	.long	594                             @ DW_AT_type
	.byte	11                              @ Abbrev [11] 0x252:0xb DW_TAG_typedef
	.long	605                             @ DW_AT_type
	.long	.Linfo_string35                 @ DW_AT_name
	.byte	1                               @ DW_AT_decl_file
	.byte	85                              @ DW_AT_decl_line
	.byte	12                              @ Abbrev [12] 0x25d:0x1d DW_TAG_structure_type
	.byte	12                              @ DW_AT_byte_size
	.byte	1                               @ DW_AT_decl_file
	.byte	81                              @ DW_AT_decl_line
	.byte	13                              @ Abbrev [13] 0x261:0xc DW_TAG_member
	.long	.Linfo_string29                 @ DW_AT_name
	.long	634                             @ DW_AT_type
	.byte	1                               @ DW_AT_decl_file
	.byte	83                              @ DW_AT_decl_line
	.byte	0                               @ DW_AT_data_member_location
	.byte	13                              @ Abbrev [13] 0x26d:0xc DW_TAG_member
	.long	.Linfo_string31                 @ DW_AT_name
	.long	646                             @ DW_AT_type
	.byte	1                               @ DW_AT_decl_file
	.byte	84                              @ DW_AT_decl_line
	.byte	4                               @ DW_AT_data_member_location
	.byte	0                               @ End Of Children Mark
	.byte	10                              @ Abbrev [10] 0x27a:0x5 DW_TAG_pointer_type
	.long	639                             @ DW_AT_type
	.byte	4                               @ Abbrev [4] 0x27f:0x7 DW_TAG_base_type
	.long	.Linfo_string30                 @ DW_AT_name
	.byte	6                               @ DW_AT_encoding
	.byte	1                               @ DW_AT_byte_size
	.byte	11                              @ Abbrev [11] 0x286:0xb DW_TAG_typedef
	.long	657                             @ DW_AT_type
	.long	.Linfo_string34                 @ DW_AT_name
	.byte	1                               @ DW_AT_decl_file
	.byte	79                              @ DW_AT_decl_line
	.byte	12                              @ Abbrev [12] 0x291:0x1d DW_TAG_structure_type
	.byte	8                               @ DW_AT_byte_size
	.byte	1                               @ DW_AT_decl_file
	.byte	75                              @ DW_AT_decl_line
	.byte	13                              @ Abbrev [13] 0x295:0xc DW_TAG_member
	.long	.Linfo_string32                 @ DW_AT_name
	.long	180                             @ DW_AT_type
	.byte	1                               @ DW_AT_decl_file
	.byte	77                              @ DW_AT_decl_line
	.byte	0                               @ DW_AT_data_member_location
	.byte	13                              @ Abbrev [13] 0x2a1:0xc DW_TAG_member
	.long	.Linfo_string33                 @ DW_AT_name
	.long	634                             @ DW_AT_type
	.byte	1                               @ DW_AT_decl_file
	.byte	78                              @ DW_AT_decl_line
	.byte	4                               @ DW_AT_data_member_location
	.byte	0                               @ End Of Children Mark
	.byte	10                              @ Abbrev [10] 0x2ae:0x5 DW_TAG_pointer_type
	.long	691                             @ DW_AT_type
	.byte	11                              @ Abbrev [11] 0x2b3:0xb DW_TAG_typedef
	.long	702                             @ DW_AT_type
	.long	.Linfo_string55                 @ DW_AT_name
	.byte	3                               @ DW_AT_decl_file
	.byte	116                             @ DW_AT_decl_line
	.byte	12                              @ Abbrev [12] 0x2be:0x7d DW_TAG_structure_type
	.byte	88                              @ DW_AT_byte_size
	.byte	3                               @ DW_AT_decl_file
	.byte	100                             @ DW_AT_decl_line
	.byte	13                              @ Abbrev [13] 0x2c2:0xc DW_TAG_member
	.long	.Linfo_string38                 @ DW_AT_name
	.long	827                             @ DW_AT_type
	.byte	3                               @ DW_AT_decl_file
	.byte	103                             @ DW_AT_decl_line
	.byte	0                               @ DW_AT_data_member_location
	.byte	13                              @ Abbrev [13] 0x2ce:0xc DW_TAG_member
	.long	.Linfo_string40                 @ DW_AT_name
	.long	180                             @ DW_AT_type
	.byte	3                               @ DW_AT_decl_file
	.byte	105                             @ DW_AT_decl_line
	.byte	4                               @ DW_AT_data_member_location
	.byte	13                              @ Abbrev [13] 0x2da:0xc DW_TAG_member
	.long	.Linfo_string41                 @ DW_AT_name
	.long	135                             @ DW_AT_type
	.byte	3                               @ DW_AT_decl_file
	.byte	108                             @ DW_AT_decl_line
	.byte	8                               @ DW_AT_data_member_location
	.byte	13                              @ Abbrev [13] 0x2e6:0xc DW_TAG_member
	.long	.Linfo_string42                 @ DW_AT_name
	.long	594                             @ DW_AT_type
	.byte	3                               @ DW_AT_decl_file
	.byte	109                             @ DW_AT_decl_line
	.byte	12                              @ DW_AT_data_member_location
	.byte	13                              @ Abbrev [13] 0x2f2:0xc DW_TAG_member
	.long	.Linfo_string43                 @ DW_AT_name
	.long	846                             @ DW_AT_type
	.byte	3                               @ DW_AT_decl_file
	.byte	110                             @ DW_AT_decl_line
	.byte	24                              @ DW_AT_data_member_location
	.byte	13                              @ Abbrev [13] 0x2fe:0xc DW_TAG_member
	.long	.Linfo_string45                 @ DW_AT_name
	.long	135                             @ DW_AT_type
	.byte	3                               @ DW_AT_decl_file
	.byte	111                             @ DW_AT_decl_line
	.byte	26                              @ DW_AT_data_member_location
	.byte	13                              @ Abbrev [13] 0x30a:0xc DW_TAG_member
	.long	.Linfo_string46                 @ DW_AT_name
	.long	135                             @ DW_AT_type
	.byte	3                               @ DW_AT_decl_file
	.byte	112                             @ DW_AT_decl_line
	.byte	27                              @ DW_AT_data_member_location
	.byte	13                              @ Abbrev [13] 0x316:0xc DW_TAG_member
	.long	.Linfo_string47                 @ DW_AT_name
	.long	853                             @ DW_AT_type
	.byte	3                               @ DW_AT_decl_file
	.byte	113                             @ DW_AT_decl_line
	.byte	28                              @ DW_AT_data_member_location
	.byte	13                              @ Abbrev [13] 0x322:0xc DW_TAG_member
	.long	.Linfo_string53                 @ DW_AT_name
	.long	594                             @ DW_AT_type
	.byte	3                               @ DW_AT_decl_file
	.byte	114                             @ DW_AT_decl_line
	.byte	64                              @ DW_AT_data_member_location
	.byte	13                              @ Abbrev [13] 0x32e:0xc DW_TAG_member
	.long	.Linfo_string54                 @ DW_AT_name
	.long	594                             @ DW_AT_type
	.byte	3                               @ DW_AT_decl_file
	.byte	115                             @ DW_AT_decl_line
	.byte	76                              @ DW_AT_data_member_location
	.byte	0                               @ End Of Children Mark
	.byte	14                              @ Abbrev [14] 0x33b:0xc DW_TAG_array_type
	.long	639                             @ DW_AT_type
	.byte	15                              @ Abbrev [15] 0x340:0x6 DW_TAG_subrange_type
	.long	839                             @ DW_AT_type
	.byte	4                               @ DW_AT_count
	.byte	0                               @ End Of Children Mark
	.byte	16                              @ Abbrev [16] 0x347:0x7 DW_TAG_base_type
	.long	.Linfo_string39                 @ DW_AT_name
	.byte	8                               @ DW_AT_byte_size
	.byte	7                               @ DW_AT_encoding
	.byte	4                               @ Abbrev [4] 0x34e:0x7 DW_TAG_base_type
	.long	.Linfo_string44                 @ DW_AT_name
	.byte	7                               @ DW_AT_encoding
	.byte	2                               @ DW_AT_byte_size
	.byte	11                              @ Abbrev [11] 0x355:0xb DW_TAG_typedef
	.long	864                             @ DW_AT_type
	.long	.Linfo_string52                 @ DW_AT_name
	.byte	3                               @ DW_AT_decl_file
	.byte	94                              @ DW_AT_decl_line
	.byte	12                              @ Abbrev [12] 0x360:0x4d DW_TAG_structure_type
	.byte	36                              @ DW_AT_byte_size
	.byte	3                               @ DW_AT_decl_file
	.byte	75                              @ DW_AT_decl_line
	.byte	13                              @ Abbrev [13] 0x364:0xc DW_TAG_member
	.long	.Linfo_string38                 @ DW_AT_name
	.long	827                             @ DW_AT_type
	.byte	3                               @ DW_AT_decl_file
	.byte	78                              @ DW_AT_decl_line
	.byte	0                               @ DW_AT_data_member_location
	.byte	13                              @ Abbrev [13] 0x370:0xc DW_TAG_member
	.long	.Linfo_string40                 @ DW_AT_name
	.long	180                             @ DW_AT_type
	.byte	3                               @ DW_AT_decl_file
	.byte	80                              @ DW_AT_decl_line
	.byte	4                               @ DW_AT_data_member_location
	.byte	13                              @ Abbrev [13] 0x37c:0xc DW_TAG_member
	.long	.Linfo_string48                 @ DW_AT_name
	.long	594                             @ DW_AT_type
	.byte	3                               @ DW_AT_decl_file
	.byte	82                              @ DW_AT_decl_line
	.byte	8                               @ DW_AT_data_member_location
	.byte	13                              @ Abbrev [13] 0x388:0xc DW_TAG_member
	.long	.Linfo_string49                 @ DW_AT_name
	.long	594                             @ DW_AT_type
	.byte	3                               @ DW_AT_decl_file
	.byte	84                              @ DW_AT_decl_line
	.byte	20                              @ DW_AT_data_member_location
	.byte	13                              @ Abbrev [13] 0x394:0xc DW_TAG_member
	.long	.Linfo_string50                 @ DW_AT_name
	.long	135                             @ DW_AT_type
	.byte	3                               @ DW_AT_decl_file
	.byte	88                              @ DW_AT_decl_line
	.byte	32                              @ DW_AT_data_member_location
	.byte	13                              @ Abbrev [13] 0x3a0:0xc DW_TAG_member
	.long	.Linfo_string51                 @ DW_AT_name
	.long	639                             @ DW_AT_type
	.byte	3                               @ DW_AT_decl_file
	.byte	93                              @ DW_AT_decl_line
	.byte	33                              @ DW_AT_data_member_location
	.byte	0                               @ End Of Children Mark
	.byte	10                              @ Abbrev [10] 0x3ad:0x5 DW_TAG_pointer_type
	.long	135                             @ DW_AT_type
	.byte	11                              @ Abbrev [11] 0x3b2:0xb DW_TAG_typedef
	.long	957                             @ DW_AT_type
	.long	.Linfo_string64                 @ DW_AT_name
	.byte	1                               @ DW_AT_decl_file
	.byte	73                              @ DW_AT_decl_line
	.byte	17                              @ Abbrev [17] 0x3bd:0x5e DW_TAG_union_type
	.byte	4                               @ DW_AT_byte_size
	.byte	1                               @ DW_AT_decl_file
	.byte	53                              @ DW_AT_decl_line
	.byte	13                              @ Abbrev [13] 0x3c1:0xc DW_TAG_member
	.long	.Linfo_string58                 @ DW_AT_name
	.long	135                             @ DW_AT_type
	.byte	1                               @ DW_AT_decl_file
	.byte	55                              @ DW_AT_decl_line
	.byte	0                               @ DW_AT_data_member_location
	.byte	13                              @ Abbrev [13] 0x3cd:0xc DW_TAG_member
	.long	.Linfo_string59                 @ DW_AT_name
	.long	985                             @ DW_AT_type
	.byte	1                               @ DW_AT_decl_file
	.byte	71                              @ DW_AT_decl_line
	.byte	0                               @ DW_AT_data_member_location
	.byte	12                              @ Abbrev [12] 0x3d9:0x41 DW_TAG_structure_type
	.byte	4                               @ DW_AT_byte_size
	.byte	1                               @ DW_AT_decl_file
	.byte	65                              @ DW_AT_decl_line
	.byte	18                              @ Abbrev [18] 0x3dd:0xf DW_TAG_member
	.long	.Linfo_string60                 @ DW_AT_name
	.long	1051                            @ DW_AT_type
	.byte	1                               @ DW_AT_decl_file
	.byte	67                              @ DW_AT_decl_line
	.byte	4                               @ DW_AT_byte_size
	.byte	1                               @ DW_AT_bit_size
	.byte	31                              @ DW_AT_bit_offset
	.byte	0                               @ DW_AT_data_member_location
	.byte	18                              @ Abbrev [18] 0x3ec:0xf DW_TAG_member
	.long	.Linfo_string51                 @ DW_AT_name
	.long	1051                            @ DW_AT_type
	.byte	1                               @ DW_AT_decl_file
	.byte	68                              @ DW_AT_decl_line
	.byte	4                               @ DW_AT_byte_size
	.byte	2                               @ DW_AT_bit_size
	.byte	29                              @ DW_AT_bit_offset
	.byte	0                               @ DW_AT_data_member_location
	.byte	18                              @ Abbrev [18] 0x3fb:0xf DW_TAG_member
	.long	.Linfo_string62                 @ DW_AT_name
	.long	1051                            @ DW_AT_type
	.byte	1                               @ DW_AT_decl_file
	.byte	69                              @ DW_AT_decl_line
	.byte	4                               @ DW_AT_byte_size
	.byte	1                               @ DW_AT_bit_size
	.byte	28                              @ DW_AT_bit_offset
	.byte	0                               @ DW_AT_data_member_location
	.byte	18                              @ Abbrev [18] 0x40a:0xf DW_TAG_member
	.long	.Linfo_string63                 @ DW_AT_name
	.long	1051                            @ DW_AT_type
	.byte	1                               @ DW_AT_decl_file
	.byte	70                              @ DW_AT_decl_line
	.byte	4                               @ DW_AT_byte_size
	.byte	4                               @ DW_AT_bit_size
	.byte	24                              @ DW_AT_bit_offset
	.byte	0                               @ DW_AT_data_member_location
	.byte	0                               @ End Of Children Mark
	.byte	0                               @ End Of Children Mark
	.byte	4                               @ Abbrev [4] 0x41b:0x7 DW_TAG_base_type
	.long	.Linfo_string61                 @ DW_AT_name
	.byte	7                               @ DW_AT_encoding
	.byte	4                               @ DW_AT_byte_size
	.byte	11                              @ Abbrev [11] 0x422:0xb DW_TAG_typedef
	.long	1069                            @ DW_AT_type
	.long	.Linfo_string69                 @ DW_AT_name
	.byte	3                               @ DW_AT_decl_file
	.byte	67                              @ DW_AT_decl_line
	.byte	17                              @ Abbrev [17] 0x42d:0x7c DW_TAG_union_type
	.byte	4                               @ DW_AT_byte_size
	.byte	3                               @ DW_AT_decl_file
	.byte	41                              @ DW_AT_decl_line
	.byte	13                              @ Abbrev [13] 0x431:0xc DW_TAG_member
	.long	.Linfo_string66                 @ DW_AT_name
	.long	135                             @ DW_AT_type
	.byte	3                               @ DW_AT_decl_file
	.byte	43                              @ DW_AT_decl_line
	.byte	0                               @ DW_AT_data_member_location
	.byte	13                              @ Abbrev [13] 0x43d:0xc DW_TAG_member
	.long	.Linfo_string59                 @ DW_AT_name
	.long	1097                            @ DW_AT_type
	.byte	3                               @ DW_AT_decl_file
	.byte	65                              @ DW_AT_decl_line
	.byte	0                               @ DW_AT_data_member_location
	.byte	12                              @ Abbrev [12] 0x449:0x5f DW_TAG_structure_type
	.byte	4                               @ DW_AT_byte_size
	.byte	3                               @ DW_AT_decl_file
	.byte	56                              @ DW_AT_decl_line
	.byte	18                              @ Abbrev [18] 0x44d:0xf DW_TAG_member
	.long	.Linfo_string45                 @ DW_AT_name
	.long	1051                            @ DW_AT_type
	.byte	3                               @ DW_AT_decl_file
	.byte	59                              @ DW_AT_decl_line
	.byte	4                               @ DW_AT_byte_size
	.byte	1                               @ DW_AT_bit_size
	.byte	30                              @ DW_AT_bit_offset
	.byte	0                               @ DW_AT_data_member_location
	.byte	18                              @ Abbrev [18] 0x45c:0xf DW_TAG_member
	.long	.Linfo_string47                 @ DW_AT_name
	.long	1051                            @ DW_AT_type
	.byte	3                               @ DW_AT_decl_file
	.byte	60                              @ DW_AT_decl_line
	.byte	4                               @ DW_AT_byte_size
	.byte	1                               @ DW_AT_bit_size
	.byte	29                              @ DW_AT_bit_offset
	.byte	0                               @ DW_AT_data_member_location
	.byte	18                              @ Abbrev [18] 0x46b:0xf DW_TAG_member
	.long	.Linfo_string67                 @ DW_AT_name
	.long	1051                            @ DW_AT_type
	.byte	3                               @ DW_AT_decl_file
	.byte	61                              @ DW_AT_decl_line
	.byte	4                               @ DW_AT_byte_size
	.byte	2                               @ DW_AT_bit_size
	.byte	27                              @ DW_AT_bit_offset
	.byte	0                               @ DW_AT_data_member_location
	.byte	18                              @ Abbrev [18] 0x47a:0xf DW_TAG_member
	.long	.Linfo_string68                 @ DW_AT_name
	.long	1051                            @ DW_AT_type
	.byte	3                               @ DW_AT_decl_file
	.byte	62                              @ DW_AT_decl_line
	.byte	4                               @ DW_AT_byte_size
	.byte	1                               @ DW_AT_bit_size
	.byte	26                              @ DW_AT_bit_offset
	.byte	0                               @ DW_AT_data_member_location
	.byte	18                              @ Abbrev [18] 0x489:0xf DW_TAG_member
	.long	.Linfo_string54                 @ DW_AT_name
	.long	1051                            @ DW_AT_type
	.byte	3                               @ DW_AT_decl_file
	.byte	63                              @ DW_AT_decl_line
	.byte	4                               @ DW_AT_byte_size
	.byte	1                               @ DW_AT_bit_size
	.byte	25                              @ DW_AT_bit_offset
	.byte	0                               @ DW_AT_data_member_location
	.byte	18                              @ Abbrev [18] 0x498:0xf DW_TAG_member
	.long	.Linfo_string53                 @ DW_AT_name
	.long	1051                            @ DW_AT_type
	.byte	3                               @ DW_AT_decl_file
	.byte	64                              @ DW_AT_decl_line
	.byte	4                               @ DW_AT_byte_size
	.byte	1                               @ DW_AT_bit_size
	.byte	24                              @ DW_AT_bit_offset
	.byte	0                               @ DW_AT_data_member_location
	.byte	0                               @ End Of Children Mark
	.byte	0                               @ End Of Children Mark
	.byte	11                              @ Abbrev [11] 0x4a9:0xb DW_TAG_typedef
	.long	1204                            @ DW_AT_type
	.long	.Linfo_string81                 @ DW_AT_name
	.byte	3                               @ DW_AT_decl_file
	.byte	134                             @ DW_AT_decl_line
	.byte	17                              @ Abbrev [17] 0x4b4:0x40 DW_TAG_union_type
	.byte	4                               @ DW_AT_byte_size
	.byte	3                               @ DW_AT_decl_file
	.byte	118                             @ DW_AT_decl_line
	.byte	13                              @ Abbrev [13] 0x4b8:0xc DW_TAG_member
	.long	.Linfo_string66                 @ DW_AT_name
	.long	135                             @ DW_AT_type
	.byte	3                               @ DW_AT_decl_file
	.byte	120                             @ DW_AT_decl_line
	.byte	0                               @ DW_AT_data_member_location
	.byte	13                              @ Abbrev [13] 0x4c4:0xc DW_TAG_member
	.long	.Linfo_string59                 @ DW_AT_name
	.long	1232                            @ DW_AT_type
	.byte	3                               @ DW_AT_decl_file
	.byte	132                             @ DW_AT_decl_line
	.byte	0                               @ DW_AT_data_member_location
	.byte	12                              @ Abbrev [12] 0x4d0:0x23 DW_TAG_structure_type
	.byte	4                               @ DW_AT_byte_size
	.byte	3                               @ DW_AT_decl_file
	.byte	128                             @ DW_AT_decl_line
	.byte	18                              @ Abbrev [18] 0x4d4:0xf DW_TAG_member
	.long	.Linfo_string79                 @ DW_AT_name
	.long	1051                            @ DW_AT_type
	.byte	3                               @ DW_AT_decl_file
	.byte	130                             @ DW_AT_decl_line
	.byte	4                               @ DW_AT_byte_size
	.byte	1                               @ DW_AT_bit_size
	.byte	31                              @ DW_AT_bit_offset
	.byte	0                               @ DW_AT_data_member_location
	.byte	18                              @ Abbrev [18] 0x4e3:0xf DW_TAG_member
	.long	.Linfo_string80                 @ DW_AT_name
	.long	1051                            @ DW_AT_type
	.byte	3                               @ DW_AT_decl_file
	.byte	131                             @ DW_AT_decl_line
	.byte	4                               @ DW_AT_byte_size
	.byte	7                               @ DW_AT_bit_size
	.byte	24                              @ DW_AT_bit_offset
	.byte	0                               @ DW_AT_data_member_location
	.byte	0                               @ End Of Children Mark
	.byte	0                               @ End Of Children Mark
	.byte	0                               @ End Of Children Mark
.Ldebug_info_end0:
	.section	.debug_ranges,"",%progbits
.Ldebug_ranges0:
	.long	.Lfunc_begin0
	.long	.Lfunc_end0
	.long	.Lfunc_begin1
	.long	.Lfunc_end1
	.long	.Lfunc_begin2
	.long	.Lfunc_end2
	.long	0
	.long	0
	.section	.debug_str,"MS",%progbits,1
.Linfo_string0:
	.asciz	"Component: ARM Compiler 6.16 Tool: armclang [5dfeb700]" @ string offset=0
.Linfo_string1:
	.asciz	"packages/paho_mqtt/MQTTPacket/src\\MQTTConnectServer.c" @ string offset=55
.Linfo_string2:
	.asciz	"E:\\STM32\\Learning\\STM32H750_ART_PI_RGBLCD" @ string offset=109
.Linfo_string3:
	.asciz	"unsigned char"                 @ string offset=151
.Linfo_string4:
	.asciz	"CONNECT"                       @ string offset=165
.Linfo_string5:
	.asciz	"CONNACK"                       @ string offset=173
.Linfo_string6:
	.asciz	"PUBLISH"                       @ string offset=181
.Linfo_string7:
	.asciz	"PUBACK"                        @ string offset=189
.Linfo_string8:
	.asciz	"PUBREC"                        @ string offset=196
.Linfo_string9:
	.asciz	"PUBREL"                        @ string offset=203
.Linfo_string10:
	.asciz	"PUBCOMP"                       @ string offset=210
.Linfo_string11:
	.asciz	"SUBSCRIBE"                     @ string offset=218
.Linfo_string12:
	.asciz	"SUBACK"                        @ string offset=228
.Linfo_string13:
	.asciz	"UNSUBSCRIBE"                   @ string offset=235
.Linfo_string14:
	.asciz	"UNSUBACK"                      @ string offset=247
.Linfo_string15:
	.asciz	"PINGREQ"                       @ string offset=256
.Linfo_string16:
	.asciz	"PINGRESP"                      @ string offset=264
.Linfo_string17:
	.asciz	"DISCONNECT"                    @ string offset=273
.Linfo_string18:
	.asciz	"msgTypes"                      @ string offset=284
.Linfo_string19:
	.asciz	"signed char"                   @ string offset=293
.Linfo_string20:
	.asciz	"MQTTPACKET_BUFFER_TOO_SHORT"   @ string offset=305
.Linfo_string21:
	.asciz	"MQTTPACKET_READ_ERROR"         @ string offset=333
.Linfo_string22:
	.asciz	"MQTTPACKET_READ_COMPLETE"      @ string offset=355
.Linfo_string23:
	.asciz	"errors"                        @ string offset=380
.Linfo_string24:
	.asciz	"int"                           @ string offset=387
.Linfo_string25:
	.asciz	"MQTTPacket_checkVersion"       @ string offset=391
.Linfo_string26:
	.asciz	"MQTTDeserialize_connect"       @ string offset=415
.Linfo_string27:
	.asciz	"MQTTSerialize_connack"         @ string offset=439
.Linfo_string28:
	.asciz	"protocol"                      @ string offset=461
.Linfo_string29:
	.asciz	"cstring"                       @ string offset=470
.Linfo_string30:
	.asciz	"char"                          @ string offset=478
.Linfo_string31:
	.asciz	"lenstring"                     @ string offset=483
.Linfo_string32:
	.asciz	"len"                           @ string offset=493
.Linfo_string33:
	.asciz	"data"                          @ string offset=497
.Linfo_string34:
	.asciz	"MQTTLenString"                 @ string offset=502
.Linfo_string35:
	.asciz	"MQTTString"                    @ string offset=516
.Linfo_string36:
	.asciz	"version"                       @ string offset=527
.Linfo_string37:
	.asciz	"rc"                            @ string offset=535
.Linfo_string38:
	.asciz	"struct_id"                     @ string offset=538
.Linfo_string39:
	.asciz	"__ARRAY_SIZE_TYPE__"           @ string offset=548
.Linfo_string40:
	.asciz	"struct_version"                @ string offset=568
.Linfo_string41:
	.asciz	"MQTTVersion"                   @ string offset=583
.Linfo_string42:
	.asciz	"clientID"                      @ string offset=595
.Linfo_string43:
	.asciz	"keepAliveInterval"             @ string offset=604
.Linfo_string44:
	.asciz	"unsigned short"                @ string offset=622
.Linfo_string45:
	.asciz	"cleansession"                  @ string offset=637
.Linfo_string46:
	.asciz	"willFlag"                      @ string offset=650
.Linfo_string47:
	.asciz	"will"                          @ string offset=659
.Linfo_string48:
	.asciz	"topicName"                     @ string offset=664
.Linfo_string49:
	.asciz	"message"                       @ string offset=674
.Linfo_string50:
	.asciz	"retained"                      @ string offset=682
.Linfo_string51:
	.asciz	"qos"                           @ string offset=691
.Linfo_string52:
	.asciz	"MQTTPacket_willOptions"        @ string offset=695
.Linfo_string53:
	.asciz	"username"                      @ string offset=718
.Linfo_string54:
	.asciz	"password"                      @ string offset=727
.Linfo_string55:
	.asciz	"MQTTPacket_connectData"        @ string offset=736
.Linfo_string56:
	.asciz	"buf"                           @ string offset=759
.Linfo_string57:
	.asciz	"header"                        @ string offset=763
.Linfo_string58:
	.asciz	"byte"                          @ string offset=770
.Linfo_string59:
	.asciz	"bits"                          @ string offset=775
.Linfo_string60:
	.asciz	"retain"                        @ string offset=780
.Linfo_string61:
	.asciz	"unsigned int"                  @ string offset=787
.Linfo_string62:
	.asciz	"dup"                           @ string offset=800
.Linfo_string63:
	.asciz	"type"                          @ string offset=804
.Linfo_string64:
	.asciz	"MQTTHeader"                    @ string offset=809
.Linfo_string65:
	.asciz	"flags"                         @ string offset=820
.Linfo_string66:
	.asciz	"all"                           @ string offset=826
.Linfo_string67:
	.asciz	"willQoS"                       @ string offset=830
.Linfo_string68:
	.asciz	"willRetain"                    @ string offset=838
.Linfo_string69:
	.asciz	"MQTTConnectFlags"              @ string offset=849
.Linfo_string70:
	.asciz	"curdata"                       @ string offset=866
.Linfo_string71:
	.asciz	"enddata"                       @ string offset=874
.Linfo_string72:
	.asciz	"Protocol"                      @ string offset=882
.Linfo_string73:
	.asciz	"mylen"                         @ string offset=891
.Linfo_string74:
	.asciz	"exit"                          @ string offset=897
.Linfo_string75:
	.asciz	"buflen"                        @ string offset=902
.Linfo_string76:
	.asciz	"connack_rc"                    @ string offset=909
.Linfo_string77:
	.asciz	"sessionPresent"                @ string offset=920
.Linfo_string78:
	.asciz	"ptr"                           @ string offset=935
.Linfo_string79:
	.asciz	"sessionpresent"                @ string offset=939
.Linfo_string80:
	.asciz	"reserved"                      @ string offset=954
.Linfo_string81:
	.asciz	"MQTTConnackFlags"              @ string offset=963
	.ident	"Component: ARM Compiler 6.16 Tool: armclang [5dfeb700]"
	.section	".note.GNU-stack","",%progbits
	.eabi_attribute	30, 6	@ Tag_ABI_optimization_goals
	.ARM_attribute	16, 1	@ Tag_AV_eba
	.section	.debug_line,"",%progbits
.Lline_table_start0:
