	.text
	.syntax unified
	.eabi_attribute	67, "2.09"	@ Tag_conformance
	.cpu	cortex-m7
	.eabi_attribute	6, 13	@ Tag_CPU_arch
	.eabi_attribute	7, 77	@ Tag_CPU_arch_profile
	.eabi_attribute	8, 0	@ Tag_ARM_ISA_use
	.eabi_attribute	9, 2	@ Tag_THUMB_ISA_use
	.fpu	fpv5-d16
	.eabi_attribute	36, 1	@ Tag_FP_HP_extension
	.eabi_attribute	34, 1	@ Tag_CPU_unaligned_access
	.eabi_attribute	17, 1	@ Tag_ABI_PCS_GOT_use
	.eabi_attribute	20, 2	@ Tag_ABI_FP_denormal
	.eabi_attribute	21, 0	@ Tag_ABI_FP_exceptions
	.eabi_attribute	23, 1	@ Tag_ABI_FP_number_model
	.eabi_attribute	24, 1	@ Tag_ABI_align_needed
	.eabi_attribute	25, 1	@ Tag_ABI_align_preserved
	.eabi_attribute	28, 1	@ Tag_ABI_VFP_args
	.eabi_attribute	38, 1	@ Tag_ABI_FP_16bit_format
	.eabi_attribute	18, 2	@ Tag_ABI_PCS_wchar_t
	.eabi_attribute	26, 1	@ Tag_ABI_enum_size
	.eabi_attribute	14, 0	@ Tag_ABI_PCS_R9_use
	.file	"MQTTDeserializePublish.c"
	.file	1 "E:\\STM32\\Learning\\STM32H750_ART_PI_RGBLCD" "./packages/paho_mqtt/MQTTPacket/src/MQTTPacket.h"
	.section	.text.MQTTDeserialize_publish,"ax",%progbits
	.hidden	MQTTDeserialize_publish         @ -- Begin function MQTTDeserialize_publish
	.globl	MQTTDeserialize_publish
	.p2align	3
	.type	MQTTDeserialize_publish,%function
	.code	16                              @ @MQTTDeserialize_publish
	.thumb_func
MQTTDeserialize_publish:
.Lfunc_begin0:
	.file	2 "E:\\STM32\\Learning\\STM32H750_ART_PI_RGBLCD" "packages/paho_mqtt/MQTTPacket/src/MQTTDeserializePublish.c"
	.loc	2 38 0                          @ packages/paho_mqtt/MQTTPacket/src/MQTTDeserializePublish.c:38:0
	.fnstart
	.cfi_sections .debug_frame
	.cfi_startproc
@ %bb.0:
	.save	{r7, lr}
	push	{r7, lr}
	.cfi_def_cfa_offset 8
	.cfi_offset lr, -4
	.cfi_offset r7, -8
	.pad	#40
	sub	sp, #40
	.cfi_def_cfa_offset 48
	ldr.w	r12, [sp, #64]
	ldr.w	r12, [sp, #60]
	ldr.w	r12, [sp, #56]
	ldr.w	r12, [sp, #52]
	ldr.w	r12, [sp, #48]
	str	r0, [sp, #36]
	str	r1, [sp, #32]
	str	r2, [sp, #28]
	str	r3, [sp, #24]
.Ltmp0:
	.loc	2 39 13 prologue_end            @ packages/paho_mqtt/MQTTPacket/src/MQTTDeserializePublish.c:39:13
	movw	r0, :lower16:.L__const.MQTTDeserialize_publish.header
	movt	r0, :upper16:.L__const.MQTTDeserialize_publish.header
	ldr	r0, [r0]
	str	r0, [sp, #20]
	.loc	2 40 27                         @ packages/paho_mqtt/MQTTPacket/src/MQTTDeserializePublish.c:40:27
	ldr	r0, [sp, #60]
	.loc	2 40 17 is_stmt 0               @ packages/paho_mqtt/MQTTPacket/src/MQTTDeserializePublish.c:40:17
	str	r0, [sp, #16]
	movs	r0, #0
	.loc	2 41 17 is_stmt 1               @ packages/paho_mqtt/MQTTPacket/src/MQTTDeserializePublish.c:41:17
	str	r0, [sp, #12]
	.loc	2 42 6                          @ packages/paho_mqtt/MQTTPacket/src/MQTTDeserializePublish.c:42:6
	str	r0, [sp, #8]
	.loc	2 43 6                          @ packages/paho_mqtt/MQTTPacket/src/MQTTDeserializePublish.c:43:6
	str	r0, [sp, #4]
	add	r0, sp, #16
	.loc	2 46 16                         @ packages/paho_mqtt/MQTTPacket/src/MQTTDeserializePublish.c:46:16
	bl	readChar
	.loc	2 46 14 is_stmt 0               @ packages/paho_mqtt/MQTTPacket/src/MQTTDeserializePublish.c:46:14
	strb.w	r0, [sp, #20]
.Ltmp1:
	.loc	2 47 18 is_stmt 1               @ packages/paho_mqtt/MQTTPacket/src/MQTTDeserializePublish.c:47:18
	ldrb.w	r1, [sp, #20]
	movs	r0, #3
.Ltmp2:
	.loc	2 47 6 is_stmt 0                @ packages/paho_mqtt/MQTTPacket/src/MQTTDeserializePublish.c:47:6
	cmp.w	r0, r1, lsr #4
	beq	.LBB0_2
	b	.LBB0_1
.LBB0_1:
.Ltmp3:
	.loc	2 48 3 is_stmt 1                @ packages/paho_mqtt/MQTTPacket/src/MQTTDeserializePublish.c:48:3
	b	.LBB0_8
.Ltmp4:
.LBB0_2:
	.loc	2 49 21                         @ packages/paho_mqtt/MQTTPacket/src/MQTTDeserializePublish.c:49:21
	ldrb.w	r0, [sp, #20]
	ubfx	r0, r0, #3, #1
	.loc	2 49 3 is_stmt 0                @ packages/paho_mqtt/MQTTPacket/src/MQTTDeserializePublish.c:49:3
	ldr	r1, [sp, #36]
	.loc	2 49 7                          @ packages/paho_mqtt/MQTTPacket/src/MQTTDeserializePublish.c:49:7
	strb	r0, [r1]
	.loc	2 50 21 is_stmt 1               @ packages/paho_mqtt/MQTTPacket/src/MQTTDeserializePublish.c:50:21
	ldrb.w	r0, [sp, #20]
	ubfx	r0, r0, #1, #2
	.loc	2 50 3 is_stmt 0                @ packages/paho_mqtt/MQTTPacket/src/MQTTDeserializePublish.c:50:3
	ldr	r1, [sp, #32]
	.loc	2 50 7                          @ packages/paho_mqtt/MQTTPacket/src/MQTTDeserializePublish.c:50:7
	str	r0, [r1]
	.loc	2 51 26 is_stmt 1               @ packages/paho_mqtt/MQTTPacket/src/MQTTDeserializePublish.c:51:26
	ldrb.w	r0, [sp, #20]
	and	r0, r0, #1
	.loc	2 51 3 is_stmt 0                @ packages/paho_mqtt/MQTTPacket/src/MQTTDeserializePublish.c:51:3
	ldr	r1, [sp, #28]
	.loc	2 51 12                         @ packages/paho_mqtt/MQTTPacket/src/MQTTDeserializePublish.c:51:12
	strb	r0, [r1]
	.loc	2 53 40 is_stmt 1               @ packages/paho_mqtt/MQTTPacket/src/MQTTDeserializePublish.c:53:40
	ldr	r0, [sp, #16]
	add	r1, sp, #4
	.loc	2 53 19 is_stmt 0               @ packages/paho_mqtt/MQTTPacket/src/MQTTDeserializePublish.c:53:19
	bl	MQTTPacket_decodeBuf
	mov	r1, r0
	.loc	2 53 17                         @ packages/paho_mqtt/MQTTPacket/src/MQTTDeserializePublish.c:53:17
	str	r1, [sp, #8]
	.loc	2 53 10                         @ packages/paho_mqtt/MQTTPacket/src/MQTTDeserializePublish.c:53:10
	ldr	r0, [sp, #16]
	add	r0, r1
	str	r0, [sp, #16]
	.loc	2 54 12 is_stmt 1               @ packages/paho_mqtt/MQTTPacket/src/MQTTDeserializePublish.c:54:12
	ldr	r0, [sp, #16]
	.loc	2 54 22 is_stmt 0               @ packages/paho_mqtt/MQTTPacket/src/MQTTDeserializePublish.c:54:22
	ldr	r1, [sp, #4]
	.loc	2 54 20                         @ packages/paho_mqtt/MQTTPacket/src/MQTTDeserializePublish.c:54:20
	add	r0, r1
	.loc	2 54 10                         @ packages/paho_mqtt/MQTTPacket/src/MQTTDeserializePublish.c:54:10
	str	r0, [sp, #12]
.Ltmp5:
	.loc	2 56 25 is_stmt 1               @ packages/paho_mqtt/MQTTPacket/src/MQTTDeserializePublish.c:56:25
	ldr	r0, [sp, #48]
	.loc	2 56 46 is_stmt 0               @ packages/paho_mqtt/MQTTPacket/src/MQTTDeserializePublish.c:56:46
	ldr	r2, [sp, #12]
	add	r1, sp, #16
	.loc	2 56 7                          @ packages/paho_mqtt/MQTTPacket/src/MQTTDeserializePublish.c:56:7
	bl	readMQTTLenString
	.loc	2 56 55                         @ packages/paho_mqtt/MQTTPacket/src/MQTTDeserializePublish.c:56:55
	cbz	r0, .LBB0_4
	b	.LBB0_3
.LBB0_3:
	.loc	2 57 3 is_stmt 1                @ packages/paho_mqtt/MQTTPacket/src/MQTTDeserializePublish.c:57:3
	ldr	r0, [sp, #12]
	.loc	2 57 13 is_stmt 0               @ packages/paho_mqtt/MQTTPacket/src/MQTTDeserializePublish.c:57:13
	ldr	r1, [sp, #16]
	.loc	2 57 11                         @ packages/paho_mqtt/MQTTPacket/src/MQTTDeserializePublish.c:57:11
	subs	r0, r0, r1
.Ltmp6:
	.loc	2 56 6 is_stmt 1                @ packages/paho_mqtt/MQTTPacket/src/MQTTDeserializePublish.c:56:6
	cmp.w	r0, #-1
	bgt	.LBB0_5
	b	.LBB0_4
.LBB0_4:
.Ltmp7:
	.loc	2 58 3                          @ packages/paho_mqtt/MQTTPacket/src/MQTTDeserializePublish.c:58:3
	b	.LBB0_8
.Ltmp8:
.LBB0_5:
	.loc	2 60 7                          @ packages/paho_mqtt/MQTTPacket/src/MQTTDeserializePublish.c:60:7
	ldr	r0, [sp, #32]
	.loc	2 60 6 is_stmt 0                @ packages/paho_mqtt/MQTTPacket/src/MQTTDeserializePublish.c:60:6
	ldr	r0, [r0]
.Ltmp9:
	.loc	2 60 6                          @ packages/paho_mqtt/MQTTPacket/src/MQTTDeserializePublish.c:60:6
	cmp	r0, #1
	blt	.LBB0_7
	b	.LBB0_6
.LBB0_6:
	.loc	2 0 6                           @ packages/paho_mqtt/MQTTPacket/src/MQTTDeserializePublish.c:0:6
	add	r0, sp, #16
.Ltmp10:
	.loc	2 61 15 is_stmt 1               @ packages/paho_mqtt/MQTTPacket/src/MQTTDeserializePublish.c:61:15
	bl	readInt
	.loc	2 61 4 is_stmt 0                @ packages/paho_mqtt/MQTTPacket/src/MQTTDeserializePublish.c:61:4
	ldr	r1, [sp, #24]
	.loc	2 61 13                         @ packages/paho_mqtt/MQTTPacket/src/MQTTDeserializePublish.c:61:13
	strh	r0, [r1]
	.loc	2 61 3                          @ packages/paho_mqtt/MQTTPacket/src/MQTTDeserializePublish.c:61:3
	b	.LBB0_7
.Ltmp11:
.LBB0_7:
	.loc	2 63 16 is_stmt 1               @ packages/paho_mqtt/MQTTPacket/src/MQTTDeserializePublish.c:63:16
	ldr	r0, [sp, #12]
	.loc	2 63 26 is_stmt 0               @ packages/paho_mqtt/MQTTPacket/src/MQTTDeserializePublish.c:63:26
	ldr	r1, [sp, #16]
	.loc	2 63 24                         @ packages/paho_mqtt/MQTTPacket/src/MQTTDeserializePublish.c:63:24
	subs	r0, r0, r1
	.loc	2 63 3                          @ packages/paho_mqtt/MQTTPacket/src/MQTTDeserializePublish.c:63:3
	ldr	r1, [sp, #56]
	.loc	2 63 14                         @ packages/paho_mqtt/MQTTPacket/src/MQTTDeserializePublish.c:63:14
	str	r0, [r1]
	.loc	2 64 13 is_stmt 1               @ packages/paho_mqtt/MQTTPacket/src/MQTTDeserializePublish.c:64:13
	ldr	r0, [sp, #16]
	.loc	2 64 3 is_stmt 0                @ packages/paho_mqtt/MQTTPacket/src/MQTTDeserializePublish.c:64:3
	ldr	r1, [sp, #52]
	.loc	2 64 11                         @ packages/paho_mqtt/MQTTPacket/src/MQTTDeserializePublish.c:64:11
	str	r0, [r1]
	movs	r0, #1
	.loc	2 65 5 is_stmt 1                @ packages/paho_mqtt/MQTTPacket/src/MQTTDeserializePublish.c:65:5
	str	r0, [sp, #8]
	.loc	2 65 2 is_stmt 0                @ packages/paho_mqtt/MQTTPacket/src/MQTTDeserializePublish.c:65:2
	b	.LBB0_8
.LBB0_8:
.Ltmp12:
	@DEBUG_LABEL: MQTTDeserialize_publish:exit
	.loc	2 68 9 is_stmt 1                @ packages/paho_mqtt/MQTTPacket/src/MQTTDeserializePublish.c:68:9
	ldr	r0, [sp, #8]
	.loc	2 68 2 is_stmt 0                @ packages/paho_mqtt/MQTTPacket/src/MQTTDeserializePublish.c:68:2
	add	sp, #40
	pop	{r7, pc}
.Ltmp13:
.Lfunc_end0:
	.size	MQTTDeserialize_publish, .Lfunc_end0-MQTTDeserialize_publish
	.cfi_endproc
	.cantunwind
	.fnend
                                        @ -- End function
	.section	.text.MQTTDeserialize_ack,"ax",%progbits
	.hidden	MQTTDeserialize_ack             @ -- Begin function MQTTDeserialize_ack
	.globl	MQTTDeserialize_ack
	.p2align	3
	.type	MQTTDeserialize_ack,%function
	.code	16                              @ @MQTTDeserialize_ack
	.thumb_func
MQTTDeserialize_ack:
.Lfunc_begin1:
	.loc	2 83 0 is_stmt 1                @ packages/paho_mqtt/MQTTPacket/src/MQTTDeserializePublish.c:83:0
	.fnstart
	.cfi_startproc
@ %bb.0:
	.save	{r7, lr}
	push	{r7, lr}
	.cfi_def_cfa_offset 8
	.cfi_offset lr, -4
	.cfi_offset r7, -8
	.pad	#40
	sub	sp, #40
	.cfi_def_cfa_offset 48
	ldr.w	r12, [sp, #48]
	str	r0, [sp, #36]
	str	r1, [sp, #32]
	str	r2, [sp, #28]
	str	r3, [sp, #24]
.Ltmp14:
	.loc	2 84 13 prologue_end            @ packages/paho_mqtt/MQTTPacket/src/MQTTDeserializePublish.c:84:13
	movw	r0, :lower16:.L__const.MQTTDeserialize_ack.header
	movt	r0, :upper16:.L__const.MQTTDeserialize_ack.header
	ldr	r0, [r0]
	str	r0, [sp, #20]
	.loc	2 85 27                         @ packages/paho_mqtt/MQTTPacket/src/MQTTDeserializePublish.c:85:27
	ldr	r0, [sp, #24]
	.loc	2 85 17 is_stmt 0               @ packages/paho_mqtt/MQTTPacket/src/MQTTDeserializePublish.c:85:17
	str	r0, [sp, #16]
	movs	r0, #0
	.loc	2 86 17 is_stmt 1               @ packages/paho_mqtt/MQTTPacket/src/MQTTDeserializePublish.c:86:17
	str	r0, [sp, #12]
	.loc	2 87 6                          @ packages/paho_mqtt/MQTTPacket/src/MQTTDeserializePublish.c:87:6
	str	r0, [sp, #8]
	add	r0, sp, #16
	.loc	2 91 16                         @ packages/paho_mqtt/MQTTPacket/src/MQTTDeserializePublish.c:91:16
	bl	readChar
	.loc	2 91 14 is_stmt 0               @ packages/paho_mqtt/MQTTPacket/src/MQTTDeserializePublish.c:91:14
	strb.w	r0, [sp, #20]
	.loc	2 92 21 is_stmt 1               @ packages/paho_mqtt/MQTTPacket/src/MQTTDeserializePublish.c:92:21
	ldrb.w	r0, [sp, #20]
	ubfx	r0, r0, #3, #1
	.loc	2 92 3 is_stmt 0                @ packages/paho_mqtt/MQTTPacket/src/MQTTDeserializePublish.c:92:3
	ldr	r1, [sp, #32]
	.loc	2 92 7                          @ packages/paho_mqtt/MQTTPacket/src/MQTTDeserializePublish.c:92:7
	strb	r0, [r1]
	.loc	2 93 28 is_stmt 1               @ packages/paho_mqtt/MQTTPacket/src/MQTTDeserializePublish.c:93:28
	ldrb.w	r0, [sp, #20]
	lsrs	r0, r0, #4
	.loc	2 93 3 is_stmt 0                @ packages/paho_mqtt/MQTTPacket/src/MQTTDeserializePublish.c:93:3
	ldr	r1, [sp, #36]
	.loc	2 93 14                         @ packages/paho_mqtt/MQTTPacket/src/MQTTDeserializePublish.c:93:14
	strb	r0, [r1]
	.loc	2 95 40 is_stmt 1               @ packages/paho_mqtt/MQTTPacket/src/MQTTDeserializePublish.c:95:40
	ldr	r0, [sp, #16]
	add	r1, sp, #4
	.loc	2 95 19 is_stmt 0               @ packages/paho_mqtt/MQTTPacket/src/MQTTDeserializePublish.c:95:19
	bl	MQTTPacket_decodeBuf
	mov	r1, r0
	.loc	2 95 17                         @ packages/paho_mqtt/MQTTPacket/src/MQTTDeserializePublish.c:95:17
	str	r1, [sp, #8]
	.loc	2 95 10                         @ packages/paho_mqtt/MQTTPacket/src/MQTTDeserializePublish.c:95:10
	ldr	r0, [sp, #16]
	add	r0, r1
	str	r0, [sp, #16]
	.loc	2 96 12 is_stmt 1               @ packages/paho_mqtt/MQTTPacket/src/MQTTDeserializePublish.c:96:12
	ldr	r0, [sp, #16]
	.loc	2 96 22 is_stmt 0               @ packages/paho_mqtt/MQTTPacket/src/MQTTDeserializePublish.c:96:22
	ldr	r1, [sp, #4]
	.loc	2 96 20                         @ packages/paho_mqtt/MQTTPacket/src/MQTTDeserializePublish.c:96:20
	add	r0, r1
	.loc	2 96 10                         @ packages/paho_mqtt/MQTTPacket/src/MQTTDeserializePublish.c:96:10
	str	r0, [sp, #12]
.Ltmp15:
	.loc	2 98 6 is_stmt 1                @ packages/paho_mqtt/MQTTPacket/src/MQTTDeserializePublish.c:98:6
	ldr	r0, [sp, #12]
	.loc	2 98 16 is_stmt 0               @ packages/paho_mqtt/MQTTPacket/src/MQTTDeserializePublish.c:98:16
	ldr	r1, [sp, #16]
	.loc	2 98 14                         @ packages/paho_mqtt/MQTTPacket/src/MQTTDeserializePublish.c:98:14
	subs	r0, r0, r1
.Ltmp16:
	.loc	2 98 6                          @ packages/paho_mqtt/MQTTPacket/src/MQTTDeserializePublish.c:98:6
	cmp	r0, #1
	bgt	.LBB1_2
	b	.LBB1_1
.LBB1_1:
.Ltmp17:
	.loc	2 99 3 is_stmt 1                @ packages/paho_mqtt/MQTTPacket/src/MQTTDeserializePublish.c:99:3
	b	.LBB1_3
.Ltmp18:
.LBB1_2:
	.loc	2 0 3 is_stmt 0                 @ packages/paho_mqtt/MQTTPacket/src/MQTTDeserializePublish.c:0:3
	add	r0, sp, #16
	.loc	2 100 14 is_stmt 1              @ packages/paho_mqtt/MQTTPacket/src/MQTTDeserializePublish.c:100:14
	bl	readInt
	.loc	2 100 3 is_stmt 0               @ packages/paho_mqtt/MQTTPacket/src/MQTTDeserializePublish.c:100:3
	ldr	r1, [sp, #28]
	.loc	2 100 12                        @ packages/paho_mqtt/MQTTPacket/src/MQTTDeserializePublish.c:100:12
	strh	r0, [r1]
	movs	r0, #1
	.loc	2 102 5 is_stmt 1               @ packages/paho_mqtt/MQTTPacket/src/MQTTDeserializePublish.c:102:5
	str	r0, [sp, #8]
	.loc	2 102 2 is_stmt 0               @ packages/paho_mqtt/MQTTPacket/src/MQTTDeserializePublish.c:102:2
	b	.LBB1_3
.LBB1_3:
.Ltmp19:
	@DEBUG_LABEL: MQTTDeserialize_ack:exit
	.loc	2 105 9 is_stmt 1               @ packages/paho_mqtt/MQTTPacket/src/MQTTDeserializePublish.c:105:9
	ldr	r0, [sp, #8]
	.loc	2 105 2 is_stmt 0               @ packages/paho_mqtt/MQTTPacket/src/MQTTDeserializePublish.c:105:2
	add	sp, #40
	pop	{r7, pc}
.Ltmp20:
.Lfunc_end1:
	.size	MQTTDeserialize_ack, .Lfunc_end1-MQTTDeserialize_ack
	.cfi_endproc
	.cantunwind
	.fnend
                                        @ -- End function
	.type	.L__const.MQTTDeserialize_publish.header,%object @ @__const.MQTTDeserialize_publish.header
	.section	.rodata.cst4,"aM",%progbits,4
	.p2align	2
.L__const.MQTTDeserialize_publish.header:
	.byte	0                               @ 0x0
	.zero	3
	.size	.L__const.MQTTDeserialize_publish.header, 4

	.type	.L__const.MQTTDeserialize_ack.header,%object @ @__const.MQTTDeserialize_ack.header
	.p2align	2
.L__const.MQTTDeserialize_ack.header:
	.byte	0                               @ 0x0
	.zero	3
	.size	.L__const.MQTTDeserialize_ack.header, 4

	.section	.debug_abbrev,"",%progbits
	.byte	1                               @ Abbreviation Code
	.byte	17                              @ DW_TAG_compile_unit
	.byte	1                               @ DW_CHILDREN_yes
	.byte	37                              @ DW_AT_producer
	.byte	14                              @ DW_FORM_strp
	.byte	19                              @ DW_AT_language
	.byte	5                               @ DW_FORM_data2
	.byte	3                               @ DW_AT_name
	.byte	14                              @ DW_FORM_strp
	.byte	16                              @ DW_AT_stmt_list
	.byte	6                               @ DW_FORM_data4
	.byte	27                              @ DW_AT_comp_dir
	.byte	14                              @ DW_FORM_strp
	.byte	17                              @ DW_AT_low_pc
	.byte	1                               @ DW_FORM_addr
	.byte	85                              @ DW_AT_ranges
	.byte	6                               @ DW_FORM_data4
	.byte	0                               @ EOM(1)
	.byte	0                               @ EOM(2)
	.byte	2                               @ Abbreviation Code
	.byte	4                               @ DW_TAG_enumeration_type
	.byte	1                               @ DW_CHILDREN_yes
	.byte	73                              @ DW_AT_type
	.byte	19                              @ DW_FORM_ref4
	.byte	3                               @ DW_AT_name
	.byte	14                              @ DW_FORM_strp
	.byte	11                              @ DW_AT_byte_size
	.byte	11                              @ DW_FORM_data1
	.byte	58                              @ DW_AT_decl_file
	.byte	11                              @ DW_FORM_data1
	.byte	59                              @ DW_AT_decl_line
	.byte	11                              @ DW_FORM_data1
	.byte	0                               @ EOM(1)
	.byte	0                               @ EOM(2)
	.byte	3                               @ Abbreviation Code
	.byte	40                              @ DW_TAG_enumerator
	.byte	0                               @ DW_CHILDREN_no
	.byte	3                               @ DW_AT_name
	.byte	14                              @ DW_FORM_strp
	.byte	28                              @ DW_AT_const_value
	.byte	15                              @ DW_FORM_udata
	.byte	0                               @ EOM(1)
	.byte	0                               @ EOM(2)
	.byte	4                               @ Abbreviation Code
	.byte	36                              @ DW_TAG_base_type
	.byte	0                               @ DW_CHILDREN_no
	.byte	3                               @ DW_AT_name
	.byte	14                              @ DW_FORM_strp
	.byte	62                              @ DW_AT_encoding
	.byte	11                              @ DW_FORM_data1
	.byte	11                              @ DW_AT_byte_size
	.byte	11                              @ DW_FORM_data1
	.byte	0                               @ EOM(1)
	.byte	0                               @ EOM(2)
	.byte	5                               @ Abbreviation Code
	.byte	46                              @ DW_TAG_subprogram
	.byte	1                               @ DW_CHILDREN_yes
	.byte	17                              @ DW_AT_low_pc
	.byte	1                               @ DW_FORM_addr
	.byte	18                              @ DW_AT_high_pc
	.byte	1                               @ DW_FORM_addr
	.byte	64                              @ DW_AT_frame_base
	.byte	10                              @ DW_FORM_block1
	.byte	3                               @ DW_AT_name
	.byte	14                              @ DW_FORM_strp
	.byte	58                              @ DW_AT_decl_file
	.byte	11                              @ DW_FORM_data1
	.byte	59                              @ DW_AT_decl_line
	.byte	11                              @ DW_FORM_data1
	.byte	39                              @ DW_AT_prototyped
	.byte	12                              @ DW_FORM_flag
	.byte	73                              @ DW_AT_type
	.byte	19                              @ DW_FORM_ref4
	.byte	63                              @ DW_AT_external
	.byte	12                              @ DW_FORM_flag
	.byte	0                               @ EOM(1)
	.byte	0                               @ EOM(2)
	.byte	6                               @ Abbreviation Code
	.byte	5                               @ DW_TAG_formal_parameter
	.byte	0                               @ DW_CHILDREN_no
	.byte	2                               @ DW_AT_location
	.byte	10                              @ DW_FORM_block1
	.byte	3                               @ DW_AT_name
	.byte	14                              @ DW_FORM_strp
	.byte	58                              @ DW_AT_decl_file
	.byte	11                              @ DW_FORM_data1
	.byte	59                              @ DW_AT_decl_line
	.byte	11                              @ DW_FORM_data1
	.byte	73                              @ DW_AT_type
	.byte	19                              @ DW_FORM_ref4
	.byte	0                               @ EOM(1)
	.byte	0                               @ EOM(2)
	.byte	7                               @ Abbreviation Code
	.byte	52                              @ DW_TAG_variable
	.byte	0                               @ DW_CHILDREN_no
	.byte	2                               @ DW_AT_location
	.byte	10                              @ DW_FORM_block1
	.byte	3                               @ DW_AT_name
	.byte	14                              @ DW_FORM_strp
	.byte	58                              @ DW_AT_decl_file
	.byte	11                              @ DW_FORM_data1
	.byte	59                              @ DW_AT_decl_line
	.byte	11                              @ DW_FORM_data1
	.byte	73                              @ DW_AT_type
	.byte	19                              @ DW_FORM_ref4
	.byte	0                               @ EOM(1)
	.byte	0                               @ EOM(2)
	.byte	8                               @ Abbreviation Code
	.byte	10                              @ DW_TAG_label
	.byte	0                               @ DW_CHILDREN_no
	.byte	3                               @ DW_AT_name
	.byte	14                              @ DW_FORM_strp
	.byte	58                              @ DW_AT_decl_file
	.byte	11                              @ DW_FORM_data1
	.byte	59                              @ DW_AT_decl_line
	.byte	11                              @ DW_FORM_data1
	.byte	17                              @ DW_AT_low_pc
	.byte	1                               @ DW_FORM_addr
	.byte	0                               @ EOM(1)
	.byte	0                               @ EOM(2)
	.byte	9                               @ Abbreviation Code
	.byte	15                              @ DW_TAG_pointer_type
	.byte	0                               @ DW_CHILDREN_no
	.byte	73                              @ DW_AT_type
	.byte	19                              @ DW_FORM_ref4
	.byte	0                               @ EOM(1)
	.byte	0                               @ EOM(2)
	.byte	10                              @ Abbreviation Code
	.byte	22                              @ DW_TAG_typedef
	.byte	0                               @ DW_CHILDREN_no
	.byte	73                              @ DW_AT_type
	.byte	19                              @ DW_FORM_ref4
	.byte	3                               @ DW_AT_name
	.byte	14                              @ DW_FORM_strp
	.byte	58                              @ DW_AT_decl_file
	.byte	11                              @ DW_FORM_data1
	.byte	59                              @ DW_AT_decl_line
	.byte	11                              @ DW_FORM_data1
	.byte	0                               @ EOM(1)
	.byte	0                               @ EOM(2)
	.byte	11                              @ Abbreviation Code
	.byte	19                              @ DW_TAG_structure_type
	.byte	1                               @ DW_CHILDREN_yes
	.byte	11                              @ DW_AT_byte_size
	.byte	11                              @ DW_FORM_data1
	.byte	58                              @ DW_AT_decl_file
	.byte	11                              @ DW_FORM_data1
	.byte	59                              @ DW_AT_decl_line
	.byte	11                              @ DW_FORM_data1
	.byte	0                               @ EOM(1)
	.byte	0                               @ EOM(2)
	.byte	12                              @ Abbreviation Code
	.byte	13                              @ DW_TAG_member
	.byte	0                               @ DW_CHILDREN_no
	.byte	3                               @ DW_AT_name
	.byte	14                              @ DW_FORM_strp
	.byte	73                              @ DW_AT_type
	.byte	19                              @ DW_FORM_ref4
	.byte	58                              @ DW_AT_decl_file
	.byte	11                              @ DW_FORM_data1
	.byte	59                              @ DW_AT_decl_line
	.byte	11                              @ DW_FORM_data1
	.byte	56                              @ DW_AT_data_member_location
	.byte	11                              @ DW_FORM_data1
	.byte	0                               @ EOM(1)
	.byte	0                               @ EOM(2)
	.byte	13                              @ Abbreviation Code
	.byte	23                              @ DW_TAG_union_type
	.byte	1                               @ DW_CHILDREN_yes
	.byte	11                              @ DW_AT_byte_size
	.byte	11                              @ DW_FORM_data1
	.byte	58                              @ DW_AT_decl_file
	.byte	11                              @ DW_FORM_data1
	.byte	59                              @ DW_AT_decl_line
	.byte	11                              @ DW_FORM_data1
	.byte	0                               @ EOM(1)
	.byte	0                               @ EOM(2)
	.byte	14                              @ Abbreviation Code
	.byte	13                              @ DW_TAG_member
	.byte	0                               @ DW_CHILDREN_no
	.byte	3                               @ DW_AT_name
	.byte	14                              @ DW_FORM_strp
	.byte	73                              @ DW_AT_type
	.byte	19                              @ DW_FORM_ref4
	.byte	58                              @ DW_AT_decl_file
	.byte	11                              @ DW_FORM_data1
	.byte	59                              @ DW_AT_decl_line
	.byte	11                              @ DW_FORM_data1
	.byte	11                              @ DW_AT_byte_size
	.byte	11                              @ DW_FORM_data1
	.byte	13                              @ DW_AT_bit_size
	.byte	11                              @ DW_FORM_data1
	.byte	12                              @ DW_AT_bit_offset
	.byte	11                              @ DW_FORM_data1
	.byte	56                              @ DW_AT_data_member_location
	.byte	11                              @ DW_FORM_data1
	.byte	0                               @ EOM(1)
	.byte	0                               @ EOM(2)
	.byte	0                               @ EOM(3)
	.section	.debug_info,"",%progbits
.Lcu_begin0:
	.long	.Ldebug_info_end0-.Ldebug_info_start0 @ Length of Unit
.Ldebug_info_start0:
	.short	3                               @ DWARF version number
	.long	.debug_abbrev                   @ Offset Into Abbrev. Section
	.byte	4                               @ Address Size (in bytes)
	.byte	1                               @ Abbrev [1] 0xb:0x30e DW_TAG_compile_unit
	.long	.Linfo_string0                  @ DW_AT_producer
	.short	12                              @ DW_AT_language
	.long	.Linfo_string1                  @ DW_AT_name
	.long	.Lline_table_start0             @ DW_AT_stmt_list
	.long	.Linfo_string2                  @ DW_AT_comp_dir
	.long	0                               @ DW_AT_low_pc
	.long	.Ldebug_ranges0                 @ DW_AT_ranges
	.byte	2                               @ Abbrev [2] 0x26:0x61 DW_TAG_enumeration_type
	.long	135                             @ DW_AT_type
	.long	.Linfo_string18                 @ DW_AT_name
	.byte	1                               @ DW_AT_byte_size
	.byte	1                               @ DW_AT_decl_file
	.byte	43                              @ DW_AT_decl_line
	.byte	3                               @ Abbrev [3] 0x32:0x6 DW_TAG_enumerator
	.long	.Linfo_string4                  @ DW_AT_name
	.byte	1                               @ DW_AT_const_value
	.byte	3                               @ Abbrev [3] 0x38:0x6 DW_TAG_enumerator
	.long	.Linfo_string5                  @ DW_AT_name
	.byte	2                               @ DW_AT_const_value
	.byte	3                               @ Abbrev [3] 0x3e:0x6 DW_TAG_enumerator
	.long	.Linfo_string6                  @ DW_AT_name
	.byte	3                               @ DW_AT_const_value
	.byte	3                               @ Abbrev [3] 0x44:0x6 DW_TAG_enumerator
	.long	.Linfo_string7                  @ DW_AT_name
	.byte	4                               @ DW_AT_const_value
	.byte	3                               @ Abbrev [3] 0x4a:0x6 DW_TAG_enumerator
	.long	.Linfo_string8                  @ DW_AT_name
	.byte	5                               @ DW_AT_const_value
	.byte	3                               @ Abbrev [3] 0x50:0x6 DW_TAG_enumerator
	.long	.Linfo_string9                  @ DW_AT_name
	.byte	6                               @ DW_AT_const_value
	.byte	3                               @ Abbrev [3] 0x56:0x6 DW_TAG_enumerator
	.long	.Linfo_string10                 @ DW_AT_name
	.byte	7                               @ DW_AT_const_value
	.byte	3                               @ Abbrev [3] 0x5c:0x6 DW_TAG_enumerator
	.long	.Linfo_string11                 @ DW_AT_name
	.byte	8                               @ DW_AT_const_value
	.byte	3                               @ Abbrev [3] 0x62:0x6 DW_TAG_enumerator
	.long	.Linfo_string12                 @ DW_AT_name
	.byte	9                               @ DW_AT_const_value
	.byte	3                               @ Abbrev [3] 0x68:0x6 DW_TAG_enumerator
	.long	.Linfo_string13                 @ DW_AT_name
	.byte	10                              @ DW_AT_const_value
	.byte	3                               @ Abbrev [3] 0x6e:0x6 DW_TAG_enumerator
	.long	.Linfo_string14                 @ DW_AT_name
	.byte	11                              @ DW_AT_const_value
	.byte	3                               @ Abbrev [3] 0x74:0x6 DW_TAG_enumerator
	.long	.Linfo_string15                 @ DW_AT_name
	.byte	12                              @ DW_AT_const_value
	.byte	3                               @ Abbrev [3] 0x7a:0x6 DW_TAG_enumerator
	.long	.Linfo_string16                 @ DW_AT_name
	.byte	13                              @ DW_AT_const_value
	.byte	3                               @ Abbrev [3] 0x80:0x6 DW_TAG_enumerator
	.long	.Linfo_string17                 @ DW_AT_name
	.byte	14                              @ DW_AT_const_value
	.byte	0                               @ End Of Children Mark
	.byte	4                               @ Abbrev [4] 0x87:0x7 DW_TAG_base_type
	.long	.Linfo_string3                  @ DW_AT_name
	.byte	8                               @ DW_AT_encoding
	.byte	1                               @ DW_AT_byte_size
	.byte	5                               @ Abbrev [5] 0x8e:0xe8 DW_TAG_subprogram
	.long	.Lfunc_begin0                   @ DW_AT_low_pc
	.long	.Lfunc_end0                     @ DW_AT_high_pc
	.byte	1                               @ DW_AT_frame_base
	.byte	93
	.long	.Linfo_string19                 @ DW_AT_name
	.byte	2                               @ DW_AT_decl_file
	.byte	36                              @ DW_AT_decl_line
	.byte	1                               @ DW_AT_prototyped
	.long	549                             @ DW_AT_type
	.byte	1                               @ DW_AT_external
	.byte	6                               @ Abbrev [6] 0xa5:0xe DW_TAG_formal_parameter
	.byte	2                               @ DW_AT_location
	.byte	145
	.byte	36
	.long	.Linfo_string22                 @ DW_AT_name
	.byte	2                               @ DW_AT_decl_file
	.byte	36                              @ DW_AT_decl_line
	.long	556                             @ DW_AT_type
	.byte	6                               @ Abbrev [6] 0xb3:0xe DW_TAG_formal_parameter
	.byte	2                               @ DW_AT_location
	.byte	145
	.byte	32
	.long	.Linfo_string23                 @ DW_AT_name
	.byte	2                               @ DW_AT_decl_file
	.byte	36                              @ DW_AT_decl_line
	.long	561                             @ DW_AT_type
	.byte	6                               @ Abbrev [6] 0xc1:0xe DW_TAG_formal_parameter
	.byte	2                               @ DW_AT_location
	.byte	145
	.byte	28
	.long	.Linfo_string24                 @ DW_AT_name
	.byte	2                               @ DW_AT_decl_file
	.byte	36                              @ DW_AT_decl_line
	.long	556                             @ DW_AT_type
	.byte	6                               @ Abbrev [6] 0xcf:0xe DW_TAG_formal_parameter
	.byte	2                               @ DW_AT_location
	.byte	145
	.byte	24
	.long	.Linfo_string25                 @ DW_AT_name
	.byte	2                               @ DW_AT_decl_file
	.byte	36                              @ DW_AT_decl_line
	.long	566                             @ DW_AT_type
	.byte	6                               @ Abbrev [6] 0xdd:0xe DW_TAG_formal_parameter
	.byte	2                               @ DW_AT_location
	.byte	145
	.byte	48
	.long	.Linfo_string27                 @ DW_AT_name
	.byte	2                               @ DW_AT_decl_file
	.byte	36                              @ DW_AT_decl_line
	.long	578                             @ DW_AT_type
	.byte	6                               @ Abbrev [6] 0xeb:0xe DW_TAG_formal_parameter
	.byte	2                               @ DW_AT_location
	.byte	145
	.byte	52
	.long	.Linfo_string35                 @ DW_AT_name
	.byte	2                               @ DW_AT_decl_file
	.byte	37                              @ DW_AT_decl_line
	.long	675                             @ DW_AT_type
	.byte	6                               @ Abbrev [6] 0xf9:0xe DW_TAG_formal_parameter
	.byte	2                               @ DW_AT_location
	.byte	145
	.byte	56
	.long	.Linfo_string36                 @ DW_AT_name
	.byte	2                               @ DW_AT_decl_file
	.byte	37                              @ DW_AT_decl_line
	.long	561                             @ DW_AT_type
	.byte	6                               @ Abbrev [6] 0x107:0xe DW_TAG_formal_parameter
	.byte	2                               @ DW_AT_location
	.byte	145
	.byte	60
	.long	.Linfo_string37                 @ DW_AT_name
	.byte	2                               @ DW_AT_decl_file
	.byte	37                              @ DW_AT_decl_line
	.long	556                             @ DW_AT_type
	.byte	6                               @ Abbrev [6] 0x115:0xf DW_TAG_formal_parameter
	.byte	3                               @ DW_AT_location
	.byte	145
	.asciz	"\300"
	.long	.Linfo_string38                 @ DW_AT_name
	.byte	2                               @ DW_AT_decl_file
	.byte	37                              @ DW_AT_decl_line
	.long	549                             @ DW_AT_type
	.byte	7                               @ Abbrev [7] 0x124:0xe DW_TAG_variable
	.byte	2                               @ DW_AT_location
	.byte	145
	.byte	20
	.long	.Linfo_string39                 @ DW_AT_name
	.byte	2                               @ DW_AT_decl_file
	.byte	39                              @ DW_AT_decl_line
	.long	680                             @ DW_AT_type
	.byte	7                               @ Abbrev [7] 0x132:0xe DW_TAG_variable
	.byte	2                               @ DW_AT_location
	.byte	145
	.byte	16
	.long	.Linfo_string46                 @ DW_AT_name
	.byte	2                               @ DW_AT_decl_file
	.byte	40                              @ DW_AT_decl_line
	.long	556                             @ DW_AT_type
	.byte	7                               @ Abbrev [7] 0x140:0xe DW_TAG_variable
	.byte	2                               @ DW_AT_location
	.byte	145
	.byte	12
	.long	.Linfo_string47                 @ DW_AT_name
	.byte	2                               @ DW_AT_decl_file
	.byte	41                              @ DW_AT_decl_line
	.long	556                             @ DW_AT_type
	.byte	7                               @ Abbrev [7] 0x14e:0xe DW_TAG_variable
	.byte	2                               @ DW_AT_location
	.byte	145
	.byte	8
	.long	.Linfo_string48                 @ DW_AT_name
	.byte	2                               @ DW_AT_decl_file
	.byte	42                              @ DW_AT_decl_line
	.long	549                             @ DW_AT_type
	.byte	7                               @ Abbrev [7] 0x15c:0xe DW_TAG_variable
	.byte	2                               @ DW_AT_location
	.byte	145
	.byte	4
	.long	.Linfo_string49                 @ DW_AT_name
	.byte	2                               @ DW_AT_decl_file
	.byte	43                              @ DW_AT_decl_line
	.long	549                             @ DW_AT_type
	.byte	8                               @ Abbrev [8] 0x16a:0xb DW_TAG_label
	.long	.Linfo_string50                 @ DW_AT_name
	.byte	2                               @ DW_AT_decl_file
	.byte	66                              @ DW_AT_decl_line
	.long	.Ltmp12                         @ DW_AT_low_pc
	.byte	0                               @ End Of Children Mark
	.byte	5                               @ Abbrev [5] 0x176:0xaf DW_TAG_subprogram
	.long	.Lfunc_begin1                   @ DW_AT_low_pc
	.long	.Lfunc_end1                     @ DW_AT_high_pc
	.byte	1                               @ DW_AT_frame_base
	.byte	93
	.long	.Linfo_string21                 @ DW_AT_name
	.byte	2                               @ DW_AT_decl_file
	.byte	82                              @ DW_AT_decl_line
	.byte	1                               @ DW_AT_prototyped
	.long	549                             @ DW_AT_type
	.byte	1                               @ DW_AT_external
	.byte	6                               @ Abbrev [6] 0x18d:0xe DW_TAG_formal_parameter
	.byte	2                               @ DW_AT_location
	.byte	145
	.byte	36
	.long	.Linfo_string51                 @ DW_AT_name
	.byte	2                               @ DW_AT_decl_file
	.byte	82                              @ DW_AT_decl_line
	.long	556                             @ DW_AT_type
	.byte	6                               @ Abbrev [6] 0x19b:0xe DW_TAG_formal_parameter
	.byte	2                               @ DW_AT_location
	.byte	145
	.byte	32
	.long	.Linfo_string22                 @ DW_AT_name
	.byte	2                               @ DW_AT_decl_file
	.byte	82                              @ DW_AT_decl_line
	.long	556                             @ DW_AT_type
	.byte	6                               @ Abbrev [6] 0x1a9:0xe DW_TAG_formal_parameter
	.byte	2                               @ DW_AT_location
	.byte	145
	.byte	28
	.long	.Linfo_string25                 @ DW_AT_name
	.byte	2                               @ DW_AT_decl_file
	.byte	82                              @ DW_AT_decl_line
	.long	566                             @ DW_AT_type
	.byte	6                               @ Abbrev [6] 0x1b7:0xe DW_TAG_formal_parameter
	.byte	2                               @ DW_AT_location
	.byte	145
	.byte	24
	.long	.Linfo_string37                 @ DW_AT_name
	.byte	2                               @ DW_AT_decl_file
	.byte	82                              @ DW_AT_decl_line
	.long	556                             @ DW_AT_type
	.byte	6                               @ Abbrev [6] 0x1c5:0xe DW_TAG_formal_parameter
	.byte	2                               @ DW_AT_location
	.byte	145
	.byte	48
	.long	.Linfo_string38                 @ DW_AT_name
	.byte	2                               @ DW_AT_decl_file
	.byte	82                              @ DW_AT_decl_line
	.long	549                             @ DW_AT_type
	.byte	7                               @ Abbrev [7] 0x1d3:0xe DW_TAG_variable
	.byte	2                               @ DW_AT_location
	.byte	145
	.byte	20
	.long	.Linfo_string39                 @ DW_AT_name
	.byte	2                               @ DW_AT_decl_file
	.byte	84                              @ DW_AT_decl_line
	.long	680                             @ DW_AT_type
	.byte	7                               @ Abbrev [7] 0x1e1:0xe DW_TAG_variable
	.byte	2                               @ DW_AT_location
	.byte	145
	.byte	16
	.long	.Linfo_string46                 @ DW_AT_name
	.byte	2                               @ DW_AT_decl_file
	.byte	85                              @ DW_AT_decl_line
	.long	556                             @ DW_AT_type
	.byte	7                               @ Abbrev [7] 0x1ef:0xe DW_TAG_variable
	.byte	2                               @ DW_AT_location
	.byte	145
	.byte	12
	.long	.Linfo_string47                 @ DW_AT_name
	.byte	2                               @ DW_AT_decl_file
	.byte	86                              @ DW_AT_decl_line
	.long	556                             @ DW_AT_type
	.byte	7                               @ Abbrev [7] 0x1fd:0xe DW_TAG_variable
	.byte	2                               @ DW_AT_location
	.byte	145
	.byte	8
	.long	.Linfo_string48                 @ DW_AT_name
	.byte	2                               @ DW_AT_decl_file
	.byte	87                              @ DW_AT_decl_line
	.long	549                             @ DW_AT_type
	.byte	7                               @ Abbrev [7] 0x20b:0xe DW_TAG_variable
	.byte	2                               @ DW_AT_location
	.byte	145
	.byte	4
	.long	.Linfo_string49                 @ DW_AT_name
	.byte	2                               @ DW_AT_decl_file
	.byte	88                              @ DW_AT_decl_line
	.long	549                             @ DW_AT_type
	.byte	8                               @ Abbrev [8] 0x219:0xb DW_TAG_label
	.long	.Linfo_string50                 @ DW_AT_name
	.byte	2                               @ DW_AT_decl_file
	.byte	103                             @ DW_AT_decl_line
	.long	.Ltmp19                         @ DW_AT_low_pc
	.byte	0                               @ End Of Children Mark
	.byte	4                               @ Abbrev [4] 0x225:0x7 DW_TAG_base_type
	.long	.Linfo_string20                 @ DW_AT_name
	.byte	5                               @ DW_AT_encoding
	.byte	4                               @ DW_AT_byte_size
	.byte	9                               @ Abbrev [9] 0x22c:0x5 DW_TAG_pointer_type
	.long	135                             @ DW_AT_type
	.byte	9                               @ Abbrev [9] 0x231:0x5 DW_TAG_pointer_type
	.long	549                             @ DW_AT_type
	.byte	9                               @ Abbrev [9] 0x236:0x5 DW_TAG_pointer_type
	.long	571                             @ DW_AT_type
	.byte	4                               @ Abbrev [4] 0x23b:0x7 DW_TAG_base_type
	.long	.Linfo_string26                 @ DW_AT_name
	.byte	7                               @ DW_AT_encoding
	.byte	2                               @ DW_AT_byte_size
	.byte	9                               @ Abbrev [9] 0x242:0x5 DW_TAG_pointer_type
	.long	583                             @ DW_AT_type
	.byte	10                              @ Abbrev [10] 0x247:0xb DW_TAG_typedef
	.long	594                             @ DW_AT_type
	.long	.Linfo_string34                 @ DW_AT_name
	.byte	1                               @ DW_AT_decl_file
	.byte	85                              @ DW_AT_decl_line
	.byte	11                              @ Abbrev [11] 0x252:0x1d DW_TAG_structure_type
	.byte	12                              @ DW_AT_byte_size
	.byte	1                               @ DW_AT_decl_file
	.byte	81                              @ DW_AT_decl_line
	.byte	12                              @ Abbrev [12] 0x256:0xc DW_TAG_member
	.long	.Linfo_string28                 @ DW_AT_name
	.long	623                             @ DW_AT_type
	.byte	1                               @ DW_AT_decl_file
	.byte	83                              @ DW_AT_decl_line
	.byte	0                               @ DW_AT_data_member_location
	.byte	12                              @ Abbrev [12] 0x262:0xc DW_TAG_member
	.long	.Linfo_string30                 @ DW_AT_name
	.long	635                             @ DW_AT_type
	.byte	1                               @ DW_AT_decl_file
	.byte	84                              @ DW_AT_decl_line
	.byte	4                               @ DW_AT_data_member_location
	.byte	0                               @ End Of Children Mark
	.byte	9                               @ Abbrev [9] 0x26f:0x5 DW_TAG_pointer_type
	.long	628                             @ DW_AT_type
	.byte	4                               @ Abbrev [4] 0x274:0x7 DW_TAG_base_type
	.long	.Linfo_string29                 @ DW_AT_name
	.byte	6                               @ DW_AT_encoding
	.byte	1                               @ DW_AT_byte_size
	.byte	10                              @ Abbrev [10] 0x27b:0xb DW_TAG_typedef
	.long	646                             @ DW_AT_type
	.long	.Linfo_string33                 @ DW_AT_name
	.byte	1                               @ DW_AT_decl_file
	.byte	79                              @ DW_AT_decl_line
	.byte	11                              @ Abbrev [11] 0x286:0x1d DW_TAG_structure_type
	.byte	8                               @ DW_AT_byte_size
	.byte	1                               @ DW_AT_decl_file
	.byte	75                              @ DW_AT_decl_line
	.byte	12                              @ Abbrev [12] 0x28a:0xc DW_TAG_member
	.long	.Linfo_string31                 @ DW_AT_name
	.long	549                             @ DW_AT_type
	.byte	1                               @ DW_AT_decl_file
	.byte	77                              @ DW_AT_decl_line
	.byte	0                               @ DW_AT_data_member_location
	.byte	12                              @ Abbrev [12] 0x296:0xc DW_TAG_member
	.long	.Linfo_string32                 @ DW_AT_name
	.long	623                             @ DW_AT_type
	.byte	1                               @ DW_AT_decl_file
	.byte	78                              @ DW_AT_decl_line
	.byte	4                               @ DW_AT_data_member_location
	.byte	0                               @ End Of Children Mark
	.byte	9                               @ Abbrev [9] 0x2a3:0x5 DW_TAG_pointer_type
	.long	556                             @ DW_AT_type
	.byte	10                              @ Abbrev [10] 0x2a8:0xb DW_TAG_typedef
	.long	691                             @ DW_AT_type
	.long	.Linfo_string45                 @ DW_AT_name
	.byte	1                               @ DW_AT_decl_file
	.byte	73                              @ DW_AT_decl_line
	.byte	13                              @ Abbrev [13] 0x2b3:0x5e DW_TAG_union_type
	.byte	4                               @ DW_AT_byte_size
	.byte	1                               @ DW_AT_decl_file
	.byte	53                              @ DW_AT_decl_line
	.byte	12                              @ Abbrev [12] 0x2b7:0xc DW_TAG_member
	.long	.Linfo_string40                 @ DW_AT_name
	.long	135                             @ DW_AT_type
	.byte	1                               @ DW_AT_decl_file
	.byte	55                              @ DW_AT_decl_line
	.byte	0                               @ DW_AT_data_member_location
	.byte	12                              @ Abbrev [12] 0x2c3:0xc DW_TAG_member
	.long	.Linfo_string41                 @ DW_AT_name
	.long	719                             @ DW_AT_type
	.byte	1                               @ DW_AT_decl_file
	.byte	71                              @ DW_AT_decl_line
	.byte	0                               @ DW_AT_data_member_location
	.byte	11                              @ Abbrev [11] 0x2cf:0x41 DW_TAG_structure_type
	.byte	4                               @ DW_AT_byte_size
	.byte	1                               @ DW_AT_decl_file
	.byte	65                              @ DW_AT_decl_line
	.byte	14                              @ Abbrev [14] 0x2d3:0xf DW_TAG_member
	.long	.Linfo_string42                 @ DW_AT_name
	.long	785                             @ DW_AT_type
	.byte	1                               @ DW_AT_decl_file
	.byte	67                              @ DW_AT_decl_line
	.byte	4                               @ DW_AT_byte_size
	.byte	1                               @ DW_AT_bit_size
	.byte	31                              @ DW_AT_bit_offset
	.byte	0                               @ DW_AT_data_member_location
	.byte	14                              @ Abbrev [14] 0x2e2:0xf DW_TAG_member
	.long	.Linfo_string23                 @ DW_AT_name
	.long	785                             @ DW_AT_type
	.byte	1                               @ DW_AT_decl_file
	.byte	68                              @ DW_AT_decl_line
	.byte	4                               @ DW_AT_byte_size
	.byte	2                               @ DW_AT_bit_size
	.byte	29                              @ DW_AT_bit_offset
	.byte	0                               @ DW_AT_data_member_location
	.byte	14                              @ Abbrev [14] 0x2f1:0xf DW_TAG_member
	.long	.Linfo_string22                 @ DW_AT_name
	.long	785                             @ DW_AT_type
	.byte	1                               @ DW_AT_decl_file
	.byte	69                              @ DW_AT_decl_line
	.byte	4                               @ DW_AT_byte_size
	.byte	1                               @ DW_AT_bit_size
	.byte	28                              @ DW_AT_bit_offset
	.byte	0                               @ DW_AT_data_member_location
	.byte	14                              @ Abbrev [14] 0x300:0xf DW_TAG_member
	.long	.Linfo_string44                 @ DW_AT_name
	.long	785                             @ DW_AT_type
	.byte	1                               @ DW_AT_decl_file
	.byte	70                              @ DW_AT_decl_line
	.byte	4                               @ DW_AT_byte_size
	.byte	4                               @ DW_AT_bit_size
	.byte	24                              @ DW_AT_bit_offset
	.byte	0                               @ DW_AT_data_member_location
	.byte	0                               @ End Of Children Mark
	.byte	0                               @ End Of Children Mark
	.byte	4                               @ Abbrev [4] 0x311:0x7 DW_TAG_base_type
	.long	.Linfo_string43                 @ DW_AT_name
	.byte	7                               @ DW_AT_encoding
	.byte	4                               @ DW_AT_byte_size
	.byte	0                               @ End Of Children Mark
.Ldebug_info_end0:
	.section	.debug_ranges,"",%progbits
.Ldebug_ranges0:
	.long	.Lfunc_begin0
	.long	.Lfunc_end0
	.long	.Lfunc_begin1
	.long	.Lfunc_end1
	.long	0
	.long	0
	.section	.debug_str,"MS",%progbits,1
.Linfo_string0:
	.asciz	"Component: ARM Compiler 6.16 Tool: armclang [5dfeb700]" @ string offset=0
.Linfo_string1:
	.asciz	"packages/paho_mqtt/MQTTPacket/src\\MQTTDeserializePublish.c" @ string offset=55
.Linfo_string2:
	.asciz	"E:\\STM32\\Learning\\STM32H750_ART_PI_RGBLCD" @ string offset=114
.Linfo_string3:
	.asciz	"unsigned char"                 @ string offset=156
.Linfo_string4:
	.asciz	"CONNECT"                       @ string offset=170
.Linfo_string5:
	.asciz	"CONNACK"                       @ string offset=178
.Linfo_string6:
	.asciz	"PUBLISH"                       @ string offset=186
.Linfo_string7:
	.asciz	"PUBACK"                        @ string offset=194
.Linfo_string8:
	.asciz	"PUBREC"                        @ string offset=201
.Linfo_string9:
	.asciz	"PUBREL"                        @ string offset=208
.Linfo_string10:
	.asciz	"PUBCOMP"                       @ string offset=215
.Linfo_string11:
	.asciz	"SUBSCRIBE"                     @ string offset=223
.Linfo_string12:
	.asciz	"SUBACK"                        @ string offset=233
.Linfo_string13:
	.asciz	"UNSUBSCRIBE"                   @ string offset=240
.Linfo_string14:
	.asciz	"UNSUBACK"                      @ string offset=252
.Linfo_string15:
	.asciz	"PINGREQ"                       @ string offset=261
.Linfo_string16:
	.asciz	"PINGRESP"                      @ string offset=269
.Linfo_string17:
	.asciz	"DISCONNECT"                    @ string offset=278
.Linfo_string18:
	.asciz	"msgTypes"                      @ string offset=289
.Linfo_string19:
	.asciz	"MQTTDeserialize_publish"       @ string offset=298
.Linfo_string20:
	.asciz	"int"                           @ string offset=322
.Linfo_string21:
	.asciz	"MQTTDeserialize_ack"           @ string offset=326
.Linfo_string22:
	.asciz	"dup"                           @ string offset=346
.Linfo_string23:
	.asciz	"qos"                           @ string offset=350
.Linfo_string24:
	.asciz	"retained"                      @ string offset=354
.Linfo_string25:
	.asciz	"packetid"                      @ string offset=363
.Linfo_string26:
	.asciz	"unsigned short"                @ string offset=372
.Linfo_string27:
	.asciz	"topicName"                     @ string offset=387
.Linfo_string28:
	.asciz	"cstring"                       @ string offset=397
.Linfo_string29:
	.asciz	"char"                          @ string offset=405
.Linfo_string30:
	.asciz	"lenstring"                     @ string offset=410
.Linfo_string31:
	.asciz	"len"                           @ string offset=420
.Linfo_string32:
	.asciz	"data"                          @ string offset=424
.Linfo_string33:
	.asciz	"MQTTLenString"                 @ string offset=429
.Linfo_string34:
	.asciz	"MQTTString"                    @ string offset=443
.Linfo_string35:
	.asciz	"payload"                       @ string offset=454
.Linfo_string36:
	.asciz	"payloadlen"                    @ string offset=462
.Linfo_string37:
	.asciz	"buf"                           @ string offset=473
.Linfo_string38:
	.asciz	"buflen"                        @ string offset=477
.Linfo_string39:
	.asciz	"header"                        @ string offset=484
.Linfo_string40:
	.asciz	"byte"                          @ string offset=491
.Linfo_string41:
	.asciz	"bits"                          @ string offset=496
.Linfo_string42:
	.asciz	"retain"                        @ string offset=501
.Linfo_string43:
	.asciz	"unsigned int"                  @ string offset=508
.Linfo_string44:
	.asciz	"type"                          @ string offset=521
.Linfo_string45:
	.asciz	"MQTTHeader"                    @ string offset=526
.Linfo_string46:
	.asciz	"curdata"                       @ string offset=537
.Linfo_string47:
	.asciz	"enddata"                       @ string offset=545
.Linfo_string48:
	.asciz	"rc"                            @ string offset=553
.Linfo_string49:
	.asciz	"mylen"                         @ string offset=556
.Linfo_string50:
	.asciz	"exit"                          @ string offset=562
.Linfo_string51:
	.asciz	"packettype"                    @ string offset=567
	.ident	"Component: ARM Compiler 6.16 Tool: armclang [5dfeb700]"
	.section	".note.GNU-stack","",%progbits
	.eabi_attribute	30, 6	@ Tag_ABI_optimization_goals
	.ARM_attribute	16, 1	@ Tag_AV_eba
	.section	.debug_line,"",%progbits
.Lline_table_start0:
