	.text
	.syntax unified
	.eabi_attribute	67, "2.09"	@ Tag_conformance
	.cpu	cortex-m7
	.eabi_attribute	6, 13	@ Tag_CPU_arch
	.eabi_attribute	7, 77	@ Tag_CPU_arch_profile
	.eabi_attribute	8, 0	@ Tag_ARM_ISA_use
	.eabi_attribute	9, 2	@ Tag_THUMB_ISA_use
	.fpu	fpv5-d16
	.eabi_attribute	36, 1	@ Tag_FP_HP_extension
	.eabi_attribute	34, 1	@ Tag_CPU_unaligned_access
	.eabi_attribute	17, 1	@ Tag_ABI_PCS_GOT_use
	.eabi_attribute	20, 2	@ Tag_ABI_FP_denormal
	.eabi_attribute	21, 0	@ Tag_ABI_FP_exceptions
	.eabi_attribute	23, 1	@ Tag_ABI_FP_number_model
	.eabi_attribute	24, 1	@ Tag_ABI_align_needed
	.eabi_attribute	25, 1	@ Tag_ABI_align_preserved
	.eabi_attribute	28, 1	@ Tag_ABI_VFP_args
	.eabi_attribute	38, 1	@ Tag_ABI_FP_16bit_format
	.eabi_attribute	18, 2	@ Tag_ABI_PCS_wchar_t
	.eabi_attribute	26, 1	@ Tag_ABI_enum_size
	.eabi_attribute	14, 0	@ Tag_ABI_PCS_R9_use
	.file	"MQTTUnsubscribeServer.c"
	.file	1 "E:\\STM32\\Learning\\STM32H750_ART_PI_RGBLCD" "./packages/paho_mqtt/MQTTPacket/src/MQTTPacket.h"
	.section	.text.MQTTDeserialize_unsubscribe,"ax",%progbits
	.hidden	MQTTDeserialize_unsubscribe     @ -- Begin function MQTTDeserialize_unsubscribe
	.globl	MQTTDeserialize_unsubscribe
	.p2align	3
	.type	MQTTDeserialize_unsubscribe,%function
	.code	16                              @ @MQTTDeserialize_unsubscribe
	.thumb_func
MQTTDeserialize_unsubscribe:
.Lfunc_begin0:
	.file	2 "E:\\STM32\\Learning\\STM32H750_ART_PI_RGBLCD" "packages/paho_mqtt/MQTTPacket/src/MQTTUnsubscribeServer.c"
	.loc	2 36 0                          @ packages/paho_mqtt/MQTTPacket/src/MQTTUnsubscribeServer.c:36:0
	.fnstart
	.cfi_sections .debug_frame
	.cfi_startproc
@ %bb.0:
	.save	{r7, lr}
	push	{r7, lr}
	.cfi_def_cfa_offset 8
	.cfi_offset lr, -4
	.cfi_offset r7, -8
	.pad	#40
	sub	sp, #40
	.cfi_def_cfa_offset 48
	ldr.w	r12, [sp, #56]
	ldr.w	r12, [sp, #52]
	ldr.w	r12, [sp, #48]
	str	r0, [sp, #36]
	str	r1, [sp, #32]
	str	r2, [sp, #28]
	str	r3, [sp, #24]
.Ltmp0:
	.loc	2 37 13 prologue_end            @ packages/paho_mqtt/MQTTPacket/src/MQTTUnsubscribeServer.c:37:13
	movw	r0, :lower16:.L__const.MQTTDeserialize_unsubscribe.header
	movt	r0, :upper16:.L__const.MQTTDeserialize_unsubscribe.header
	ldr	r0, [r0]
	str	r0, [sp, #20]
	.loc	2 38 27                         @ packages/paho_mqtt/MQTTPacket/src/MQTTUnsubscribeServer.c:38:27
	ldr	r0, [sp, #52]
	.loc	2 38 17 is_stmt 0               @ packages/paho_mqtt/MQTTPacket/src/MQTTUnsubscribeServer.c:38:17
	str	r0, [sp, #16]
	movs	r0, #0
	.loc	2 39 17 is_stmt 1               @ packages/paho_mqtt/MQTTPacket/src/MQTTUnsubscribeServer.c:39:17
	str	r0, [sp, #12]
	.loc	2 40 6                          @ packages/paho_mqtt/MQTTPacket/src/MQTTUnsubscribeServer.c:40:6
	str	r0, [sp, #8]
	.loc	2 41 6                          @ packages/paho_mqtt/MQTTPacket/src/MQTTUnsubscribeServer.c:41:6
	str	r0, [sp, #4]
	add	r0, sp, #16
	.loc	2 44 16                         @ packages/paho_mqtt/MQTTPacket/src/MQTTUnsubscribeServer.c:44:16
	bl	readChar
	.loc	2 44 14 is_stmt 0               @ packages/paho_mqtt/MQTTPacket/src/MQTTUnsubscribeServer.c:44:14
	strb.w	r0, [sp, #20]
.Ltmp1:
	.loc	2 45 18 is_stmt 1               @ packages/paho_mqtt/MQTTPacket/src/MQTTUnsubscribeServer.c:45:18
	ldrb.w	r1, [sp, #20]
	movs	r0, #10
.Ltmp2:
	.loc	2 45 6 is_stmt 0                @ packages/paho_mqtt/MQTTPacket/src/MQTTUnsubscribeServer.c:45:6
	cmp.w	r0, r1, lsr #4
	beq	.LBB0_2
	b	.LBB0_1
.LBB0_1:
.Ltmp3:
	.loc	2 46 3 is_stmt 1                @ packages/paho_mqtt/MQTTPacket/src/MQTTUnsubscribeServer.c:46:3
	b	.LBB0_8
.Ltmp4:
.LBB0_2:
	.loc	2 47 21                         @ packages/paho_mqtt/MQTTPacket/src/MQTTUnsubscribeServer.c:47:21
	ldrb.w	r0, [sp, #20]
	ubfx	r0, r0, #3, #1
	.loc	2 47 3 is_stmt 0                @ packages/paho_mqtt/MQTTPacket/src/MQTTUnsubscribeServer.c:47:3
	ldr	r1, [sp, #36]
	.loc	2 47 7                          @ packages/paho_mqtt/MQTTPacket/src/MQTTUnsubscribeServer.c:47:7
	strb	r0, [r1]
	.loc	2 49 40 is_stmt 1               @ packages/paho_mqtt/MQTTPacket/src/MQTTUnsubscribeServer.c:49:40
	ldr	r0, [sp, #16]
	add	r1, sp, #4
	.loc	2 49 19 is_stmt 0               @ packages/paho_mqtt/MQTTPacket/src/MQTTUnsubscribeServer.c:49:19
	bl	MQTTPacket_decodeBuf
	mov	r1, r0
	.loc	2 49 17                         @ packages/paho_mqtt/MQTTPacket/src/MQTTUnsubscribeServer.c:49:17
	str	r1, [sp, #8]
	.loc	2 49 10                         @ packages/paho_mqtt/MQTTPacket/src/MQTTUnsubscribeServer.c:49:10
	ldr	r0, [sp, #16]
	add	r0, r1
	str	r0, [sp, #16]
	.loc	2 50 12 is_stmt 1               @ packages/paho_mqtt/MQTTPacket/src/MQTTUnsubscribeServer.c:50:12
	ldr	r0, [sp, #16]
	.loc	2 50 22 is_stmt 0               @ packages/paho_mqtt/MQTTPacket/src/MQTTUnsubscribeServer.c:50:22
	ldr	r1, [sp, #4]
	.loc	2 50 20                         @ packages/paho_mqtt/MQTTPacket/src/MQTTUnsubscribeServer.c:50:20
	add	r0, r1
	.loc	2 50 10                         @ packages/paho_mqtt/MQTTPacket/src/MQTTUnsubscribeServer.c:50:10
	str	r0, [sp, #12]
	add	r0, sp, #16
	.loc	2 52 14 is_stmt 1               @ packages/paho_mqtt/MQTTPacket/src/MQTTUnsubscribeServer.c:52:14
	bl	readInt
	.loc	2 52 3 is_stmt 0                @ packages/paho_mqtt/MQTTPacket/src/MQTTUnsubscribeServer.c:52:3
	ldr	r1, [sp, #32]
	.loc	2 52 12                         @ packages/paho_mqtt/MQTTPacket/src/MQTTUnsubscribeServer.c:52:12
	strh	r0, [r1]
	.loc	2 54 3 is_stmt 1                @ packages/paho_mqtt/MQTTPacket/src/MQTTUnsubscribeServer.c:54:3
	ldr	r1, [sp, #24]
	movs	r0, #0
	.loc	2 54 9 is_stmt 0                @ packages/paho_mqtt/MQTTPacket/src/MQTTUnsubscribeServer.c:54:9
	str	r0, [r1]
	.loc	2 55 2 is_stmt 1                @ packages/paho_mqtt/MQTTPacket/src/MQTTUnsubscribeServer.c:55:2
	b	.LBB0_3
.LBB0_3:                                @ =>This Inner Loop Header: Depth=1
	.loc	2 55 9 is_stmt 0                @ packages/paho_mqtt/MQTTPacket/src/MQTTUnsubscribeServer.c:55:9
	ldr	r0, [sp, #16]
	.loc	2 55 19                         @ packages/paho_mqtt/MQTTPacket/src/MQTTUnsubscribeServer.c:55:19
	ldr	r1, [sp, #12]
	.loc	2 55 2                          @ packages/paho_mqtt/MQTTPacket/src/MQTTUnsubscribeServer.c:55:2
	cmp	r0, r1
	bhs	.LBB0_7
	b	.LBB0_4
.LBB0_4:                                @   in Loop: Header=BB0_3 Depth=1
.Ltmp5:
	.loc	2 57 27 is_stmt 1               @ packages/paho_mqtt/MQTTPacket/src/MQTTUnsubscribeServer.c:57:27
	ldr	r0, [sp, #48]
	.loc	2 57 41 is_stmt 0               @ packages/paho_mqtt/MQTTPacket/src/MQTTUnsubscribeServer.c:57:41
	ldr	r1, [sp, #24]
	.loc	2 57 40                         @ packages/paho_mqtt/MQTTPacket/src/MQTTUnsubscribeServer.c:57:40
	ldr	r1, [r1]
	.loc	2 57 27                         @ packages/paho_mqtt/MQTTPacket/src/MQTTUnsubscribeServer.c:57:27
	add.w	r1, r1, r1, lsl #1
	add.w	r0, r0, r1, lsl #2
	.loc	2 57 59                         @ packages/paho_mqtt/MQTTPacket/src/MQTTUnsubscribeServer.c:57:59
	ldr	r2, [sp, #12]
	add	r1, sp, #16
	.loc	2 57 8                          @ packages/paho_mqtt/MQTTPacket/src/MQTTUnsubscribeServer.c:57:8
	bl	readMQTTLenString
.Ltmp6:
	.loc	2 57 7                          @ packages/paho_mqtt/MQTTPacket/src/MQTTUnsubscribeServer.c:57:7
	cbnz	r0, .LBB0_6
	b	.LBB0_5
.LBB0_5:
.Ltmp7:
	.loc	2 58 4 is_stmt 1                @ packages/paho_mqtt/MQTTPacket/src/MQTTUnsubscribeServer.c:58:4
	b	.LBB0_8
.Ltmp8:
.LBB0_6:                                @   in Loop: Header=BB0_3 Depth=1
	.loc	2 59 5                          @ packages/paho_mqtt/MQTTPacket/src/MQTTUnsubscribeServer.c:59:5
	ldr	r1, [sp, #24]
	.loc	2 59 11 is_stmt 0               @ packages/paho_mqtt/MQTTPacket/src/MQTTUnsubscribeServer.c:59:11
	ldr	r0, [r1]
	adds	r0, #1
	str	r0, [r1]
.Ltmp9:
	.loc	2 55 2 is_stmt 1                @ packages/paho_mqtt/MQTTPacket/src/MQTTUnsubscribeServer.c:55:2
	b	.LBB0_3
.LBB0_7:
	.loc	2 0 2 is_stmt 0                 @ packages/paho_mqtt/MQTTPacket/src/MQTTUnsubscribeServer.c:0:2
	movs	r0, #1
	.loc	2 62 5 is_stmt 1                @ packages/paho_mqtt/MQTTPacket/src/MQTTUnsubscribeServer.c:62:5
	str	r0, [sp, #8]
	.loc	2 62 2 is_stmt 0                @ packages/paho_mqtt/MQTTPacket/src/MQTTUnsubscribeServer.c:62:2
	b	.LBB0_8
.LBB0_8:
.Ltmp10:
	@DEBUG_LABEL: MQTTDeserialize_unsubscribe:exit
	.loc	2 65 9 is_stmt 1                @ packages/paho_mqtt/MQTTPacket/src/MQTTUnsubscribeServer.c:65:9
	ldr	r0, [sp, #8]
	.loc	2 65 2 is_stmt 0                @ packages/paho_mqtt/MQTTPacket/src/MQTTUnsubscribeServer.c:65:2
	add	sp, #40
	pop	{r7, pc}
.Ltmp11:
.Lfunc_end0:
	.size	MQTTDeserialize_unsubscribe, .Lfunc_end0-MQTTDeserialize_unsubscribe
	.cfi_endproc
	.cantunwind
	.fnend
                                        @ -- End function
	.section	.text.MQTTSerialize_unsuback,"ax",%progbits
	.hidden	MQTTSerialize_unsuback          @ -- Begin function MQTTSerialize_unsuback
	.globl	MQTTSerialize_unsuback
	.p2align	3
	.type	MQTTSerialize_unsuback,%function
	.code	16                              @ @MQTTSerialize_unsuback
	.thumb_func
MQTTSerialize_unsuback:
.Lfunc_begin1:
	.loc	2 77 0 is_stmt 1                @ packages/paho_mqtt/MQTTPacket/src/MQTTUnsubscribeServer.c:77:0
	.fnstart
	.cfi_startproc
@ %bb.0:
	.save	{r7, lr}
	push	{r7, lr}
	.cfi_def_cfa_offset 8
	.cfi_offset lr, -4
	.cfi_offset r7, -8
	.pad	#32
	sub	sp, #32
	.cfi_def_cfa_offset 40
                                        @ kill: def $r3 killed $r2
	str	r0, [sp, #28]
	str	r1, [sp, #24]
	strh.w	r2, [sp, #22]
.Ltmp12:
	.loc	2 78 13 prologue_end            @ packages/paho_mqtt/MQTTPacket/src/MQTTUnsubscribeServer.c:78:13
	movw	r0, :lower16:.L__const.MQTTSerialize_unsuback.header
	movt	r0, :upper16:.L__const.MQTTSerialize_unsuback.header
	ldr	r0, [r0]
	str	r0, [sp, #16]
	movs	r0, #0
	.loc	2 79 6                          @ packages/paho_mqtt/MQTTPacket/src/MQTTUnsubscribeServer.c:79:6
	str	r0, [sp, #12]
	.loc	2 80 23                         @ packages/paho_mqtt/MQTTPacket/src/MQTTUnsubscribeServer.c:80:23
	ldr	r0, [sp, #28]
	.loc	2 80 17 is_stmt 0               @ packages/paho_mqtt/MQTTPacket/src/MQTTUnsubscribeServer.c:80:17
	str	r0, [sp, #8]
.Ltmp13:
	.loc	2 83 6 is_stmt 1                @ packages/paho_mqtt/MQTTPacket/src/MQTTUnsubscribeServer.c:83:6
	ldr	r0, [sp, #24]
.Ltmp14:
	.loc	2 83 6 is_stmt 0                @ packages/paho_mqtt/MQTTPacket/src/MQTTUnsubscribeServer.c:83:6
	cmp	r0, #1
	bgt	.LBB1_2
	b	.LBB1_1
.LBB1_1:
	.loc	2 0 6                           @ packages/paho_mqtt/MQTTPacket/src/MQTTUnsubscribeServer.c:0:6
	mvn	r0, #1
.Ltmp15:
	.loc	2 85 6 is_stmt 1                @ packages/paho_mqtt/MQTTPacket/src/MQTTUnsubscribeServer.c:85:6
	str	r0, [sp, #12]
	.loc	2 86 3                          @ packages/paho_mqtt/MQTTPacket/src/MQTTUnsubscribeServer.c:86:3
	b	.LBB1_3
.Ltmp16:
.LBB1_2:
	.loc	2 0 3 is_stmt 0                 @ packages/paho_mqtt/MQTTPacket/src/MQTTUnsubscribeServer.c:0:3
	movs	r0, #0
	.loc	2 88 14 is_stmt 1               @ packages/paho_mqtt/MQTTPacket/src/MQTTUnsubscribeServer.c:88:14
	strb.w	r0, [sp, #16]
	.loc	2 89 19                         @ packages/paho_mqtt/MQTTPacket/src/MQTTUnsubscribeServer.c:89:19
	ldrb.w	r0, [sp, #16]
	movs	r1, #11
	bfi	r0, r1, #4, #28
	strb.w	r0, [sp, #16]
	.loc	2 90 25                         @ packages/paho_mqtt/MQTTPacket/src/MQTTUnsubscribeServer.c:90:25
	ldrsb.w	r1, [sp, #16]
	add	r0, sp, #8
	.loc	2 90 2 is_stmt 0                @ packages/paho_mqtt/MQTTPacket/src/MQTTUnsubscribeServer.c:90:2
	str	r0, [sp, #4]                    @ 4-byte Spill
	bl	writeChar
	.loc	2 92 27 is_stmt 1               @ packages/paho_mqtt/MQTTPacket/src/MQTTUnsubscribeServer.c:92:27
	ldr	r0, [sp, #8]
	movs	r1, #2
	.loc	2 92 9 is_stmt 0                @ packages/paho_mqtt/MQTTPacket/src/MQTTUnsubscribeServer.c:92:9
	bl	MQTTPacket_encode
	mov	r2, r0
	.loc	2 92 6                          @ packages/paho_mqtt/MQTTPacket/src/MQTTUnsubscribeServer.c:92:6
	ldr	r0, [sp, #4]                    @ 4-byte Reload
	ldr	r1, [sp, #8]
	add	r1, r2
	str	r1, [sp, #8]
	.loc	2 94 17 is_stmt 1               @ packages/paho_mqtt/MQTTPacket/src/MQTTUnsubscribeServer.c:94:17
	ldrh.w	r1, [sp, #22]
	.loc	2 94 2 is_stmt 0                @ packages/paho_mqtt/MQTTPacket/src/MQTTUnsubscribeServer.c:94:2
	bl	writeInt
	.loc	2 96 7 is_stmt 1                @ packages/paho_mqtt/MQTTPacket/src/MQTTUnsubscribeServer.c:96:7
	ldr	r0, [sp, #8]
	.loc	2 96 13 is_stmt 0               @ packages/paho_mqtt/MQTTPacket/src/MQTTUnsubscribeServer.c:96:13
	ldr	r1, [sp, #28]
	.loc	2 96 11                         @ packages/paho_mqtt/MQTTPacket/src/MQTTUnsubscribeServer.c:96:11
	subs	r0, r0, r1
	.loc	2 96 5                          @ packages/paho_mqtt/MQTTPacket/src/MQTTUnsubscribeServer.c:96:5
	str	r0, [sp, #12]
	.loc	2 96 2                          @ packages/paho_mqtt/MQTTPacket/src/MQTTUnsubscribeServer.c:96:2
	b	.LBB1_3
.LBB1_3:
.Ltmp17:
	@DEBUG_LABEL: MQTTSerialize_unsuback:exit
	.loc	2 99 9 is_stmt 1                @ packages/paho_mqtt/MQTTPacket/src/MQTTUnsubscribeServer.c:99:9
	ldr	r0, [sp, #12]
	.loc	2 99 2 is_stmt 0                @ packages/paho_mqtt/MQTTPacket/src/MQTTUnsubscribeServer.c:99:2
	add	sp, #32
	pop	{r7, pc}
.Ltmp18:
.Lfunc_end1:
	.size	MQTTSerialize_unsuback, .Lfunc_end1-MQTTSerialize_unsuback
	.cfi_endproc
	.cantunwind
	.fnend
                                        @ -- End function
	.type	.L__const.MQTTDeserialize_unsubscribe.header,%object @ @__const.MQTTDeserialize_unsubscribe.header
	.section	.rodata.cst4,"aM",%progbits,4
	.p2align	2
.L__const.MQTTDeserialize_unsubscribe.header:
	.byte	0                               @ 0x0
	.zero	3
	.size	.L__const.MQTTDeserialize_unsubscribe.header, 4

	.type	.L__const.MQTTSerialize_unsuback.header,%object @ @__const.MQTTSerialize_unsuback.header
	.p2align	2
.L__const.MQTTSerialize_unsuback.header:
	.byte	0                               @ 0x0
	.zero	3
	.size	.L__const.MQTTSerialize_unsuback.header, 4

	.section	.debug_abbrev,"",%progbits
	.byte	1                               @ Abbreviation Code
	.byte	17                              @ DW_TAG_compile_unit
	.byte	1                               @ DW_CHILDREN_yes
	.byte	37                              @ DW_AT_producer
	.byte	14                              @ DW_FORM_strp
	.byte	19                              @ DW_AT_language
	.byte	5                               @ DW_FORM_data2
	.byte	3                               @ DW_AT_name
	.byte	14                              @ DW_FORM_strp
	.byte	16                              @ DW_AT_stmt_list
	.byte	6                               @ DW_FORM_data4
	.byte	27                              @ DW_AT_comp_dir
	.byte	14                              @ DW_FORM_strp
	.byte	17                              @ DW_AT_low_pc
	.byte	1                               @ DW_FORM_addr
	.byte	85                              @ DW_AT_ranges
	.byte	6                               @ DW_FORM_data4
	.byte	0                               @ EOM(1)
	.byte	0                               @ EOM(2)
	.byte	2                               @ Abbreviation Code
	.byte	4                               @ DW_TAG_enumeration_type
	.byte	1                               @ DW_CHILDREN_yes
	.byte	73                              @ DW_AT_type
	.byte	19                              @ DW_FORM_ref4
	.byte	3                               @ DW_AT_name
	.byte	14                              @ DW_FORM_strp
	.byte	11                              @ DW_AT_byte_size
	.byte	11                              @ DW_FORM_data1
	.byte	58                              @ DW_AT_decl_file
	.byte	11                              @ DW_FORM_data1
	.byte	59                              @ DW_AT_decl_line
	.byte	11                              @ DW_FORM_data1
	.byte	0                               @ EOM(1)
	.byte	0                               @ EOM(2)
	.byte	3                               @ Abbreviation Code
	.byte	40                              @ DW_TAG_enumerator
	.byte	0                               @ DW_CHILDREN_no
	.byte	3                               @ DW_AT_name
	.byte	14                              @ DW_FORM_strp
	.byte	28                              @ DW_AT_const_value
	.byte	15                              @ DW_FORM_udata
	.byte	0                               @ EOM(1)
	.byte	0                               @ EOM(2)
	.byte	4                               @ Abbreviation Code
	.byte	36                              @ DW_TAG_base_type
	.byte	0                               @ DW_CHILDREN_no
	.byte	3                               @ DW_AT_name
	.byte	14                              @ DW_FORM_strp
	.byte	62                              @ DW_AT_encoding
	.byte	11                              @ DW_FORM_data1
	.byte	11                              @ DW_AT_byte_size
	.byte	11                              @ DW_FORM_data1
	.byte	0                               @ EOM(1)
	.byte	0                               @ EOM(2)
	.byte	5                               @ Abbreviation Code
	.byte	40                              @ DW_TAG_enumerator
	.byte	0                               @ DW_CHILDREN_no
	.byte	3                               @ DW_AT_name
	.byte	14                              @ DW_FORM_strp
	.byte	28                              @ DW_AT_const_value
	.byte	13                              @ DW_FORM_sdata
	.byte	0                               @ EOM(1)
	.byte	0                               @ EOM(2)
	.byte	6                               @ Abbreviation Code
	.byte	46                              @ DW_TAG_subprogram
	.byte	1                               @ DW_CHILDREN_yes
	.byte	17                              @ DW_AT_low_pc
	.byte	1                               @ DW_FORM_addr
	.byte	18                              @ DW_AT_high_pc
	.byte	1                               @ DW_FORM_addr
	.byte	64                              @ DW_AT_frame_base
	.byte	10                              @ DW_FORM_block1
	.byte	3                               @ DW_AT_name
	.byte	14                              @ DW_FORM_strp
	.byte	58                              @ DW_AT_decl_file
	.byte	11                              @ DW_FORM_data1
	.byte	59                              @ DW_AT_decl_line
	.byte	11                              @ DW_FORM_data1
	.byte	39                              @ DW_AT_prototyped
	.byte	12                              @ DW_FORM_flag
	.byte	73                              @ DW_AT_type
	.byte	19                              @ DW_FORM_ref4
	.byte	63                              @ DW_AT_external
	.byte	12                              @ DW_FORM_flag
	.byte	0                               @ EOM(1)
	.byte	0                               @ EOM(2)
	.byte	7                               @ Abbreviation Code
	.byte	5                               @ DW_TAG_formal_parameter
	.byte	0                               @ DW_CHILDREN_no
	.byte	2                               @ DW_AT_location
	.byte	10                              @ DW_FORM_block1
	.byte	3                               @ DW_AT_name
	.byte	14                              @ DW_FORM_strp
	.byte	58                              @ DW_AT_decl_file
	.byte	11                              @ DW_FORM_data1
	.byte	59                              @ DW_AT_decl_line
	.byte	11                              @ DW_FORM_data1
	.byte	73                              @ DW_AT_type
	.byte	19                              @ DW_FORM_ref4
	.byte	0                               @ EOM(1)
	.byte	0                               @ EOM(2)
	.byte	8                               @ Abbreviation Code
	.byte	52                              @ DW_TAG_variable
	.byte	0                               @ DW_CHILDREN_no
	.byte	2                               @ DW_AT_location
	.byte	10                              @ DW_FORM_block1
	.byte	3                               @ DW_AT_name
	.byte	14                              @ DW_FORM_strp
	.byte	58                              @ DW_AT_decl_file
	.byte	11                              @ DW_FORM_data1
	.byte	59                              @ DW_AT_decl_line
	.byte	11                              @ DW_FORM_data1
	.byte	73                              @ DW_AT_type
	.byte	19                              @ DW_FORM_ref4
	.byte	0                               @ EOM(1)
	.byte	0                               @ EOM(2)
	.byte	9                               @ Abbreviation Code
	.byte	10                              @ DW_TAG_label
	.byte	0                               @ DW_CHILDREN_no
	.byte	3                               @ DW_AT_name
	.byte	14                              @ DW_FORM_strp
	.byte	58                              @ DW_AT_decl_file
	.byte	11                              @ DW_FORM_data1
	.byte	59                              @ DW_AT_decl_line
	.byte	11                              @ DW_FORM_data1
	.byte	17                              @ DW_AT_low_pc
	.byte	1                               @ DW_FORM_addr
	.byte	0                               @ EOM(1)
	.byte	0                               @ EOM(2)
	.byte	10                              @ Abbreviation Code
	.byte	15                              @ DW_TAG_pointer_type
	.byte	0                               @ DW_CHILDREN_no
	.byte	73                              @ DW_AT_type
	.byte	19                              @ DW_FORM_ref4
	.byte	0                               @ EOM(1)
	.byte	0                               @ EOM(2)
	.byte	11                              @ Abbreviation Code
	.byte	22                              @ DW_TAG_typedef
	.byte	0                               @ DW_CHILDREN_no
	.byte	73                              @ DW_AT_type
	.byte	19                              @ DW_FORM_ref4
	.byte	3                               @ DW_AT_name
	.byte	14                              @ DW_FORM_strp
	.byte	58                              @ DW_AT_decl_file
	.byte	11                              @ DW_FORM_data1
	.byte	59                              @ DW_AT_decl_line
	.byte	11                              @ DW_FORM_data1
	.byte	0                               @ EOM(1)
	.byte	0                               @ EOM(2)
	.byte	12                              @ Abbreviation Code
	.byte	19                              @ DW_TAG_structure_type
	.byte	1                               @ DW_CHILDREN_yes
	.byte	11                              @ DW_AT_byte_size
	.byte	11                              @ DW_FORM_data1
	.byte	58                              @ DW_AT_decl_file
	.byte	11                              @ DW_FORM_data1
	.byte	59                              @ DW_AT_decl_line
	.byte	11                              @ DW_FORM_data1
	.byte	0                               @ EOM(1)
	.byte	0                               @ EOM(2)
	.byte	13                              @ Abbreviation Code
	.byte	13                              @ DW_TAG_member
	.byte	0                               @ DW_CHILDREN_no
	.byte	3                               @ DW_AT_name
	.byte	14                              @ DW_FORM_strp
	.byte	73                              @ DW_AT_type
	.byte	19                              @ DW_FORM_ref4
	.byte	58                              @ DW_AT_decl_file
	.byte	11                              @ DW_FORM_data1
	.byte	59                              @ DW_AT_decl_line
	.byte	11                              @ DW_FORM_data1
	.byte	56                              @ DW_AT_data_member_location
	.byte	11                              @ DW_FORM_data1
	.byte	0                               @ EOM(1)
	.byte	0                               @ EOM(2)
	.byte	14                              @ Abbreviation Code
	.byte	23                              @ DW_TAG_union_type
	.byte	1                               @ DW_CHILDREN_yes
	.byte	11                              @ DW_AT_byte_size
	.byte	11                              @ DW_FORM_data1
	.byte	58                              @ DW_AT_decl_file
	.byte	11                              @ DW_FORM_data1
	.byte	59                              @ DW_AT_decl_line
	.byte	11                              @ DW_FORM_data1
	.byte	0                               @ EOM(1)
	.byte	0                               @ EOM(2)
	.byte	15                              @ Abbreviation Code
	.byte	13                              @ DW_TAG_member
	.byte	0                               @ DW_CHILDREN_no
	.byte	3                               @ DW_AT_name
	.byte	14                              @ DW_FORM_strp
	.byte	73                              @ DW_AT_type
	.byte	19                              @ DW_FORM_ref4
	.byte	58                              @ DW_AT_decl_file
	.byte	11                              @ DW_FORM_data1
	.byte	59                              @ DW_AT_decl_line
	.byte	11                              @ DW_FORM_data1
	.byte	11                              @ DW_AT_byte_size
	.byte	11                              @ DW_FORM_data1
	.byte	13                              @ DW_AT_bit_size
	.byte	11                              @ DW_FORM_data1
	.byte	12                              @ DW_AT_bit_offset
	.byte	11                              @ DW_FORM_data1
	.byte	56                              @ DW_AT_data_member_location
	.byte	11                              @ DW_FORM_data1
	.byte	0                               @ EOM(1)
	.byte	0                               @ EOM(2)
	.byte	0                               @ EOM(3)
	.section	.debug_info,"",%progbits
.Lcu_begin0:
	.long	.Ldebug_info_end0-.Ldebug_info_start0 @ Length of Unit
.Ldebug_info_start0:
	.short	3                               @ DWARF version number
	.long	.debug_abbrev                   @ Offset Into Abbrev. Section
	.byte	4                               @ Address Size (in bytes)
	.byte	1                               @ Abbrev [1] 0xb:0x2da DW_TAG_compile_unit
	.long	.Linfo_string0                  @ DW_AT_producer
	.short	12                              @ DW_AT_language
	.long	.Linfo_string1                  @ DW_AT_name
	.long	.Lline_table_start0             @ DW_AT_stmt_list
	.long	.Linfo_string2                  @ DW_AT_comp_dir
	.long	0                               @ DW_AT_low_pc
	.long	.Ldebug_ranges0                 @ DW_AT_ranges
	.byte	2                               @ Abbrev [2] 0x26:0x61 DW_TAG_enumeration_type
	.long	135                             @ DW_AT_type
	.long	.Linfo_string18                 @ DW_AT_name
	.byte	1                               @ DW_AT_byte_size
	.byte	1                               @ DW_AT_decl_file
	.byte	43                              @ DW_AT_decl_line
	.byte	3                               @ Abbrev [3] 0x32:0x6 DW_TAG_enumerator
	.long	.Linfo_string4                  @ DW_AT_name
	.byte	1                               @ DW_AT_const_value
	.byte	3                               @ Abbrev [3] 0x38:0x6 DW_TAG_enumerator
	.long	.Linfo_string5                  @ DW_AT_name
	.byte	2                               @ DW_AT_const_value
	.byte	3                               @ Abbrev [3] 0x3e:0x6 DW_TAG_enumerator
	.long	.Linfo_string6                  @ DW_AT_name
	.byte	3                               @ DW_AT_const_value
	.byte	3                               @ Abbrev [3] 0x44:0x6 DW_TAG_enumerator
	.long	.Linfo_string7                  @ DW_AT_name
	.byte	4                               @ DW_AT_const_value
	.byte	3                               @ Abbrev [3] 0x4a:0x6 DW_TAG_enumerator
	.long	.Linfo_string8                  @ DW_AT_name
	.byte	5                               @ DW_AT_const_value
	.byte	3                               @ Abbrev [3] 0x50:0x6 DW_TAG_enumerator
	.long	.Linfo_string9                  @ DW_AT_name
	.byte	6                               @ DW_AT_const_value
	.byte	3                               @ Abbrev [3] 0x56:0x6 DW_TAG_enumerator
	.long	.Linfo_string10                 @ DW_AT_name
	.byte	7                               @ DW_AT_const_value
	.byte	3                               @ Abbrev [3] 0x5c:0x6 DW_TAG_enumerator
	.long	.Linfo_string11                 @ DW_AT_name
	.byte	8                               @ DW_AT_const_value
	.byte	3                               @ Abbrev [3] 0x62:0x6 DW_TAG_enumerator
	.long	.Linfo_string12                 @ DW_AT_name
	.byte	9                               @ DW_AT_const_value
	.byte	3                               @ Abbrev [3] 0x68:0x6 DW_TAG_enumerator
	.long	.Linfo_string13                 @ DW_AT_name
	.byte	10                              @ DW_AT_const_value
	.byte	3                               @ Abbrev [3] 0x6e:0x6 DW_TAG_enumerator
	.long	.Linfo_string14                 @ DW_AT_name
	.byte	11                              @ DW_AT_const_value
	.byte	3                               @ Abbrev [3] 0x74:0x6 DW_TAG_enumerator
	.long	.Linfo_string15                 @ DW_AT_name
	.byte	12                              @ DW_AT_const_value
	.byte	3                               @ Abbrev [3] 0x7a:0x6 DW_TAG_enumerator
	.long	.Linfo_string16                 @ DW_AT_name
	.byte	13                              @ DW_AT_const_value
	.byte	3                               @ Abbrev [3] 0x80:0x6 DW_TAG_enumerator
	.long	.Linfo_string17                 @ DW_AT_name
	.byte	14                              @ DW_AT_const_value
	.byte	0                               @ End Of Children Mark
	.byte	4                               @ Abbrev [4] 0x87:0x7 DW_TAG_base_type
	.long	.Linfo_string3                  @ DW_AT_name
	.byte	8                               @ DW_AT_encoding
	.byte	1                               @ DW_AT_byte_size
	.byte	2                               @ Abbrev [2] 0x8e:0x1f DW_TAG_enumeration_type
	.long	173                             @ DW_AT_type
	.long	.Linfo_string23                 @ DW_AT_name
	.byte	1                               @ DW_AT_byte_size
	.byte	1                               @ DW_AT_decl_file
	.byte	36                              @ DW_AT_decl_line
	.byte	5                               @ Abbrev [5] 0x9a:0x6 DW_TAG_enumerator
	.long	.Linfo_string20                 @ DW_AT_name
	.byte	126                             @ DW_AT_const_value
	.byte	5                               @ Abbrev [5] 0xa0:0x6 DW_TAG_enumerator
	.long	.Linfo_string21                 @ DW_AT_name
	.byte	127                             @ DW_AT_const_value
	.byte	5                               @ Abbrev [5] 0xa6:0x6 DW_TAG_enumerator
	.long	.Linfo_string22                 @ DW_AT_name
	.byte	0                               @ DW_AT_const_value
	.byte	0                               @ End Of Children Mark
	.byte	4                               @ Abbrev [4] 0xad:0x7 DW_TAG_base_type
	.long	.Linfo_string19                 @ DW_AT_name
	.byte	6                               @ DW_AT_encoding
	.byte	1                               @ DW_AT_byte_size
	.byte	6                               @ Abbrev [6] 0xb4:0xcb DW_TAG_subprogram
	.long	.Lfunc_begin0                   @ DW_AT_low_pc
	.long	.Lfunc_end0                     @ DW_AT_high_pc
	.byte	1                               @ DW_AT_frame_base
	.byte	93
	.long	.Linfo_string24                 @ DW_AT_name
	.byte	2                               @ DW_AT_decl_file
	.byte	34                              @ DW_AT_decl_line
	.byte	1                               @ DW_AT_prototyped
	.long	502                             @ DW_AT_type
	.byte	1                               @ DW_AT_external
	.byte	7                               @ Abbrev [7] 0xcb:0xe DW_TAG_formal_parameter
	.byte	2                               @ DW_AT_location
	.byte	145
	.byte	36
	.long	.Linfo_string27                 @ DW_AT_name
	.byte	2                               @ DW_AT_decl_file
	.byte	34                              @ DW_AT_decl_line
	.long	509                             @ DW_AT_type
	.byte	7                               @ Abbrev [7] 0xd9:0xe DW_TAG_formal_parameter
	.byte	2                               @ DW_AT_location
	.byte	145
	.byte	32
	.long	.Linfo_string28                 @ DW_AT_name
	.byte	2                               @ DW_AT_decl_file
	.byte	34                              @ DW_AT_decl_line
	.long	514                             @ DW_AT_type
	.byte	7                               @ Abbrev [7] 0xe7:0xe DW_TAG_formal_parameter
	.byte	2                               @ DW_AT_location
	.byte	145
	.byte	28
	.long	.Linfo_string30                 @ DW_AT_name
	.byte	2                               @ DW_AT_decl_file
	.byte	34                              @ DW_AT_decl_line
	.long	502                             @ DW_AT_type
	.byte	7                               @ Abbrev [7] 0xf5:0xe DW_TAG_formal_parameter
	.byte	2                               @ DW_AT_location
	.byte	145
	.byte	24
	.long	.Linfo_string31                 @ DW_AT_name
	.byte	2                               @ DW_AT_decl_file
	.byte	34                              @ DW_AT_decl_line
	.long	526                             @ DW_AT_type
	.byte	7                               @ Abbrev [7] 0x103:0xe DW_TAG_formal_parameter
	.byte	2                               @ DW_AT_location
	.byte	145
	.byte	48
	.long	.Linfo_string32                 @ DW_AT_name
	.byte	2                               @ DW_AT_decl_file
	.byte	34                              @ DW_AT_decl_line
	.long	531                             @ DW_AT_type
	.byte	7                               @ Abbrev [7] 0x111:0xe DW_TAG_formal_parameter
	.byte	2                               @ DW_AT_location
	.byte	145
	.byte	52
	.long	.Linfo_string40                 @ DW_AT_name
	.byte	2                               @ DW_AT_decl_file
	.byte	35                              @ DW_AT_decl_line
	.long	509                             @ DW_AT_type
	.byte	7                               @ Abbrev [7] 0x11f:0xe DW_TAG_formal_parameter
	.byte	2                               @ DW_AT_location
	.byte	145
	.byte	56
	.long	.Linfo_string36                 @ DW_AT_name
	.byte	2                               @ DW_AT_decl_file
	.byte	35                              @ DW_AT_decl_line
	.long	502                             @ DW_AT_type
	.byte	8                               @ Abbrev [8] 0x12d:0xe DW_TAG_variable
	.byte	2                               @ DW_AT_location
	.byte	145
	.byte	20
	.long	.Linfo_string41                 @ DW_AT_name
	.byte	2                               @ DW_AT_decl_file
	.byte	37                              @ DW_AT_decl_line
	.long	628                             @ DW_AT_type
	.byte	8                               @ Abbrev [8] 0x13b:0xe DW_TAG_variable
	.byte	2                               @ DW_AT_location
	.byte	145
	.byte	16
	.long	.Linfo_string49                 @ DW_AT_name
	.byte	2                               @ DW_AT_decl_file
	.byte	38                              @ DW_AT_decl_line
	.long	509                             @ DW_AT_type
	.byte	8                               @ Abbrev [8] 0x149:0xe DW_TAG_variable
	.byte	2                               @ DW_AT_location
	.byte	145
	.byte	12
	.long	.Linfo_string50                 @ DW_AT_name
	.byte	2                               @ DW_AT_decl_file
	.byte	39                              @ DW_AT_decl_line
	.long	509                             @ DW_AT_type
	.byte	8                               @ Abbrev [8] 0x157:0xe DW_TAG_variable
	.byte	2                               @ DW_AT_location
	.byte	145
	.byte	8
	.long	.Linfo_string51                 @ DW_AT_name
	.byte	2                               @ DW_AT_decl_file
	.byte	40                              @ DW_AT_decl_line
	.long	502                             @ DW_AT_type
	.byte	8                               @ Abbrev [8] 0x165:0xe DW_TAG_variable
	.byte	2                               @ DW_AT_location
	.byte	145
	.byte	4
	.long	.Linfo_string52                 @ DW_AT_name
	.byte	2                               @ DW_AT_decl_file
	.byte	41                              @ DW_AT_decl_line
	.long	502                             @ DW_AT_type
	.byte	9                               @ Abbrev [9] 0x173:0xb DW_TAG_label
	.long	.Linfo_string53                 @ DW_AT_name
	.byte	2                               @ DW_AT_decl_file
	.byte	63                              @ DW_AT_decl_line
	.long	.Ltmp10                         @ DW_AT_low_pc
	.byte	0                               @ End Of Children Mark
	.byte	6                               @ Abbrev [6] 0x17f:0x77 DW_TAG_subprogram
	.long	.Lfunc_begin1                   @ DW_AT_low_pc
	.long	.Lfunc_end1                     @ DW_AT_high_pc
	.byte	1                               @ DW_AT_frame_base
	.byte	93
	.long	.Linfo_string26                 @ DW_AT_name
	.byte	2                               @ DW_AT_decl_file
	.byte	76                              @ DW_AT_decl_line
	.byte	1                               @ DW_AT_prototyped
	.long	502                             @ DW_AT_type
	.byte	1                               @ DW_AT_external
	.byte	7                               @ Abbrev [7] 0x196:0xe DW_TAG_formal_parameter
	.byte	2                               @ DW_AT_location
	.byte	145
	.byte	28
	.long	.Linfo_string40                 @ DW_AT_name
	.byte	2                               @ DW_AT_decl_file
	.byte	76                              @ DW_AT_decl_line
	.long	509                             @ DW_AT_type
	.byte	7                               @ Abbrev [7] 0x1a4:0xe DW_TAG_formal_parameter
	.byte	2                               @ DW_AT_location
	.byte	145
	.byte	24
	.long	.Linfo_string54                 @ DW_AT_name
	.byte	2                               @ DW_AT_decl_file
	.byte	76                              @ DW_AT_decl_line
	.long	502                             @ DW_AT_type
	.byte	7                               @ Abbrev [7] 0x1b2:0xe DW_TAG_formal_parameter
	.byte	2                               @ DW_AT_location
	.byte	145
	.byte	22
	.long	.Linfo_string28                 @ DW_AT_name
	.byte	2                               @ DW_AT_decl_file
	.byte	76                              @ DW_AT_decl_line
	.long	519                             @ DW_AT_type
	.byte	8                               @ Abbrev [8] 0x1c0:0xe DW_TAG_variable
	.byte	2                               @ DW_AT_location
	.byte	145
	.byte	16
	.long	.Linfo_string41                 @ DW_AT_name
	.byte	2                               @ DW_AT_decl_file
	.byte	78                              @ DW_AT_decl_line
	.long	628                             @ DW_AT_type
	.byte	8                               @ Abbrev [8] 0x1ce:0xe DW_TAG_variable
	.byte	2                               @ DW_AT_location
	.byte	145
	.byte	12
	.long	.Linfo_string51                 @ DW_AT_name
	.byte	2                               @ DW_AT_decl_file
	.byte	79                              @ DW_AT_decl_line
	.long	502                             @ DW_AT_type
	.byte	8                               @ Abbrev [8] 0x1dc:0xe DW_TAG_variable
	.byte	2                               @ DW_AT_location
	.byte	145
	.byte	8
	.long	.Linfo_string55                 @ DW_AT_name
	.byte	2                               @ DW_AT_decl_file
	.byte	80                              @ DW_AT_decl_line
	.long	509                             @ DW_AT_type
	.byte	9                               @ Abbrev [9] 0x1ea:0xb DW_TAG_label
	.long	.Linfo_string53                 @ DW_AT_name
	.byte	2                               @ DW_AT_decl_file
	.byte	97                              @ DW_AT_decl_line
	.long	.Ltmp17                         @ DW_AT_low_pc
	.byte	0                               @ End Of Children Mark
	.byte	4                               @ Abbrev [4] 0x1f6:0x7 DW_TAG_base_type
	.long	.Linfo_string25                 @ DW_AT_name
	.byte	5                               @ DW_AT_encoding
	.byte	4                               @ DW_AT_byte_size
	.byte	10                              @ Abbrev [10] 0x1fd:0x5 DW_TAG_pointer_type
	.long	135                             @ DW_AT_type
	.byte	10                              @ Abbrev [10] 0x202:0x5 DW_TAG_pointer_type
	.long	519                             @ DW_AT_type
	.byte	4                               @ Abbrev [4] 0x207:0x7 DW_TAG_base_type
	.long	.Linfo_string29                 @ DW_AT_name
	.byte	7                               @ DW_AT_encoding
	.byte	2                               @ DW_AT_byte_size
	.byte	10                              @ Abbrev [10] 0x20e:0x5 DW_TAG_pointer_type
	.long	502                             @ DW_AT_type
	.byte	10                              @ Abbrev [10] 0x213:0x5 DW_TAG_pointer_type
	.long	536                             @ DW_AT_type
	.byte	11                              @ Abbrev [11] 0x218:0xb DW_TAG_typedef
	.long	547                             @ DW_AT_type
	.long	.Linfo_string39                 @ DW_AT_name
	.byte	1                               @ DW_AT_decl_file
	.byte	85                              @ DW_AT_decl_line
	.byte	12                              @ Abbrev [12] 0x223:0x1d DW_TAG_structure_type
	.byte	12                              @ DW_AT_byte_size
	.byte	1                               @ DW_AT_decl_file
	.byte	81                              @ DW_AT_decl_line
	.byte	13                              @ Abbrev [13] 0x227:0xc DW_TAG_member
	.long	.Linfo_string33                 @ DW_AT_name
	.long	576                             @ DW_AT_type
	.byte	1                               @ DW_AT_decl_file
	.byte	83                              @ DW_AT_decl_line
	.byte	0                               @ DW_AT_data_member_location
	.byte	13                              @ Abbrev [13] 0x233:0xc DW_TAG_member
	.long	.Linfo_string35                 @ DW_AT_name
	.long	588                             @ DW_AT_type
	.byte	1                               @ DW_AT_decl_file
	.byte	84                              @ DW_AT_decl_line
	.byte	4                               @ DW_AT_data_member_location
	.byte	0                               @ End Of Children Mark
	.byte	10                              @ Abbrev [10] 0x240:0x5 DW_TAG_pointer_type
	.long	581                             @ DW_AT_type
	.byte	4                               @ Abbrev [4] 0x245:0x7 DW_TAG_base_type
	.long	.Linfo_string34                 @ DW_AT_name
	.byte	6                               @ DW_AT_encoding
	.byte	1                               @ DW_AT_byte_size
	.byte	11                              @ Abbrev [11] 0x24c:0xb DW_TAG_typedef
	.long	599                             @ DW_AT_type
	.long	.Linfo_string38                 @ DW_AT_name
	.byte	1                               @ DW_AT_decl_file
	.byte	79                              @ DW_AT_decl_line
	.byte	12                              @ Abbrev [12] 0x257:0x1d DW_TAG_structure_type
	.byte	8                               @ DW_AT_byte_size
	.byte	1                               @ DW_AT_decl_file
	.byte	75                              @ DW_AT_decl_line
	.byte	13                              @ Abbrev [13] 0x25b:0xc DW_TAG_member
	.long	.Linfo_string36                 @ DW_AT_name
	.long	502                             @ DW_AT_type
	.byte	1                               @ DW_AT_decl_file
	.byte	77                              @ DW_AT_decl_line
	.byte	0                               @ DW_AT_data_member_location
	.byte	13                              @ Abbrev [13] 0x267:0xc DW_TAG_member
	.long	.Linfo_string37                 @ DW_AT_name
	.long	576                             @ DW_AT_type
	.byte	1                               @ DW_AT_decl_file
	.byte	78                              @ DW_AT_decl_line
	.byte	4                               @ DW_AT_data_member_location
	.byte	0                               @ End Of Children Mark
	.byte	11                              @ Abbrev [11] 0x274:0xb DW_TAG_typedef
	.long	639                             @ DW_AT_type
	.long	.Linfo_string48                 @ DW_AT_name
	.byte	1                               @ DW_AT_decl_file
	.byte	73                              @ DW_AT_decl_line
	.byte	14                              @ Abbrev [14] 0x27f:0x5e DW_TAG_union_type
	.byte	4                               @ DW_AT_byte_size
	.byte	1                               @ DW_AT_decl_file
	.byte	53                              @ DW_AT_decl_line
	.byte	13                              @ Abbrev [13] 0x283:0xc DW_TAG_member
	.long	.Linfo_string42                 @ DW_AT_name
	.long	135                             @ DW_AT_type
	.byte	1                               @ DW_AT_decl_file
	.byte	55                              @ DW_AT_decl_line
	.byte	0                               @ DW_AT_data_member_location
	.byte	13                              @ Abbrev [13] 0x28f:0xc DW_TAG_member
	.long	.Linfo_string43                 @ DW_AT_name
	.long	667                             @ DW_AT_type
	.byte	1                               @ DW_AT_decl_file
	.byte	71                              @ DW_AT_decl_line
	.byte	0                               @ DW_AT_data_member_location
	.byte	12                              @ Abbrev [12] 0x29b:0x41 DW_TAG_structure_type
	.byte	4                               @ DW_AT_byte_size
	.byte	1                               @ DW_AT_decl_file
	.byte	65                              @ DW_AT_decl_line
	.byte	15                              @ Abbrev [15] 0x29f:0xf DW_TAG_member
	.long	.Linfo_string44                 @ DW_AT_name
	.long	733                             @ DW_AT_type
	.byte	1                               @ DW_AT_decl_file
	.byte	67                              @ DW_AT_decl_line
	.byte	4                               @ DW_AT_byte_size
	.byte	1                               @ DW_AT_bit_size
	.byte	31                              @ DW_AT_bit_offset
	.byte	0                               @ DW_AT_data_member_location
	.byte	15                              @ Abbrev [15] 0x2ae:0xf DW_TAG_member
	.long	.Linfo_string46                 @ DW_AT_name
	.long	733                             @ DW_AT_type
	.byte	1                               @ DW_AT_decl_file
	.byte	68                              @ DW_AT_decl_line
	.byte	4                               @ DW_AT_byte_size
	.byte	2                               @ DW_AT_bit_size
	.byte	29                              @ DW_AT_bit_offset
	.byte	0                               @ DW_AT_data_member_location
	.byte	15                              @ Abbrev [15] 0x2bd:0xf DW_TAG_member
	.long	.Linfo_string27                 @ DW_AT_name
	.long	733                             @ DW_AT_type
	.byte	1                               @ DW_AT_decl_file
	.byte	69                              @ DW_AT_decl_line
	.byte	4                               @ DW_AT_byte_size
	.byte	1                               @ DW_AT_bit_size
	.byte	28                              @ DW_AT_bit_offset
	.byte	0                               @ DW_AT_data_member_location
	.byte	15                              @ Abbrev [15] 0x2cc:0xf DW_TAG_member
	.long	.Linfo_string47                 @ DW_AT_name
	.long	733                             @ DW_AT_type
	.byte	1                               @ DW_AT_decl_file
	.byte	70                              @ DW_AT_decl_line
	.byte	4                               @ DW_AT_byte_size
	.byte	4                               @ DW_AT_bit_size
	.byte	24                              @ DW_AT_bit_offset
	.byte	0                               @ DW_AT_data_member_location
	.byte	0                               @ End Of Children Mark
	.byte	0                               @ End Of Children Mark
	.byte	4                               @ Abbrev [4] 0x2dd:0x7 DW_TAG_base_type
	.long	.Linfo_string45                 @ DW_AT_name
	.byte	7                               @ DW_AT_encoding
	.byte	4                               @ DW_AT_byte_size
	.byte	0                               @ End Of Children Mark
.Ldebug_info_end0:
	.section	.debug_ranges,"",%progbits
.Ldebug_ranges0:
	.long	.Lfunc_begin0
	.long	.Lfunc_end0
	.long	.Lfunc_begin1
	.long	.Lfunc_end1
	.long	0
	.long	0
	.section	.debug_str,"MS",%progbits,1
.Linfo_string0:
	.asciz	"Component: ARM Compiler 6.16 Tool: armclang [5dfeb700]" @ string offset=0
.Linfo_string1:
	.asciz	"packages/paho_mqtt/MQTTPacket/src\\MQTTUnsubscribeServer.c" @ string offset=55
.Linfo_string2:
	.asciz	"E:\\STM32\\Learning\\STM32H750_ART_PI_RGBLCD" @ string offset=113
.Linfo_string3:
	.asciz	"unsigned char"                 @ string offset=155
.Linfo_string4:
	.asciz	"CONNECT"                       @ string offset=169
.Linfo_string5:
	.asciz	"CONNACK"                       @ string offset=177
.Linfo_string6:
	.asciz	"PUBLISH"                       @ string offset=185
.Linfo_string7:
	.asciz	"PUBACK"                        @ string offset=193
.Linfo_string8:
	.asciz	"PUBREC"                        @ string offset=200
.Linfo_string9:
	.asciz	"PUBREL"                        @ string offset=207
.Linfo_string10:
	.asciz	"PUBCOMP"                       @ string offset=214
.Linfo_string11:
	.asciz	"SUBSCRIBE"                     @ string offset=222
.Linfo_string12:
	.asciz	"SUBACK"                        @ string offset=232
.Linfo_string13:
	.asciz	"UNSUBSCRIBE"                   @ string offset=239
.Linfo_string14:
	.asciz	"UNSUBACK"                      @ string offset=251
.Linfo_string15:
	.asciz	"PINGREQ"                       @ string offset=260
.Linfo_string16:
	.asciz	"PINGRESP"                      @ string offset=268
.Linfo_string17:
	.asciz	"DISCONNECT"                    @ string offset=277
.Linfo_string18:
	.asciz	"msgTypes"                      @ string offset=288
.Linfo_string19:
	.asciz	"signed char"                   @ string offset=297
.Linfo_string20:
	.asciz	"MQTTPACKET_BUFFER_TOO_SHORT"   @ string offset=309
.Linfo_string21:
	.asciz	"MQTTPACKET_READ_ERROR"         @ string offset=337
.Linfo_string22:
	.asciz	"MQTTPACKET_READ_COMPLETE"      @ string offset=359
.Linfo_string23:
	.asciz	"errors"                        @ string offset=384
.Linfo_string24:
	.asciz	"MQTTDeserialize_unsubscribe"   @ string offset=391
.Linfo_string25:
	.asciz	"int"                           @ string offset=419
.Linfo_string26:
	.asciz	"MQTTSerialize_unsuback"        @ string offset=423
.Linfo_string27:
	.asciz	"dup"                           @ string offset=446
.Linfo_string28:
	.asciz	"packetid"                      @ string offset=450
.Linfo_string29:
	.asciz	"unsigned short"                @ string offset=459
.Linfo_string30:
	.asciz	"maxcount"                      @ string offset=474
.Linfo_string31:
	.asciz	"count"                         @ string offset=483
.Linfo_string32:
	.asciz	"topicFilters"                  @ string offset=489
.Linfo_string33:
	.asciz	"cstring"                       @ string offset=502
.Linfo_string34:
	.asciz	"char"                          @ string offset=510
.Linfo_string35:
	.asciz	"lenstring"                     @ string offset=515
.Linfo_string36:
	.asciz	"len"                           @ string offset=525
.Linfo_string37:
	.asciz	"data"                          @ string offset=529
.Linfo_string38:
	.asciz	"MQTTLenString"                 @ string offset=534
.Linfo_string39:
	.asciz	"MQTTString"                    @ string offset=548
.Linfo_string40:
	.asciz	"buf"                           @ string offset=559
.Linfo_string41:
	.asciz	"header"                        @ string offset=563
.Linfo_string42:
	.asciz	"byte"                          @ string offset=570
.Linfo_string43:
	.asciz	"bits"                          @ string offset=575
.Linfo_string44:
	.asciz	"retain"                        @ string offset=580
.Linfo_string45:
	.asciz	"unsigned int"                  @ string offset=587
.Linfo_string46:
	.asciz	"qos"                           @ string offset=600
.Linfo_string47:
	.asciz	"type"                          @ string offset=604
.Linfo_string48:
	.asciz	"MQTTHeader"                    @ string offset=609
.Linfo_string49:
	.asciz	"curdata"                       @ string offset=620
.Linfo_string50:
	.asciz	"enddata"                       @ string offset=628
.Linfo_string51:
	.asciz	"rc"                            @ string offset=636
.Linfo_string52:
	.asciz	"mylen"                         @ string offset=639
.Linfo_string53:
	.asciz	"exit"                          @ string offset=645
.Linfo_string54:
	.asciz	"buflen"                        @ string offset=650
.Linfo_string55:
	.asciz	"ptr"                           @ string offset=657
	.ident	"Component: ARM Compiler 6.16 Tool: armclang [5dfeb700]"
	.section	".note.GNU-stack","",%progbits
	.eabi_attribute	30, 6	@ Tag_ABI_optimization_goals
	.ARM_attribute	16, 1	@ Tag_AV_eba
	.section	.debug_line,"",%progbits
.Lline_table_start0:
