	.text
	.syntax unified
	.eabi_attribute	67, "2.09"	@ Tag_conformance
	.cpu	cortex-m7
	.eabi_attribute	6, 13	@ Tag_CPU_arch
	.eabi_attribute	7, 77	@ Tag_CPU_arch_profile
	.eabi_attribute	8, 0	@ Tag_ARM_ISA_use
	.eabi_attribute	9, 2	@ Tag_THUMB_ISA_use
	.fpu	fpv5-d16
	.eabi_attribute	36, 1	@ Tag_FP_HP_extension
	.eabi_attribute	34, 1	@ Tag_CPU_unaligned_access
	.eabi_attribute	17, 1	@ Tag_ABI_PCS_GOT_use
	.eabi_attribute	20, 2	@ Tag_ABI_FP_denormal
	.eabi_attribute	21, 0	@ Tag_ABI_FP_exceptions
	.eabi_attribute	23, 1	@ Tag_ABI_FP_number_model
	.eabi_attribute	24, 1	@ Tag_ABI_align_needed
	.eabi_attribute	25, 1	@ Tag_ABI_align_preserved
	.eabi_attribute	28, 1	@ Tag_ABI_VFP_args
	.eabi_attribute	38, 1	@ Tag_ABI_FP_16bit_format
	.eabi_attribute	18, 2	@ Tag_ABI_PCS_wchar_t
	.eabi_attribute	26, 1	@ Tag_ABI_enum_size
	.eabi_attribute	14, 0	@ Tag_ABI_PCS_R9_use
	.file	"MQTTUnsubscribeClient.c"
	.file	1 "E:\\STM32\\Learning\\STM32H750_ART_PI_RGBLCD" "./packages/paho_mqtt/MQTTPacket/src/MQTTPacket.h"
	.section	.text.MQTTSerialize_unsubscribeLength,"ax",%progbits
	.hidden	MQTTSerialize_unsubscribeLength @ -- Begin function MQTTSerialize_unsubscribeLength
	.globl	MQTTSerialize_unsubscribeLength
	.p2align	3
	.type	MQTTSerialize_unsubscribeLength,%function
	.code	16                              @ @MQTTSerialize_unsubscribeLength
	.thumb_func
MQTTSerialize_unsubscribeLength:
.Lfunc_begin0:
	.file	2 "E:\\STM32\\Learning\\STM32H750_ART_PI_RGBLCD" "packages/paho_mqtt/MQTTPacket/src/MQTTUnsubscribeClient.c"
	.loc	2 29 0                          @ packages/paho_mqtt/MQTTPacket/src/MQTTUnsubscribeClient.c:29:0
	.fnstart
	.cfi_sections .debug_frame
	.cfi_startproc
@ %bb.0:
	.save	{r7, lr}
	push	{r7, lr}
	.cfi_def_cfa_offset 8
	.cfi_offset lr, -4
	.cfi_offset r7, -8
	.pad	#16
	sub	sp, #16
	.cfi_def_cfa_offset 24
	str	r0, [sp, #12]
	str	r1, [sp, #8]
	movs	r0, #2
.Ltmp0:
	.loc	2 31 6 prologue_end             @ packages/paho_mqtt/MQTTPacket/src/MQTTUnsubscribeClient.c:31:6
	str	r0, [sp]
	movs	r0, #0
.Ltmp1:
	.loc	2 33 9                          @ packages/paho_mqtt/MQTTPacket/src/MQTTUnsubscribeClient.c:33:9
	str	r0, [sp, #4]
	.loc	2 33 7 is_stmt 0                @ packages/paho_mqtt/MQTTPacket/src/MQTTUnsubscribeClient.c:33:7
	b	.LBB0_1
.LBB0_1:                                @ =>This Inner Loop Header: Depth=1
.Ltmp2:
	.loc	2 33 14                         @ packages/paho_mqtt/MQTTPacket/src/MQTTUnsubscribeClient.c:33:14
	ldr	r0, [sp, #4]
	.loc	2 33 18                         @ packages/paho_mqtt/MQTTPacket/src/MQTTUnsubscribeClient.c:33:18
	ldr	r1, [sp, #12]
.Ltmp3:
	.loc	2 33 2                          @ packages/paho_mqtt/MQTTPacket/src/MQTTUnsubscribeClient.c:33:2
	cmp	r0, r1
	bge	.LBB0_4
	b	.LBB0_2
.LBB0_2:                                @   in Loop: Header=BB0_1 Depth=1
.Ltmp4:
	.loc	2 34 25 is_stmt 1               @ packages/paho_mqtt/MQTTPacket/src/MQTTUnsubscribeClient.c:34:25
	ldr	r0, [sp, #8]
	.loc	2 34 38 is_stmt 0               @ packages/paho_mqtt/MQTTPacket/src/MQTTUnsubscribeClient.c:34:38
	ldr	r1, [sp, #4]
	.loc	2 34 25                         @ packages/paho_mqtt/MQTTPacket/src/MQTTUnsubscribeClient.c:34:25
	add.w	r1, r1, r1, lsl #1
	add.w	r2, r0, r1, lsl #2
	.loc	2 34 14                         @ packages/paho_mqtt/MQTTPacket/src/MQTTUnsubscribeClient.c:34:14
	ldr.w	r0, [r0, r1, lsl #2]
	ldr	r1, [r2, #4]
	ldr	r2, [r2, #8]
	bl	MQTTstrlen
	.loc	2 34 7                          @ packages/paho_mqtt/MQTTPacket/src/MQTTUnsubscribeClient.c:34:7
	ldr	r1, [sp]
	.loc	2 34 12                         @ packages/paho_mqtt/MQTTPacket/src/MQTTUnsubscribeClient.c:34:12
	add	r0, r1
	.loc	2 34 7                          @ packages/paho_mqtt/MQTTPacket/src/MQTTUnsubscribeClient.c:34:7
	adds	r0, #2
	str	r0, [sp]
	.loc	2 34 3                          @ packages/paho_mqtt/MQTTPacket/src/MQTTUnsubscribeClient.c:34:3
	b	.LBB0_3
.LBB0_3:                                @   in Loop: Header=BB0_1 Depth=1
	.loc	2 33 25 is_stmt 1               @ packages/paho_mqtt/MQTTPacket/src/MQTTUnsubscribeClient.c:33:25
	ldr	r0, [sp, #4]
	adds	r0, #1
	str	r0, [sp, #4]
	.loc	2 33 2 is_stmt 0                @ packages/paho_mqtt/MQTTPacket/src/MQTTUnsubscribeClient.c:33:2
	b	.LBB0_1
.Ltmp5:
.LBB0_4:
	.loc	2 35 9 is_stmt 1                @ packages/paho_mqtt/MQTTPacket/src/MQTTUnsubscribeClient.c:35:9
	ldr	r0, [sp]
	.loc	2 35 2 is_stmt 0                @ packages/paho_mqtt/MQTTPacket/src/MQTTUnsubscribeClient.c:35:2
	add	sp, #16
	pop	{r7, pc}
.Ltmp6:
.Lfunc_end0:
	.size	MQTTSerialize_unsubscribeLength, .Lfunc_end0-MQTTSerialize_unsubscribeLength
	.cfi_endproc
	.cantunwind
	.fnend
                                        @ -- End function
	.section	.text.MQTTSerialize_unsubscribe,"ax",%progbits
	.hidden	MQTTSerialize_unsubscribe       @ -- Begin function MQTTSerialize_unsubscribe
	.globl	MQTTSerialize_unsubscribe
	.p2align	3
	.type	MQTTSerialize_unsubscribe,%function
	.code	16                              @ @MQTTSerialize_unsubscribe
	.thumb_func
MQTTSerialize_unsubscribe:
.Lfunc_begin1:
	.loc	2 51 0 is_stmt 1                @ packages/paho_mqtt/MQTTPacket/src/MQTTUnsubscribeClient.c:51:0
	.fnstart
	.cfi_startproc
@ %bb.0:
	.save	{r7, lr}
	push	{r7, lr}
	.cfi_def_cfa_offset 8
	.cfi_offset lr, -4
	.cfi_offset r7, -8
	.pad	#40
	sub	sp, #40
	.cfi_def_cfa_offset 48
	ldr.w	r12, [sp, #52]
	ldr.w	r12, [sp, #48]
                                        @ kill: def $r12 killed $r3
                                        @ kill: def $r12 killed $r2
	str	r0, [sp, #36]
	str	r1, [sp, #32]
	strb.w	r2, [sp, #31]
	strh.w	r3, [sp, #28]
.Ltmp7:
	.loc	2 52 23 prologue_end            @ packages/paho_mqtt/MQTTPacket/src/MQTTUnsubscribeClient.c:52:23
	ldr	r0, [sp, #36]
	.loc	2 52 17 is_stmt 0               @ packages/paho_mqtt/MQTTPacket/src/MQTTUnsubscribeClient.c:52:17
	str	r0, [sp, #24]
	.loc	2 53 13 is_stmt 1               @ packages/paho_mqtt/MQTTPacket/src/MQTTUnsubscribeClient.c:53:13
	movw	r0, :lower16:.L__const.MQTTSerialize_unsubscribe.header
	movt	r0, :upper16:.L__const.MQTTSerialize_unsubscribe.header
	ldr	r0, [r0]
	str	r0, [sp, #20]
	movs	r0, #0
	.loc	2 54 6                          @ packages/paho_mqtt/MQTTPacket/src/MQTTUnsubscribeClient.c:54:6
	str	r0, [sp, #16]
	mov.w	r1, #-1
	.loc	2 55 6                          @ packages/paho_mqtt/MQTTPacket/src/MQTTUnsubscribeClient.c:55:6
	str	r1, [sp, #12]
	.loc	2 56 6                          @ packages/paho_mqtt/MQTTPacket/src/MQTTUnsubscribeClient.c:56:6
	str	r0, [sp, #8]
.Ltmp8:
	.loc	2 59 63                         @ packages/paho_mqtt/MQTTPacket/src/MQTTUnsubscribeClient.c:59:63
	ldr	r0, [sp, #48]
	.loc	2 59 70 is_stmt 0               @ packages/paho_mqtt/MQTTPacket/src/MQTTUnsubscribeClient.c:59:70
	ldr	r1, [sp, #52]
	.loc	2 59 31                         @ packages/paho_mqtt/MQTTPacket/src/MQTTUnsubscribeClient.c:59:31
	bl	MQTTSerialize_unsubscribeLength
	.loc	2 59 29                         @ packages/paho_mqtt/MQTTPacket/src/MQTTUnsubscribeClient.c:59:29
	str	r0, [sp, #16]
	.loc	2 59 6                          @ packages/paho_mqtt/MQTTPacket/src/MQTTUnsubscribeClient.c:59:6
	bl	MQTTPacket_len
	.loc	2 59 87                         @ packages/paho_mqtt/MQTTPacket/src/MQTTUnsubscribeClient.c:59:87
	ldr	r1, [sp, #32]
.Ltmp9:
	.loc	2 59 6                          @ packages/paho_mqtt/MQTTPacket/src/MQTTUnsubscribeClient.c:59:6
	cmp	r0, r1
	ble	.LBB1_2
	b	.LBB1_1
.LBB1_1:
	.loc	2 0 6                           @ packages/paho_mqtt/MQTTPacket/src/MQTTUnsubscribeClient.c:0:6
	mvn	r0, #1
.Ltmp10:
	.loc	2 61 6 is_stmt 1                @ packages/paho_mqtt/MQTTPacket/src/MQTTUnsubscribeClient.c:61:6
	str	r0, [sp, #12]
	.loc	2 62 3                          @ packages/paho_mqtt/MQTTPacket/src/MQTTUnsubscribeClient.c:62:3
	b	.LBB1_7
.Ltmp11:
.LBB1_2:
	.loc	2 0 3 is_stmt 0                 @ packages/paho_mqtt/MQTTPacket/src/MQTTUnsubscribeClient.c:0:3
	movs	r0, #0
	.loc	2 65 14 is_stmt 1               @ packages/paho_mqtt/MQTTPacket/src/MQTTUnsubscribeClient.c:65:14
	str	r0, [sp, #4]                    @ 4-byte Spill
	strb.w	r0, [sp, #20]
	.loc	2 66 19                         @ packages/paho_mqtt/MQTTPacket/src/MQTTUnsubscribeClient.c:66:19
	ldrb.w	r0, [sp, #20]
	movs	r1, #10
	bfi	r0, r1, #4, #28
	strb.w	r0, [sp, #20]
	.loc	2 67 20                         @ packages/paho_mqtt/MQTTPacket/src/MQTTUnsubscribeClient.c:67:20
	ldrb.w	r1, [sp, #31]
	.loc	2 67 18 is_stmt 0               @ packages/paho_mqtt/MQTTPacket/src/MQTTUnsubscribeClient.c:67:18
	ldrb.w	r0, [sp, #20]
	and	r1, r1, #1
	and	r0, r0, #247
	orr.w	r0, r0, r1, lsl #3
	strb.w	r0, [sp, #20]
	.loc	2 68 18 is_stmt 1               @ packages/paho_mqtt/MQTTPacket/src/MQTTUnsubscribeClient.c:68:18
	ldrb.w	r0, [sp, #20]
	and	r0, r0, #249
	adds	r0, #2
	strb.w	r0, [sp, #20]
	.loc	2 69 25                         @ packages/paho_mqtt/MQTTPacket/src/MQTTUnsubscribeClient.c:69:25
	ldrsb.w	r1, [sp, #20]
	add	r0, sp, #24
	.loc	2 69 2 is_stmt 0                @ packages/paho_mqtt/MQTTPacket/src/MQTTUnsubscribeClient.c:69:2
	str	r0, [sp]                        @ 4-byte Spill
	bl	writeChar
	.loc	2 71 27 is_stmt 1               @ packages/paho_mqtt/MQTTPacket/src/MQTTUnsubscribeClient.c:71:27
	ldr	r0, [sp, #24]
	.loc	2 71 32 is_stmt 0               @ packages/paho_mqtt/MQTTPacket/src/MQTTUnsubscribeClient.c:71:32
	ldr	r1, [sp, #16]
	.loc	2 71 9                          @ packages/paho_mqtt/MQTTPacket/src/MQTTUnsubscribeClient.c:71:9
	bl	MQTTPacket_encode
	mov	r2, r0
	.loc	2 71 6                          @ packages/paho_mqtt/MQTTPacket/src/MQTTUnsubscribeClient.c:71:6
	ldr	r0, [sp]                        @ 4-byte Reload
	ldr	r1, [sp, #24]
	add	r1, r2
	str	r1, [sp, #24]
	.loc	2 73 17 is_stmt 1               @ packages/paho_mqtt/MQTTPacket/src/MQTTUnsubscribeClient.c:73:17
	ldrh.w	r1, [sp, #28]
	.loc	2 73 2 is_stmt 0                @ packages/paho_mqtt/MQTTPacket/src/MQTTUnsubscribeClient.c:73:2
	bl	writeInt
	ldr	r0, [sp, #4]                    @ 4-byte Reload
.Ltmp12:
	.loc	2 75 9 is_stmt 1                @ packages/paho_mqtt/MQTTPacket/src/MQTTUnsubscribeClient.c:75:9
	str	r0, [sp, #8]
	.loc	2 75 7 is_stmt 0                @ packages/paho_mqtt/MQTTPacket/src/MQTTUnsubscribeClient.c:75:7
	b	.LBB1_3
.LBB1_3:                                @ =>This Inner Loop Header: Depth=1
.Ltmp13:
	.loc	2 75 14                         @ packages/paho_mqtt/MQTTPacket/src/MQTTUnsubscribeClient.c:75:14
	ldr	r0, [sp, #8]
	.loc	2 75 18                         @ packages/paho_mqtt/MQTTPacket/src/MQTTUnsubscribeClient.c:75:18
	ldr	r1, [sp, #48]
.Ltmp14:
	.loc	2 75 2                          @ packages/paho_mqtt/MQTTPacket/src/MQTTUnsubscribeClient.c:75:2
	cmp	r0, r1
	bge	.LBB1_6
	b	.LBB1_4
.LBB1_4:                                @   in Loop: Header=BB1_3 Depth=1
.Ltmp15:
	.loc	2 76 25 is_stmt 1               @ packages/paho_mqtt/MQTTPacket/src/MQTTUnsubscribeClient.c:76:25
	ldr	r1, [sp, #52]
	.loc	2 76 38 is_stmt 0               @ packages/paho_mqtt/MQTTPacket/src/MQTTUnsubscribeClient.c:76:38
	ldr	r0, [sp, #8]
	.loc	2 76 25                         @ packages/paho_mqtt/MQTTPacket/src/MQTTUnsubscribeClient.c:76:25
	add.w	r2, r0, r0, lsl #1
	add.w	r0, r1, r2, lsl #2
	.loc	2 76 3                          @ packages/paho_mqtt/MQTTPacket/src/MQTTUnsubscribeClient.c:76:3
	ldr.w	r1, [r1, r2, lsl #2]
	ldr	r2, [r0, #4]
	ldr	r3, [r0, #8]
	add	r0, sp, #24
	bl	writeMQTTString
	b	.LBB1_5
.LBB1_5:                                @   in Loop: Header=BB1_3 Depth=1
	.loc	2 75 25 is_stmt 1               @ packages/paho_mqtt/MQTTPacket/src/MQTTUnsubscribeClient.c:75:25
	ldr	r0, [sp, #8]
	adds	r0, #1
	str	r0, [sp, #8]
	.loc	2 75 2 is_stmt 0                @ packages/paho_mqtt/MQTTPacket/src/MQTTUnsubscribeClient.c:75:2
	b	.LBB1_3
.Ltmp16:
.LBB1_6:
	.loc	2 78 7 is_stmt 1                @ packages/paho_mqtt/MQTTPacket/src/MQTTUnsubscribeClient.c:78:7
	ldr	r0, [sp, #24]
	.loc	2 78 13 is_stmt 0               @ packages/paho_mqtt/MQTTPacket/src/MQTTUnsubscribeClient.c:78:13
	ldr	r1, [sp, #36]
	.loc	2 78 11                         @ packages/paho_mqtt/MQTTPacket/src/MQTTUnsubscribeClient.c:78:11
	subs	r0, r0, r1
	.loc	2 78 5                          @ packages/paho_mqtt/MQTTPacket/src/MQTTUnsubscribeClient.c:78:5
	str	r0, [sp, #12]
	.loc	2 78 2                          @ packages/paho_mqtt/MQTTPacket/src/MQTTUnsubscribeClient.c:78:2
	b	.LBB1_7
.LBB1_7:
.Ltmp17:
	@DEBUG_LABEL: MQTTSerialize_unsubscribe:exit
	.loc	2 81 9 is_stmt 1                @ packages/paho_mqtt/MQTTPacket/src/MQTTUnsubscribeClient.c:81:9
	ldr	r0, [sp, #12]
	.loc	2 81 2 is_stmt 0                @ packages/paho_mqtt/MQTTPacket/src/MQTTUnsubscribeClient.c:81:2
	add	sp, #40
	pop	{r7, pc}
.Ltmp18:
.Lfunc_end1:
	.size	MQTTSerialize_unsubscribe, .Lfunc_end1-MQTTSerialize_unsubscribe
	.cfi_endproc
	.cantunwind
	.fnend
                                        @ -- End function
	.section	.text.MQTTDeserialize_unsuback,"ax",%progbits
	.hidden	MQTTDeserialize_unsuback        @ -- Begin function MQTTDeserialize_unsuback
	.globl	MQTTDeserialize_unsuback
	.p2align	3
	.type	MQTTDeserialize_unsuback,%function
	.code	16                              @ @MQTTDeserialize_unsuback
	.thumb_func
MQTTDeserialize_unsuback:
.Lfunc_begin2:
	.loc	2 93 0 is_stmt 1                @ packages/paho_mqtt/MQTTPacket/src/MQTTUnsubscribeClient.c:93:0
	.fnstart
	.cfi_startproc
@ %bb.0:
	.save	{r7, lr}
	push	{r7, lr}
	.cfi_def_cfa_offset 8
	.cfi_offset lr, -4
	.cfi_offset r7, -8
	.pad	#24
	sub	sp, #24
	.cfi_def_cfa_offset 32
	str	r0, [sp, #20]
	str	r1, [sp, #16]
	str	r2, [sp, #12]
	movs	r0, #0
.Ltmp19:
	.loc	2 94 16 prologue_end            @ packages/paho_mqtt/MQTTPacket/src/MQTTUnsubscribeClient.c:94:16
	strb.w	r0, [sp, #11]
	.loc	2 95 16                         @ packages/paho_mqtt/MQTTPacket/src/MQTTUnsubscribeClient.c:95:16
	strb.w	r0, [sp, #10]
	.loc	2 96 6                          @ packages/paho_mqtt/MQTTPacket/src/MQTTUnsubscribeClient.c:96:6
	str	r0, [sp, #4]
	.loc	2 99 40                         @ packages/paho_mqtt/MQTTPacket/src/MQTTUnsubscribeClient.c:99:40
	ldr	r2, [sp, #20]
	.loc	2 99 50 is_stmt 0               @ packages/paho_mqtt/MQTTPacket/src/MQTTUnsubscribeClient.c:99:50
	ldr	r3, [sp, #16]
	.loc	2 99 55                         @ packages/paho_mqtt/MQTTPacket/src/MQTTUnsubscribeClient.c:99:55
	ldr	r0, [sp, #12]
	.loc	2 99 7                          @ packages/paho_mqtt/MQTTPacket/src/MQTTUnsubscribeClient.c:99:7
	mov	r1, sp
	str	r0, [r1]
	add.w	r0, sp, #11
	add.w	r1, sp, #10
	bl	MQTTDeserialize_ack
	.loc	2 99 5                          @ packages/paho_mqtt/MQTTPacket/src/MQTTUnsubscribeClient.c:99:5
	str	r0, [sp, #4]
.Ltmp20:
	.loc	2 100 6 is_stmt 1               @ packages/paho_mqtt/MQTTPacket/src/MQTTUnsubscribeClient.c:100:6
	ldrb.w	r0, [sp, #11]
.Ltmp21:
	.loc	2 100 6 is_stmt 0               @ packages/paho_mqtt/MQTTPacket/src/MQTTUnsubscribeClient.c:100:6
	cmp	r0, #11
	bne	.LBB2_2
	b	.LBB2_1
.LBB2_1:
	.loc	2 0 6                           @ packages/paho_mqtt/MQTTPacket/src/MQTTUnsubscribeClient.c:0:6
	movs	r0, #1
.Ltmp22:
	.loc	2 101 6 is_stmt 1               @ packages/paho_mqtt/MQTTPacket/src/MQTTUnsubscribeClient.c:101:6
	str	r0, [sp, #4]
	.loc	2 101 3 is_stmt 0               @ packages/paho_mqtt/MQTTPacket/src/MQTTUnsubscribeClient.c:101:3
	b	.LBB2_2
.Ltmp23:
.LBB2_2:
	.loc	2 103 9 is_stmt 1               @ packages/paho_mqtt/MQTTPacket/src/MQTTUnsubscribeClient.c:103:9
	ldr	r0, [sp, #4]
	.loc	2 103 2 is_stmt 0               @ packages/paho_mqtt/MQTTPacket/src/MQTTUnsubscribeClient.c:103:2
	add	sp, #24
	pop	{r7, pc}
.Ltmp24:
.Lfunc_end2:
	.size	MQTTDeserialize_unsuback, .Lfunc_end2-MQTTDeserialize_unsuback
	.cfi_endproc
	.cantunwind
	.fnend
                                        @ -- End function
	.type	.L__const.MQTTSerialize_unsubscribe.header,%object @ @__const.MQTTSerialize_unsubscribe.header
	.section	.rodata.cst4,"aM",%progbits,4
	.p2align	2
.L__const.MQTTSerialize_unsubscribe.header:
	.byte	0                               @ 0x0
	.zero	3
	.size	.L__const.MQTTSerialize_unsubscribe.header, 4

	.section	.debug_abbrev,"",%progbits
	.byte	1                               @ Abbreviation Code
	.byte	17                              @ DW_TAG_compile_unit
	.byte	1                               @ DW_CHILDREN_yes
	.byte	37                              @ DW_AT_producer
	.byte	14                              @ DW_FORM_strp
	.byte	19                              @ DW_AT_language
	.byte	5                               @ DW_FORM_data2
	.byte	3                               @ DW_AT_name
	.byte	14                              @ DW_FORM_strp
	.byte	16                              @ DW_AT_stmt_list
	.byte	6                               @ DW_FORM_data4
	.byte	27                              @ DW_AT_comp_dir
	.byte	14                              @ DW_FORM_strp
	.byte	17                              @ DW_AT_low_pc
	.byte	1                               @ DW_FORM_addr
	.byte	85                              @ DW_AT_ranges
	.byte	6                               @ DW_FORM_data4
	.byte	0                               @ EOM(1)
	.byte	0                               @ EOM(2)
	.byte	2                               @ Abbreviation Code
	.byte	4                               @ DW_TAG_enumeration_type
	.byte	1                               @ DW_CHILDREN_yes
	.byte	73                              @ DW_AT_type
	.byte	19                              @ DW_FORM_ref4
	.byte	3                               @ DW_AT_name
	.byte	14                              @ DW_FORM_strp
	.byte	11                              @ DW_AT_byte_size
	.byte	11                              @ DW_FORM_data1
	.byte	58                              @ DW_AT_decl_file
	.byte	11                              @ DW_FORM_data1
	.byte	59                              @ DW_AT_decl_line
	.byte	11                              @ DW_FORM_data1
	.byte	0                               @ EOM(1)
	.byte	0                               @ EOM(2)
	.byte	3                               @ Abbreviation Code
	.byte	40                              @ DW_TAG_enumerator
	.byte	0                               @ DW_CHILDREN_no
	.byte	3                               @ DW_AT_name
	.byte	14                              @ DW_FORM_strp
	.byte	28                              @ DW_AT_const_value
	.byte	13                              @ DW_FORM_sdata
	.byte	0                               @ EOM(1)
	.byte	0                               @ EOM(2)
	.byte	4                               @ Abbreviation Code
	.byte	36                              @ DW_TAG_base_type
	.byte	0                               @ DW_CHILDREN_no
	.byte	3                               @ DW_AT_name
	.byte	14                              @ DW_FORM_strp
	.byte	62                              @ DW_AT_encoding
	.byte	11                              @ DW_FORM_data1
	.byte	11                              @ DW_AT_byte_size
	.byte	11                              @ DW_FORM_data1
	.byte	0                               @ EOM(1)
	.byte	0                               @ EOM(2)
	.byte	5                               @ Abbreviation Code
	.byte	40                              @ DW_TAG_enumerator
	.byte	0                               @ DW_CHILDREN_no
	.byte	3                               @ DW_AT_name
	.byte	14                              @ DW_FORM_strp
	.byte	28                              @ DW_AT_const_value
	.byte	15                              @ DW_FORM_udata
	.byte	0                               @ EOM(1)
	.byte	0                               @ EOM(2)
	.byte	6                               @ Abbreviation Code
	.byte	46                              @ DW_TAG_subprogram
	.byte	1                               @ DW_CHILDREN_yes
	.byte	17                              @ DW_AT_low_pc
	.byte	1                               @ DW_FORM_addr
	.byte	18                              @ DW_AT_high_pc
	.byte	1                               @ DW_FORM_addr
	.byte	64                              @ DW_AT_frame_base
	.byte	10                              @ DW_FORM_block1
	.byte	3                               @ DW_AT_name
	.byte	14                              @ DW_FORM_strp
	.byte	58                              @ DW_AT_decl_file
	.byte	11                              @ DW_FORM_data1
	.byte	59                              @ DW_AT_decl_line
	.byte	11                              @ DW_FORM_data1
	.byte	39                              @ DW_AT_prototyped
	.byte	12                              @ DW_FORM_flag
	.byte	73                              @ DW_AT_type
	.byte	19                              @ DW_FORM_ref4
	.byte	63                              @ DW_AT_external
	.byte	12                              @ DW_FORM_flag
	.byte	0                               @ EOM(1)
	.byte	0                               @ EOM(2)
	.byte	7                               @ Abbreviation Code
	.byte	5                               @ DW_TAG_formal_parameter
	.byte	0                               @ DW_CHILDREN_no
	.byte	2                               @ DW_AT_location
	.byte	10                              @ DW_FORM_block1
	.byte	3                               @ DW_AT_name
	.byte	14                              @ DW_FORM_strp
	.byte	58                              @ DW_AT_decl_file
	.byte	11                              @ DW_FORM_data1
	.byte	59                              @ DW_AT_decl_line
	.byte	11                              @ DW_FORM_data1
	.byte	73                              @ DW_AT_type
	.byte	19                              @ DW_FORM_ref4
	.byte	0                               @ EOM(1)
	.byte	0                               @ EOM(2)
	.byte	8                               @ Abbreviation Code
	.byte	52                              @ DW_TAG_variable
	.byte	0                               @ DW_CHILDREN_no
	.byte	2                               @ DW_AT_location
	.byte	10                              @ DW_FORM_block1
	.byte	3                               @ DW_AT_name
	.byte	14                              @ DW_FORM_strp
	.byte	58                              @ DW_AT_decl_file
	.byte	11                              @ DW_FORM_data1
	.byte	59                              @ DW_AT_decl_line
	.byte	11                              @ DW_FORM_data1
	.byte	73                              @ DW_AT_type
	.byte	19                              @ DW_FORM_ref4
	.byte	0                               @ EOM(1)
	.byte	0                               @ EOM(2)
	.byte	9                               @ Abbreviation Code
	.byte	10                              @ DW_TAG_label
	.byte	0                               @ DW_CHILDREN_no
	.byte	3                               @ DW_AT_name
	.byte	14                              @ DW_FORM_strp
	.byte	58                              @ DW_AT_decl_file
	.byte	11                              @ DW_FORM_data1
	.byte	59                              @ DW_AT_decl_line
	.byte	11                              @ DW_FORM_data1
	.byte	17                              @ DW_AT_low_pc
	.byte	1                               @ DW_FORM_addr
	.byte	0                               @ EOM(1)
	.byte	0                               @ EOM(2)
	.byte	10                              @ Abbreviation Code
	.byte	15                              @ DW_TAG_pointer_type
	.byte	0                               @ DW_CHILDREN_no
	.byte	73                              @ DW_AT_type
	.byte	19                              @ DW_FORM_ref4
	.byte	0                               @ EOM(1)
	.byte	0                               @ EOM(2)
	.byte	11                              @ Abbreviation Code
	.byte	22                              @ DW_TAG_typedef
	.byte	0                               @ DW_CHILDREN_no
	.byte	73                              @ DW_AT_type
	.byte	19                              @ DW_FORM_ref4
	.byte	3                               @ DW_AT_name
	.byte	14                              @ DW_FORM_strp
	.byte	58                              @ DW_AT_decl_file
	.byte	11                              @ DW_FORM_data1
	.byte	59                              @ DW_AT_decl_line
	.byte	11                              @ DW_FORM_data1
	.byte	0                               @ EOM(1)
	.byte	0                               @ EOM(2)
	.byte	12                              @ Abbreviation Code
	.byte	19                              @ DW_TAG_structure_type
	.byte	1                               @ DW_CHILDREN_yes
	.byte	11                              @ DW_AT_byte_size
	.byte	11                              @ DW_FORM_data1
	.byte	58                              @ DW_AT_decl_file
	.byte	11                              @ DW_FORM_data1
	.byte	59                              @ DW_AT_decl_line
	.byte	11                              @ DW_FORM_data1
	.byte	0                               @ EOM(1)
	.byte	0                               @ EOM(2)
	.byte	13                              @ Abbreviation Code
	.byte	13                              @ DW_TAG_member
	.byte	0                               @ DW_CHILDREN_no
	.byte	3                               @ DW_AT_name
	.byte	14                              @ DW_FORM_strp
	.byte	73                              @ DW_AT_type
	.byte	19                              @ DW_FORM_ref4
	.byte	58                              @ DW_AT_decl_file
	.byte	11                              @ DW_FORM_data1
	.byte	59                              @ DW_AT_decl_line
	.byte	11                              @ DW_FORM_data1
	.byte	56                              @ DW_AT_data_member_location
	.byte	11                              @ DW_FORM_data1
	.byte	0                               @ EOM(1)
	.byte	0                               @ EOM(2)
	.byte	14                              @ Abbreviation Code
	.byte	23                              @ DW_TAG_union_type
	.byte	1                               @ DW_CHILDREN_yes
	.byte	11                              @ DW_AT_byte_size
	.byte	11                              @ DW_FORM_data1
	.byte	58                              @ DW_AT_decl_file
	.byte	11                              @ DW_FORM_data1
	.byte	59                              @ DW_AT_decl_line
	.byte	11                              @ DW_FORM_data1
	.byte	0                               @ EOM(1)
	.byte	0                               @ EOM(2)
	.byte	15                              @ Abbreviation Code
	.byte	13                              @ DW_TAG_member
	.byte	0                               @ DW_CHILDREN_no
	.byte	3                               @ DW_AT_name
	.byte	14                              @ DW_FORM_strp
	.byte	73                              @ DW_AT_type
	.byte	19                              @ DW_FORM_ref4
	.byte	58                              @ DW_AT_decl_file
	.byte	11                              @ DW_FORM_data1
	.byte	59                              @ DW_AT_decl_line
	.byte	11                              @ DW_FORM_data1
	.byte	11                              @ DW_AT_byte_size
	.byte	11                              @ DW_FORM_data1
	.byte	13                              @ DW_AT_bit_size
	.byte	11                              @ DW_FORM_data1
	.byte	12                              @ DW_AT_bit_offset
	.byte	11                              @ DW_FORM_data1
	.byte	56                              @ DW_AT_data_member_location
	.byte	11                              @ DW_FORM_data1
	.byte	0                               @ EOM(1)
	.byte	0                               @ EOM(2)
	.byte	0                               @ EOM(3)
	.section	.debug_info,"",%progbits
.Lcu_begin0:
	.long	.Ldebug_info_end0-.Ldebug_info_start0 @ Length of Unit
.Ldebug_info_start0:
	.short	3                               @ DWARF version number
	.long	.debug_abbrev                   @ Offset Into Abbrev. Section
	.byte	4                               @ Address Size (in bytes)
	.byte	1                               @ Abbrev [1] 0xb:0x30c DW_TAG_compile_unit
	.long	.Linfo_string0                  @ DW_AT_producer
	.short	12                              @ DW_AT_language
	.long	.Linfo_string1                  @ DW_AT_name
	.long	.Lline_table_start0             @ DW_AT_stmt_list
	.long	.Linfo_string2                  @ DW_AT_comp_dir
	.long	0                               @ DW_AT_low_pc
	.long	.Ldebug_ranges0                 @ DW_AT_ranges
	.byte	2                               @ Abbrev [2] 0x26:0x1f DW_TAG_enumeration_type
	.long	69                              @ DW_AT_type
	.long	.Linfo_string7                  @ DW_AT_name
	.byte	1                               @ DW_AT_byte_size
	.byte	1                               @ DW_AT_decl_file
	.byte	36                              @ DW_AT_decl_line
	.byte	3                               @ Abbrev [3] 0x32:0x6 DW_TAG_enumerator
	.long	.Linfo_string4                  @ DW_AT_name
	.byte	126                             @ DW_AT_const_value
	.byte	3                               @ Abbrev [3] 0x38:0x6 DW_TAG_enumerator
	.long	.Linfo_string5                  @ DW_AT_name
	.byte	127                             @ DW_AT_const_value
	.byte	3                               @ Abbrev [3] 0x3e:0x6 DW_TAG_enumerator
	.long	.Linfo_string6                  @ DW_AT_name
	.byte	0                               @ DW_AT_const_value
	.byte	0                               @ End Of Children Mark
	.byte	4                               @ Abbrev [4] 0x45:0x7 DW_TAG_base_type
	.long	.Linfo_string3                  @ DW_AT_name
	.byte	6                               @ DW_AT_encoding
	.byte	1                               @ DW_AT_byte_size
	.byte	2                               @ Abbrev [2] 0x4c:0x61 DW_TAG_enumeration_type
	.long	173                             @ DW_AT_type
	.long	.Linfo_string23                 @ DW_AT_name
	.byte	1                               @ DW_AT_byte_size
	.byte	1                               @ DW_AT_decl_file
	.byte	43                              @ DW_AT_decl_line
	.byte	5                               @ Abbrev [5] 0x58:0x6 DW_TAG_enumerator
	.long	.Linfo_string9                  @ DW_AT_name
	.byte	1                               @ DW_AT_const_value
	.byte	5                               @ Abbrev [5] 0x5e:0x6 DW_TAG_enumerator
	.long	.Linfo_string10                 @ DW_AT_name
	.byte	2                               @ DW_AT_const_value
	.byte	5                               @ Abbrev [5] 0x64:0x6 DW_TAG_enumerator
	.long	.Linfo_string11                 @ DW_AT_name
	.byte	3                               @ DW_AT_const_value
	.byte	5                               @ Abbrev [5] 0x6a:0x6 DW_TAG_enumerator
	.long	.Linfo_string12                 @ DW_AT_name
	.byte	4                               @ DW_AT_const_value
	.byte	5                               @ Abbrev [5] 0x70:0x6 DW_TAG_enumerator
	.long	.Linfo_string13                 @ DW_AT_name
	.byte	5                               @ DW_AT_const_value
	.byte	5                               @ Abbrev [5] 0x76:0x6 DW_TAG_enumerator
	.long	.Linfo_string14                 @ DW_AT_name
	.byte	6                               @ DW_AT_const_value
	.byte	5                               @ Abbrev [5] 0x7c:0x6 DW_TAG_enumerator
	.long	.Linfo_string15                 @ DW_AT_name
	.byte	7                               @ DW_AT_const_value
	.byte	5                               @ Abbrev [5] 0x82:0x6 DW_TAG_enumerator
	.long	.Linfo_string16                 @ DW_AT_name
	.byte	8                               @ DW_AT_const_value
	.byte	5                               @ Abbrev [5] 0x88:0x6 DW_TAG_enumerator
	.long	.Linfo_string17                 @ DW_AT_name
	.byte	9                               @ DW_AT_const_value
	.byte	5                               @ Abbrev [5] 0x8e:0x6 DW_TAG_enumerator
	.long	.Linfo_string18                 @ DW_AT_name
	.byte	10                              @ DW_AT_const_value
	.byte	5                               @ Abbrev [5] 0x94:0x6 DW_TAG_enumerator
	.long	.Linfo_string19                 @ DW_AT_name
	.byte	11                              @ DW_AT_const_value
	.byte	5                               @ Abbrev [5] 0x9a:0x6 DW_TAG_enumerator
	.long	.Linfo_string20                 @ DW_AT_name
	.byte	12                              @ DW_AT_const_value
	.byte	5                               @ Abbrev [5] 0xa0:0x6 DW_TAG_enumerator
	.long	.Linfo_string21                 @ DW_AT_name
	.byte	13                              @ DW_AT_const_value
	.byte	5                               @ Abbrev [5] 0xa6:0x6 DW_TAG_enumerator
	.long	.Linfo_string22                 @ DW_AT_name
	.byte	14                              @ DW_AT_const_value
	.byte	0                               @ End Of Children Mark
	.byte	4                               @ Abbrev [4] 0xad:0x7 DW_TAG_base_type
	.long	.Linfo_string8                  @ DW_AT_name
	.byte	8                               @ DW_AT_encoding
	.byte	1                               @ DW_AT_byte_size
	.byte	6                               @ Abbrev [6] 0xb4:0x50 DW_TAG_subprogram
	.long	.Lfunc_begin0                   @ DW_AT_low_pc
	.long	.Lfunc_end0                     @ DW_AT_high_pc
	.byte	1                               @ DW_AT_frame_base
	.byte	93
	.long	.Linfo_string24                 @ DW_AT_name
	.byte	2                               @ DW_AT_decl_file
	.byte	28                              @ DW_AT_decl_line
	.byte	1                               @ DW_AT_prototyped
	.long	557                             @ DW_AT_type
	.byte	1                               @ DW_AT_external
	.byte	7                               @ Abbrev [7] 0xcb:0xe DW_TAG_formal_parameter
	.byte	2                               @ DW_AT_location
	.byte	145
	.byte	12
	.long	.Linfo_string28                 @ DW_AT_name
	.byte	2                               @ DW_AT_decl_file
	.byte	28                              @ DW_AT_decl_line
	.long	557                             @ DW_AT_type
	.byte	7                               @ Abbrev [7] 0xd9:0xe DW_TAG_formal_parameter
	.byte	2                               @ DW_AT_location
	.byte	145
	.byte	8
	.long	.Linfo_string29                 @ DW_AT_name
	.byte	2                               @ DW_AT_decl_file
	.byte	28                              @ DW_AT_decl_line
	.long	564                             @ DW_AT_type
	.byte	8                               @ Abbrev [8] 0xe7:0xe DW_TAG_variable
	.byte	2                               @ DW_AT_location
	.byte	145
	.byte	4
	.long	.Linfo_string37                 @ DW_AT_name
	.byte	2                               @ DW_AT_decl_file
	.byte	30                              @ DW_AT_decl_line
	.long	557                             @ DW_AT_type
	.byte	8                               @ Abbrev [8] 0xf5:0xe DW_TAG_variable
	.byte	2                               @ DW_AT_location
	.byte	145
	.byte	0
	.long	.Linfo_string33                 @ DW_AT_name
	.byte	2                               @ DW_AT_decl_file
	.byte	31                              @ DW_AT_decl_line
	.long	557                             @ DW_AT_type
	.byte	0                               @ End Of Children Mark
	.byte	6                               @ Abbrev [6] 0x104:0xbd DW_TAG_subprogram
	.long	.Lfunc_begin1                   @ DW_AT_low_pc
	.long	.Lfunc_end1                     @ DW_AT_high_pc
	.byte	1                               @ DW_AT_frame_base
	.byte	93
	.long	.Linfo_string26                 @ DW_AT_name
	.byte	2                               @ DW_AT_decl_file
	.byte	49                              @ DW_AT_decl_line
	.byte	1                               @ DW_AT_prototyped
	.long	557                             @ DW_AT_type
	.byte	1                               @ DW_AT_external
	.byte	7                               @ Abbrev [7] 0x11b:0xe DW_TAG_formal_parameter
	.byte	2                               @ DW_AT_location
	.byte	145
	.byte	36
	.long	.Linfo_string38                 @ DW_AT_name
	.byte	2                               @ DW_AT_decl_file
	.byte	49                              @ DW_AT_decl_line
	.long	661                             @ DW_AT_type
	.byte	7                               @ Abbrev [7] 0x129:0xe DW_TAG_formal_parameter
	.byte	2                               @ DW_AT_location
	.byte	145
	.byte	32
	.long	.Linfo_string39                 @ DW_AT_name
	.byte	2                               @ DW_AT_decl_file
	.byte	49                              @ DW_AT_decl_line
	.long	557                             @ DW_AT_type
	.byte	7                               @ Abbrev [7] 0x137:0xe DW_TAG_formal_parameter
	.byte	2                               @ DW_AT_location
	.byte	145
	.byte	31
	.long	.Linfo_string40                 @ DW_AT_name
	.byte	2                               @ DW_AT_decl_file
	.byte	49                              @ DW_AT_decl_line
	.long	173                             @ DW_AT_type
	.byte	7                               @ Abbrev [7] 0x145:0xe DW_TAG_formal_parameter
	.byte	2                               @ DW_AT_location
	.byte	145
	.byte	28
	.long	.Linfo_string41                 @ DW_AT_name
	.byte	2                               @ DW_AT_decl_file
	.byte	49                              @ DW_AT_decl_line
	.long	666                             @ DW_AT_type
	.byte	7                               @ Abbrev [7] 0x153:0xe DW_TAG_formal_parameter
	.byte	2                               @ DW_AT_location
	.byte	145
	.byte	48
	.long	.Linfo_string28                 @ DW_AT_name
	.byte	2                               @ DW_AT_decl_file
	.byte	50                              @ DW_AT_decl_line
	.long	557                             @ DW_AT_type
	.byte	7                               @ Abbrev [7] 0x161:0xe DW_TAG_formal_parameter
	.byte	2                               @ DW_AT_location
	.byte	145
	.byte	52
	.long	.Linfo_string29                 @ DW_AT_name
	.byte	2                               @ DW_AT_decl_file
	.byte	50                              @ DW_AT_decl_line
	.long	564                             @ DW_AT_type
	.byte	8                               @ Abbrev [8] 0x16f:0xe DW_TAG_variable
	.byte	2                               @ DW_AT_location
	.byte	145
	.byte	24
	.long	.Linfo_string43                 @ DW_AT_name
	.byte	2                               @ DW_AT_decl_file
	.byte	52                              @ DW_AT_decl_line
	.long	661                             @ DW_AT_type
	.byte	8                               @ Abbrev [8] 0x17d:0xe DW_TAG_variable
	.byte	2                               @ DW_AT_location
	.byte	145
	.byte	20
	.long	.Linfo_string44                 @ DW_AT_name
	.byte	2                               @ DW_AT_decl_file
	.byte	53                              @ DW_AT_decl_line
	.long	673                             @ DW_AT_type
	.byte	8                               @ Abbrev [8] 0x18b:0xe DW_TAG_variable
	.byte	2                               @ DW_AT_location
	.byte	145
	.byte	16
	.long	.Linfo_string52                 @ DW_AT_name
	.byte	2                               @ DW_AT_decl_file
	.byte	54                              @ DW_AT_decl_line
	.long	557                             @ DW_AT_type
	.byte	8                               @ Abbrev [8] 0x199:0xe DW_TAG_variable
	.byte	2                               @ DW_AT_location
	.byte	145
	.byte	12
	.long	.Linfo_string53                 @ DW_AT_name
	.byte	2                               @ DW_AT_decl_file
	.byte	55                              @ DW_AT_decl_line
	.long	557                             @ DW_AT_type
	.byte	8                               @ Abbrev [8] 0x1a7:0xe DW_TAG_variable
	.byte	2                               @ DW_AT_location
	.byte	145
	.byte	8
	.long	.Linfo_string37                 @ DW_AT_name
	.byte	2                               @ DW_AT_decl_file
	.byte	56                              @ DW_AT_decl_line
	.long	557                             @ DW_AT_type
	.byte	9                               @ Abbrev [9] 0x1b5:0xb DW_TAG_label
	.long	.Linfo_string54                 @ DW_AT_name
	.byte	2                               @ DW_AT_decl_file
	.byte	79                              @ DW_AT_decl_line
	.long	.Ltmp17                         @ DW_AT_low_pc
	.byte	0                               @ End Of Children Mark
	.byte	6                               @ Abbrev [6] 0x1c1:0x6c DW_TAG_subprogram
	.long	.Lfunc_begin2                   @ DW_AT_low_pc
	.long	.Lfunc_end2                     @ DW_AT_high_pc
	.byte	1                               @ DW_AT_frame_base
	.byte	93
	.long	.Linfo_string27                 @ DW_AT_name
	.byte	2                               @ DW_AT_decl_file
	.byte	92                              @ DW_AT_decl_line
	.byte	1                               @ DW_AT_prototyped
	.long	557                             @ DW_AT_type
	.byte	1                               @ DW_AT_external
	.byte	7                               @ Abbrev [7] 0x1d8:0xe DW_TAG_formal_parameter
	.byte	2                               @ DW_AT_location
	.byte	145
	.byte	20
	.long	.Linfo_string41                 @ DW_AT_name
	.byte	2                               @ DW_AT_decl_file
	.byte	92                              @ DW_AT_decl_line
	.long	785                             @ DW_AT_type
	.byte	7                               @ Abbrev [7] 0x1e6:0xe DW_TAG_formal_parameter
	.byte	2                               @ DW_AT_location
	.byte	145
	.byte	16
	.long	.Linfo_string38                 @ DW_AT_name
	.byte	2                               @ DW_AT_decl_file
	.byte	92                              @ DW_AT_decl_line
	.long	661                             @ DW_AT_type
	.byte	7                               @ Abbrev [7] 0x1f4:0xe DW_TAG_formal_parameter
	.byte	2                               @ DW_AT_location
	.byte	145
	.byte	12
	.long	.Linfo_string39                 @ DW_AT_name
	.byte	2                               @ DW_AT_decl_file
	.byte	92                              @ DW_AT_decl_line
	.long	557                             @ DW_AT_type
	.byte	8                               @ Abbrev [8] 0x202:0xe DW_TAG_variable
	.byte	2                               @ DW_AT_location
	.byte	145
	.byte	11
	.long	.Linfo_string50                 @ DW_AT_name
	.byte	2                               @ DW_AT_decl_file
	.byte	94                              @ DW_AT_decl_line
	.long	173                             @ DW_AT_type
	.byte	8                               @ Abbrev [8] 0x210:0xe DW_TAG_variable
	.byte	2                               @ DW_AT_location
	.byte	145
	.byte	10
	.long	.Linfo_string40                 @ DW_AT_name
	.byte	2                               @ DW_AT_decl_file
	.byte	95                              @ DW_AT_decl_line
	.long	173                             @ DW_AT_type
	.byte	8                               @ Abbrev [8] 0x21e:0xe DW_TAG_variable
	.byte	2                               @ DW_AT_location
	.byte	145
	.byte	4
	.long	.Linfo_string53                 @ DW_AT_name
	.byte	2                               @ DW_AT_decl_file
	.byte	96                              @ DW_AT_decl_line
	.long	557                             @ DW_AT_type
	.byte	0                               @ End Of Children Mark
	.byte	4                               @ Abbrev [4] 0x22d:0x7 DW_TAG_base_type
	.long	.Linfo_string25                 @ DW_AT_name
	.byte	5                               @ DW_AT_encoding
	.byte	4                               @ DW_AT_byte_size
	.byte	10                              @ Abbrev [10] 0x234:0x5 DW_TAG_pointer_type
	.long	569                             @ DW_AT_type
	.byte	11                              @ Abbrev [11] 0x239:0xb DW_TAG_typedef
	.long	580                             @ DW_AT_type
	.long	.Linfo_string36                 @ DW_AT_name
	.byte	1                               @ DW_AT_decl_file
	.byte	85                              @ DW_AT_decl_line
	.byte	12                              @ Abbrev [12] 0x244:0x1d DW_TAG_structure_type
	.byte	12                              @ DW_AT_byte_size
	.byte	1                               @ DW_AT_decl_file
	.byte	81                              @ DW_AT_decl_line
	.byte	13                              @ Abbrev [13] 0x248:0xc DW_TAG_member
	.long	.Linfo_string30                 @ DW_AT_name
	.long	609                             @ DW_AT_type
	.byte	1                               @ DW_AT_decl_file
	.byte	83                              @ DW_AT_decl_line
	.byte	0                               @ DW_AT_data_member_location
	.byte	13                              @ Abbrev [13] 0x254:0xc DW_TAG_member
	.long	.Linfo_string32                 @ DW_AT_name
	.long	621                             @ DW_AT_type
	.byte	1                               @ DW_AT_decl_file
	.byte	84                              @ DW_AT_decl_line
	.byte	4                               @ DW_AT_data_member_location
	.byte	0                               @ End Of Children Mark
	.byte	10                              @ Abbrev [10] 0x261:0x5 DW_TAG_pointer_type
	.long	614                             @ DW_AT_type
	.byte	4                               @ Abbrev [4] 0x266:0x7 DW_TAG_base_type
	.long	.Linfo_string31                 @ DW_AT_name
	.byte	6                               @ DW_AT_encoding
	.byte	1                               @ DW_AT_byte_size
	.byte	11                              @ Abbrev [11] 0x26d:0xb DW_TAG_typedef
	.long	632                             @ DW_AT_type
	.long	.Linfo_string35                 @ DW_AT_name
	.byte	1                               @ DW_AT_decl_file
	.byte	79                              @ DW_AT_decl_line
	.byte	12                              @ Abbrev [12] 0x278:0x1d DW_TAG_structure_type
	.byte	8                               @ DW_AT_byte_size
	.byte	1                               @ DW_AT_decl_file
	.byte	75                              @ DW_AT_decl_line
	.byte	13                              @ Abbrev [13] 0x27c:0xc DW_TAG_member
	.long	.Linfo_string33                 @ DW_AT_name
	.long	557                             @ DW_AT_type
	.byte	1                               @ DW_AT_decl_file
	.byte	77                              @ DW_AT_decl_line
	.byte	0                               @ DW_AT_data_member_location
	.byte	13                              @ Abbrev [13] 0x288:0xc DW_TAG_member
	.long	.Linfo_string34                 @ DW_AT_name
	.long	609                             @ DW_AT_type
	.byte	1                               @ DW_AT_decl_file
	.byte	78                              @ DW_AT_decl_line
	.byte	4                               @ DW_AT_data_member_location
	.byte	0                               @ End Of Children Mark
	.byte	10                              @ Abbrev [10] 0x295:0x5 DW_TAG_pointer_type
	.long	173                             @ DW_AT_type
	.byte	4                               @ Abbrev [4] 0x29a:0x7 DW_TAG_base_type
	.long	.Linfo_string42                 @ DW_AT_name
	.byte	7                               @ DW_AT_encoding
	.byte	2                               @ DW_AT_byte_size
	.byte	11                              @ Abbrev [11] 0x2a1:0xb DW_TAG_typedef
	.long	684                             @ DW_AT_type
	.long	.Linfo_string51                 @ DW_AT_name
	.byte	1                               @ DW_AT_decl_file
	.byte	73                              @ DW_AT_decl_line
	.byte	14                              @ Abbrev [14] 0x2ac:0x5e DW_TAG_union_type
	.byte	4                               @ DW_AT_byte_size
	.byte	1                               @ DW_AT_decl_file
	.byte	53                              @ DW_AT_decl_line
	.byte	13                              @ Abbrev [13] 0x2b0:0xc DW_TAG_member
	.long	.Linfo_string45                 @ DW_AT_name
	.long	173                             @ DW_AT_type
	.byte	1                               @ DW_AT_decl_file
	.byte	55                              @ DW_AT_decl_line
	.byte	0                               @ DW_AT_data_member_location
	.byte	13                              @ Abbrev [13] 0x2bc:0xc DW_TAG_member
	.long	.Linfo_string46                 @ DW_AT_name
	.long	712                             @ DW_AT_type
	.byte	1                               @ DW_AT_decl_file
	.byte	71                              @ DW_AT_decl_line
	.byte	0                               @ DW_AT_data_member_location
	.byte	12                              @ Abbrev [12] 0x2c8:0x41 DW_TAG_structure_type
	.byte	4                               @ DW_AT_byte_size
	.byte	1                               @ DW_AT_decl_file
	.byte	65                              @ DW_AT_decl_line
	.byte	15                              @ Abbrev [15] 0x2cc:0xf DW_TAG_member
	.long	.Linfo_string47                 @ DW_AT_name
	.long	778                             @ DW_AT_type
	.byte	1                               @ DW_AT_decl_file
	.byte	67                              @ DW_AT_decl_line
	.byte	4                               @ DW_AT_byte_size
	.byte	1                               @ DW_AT_bit_size
	.byte	31                              @ DW_AT_bit_offset
	.byte	0                               @ DW_AT_data_member_location
	.byte	15                              @ Abbrev [15] 0x2db:0xf DW_TAG_member
	.long	.Linfo_string49                 @ DW_AT_name
	.long	778                             @ DW_AT_type
	.byte	1                               @ DW_AT_decl_file
	.byte	68                              @ DW_AT_decl_line
	.byte	4                               @ DW_AT_byte_size
	.byte	2                               @ DW_AT_bit_size
	.byte	29                              @ DW_AT_bit_offset
	.byte	0                               @ DW_AT_data_member_location
	.byte	15                              @ Abbrev [15] 0x2ea:0xf DW_TAG_member
	.long	.Linfo_string40                 @ DW_AT_name
	.long	778                             @ DW_AT_type
	.byte	1                               @ DW_AT_decl_file
	.byte	69                              @ DW_AT_decl_line
	.byte	4                               @ DW_AT_byte_size
	.byte	1                               @ DW_AT_bit_size
	.byte	28                              @ DW_AT_bit_offset
	.byte	0                               @ DW_AT_data_member_location
	.byte	15                              @ Abbrev [15] 0x2f9:0xf DW_TAG_member
	.long	.Linfo_string50                 @ DW_AT_name
	.long	778                             @ DW_AT_type
	.byte	1                               @ DW_AT_decl_file
	.byte	70                              @ DW_AT_decl_line
	.byte	4                               @ DW_AT_byte_size
	.byte	4                               @ DW_AT_bit_size
	.byte	24                              @ DW_AT_bit_offset
	.byte	0                               @ DW_AT_data_member_location
	.byte	0                               @ End Of Children Mark
	.byte	0                               @ End Of Children Mark
	.byte	4                               @ Abbrev [4] 0x30a:0x7 DW_TAG_base_type
	.long	.Linfo_string48                 @ DW_AT_name
	.byte	7                               @ DW_AT_encoding
	.byte	4                               @ DW_AT_byte_size
	.byte	10                              @ Abbrev [10] 0x311:0x5 DW_TAG_pointer_type
	.long	666                             @ DW_AT_type
	.byte	0                               @ End Of Children Mark
.Ldebug_info_end0:
	.section	.debug_ranges,"",%progbits
.Ldebug_ranges0:
	.long	.Lfunc_begin0
	.long	.Lfunc_end0
	.long	.Lfunc_begin1
	.long	.Lfunc_end1
	.long	.Lfunc_begin2
	.long	.Lfunc_end2
	.long	0
	.long	0
	.section	.debug_str,"MS",%progbits,1
.Linfo_string0:
	.asciz	"Component: ARM Compiler 6.16 Tool: armclang [5dfeb700]" @ string offset=0
.Linfo_string1:
	.asciz	"packages/paho_mqtt/MQTTPacket/src\\MQTTUnsubscribeClient.c" @ string offset=55
.Linfo_string2:
	.asciz	"E:\\STM32\\Learning\\STM32H750_ART_PI_RGBLCD" @ string offset=113
.Linfo_string3:
	.asciz	"signed char"                   @ string offset=155
.Linfo_string4:
	.asciz	"MQTTPACKET_BUFFER_TOO_SHORT"   @ string offset=167
.Linfo_string5:
	.asciz	"MQTTPACKET_READ_ERROR"         @ string offset=195
.Linfo_string6:
	.asciz	"MQTTPACKET_READ_COMPLETE"      @ string offset=217
.Linfo_string7:
	.asciz	"errors"                        @ string offset=242
.Linfo_string8:
	.asciz	"unsigned char"                 @ string offset=249
.Linfo_string9:
	.asciz	"CONNECT"                       @ string offset=263
.Linfo_string10:
	.asciz	"CONNACK"                       @ string offset=271
.Linfo_string11:
	.asciz	"PUBLISH"                       @ string offset=279
.Linfo_string12:
	.asciz	"PUBACK"                        @ string offset=287
.Linfo_string13:
	.asciz	"PUBREC"                        @ string offset=294
.Linfo_string14:
	.asciz	"PUBREL"                        @ string offset=301
.Linfo_string15:
	.asciz	"PUBCOMP"                       @ string offset=308
.Linfo_string16:
	.asciz	"SUBSCRIBE"                     @ string offset=316
.Linfo_string17:
	.asciz	"SUBACK"                        @ string offset=326
.Linfo_string18:
	.asciz	"UNSUBSCRIBE"                   @ string offset=333
.Linfo_string19:
	.asciz	"UNSUBACK"                      @ string offset=345
.Linfo_string20:
	.asciz	"PINGREQ"                       @ string offset=354
.Linfo_string21:
	.asciz	"PINGRESP"                      @ string offset=362
.Linfo_string22:
	.asciz	"DISCONNECT"                    @ string offset=371
.Linfo_string23:
	.asciz	"msgTypes"                      @ string offset=382
.Linfo_string24:
	.asciz	"MQTTSerialize_unsubscribeLength" @ string offset=391
.Linfo_string25:
	.asciz	"int"                           @ string offset=423
.Linfo_string26:
	.asciz	"MQTTSerialize_unsubscribe"     @ string offset=427
.Linfo_string27:
	.asciz	"MQTTDeserialize_unsuback"      @ string offset=453
.Linfo_string28:
	.asciz	"count"                         @ string offset=478
.Linfo_string29:
	.asciz	"topicFilters"                  @ string offset=484
.Linfo_string30:
	.asciz	"cstring"                       @ string offset=497
.Linfo_string31:
	.asciz	"char"                          @ string offset=505
.Linfo_string32:
	.asciz	"lenstring"                     @ string offset=510
.Linfo_string33:
	.asciz	"len"                           @ string offset=520
.Linfo_string34:
	.asciz	"data"                          @ string offset=524
.Linfo_string35:
	.asciz	"MQTTLenString"                 @ string offset=529
.Linfo_string36:
	.asciz	"MQTTString"                    @ string offset=543
.Linfo_string37:
	.asciz	"i"                             @ string offset=554
.Linfo_string38:
	.asciz	"buf"                           @ string offset=556
.Linfo_string39:
	.asciz	"buflen"                        @ string offset=560
.Linfo_string40:
	.asciz	"dup"                           @ string offset=567
.Linfo_string41:
	.asciz	"packetid"                      @ string offset=571
.Linfo_string42:
	.asciz	"unsigned short"                @ string offset=580
.Linfo_string43:
	.asciz	"ptr"                           @ string offset=595
.Linfo_string44:
	.asciz	"header"                        @ string offset=599
.Linfo_string45:
	.asciz	"byte"                          @ string offset=606
.Linfo_string46:
	.asciz	"bits"                          @ string offset=611
.Linfo_string47:
	.asciz	"retain"                        @ string offset=616
.Linfo_string48:
	.asciz	"unsigned int"                  @ string offset=623
.Linfo_string49:
	.asciz	"qos"                           @ string offset=636
.Linfo_string50:
	.asciz	"type"                          @ string offset=640
.Linfo_string51:
	.asciz	"MQTTHeader"                    @ string offset=645
.Linfo_string52:
	.asciz	"rem_len"                       @ string offset=656
.Linfo_string53:
	.asciz	"rc"                            @ string offset=664
.Linfo_string54:
	.asciz	"exit"                          @ string offset=667
	.ident	"Component: ARM Compiler 6.16 Tool: armclang [5dfeb700]"
	.section	".note.GNU-stack","",%progbits
	.eabi_attribute	30, 6	@ Tag_ABI_optimization_goals
	.ARM_attribute	16, 1	@ Tag_AV_eba
	.section	.debug_line,"",%progbits
.Lline_table_start0:
