	.text
	.syntax unified
	.eabi_attribute	67, "2.09"	@ Tag_conformance
	.cpu	cortex-m7
	.eabi_attribute	6, 13	@ Tag_CPU_arch
	.eabi_attribute	7, 77	@ Tag_CPU_arch_profile
	.eabi_attribute	8, 0	@ Tag_ARM_ISA_use
	.eabi_attribute	9, 2	@ Tag_THUMB_ISA_use
	.fpu	fpv5-d16
	.eabi_attribute	36, 1	@ Tag_FP_HP_extension
	.eabi_attribute	34, 1	@ Tag_CPU_unaligned_access
	.eabi_attribute	17, 1	@ Tag_ABI_PCS_GOT_use
	.eabi_attribute	20, 2	@ Tag_ABI_FP_denormal
	.eabi_attribute	21, 0	@ Tag_ABI_FP_exceptions
	.eabi_attribute	23, 1	@ Tag_ABI_FP_number_model
	.eabi_attribute	24, 1	@ Tag_ABI_align_needed
	.eabi_attribute	25, 1	@ Tag_ABI_align_preserved
	.eabi_attribute	28, 1	@ Tag_ABI_VFP_args
	.eabi_attribute	38, 1	@ Tag_ABI_FP_16bit_format
	.eabi_attribute	18, 2	@ Tag_ABI_PCS_wchar_t
	.eabi_attribute	26, 1	@ Tag_ABI_enum_size
	.eabi_attribute	14, 0	@ Tag_ABI_PCS_R9_use
	.file	"MQTTSerializePublish.c"
	.file	1 "E:\\STM32\\Learning\\STM32H750_ART_PI_RGBLCD" "./packages/paho_mqtt/MQTTPacket/src/MQTTPacket.h"
	.section	.text.MQTTSerialize_publishLength,"ax",%progbits
	.hidden	MQTTSerialize_publishLength     @ -- Begin function MQTTSerialize_publishLength
	.globl	MQTTSerialize_publishLength
	.p2align	3
	.type	MQTTSerialize_publishLength,%function
	.code	16                              @ @MQTTSerialize_publishLength
	.thumb_func
MQTTSerialize_publishLength:
.Lfunc_begin0:
	.file	2 "E:\\STM32\\Learning\\STM32H750_ART_PI_RGBLCD" "packages/paho_mqtt/MQTTPacket/src/MQTTSerializePublish.c"
	.loc	2 32 0                          @ packages/paho_mqtt/MQTTPacket/src/MQTTSerializePublish.c:32:0
	.fnstart
	.cfi_sections .debug_frame
	.cfi_startproc
@ %bb.0:
	.save	{r7, lr}
	push	{r7, lr}
	.cfi_def_cfa_offset 8
	.cfi_offset lr, -4
	.cfi_offset r7, -8
	.pad	#24
	sub	sp, #24
	.cfi_def_cfa_offset 32
                                        @ kill: def $r12 killed $r3
                                        @ kill: def $r12 killed $r2
                                        @ kill: def $r12 killed $r1
	ldr.w	r12, [sp, #32]
	str	r3, [sp, #20]
	str	r2, [sp, #16]
	str	r1, [sp, #12]
	str	r0, [sp, #8]
	movs	r0, #0
.Ltmp0:
	.loc	2 33 6 prologue_end             @ packages/paho_mqtt/MQTTPacket/src/MQTTSerializePublish.c:33:6
	str	r0, [sp, #4]
	.loc	2 35 13                         @ packages/paho_mqtt/MQTTPacket/src/MQTTSerializePublish.c:35:13
	ldr	r0, [sp, #12]
	ldr	r1, [sp, #16]
	ldr	r2, [sp, #20]
	bl	MQTTstrlen
	.loc	2 35 37 is_stmt 0               @ packages/paho_mqtt/MQTTPacket/src/MQTTSerializePublish.c:35:37
	ldr	r1, [sp, #32]
	.loc	2 35 11                         @ packages/paho_mqtt/MQTTPacket/src/MQTTSerializePublish.c:35:11
	add	r0, r1
	.loc	2 35 6                          @ packages/paho_mqtt/MQTTPacket/src/MQTTSerializePublish.c:35:6
	ldr	r1, [sp, #4]
	.loc	2 35 35                         @ packages/paho_mqtt/MQTTPacket/src/MQTTSerializePublish.c:35:35
	add	r0, r1
	.loc	2 35 6                          @ packages/paho_mqtt/MQTTPacket/src/MQTTSerializePublish.c:35:6
	adds	r0, #2
	str	r0, [sp, #4]
.Ltmp1:
	.loc	2 36 6 is_stmt 1                @ packages/paho_mqtt/MQTTPacket/src/MQTTSerializePublish.c:36:6
	ldr	r0, [sp, #8]
.Ltmp2:
	.loc	2 36 6 is_stmt 0                @ packages/paho_mqtt/MQTTPacket/src/MQTTSerializePublish.c:36:6
	cmp	r0, #1
	blt	.LBB0_2
	b	.LBB0_1
.LBB0_1:
.Ltmp3:
	.loc	2 37 7 is_stmt 1                @ packages/paho_mqtt/MQTTPacket/src/MQTTSerializePublish.c:37:7
	ldr	r0, [sp, #4]
	adds	r0, #2
	str	r0, [sp, #4]
	.loc	2 37 3 is_stmt 0                @ packages/paho_mqtt/MQTTPacket/src/MQTTSerializePublish.c:37:3
	b	.LBB0_2
.Ltmp4:
.LBB0_2:
	.loc	2 38 9 is_stmt 1                @ packages/paho_mqtt/MQTTPacket/src/MQTTSerializePublish.c:38:9
	ldr	r0, [sp, #4]
	.loc	2 38 2 is_stmt 0                @ packages/paho_mqtt/MQTTPacket/src/MQTTSerializePublish.c:38:2
	add	sp, #24
	pop	{r7, pc}
.Ltmp5:
.Lfunc_end0:
	.size	MQTTSerialize_publishLength, .Lfunc_end0-MQTTSerialize_publishLength
	.cfi_endproc
	.cantunwind
	.fnend
                                        @ -- End function
	.section	.text.MQTTSerialize_publish,"ax",%progbits
	.hidden	MQTTSerialize_publish           @ -- Begin function MQTTSerialize_publish
	.globl	MQTTSerialize_publish
	.p2align	3
	.type	MQTTSerialize_publish,%function
	.code	16                              @ @MQTTSerialize_publish
	.thumb_func
MQTTSerialize_publish:
.Lfunc_begin1:
	.loc	2 57 0 is_stmt 1                @ packages/paho_mqtt/MQTTPacket/src/MQTTSerializePublish.c:57:0
	.fnstart
	.cfi_startproc
@ %bb.0:
	.save	{r4, r5, r6, r7, lr}
	push	{r4, r5, r6, r7, lr}
	.cfi_def_cfa_offset 20
	.cfi_offset lr, -4
	.cfi_offset r7, -8
	.cfi_offset r6, -12
	.cfi_offset r5, -16
	.cfi_offset r4, -20
	.pad	#60
	sub	sp, #60
	.cfi_def_cfa_offset 80
	mov	r12, r1
	mov	lr, r0
	ldr	r6, [sp, #96]
	ldr	r5, [sp, #92]
	ldr	r4, [sp, #88]
	ldr	r0, [sp, #104]
	ldr	r0, [sp, #100]
	ldr	r0, [sp, #84]
	ldr	r1, [sp, #80]
                                        @ kill: def $r7 killed $r2
	str	r6, [sp, #56]
	str	r5, [sp, #52]
	str	r4, [sp, #48]
	str.w	lr, [sp, #44]
	str.w	r12, [sp, #40]
	strb.w	r2, [sp, #39]
	str	r3, [sp, #32]
	strb.w	r1, [sp, #31]
	strh.w	r0, [sp, #28]
.Ltmp6:
	.loc	2 58 23 prologue_end            @ packages/paho_mqtt/MQTTPacket/src/MQTTSerializePublish.c:58:23
	ldr	r0, [sp, #44]
	.loc	2 58 17 is_stmt 0               @ packages/paho_mqtt/MQTTPacket/src/MQTTSerializePublish.c:58:17
	str	r0, [sp, #24]
	.loc	2 59 13 is_stmt 1               @ packages/paho_mqtt/MQTTPacket/src/MQTTSerializePublish.c:59:13
	movw	r0, :lower16:.L__const.MQTTSerialize_publish.header
	movt	r0, :upper16:.L__const.MQTTSerialize_publish.header
	ldr	r0, [r0]
	str	r0, [sp, #20]
	movs	r0, #0
	.loc	2 60 6                          @ packages/paho_mqtt/MQTTPacket/src/MQTTSerializePublish.c:60:6
	str	r0, [sp, #16]
	.loc	2 61 6                          @ packages/paho_mqtt/MQTTPacket/src/MQTTSerializePublish.c:61:6
	str	r0, [sp, #12]
.Ltmp7:
	.loc	2 64 59                         @ packages/paho_mqtt/MQTTPacket/src/MQTTSerializePublish.c:64:59
	ldr	r0, [sp, #32]
	.loc	2 64 75 is_stmt 0               @ packages/paho_mqtt/MQTTPacket/src/MQTTSerializePublish.c:64:75
	ldr.w	r12, [sp, #104]
	.loc	2 64 31                         @ packages/paho_mqtt/MQTTPacket/src/MQTTSerializePublish.c:64:31
	ldr	r1, [sp, #48]
	ldr	r2, [sp, #52]
	ldr	r3, [sp, #56]
	mov	lr, sp
	str.w	r12, [lr]
	bl	MQTTSerialize_publishLength
	.loc	2 64 29                         @ packages/paho_mqtt/MQTTPacket/src/MQTTSerializePublish.c:64:29
	str	r0, [sp, #16]
	.loc	2 64 6                          @ packages/paho_mqtt/MQTTPacket/src/MQTTSerializePublish.c:64:6
	bl	MQTTPacket_len
	.loc	2 64 90                         @ packages/paho_mqtt/MQTTPacket/src/MQTTSerializePublish.c:64:90
	ldr	r1, [sp, #40]
.Ltmp8:
	.loc	2 64 6                          @ packages/paho_mqtt/MQTTPacket/src/MQTTSerializePublish.c:64:6
	cmp	r0, r1
	ble	.LBB1_2
	b	.LBB1_1
.LBB1_1:
	.loc	2 0 6                           @ packages/paho_mqtt/MQTTPacket/src/MQTTSerializePublish.c:0:6
	mvn	r0, #1
.Ltmp9:
	.loc	2 66 6 is_stmt 1                @ packages/paho_mqtt/MQTTPacket/src/MQTTSerializePublish.c:66:6
	str	r0, [sp, #12]
	.loc	2 67 3                          @ packages/paho_mqtt/MQTTPacket/src/MQTTSerializePublish.c:67:3
	b	.LBB1_5
.Ltmp10:
.LBB1_2:
	.loc	2 70 19                         @ packages/paho_mqtt/MQTTPacket/src/MQTTSerializePublish.c:70:19
	ldrb.w	r0, [sp, #20]
	movs	r1, #3
	bfi	r0, r1, #4, #28
	strb.w	r0, [sp, #20]
	.loc	2 71 20                         @ packages/paho_mqtt/MQTTPacket/src/MQTTSerializePublish.c:71:20
	ldrb.w	r1, [sp, #39]
	.loc	2 71 18 is_stmt 0               @ packages/paho_mqtt/MQTTPacket/src/MQTTSerializePublish.c:71:18
	ldrb.w	r0, [sp, #20]
	and	r1, r1, #1
	and	r0, r0, #247
	orr.w	r0, r0, r1, lsl #3
	strb.w	r0, [sp, #20]
	.loc	2 72 20 is_stmt 1               @ packages/paho_mqtt/MQTTPacket/src/MQTTSerializePublish.c:72:20
	ldrb.w	r1, [sp, #32]
	.loc	2 72 18 is_stmt 0               @ packages/paho_mqtt/MQTTPacket/src/MQTTSerializePublish.c:72:18
	ldrb.w	r0, [sp, #20]
	and	r1, r1, #3
	and	r0, r0, #249
	orr.w	r0, r0, r1, lsl #1
	strb.w	r0, [sp, #20]
	.loc	2 73 23 is_stmt 1               @ packages/paho_mqtt/MQTTPacket/src/MQTTSerializePublish.c:73:23
	ldrb.w	r1, [sp, #31]
	.loc	2 73 21 is_stmt 0               @ packages/paho_mqtt/MQTTPacket/src/MQTTSerializePublish.c:73:21
	ldrb.w	r0, [sp, #20]
	and	r1, r1, #1
	and	r0, r0, #254
	add	r0, r1
	strb.w	r0, [sp, #20]
	.loc	2 74 25 is_stmt 1               @ packages/paho_mqtt/MQTTPacket/src/MQTTSerializePublish.c:74:25
	ldrsb.w	r1, [sp, #20]
	add	r0, sp, #24
	.loc	2 74 2 is_stmt 0                @ packages/paho_mqtt/MQTTPacket/src/MQTTSerializePublish.c:74:2
	str	r0, [sp, #8]                    @ 4-byte Spill
	bl	writeChar
	.loc	2 76 27 is_stmt 1               @ packages/paho_mqtt/MQTTPacket/src/MQTTSerializePublish.c:76:27
	ldr	r0, [sp, #24]
	.loc	2 76 32 is_stmt 0               @ packages/paho_mqtt/MQTTPacket/src/MQTTSerializePublish.c:76:32
	ldr	r1, [sp, #16]
	.loc	2 76 9                          @ packages/paho_mqtt/MQTTPacket/src/MQTTSerializePublish.c:76:9
	bl	MQTTPacket_encode
	mov	r2, r0
	.loc	2 76 6                          @ packages/paho_mqtt/MQTTPacket/src/MQTTSerializePublish.c:76:6
	ldr	r0, [sp, #8]                    @ 4-byte Reload
	ldr	r1, [sp, #24]
	add	r1, r2
	str	r1, [sp, #24]
	.loc	2 78 2 is_stmt 1                @ packages/paho_mqtt/MQTTPacket/src/MQTTSerializePublish.c:78:2
	ldr	r1, [sp, #48]
	ldr	r2, [sp, #52]
	ldr	r3, [sp, #56]
	bl	writeMQTTString
.Ltmp11:
	.loc	2 80 6                          @ packages/paho_mqtt/MQTTPacket/src/MQTTSerializePublish.c:80:6
	ldr	r0, [sp, #32]
.Ltmp12:
	.loc	2 80 6 is_stmt 0                @ packages/paho_mqtt/MQTTPacket/src/MQTTSerializePublish.c:80:6
	cmp	r0, #1
	blt	.LBB1_4
	b	.LBB1_3
.LBB1_3:
.Ltmp13:
	.loc	2 81 18 is_stmt 1               @ packages/paho_mqtt/MQTTPacket/src/MQTTSerializePublish.c:81:18
	ldrh.w	r1, [sp, #28]
	add	r0, sp, #24
	.loc	2 81 3 is_stmt 0                @ packages/paho_mqtt/MQTTPacket/src/MQTTSerializePublish.c:81:3
	bl	writeInt
	b	.LBB1_4
.Ltmp14:
.LBB1_4:
	.loc	2 83 9 is_stmt 1                @ packages/paho_mqtt/MQTTPacket/src/MQTTSerializePublish.c:83:9
	ldr	r0, [sp, #24]
	.loc	2 83 14 is_stmt 0               @ packages/paho_mqtt/MQTTPacket/src/MQTTSerializePublish.c:83:14
	ldr	r1, [sp, #100]
	.loc	2 83 23                         @ packages/paho_mqtt/MQTTPacket/src/MQTTSerializePublish.c:83:23
	ldr	r2, [sp, #104]
	.loc	2 83 2                          @ packages/paho_mqtt/MQTTPacket/src/MQTTSerializePublish.c:83:2
	bl	__aeabi_memcpy
	.loc	2 84 9 is_stmt 1                @ packages/paho_mqtt/MQTTPacket/src/MQTTSerializePublish.c:84:9
	ldr	r1, [sp, #104]
	.loc	2 84 6 is_stmt 0                @ packages/paho_mqtt/MQTTPacket/src/MQTTSerializePublish.c:84:6
	ldr	r0, [sp, #24]
	add	r0, r1
	str	r0, [sp, #24]
	.loc	2 86 7 is_stmt 1                @ packages/paho_mqtt/MQTTPacket/src/MQTTSerializePublish.c:86:7
	ldr	r0, [sp, #24]
	.loc	2 86 13 is_stmt 0               @ packages/paho_mqtt/MQTTPacket/src/MQTTSerializePublish.c:86:13
	ldr	r1, [sp, #44]
	.loc	2 86 11                         @ packages/paho_mqtt/MQTTPacket/src/MQTTSerializePublish.c:86:11
	subs	r0, r0, r1
	.loc	2 86 5                          @ packages/paho_mqtt/MQTTPacket/src/MQTTSerializePublish.c:86:5
	str	r0, [sp, #12]
	.loc	2 86 2                          @ packages/paho_mqtt/MQTTPacket/src/MQTTSerializePublish.c:86:2
	b	.LBB1_5
.LBB1_5:
.Ltmp15:
	@DEBUG_LABEL: MQTTSerialize_publish:exit
	.loc	2 90 9 is_stmt 1                @ packages/paho_mqtt/MQTTPacket/src/MQTTSerializePublish.c:90:9
	ldr	r0, [sp, #12]
	.loc	2 90 2 is_stmt 0                @ packages/paho_mqtt/MQTTPacket/src/MQTTSerializePublish.c:90:2
	add	sp, #60
	pop	{r4, r5, r6, r7, pc}
.Ltmp16:
.Lfunc_end1:
	.size	MQTTSerialize_publish, .Lfunc_end1-MQTTSerialize_publish
	.cfi_endproc
	.cantunwind
	.fnend
                                        @ -- End function
	.section	.text.MQTTSerialize_ack,"ax",%progbits
	.hidden	MQTTSerialize_ack               @ -- Begin function MQTTSerialize_ack
	.globl	MQTTSerialize_ack
	.p2align	3
	.type	MQTTSerialize_ack,%function
	.code	16                              @ @MQTTSerialize_ack
	.thumb_func
MQTTSerialize_ack:
.Lfunc_begin2:
	.loc	2 105 0 is_stmt 1               @ packages/paho_mqtt/MQTTPacket/src/MQTTSerializePublish.c:105:0
	.fnstart
	.cfi_startproc
@ %bb.0:
	.save	{r7, lr}
	push	{r7, lr}
	.cfi_def_cfa_offset 8
	.cfi_offset lr, -4
	.cfi_offset r7, -8
	.pad	#32
	sub	sp, #32
	.cfi_def_cfa_offset 40
	mov	r12, r0
	ldr	r0, [sp, #40]
                                        @ kill: def $lr killed $r3
                                        @ kill: def $lr killed $r2
	str.w	r12, [sp, #28]
	str	r1, [sp, #24]
	strb.w	r2, [sp, #23]
	strb.w	r3, [sp, #22]
	strh.w	r0, [sp, #20]
.Ltmp17:
	.loc	2 106 13 prologue_end           @ packages/paho_mqtt/MQTTPacket/src/MQTTSerializePublish.c:106:13
	movw	r0, :lower16:.L__const.MQTTSerialize_ack.header
	movt	r0, :upper16:.L__const.MQTTSerialize_ack.header
	ldr	r0, [r0]
	str	r0, [sp, #16]
	movs	r0, #0
	.loc	2 107 6                         @ packages/paho_mqtt/MQTTPacket/src/MQTTSerializePublish.c:107:6
	str	r0, [sp, #12]
	.loc	2 108 23                        @ packages/paho_mqtt/MQTTPacket/src/MQTTSerializePublish.c:108:23
	ldr	r0, [sp, #28]
	.loc	2 108 17 is_stmt 0              @ packages/paho_mqtt/MQTTPacket/src/MQTTSerializePublish.c:108:17
	str	r0, [sp, #8]
.Ltmp18:
	.loc	2 111 6 is_stmt 1               @ packages/paho_mqtt/MQTTPacket/src/MQTTSerializePublish.c:111:6
	ldr	r0, [sp, #24]
.Ltmp19:
	.loc	2 111 6 is_stmt 0               @ packages/paho_mqtt/MQTTPacket/src/MQTTSerializePublish.c:111:6
	cmp	r0, #3
	bgt	.LBB2_2
	b	.LBB2_1
.LBB2_1:
	.loc	2 0 6                           @ packages/paho_mqtt/MQTTPacket/src/MQTTSerializePublish.c:0:6
	mvn	r0, #1
.Ltmp20:
	.loc	2 113 6 is_stmt 1               @ packages/paho_mqtt/MQTTPacket/src/MQTTSerializePublish.c:113:6
	str	r0, [sp, #12]
	.loc	2 114 3                         @ packages/paho_mqtt/MQTTPacket/src/MQTTSerializePublish.c:114:3
	b	.LBB2_3
.Ltmp21:
.LBB2_2:
	.loc	2 116 21                        @ packages/paho_mqtt/MQTTPacket/src/MQTTSerializePublish.c:116:21
	ldrb.w	r1, [sp, #23]
	.loc	2 116 19 is_stmt 0              @ packages/paho_mqtt/MQTTPacket/src/MQTTSerializePublish.c:116:19
	ldrb.w	r0, [sp, #16]
	and	r0, r0, #15
	orr.w	r0, r0, r1, lsl #4
	strb.w	r0, [sp, #16]
	.loc	2 117 20 is_stmt 1              @ packages/paho_mqtt/MQTTPacket/src/MQTTSerializePublish.c:117:20
	ldrb.w	r1, [sp, #22]
	.loc	2 117 18 is_stmt 0              @ packages/paho_mqtt/MQTTPacket/src/MQTTSerializePublish.c:117:18
	ldrb.w	r0, [sp, #16]
	and	r1, r1, #1
	and	r0, r0, #247
	orr.w	r0, r0, r1, lsl #3
	strb.w	r0, [sp, #16]
	.loc	2 118 21 is_stmt 1              @ packages/paho_mqtt/MQTTPacket/src/MQTTSerializePublish.c:118:21
	ldrb.w	r0, [sp, #23]
	.loc	2 118 32 is_stmt 0              @ packages/paho_mqtt/MQTTPacket/src/MQTTSerializePublish.c:118:32
	subs	r0, #6
	clz	r0, r0
	lsrs	r1, r0, #5
	.loc	2 118 18                        @ packages/paho_mqtt/MQTTPacket/src/MQTTSerializePublish.c:118:18
	ldrb.w	r0, [sp, #16]
	and	r0, r0, #249
	orr.w	r0, r0, r1, lsl #1
	strb.w	r0, [sp, #16]
	.loc	2 119 25 is_stmt 1              @ packages/paho_mqtt/MQTTPacket/src/MQTTSerializePublish.c:119:25
	ldrsb.w	r1, [sp, #16]
	add	r0, sp, #8
	.loc	2 119 2 is_stmt 0               @ packages/paho_mqtt/MQTTPacket/src/MQTTSerializePublish.c:119:2
	str	r0, [sp, #4]                    @ 4-byte Spill
	bl	writeChar
	.loc	2 121 27 is_stmt 1              @ packages/paho_mqtt/MQTTPacket/src/MQTTSerializePublish.c:121:27
	ldr	r0, [sp, #8]
	movs	r1, #2
	.loc	2 121 9 is_stmt 0               @ packages/paho_mqtt/MQTTPacket/src/MQTTSerializePublish.c:121:9
	bl	MQTTPacket_encode
	mov	r2, r0
	.loc	2 121 6                         @ packages/paho_mqtt/MQTTPacket/src/MQTTSerializePublish.c:121:6
	ldr	r0, [sp, #4]                    @ 4-byte Reload
	ldr	r1, [sp, #8]
	add	r1, r2
	str	r1, [sp, #8]
	.loc	2 122 17 is_stmt 1              @ packages/paho_mqtt/MQTTPacket/src/MQTTSerializePublish.c:122:17
	ldrh.w	r1, [sp, #20]
	.loc	2 122 2 is_stmt 0               @ packages/paho_mqtt/MQTTPacket/src/MQTTSerializePublish.c:122:2
	bl	writeInt
	.loc	2 123 7 is_stmt 1               @ packages/paho_mqtt/MQTTPacket/src/MQTTSerializePublish.c:123:7
	ldr	r0, [sp, #8]
	.loc	2 123 13 is_stmt 0              @ packages/paho_mqtt/MQTTPacket/src/MQTTSerializePublish.c:123:13
	ldr	r1, [sp, #28]
	.loc	2 123 11                        @ packages/paho_mqtt/MQTTPacket/src/MQTTSerializePublish.c:123:11
	subs	r0, r0, r1
	.loc	2 123 5                         @ packages/paho_mqtt/MQTTPacket/src/MQTTSerializePublish.c:123:5
	str	r0, [sp, #12]
	.loc	2 123 2                         @ packages/paho_mqtt/MQTTPacket/src/MQTTSerializePublish.c:123:2
	b	.LBB2_3
.LBB2_3:
.Ltmp22:
	@DEBUG_LABEL: MQTTSerialize_ack:exit
	.loc	2 126 9 is_stmt 1               @ packages/paho_mqtt/MQTTPacket/src/MQTTSerializePublish.c:126:9
	ldr	r0, [sp, #12]
	.loc	2 126 2 is_stmt 0               @ packages/paho_mqtt/MQTTPacket/src/MQTTSerializePublish.c:126:2
	add	sp, #32
	pop	{r7, pc}
.Ltmp23:
.Lfunc_end2:
	.size	MQTTSerialize_ack, .Lfunc_end2-MQTTSerialize_ack
	.cfi_endproc
	.cantunwind
	.fnend
                                        @ -- End function
	.section	.text.MQTTSerialize_puback,"ax",%progbits
	.hidden	MQTTSerialize_puback            @ -- Begin function MQTTSerialize_puback
	.globl	MQTTSerialize_puback
	.p2align	3
	.type	MQTTSerialize_puback,%function
	.code	16                              @ @MQTTSerialize_puback
	.thumb_func
MQTTSerialize_puback:
.Lfunc_begin3:
	.loc	2 138 0 is_stmt 1               @ packages/paho_mqtt/MQTTPacket/src/MQTTSerializePublish.c:138:0
	.fnstart
	.cfi_startproc
@ %bb.0:
	.save	{r7, lr}
	push	{r7, lr}
	.cfi_def_cfa_offset 8
	.cfi_offset lr, -4
	.cfi_offset r7, -8
	.pad	#16
	sub	sp, #16
	.cfi_def_cfa_offset 24
                                        @ kill: def $r3 killed $r2
	str	r0, [sp, #12]
	str	r1, [sp, #8]
	strh.w	r2, [sp, #6]
.Ltmp24:
	.loc	2 139 27 prologue_end           @ packages/paho_mqtt/MQTTPacket/src/MQTTSerializePublish.c:139:27
	ldr	r0, [sp, #12]
	.loc	2 139 32 is_stmt 0              @ packages/paho_mqtt/MQTTPacket/src/MQTTSerializePublish.c:139:32
	ldr	r1, [sp, #8]
	.loc	2 139 51                        @ packages/paho_mqtt/MQTTPacket/src/MQTTSerializePublish.c:139:51
	ldrh.w	r2, [sp, #6]
	.loc	2 139 9                         @ packages/paho_mqtt/MQTTPacket/src/MQTTSerializePublish.c:139:9
	mov	r3, sp
	str	r2, [r3]
	movs	r2, #4
	movs	r3, #0
	bl	MQTTSerialize_ack
	.loc	2 139 2                         @ packages/paho_mqtt/MQTTPacket/src/MQTTSerializePublish.c:139:2
	add	sp, #16
	pop	{r7, pc}
.Ltmp25:
.Lfunc_end3:
	.size	MQTTSerialize_puback, .Lfunc_end3-MQTTSerialize_puback
	.cfi_endproc
	.cantunwind
	.fnend
                                        @ -- End function
	.section	.text.MQTTSerialize_pubrel,"ax",%progbits
	.hidden	MQTTSerialize_pubrel            @ -- Begin function MQTTSerialize_pubrel
	.globl	MQTTSerialize_pubrel
	.p2align	3
	.type	MQTTSerialize_pubrel,%function
	.code	16                              @ @MQTTSerialize_pubrel
	.thumb_func
MQTTSerialize_pubrel:
.Lfunc_begin4:
	.loc	2 152 0 is_stmt 1               @ packages/paho_mqtt/MQTTPacket/src/MQTTSerializePublish.c:152:0
	.fnstart
	.cfi_startproc
@ %bb.0:
	.save	{r7, lr}
	push	{r7, lr}
	.cfi_def_cfa_offset 8
	.cfi_offset lr, -4
	.cfi_offset r7, -8
	.pad	#16
	sub	sp, #16
	.cfi_def_cfa_offset 24
                                        @ kill: def $r12 killed $r3
                                        @ kill: def $r12 killed $r2
	str	r0, [sp, #12]
	str	r1, [sp, #8]
	strb.w	r2, [sp, #7]
	strh.w	r3, [sp, #4]
.Ltmp26:
	.loc	2 153 27 prologue_end           @ packages/paho_mqtt/MQTTPacket/src/MQTTSerializePublish.c:153:27
	ldr	r0, [sp, #12]
	.loc	2 153 32 is_stmt 0              @ packages/paho_mqtt/MQTTPacket/src/MQTTSerializePublish.c:153:32
	ldr	r1, [sp, #8]
	.loc	2 153 48                        @ packages/paho_mqtt/MQTTPacket/src/MQTTSerializePublish.c:153:48
	ldrb.w	r3, [sp, #7]
	.loc	2 153 53                        @ packages/paho_mqtt/MQTTPacket/src/MQTTSerializePublish.c:153:53
	ldrh.w	r2, [sp, #4]
	.loc	2 153 9                         @ packages/paho_mqtt/MQTTPacket/src/MQTTSerializePublish.c:153:9
	mov	r12, sp
	str.w	r2, [r12]
	movs	r2, #6
	bl	MQTTSerialize_ack
	.loc	2 153 2                         @ packages/paho_mqtt/MQTTPacket/src/MQTTSerializePublish.c:153:2
	add	sp, #16
	pop	{r7, pc}
.Ltmp27:
.Lfunc_end4:
	.size	MQTTSerialize_pubrel, .Lfunc_end4-MQTTSerialize_pubrel
	.cfi_endproc
	.cantunwind
	.fnend
                                        @ -- End function
	.section	.text.MQTTSerialize_pubcomp,"ax",%progbits
	.hidden	MQTTSerialize_pubcomp           @ -- Begin function MQTTSerialize_pubcomp
	.globl	MQTTSerialize_pubcomp
	.p2align	3
	.type	MQTTSerialize_pubcomp,%function
	.code	16                              @ @MQTTSerialize_pubcomp
	.thumb_func
MQTTSerialize_pubcomp:
.Lfunc_begin5:
	.loc	2 165 0 is_stmt 1               @ packages/paho_mqtt/MQTTPacket/src/MQTTSerializePublish.c:165:0
	.fnstart
	.cfi_startproc
@ %bb.0:
	.save	{r7, lr}
	push	{r7, lr}
	.cfi_def_cfa_offset 8
	.cfi_offset lr, -4
	.cfi_offset r7, -8
	.pad	#16
	sub	sp, #16
	.cfi_def_cfa_offset 24
                                        @ kill: def $r3 killed $r2
	str	r0, [sp, #12]
	str	r1, [sp, #8]
	strh.w	r2, [sp, #6]
.Ltmp28:
	.loc	2 166 27 prologue_end           @ packages/paho_mqtt/MQTTPacket/src/MQTTSerializePublish.c:166:27
	ldr	r0, [sp, #12]
	.loc	2 166 32 is_stmt 0              @ packages/paho_mqtt/MQTTPacket/src/MQTTSerializePublish.c:166:32
	ldr	r1, [sp, #8]
	.loc	2 166 52                        @ packages/paho_mqtt/MQTTPacket/src/MQTTSerializePublish.c:166:52
	ldrh.w	r2, [sp, #6]
	.loc	2 166 9                         @ packages/paho_mqtt/MQTTPacket/src/MQTTSerializePublish.c:166:9
	mov	r3, sp
	str	r2, [r3]
	movs	r2, #7
	movs	r3, #0
	bl	MQTTSerialize_ack
	.loc	2 166 2                         @ packages/paho_mqtt/MQTTPacket/src/MQTTSerializePublish.c:166:2
	add	sp, #16
	pop	{r7, pc}
.Ltmp29:
.Lfunc_end5:
	.size	MQTTSerialize_pubcomp, .Lfunc_end5-MQTTSerialize_pubcomp
	.cfi_endproc
	.cantunwind
	.fnend
                                        @ -- End function
	.type	.L__const.MQTTSerialize_publish.header,%object @ @__const.MQTTSerialize_publish.header
	.section	.rodata.cst4,"aM",%progbits,4
	.p2align	2
.L__const.MQTTSerialize_publish.header:
	.byte	0                               @ 0x0
	.zero	3
	.size	.L__const.MQTTSerialize_publish.header, 4

	.type	.L__const.MQTTSerialize_ack.header,%object @ @__const.MQTTSerialize_ack.header
	.p2align	2
.L__const.MQTTSerialize_ack.header:
	.byte	0                               @ 0x0
	.zero	3
	.size	.L__const.MQTTSerialize_ack.header, 4

	.section	.debug_abbrev,"",%progbits
	.byte	1                               @ Abbreviation Code
	.byte	17                              @ DW_TAG_compile_unit
	.byte	1                               @ DW_CHILDREN_yes
	.byte	37                              @ DW_AT_producer
	.byte	14                              @ DW_FORM_strp
	.byte	19                              @ DW_AT_language
	.byte	5                               @ DW_FORM_data2
	.byte	3                               @ DW_AT_name
	.byte	14                              @ DW_FORM_strp
	.byte	16                              @ DW_AT_stmt_list
	.byte	6                               @ DW_FORM_data4
	.byte	27                              @ DW_AT_comp_dir
	.byte	14                              @ DW_FORM_strp
	.byte	17                              @ DW_AT_low_pc
	.byte	1                               @ DW_FORM_addr
	.byte	85                              @ DW_AT_ranges
	.byte	6                               @ DW_FORM_data4
	.byte	0                               @ EOM(1)
	.byte	0                               @ EOM(2)
	.byte	2                               @ Abbreviation Code
	.byte	4                               @ DW_TAG_enumeration_type
	.byte	1                               @ DW_CHILDREN_yes
	.byte	73                              @ DW_AT_type
	.byte	19                              @ DW_FORM_ref4
	.byte	3                               @ DW_AT_name
	.byte	14                              @ DW_FORM_strp
	.byte	11                              @ DW_AT_byte_size
	.byte	11                              @ DW_FORM_data1
	.byte	58                              @ DW_AT_decl_file
	.byte	11                              @ DW_FORM_data1
	.byte	59                              @ DW_AT_decl_line
	.byte	11                              @ DW_FORM_data1
	.byte	0                               @ EOM(1)
	.byte	0                               @ EOM(2)
	.byte	3                               @ Abbreviation Code
	.byte	40                              @ DW_TAG_enumerator
	.byte	0                               @ DW_CHILDREN_no
	.byte	3                               @ DW_AT_name
	.byte	14                              @ DW_FORM_strp
	.byte	28                              @ DW_AT_const_value
	.byte	13                              @ DW_FORM_sdata
	.byte	0                               @ EOM(1)
	.byte	0                               @ EOM(2)
	.byte	4                               @ Abbreviation Code
	.byte	36                              @ DW_TAG_base_type
	.byte	0                               @ DW_CHILDREN_no
	.byte	3                               @ DW_AT_name
	.byte	14                              @ DW_FORM_strp
	.byte	62                              @ DW_AT_encoding
	.byte	11                              @ DW_FORM_data1
	.byte	11                              @ DW_AT_byte_size
	.byte	11                              @ DW_FORM_data1
	.byte	0                               @ EOM(1)
	.byte	0                               @ EOM(2)
	.byte	5                               @ Abbreviation Code
	.byte	40                              @ DW_TAG_enumerator
	.byte	0                               @ DW_CHILDREN_no
	.byte	3                               @ DW_AT_name
	.byte	14                              @ DW_FORM_strp
	.byte	28                              @ DW_AT_const_value
	.byte	15                              @ DW_FORM_udata
	.byte	0                               @ EOM(1)
	.byte	0                               @ EOM(2)
	.byte	6                               @ Abbreviation Code
	.byte	46                              @ DW_TAG_subprogram
	.byte	1                               @ DW_CHILDREN_yes
	.byte	17                              @ DW_AT_low_pc
	.byte	1                               @ DW_FORM_addr
	.byte	18                              @ DW_AT_high_pc
	.byte	1                               @ DW_FORM_addr
	.byte	64                              @ DW_AT_frame_base
	.byte	10                              @ DW_FORM_block1
	.byte	3                               @ DW_AT_name
	.byte	14                              @ DW_FORM_strp
	.byte	58                              @ DW_AT_decl_file
	.byte	11                              @ DW_FORM_data1
	.byte	59                              @ DW_AT_decl_line
	.byte	11                              @ DW_FORM_data1
	.byte	39                              @ DW_AT_prototyped
	.byte	12                              @ DW_FORM_flag
	.byte	73                              @ DW_AT_type
	.byte	19                              @ DW_FORM_ref4
	.byte	63                              @ DW_AT_external
	.byte	12                              @ DW_FORM_flag
	.byte	0                               @ EOM(1)
	.byte	0                               @ EOM(2)
	.byte	7                               @ Abbreviation Code
	.byte	5                               @ DW_TAG_formal_parameter
	.byte	0                               @ DW_CHILDREN_no
	.byte	2                               @ DW_AT_location
	.byte	10                              @ DW_FORM_block1
	.byte	3                               @ DW_AT_name
	.byte	14                              @ DW_FORM_strp
	.byte	58                              @ DW_AT_decl_file
	.byte	11                              @ DW_FORM_data1
	.byte	59                              @ DW_AT_decl_line
	.byte	11                              @ DW_FORM_data1
	.byte	73                              @ DW_AT_type
	.byte	19                              @ DW_FORM_ref4
	.byte	0                               @ EOM(1)
	.byte	0                               @ EOM(2)
	.byte	8                               @ Abbreviation Code
	.byte	52                              @ DW_TAG_variable
	.byte	0                               @ DW_CHILDREN_no
	.byte	2                               @ DW_AT_location
	.byte	10                              @ DW_FORM_block1
	.byte	3                               @ DW_AT_name
	.byte	14                              @ DW_FORM_strp
	.byte	58                              @ DW_AT_decl_file
	.byte	11                              @ DW_FORM_data1
	.byte	59                              @ DW_AT_decl_line
	.byte	11                              @ DW_FORM_data1
	.byte	73                              @ DW_AT_type
	.byte	19                              @ DW_FORM_ref4
	.byte	0                               @ EOM(1)
	.byte	0                               @ EOM(2)
	.byte	9                               @ Abbreviation Code
	.byte	10                              @ DW_TAG_label
	.byte	0                               @ DW_CHILDREN_no
	.byte	3                               @ DW_AT_name
	.byte	14                              @ DW_FORM_strp
	.byte	58                              @ DW_AT_decl_file
	.byte	11                              @ DW_FORM_data1
	.byte	59                              @ DW_AT_decl_line
	.byte	11                              @ DW_FORM_data1
	.byte	17                              @ DW_AT_low_pc
	.byte	1                               @ DW_FORM_addr
	.byte	0                               @ EOM(1)
	.byte	0                               @ EOM(2)
	.byte	10                              @ Abbreviation Code
	.byte	22                              @ DW_TAG_typedef
	.byte	0                               @ DW_CHILDREN_no
	.byte	73                              @ DW_AT_type
	.byte	19                              @ DW_FORM_ref4
	.byte	3                               @ DW_AT_name
	.byte	14                              @ DW_FORM_strp
	.byte	58                              @ DW_AT_decl_file
	.byte	11                              @ DW_FORM_data1
	.byte	59                              @ DW_AT_decl_line
	.byte	11                              @ DW_FORM_data1
	.byte	0                               @ EOM(1)
	.byte	0                               @ EOM(2)
	.byte	11                              @ Abbreviation Code
	.byte	19                              @ DW_TAG_structure_type
	.byte	1                               @ DW_CHILDREN_yes
	.byte	11                              @ DW_AT_byte_size
	.byte	11                              @ DW_FORM_data1
	.byte	58                              @ DW_AT_decl_file
	.byte	11                              @ DW_FORM_data1
	.byte	59                              @ DW_AT_decl_line
	.byte	11                              @ DW_FORM_data1
	.byte	0                               @ EOM(1)
	.byte	0                               @ EOM(2)
	.byte	12                              @ Abbreviation Code
	.byte	13                              @ DW_TAG_member
	.byte	0                               @ DW_CHILDREN_no
	.byte	3                               @ DW_AT_name
	.byte	14                              @ DW_FORM_strp
	.byte	73                              @ DW_AT_type
	.byte	19                              @ DW_FORM_ref4
	.byte	58                              @ DW_AT_decl_file
	.byte	11                              @ DW_FORM_data1
	.byte	59                              @ DW_AT_decl_line
	.byte	11                              @ DW_FORM_data1
	.byte	56                              @ DW_AT_data_member_location
	.byte	11                              @ DW_FORM_data1
	.byte	0                               @ EOM(1)
	.byte	0                               @ EOM(2)
	.byte	13                              @ Abbreviation Code
	.byte	15                              @ DW_TAG_pointer_type
	.byte	0                               @ DW_CHILDREN_no
	.byte	73                              @ DW_AT_type
	.byte	19                              @ DW_FORM_ref4
	.byte	0                               @ EOM(1)
	.byte	0                               @ EOM(2)
	.byte	14                              @ Abbreviation Code
	.byte	23                              @ DW_TAG_union_type
	.byte	1                               @ DW_CHILDREN_yes
	.byte	11                              @ DW_AT_byte_size
	.byte	11                              @ DW_FORM_data1
	.byte	58                              @ DW_AT_decl_file
	.byte	11                              @ DW_FORM_data1
	.byte	59                              @ DW_AT_decl_line
	.byte	11                              @ DW_FORM_data1
	.byte	0                               @ EOM(1)
	.byte	0                               @ EOM(2)
	.byte	15                              @ Abbreviation Code
	.byte	13                              @ DW_TAG_member
	.byte	0                               @ DW_CHILDREN_no
	.byte	3                               @ DW_AT_name
	.byte	14                              @ DW_FORM_strp
	.byte	73                              @ DW_AT_type
	.byte	19                              @ DW_FORM_ref4
	.byte	58                              @ DW_AT_decl_file
	.byte	11                              @ DW_FORM_data1
	.byte	59                              @ DW_AT_decl_line
	.byte	11                              @ DW_FORM_data1
	.byte	11                              @ DW_AT_byte_size
	.byte	11                              @ DW_FORM_data1
	.byte	13                              @ DW_AT_bit_size
	.byte	11                              @ DW_FORM_data1
	.byte	12                              @ DW_AT_bit_offset
	.byte	11                              @ DW_FORM_data1
	.byte	56                              @ DW_AT_data_member_location
	.byte	11                              @ DW_FORM_data1
	.byte	0                               @ EOM(1)
	.byte	0                               @ EOM(2)
	.byte	0                               @ EOM(3)
	.section	.debug_info,"",%progbits
.Lcu_begin0:
	.long	.Ldebug_info_end0-.Ldebug_info_start0 @ Length of Unit
.Ldebug_info_start0:
	.short	3                               @ DWARF version number
	.long	.debug_abbrev                   @ Offset Into Abbrev. Section
	.byte	4                               @ Address Size (in bytes)
	.byte	1                               @ Abbrev [1] 0xb:0x41b DW_TAG_compile_unit
	.long	.Linfo_string0                  @ DW_AT_producer
	.short	12                              @ DW_AT_language
	.long	.Linfo_string1                  @ DW_AT_name
	.long	.Lline_table_start0             @ DW_AT_stmt_list
	.long	.Linfo_string2                  @ DW_AT_comp_dir
	.long	0                               @ DW_AT_low_pc
	.long	.Ldebug_ranges0                 @ DW_AT_ranges
	.byte	2                               @ Abbrev [2] 0x26:0x1f DW_TAG_enumeration_type
	.long	69                              @ DW_AT_type
	.long	.Linfo_string7                  @ DW_AT_name
	.byte	1                               @ DW_AT_byte_size
	.byte	1                               @ DW_AT_decl_file
	.byte	36                              @ DW_AT_decl_line
	.byte	3                               @ Abbrev [3] 0x32:0x6 DW_TAG_enumerator
	.long	.Linfo_string4                  @ DW_AT_name
	.byte	126                             @ DW_AT_const_value
	.byte	3                               @ Abbrev [3] 0x38:0x6 DW_TAG_enumerator
	.long	.Linfo_string5                  @ DW_AT_name
	.byte	127                             @ DW_AT_const_value
	.byte	3                               @ Abbrev [3] 0x3e:0x6 DW_TAG_enumerator
	.long	.Linfo_string6                  @ DW_AT_name
	.byte	0                               @ DW_AT_const_value
	.byte	0                               @ End Of Children Mark
	.byte	4                               @ Abbrev [4] 0x45:0x7 DW_TAG_base_type
	.long	.Linfo_string3                  @ DW_AT_name
	.byte	6                               @ DW_AT_encoding
	.byte	1                               @ DW_AT_byte_size
	.byte	2                               @ Abbrev [2] 0x4c:0x61 DW_TAG_enumeration_type
	.long	173                             @ DW_AT_type
	.long	.Linfo_string23                 @ DW_AT_name
	.byte	1                               @ DW_AT_byte_size
	.byte	1                               @ DW_AT_decl_file
	.byte	43                              @ DW_AT_decl_line
	.byte	5                               @ Abbrev [5] 0x58:0x6 DW_TAG_enumerator
	.long	.Linfo_string9                  @ DW_AT_name
	.byte	1                               @ DW_AT_const_value
	.byte	5                               @ Abbrev [5] 0x5e:0x6 DW_TAG_enumerator
	.long	.Linfo_string10                 @ DW_AT_name
	.byte	2                               @ DW_AT_const_value
	.byte	5                               @ Abbrev [5] 0x64:0x6 DW_TAG_enumerator
	.long	.Linfo_string11                 @ DW_AT_name
	.byte	3                               @ DW_AT_const_value
	.byte	5                               @ Abbrev [5] 0x6a:0x6 DW_TAG_enumerator
	.long	.Linfo_string12                 @ DW_AT_name
	.byte	4                               @ DW_AT_const_value
	.byte	5                               @ Abbrev [5] 0x70:0x6 DW_TAG_enumerator
	.long	.Linfo_string13                 @ DW_AT_name
	.byte	5                               @ DW_AT_const_value
	.byte	5                               @ Abbrev [5] 0x76:0x6 DW_TAG_enumerator
	.long	.Linfo_string14                 @ DW_AT_name
	.byte	6                               @ DW_AT_const_value
	.byte	5                               @ Abbrev [5] 0x7c:0x6 DW_TAG_enumerator
	.long	.Linfo_string15                 @ DW_AT_name
	.byte	7                               @ DW_AT_const_value
	.byte	5                               @ Abbrev [5] 0x82:0x6 DW_TAG_enumerator
	.long	.Linfo_string16                 @ DW_AT_name
	.byte	8                               @ DW_AT_const_value
	.byte	5                               @ Abbrev [5] 0x88:0x6 DW_TAG_enumerator
	.long	.Linfo_string17                 @ DW_AT_name
	.byte	9                               @ DW_AT_const_value
	.byte	5                               @ Abbrev [5] 0x8e:0x6 DW_TAG_enumerator
	.long	.Linfo_string18                 @ DW_AT_name
	.byte	10                              @ DW_AT_const_value
	.byte	5                               @ Abbrev [5] 0x94:0x6 DW_TAG_enumerator
	.long	.Linfo_string19                 @ DW_AT_name
	.byte	11                              @ DW_AT_const_value
	.byte	5                               @ Abbrev [5] 0x9a:0x6 DW_TAG_enumerator
	.long	.Linfo_string20                 @ DW_AT_name
	.byte	12                              @ DW_AT_const_value
	.byte	5                               @ Abbrev [5] 0xa0:0x6 DW_TAG_enumerator
	.long	.Linfo_string21                 @ DW_AT_name
	.byte	13                              @ DW_AT_const_value
	.byte	5                               @ Abbrev [5] 0xa6:0x6 DW_TAG_enumerator
	.long	.Linfo_string22                 @ DW_AT_name
	.byte	14                              @ DW_AT_const_value
	.byte	0                               @ End Of Children Mark
	.byte	4                               @ Abbrev [4] 0xad:0x7 DW_TAG_base_type
	.long	.Linfo_string8                  @ DW_AT_name
	.byte	8                               @ DW_AT_encoding
	.byte	1                               @ DW_AT_byte_size
	.byte	6                               @ Abbrev [6] 0xb4:0x50 DW_TAG_subprogram
	.long	.Lfunc_begin0                   @ DW_AT_low_pc
	.long	.Lfunc_end0                     @ DW_AT_high_pc
	.byte	1                               @ DW_AT_frame_base
	.byte	93
	.long	.Linfo_string24                 @ DW_AT_name
	.byte	2                               @ DW_AT_decl_file
	.byte	31                              @ DW_AT_decl_line
	.byte	1                               @ DW_AT_prototyped
	.long	838                             @ DW_AT_type
	.byte	1                               @ DW_AT_external
	.byte	7                               @ Abbrev [7] 0xcb:0xe DW_TAG_formal_parameter
	.byte	2                               @ DW_AT_location
	.byte	145
	.byte	8
	.long	.Linfo_string31                 @ DW_AT_name
	.byte	2                               @ DW_AT_decl_file
	.byte	31                              @ DW_AT_decl_line
	.long	838                             @ DW_AT_type
	.byte	7                               @ Abbrev [7] 0xd9:0xe DW_TAG_formal_parameter
	.byte	2                               @ DW_AT_location
	.byte	145
	.byte	12
	.long	.Linfo_string32                 @ DW_AT_name
	.byte	2                               @ DW_AT_decl_file
	.byte	31                              @ DW_AT_decl_line
	.long	845                             @ DW_AT_type
	.byte	7                               @ Abbrev [7] 0xe7:0xe DW_TAG_formal_parameter
	.byte	2                               @ DW_AT_location
	.byte	145
	.byte	32
	.long	.Linfo_string40                 @ DW_AT_name
	.byte	2                               @ DW_AT_decl_file
	.byte	31                              @ DW_AT_decl_line
	.long	838                             @ DW_AT_type
	.byte	8                               @ Abbrev [8] 0xf5:0xe DW_TAG_variable
	.byte	2                               @ DW_AT_location
	.byte	145
	.byte	4
	.long	.Linfo_string36                 @ DW_AT_name
	.byte	2                               @ DW_AT_decl_file
	.byte	33                              @ DW_AT_decl_line
	.long	838                             @ DW_AT_type
	.byte	0                               @ End Of Children Mark
	.byte	6                               @ Abbrev [6] 0x104:0xdb DW_TAG_subprogram
	.long	.Lfunc_begin1                   @ DW_AT_low_pc
	.long	.Lfunc_end1                     @ DW_AT_high_pc
	.byte	1                               @ DW_AT_frame_base
	.byte	93
	.long	.Linfo_string26                 @ DW_AT_name
	.byte	2                               @ DW_AT_decl_file
	.byte	55                              @ DW_AT_decl_line
	.byte	1                               @ DW_AT_prototyped
	.long	838                             @ DW_AT_type
	.byte	1                               @ DW_AT_external
	.byte	7                               @ Abbrev [7] 0x11b:0xe DW_TAG_formal_parameter
	.byte	2                               @ DW_AT_location
	.byte	145
	.byte	44
	.long	.Linfo_string41                 @ DW_AT_name
	.byte	2                               @ DW_AT_decl_file
	.byte	55                              @ DW_AT_decl_line
	.long	937                             @ DW_AT_type
	.byte	7                               @ Abbrev [7] 0x129:0xe DW_TAG_formal_parameter
	.byte	2                               @ DW_AT_location
	.byte	145
	.byte	40
	.long	.Linfo_string42                 @ DW_AT_name
	.byte	2                               @ DW_AT_decl_file
	.byte	55                              @ DW_AT_decl_line
	.long	838                             @ DW_AT_type
	.byte	7                               @ Abbrev [7] 0x137:0xe DW_TAG_formal_parameter
	.byte	2                               @ DW_AT_location
	.byte	145
	.byte	39
	.long	.Linfo_string43                 @ DW_AT_name
	.byte	2                               @ DW_AT_decl_file
	.byte	55                              @ DW_AT_decl_line
	.long	173                             @ DW_AT_type
	.byte	7                               @ Abbrev [7] 0x145:0xe DW_TAG_formal_parameter
	.byte	2                               @ DW_AT_location
	.byte	145
	.byte	32
	.long	.Linfo_string31                 @ DW_AT_name
	.byte	2                               @ DW_AT_decl_file
	.byte	55                              @ DW_AT_decl_line
	.long	838                             @ DW_AT_type
	.byte	7                               @ Abbrev [7] 0x153:0xe DW_TAG_formal_parameter
	.byte	2                               @ DW_AT_location
	.byte	145
	.byte	31
	.long	.Linfo_string44                 @ DW_AT_name
	.byte	2                               @ DW_AT_decl_file
	.byte	55                              @ DW_AT_decl_line
	.long	173                             @ DW_AT_type
	.byte	7                               @ Abbrev [7] 0x161:0xe DW_TAG_formal_parameter
	.byte	2                               @ DW_AT_location
	.byte	145
	.byte	28
	.long	.Linfo_string45                 @ DW_AT_name
	.byte	2                               @ DW_AT_decl_file
	.byte	55                              @ DW_AT_decl_line
	.long	942                             @ DW_AT_type
	.byte	7                               @ Abbrev [7] 0x16f:0xe DW_TAG_formal_parameter
	.byte	2                               @ DW_AT_location
	.byte	145
	.byte	48
	.long	.Linfo_string32                 @ DW_AT_name
	.byte	2                               @ DW_AT_decl_file
	.byte	56                              @ DW_AT_decl_line
	.long	845                             @ DW_AT_type
	.byte	7                               @ Abbrev [7] 0x17d:0xf DW_TAG_formal_parameter
	.byte	3                               @ DW_AT_location
	.byte	145
	.asciz	"\344"
	.long	.Linfo_string47                 @ DW_AT_name
	.byte	2                               @ DW_AT_decl_file
	.byte	56                              @ DW_AT_decl_line
	.long	937                             @ DW_AT_type
	.byte	7                               @ Abbrev [7] 0x18c:0xf DW_TAG_formal_parameter
	.byte	3                               @ DW_AT_location
	.byte	145
	.asciz	"\350"
	.long	.Linfo_string40                 @ DW_AT_name
	.byte	2                               @ DW_AT_decl_file
	.byte	56                              @ DW_AT_decl_line
	.long	838                             @ DW_AT_type
	.byte	8                               @ Abbrev [8] 0x19b:0xe DW_TAG_variable
	.byte	2                               @ DW_AT_location
	.byte	145
	.byte	24
	.long	.Linfo_string48                 @ DW_AT_name
	.byte	2                               @ DW_AT_decl_file
	.byte	58                              @ DW_AT_decl_line
	.long	937                             @ DW_AT_type
	.byte	8                               @ Abbrev [8] 0x1a9:0xe DW_TAG_variable
	.byte	2                               @ DW_AT_location
	.byte	145
	.byte	20
	.long	.Linfo_string49                 @ DW_AT_name
	.byte	2                               @ DW_AT_decl_file
	.byte	59                              @ DW_AT_decl_line
	.long	949                             @ DW_AT_type
	.byte	8                               @ Abbrev [8] 0x1b7:0xe DW_TAG_variable
	.byte	2                               @ DW_AT_location
	.byte	145
	.byte	16
	.long	.Linfo_string56                 @ DW_AT_name
	.byte	2                               @ DW_AT_decl_file
	.byte	60                              @ DW_AT_decl_line
	.long	838                             @ DW_AT_type
	.byte	8                               @ Abbrev [8] 0x1c5:0xe DW_TAG_variable
	.byte	2                               @ DW_AT_location
	.byte	145
	.byte	12
	.long	.Linfo_string57                 @ DW_AT_name
	.byte	2                               @ DW_AT_decl_file
	.byte	61                              @ DW_AT_decl_line
	.long	838                             @ DW_AT_type
	.byte	9                               @ Abbrev [9] 0x1d3:0xb DW_TAG_label
	.long	.Linfo_string58                 @ DW_AT_name
	.byte	2                               @ DW_AT_decl_file
	.byte	88                              @ DW_AT_decl_line
	.long	.Ltmp15                         @ DW_AT_low_pc
	.byte	0                               @ End Of Children Mark
	.byte	6                               @ Abbrev [6] 0x1df:0x93 DW_TAG_subprogram
	.long	.Lfunc_begin2                   @ DW_AT_low_pc
	.long	.Lfunc_end2                     @ DW_AT_high_pc
	.byte	1                               @ DW_AT_frame_base
	.byte	93
	.long	.Linfo_string27                 @ DW_AT_name
	.byte	2                               @ DW_AT_decl_file
	.byte	104                             @ DW_AT_decl_line
	.byte	1                               @ DW_AT_prototyped
	.long	838                             @ DW_AT_type
	.byte	1                               @ DW_AT_external
	.byte	7                               @ Abbrev [7] 0x1f6:0xe DW_TAG_formal_parameter
	.byte	2                               @ DW_AT_location
	.byte	145
	.byte	28
	.long	.Linfo_string41                 @ DW_AT_name
	.byte	2                               @ DW_AT_decl_file
	.byte	104                             @ DW_AT_decl_line
	.long	937                             @ DW_AT_type
	.byte	7                               @ Abbrev [7] 0x204:0xe DW_TAG_formal_parameter
	.byte	2                               @ DW_AT_location
	.byte	145
	.byte	24
	.long	.Linfo_string42                 @ DW_AT_name
	.byte	2                               @ DW_AT_decl_file
	.byte	104                             @ DW_AT_decl_line
	.long	838                             @ DW_AT_type
	.byte	7                               @ Abbrev [7] 0x212:0xe DW_TAG_formal_parameter
	.byte	2                               @ DW_AT_location
	.byte	145
	.byte	23
	.long	.Linfo_string59                 @ DW_AT_name
	.byte	2                               @ DW_AT_decl_file
	.byte	104                             @ DW_AT_decl_line
	.long	173                             @ DW_AT_type
	.byte	7                               @ Abbrev [7] 0x220:0xe DW_TAG_formal_parameter
	.byte	2                               @ DW_AT_location
	.byte	145
	.byte	22
	.long	.Linfo_string43                 @ DW_AT_name
	.byte	2                               @ DW_AT_decl_file
	.byte	104                             @ DW_AT_decl_line
	.long	173                             @ DW_AT_type
	.byte	7                               @ Abbrev [7] 0x22e:0xe DW_TAG_formal_parameter
	.byte	2                               @ DW_AT_location
	.byte	145
	.byte	20
	.long	.Linfo_string45                 @ DW_AT_name
	.byte	2                               @ DW_AT_decl_file
	.byte	104                             @ DW_AT_decl_line
	.long	942                             @ DW_AT_type
	.byte	8                               @ Abbrev [8] 0x23c:0xe DW_TAG_variable
	.byte	2                               @ DW_AT_location
	.byte	145
	.byte	16
	.long	.Linfo_string49                 @ DW_AT_name
	.byte	2                               @ DW_AT_decl_file
	.byte	106                             @ DW_AT_decl_line
	.long	949                             @ DW_AT_type
	.byte	8                               @ Abbrev [8] 0x24a:0xe DW_TAG_variable
	.byte	2                               @ DW_AT_location
	.byte	145
	.byte	12
	.long	.Linfo_string57                 @ DW_AT_name
	.byte	2                               @ DW_AT_decl_file
	.byte	107                             @ DW_AT_decl_line
	.long	838                             @ DW_AT_type
	.byte	8                               @ Abbrev [8] 0x258:0xe DW_TAG_variable
	.byte	2                               @ DW_AT_location
	.byte	145
	.byte	8
	.long	.Linfo_string48                 @ DW_AT_name
	.byte	2                               @ DW_AT_decl_file
	.byte	108                             @ DW_AT_decl_line
	.long	937                             @ DW_AT_type
	.byte	9                               @ Abbrev [9] 0x266:0xb DW_TAG_label
	.long	.Linfo_string58                 @ DW_AT_name
	.byte	2                               @ DW_AT_decl_file
	.byte	124                             @ DW_AT_decl_line
	.long	.Ltmp22                         @ DW_AT_low_pc
	.byte	0                               @ End Of Children Mark
	.byte	6                               @ Abbrev [6] 0x272:0x42 DW_TAG_subprogram
	.long	.Lfunc_begin3                   @ DW_AT_low_pc
	.long	.Lfunc_end3                     @ DW_AT_high_pc
	.byte	1                               @ DW_AT_frame_base
	.byte	93
	.long	.Linfo_string28                 @ DW_AT_name
	.byte	2                               @ DW_AT_decl_file
	.byte	137                             @ DW_AT_decl_line
	.byte	1                               @ DW_AT_prototyped
	.long	838                             @ DW_AT_type
	.byte	1                               @ DW_AT_external
	.byte	7                               @ Abbrev [7] 0x289:0xe DW_TAG_formal_parameter
	.byte	2                               @ DW_AT_location
	.byte	145
	.byte	12
	.long	.Linfo_string41                 @ DW_AT_name
	.byte	2                               @ DW_AT_decl_file
	.byte	137                             @ DW_AT_decl_line
	.long	937                             @ DW_AT_type
	.byte	7                               @ Abbrev [7] 0x297:0xe DW_TAG_formal_parameter
	.byte	2                               @ DW_AT_location
	.byte	145
	.byte	8
	.long	.Linfo_string42                 @ DW_AT_name
	.byte	2                               @ DW_AT_decl_file
	.byte	137                             @ DW_AT_decl_line
	.long	838                             @ DW_AT_type
	.byte	7                               @ Abbrev [7] 0x2a5:0xe DW_TAG_formal_parameter
	.byte	2                               @ DW_AT_location
	.byte	145
	.byte	6
	.long	.Linfo_string45                 @ DW_AT_name
	.byte	2                               @ DW_AT_decl_file
	.byte	137                             @ DW_AT_decl_line
	.long	942                             @ DW_AT_type
	.byte	0                               @ End Of Children Mark
	.byte	6                               @ Abbrev [6] 0x2b4:0x50 DW_TAG_subprogram
	.long	.Lfunc_begin4                   @ DW_AT_low_pc
	.long	.Lfunc_end4                     @ DW_AT_high_pc
	.byte	1                               @ DW_AT_frame_base
	.byte	93
	.long	.Linfo_string29                 @ DW_AT_name
	.byte	2                               @ DW_AT_decl_file
	.byte	151                             @ DW_AT_decl_line
	.byte	1                               @ DW_AT_prototyped
	.long	838                             @ DW_AT_type
	.byte	1                               @ DW_AT_external
	.byte	7                               @ Abbrev [7] 0x2cb:0xe DW_TAG_formal_parameter
	.byte	2                               @ DW_AT_location
	.byte	145
	.byte	12
	.long	.Linfo_string41                 @ DW_AT_name
	.byte	2                               @ DW_AT_decl_file
	.byte	151                             @ DW_AT_decl_line
	.long	937                             @ DW_AT_type
	.byte	7                               @ Abbrev [7] 0x2d9:0xe DW_TAG_formal_parameter
	.byte	2                               @ DW_AT_location
	.byte	145
	.byte	8
	.long	.Linfo_string42                 @ DW_AT_name
	.byte	2                               @ DW_AT_decl_file
	.byte	151                             @ DW_AT_decl_line
	.long	838                             @ DW_AT_type
	.byte	7                               @ Abbrev [7] 0x2e7:0xe DW_TAG_formal_parameter
	.byte	2                               @ DW_AT_location
	.byte	145
	.byte	7
	.long	.Linfo_string43                 @ DW_AT_name
	.byte	2                               @ DW_AT_decl_file
	.byte	151                             @ DW_AT_decl_line
	.long	173                             @ DW_AT_type
	.byte	7                               @ Abbrev [7] 0x2f5:0xe DW_TAG_formal_parameter
	.byte	2                               @ DW_AT_location
	.byte	145
	.byte	4
	.long	.Linfo_string45                 @ DW_AT_name
	.byte	2                               @ DW_AT_decl_file
	.byte	151                             @ DW_AT_decl_line
	.long	942                             @ DW_AT_type
	.byte	0                               @ End Of Children Mark
	.byte	6                               @ Abbrev [6] 0x304:0x42 DW_TAG_subprogram
	.long	.Lfunc_begin5                   @ DW_AT_low_pc
	.long	.Lfunc_end5                     @ DW_AT_high_pc
	.byte	1                               @ DW_AT_frame_base
	.byte	93
	.long	.Linfo_string30                 @ DW_AT_name
	.byte	2                               @ DW_AT_decl_file
	.byte	164                             @ DW_AT_decl_line
	.byte	1                               @ DW_AT_prototyped
	.long	838                             @ DW_AT_type
	.byte	1                               @ DW_AT_external
	.byte	7                               @ Abbrev [7] 0x31b:0xe DW_TAG_formal_parameter
	.byte	2                               @ DW_AT_location
	.byte	145
	.byte	12
	.long	.Linfo_string41                 @ DW_AT_name
	.byte	2                               @ DW_AT_decl_file
	.byte	164                             @ DW_AT_decl_line
	.long	937                             @ DW_AT_type
	.byte	7                               @ Abbrev [7] 0x329:0xe DW_TAG_formal_parameter
	.byte	2                               @ DW_AT_location
	.byte	145
	.byte	8
	.long	.Linfo_string42                 @ DW_AT_name
	.byte	2                               @ DW_AT_decl_file
	.byte	164                             @ DW_AT_decl_line
	.long	838                             @ DW_AT_type
	.byte	7                               @ Abbrev [7] 0x337:0xe DW_TAG_formal_parameter
	.byte	2                               @ DW_AT_location
	.byte	145
	.byte	6
	.long	.Linfo_string45                 @ DW_AT_name
	.byte	2                               @ DW_AT_decl_file
	.byte	164                             @ DW_AT_decl_line
	.long	942                             @ DW_AT_type
	.byte	0                               @ End Of Children Mark
	.byte	4                               @ Abbrev [4] 0x346:0x7 DW_TAG_base_type
	.long	.Linfo_string25                 @ DW_AT_name
	.byte	5                               @ DW_AT_encoding
	.byte	4                               @ DW_AT_byte_size
	.byte	10                              @ Abbrev [10] 0x34d:0xb DW_TAG_typedef
	.long	856                             @ DW_AT_type
	.long	.Linfo_string39                 @ DW_AT_name
	.byte	1                               @ DW_AT_decl_file
	.byte	85                              @ DW_AT_decl_line
	.byte	11                              @ Abbrev [11] 0x358:0x1d DW_TAG_structure_type
	.byte	12                              @ DW_AT_byte_size
	.byte	1                               @ DW_AT_decl_file
	.byte	81                              @ DW_AT_decl_line
	.byte	12                              @ Abbrev [12] 0x35c:0xc DW_TAG_member
	.long	.Linfo_string33                 @ DW_AT_name
	.long	885                             @ DW_AT_type
	.byte	1                               @ DW_AT_decl_file
	.byte	83                              @ DW_AT_decl_line
	.byte	0                               @ DW_AT_data_member_location
	.byte	12                              @ Abbrev [12] 0x368:0xc DW_TAG_member
	.long	.Linfo_string35                 @ DW_AT_name
	.long	897                             @ DW_AT_type
	.byte	1                               @ DW_AT_decl_file
	.byte	84                              @ DW_AT_decl_line
	.byte	4                               @ DW_AT_data_member_location
	.byte	0                               @ End Of Children Mark
	.byte	13                              @ Abbrev [13] 0x375:0x5 DW_TAG_pointer_type
	.long	890                             @ DW_AT_type
	.byte	4                               @ Abbrev [4] 0x37a:0x7 DW_TAG_base_type
	.long	.Linfo_string34                 @ DW_AT_name
	.byte	6                               @ DW_AT_encoding
	.byte	1                               @ DW_AT_byte_size
	.byte	10                              @ Abbrev [10] 0x381:0xb DW_TAG_typedef
	.long	908                             @ DW_AT_type
	.long	.Linfo_string38                 @ DW_AT_name
	.byte	1                               @ DW_AT_decl_file
	.byte	79                              @ DW_AT_decl_line
	.byte	11                              @ Abbrev [11] 0x38c:0x1d DW_TAG_structure_type
	.byte	8                               @ DW_AT_byte_size
	.byte	1                               @ DW_AT_decl_file
	.byte	75                              @ DW_AT_decl_line
	.byte	12                              @ Abbrev [12] 0x390:0xc DW_TAG_member
	.long	.Linfo_string36                 @ DW_AT_name
	.long	838                             @ DW_AT_type
	.byte	1                               @ DW_AT_decl_file
	.byte	77                              @ DW_AT_decl_line
	.byte	0                               @ DW_AT_data_member_location
	.byte	12                              @ Abbrev [12] 0x39c:0xc DW_TAG_member
	.long	.Linfo_string37                 @ DW_AT_name
	.long	885                             @ DW_AT_type
	.byte	1                               @ DW_AT_decl_file
	.byte	78                              @ DW_AT_decl_line
	.byte	4                               @ DW_AT_data_member_location
	.byte	0                               @ End Of Children Mark
	.byte	13                              @ Abbrev [13] 0x3a9:0x5 DW_TAG_pointer_type
	.long	173                             @ DW_AT_type
	.byte	4                               @ Abbrev [4] 0x3ae:0x7 DW_TAG_base_type
	.long	.Linfo_string46                 @ DW_AT_name
	.byte	7                               @ DW_AT_encoding
	.byte	2                               @ DW_AT_byte_size
	.byte	10                              @ Abbrev [10] 0x3b5:0xb DW_TAG_typedef
	.long	960                             @ DW_AT_type
	.long	.Linfo_string55                 @ DW_AT_name
	.byte	1                               @ DW_AT_decl_file
	.byte	73                              @ DW_AT_decl_line
	.byte	14                              @ Abbrev [14] 0x3c0:0x5e DW_TAG_union_type
	.byte	4                               @ DW_AT_byte_size
	.byte	1                               @ DW_AT_decl_file
	.byte	53                              @ DW_AT_decl_line
	.byte	12                              @ Abbrev [12] 0x3c4:0xc DW_TAG_member
	.long	.Linfo_string50                 @ DW_AT_name
	.long	173                             @ DW_AT_type
	.byte	1                               @ DW_AT_decl_file
	.byte	55                              @ DW_AT_decl_line
	.byte	0                               @ DW_AT_data_member_location
	.byte	12                              @ Abbrev [12] 0x3d0:0xc DW_TAG_member
	.long	.Linfo_string51                 @ DW_AT_name
	.long	988                             @ DW_AT_type
	.byte	1                               @ DW_AT_decl_file
	.byte	71                              @ DW_AT_decl_line
	.byte	0                               @ DW_AT_data_member_location
	.byte	11                              @ Abbrev [11] 0x3dc:0x41 DW_TAG_structure_type
	.byte	4                               @ DW_AT_byte_size
	.byte	1                               @ DW_AT_decl_file
	.byte	65                              @ DW_AT_decl_line
	.byte	15                              @ Abbrev [15] 0x3e0:0xf DW_TAG_member
	.long	.Linfo_string52                 @ DW_AT_name
	.long	1054                            @ DW_AT_type
	.byte	1                               @ DW_AT_decl_file
	.byte	67                              @ DW_AT_decl_line
	.byte	4                               @ DW_AT_byte_size
	.byte	1                               @ DW_AT_bit_size
	.byte	31                              @ DW_AT_bit_offset
	.byte	0                               @ DW_AT_data_member_location
	.byte	15                              @ Abbrev [15] 0x3ef:0xf DW_TAG_member
	.long	.Linfo_string31                 @ DW_AT_name
	.long	1054                            @ DW_AT_type
	.byte	1                               @ DW_AT_decl_file
	.byte	68                              @ DW_AT_decl_line
	.byte	4                               @ DW_AT_byte_size
	.byte	2                               @ DW_AT_bit_size
	.byte	29                              @ DW_AT_bit_offset
	.byte	0                               @ DW_AT_data_member_location
	.byte	15                              @ Abbrev [15] 0x3fe:0xf DW_TAG_member
	.long	.Linfo_string43                 @ DW_AT_name
	.long	1054                            @ DW_AT_type
	.byte	1                               @ DW_AT_decl_file
	.byte	69                              @ DW_AT_decl_line
	.byte	4                               @ DW_AT_byte_size
	.byte	1                               @ DW_AT_bit_size
	.byte	28                              @ DW_AT_bit_offset
	.byte	0                               @ DW_AT_data_member_location
	.byte	15                              @ Abbrev [15] 0x40d:0xf DW_TAG_member
	.long	.Linfo_string54                 @ DW_AT_name
	.long	1054                            @ DW_AT_type
	.byte	1                               @ DW_AT_decl_file
	.byte	70                              @ DW_AT_decl_line
	.byte	4                               @ DW_AT_byte_size
	.byte	4                               @ DW_AT_bit_size
	.byte	24                              @ DW_AT_bit_offset
	.byte	0                               @ DW_AT_data_member_location
	.byte	0                               @ End Of Children Mark
	.byte	0                               @ End Of Children Mark
	.byte	4                               @ Abbrev [4] 0x41e:0x7 DW_TAG_base_type
	.long	.Linfo_string53                 @ DW_AT_name
	.byte	7                               @ DW_AT_encoding
	.byte	4                               @ DW_AT_byte_size
	.byte	0                               @ End Of Children Mark
.Ldebug_info_end0:
	.section	.debug_ranges,"",%progbits
.Ldebug_ranges0:
	.long	.Lfunc_begin0
	.long	.Lfunc_end0
	.long	.Lfunc_begin1
	.long	.Lfunc_end1
	.long	.Lfunc_begin2
	.long	.Lfunc_end2
	.long	.Lfunc_begin3
	.long	.Lfunc_end3
	.long	.Lfunc_begin4
	.long	.Lfunc_end4
	.long	.Lfunc_begin5
	.long	.Lfunc_end5
	.long	0
	.long	0
	.section	.debug_str,"MS",%progbits,1
.Linfo_string0:
	.asciz	"Component: ARM Compiler 6.16 Tool: armclang [5dfeb700]" @ string offset=0
.Linfo_string1:
	.asciz	"packages/paho_mqtt/MQTTPacket/src\\MQTTSerializePublish.c" @ string offset=55
.Linfo_string2:
	.asciz	"E:\\STM32\\Learning\\STM32H750_ART_PI_RGBLCD" @ string offset=112
.Linfo_string3:
	.asciz	"signed char"                   @ string offset=154
.Linfo_string4:
	.asciz	"MQTTPACKET_BUFFER_TOO_SHORT"   @ string offset=166
.Linfo_string5:
	.asciz	"MQTTPACKET_READ_ERROR"         @ string offset=194
.Linfo_string6:
	.asciz	"MQTTPACKET_READ_COMPLETE"      @ string offset=216
.Linfo_string7:
	.asciz	"errors"                        @ string offset=241
.Linfo_string8:
	.asciz	"unsigned char"                 @ string offset=248
.Linfo_string9:
	.asciz	"CONNECT"                       @ string offset=262
.Linfo_string10:
	.asciz	"CONNACK"                       @ string offset=270
.Linfo_string11:
	.asciz	"PUBLISH"                       @ string offset=278
.Linfo_string12:
	.asciz	"PUBACK"                        @ string offset=286
.Linfo_string13:
	.asciz	"PUBREC"                        @ string offset=293
.Linfo_string14:
	.asciz	"PUBREL"                        @ string offset=300
.Linfo_string15:
	.asciz	"PUBCOMP"                       @ string offset=307
.Linfo_string16:
	.asciz	"SUBSCRIBE"                     @ string offset=315
.Linfo_string17:
	.asciz	"SUBACK"                        @ string offset=325
.Linfo_string18:
	.asciz	"UNSUBSCRIBE"                   @ string offset=332
.Linfo_string19:
	.asciz	"UNSUBACK"                      @ string offset=344
.Linfo_string20:
	.asciz	"PINGREQ"                       @ string offset=353
.Linfo_string21:
	.asciz	"PINGRESP"                      @ string offset=361
.Linfo_string22:
	.asciz	"DISCONNECT"                    @ string offset=370
.Linfo_string23:
	.asciz	"msgTypes"                      @ string offset=381
.Linfo_string24:
	.asciz	"MQTTSerialize_publishLength"   @ string offset=390
.Linfo_string25:
	.asciz	"int"                           @ string offset=418
.Linfo_string26:
	.asciz	"MQTTSerialize_publish"         @ string offset=422
.Linfo_string27:
	.asciz	"MQTTSerialize_ack"             @ string offset=444
.Linfo_string28:
	.asciz	"MQTTSerialize_puback"          @ string offset=462
.Linfo_string29:
	.asciz	"MQTTSerialize_pubrel"          @ string offset=483
.Linfo_string30:
	.asciz	"MQTTSerialize_pubcomp"         @ string offset=504
.Linfo_string31:
	.asciz	"qos"                           @ string offset=526
.Linfo_string32:
	.asciz	"topicName"                     @ string offset=530
.Linfo_string33:
	.asciz	"cstring"                       @ string offset=540
.Linfo_string34:
	.asciz	"char"                          @ string offset=548
.Linfo_string35:
	.asciz	"lenstring"                     @ string offset=553
.Linfo_string36:
	.asciz	"len"                           @ string offset=563
.Linfo_string37:
	.asciz	"data"                          @ string offset=567
.Linfo_string38:
	.asciz	"MQTTLenString"                 @ string offset=572
.Linfo_string39:
	.asciz	"MQTTString"                    @ string offset=586
.Linfo_string40:
	.asciz	"payloadlen"                    @ string offset=597
.Linfo_string41:
	.asciz	"buf"                           @ string offset=608
.Linfo_string42:
	.asciz	"buflen"                        @ string offset=612
.Linfo_string43:
	.asciz	"dup"                           @ string offset=619
.Linfo_string44:
	.asciz	"retained"                      @ string offset=623
.Linfo_string45:
	.asciz	"packetid"                      @ string offset=632
.Linfo_string46:
	.asciz	"unsigned short"                @ string offset=641
.Linfo_string47:
	.asciz	"payload"                       @ string offset=656
.Linfo_string48:
	.asciz	"ptr"                           @ string offset=664
.Linfo_string49:
	.asciz	"header"                        @ string offset=668
.Linfo_string50:
	.asciz	"byte"                          @ string offset=675
.Linfo_string51:
	.asciz	"bits"                          @ string offset=680
.Linfo_string52:
	.asciz	"retain"                        @ string offset=685
.Linfo_string53:
	.asciz	"unsigned int"                  @ string offset=692
.Linfo_string54:
	.asciz	"type"                          @ string offset=705
.Linfo_string55:
	.asciz	"MQTTHeader"                    @ string offset=710
.Linfo_string56:
	.asciz	"rem_len"                       @ string offset=721
.Linfo_string57:
	.asciz	"rc"                            @ string offset=729
.Linfo_string58:
	.asciz	"exit"                          @ string offset=732
.Linfo_string59:
	.asciz	"packettype"                    @ string offset=737
	.ident	"Component: ARM Compiler 6.16 Tool: armclang [5dfeb700]"
	.section	".note.GNU-stack","",%progbits
	.eabi_attribute	30, 6	@ Tag_ABI_optimization_goals
	.ARM_attribute	16, 1	@ Tag_AV_eba
	.section	.debug_line,"",%progbits
.Lline_table_start0:
