	.text
	.syntax unified
	.eabi_attribute	67, "2.09"	@ Tag_conformance
	.cpu	cortex-m7
	.eabi_attribute	6, 13	@ Tag_CPU_arch
	.eabi_attribute	7, 77	@ Tag_CPU_arch_profile
	.eabi_attribute	8, 0	@ Tag_ARM_ISA_use
	.eabi_attribute	9, 2	@ Tag_THUMB_ISA_use
	.fpu	fpv5-d16
	.eabi_attribute	36, 1	@ Tag_FP_HP_extension
	.eabi_attribute	34, 1	@ Tag_CPU_unaligned_access
	.eabi_attribute	17, 1	@ Tag_ABI_PCS_GOT_use
	.eabi_attribute	20, 2	@ Tag_ABI_FP_denormal
	.eabi_attribute	21, 0	@ Tag_ABI_FP_exceptions
	.eabi_attribute	23, 1	@ Tag_ABI_FP_number_model
	.eabi_attribute	24, 1	@ Tag_ABI_align_needed
	.eabi_attribute	25, 1	@ Tag_ABI_align_preserved
	.eabi_attribute	28, 1	@ Tag_ABI_VFP_args
	.eabi_attribute	38, 1	@ Tag_ABI_FP_16bit_format
	.eabi_attribute	18, 2	@ Tag_ABI_PCS_wchar_t
	.eabi_attribute	26, 1	@ Tag_ABI_enum_size
	.eabi_attribute	14, 0	@ Tag_ABI_PCS_R9_use
	.file	"net_netdb.c"
	.section	.text.gethostbyname,"ax",%progbits
	.hidden	gethostbyname                   @ -- Begin function gethostbyname
	.globl	gethostbyname
	.p2align	3
	.type	gethostbyname,%function
	.code	16                              @ @gethostbyname
	.thumb_func
gethostbyname:
.Lfunc_begin0:
	.file	1 "E:\\Smart-access-control\\Hardware\\CODE" "rt-thread/components/net/sal_socket/socket/net_netdb.c"
	.loc	1 17 0                          @ rt-thread/components/net/sal_socket/socket/net_netdb.c:17:0
	.fnstart
	.cfi_sections .debug_frame
	.cfi_startproc
@ %bb.0:
	.save	{r7, lr}
	push	{r7, lr}
	.cfi_def_cfa_offset 8
	.cfi_offset lr, -4
	.cfi_offset r7, -8
	.pad	#8
	sub	sp, #8
	.cfi_def_cfa_offset 16
	str	r0, [sp, #4]
.Ltmp0:
	.loc	1 18 30 prologue_end            @ rt-thread/components/net/sal_socket/socket/net_netdb.c:18:30
	ldr	r0, [sp, #4]
	.loc	1 18 12 is_stmt 0               @ rt-thread/components/net/sal_socket/socket/net_netdb.c:18:12
	bl	sal_gethostbyname
	.loc	1 18 5                          @ rt-thread/components/net/sal_socket/socket/net_netdb.c:18:5
	add	sp, #8
	pop	{r7, pc}
.Ltmp1:
.Lfunc_end0:
	.size	gethostbyname, .Lfunc_end0-gethostbyname
	.cfi_endproc
	.cantunwind
	.fnend
                                        @ -- End function
	.section	.text.gethostbyname_r,"ax",%progbits
	.hidden	gethostbyname_r                 @ -- Begin function gethostbyname_r
	.globl	gethostbyname_r
	.p2align	3
	.type	gethostbyname_r,%function
	.code	16                              @ @gethostbyname_r
	.thumb_func
gethostbyname_r:
.Lfunc_begin1:
	.loc	1 24 0 is_stmt 1                @ rt-thread/components/net/sal_socket/socket/net_netdb.c:24:0
	.fnstart
	.cfi_startproc
@ %bb.0:
	.save	{r4, lr}
	push	{r4, lr}
	.cfi_def_cfa_offset 8
	.cfi_offset lr, -4
	.cfi_offset r4, -8
	.pad	#24
	sub	sp, #24
	.cfi_def_cfa_offset 32
	ldr.w	r12, [sp, #36]
	ldr.w	r12, [sp, #32]
	str	r0, [sp, #20]
	str	r1, [sp, #16]
	str	r2, [sp, #12]
	str	r3, [sp, #8]
.Ltmp2:
	.loc	1 25 32 prologue_end            @ rt-thread/components/net/sal_socket/socket/net_netdb.c:25:32
	ldr	r0, [sp, #20]
	.loc	1 25 38 is_stmt 0               @ rt-thread/components/net/sal_socket/socket/net_netdb.c:25:38
	ldr	r1, [sp, #16]
	.loc	1 25 43                         @ rt-thread/components/net/sal_socket/socket/net_netdb.c:25:43
	ldr	r2, [sp, #12]
	.loc	1 25 48                         @ rt-thread/components/net/sal_socket/socket/net_netdb.c:25:48
	ldr	r3, [sp, #8]
	.loc	1 25 56                         @ rt-thread/components/net/sal_socket/socket/net_netdb.c:25:56
	ldr.w	r12, [sp, #32]
	.loc	1 25 64                         @ rt-thread/components/net/sal_socket/socket/net_netdb.c:25:64
	ldr	r4, [sp, #36]
	.loc	1 25 12                         @ rt-thread/components/net/sal_socket/socket/net_netdb.c:25:12
	mov	lr, sp
	str.w	r4, [lr, #4]
	str.w	r12, [lr]
	bl	sal_gethostbyname_r
	.loc	1 25 5                          @ rt-thread/components/net/sal_socket/socket/net_netdb.c:25:5
	add	sp, #24
	pop	{r4, pc}
.Ltmp3:
.Lfunc_end1:
	.size	gethostbyname_r, .Lfunc_end1-gethostbyname_r
	.cfi_endproc
	.cantunwind
	.fnend
                                        @ -- End function
	.section	.text.freeaddrinfo,"ax",%progbits
	.hidden	freeaddrinfo                    @ -- Begin function freeaddrinfo
	.globl	freeaddrinfo
	.p2align	3
	.type	freeaddrinfo,%function
	.code	16                              @ @freeaddrinfo
	.thumb_func
freeaddrinfo:
.Lfunc_begin2:
	.loc	1 30 0 is_stmt 1                @ rt-thread/components/net/sal_socket/socket/net_netdb.c:30:0
	.fnstart
	.cfi_startproc
@ %bb.0:
	.save	{r7, lr}
	push	{r7, lr}
	.cfi_def_cfa_offset 8
	.cfi_offset lr, -4
	.cfi_offset r7, -8
	.pad	#8
	sub	sp, #8
	.cfi_def_cfa_offset 16
	str	r0, [sp, #4]
.Ltmp4:
	.loc	1 31 22 prologue_end            @ rt-thread/components/net/sal_socket/socket/net_netdb.c:31:22
	ldr	r0, [sp, #4]
	.loc	1 31 5 is_stmt 0                @ rt-thread/components/net/sal_socket/socket/net_netdb.c:31:5
	bl	sal_freeaddrinfo
	.loc	1 32 1 is_stmt 1                @ rt-thread/components/net/sal_socket/socket/net_netdb.c:32:1
	add	sp, #8
	pop	{r7, pc}
.Ltmp5:
.Lfunc_end2:
	.size	freeaddrinfo, .Lfunc_end2-freeaddrinfo
	.cfi_endproc
	.cantunwind
	.fnend
                                        @ -- End function
	.section	.text.getaddrinfo,"ax",%progbits
	.hidden	getaddrinfo                     @ -- Begin function getaddrinfo
	.globl	getaddrinfo
	.p2align	3
	.type	getaddrinfo,%function
	.code	16                              @ @getaddrinfo
	.thumb_func
getaddrinfo:
.Lfunc_begin3:
	.loc	1 39 0                          @ rt-thread/components/net/sal_socket/socket/net_netdb.c:39:0
	.fnstart
	.cfi_startproc
@ %bb.0:
	.save	{r7, lr}
	push	{r7, lr}
	.cfi_def_cfa_offset 8
	.cfi_offset lr, -4
	.cfi_offset r7, -8
	.pad	#16
	sub	sp, #16
	.cfi_def_cfa_offset 24
	str	r0, [sp, #12]
	str	r1, [sp, #8]
	str	r2, [sp, #4]
	str	r3, [sp]
.Ltmp6:
	.loc	1 40 28 prologue_end            @ rt-thread/components/net/sal_socket/socket/net_netdb.c:40:28
	ldr	r0, [sp, #12]
	.loc	1 40 38 is_stmt 0               @ rt-thread/components/net/sal_socket/socket/net_netdb.c:40:38
	ldr	r1, [sp, #8]
	.loc	1 40 48                         @ rt-thread/components/net/sal_socket/socket/net_netdb.c:40:48
	ldr	r2, [sp, #4]
	.loc	1 40 55                         @ rt-thread/components/net/sal_socket/socket/net_netdb.c:40:55
	ldr	r3, [sp]
	.loc	1 40 12                         @ rt-thread/components/net/sal_socket/socket/net_netdb.c:40:12
	bl	sal_getaddrinfo
	.loc	1 40 5                          @ rt-thread/components/net/sal_socket/socket/net_netdb.c:40:5
	add	sp, #16
	pop	{r7, pc}
.Ltmp7:
.Lfunc_end3:
	.size	getaddrinfo, .Lfunc_end3-getaddrinfo
	.cfi_endproc
	.cantunwind
	.fnend
                                        @ -- End function
	.file	2 "E:\\Smart-access-control\\Hardware\\CODE" "./rt-thread/components/net/sal_socket/include\\sal_netdb.h"
	.file	3 "D:\\Keil_v5\\ARM\\ARMCLANG\\Bin\\..\\include" "time.h"
	.file	4 "D:\\Keil_v5\\ARM\\ARMCLANG\\Bin\\..\\include" "stdint.h"
	.file	5 "E:\\Smart-access-control\\Hardware\\CODE" "./rt-thread/components/net/sal_socket/include/sal_socket.h"
	.section	.debug_abbrev,"",%progbits
	.byte	1                               @ Abbreviation Code
	.byte	17                              @ DW_TAG_compile_unit
	.byte	1                               @ DW_CHILDREN_yes
	.byte	37                              @ DW_AT_producer
	.byte	14                              @ DW_FORM_strp
	.byte	19                              @ DW_AT_language
	.byte	5                               @ DW_FORM_data2
	.byte	3                               @ DW_AT_name
	.byte	14                              @ DW_FORM_strp
	.byte	16                              @ DW_AT_stmt_list
	.byte	6                               @ DW_FORM_data4
	.byte	27                              @ DW_AT_comp_dir
	.byte	14                              @ DW_FORM_strp
	.byte	17                              @ DW_AT_low_pc
	.byte	1                               @ DW_FORM_addr
	.byte	85                              @ DW_AT_ranges
	.byte	6                               @ DW_FORM_data4
	.byte	0                               @ EOM(1)
	.byte	0                               @ EOM(2)
	.byte	2                               @ Abbreviation Code
	.byte	46                              @ DW_TAG_subprogram
	.byte	1                               @ DW_CHILDREN_yes
	.byte	17                              @ DW_AT_low_pc
	.byte	1                               @ DW_FORM_addr
	.byte	18                              @ DW_AT_high_pc
	.byte	1                               @ DW_FORM_addr
	.byte	64                              @ DW_AT_frame_base
	.byte	10                              @ DW_FORM_block1
	.byte	3                               @ DW_AT_name
	.byte	14                              @ DW_FORM_strp
	.byte	58                              @ DW_AT_decl_file
	.byte	11                              @ DW_FORM_data1
	.byte	59                              @ DW_AT_decl_line
	.byte	11                              @ DW_FORM_data1
	.byte	39                              @ DW_AT_prototyped
	.byte	12                              @ DW_FORM_flag
	.byte	73                              @ DW_AT_type
	.byte	19                              @ DW_FORM_ref4
	.byte	63                              @ DW_AT_external
	.byte	12                              @ DW_FORM_flag
	.byte	0                               @ EOM(1)
	.byte	0                               @ EOM(2)
	.byte	3                               @ Abbreviation Code
	.byte	5                               @ DW_TAG_formal_parameter
	.byte	0                               @ DW_CHILDREN_no
	.byte	2                               @ DW_AT_location
	.byte	10                              @ DW_FORM_block1
	.byte	3                               @ DW_AT_name
	.byte	14                              @ DW_FORM_strp
	.byte	58                              @ DW_AT_decl_file
	.byte	11                              @ DW_FORM_data1
	.byte	59                              @ DW_AT_decl_line
	.byte	11                              @ DW_FORM_data1
	.byte	73                              @ DW_AT_type
	.byte	19                              @ DW_FORM_ref4
	.byte	0                               @ EOM(1)
	.byte	0                               @ EOM(2)
	.byte	4                               @ Abbreviation Code
	.byte	46                              @ DW_TAG_subprogram
	.byte	1                               @ DW_CHILDREN_yes
	.byte	17                              @ DW_AT_low_pc
	.byte	1                               @ DW_FORM_addr
	.byte	18                              @ DW_AT_high_pc
	.byte	1                               @ DW_FORM_addr
	.byte	64                              @ DW_AT_frame_base
	.byte	10                              @ DW_FORM_block1
	.byte	3                               @ DW_AT_name
	.byte	14                              @ DW_FORM_strp
	.byte	58                              @ DW_AT_decl_file
	.byte	11                              @ DW_FORM_data1
	.byte	59                              @ DW_AT_decl_line
	.byte	11                              @ DW_FORM_data1
	.byte	39                              @ DW_AT_prototyped
	.byte	12                              @ DW_FORM_flag
	.byte	63                              @ DW_AT_external
	.byte	12                              @ DW_FORM_flag
	.byte	0                               @ EOM(1)
	.byte	0                               @ EOM(2)
	.byte	5                               @ Abbreviation Code
	.byte	15                              @ DW_TAG_pointer_type
	.byte	0                               @ DW_CHILDREN_no
	.byte	73                              @ DW_AT_type
	.byte	19                              @ DW_FORM_ref4
	.byte	0                               @ EOM(1)
	.byte	0                               @ EOM(2)
	.byte	6                               @ Abbreviation Code
	.byte	19                              @ DW_TAG_structure_type
	.byte	1                               @ DW_CHILDREN_yes
	.byte	3                               @ DW_AT_name
	.byte	14                              @ DW_FORM_strp
	.byte	11                              @ DW_AT_byte_size
	.byte	11                              @ DW_FORM_data1
	.byte	58                              @ DW_AT_decl_file
	.byte	11                              @ DW_FORM_data1
	.byte	59                              @ DW_AT_decl_line
	.byte	11                              @ DW_FORM_data1
	.byte	0                               @ EOM(1)
	.byte	0                               @ EOM(2)
	.byte	7                               @ Abbreviation Code
	.byte	13                              @ DW_TAG_member
	.byte	0                               @ DW_CHILDREN_no
	.byte	3                               @ DW_AT_name
	.byte	14                              @ DW_FORM_strp
	.byte	73                              @ DW_AT_type
	.byte	19                              @ DW_FORM_ref4
	.byte	58                              @ DW_AT_decl_file
	.byte	11                              @ DW_FORM_data1
	.byte	59                              @ DW_AT_decl_line
	.byte	11                              @ DW_FORM_data1
	.byte	56                              @ DW_AT_data_member_location
	.byte	11                              @ DW_FORM_data1
	.byte	0                               @ EOM(1)
	.byte	0                               @ EOM(2)
	.byte	8                               @ Abbreviation Code
	.byte	36                              @ DW_TAG_base_type
	.byte	0                               @ DW_CHILDREN_no
	.byte	3                               @ DW_AT_name
	.byte	14                              @ DW_FORM_strp
	.byte	62                              @ DW_AT_encoding
	.byte	11                              @ DW_FORM_data1
	.byte	11                              @ DW_AT_byte_size
	.byte	11                              @ DW_FORM_data1
	.byte	0                               @ EOM(1)
	.byte	0                               @ EOM(2)
	.byte	9                               @ Abbreviation Code
	.byte	38                              @ DW_TAG_const_type
	.byte	0                               @ DW_CHILDREN_no
	.byte	73                              @ DW_AT_type
	.byte	19                              @ DW_FORM_ref4
	.byte	0                               @ EOM(1)
	.byte	0                               @ EOM(2)
	.byte	10                              @ Abbreviation Code
	.byte	22                              @ DW_TAG_typedef
	.byte	0                               @ DW_CHILDREN_no
	.byte	73                              @ DW_AT_type
	.byte	19                              @ DW_FORM_ref4
	.byte	3                               @ DW_AT_name
	.byte	14                              @ DW_FORM_strp
	.byte	58                              @ DW_AT_decl_file
	.byte	11                              @ DW_FORM_data1
	.byte	59                              @ DW_AT_decl_line
	.byte	11                              @ DW_FORM_data1
	.byte	0                               @ EOM(1)
	.byte	0                               @ EOM(2)
	.byte	11                              @ Abbreviation Code
	.byte	1                               @ DW_TAG_array_type
	.byte	1                               @ DW_CHILDREN_yes
	.byte	73                              @ DW_AT_type
	.byte	19                              @ DW_FORM_ref4
	.byte	0                               @ EOM(1)
	.byte	0                               @ EOM(2)
	.byte	12                              @ Abbreviation Code
	.byte	33                              @ DW_TAG_subrange_type
	.byte	0                               @ DW_CHILDREN_no
	.byte	73                              @ DW_AT_type
	.byte	19                              @ DW_FORM_ref4
	.byte	55                              @ DW_AT_count
	.byte	11                              @ DW_FORM_data1
	.byte	0                               @ EOM(1)
	.byte	0                               @ EOM(2)
	.byte	13                              @ Abbreviation Code
	.byte	36                              @ DW_TAG_base_type
	.byte	0                               @ DW_CHILDREN_no
	.byte	3                               @ DW_AT_name
	.byte	14                              @ DW_FORM_strp
	.byte	11                              @ DW_AT_byte_size
	.byte	11                              @ DW_FORM_data1
	.byte	62                              @ DW_AT_encoding
	.byte	11                              @ DW_FORM_data1
	.byte	0                               @ EOM(1)
	.byte	0                               @ EOM(2)
	.byte	0                               @ EOM(3)
	.section	.debug_info,"",%progbits
.Lcu_begin0:
	.long	.Ldebug_info_end0-.Ldebug_info_start0 @ Length of Unit
.Ldebug_info_start0:
	.short	3                               @ DWARF version number
	.long	.debug_abbrev                   @ Offset Into Abbrev. Section
	.byte	4                               @ Address Size (in bytes)
	.byte	1                               @ Abbrev [1] 0xb:0x29d DW_TAG_compile_unit
	.long	.Linfo_string0                  @ DW_AT_producer
	.short	12                              @ DW_AT_language
	.long	.Linfo_string1                  @ DW_AT_name
	.long	.Lline_table_start0             @ DW_AT_stmt_list
	.long	.Linfo_string2                  @ DW_AT_comp_dir
	.long	0                               @ DW_AT_low_pc
	.long	.Ldebug_ranges0                 @ DW_AT_ranges
	.byte	2                               @ Abbrev [2] 0x26:0x26 DW_TAG_subprogram
	.long	.Lfunc_begin0                   @ DW_AT_low_pc
	.long	.Lfunc_end0                     @ DW_AT_high_pc
	.byte	1                               @ DW_AT_frame_base
	.byte	93
	.long	.Linfo_string3                  @ DW_AT_name
	.byte	1                               @ DW_AT_decl_file
	.byte	16                              @ DW_AT_decl_line
	.byte	1                               @ DW_AT_prototyped
	.long	298                             @ DW_AT_type
	.byte	1                               @ DW_AT_external
	.byte	3                               @ Abbrev [3] 0x3d:0xe DW_TAG_formal_parameter
	.byte	2                               @ DW_AT_location
	.byte	145
	.byte	4
	.long	.Linfo_string15                 @ DW_AT_name
	.byte	1                               @ DW_AT_decl_file
	.byte	16                              @ DW_AT_decl_line
	.long	396                             @ DW_AT_type
	.byte	0                               @ End Of Children Mark
	.byte	2                               @ Abbrev [2] 0x4c:0x6c DW_TAG_subprogram
	.long	.Lfunc_begin1                   @ DW_AT_low_pc
	.long	.Lfunc_end1                     @ DW_AT_high_pc
	.byte	1                               @ DW_AT_frame_base
	.byte	93
	.long	.Linfo_string12                 @ DW_AT_name
	.byte	1                               @ DW_AT_decl_file
	.byte	22                              @ DW_AT_decl_line
	.byte	1                               @ DW_AT_prototyped
	.long	389                             @ DW_AT_type
	.byte	1                               @ DW_AT_external
	.byte	3                               @ Abbrev [3] 0x63:0xe DW_TAG_formal_parameter
	.byte	2                               @ DW_AT_location
	.byte	145
	.byte	20
	.long	.Linfo_string15                 @ DW_AT_name
	.byte	1                               @ DW_AT_decl_file
	.byte	22                              @ DW_AT_decl_line
	.long	396                             @ DW_AT_type
	.byte	3                               @ Abbrev [3] 0x71:0xe DW_TAG_formal_parameter
	.byte	2                               @ DW_AT_location
	.byte	145
	.byte	16
	.long	.Linfo_string16                 @ DW_AT_name
	.byte	1                               @ DW_AT_decl_file
	.byte	22                              @ DW_AT_decl_line
	.long	298                             @ DW_AT_type
	.byte	3                               @ Abbrev [3] 0x7f:0xe DW_TAG_formal_parameter
	.byte	2                               @ DW_AT_location
	.byte	145
	.byte	12
	.long	.Linfo_string17                 @ DW_AT_name
	.byte	1                               @ DW_AT_decl_file
	.byte	22                              @ DW_AT_decl_line
	.long	372                             @ DW_AT_type
	.byte	3                               @ Abbrev [3] 0x8d:0xe DW_TAG_formal_parameter
	.byte	2                               @ DW_AT_location
	.byte	145
	.byte	8
	.long	.Linfo_string18                 @ DW_AT_name
	.byte	1                               @ DW_AT_decl_file
	.byte	23                              @ DW_AT_decl_line
	.long	406                             @ DW_AT_type
	.byte	3                               @ Abbrev [3] 0x9b:0xe DW_TAG_formal_parameter
	.byte	2                               @ DW_AT_location
	.byte	145
	.byte	32
	.long	.Linfo_string21                 @ DW_AT_name
	.byte	1                               @ DW_AT_decl_file
	.byte	23                              @ DW_AT_decl_line
	.long	424                             @ DW_AT_type
	.byte	3                               @ Abbrev [3] 0xa9:0xe DW_TAG_formal_parameter
	.byte	2                               @ DW_AT_location
	.byte	145
	.byte	36
	.long	.Linfo_string22                 @ DW_AT_name
	.byte	1                               @ DW_AT_decl_file
	.byte	23                              @ DW_AT_decl_line
	.long	429                             @ DW_AT_type
	.byte	0                               @ End Of Children Mark
	.byte	4                               @ Abbrev [4] 0xb8:0x22 DW_TAG_subprogram
	.long	.Lfunc_begin2                   @ DW_AT_low_pc
	.long	.Lfunc_end2                     @ DW_AT_high_pc
	.byte	1                               @ DW_AT_frame_base
	.byte	93
	.long	.Linfo_string13                 @ DW_AT_name
	.byte	1                               @ DW_AT_decl_file
	.byte	29                              @ DW_AT_decl_line
	.byte	1                               @ DW_AT_prototyped
	.byte	1                               @ DW_AT_external
	.byte	3                               @ Abbrev [3] 0xcb:0xe DW_TAG_formal_parameter
	.byte	2                               @ DW_AT_location
	.byte	145
	.byte	4
	.long	.Linfo_string23                 @ DW_AT_name
	.byte	1                               @ DW_AT_decl_file
	.byte	29                              @ DW_AT_decl_line
	.long	434                             @ DW_AT_type
	.byte	0                               @ End Of Children Mark
	.byte	2                               @ Abbrev [2] 0xda:0x50 DW_TAG_subprogram
	.long	.Lfunc_begin3                   @ DW_AT_low_pc
	.long	.Lfunc_end3                     @ DW_AT_high_pc
	.byte	1                               @ DW_AT_frame_base
	.byte	93
	.long	.Linfo_string14                 @ DW_AT_name
	.byte	1                               @ DW_AT_decl_file
	.byte	35                              @ DW_AT_decl_line
	.byte	1                               @ DW_AT_prototyped
	.long	389                             @ DW_AT_type
	.byte	1                               @ DW_AT_external
	.byte	3                               @ Abbrev [3] 0xf1:0xe DW_TAG_formal_parameter
	.byte	2                               @ DW_AT_location
	.byte	145
	.byte	12
	.long	.Linfo_string43                 @ DW_AT_name
	.byte	1                               @ DW_AT_decl_file
	.byte	35                              @ DW_AT_decl_line
	.long	396                             @ DW_AT_type
	.byte	3                               @ Abbrev [3] 0xff:0xe DW_TAG_formal_parameter
	.byte	2                               @ DW_AT_location
	.byte	145
	.byte	8
	.long	.Linfo_string44                 @ DW_AT_name
	.byte	1                               @ DW_AT_decl_file
	.byte	36                              @ DW_AT_decl_line
	.long	396                             @ DW_AT_type
	.byte	3                               @ Abbrev [3] 0x10d:0xe DW_TAG_formal_parameter
	.byte	2                               @ DW_AT_location
	.byte	145
	.byte	4
	.long	.Linfo_string45                 @ DW_AT_name
	.byte	1                               @ DW_AT_decl_file
	.byte	37                              @ DW_AT_decl_line
	.long	664                             @ DW_AT_type
	.byte	3                               @ Abbrev [3] 0x11b:0xe DW_TAG_formal_parameter
	.byte	2                               @ DW_AT_location
	.byte	145
	.byte	0
	.long	.Linfo_string46                 @ DW_AT_name
	.byte	1                               @ DW_AT_decl_file
	.byte	38                              @ DW_AT_decl_line
	.long	674                             @ DW_AT_type
	.byte	0                               @ End Of Children Mark
	.byte	5                               @ Abbrev [5] 0x12a:0x5 DW_TAG_pointer_type
	.long	303                             @ DW_AT_type
	.byte	6                               @ Abbrev [6] 0x12f:0x45 DW_TAG_structure_type
	.long	.Linfo_string11                 @ DW_AT_name
	.byte	20                              @ DW_AT_byte_size
	.byte	2                               @ DW_AT_decl_file
	.byte	49                              @ DW_AT_decl_line
	.byte	7                               @ Abbrev [7] 0x137:0xc DW_TAG_member
	.long	.Linfo_string4                  @ DW_AT_name
	.long	372                             @ DW_AT_type
	.byte	2                               @ DW_AT_decl_file
	.byte	50                              @ DW_AT_decl_line
	.byte	0                               @ DW_AT_data_member_location
	.byte	7                               @ Abbrev [7] 0x143:0xc DW_TAG_member
	.long	.Linfo_string6                  @ DW_AT_name
	.long	384                             @ DW_AT_type
	.byte	2                               @ DW_AT_decl_file
	.byte	51                              @ DW_AT_decl_line
	.byte	4                               @ DW_AT_data_member_location
	.byte	7                               @ Abbrev [7] 0x14f:0xc DW_TAG_member
	.long	.Linfo_string7                  @ DW_AT_name
	.long	389                             @ DW_AT_type
	.byte	2                               @ DW_AT_decl_file
	.byte	53                              @ DW_AT_decl_line
	.byte	8                               @ DW_AT_data_member_location
	.byte	7                               @ Abbrev [7] 0x15b:0xc DW_TAG_member
	.long	.Linfo_string9                  @ DW_AT_name
	.long	389                             @ DW_AT_type
	.byte	2                               @ DW_AT_decl_file
	.byte	54                              @ DW_AT_decl_line
	.byte	12                              @ DW_AT_data_member_location
	.byte	7                               @ Abbrev [7] 0x167:0xc DW_TAG_member
	.long	.Linfo_string10                 @ DW_AT_name
	.long	384                             @ DW_AT_type
	.byte	2                               @ DW_AT_decl_file
	.byte	55                              @ DW_AT_decl_line
	.byte	16                              @ DW_AT_data_member_location
	.byte	0                               @ End Of Children Mark
	.byte	5                               @ Abbrev [5] 0x174:0x5 DW_TAG_pointer_type
	.long	377                             @ DW_AT_type
	.byte	8                               @ Abbrev [8] 0x179:0x7 DW_TAG_base_type
	.long	.Linfo_string5                  @ DW_AT_name
	.byte	6                               @ DW_AT_encoding
	.byte	1                               @ DW_AT_byte_size
	.byte	5                               @ Abbrev [5] 0x180:0x5 DW_TAG_pointer_type
	.long	372                             @ DW_AT_type
	.byte	8                               @ Abbrev [8] 0x185:0x7 DW_TAG_base_type
	.long	.Linfo_string8                  @ DW_AT_name
	.byte	5                               @ DW_AT_encoding
	.byte	4                               @ DW_AT_byte_size
	.byte	5                               @ Abbrev [5] 0x18c:0x5 DW_TAG_pointer_type
	.long	401                             @ DW_AT_type
	.byte	9                               @ Abbrev [9] 0x191:0x5 DW_TAG_const_type
	.long	377                             @ DW_AT_type
	.byte	10                              @ Abbrev [10] 0x196:0xb DW_TAG_typedef
	.long	417                             @ DW_AT_type
	.long	.Linfo_string20                 @ DW_AT_name
	.byte	3                               @ DW_AT_decl_file
	.byte	58                              @ DW_AT_decl_line
	.byte	8                               @ Abbrev [8] 0x1a1:0x7 DW_TAG_base_type
	.long	.Linfo_string19                 @ DW_AT_name
	.byte	7                               @ DW_AT_encoding
	.byte	4                               @ DW_AT_byte_size
	.byte	5                               @ Abbrev [5] 0x1a8:0x5 DW_TAG_pointer_type
	.long	298                             @ DW_AT_type
	.byte	5                               @ Abbrev [5] 0x1ad:0x5 DW_TAG_pointer_type
	.long	389                             @ DW_AT_type
	.byte	5                               @ Abbrev [5] 0x1b2:0x5 DW_TAG_pointer_type
	.long	439                             @ DW_AT_type
	.byte	6                               @ Abbrev [6] 0x1b7:0x69 DW_TAG_structure_type
	.long	.Linfo_string42                 @ DW_AT_name
	.byte	32                              @ DW_AT_byte_size
	.byte	2                               @ DW_AT_decl_file
	.byte	60                              @ DW_AT_decl_line
	.byte	7                               @ Abbrev [7] 0x1bf:0xc DW_TAG_member
	.long	.Linfo_string24                 @ DW_AT_name
	.long	389                             @ DW_AT_type
	.byte	2                               @ DW_AT_decl_file
	.byte	61                              @ DW_AT_decl_line
	.byte	0                               @ DW_AT_data_member_location
	.byte	7                               @ Abbrev [7] 0x1cb:0xc DW_TAG_member
	.long	.Linfo_string25                 @ DW_AT_name
	.long	389                             @ DW_AT_type
	.byte	2                               @ DW_AT_decl_file
	.byte	62                              @ DW_AT_decl_line
	.byte	4                               @ DW_AT_data_member_location
	.byte	7                               @ Abbrev [7] 0x1d7:0xc DW_TAG_member
	.long	.Linfo_string26                 @ DW_AT_name
	.long	389                             @ DW_AT_type
	.byte	2                               @ DW_AT_decl_file
	.byte	63                              @ DW_AT_decl_line
	.byte	8                               @ DW_AT_data_member_location
	.byte	7                               @ Abbrev [7] 0x1e3:0xc DW_TAG_member
	.long	.Linfo_string27                 @ DW_AT_name
	.long	389                             @ DW_AT_type
	.byte	2                               @ DW_AT_decl_file
	.byte	64                              @ DW_AT_decl_line
	.byte	12                              @ DW_AT_data_member_location
	.byte	7                               @ Abbrev [7] 0x1ef:0xc DW_TAG_member
	.long	.Linfo_string28                 @ DW_AT_name
	.long	544                             @ DW_AT_type
	.byte	2                               @ DW_AT_decl_file
	.byte	65                              @ DW_AT_decl_line
	.byte	16                              @ DW_AT_data_member_location
	.byte	7                               @ Abbrev [7] 0x1fb:0xc DW_TAG_member
	.long	.Linfo_string31                 @ DW_AT_name
	.long	566                             @ DW_AT_type
	.byte	2                               @ DW_AT_decl_file
	.byte	66                              @ DW_AT_decl_line
	.byte	20                              @ DW_AT_data_member_location
	.byte	7                               @ Abbrev [7] 0x207:0xc DW_TAG_member
	.long	.Linfo_string40                 @ DW_AT_name
	.long	372                             @ DW_AT_type
	.byte	2                               @ DW_AT_decl_file
	.byte	67                              @ DW_AT_decl_line
	.byte	24                              @ DW_AT_data_member_location
	.byte	7                               @ Abbrev [7] 0x213:0xc DW_TAG_member
	.long	.Linfo_string41                 @ DW_AT_name
	.long	434                             @ DW_AT_type
	.byte	2                               @ DW_AT_decl_file
	.byte	68                              @ DW_AT_decl_line
	.byte	28                              @ DW_AT_data_member_location
	.byte	0                               @ End Of Children Mark
	.byte	10                              @ Abbrev [10] 0x220:0xb DW_TAG_typedef
	.long	555                             @ DW_AT_type
	.long	.Linfo_string30                 @ DW_AT_name
	.byte	5                               @ DW_AT_decl_file
	.byte	21                              @ DW_AT_decl_line
	.byte	10                              @ Abbrev [10] 0x22b:0xb DW_TAG_typedef
	.long	417                             @ DW_AT_type
	.long	.Linfo_string29                 @ DW_AT_name
	.byte	4                               @ DW_AT_decl_file
	.byte	64                              @ DW_AT_decl_line
	.byte	5                               @ Abbrev [5] 0x236:0x5 DW_TAG_pointer_type
	.long	571                             @ DW_AT_type
	.byte	6                               @ Abbrev [6] 0x23b:0x2d DW_TAG_structure_type
	.long	.Linfo_string39                 @ DW_AT_name
	.byte	16                              @ DW_AT_byte_size
	.byte	5                               @ DW_AT_decl_file
	.byte	153                             @ DW_AT_decl_line
	.byte	7                               @ Abbrev [7] 0x243:0xc DW_TAG_member
	.long	.Linfo_string32                 @ DW_AT_name
	.long	616                             @ DW_AT_type
	.byte	5                               @ DW_AT_decl_file
	.byte	155                             @ DW_AT_decl_line
	.byte	0                               @ DW_AT_data_member_location
	.byte	7                               @ Abbrev [7] 0x24f:0xc DW_TAG_member
	.long	.Linfo_string35                 @ DW_AT_name
	.long	634                             @ DW_AT_type
	.byte	5                               @ DW_AT_decl_file
	.byte	156                             @ DW_AT_decl_line
	.byte	1                               @ DW_AT_data_member_location
	.byte	7                               @ Abbrev [7] 0x25b:0xc DW_TAG_member
	.long	.Linfo_string37                 @ DW_AT_name
	.long	645                             @ DW_AT_type
	.byte	5                               @ DW_AT_decl_file
	.byte	157                             @ DW_AT_decl_line
	.byte	2                               @ DW_AT_data_member_location
	.byte	0                               @ End Of Children Mark
	.byte	10                              @ Abbrev [10] 0x268:0xb DW_TAG_typedef
	.long	627                             @ DW_AT_type
	.long	.Linfo_string34                 @ DW_AT_name
	.byte	4                               @ DW_AT_decl_file
	.byte	62                              @ DW_AT_decl_line
	.byte	8                               @ Abbrev [8] 0x273:0x7 DW_TAG_base_type
	.long	.Linfo_string33                 @ DW_AT_name
	.byte	8                               @ DW_AT_encoding
	.byte	1                               @ DW_AT_byte_size
	.byte	10                              @ Abbrev [10] 0x27a:0xb DW_TAG_typedef
	.long	616                             @ DW_AT_type
	.long	.Linfo_string36                 @ DW_AT_name
	.byte	5                               @ DW_AT_decl_file
	.byte	25                              @ DW_AT_decl_line
	.byte	11                              @ Abbrev [11] 0x285:0xc DW_TAG_array_type
	.long	377                             @ DW_AT_type
	.byte	12                              @ Abbrev [12] 0x28a:0x6 DW_TAG_subrange_type
	.long	657                             @ DW_AT_type
	.byte	14                              @ DW_AT_count
	.byte	0                               @ End Of Children Mark
	.byte	13                              @ Abbrev [13] 0x291:0x7 DW_TAG_base_type
	.long	.Linfo_string38                 @ DW_AT_name
	.byte	8                               @ DW_AT_byte_size
	.byte	7                               @ DW_AT_encoding
	.byte	5                               @ Abbrev [5] 0x298:0x5 DW_TAG_pointer_type
	.long	669                             @ DW_AT_type
	.byte	9                               @ Abbrev [9] 0x29d:0x5 DW_TAG_const_type
	.long	439                             @ DW_AT_type
	.byte	5                               @ Abbrev [5] 0x2a2:0x5 DW_TAG_pointer_type
	.long	434                             @ DW_AT_type
	.byte	0                               @ End Of Children Mark
.Ldebug_info_end0:
	.section	.debug_ranges,"",%progbits
.Ldebug_ranges0:
	.long	.Lfunc_begin0
	.long	.Lfunc_end0
	.long	.Lfunc_begin1
	.long	.Lfunc_end1
	.long	.Lfunc_begin2
	.long	.Lfunc_end2
	.long	.Lfunc_begin3
	.long	.Lfunc_end3
	.long	0
	.long	0
	.section	.debug_str,"MS",%progbits,1
.Linfo_string0:
	.asciz	"Component: ARM Compiler 6.16 Tool: armclang [5dfeb700]" @ string offset=0
.Linfo_string1:
	.asciz	"rt-thread/components/net/sal_socket/socket\\net_netdb.c" @ string offset=55
.Linfo_string2:
	.asciz	"E:\\Smart-access-control\\Hardware\\CODE" @ string offset=110
.Linfo_string3:
	.asciz	"gethostbyname"                 @ string offset=148
.Linfo_string4:
	.asciz	"h_name"                        @ string offset=162
.Linfo_string5:
	.asciz	"char"                          @ string offset=169
.Linfo_string6:
	.asciz	"h_aliases"                     @ string offset=174
.Linfo_string7:
	.asciz	"h_addrtype"                    @ string offset=184
.Linfo_string8:
	.asciz	"int"                           @ string offset=195
.Linfo_string9:
	.asciz	"h_length"                      @ string offset=199
.Linfo_string10:
	.asciz	"h_addr_list"                   @ string offset=208
.Linfo_string11:
	.asciz	"hostent"                       @ string offset=220
.Linfo_string12:
	.asciz	"gethostbyname_r"               @ string offset=228
.Linfo_string13:
	.asciz	"freeaddrinfo"                  @ string offset=244
.Linfo_string14:
	.asciz	"getaddrinfo"                   @ string offset=257
.Linfo_string15:
	.asciz	"name"                          @ string offset=269
.Linfo_string16:
	.asciz	"ret"                           @ string offset=274
.Linfo_string17:
	.asciz	"buf"                           @ string offset=278
.Linfo_string18:
	.asciz	"buflen"                        @ string offset=282
.Linfo_string19:
	.asciz	"unsigned int"                  @ string offset=289
.Linfo_string20:
	.asciz	"size_t"                        @ string offset=302
.Linfo_string21:
	.asciz	"result"                        @ string offset=309
.Linfo_string22:
	.asciz	"h_errnop"                      @ string offset=316
.Linfo_string23:
	.asciz	"ai"                            @ string offset=325
.Linfo_string24:
	.asciz	"ai_flags"                      @ string offset=328
.Linfo_string25:
	.asciz	"ai_family"                     @ string offset=337
.Linfo_string26:
	.asciz	"ai_socktype"                   @ string offset=347
.Linfo_string27:
	.asciz	"ai_protocol"                   @ string offset=359
.Linfo_string28:
	.asciz	"ai_addrlen"                    @ string offset=371
.Linfo_string29:
	.asciz	"uint32_t"                      @ string offset=382
.Linfo_string30:
	.asciz	"socklen_t"                     @ string offset=391
.Linfo_string31:
	.asciz	"ai_addr"                       @ string offset=401
.Linfo_string32:
	.asciz	"sa_len"                        @ string offset=409
.Linfo_string33:
	.asciz	"unsigned char"                 @ string offset=416
.Linfo_string34:
	.asciz	"uint8_t"                       @ string offset=430
.Linfo_string35:
	.asciz	"sa_family"                     @ string offset=438
.Linfo_string36:
	.asciz	"sa_family_t"                   @ string offset=448
.Linfo_string37:
	.asciz	"sa_data"                       @ string offset=460
.Linfo_string38:
	.asciz	"__ARRAY_SIZE_TYPE__"           @ string offset=468
.Linfo_string39:
	.asciz	"sockaddr"                      @ string offset=488
.Linfo_string40:
	.asciz	"ai_canonname"                  @ string offset=497
.Linfo_string41:
	.asciz	"ai_next"                       @ string offset=510
.Linfo_string42:
	.asciz	"addrinfo"                      @ string offset=518
.Linfo_string43:
	.asciz	"nodename"                      @ string offset=527
.Linfo_string44:
	.asciz	"servname"                      @ string offset=536
.Linfo_string45:
	.asciz	"hints"                         @ string offset=545
.Linfo_string46:
	.asciz	"res"                           @ string offset=551
	.ident	"Component: ARM Compiler 6.16 Tool: armclang [5dfeb700]"
	.section	".note.GNU-stack","",%progbits
	.eabi_attribute	30, 6	@ Tag_ABI_optimization_goals
	.ARM_attribute	16, 1	@ Tag_AV_eba
	.section	.debug_line,"",%progbits
.Lline_table_start0:
