	.text
	.syntax unified
	.eabi_attribute	67, "2.09"	@ Tag_conformance
	.cpu	cortex-m7
	.eabi_attribute	6, 13	@ Tag_CPU_arch
	.eabi_attribute	7, 77	@ Tag_CPU_arch_profile
	.eabi_attribute	8, 0	@ Tag_ARM_ISA_use
	.eabi_attribute	9, 2	@ Tag_THUMB_ISA_use
	.fpu	fpv5-d16
	.eabi_attribute	36, 1	@ Tag_FP_HP_extension
	.eabi_attribute	34, 1	@ Tag_CPU_unaligned_access
	.eabi_attribute	17, 1	@ Tag_ABI_PCS_GOT_use
	.eabi_attribute	20, 2	@ Tag_ABI_FP_denormal
	.eabi_attribute	21, 0	@ Tag_ABI_FP_exceptions
	.eabi_attribute	23, 1	@ Tag_ABI_FP_number_model
	.eabi_attribute	24, 1	@ Tag_ABI_align_needed
	.eabi_attribute	25, 1	@ Tag_ABI_align_preserved
	.eabi_attribute	28, 1	@ Tag_ABI_VFP_args
	.eabi_attribute	38, 1	@ Tag_ABI_FP_16bit_format
	.eabi_attribute	18, 2	@ Tag_ABI_PCS_wchar_t
	.eabi_attribute	26, 1	@ Tag_ABI_enum_size
	.eabi_attribute	14, 0	@ Tag_ABI_PCS_R9_use
	.file	"netdev_ipaddr.c"
	.file	1 "E:\\STM32\\Learning\\STM32H750_ART_PI_RGBLCD" "rt-thread/components/net/netdev/src/netdev_ipaddr.c"
	.file	2 "D:\\Keil_v5\\ARM\\ARMCLANG\\Bin\\..\\include" "stdint.h"
	.file	3 "E:\\STM32\\Learning\\STM32H750_ART_PI_RGBLCD" "./rt-thread/components/net/netdev/include\\netdev_ipaddr.h"
	.section	.text.netdev_ip4addr_aton,"ax",%progbits
	.hidden	netdev_ip4addr_aton             @ -- Begin function netdev_ip4addr_aton
	.globl	netdev_ip4addr_aton
	.p2align	3
	.type	netdev_ip4addr_aton,%function
	.code	16                              @ @netdev_ip4addr_aton
	.thumb_func
netdev_ip4addr_aton:
.Lfunc_begin0:
	.loc	1 39 0                          @ rt-thread/components/net/netdev/src/netdev_ipaddr.c:39:0
	.fnstart
	.cfi_sections .debug_frame
	.cfi_startproc
@ %bb.0:
	.save	{r7, lr}
	push	{r7, lr}
	.cfi_def_cfa_offset 8
	.cfi_offset lr, -4
	.cfi_offset r7, -8
	.pad	#56
	sub	sp, #56
	.cfi_def_cfa_offset 64
	str	r0, [sp, #48]
	str	r1, [sp, #44]
	add	r0, sp, #20
.Ltmp0:
	.loc	1 44 15 prologue_end            @ rt-thread/components/net/netdev/src/netdev_ipaddr.c:44:15
	str	r0, [sp, #16]
	.loc	1 46 10                         @ rt-thread/components/net/netdev/src/netdev_ipaddr.c:46:10
	ldr	r0, [sp, #48]
	.loc	1 46 9 is_stmt 0                @ rt-thread/components/net/netdev/src/netdev_ipaddr.c:46:9
	ldrb	r0, [r0]
	.loc	1 46 7                          @ rt-thread/components/net/netdev/src/netdev_ipaddr.c:46:7
	strb.w	r0, [sp, #38]
	.loc	1 47 5 is_stmt 1                @ rt-thread/components/net/netdev/src/netdev_ipaddr.c:47:5
	b	.LBB0_1
.LBB0_1:                                @ =>This Loop Header: Depth=1
                                        @     Child Loop BB0_11 Depth 2
.Ltmp1:
	.loc	1 54 14                         @ rt-thread/components/net/netdev/src/netdev_ipaddr.c:54:14
	ldrb.w	r0, [sp, #38]
	cmp	r0, #48
	blt	.LBB0_3
	b	.LBB0_2
.LBB0_2:                                @   in Loop: Header=BB0_1 Depth=1
	ldrb.w	r0, [sp, #38]
.Ltmp2:
	.loc	1 54 13 is_stmt 0               @ rt-thread/components/net/netdev/src/netdev_ipaddr.c:54:13
	cmp	r0, #58
	blt	.LBB0_4
	b	.LBB0_3
.LBB0_3:
	.loc	1 0 13                          @ rt-thread/components/net/netdev/src/netdev_ipaddr.c:0:13
	movs	r0, #0
.Ltmp3:
	.loc	1 56 13 is_stmt 1               @ rt-thread/components/net/netdev/src/netdev_ipaddr.c:56:13
	str	r0, [sp, #52]
	b	.LBB0_68
.Ltmp4:
.LBB0_4:                                @   in Loop: Header=BB0_1 Depth=1
	.loc	1 0 13 is_stmt 0                @ rt-thread/components/net/netdev/src/netdev_ipaddr.c:0:13
	movs	r0, #0
	.loc	1 58 13 is_stmt 1               @ rt-thread/components/net/netdev/src/netdev_ipaddr.c:58:13
	str	r0, [sp, #40]
	movs	r0, #10
	.loc	1 59 14                         @ rt-thread/components/net/netdev/src/netdev_ipaddr.c:59:14
	strb.w	r0, [sp, #39]
.Ltmp5:
	.loc	1 60 13                         @ rt-thread/components/net/netdev/src/netdev_ipaddr.c:60:13
	ldrsb.w	r0, [sp, #38]
.Ltmp6:
	.loc	1 60 13 is_stmt 0               @ rt-thread/components/net/netdev/src/netdev_ipaddr.c:60:13
	cmp	r0, #48
	bne	.LBB0_10
	b	.LBB0_5
.LBB0_5:                                @   in Loop: Header=BB0_1 Depth=1
.Ltmp7:
	.loc	1 62 18 is_stmt 1               @ rt-thread/components/net/netdev/src/netdev_ipaddr.c:62:18
	ldr	r0, [sp, #48]
	adds	r1, r0, #1
	str	r1, [sp, #48]
	.loc	1 62 17 is_stmt 0               @ rt-thread/components/net/netdev/src/netdev_ipaddr.c:62:17
	ldrb	r0, [r0, #1]
	.loc	1 62 15                         @ rt-thread/components/net/netdev/src/netdev_ipaddr.c:62:15
	strb.w	r0, [sp, #38]
.Ltmp8:
	.loc	1 63 17 is_stmt 1               @ rt-thread/components/net/netdev/src/netdev_ipaddr.c:63:17
	ldrsb.w	r0, [sp, #38]
	.loc	1 63 26 is_stmt 0               @ rt-thread/components/net/netdev/src/netdev_ipaddr.c:63:26
	cmp	r0, #120
	beq	.LBB0_7
	b	.LBB0_6
.LBB0_6:                                @   in Loop: Header=BB0_1 Depth=1
	.loc	1 63 29                         @ rt-thread/components/net/netdev/src/netdev_ipaddr.c:63:29
	ldrsb.w	r0, [sp, #38]
.Ltmp9:
	.loc	1 63 17                         @ rt-thread/components/net/netdev/src/netdev_ipaddr.c:63:17
	cmp	r0, #88
	bne	.LBB0_8
	b	.LBB0_7
.LBB0_7:                                @   in Loop: Header=BB0_1 Depth=1
	.loc	1 0 17                          @ rt-thread/components/net/netdev/src/netdev_ipaddr.c:0:17
	movs	r0, #16
.Ltmp10:
	.loc	1 65 22 is_stmt 1               @ rt-thread/components/net/netdev/src/netdev_ipaddr.c:65:22
	strb.w	r0, [sp, #39]
	.loc	1 66 22                         @ rt-thread/components/net/netdev/src/netdev_ipaddr.c:66:22
	ldr	r0, [sp, #48]
	adds	r1, r0, #1
	str	r1, [sp, #48]
	.loc	1 66 21 is_stmt 0               @ rt-thread/components/net/netdev/src/netdev_ipaddr.c:66:21
	ldrb	r0, [r0, #1]
	.loc	1 66 19                         @ rt-thread/components/net/netdev/src/netdev_ipaddr.c:66:19
	strb.w	r0, [sp, #38]
	.loc	1 67 13 is_stmt 1               @ rt-thread/components/net/netdev/src/netdev_ipaddr.c:67:13
	b	.LBB0_9
.Ltmp11:
.LBB0_8:                                @   in Loop: Header=BB0_1 Depth=1
	.loc	1 0 13 is_stmt 0                @ rt-thread/components/net/netdev/src/netdev_ipaddr.c:0:13
	movs	r0, #8
.Ltmp12:
	.loc	1 70 22 is_stmt 1               @ rt-thread/components/net/netdev/src/netdev_ipaddr.c:70:22
	strb.w	r0, [sp, #39]
	b	.LBB0_9
.Ltmp13:
.LBB0_9:                                @   in Loop: Header=BB0_1 Depth=1
	.loc	1 72 9                          @ rt-thread/components/net/netdev/src/netdev_ipaddr.c:72:9
	b	.LBB0_10
.Ltmp14:
.LBB0_10:                               @   in Loop: Header=BB0_1 Depth=1
	.loc	1 73 9                          @ rt-thread/components/net/netdev/src/netdev_ipaddr.c:73:9
	b	.LBB0_11
.LBB0_11:                               @   Parent Loop BB0_1 Depth=1
                                        @ =>  This Inner Loop Header: Depth=2
.Ltmp15:
	.loc	1 75 17                         @ rt-thread/components/net/netdev/src/netdev_ipaddr.c:75:17
	ldrb.w	r0, [sp, #38]
	cmp	r0, #48
	blt	.LBB0_14
	b	.LBB0_12
.LBB0_12:                               @   in Loop: Header=BB0_11 Depth=2
	ldrb.w	r0, [sp, #38]
.Ltmp16:
	.loc	1 75 17 is_stmt 0               @ rt-thread/components/net/netdev/src/netdev_ipaddr.c:75:17
	cmp	r0, #57
	bgt	.LBB0_14
	b	.LBB0_13
.LBB0_13:                               @   in Loop: Header=BB0_11 Depth=2
.Ltmp17:
	.loc	1 77 24 is_stmt 1               @ rt-thread/components/net/netdev/src/netdev_ipaddr.c:77:24
	ldr	r0, [sp, #40]
	.loc	1 77 30 is_stmt 0               @ rt-thread/components/net/netdev/src/netdev_ipaddr.c:77:30
	ldrb.w	r1, [sp, #39]
	.loc	1 77 50                         @ rt-thread/components/net/netdev/src/netdev_ipaddr.c:77:50
	ldrsb.w	r2, [sp, #38]
	.loc	1 77 36                         @ rt-thread/components/net/netdev/src/netdev_ipaddr.c:77:36
	mla	r0, r0, r1, r2
	subs	r0, #48
	.loc	1 77 21                         @ rt-thread/components/net/netdev/src/netdev_ipaddr.c:77:21
	str	r0, [sp, #40]
	.loc	1 78 22 is_stmt 1               @ rt-thread/components/net/netdev/src/netdev_ipaddr.c:78:22
	ldr	r0, [sp, #48]
	adds	r1, r0, #1
	str	r1, [sp, #48]
	.loc	1 78 21 is_stmt 0               @ rt-thread/components/net/netdev/src/netdev_ipaddr.c:78:21
	ldrb	r0, [r0, #1]
	.loc	1 78 19                         @ rt-thread/components/net/netdev/src/netdev_ipaddr.c:78:19
	strb.w	r0, [sp, #38]
	.loc	1 79 13 is_stmt 1               @ rt-thread/components/net/netdev/src/netdev_ipaddr.c:79:13
	b	.LBB0_26
.Ltmp18:
.LBB0_14:                               @   in Loop: Header=BB0_11 Depth=2
	.loc	1 80 22                         @ rt-thread/components/net/netdev/src/netdev_ipaddr.c:80:22
	ldrb.w	r0, [sp, #39]
	.loc	1 80 33 is_stmt 0               @ rt-thread/components/net/netdev/src/netdev_ipaddr.c:80:33
	cmp	r0, #16
	bne	.LBB0_24
	b	.LBB0_15
.LBB0_15:                               @   in Loop: Header=BB0_11 Depth=2
	.loc	1 80 36                         @ rt-thread/components/net/netdev/src/netdev_ipaddr.c:80:36
	ldrb.w	r0, [sp, #38]
	cmp	r0, #48
	blt	.LBB0_17
	b	.LBB0_16
.LBB0_16:                               @   in Loop: Header=BB0_11 Depth=2
	ldrb.w	r0, [sp, #38]
	cmp	r0, #58
	blt	.LBB0_21
	b	.LBB0_17
.LBB0_17:                               @   in Loop: Header=BB0_11 Depth=2
	ldrb.w	r0, [sp, #38]
	cmp	r0, #97
	blt	.LBB0_19
	b	.LBB0_18
.LBB0_18:                               @   in Loop: Header=BB0_11 Depth=2
	ldrb.w	r0, [sp, #38]
	cmp	r0, #103
	blt	.LBB0_21
	b	.LBB0_19
.LBB0_19:                               @   in Loop: Header=BB0_11 Depth=2
	ldrb.w	r0, [sp, #38]
	cmp	r0, #65
	blt	.LBB0_24
	b	.LBB0_20
.LBB0_20:                               @   in Loop: Header=BB0_11 Depth=2
	ldrb.w	r0, [sp, #38]
.Ltmp19:
	.loc	1 80 22                         @ rt-thread/components/net/netdev/src/netdev_ipaddr.c:80:22
	cmp	r0, #70
	bgt	.LBB0_24
	b	.LBB0_21
.LBB0_21:                               @   in Loop: Header=BB0_11 Depth=2
.Ltmp20:
	.loc	1 82 24 is_stmt 1               @ rt-thread/components/net/netdev/src/netdev_ipaddr.c:82:24
	ldr	r0, [sp, #40]
	.loc	1 82 28 is_stmt 0               @ rt-thread/components/net/netdev/src/netdev_ipaddr.c:82:28
	lsls	r0, r0, #4
	.loc	1 82 48                         @ rt-thread/components/net/netdev/src/netdev_ipaddr.c:82:48
	str	r0, [sp, #4]                    @ 4-byte Spill
	ldrb.w	r1, [sp, #38]
	sxtb	r0, r1
	.loc	1 82 50                         @ rt-thread/components/net/netdev/src/netdev_ipaddr.c:82:50
	adds	r0, #10
	str	r0, [sp, #8]                    @ 4-byte Spill
	movs	r0, #0
	.loc	1 82 58                         @ rt-thread/components/net/netdev/src/netdev_ipaddr.c:82:58
	cmp	r1, #97
	str	r0, [sp, #12]                   @ 4-byte Spill
	blt	.LBB0_23
	b	.LBB0_22
.LBB0_22:                               @   in Loop: Header=BB0_11 Depth=2
	ldrb.w	r1, [sp, #38]
	movs	r0, #0
	cmp	r1, #123
	it	lt
	movlt	r0, #1
	str	r0, [sp, #12]                   @ 4-byte Spill
	b	.LBB0_23
.LBB0_23:                               @   in Loop: Header=BB0_11 Depth=2
	.loc	1 0 0                           @ rt-thread/components/net/netdev/src/netdev_ipaddr.c:0:0
	ldr	r0, [sp, #4]                    @ 4-byte Reload
	ldr	r1, [sp, #8]                    @ 4-byte Reload
	ldr	r2, [sp, #12]                   @ 4-byte Reload
	.loc	1 82 58                         @ rt-thread/components/net/netdev/src/netdev_ipaddr.c:82:58
	lsls	r3, r2, #31
	movs	r2, #65
	cmp	r3, #0
	it	ne
	movne	r2, #97
	.loc	1 82 55                         @ rt-thread/components/net/netdev/src/netdev_ipaddr.c:82:55
	subs	r1, r1, r2
	.loc	1 82 34                         @ rt-thread/components/net/netdev/src/netdev_ipaddr.c:82:34
	orrs	r0, r1
	.loc	1 82 21                         @ rt-thread/components/net/netdev/src/netdev_ipaddr.c:82:21
	str	r0, [sp, #40]
	.loc	1 83 22 is_stmt 1               @ rt-thread/components/net/netdev/src/netdev_ipaddr.c:83:22
	ldr	r0, [sp, #48]
	adds	r1, r0, #1
	str	r1, [sp, #48]
	.loc	1 83 21 is_stmt 0               @ rt-thread/components/net/netdev/src/netdev_ipaddr.c:83:21
	ldrb	r0, [r0, #1]
	.loc	1 83 19                         @ rt-thread/components/net/netdev/src/netdev_ipaddr.c:83:19
	strb.w	r0, [sp, #38]
	.loc	1 84 13 is_stmt 1               @ rt-thread/components/net/netdev/src/netdev_ipaddr.c:84:13
	b	.LBB0_25
.Ltmp21:
.LBB0_24:                               @   in Loop: Header=BB0_1 Depth=1
	.loc	1 87 17                         @ rt-thread/components/net/netdev/src/netdev_ipaddr.c:87:17
	b	.LBB0_27
.Ltmp22:
.LBB0_25:                               @   in Loop: Header=BB0_11 Depth=2
	.loc	1 0 17 is_stmt 0                @ rt-thread/components/net/netdev/src/netdev_ipaddr.c:0:17
	b	.LBB0_26
.LBB0_26:                               @   in Loop: Header=BB0_11 Depth=2
	.loc	1 73 9 is_stmt 1                @ rt-thread/components/net/netdev/src/netdev_ipaddr.c:73:9
	b	.LBB0_11
.Ltmp23:
.LBB0_27:                               @   in Loop: Header=BB0_1 Depth=1
	.loc	1 90 13                         @ rt-thread/components/net/netdev/src/netdev_ipaddr.c:90:13
	ldrsb.w	r0, [sp, #38]
.Ltmp24:
	.loc	1 90 13 is_stmt 0               @ rt-thread/components/net/netdev/src/netdev_ipaddr.c:90:13
	cmp	r0, #46
	bne	.LBB0_31
	b	.LBB0_28
.LBB0_28:                               @   in Loop: Header=BB0_1 Depth=1
.Ltmp25:
	.loc	1 98 17 is_stmt 1               @ rt-thread/components/net/netdev/src/netdev_ipaddr.c:98:17
	ldr	r0, [sp, #16]
	add	r1, sp, #20
	.loc	1 98 29 is_stmt 0               @ rt-thread/components/net/netdev/src/netdev_ipaddr.c:98:29
	adds	r1, #12
.Ltmp26:
	.loc	1 98 17                         @ rt-thread/components/net/netdev/src/netdev_ipaddr.c:98:17
	cmp	r0, r1
	blo	.LBB0_30
	b	.LBB0_29
.LBB0_29:
	.loc	1 0 17                          @ rt-thread/components/net/netdev/src/netdev_ipaddr.c:0:17
	movs	r0, #0
.Ltmp27:
	.loc	1 100 17 is_stmt 1              @ rt-thread/components/net/netdev/src/netdev_ipaddr.c:100:17
	str	r0, [sp, #52]
	b	.LBB0_68
.Ltmp28:
.LBB0_30:                               @   in Loop: Header=BB0_1 Depth=1
	.loc	1 102 21                        @ rt-thread/components/net/netdev/src/netdev_ipaddr.c:102:21
	ldr	r0, [sp, #40]
	.loc	1 102 16 is_stmt 0              @ rt-thread/components/net/netdev/src/netdev_ipaddr.c:102:16
	ldr	r1, [sp, #16]
	adds	r2, r1, #4
	str	r2, [sp, #16]
	.loc	1 102 19                        @ rt-thread/components/net/netdev/src/netdev_ipaddr.c:102:19
	str	r0, [r1]
	.loc	1 103 18 is_stmt 1              @ rt-thread/components/net/netdev/src/netdev_ipaddr.c:103:18
	ldr	r0, [sp, #48]
	adds	r1, r0, #1
	str	r1, [sp, #48]
	.loc	1 103 17 is_stmt 0              @ rt-thread/components/net/netdev/src/netdev_ipaddr.c:103:17
	ldrb	r0, [r0, #1]
	.loc	1 103 15                        @ rt-thread/components/net/netdev/src/netdev_ipaddr.c:103:15
	strb.w	r0, [sp, #38]
	.loc	1 104 9 is_stmt 1               @ rt-thread/components/net/netdev/src/netdev_ipaddr.c:104:9
	b	.LBB0_32
.Ltmp29:
.LBB0_31:
	.loc	1 107 13                        @ rt-thread/components/net/netdev/src/netdev_ipaddr.c:107:13
	b	.LBB0_33
.Ltmp30:
.LBB0_32:                               @   in Loop: Header=BB0_1 Depth=1
	.loc	1 47 5                          @ rt-thread/components/net/netdev/src/netdev_ipaddr.c:47:5
	b	.LBB0_1
.Ltmp31:
.LBB0_33:
	.loc	1 113 9                         @ rt-thread/components/net/netdev/src/netdev_ipaddr.c:113:9
	ldrsb.w	r0, [sp, #38]
	.loc	1 113 19 is_stmt 0              @ rt-thread/components/net/netdev/src/netdev_ipaddr.c:113:19
	cbz	r0, .LBB0_41
	b	.LBB0_34
.LBB0_34:
	.loc	1 113 23                        @ rt-thread/components/net/netdev/src/netdev_ipaddr.c:113:23
	ldrsb.w	r0, [sp, #38]
	cmp	r0, #32
	beq	.LBB0_41
	b	.LBB0_35
.LBB0_35:
	ldrsb.w	r0, [sp, #38]
	cmp	r0, #12
	beq	.LBB0_41
	b	.LBB0_36
.LBB0_36:
	ldrsb.w	r0, [sp, #38]
	cmp	r0, #10
	beq	.LBB0_41
	b	.LBB0_37
.LBB0_37:
	ldrsb.w	r0, [sp, #38]
	cmp	r0, #13
	beq	.LBB0_41
	b	.LBB0_38
.LBB0_38:
	ldrsb.w	r0, [sp, #38]
	cmp	r0, #9
	beq	.LBB0_41
	b	.LBB0_39
.LBB0_39:
	ldrsb.w	r0, [sp, #38]
.Ltmp32:
	.loc	1 113 9                         @ rt-thread/components/net/netdev/src/netdev_ipaddr.c:113:9
	cmp	r0, #11
	beq	.LBB0_41
	b	.LBB0_40
.LBB0_40:
	.loc	1 0 9                           @ rt-thread/components/net/netdev/src/netdev_ipaddr.c:0:9
	movs	r0, #0
.Ltmp33:
	.loc	1 115 9 is_stmt 1               @ rt-thread/components/net/netdev/src/netdev_ipaddr.c:115:9
	str	r0, [sp, #52]
	b	.LBB0_68
.Ltmp34:
.LBB0_41:
	.loc	1 121 13                        @ rt-thread/components/net/netdev/src/netdev_ipaddr.c:121:13
	ldr	r0, [sp, #16]
	add	r1, sp, #20
	.loc	1 121 16 is_stmt 0              @ rt-thread/components/net/netdev/src/netdev_ipaddr.c:121:16
	subs	r1, r0, r1
	movs	r0, #1
	.loc	1 121 24                        @ rt-thread/components/net/netdev/src/netdev_ipaddr.c:121:24
	add.w	r0, r0, r1, asr #2
	.loc	1 121 5                         @ rt-thread/components/net/netdev/src/netdev_ipaddr.c:121:5
	mov	r1, r0
	str	r1, [sp]                        @ 4-byte Spill
	cmp	r0, #4
	bhi	.LBB0_64
@ %bb.42:
	.loc	1 0 5                           @ rt-thread/components/net/netdev/src/netdev_ipaddr.c:0:5
	ldr	r1, [sp]                        @ 4-byte Reload
.LCPI0_0:
	tbb	[pc, r1]
@ %bb.43:
.LJTI0_0:
	.byte	(.LBB0_44-(.LCPI0_0+4))/2
	.byte	(.LBB0_45-(.LCPI0_0+4))/2
	.byte	(.LBB0_46-(.LCPI0_0+4))/2
	.byte	(.LBB0_51-(.LCPI0_0+4))/2
	.byte	(.LBB0_57-(.LCPI0_0+4))/2
	.p2align	1
.LBB0_44:
	movs	r0, #0
.Ltmp35:
	.loc	1 125 9 is_stmt 1               @ rt-thread/components/net/netdev/src/netdev_ipaddr.c:125:9
	str	r0, [sp, #52]
	b	.LBB0_68
.LBB0_45:
	.loc	1 128 9                         @ rt-thread/components/net/netdev/src/netdev_ipaddr.c:128:9
	b	.LBB0_65
.LBB0_46:
.Ltmp36:
	.loc	1 131 13                        @ rt-thread/components/net/netdev/src/netdev_ipaddr.c:131:13
	ldr	r0, [sp, #40]
.Ltmp37:
	.loc	1 131 13 is_stmt 0              @ rt-thread/components/net/netdev/src/netdev_ipaddr.c:131:13
	cmp.w	r0, #16777216
	blo	.LBB0_48
	b	.LBB0_47
.LBB0_47:
	.loc	1 0 13                          @ rt-thread/components/net/netdev/src/netdev_ipaddr.c:0:13
	movs	r0, #0
.Ltmp38:
	.loc	1 133 13 is_stmt 1              @ rt-thread/components/net/netdev/src/netdev_ipaddr.c:133:13
	str	r0, [sp, #52]
	b	.LBB0_68
.Ltmp39:
.LBB0_48:
	.loc	1 135 13                        @ rt-thread/components/net/netdev/src/netdev_ipaddr.c:135:13
	ldr	r0, [sp, #20]
.Ltmp40:
	.loc	1 135 13 is_stmt 0              @ rt-thread/components/net/netdev/src/netdev_ipaddr.c:135:13
	cmp.w	r0, #256
	blo	.LBB0_50
	b	.LBB0_49
.LBB0_49:
	.loc	1 0 13                          @ rt-thread/components/net/netdev/src/netdev_ipaddr.c:0:13
	movs	r0, #0
.Ltmp41:
	.loc	1 137 13 is_stmt 1              @ rt-thread/components/net/netdev/src/netdev_ipaddr.c:137:13
	str	r0, [sp, #52]
	b	.LBB0_68
.Ltmp42:
.LBB0_50:
	.loc	1 139 16                        @ rt-thread/components/net/netdev/src/netdev_ipaddr.c:139:16
	ldr	r1, [sp, #20]
	.loc	1 139 13 is_stmt 0              @ rt-thread/components/net/netdev/src/netdev_ipaddr.c:139:13
	ldr	r0, [sp, #40]
	orr.w	r0, r0, r1, lsl #24
	str	r0, [sp, #40]
	.loc	1 140 9 is_stmt 1               @ rt-thread/components/net/netdev/src/netdev_ipaddr.c:140:9
	b	.LBB0_65
.LBB0_51:
.Ltmp43:
	.loc	1 143 13                        @ rt-thread/components/net/netdev/src/netdev_ipaddr.c:143:13
	ldr	r0, [sp, #40]
.Ltmp44:
	.loc	1 143 13 is_stmt 0              @ rt-thread/components/net/netdev/src/netdev_ipaddr.c:143:13
	cmp.w	r0, #65536
	blo	.LBB0_53
	b	.LBB0_52
.LBB0_52:
	.loc	1 0 13                          @ rt-thread/components/net/netdev/src/netdev_ipaddr.c:0:13
	movs	r0, #0
.Ltmp45:
	.loc	1 145 13 is_stmt 1              @ rt-thread/components/net/netdev/src/netdev_ipaddr.c:145:13
	str	r0, [sp, #52]
	b	.LBB0_68
.Ltmp46:
.LBB0_53:
	.loc	1 147 14                        @ rt-thread/components/net/netdev/src/netdev_ipaddr.c:147:14
	ldr	r0, [sp, #20]
	.loc	1 147 31 is_stmt 0              @ rt-thread/components/net/netdev/src/netdev_ipaddr.c:147:31
	cmp	r0, #255
	bhi	.LBB0_55
	b	.LBB0_54
.LBB0_54:
	.loc	1 147 35                        @ rt-thread/components/net/netdev/src/netdev_ipaddr.c:147:35
	ldr	r0, [sp, #24]
.Ltmp47:
	.loc	1 147 13                        @ rt-thread/components/net/netdev/src/netdev_ipaddr.c:147:13
	cmp.w	r0, #256
	blo	.LBB0_56
	b	.LBB0_55
.LBB0_55:
	.loc	1 0 13                          @ rt-thread/components/net/netdev/src/netdev_ipaddr.c:0:13
	movs	r0, #0
.Ltmp48:
	.loc	1 149 13 is_stmt 1              @ rt-thread/components/net/netdev/src/netdev_ipaddr.c:149:13
	str	r0, [sp, #52]
	b	.LBB0_68
.Ltmp49:
.LBB0_56:
	.loc	1 151 17                        @ rt-thread/components/net/netdev/src/netdev_ipaddr.c:151:17
	ldr	r0, [sp, #20]
	.loc	1 151 36 is_stmt 0              @ rt-thread/components/net/netdev/src/netdev_ipaddr.c:151:36
	ldr	r1, [sp, #24]
	.loc	1 151 26                        @ rt-thread/components/net/netdev/src/netdev_ipaddr.c:151:26
	lsls	r0, r0, #24
	.loc	1 151 33                        @ rt-thread/components/net/netdev/src/netdev_ipaddr.c:151:33
	orr.w	r1, r0, r1, lsl #16
	.loc	1 151 13                        @ rt-thread/components/net/netdev/src/netdev_ipaddr.c:151:13
	ldr	r0, [sp, #40]
	orrs	r0, r1
	str	r0, [sp, #40]
	.loc	1 152 9 is_stmt 1               @ rt-thread/components/net/netdev/src/netdev_ipaddr.c:152:9
	b	.LBB0_65
.LBB0_57:
.Ltmp50:
	.loc	1 155 13                        @ rt-thread/components/net/netdev/src/netdev_ipaddr.c:155:13
	ldr	r0, [sp, #40]
.Ltmp51:
	.loc	1 155 13 is_stmt 0              @ rt-thread/components/net/netdev/src/netdev_ipaddr.c:155:13
	cmp.w	r0, #256
	blo	.LBB0_59
	b	.LBB0_58
.LBB0_58:
	.loc	1 0 13                          @ rt-thread/components/net/netdev/src/netdev_ipaddr.c:0:13
	movs	r0, #0
.Ltmp52:
	.loc	1 157 13 is_stmt 1              @ rt-thread/components/net/netdev/src/netdev_ipaddr.c:157:13
	str	r0, [sp, #52]
	b	.LBB0_68
.Ltmp53:
.LBB0_59:
	.loc	1 159 14                        @ rt-thread/components/net/netdev/src/netdev_ipaddr.c:159:14
	ldr	r0, [sp, #20]
	.loc	1 159 31 is_stmt 0              @ rt-thread/components/net/netdev/src/netdev_ipaddr.c:159:31
	cmp	r0, #255
	bhi	.LBB0_62
	b	.LBB0_60
.LBB0_60:
	.loc	1 159 35                        @ rt-thread/components/net/netdev/src/netdev_ipaddr.c:159:35
	ldr	r0, [sp, #24]
	.loc	1 159 52                        @ rt-thread/components/net/netdev/src/netdev_ipaddr.c:159:52
	cmp	r0, #255
	bhi	.LBB0_62
	b	.LBB0_61
.LBB0_61:
	.loc	1 159 56                        @ rt-thread/components/net/netdev/src/netdev_ipaddr.c:159:56
	ldr	r0, [sp, #28]
.Ltmp54:
	.loc	1 159 13                        @ rt-thread/components/net/netdev/src/netdev_ipaddr.c:159:13
	cmp.w	r0, #256
	blo	.LBB0_63
	b	.LBB0_62
.LBB0_62:
	.loc	1 0 13                          @ rt-thread/components/net/netdev/src/netdev_ipaddr.c:0:13
	movs	r0, #0
.Ltmp55:
	.loc	1 161 13 is_stmt 1              @ rt-thread/components/net/netdev/src/netdev_ipaddr.c:161:13
	str	r0, [sp, #52]
	b	.LBB0_68
.Ltmp56:
.LBB0_63:
	.loc	1 163 17                        @ rt-thread/components/net/netdev/src/netdev_ipaddr.c:163:17
	ldr	r0, [sp, #20]
	.loc	1 163 36 is_stmt 0              @ rt-thread/components/net/netdev/src/netdev_ipaddr.c:163:36
	ldr	r2, [sp, #24]
	.loc	1 163 55                        @ rt-thread/components/net/netdev/src/netdev_ipaddr.c:163:55
	ldr	r1, [sp, #28]
	.loc	1 163 26                        @ rt-thread/components/net/netdev/src/netdev_ipaddr.c:163:26
	lsls	r0, r0, #24
	.loc	1 163 33                        @ rt-thread/components/net/netdev/src/netdev_ipaddr.c:163:33
	orr.w	r0, r0, r2, lsl #16
	.loc	1 163 52                        @ rt-thread/components/net/netdev/src/netdev_ipaddr.c:163:52
	orr.w	r1, r0, r1, lsl #8
	.loc	1 163 13                        @ rt-thread/components/net/netdev/src/netdev_ipaddr.c:163:13
	ldr	r0, [sp, #40]
	orrs	r0, r1
	str	r0, [sp, #40]
	.loc	1 164 9 is_stmt 1               @ rt-thread/components/net/netdev/src/netdev_ipaddr.c:164:9
	b	.LBB0_65
.LBB0_64:
.Ltmp57:
	.loc	1 166 9                         @ rt-thread/components/net/netdev/src/netdev_ipaddr.c:166:9
	movw	r0, :lower16:.L.str
	movt	r0, :upper16:.L.str
	movw	r1, :lower16:.L__FUNCTION__.netdev_ip4addr_aton
	movt	r1, :upper16:.L__FUNCTION__.netdev_ip4addr_aton
	movs	r2, #166
	bl	rt_assert_handler
.Ltmp58:
	.loc	1 167 9                         @ rt-thread/components/net/netdev/src/netdev_ipaddr.c:167:9
	b	.LBB0_65
.Ltmp59:
.LBB0_65:
	.loc	1 169 9                         @ rt-thread/components/net/netdev/src/netdev_ipaddr.c:169:9
	ldr	r0, [sp, #44]
.Ltmp60:
	.loc	1 169 9 is_stmt 0               @ rt-thread/components/net/netdev/src/netdev_ipaddr.c:169:9
	cbz	r0, .LBB0_67
	b	.LBB0_66
.LBB0_66:
.Ltmp61:
	.loc	1 171 9 is_stmt 1               @ rt-thread/components/net/netdev/src/netdev_ipaddr.c:171:9
	ldr	r1, [sp, #40]
	lsls	r0, r1, #24
	and	r2, r1, #65280
	orr.w	r0, r0, r2, lsl #8
	and	r2, r1, #16711680
	orr.w	r0, r0, r2, lsr #8
	orr.w	r0, r0, r1, lsr #24
	ldr	r1, [sp, #44]
	str	r0, [r1]
	.loc	1 172 5                         @ rt-thread/components/net/netdev/src/netdev_ipaddr.c:172:5
	b	.LBB0_67
.Ltmp62:
.LBB0_67:
	.loc	1 0 5 is_stmt 0                 @ rt-thread/components/net/netdev/src/netdev_ipaddr.c:0:5
	movs	r0, #1
	.loc	1 173 5 is_stmt 1               @ rt-thread/components/net/netdev/src/netdev_ipaddr.c:173:5
	str	r0, [sp, #52]
	b	.LBB0_68
.LBB0_68:
	.loc	1 174 1                         @ rt-thread/components/net/netdev/src/netdev_ipaddr.c:174:1
	ldr	r0, [sp, #52]
	add	sp, #56
	pop	{r7, pc}
.Ltmp63:
.Lfunc_end0:
	.size	netdev_ip4addr_aton, .Lfunc_end0-netdev_ip4addr_aton
	.cfi_endproc
	.cantunwind
	.fnend
                                        @ -- End function
	.section	.text.netdev_ip4addr_ntoa_r,"ax",%progbits
	.hidden	netdev_ip4addr_ntoa_r           @ -- Begin function netdev_ip4addr_ntoa_r
	.globl	netdev_ip4addr_ntoa_r
	.p2align	3
	.type	netdev_ip4addr_ntoa_r,%function
	.code	16                              @ @netdev_ip4addr_ntoa_r
	.thumb_func
netdev_ip4addr_ntoa_r:
.Lfunc_begin1:
	.loc	1 186 0                         @ rt-thread/components/net/netdev/src/netdev_ipaddr.c:186:0
	.fnstart
	.cfi_startproc
@ %bb.0:
	.pad	#40
	sub	sp, #40
	.cfi_def_cfa_offset 40
	str	r0, [sp, #32]
	str	r1, [sp, #28]
	str	r2, [sp, #24]
	movs	r0, #0
.Ltmp64:
	.loc	1 194 9 prologue_end            @ rt-thread/components/net/netdev/src/netdev_ipaddr.c:194:9
	str	r0, [sp]
	.loc	1 196 14                        @ rt-thread/components/net/netdev/src/netdev_ipaddr.c:196:14
	ldr	r1, [sp, #32]
	ldr	r1, [r1]
	.loc	1 196 12 is_stmt 0              @ rt-thread/components/net/netdev/src/netdev_ipaddr.c:196:12
	str	r1, [sp, #20]
	.loc	1 198 10 is_stmt 1              @ rt-thread/components/net/netdev/src/netdev_ipaddr.c:198:10
	ldr	r1, [sp, #28]
	.loc	1 198 8 is_stmt 0               @ rt-thread/components/net/netdev/src/netdev_ipaddr.c:198:8
	str	r1, [sp, #12]
	add	r1, sp, #20
	.loc	1 199 8 is_stmt 1               @ rt-thread/components/net/netdev/src/netdev_ipaddr.c:199:8
	str	r1, [sp, #8]
.Ltmp65:
	.loc	1 200 12                        @ rt-thread/components/net/netdev/src/netdev_ipaddr.c:200:12
	strb.w	r0, [sp, #6]
	.loc	1 200 10 is_stmt 0              @ rt-thread/components/net/netdev/src/netdev_ipaddr.c:200:10
	b	.LBB1_1
.LBB1_1:                                @ =>This Loop Header: Depth=1
                                        @     Child Loop BB1_3 Depth 2
                                        @     Child Loop BB1_6 Depth 2
.Ltmp66:
	.loc	1 200 17                        @ rt-thread/components/net/netdev/src/netdev_ipaddr.c:200:17
	ldrb.w	r0, [sp, #6]
.Ltmp67:
	.loc	1 200 5                         @ rt-thread/components/net/netdev/src/netdev_ipaddr.c:200:5
	cmp	r0, #3
	bgt	.LBB1_14
	b	.LBB1_2
.LBB1_2:                                @   in Loop: Header=BB1_1 Depth=1
	.loc	1 0 5                           @ rt-thread/components/net/netdev/src/netdev_ipaddr.c:0:5
	movs	r0, #0
.Ltmp68:
	.loc	1 202 11 is_stmt 1              @ rt-thread/components/net/netdev/src/netdev_ipaddr.c:202:11
	strb.w	r0, [sp, #5]
	.loc	1 203 9                         @ rt-thread/components/net/netdev/src/netdev_ipaddr.c:203:9
	b	.LBB1_3
.LBB1_3:                                @   Parent Loop BB1_1 Depth=1
                                        @ =>  This Inner Loop Header: Depth=2
.Ltmp69:
	.loc	1 205 20                        @ rt-thread/components/net/netdev/src/netdev_ipaddr.c:205:20
	ldr	r0, [sp, #8]
	.loc	1 205 19 is_stmt 0              @ rt-thread/components/net/netdev/src/netdev_ipaddr.c:205:19
	ldrb	r0, [r0]
	movw	r2, #52429
	movt	r2, #52428
	.loc	1 205 23                        @ rt-thread/components/net/netdev/src/netdev_ipaddr.c:205:23
	umull	r3, r1, r0, r2
	lsrs	r1, r1, #3
	add.w	r1, r1, r1, lsl #2
	sub.w	r0, r0, r1, lsl #1
	.loc	1 205 17                        @ rt-thread/components/net/netdev/src/netdev_ipaddr.c:205:17
	strb.w	r0, [sp, #7]
	.loc	1 206 14 is_stmt 1              @ rt-thread/components/net/netdev/src/netdev_ipaddr.c:206:14
	ldr	r1, [sp, #8]
	.loc	1 206 17 is_stmt 0              @ rt-thread/components/net/netdev/src/netdev_ipaddr.c:206:17
	ldrb	r0, [r1]
	umull	r2, r0, r0, r2
	lsrs	r0, r0, #3
	strb	r0, [r1]
	.loc	1 207 38 is_stmt 1              @ rt-thread/components/net/netdev/src/netdev_ipaddr.c:207:38
	ldrb.w	r0, [sp, #7]
	.loc	1 207 36 is_stmt 0              @ rt-thread/components/net/netdev/src/netdev_ipaddr.c:207:36
	adds	r0, #48
	.loc	1 207 18                        @ rt-thread/components/net/netdev/src/netdev_ipaddr.c:207:18
	ldrb.w	r2, [sp, #5]
	adds	r1, r2, #1
	strb.w	r1, [sp, #5]
	add.w	r1, sp, #17
	.loc	1 207 22                        @ rt-thread/components/net/netdev/src/netdev_ipaddr.c:207:22
	strb	r0, [r1, r2]
	.loc	1 208 9 is_stmt 1               @ rt-thread/components/net/netdev/src/netdev_ipaddr.c:208:9
	b	.LBB1_4
.Ltmp70:
.LBB1_4:                                @   in Loop: Header=BB1_3 Depth=2
	.loc	1 208 19 is_stmt 0              @ rt-thread/components/net/netdev/src/netdev_ipaddr.c:208:19
	ldr	r0, [sp, #8]
	.loc	1 208 18                        @ rt-thread/components/net/netdev/src/netdev_ipaddr.c:208:18
	ldrb	r0, [r0]
.Ltmp71:
	.loc	1 208 9                         @ rt-thread/components/net/netdev/src/netdev_ipaddr.c:208:9
	cmp	r0, #0
	bne	.LBB1_3
	b	.LBB1_5
.Ltmp72:
.LBB1_5:                                @   in Loop: Header=BB1_1 Depth=1
	.loc	1 209 9 is_stmt 1               @ rt-thread/components/net/netdev/src/netdev_ipaddr.c:209:9
	b	.LBB1_6
.LBB1_6:                                @   Parent Loop BB1_1 Depth=1
                                        @ =>  This Inner Loop Header: Depth=2
	.loc	1 209 17 is_stmt 0              @ rt-thread/components/net/netdev/src/netdev_ipaddr.c:209:17
	ldrb.w	r0, [sp, #5]
	subs	r1, r0, #1
	strb.w	r1, [sp, #5]
	.loc	1 209 9                         @ rt-thread/components/net/netdev/src/netdev_ipaddr.c:209:9
	cbz	r0, .LBB1_10
	b	.LBB1_7
.LBB1_7:                                @   in Loop: Header=BB1_6 Depth=2
.Ltmp73:
	.loc	1 211 20 is_stmt 1              @ rt-thread/components/net/netdev/src/netdev_ipaddr.c:211:20
	ldr	r0, [sp]
	adds	r1, r0, #1
	str	r1, [sp]
	.loc	1 211 26 is_stmt 0              @ rt-thread/components/net/netdev/src/netdev_ipaddr.c:211:26
	ldr	r1, [sp, #24]
.Ltmp74:
	.loc	1 211 17                        @ rt-thread/components/net/netdev/src/netdev_ipaddr.c:211:17
	cmp	r0, r1
	blt	.LBB1_9
	b	.LBB1_8
.LBB1_8:
	.loc	1 0 17                          @ rt-thread/components/net/netdev/src/netdev_ipaddr.c:0:17
	movs	r0, #0
.Ltmp75:
	.loc	1 213 17 is_stmt 1              @ rt-thread/components/net/netdev/src/netdev_ipaddr.c:213:17
	str	r0, [sp, #36]
	b	.LBB1_15
.Ltmp76:
.LBB1_9:                                @   in Loop: Header=BB1_6 Depth=2
	.loc	1 215 25                        @ rt-thread/components/net/netdev/src/netdev_ipaddr.c:215:25
	ldrb.w	r1, [sp, #5]
	add.w	r0, sp, #17
	.loc	1 215 21 is_stmt 0              @ rt-thread/components/net/netdev/src/netdev_ipaddr.c:215:21
	ldrb	r0, [r0, r1]
	.loc	1 215 16                        @ rt-thread/components/net/netdev/src/netdev_ipaddr.c:215:16
	ldr	r1, [sp, #12]
	adds	r2, r1, #1
	str	r2, [sp, #12]
	.loc	1 215 19                        @ rt-thread/components/net/netdev/src/netdev_ipaddr.c:215:19
	strb	r0, [r1]
.Ltmp77:
	.loc	1 209 9 is_stmt 1               @ rt-thread/components/net/netdev/src/netdev_ipaddr.c:209:9
	b	.LBB1_6
.LBB1_10:                               @   in Loop: Header=BB1_1 Depth=1
.Ltmp78:
	.loc	1 217 16                        @ rt-thread/components/net/netdev/src/netdev_ipaddr.c:217:16
	ldr	r0, [sp]
	adds	r1, r0, #1
	str	r1, [sp]
	.loc	1 217 22 is_stmt 0              @ rt-thread/components/net/netdev/src/netdev_ipaddr.c:217:22
	ldr	r1, [sp, #24]
.Ltmp79:
	.loc	1 217 13                        @ rt-thread/components/net/netdev/src/netdev_ipaddr.c:217:13
	cmp	r0, r1
	blt	.LBB1_12
	b	.LBB1_11
.LBB1_11:
	.loc	1 0 13                          @ rt-thread/components/net/netdev/src/netdev_ipaddr.c:0:13
	movs	r0, #0
.Ltmp80:
	.loc	1 219 13 is_stmt 1              @ rt-thread/components/net/netdev/src/netdev_ipaddr.c:219:13
	str	r0, [sp, #36]
	b	.LBB1_15
.Ltmp81:
.LBB1_12:                               @   in Loop: Header=BB1_1 Depth=1
	.loc	1 221 12                        @ rt-thread/components/net/netdev/src/netdev_ipaddr.c:221:12
	ldr	r1, [sp, #12]
	adds	r0, r1, #1
	str	r0, [sp, #12]
	movs	r0, #46
	.loc	1 221 15 is_stmt 0              @ rt-thread/components/net/netdev/src/netdev_ipaddr.c:221:15
	strb	r0, [r1]
	.loc	1 222 11 is_stmt 1              @ rt-thread/components/net/netdev/src/netdev_ipaddr.c:222:11
	ldr	r0, [sp, #8]
	adds	r0, #1
	str	r0, [sp, #8]
	.loc	1 223 5                         @ rt-thread/components/net/netdev/src/netdev_ipaddr.c:223:5
	b	.LBB1_13
.Ltmp82:
.LBB1_13:                               @   in Loop: Header=BB1_1 Depth=1
	.loc	1 200 25                        @ rt-thread/components/net/netdev/src/netdev_ipaddr.c:200:25
	ldrb.w	r0, [sp, #6]
	adds	r0, #1
	strb.w	r0, [sp, #6]
	.loc	1 200 5 is_stmt 0               @ rt-thread/components/net/netdev/src/netdev_ipaddr.c:200:5
	b	.LBB1_1
.Ltmp83:
.LBB1_14:
	.loc	1 224 6 is_stmt 1               @ rt-thread/components/net/netdev/src/netdev_ipaddr.c:224:6
	ldr	r1, [sp, #12]
	subs	r0, r1, #1
	str	r0, [sp, #12]
	movs	r0, #0
	.loc	1 224 11 is_stmt 0              @ rt-thread/components/net/netdev/src/netdev_ipaddr.c:224:11
	strb	r0, [r1, #-1]
	.loc	1 225 12 is_stmt 1              @ rt-thread/components/net/netdev/src/netdev_ipaddr.c:225:12
	ldr	r0, [sp, #28]
	.loc	1 225 5 is_stmt 0               @ rt-thread/components/net/netdev/src/netdev_ipaddr.c:225:5
	str	r0, [sp, #36]
	b	.LBB1_15
.LBB1_15:
	.loc	1 226 1 is_stmt 1               @ rt-thread/components/net/netdev/src/netdev_ipaddr.c:226:1
	ldr	r0, [sp, #36]
	add	sp, #40
	bx	lr
.Ltmp84:
.Lfunc_end1:
	.size	netdev_ip4addr_ntoa_r, .Lfunc_end1-netdev_ip4addr_ntoa_r
	.cfi_endproc
	.cantunwind
	.fnend
                                        @ -- End function
	.section	.text.netdev_ip4addr_ntoa,"ax",%progbits
	.hidden	netdev_ip4addr_ntoa             @ -- Begin function netdev_ip4addr_ntoa
	.globl	netdev_ip4addr_ntoa
	.p2align	3
	.type	netdev_ip4addr_ntoa,%function
	.code	16                              @ @netdev_ip4addr_ntoa
	.thumb_func
netdev_ip4addr_ntoa:
.Lfunc_begin2:
	.loc	1 238 0                         @ rt-thread/components/net/netdev/src/netdev_ipaddr.c:238:0
	.fnstart
	.cfi_startproc
@ %bb.0:
	.save	{r7, lr}
	push	{r7, lr}
	.cfi_def_cfa_offset 8
	.cfi_offset lr, -4
	.cfi_offset r7, -8
	.pad	#8
	sub	sp, #8
	.cfi_def_cfa_offset 16
	str	r0, [sp, #4]
.Ltmp85:
	.loc	1 240 34 prologue_end           @ rt-thread/components/net/netdev/src/netdev_ipaddr.c:240:34
	ldr	r0, [sp, #4]
	.loc	1 240 12 is_stmt 0              @ rt-thread/components/net/netdev/src/netdev_ipaddr.c:240:12
	movw	r1, :lower16:netdev_ip4addr_ntoa.str
	movt	r1, :upper16:netdev_ip4addr_ntoa.str
	movs	r2, #16
	bl	netdev_ip4addr_ntoa_r
	.loc	1 240 5                         @ rt-thread/components/net/netdev/src/netdev_ipaddr.c:240:5
	add	sp, #8
	pop	{r7, pc}
.Ltmp86:
.Lfunc_end2:
	.size	netdev_ip4addr_ntoa, .Lfunc_end2-netdev_ip4addr_ntoa
	.cfi_endproc
	.cantunwind
	.fnend
                                        @ -- End function
	.section	.text.netdev_ipaddr_addr,"ax",%progbits
	.hidden	netdev_ipaddr_addr              @ -- Begin function netdev_ipaddr_addr
	.globl	netdev_ipaddr_addr
	.p2align	3
	.type	netdev_ipaddr_addr,%function
	.code	16                              @ @netdev_ipaddr_addr
	.thumb_func
netdev_ipaddr_addr:
.Lfunc_begin3:
	.loc	1 252 0 is_stmt 1               @ rt-thread/components/net/netdev/src/netdev_ipaddr.c:252:0
	.fnstart
	.cfi_startproc
@ %bb.0:
	.save	{r7, lr}
	push	{r7, lr}
	.cfi_def_cfa_offset 8
	.cfi_offset lr, -4
	.cfi_offset r7, -8
	.pad	#16
	sub	sp, #16
	.cfi_def_cfa_offset 24
	str	r0, [sp, #8]
.Ltmp87:
	.loc	1 255 29 prologue_end           @ rt-thread/components/net/netdev/src/netdev_ipaddr.c:255:29
	ldr	r0, [sp, #8]
	add	r1, sp, #4
	.loc	1 255 9 is_stmt 0               @ rt-thread/components/net/netdev/src/netdev_ipaddr.c:255:9
	bl	netdev_ip4addr_aton
.Ltmp88:
	.loc	1 255 9                         @ rt-thread/components/net/netdev/src/netdev_ipaddr.c:255:9
	cbz	r0, .LBB3_2
	b	.LBB3_1
.LBB3_1:
.Ltmp89:
	.loc	1 256 16 is_stmt 1              @ rt-thread/components/net/netdev/src/netdev_ipaddr.c:256:16
	ldr	r0, [sp, #4]
	.loc	1 256 9 is_stmt 0               @ rt-thread/components/net/netdev/src/netdev_ipaddr.c:256:9
	str	r0, [sp, #12]
	b	.LBB3_3
.Ltmp90:
.LBB3_2:
	.loc	1 0 9                           @ rt-thread/components/net/netdev/src/netdev_ipaddr.c:0:9
	mov.w	r0, #-1
	.loc	1 258 5 is_stmt 1               @ rt-thread/components/net/netdev/src/netdev_ipaddr.c:258:5
	str	r0, [sp, #12]
	b	.LBB3_3
.LBB3_3:
	.loc	1 259 1                         @ rt-thread/components/net/netdev/src/netdev_ipaddr.c:259:1
	ldr	r0, [sp, #12]
	add	sp, #16
	pop	{r7, pc}
.Ltmp91:
.Lfunc_end3:
	.size	netdev_ipaddr_addr, .Lfunc_end3-netdev_ipaddr_addr
	.cfi_endproc
	.cantunwind
	.fnend
                                        @ -- End function
	.section	.text.netdev_inet_ntop,"ax",%progbits
	.hidden	netdev_inet_ntop                @ -- Begin function netdev_inet_ntop
	.globl	netdev_inet_ntop
	.p2align	3
	.type	netdev_inet_ntop,%function
	.code	16                              @ @netdev_inet_ntop
	.thumb_func
netdev_inet_ntop:
.Lfunc_begin4:
	.loc	1 555 0                         @ rt-thread/components/net/netdev/src/netdev_ipaddr.c:555:0
	.fnstart
	.cfi_startproc
@ %bb.0:
	.save	{r7, lr}
	push	{r7, lr}
	.cfi_def_cfa_offset 8
	.cfi_offset lr, -4
	.cfi_offset r7, -8
	.pad	#32
	sub	sp, #32
	.cfi_def_cfa_offset 40
	str	r0, [sp, #24]
	str	r1, [sp, #20]
	str	r2, [sp, #16]
	str	r3, [sp, #12]
	movs	r0, #0
.Ltmp92:
	.loc	1 559 17 prologue_end           @ rt-thread/components/net/netdev/src/netdev_ipaddr.c:559:17
	str	r0, [sp, #8]
	.loc	1 560 25                        @ rt-thread/components/net/netdev/src/netdev_ipaddr.c:560:25
	ldr	r0, [sp, #12]
	.loc	1 560 9 is_stmt 0               @ rt-thread/components/net/netdev/src/netdev_ipaddr.c:560:9
	str	r0, [sp, #4]
.Ltmp93:
	.loc	1 561 9 is_stmt 1               @ rt-thread/components/net/netdev/src/netdev_ipaddr.c:561:9
	ldr	r0, [sp, #4]
.Ltmp94:
	.loc	1 561 9 is_stmt 0               @ rt-thread/components/net/netdev/src/netdev_ipaddr.c:561:9
	cmp.w	r0, #-1
	bgt	.LBB4_2
	b	.LBB4_1
.LBB4_1:
	.loc	1 0 9                           @ rt-thread/components/net/netdev/src/netdev_ipaddr.c:0:9
	movs	r0, #0
.Ltmp95:
	.loc	1 563 9 is_stmt 1               @ rt-thread/components/net/netdev/src/netdev_ipaddr.c:563:9
	str	r0, [sp, #28]
	b	.LBB4_6
.Ltmp96:
.LBB4_2:
	.loc	1 565 13                        @ rt-thread/components/net/netdev/src/netdev_ipaddr.c:565:13
	ldr	r0, [sp, #24]
	.loc	1 565 5 is_stmt 0               @ rt-thread/components/net/netdev/src/netdev_ipaddr.c:565:5
	cmp	r0, #2
	bne	.LBB4_4
	b	.LBB4_3
.LBB4_3:
.Ltmp97:
	.loc	1 569 58 is_stmt 1              @ rt-thread/components/net/netdev/src/netdev_ipaddr.c:569:58
	ldr	r0, [sp, #20]
	.loc	1 569 63 is_stmt 0              @ rt-thread/components/net/netdev/src/netdev_ipaddr.c:569:63
	ldr	r1, [sp, #16]
	.loc	1 569 68                        @ rt-thread/components/net/netdev/src/netdev_ipaddr.c:569:68
	ldr	r2, [sp, #4]
	.loc	1 569 16                        @ rt-thread/components/net/netdev/src/netdev_ipaddr.c:569:16
	bl	netdev_ip4addr_ntoa_r
	.loc	1 569 9                         @ rt-thread/components/net/netdev/src/netdev_ipaddr.c:569:9
	str	r0, [sp, #28]
	b	.LBB4_6
.LBB4_4:
	.loc	1 576 9 is_stmt 1               @ rt-thread/components/net/netdev/src/netdev_ipaddr.c:576:9
	b	.LBB4_5
.Ltmp98:
.LBB4_5:
	.loc	1 578 12                        @ rt-thread/components/net/netdev/src/netdev_ipaddr.c:578:12
	ldr	r0, [sp, #8]
	.loc	1 578 5 is_stmt 0               @ rt-thread/components/net/netdev/src/netdev_ipaddr.c:578:5
	str	r0, [sp, #28]
	b	.LBB4_6
.LBB4_6:
	.loc	1 579 1 is_stmt 1               @ rt-thread/components/net/netdev/src/netdev_ipaddr.c:579:1
	ldr	r0, [sp, #28]
	add	sp, #32
	pop	{r7, pc}
.Ltmp99:
.Lfunc_end4:
	.size	netdev_inet_ntop, .Lfunc_end4-netdev_inet_ntop
	.cfi_endproc
	.cantunwind
	.fnend
                                        @ -- End function
	.section	.text.netdev_inet_pton,"ax",%progbits
	.hidden	netdev_inet_pton                @ -- Begin function netdev_inet_pton
	.globl	netdev_inet_pton
	.p2align	3
	.type	netdev_inet_pton,%function
	.code	16                              @ @netdev_inet_pton
	.thumb_func
netdev_inet_pton:
.Lfunc_begin5:
	.loc	1 583 0                         @ rt-thread/components/net/netdev/src/netdev_ipaddr.c:583:0
	.fnstart
	.cfi_startproc
@ %bb.0:
	.save	{r7, lr}
	push	{r7, lr}
	.cfi_def_cfa_offset 8
	.cfi_offset lr, -4
	.cfi_offset r7, -8
	.pad	#16
	sub	sp, #16
	.cfi_def_cfa_offset 24
	str	r0, [sp, #12]
	str	r1, [sp, #8]
	str	r2, [sp, #4]
.Ltmp100:
	.loc	1 588 13 prologue_end           @ rt-thread/components/net/netdev/src/netdev_ipaddr.c:588:13
	ldr	r0, [sp, #12]
	.loc	1 588 5 is_stmt 0               @ rt-thread/components/net/netdev/src/netdev_ipaddr.c:588:5
	cmp	r0, #2
	bne	.LBB5_2
	b	.LBB5_1
.LBB5_1:
.Ltmp101:
	.loc	1 592 35 is_stmt 1              @ rt-thread/components/net/netdev/src/netdev_ipaddr.c:592:35
	ldr	r0, [sp, #8]
	.loc	1 592 54 is_stmt 0              @ rt-thread/components/net/netdev/src/netdev_ipaddr.c:592:54
	ldr	r1, [sp, #4]
	.loc	1 592 15                        @ rt-thread/components/net/netdev/src/netdev_ipaddr.c:592:15
	bl	netdev_ip4addr_aton
	.loc	1 592 13                        @ rt-thread/components/net/netdev/src/netdev_ipaddr.c:592:13
	str	r0, [sp]
	.loc	1 593 9 is_stmt 1               @ rt-thread/components/net/netdev/src/netdev_ipaddr.c:593:9
	b	.LBB5_3
.LBB5_2:
	.loc	1 0 9 is_stmt 0                 @ rt-thread/components/net/netdev/src/netdev_ipaddr.c:0:9
	mov.w	r0, #-1
	.loc	1 610 13 is_stmt 1              @ rt-thread/components/net/netdev/src/netdev_ipaddr.c:610:13
	str	r0, [sp]
	.loc	1 611 9                         @ rt-thread/components/net/netdev/src/netdev_ipaddr.c:611:9
	b	.LBB5_3
.Ltmp102:
.LBB5_3:
	.loc	1 613 12                        @ rt-thread/components/net/netdev/src/netdev_ipaddr.c:613:12
	ldr	r0, [sp]
	.loc	1 613 5 is_stmt 0               @ rt-thread/components/net/netdev/src/netdev_ipaddr.c:613:5
	add	sp, #16
	pop	{r7, pc}
.Ltmp103:
.Lfunc_end5:
	.size	netdev_inet_pton, .Lfunc_end5-netdev_inet_pton
	.cfi_endproc
	.cantunwind
	.fnend
                                        @ -- End function
	.type	.L.str,%object                  @ @.str
	.section	.rodata.str1.1,"aMS",%progbits,1
.L.str:
	.asciz	"0"
	.size	.L.str, 2

	.type	.L__FUNCTION__.netdev_ip4addr_aton,%object @ @__FUNCTION__.netdev_ip4addr_aton
.L__FUNCTION__.netdev_ip4addr_aton:
	.asciz	"netdev_ip4addr_aton"
	.size	.L__FUNCTION__.netdev_ip4addr_aton, 20

	.type	netdev_ip4addr_ntoa.str,%object @ @netdev_ip4addr_ntoa.str
	.section	.bss.netdev_ip4addr_ntoa.str,"aw",%nobits
netdev_ip4addr_ntoa.str:
	.zero	16
	.size	netdev_ip4addr_ntoa.str, 16

	.section	.debug_abbrev,"",%progbits
	.byte	1                               @ Abbreviation Code
	.byte	17                              @ DW_TAG_compile_unit
	.byte	1                               @ DW_CHILDREN_yes
	.byte	37                              @ DW_AT_producer
	.byte	14                              @ DW_FORM_strp
	.byte	19                              @ DW_AT_language
	.byte	5                               @ DW_FORM_data2
	.byte	3                               @ DW_AT_name
	.byte	14                              @ DW_FORM_strp
	.byte	16                              @ DW_AT_stmt_list
	.byte	6                               @ DW_FORM_data4
	.byte	27                              @ DW_AT_comp_dir
	.byte	14                              @ DW_FORM_strp
	.byte	17                              @ DW_AT_low_pc
	.byte	1                               @ DW_FORM_addr
	.byte	85                              @ DW_AT_ranges
	.byte	6                               @ DW_FORM_data4
	.byte	0                               @ EOM(1)
	.byte	0                               @ EOM(2)
	.byte	2                               @ Abbreviation Code
	.byte	46                              @ DW_TAG_subprogram
	.byte	1                               @ DW_CHILDREN_yes
	.byte	17                              @ DW_AT_low_pc
	.byte	1                               @ DW_FORM_addr
	.byte	18                              @ DW_AT_high_pc
	.byte	1                               @ DW_FORM_addr
	.byte	64                              @ DW_AT_frame_base
	.byte	10                              @ DW_FORM_block1
	.byte	3                               @ DW_AT_name
	.byte	14                              @ DW_FORM_strp
	.byte	58                              @ DW_AT_decl_file
	.byte	11                              @ DW_FORM_data1
	.byte	59                              @ DW_AT_decl_line
	.byte	11                              @ DW_FORM_data1
	.byte	39                              @ DW_AT_prototyped
	.byte	12                              @ DW_FORM_flag
	.byte	73                              @ DW_AT_type
	.byte	19                              @ DW_FORM_ref4
	.byte	63                              @ DW_AT_external
	.byte	12                              @ DW_FORM_flag
	.byte	0                               @ EOM(1)
	.byte	0                               @ EOM(2)
	.byte	3                               @ Abbreviation Code
	.byte	52                              @ DW_TAG_variable
	.byte	0                               @ DW_CHILDREN_no
	.byte	3                               @ DW_AT_name
	.byte	14                              @ DW_FORM_strp
	.byte	73                              @ DW_AT_type
	.byte	19                              @ DW_FORM_ref4
	.byte	58                              @ DW_AT_decl_file
	.byte	11                              @ DW_FORM_data1
	.byte	59                              @ DW_AT_decl_line
	.byte	11                              @ DW_FORM_data1
	.byte	2                               @ DW_AT_location
	.byte	10                              @ DW_FORM_block1
	.byte	0                               @ EOM(1)
	.byte	0                               @ EOM(2)
	.byte	4                               @ Abbreviation Code
	.byte	5                               @ DW_TAG_formal_parameter
	.byte	0                               @ DW_CHILDREN_no
	.byte	2                               @ DW_AT_location
	.byte	10                              @ DW_FORM_block1
	.byte	3                               @ DW_AT_name
	.byte	14                              @ DW_FORM_strp
	.byte	58                              @ DW_AT_decl_file
	.byte	11                              @ DW_FORM_data1
	.byte	59                              @ DW_AT_decl_line
	.byte	11                              @ DW_FORM_data1
	.byte	73                              @ DW_AT_type
	.byte	19                              @ DW_FORM_ref4
	.byte	0                               @ EOM(1)
	.byte	0                               @ EOM(2)
	.byte	5                               @ Abbreviation Code
	.byte	1                               @ DW_TAG_array_type
	.byte	1                               @ DW_CHILDREN_yes
	.byte	73                              @ DW_AT_type
	.byte	19                              @ DW_FORM_ref4
	.byte	0                               @ EOM(1)
	.byte	0                               @ EOM(2)
	.byte	6                               @ Abbreviation Code
	.byte	33                              @ DW_TAG_subrange_type
	.byte	0                               @ DW_CHILDREN_no
	.byte	73                              @ DW_AT_type
	.byte	19                              @ DW_FORM_ref4
	.byte	55                              @ DW_AT_count
	.byte	11                              @ DW_FORM_data1
	.byte	0                               @ EOM(1)
	.byte	0                               @ EOM(2)
	.byte	7                               @ Abbreviation Code
	.byte	36                              @ DW_TAG_base_type
	.byte	0                               @ DW_CHILDREN_no
	.byte	3                               @ DW_AT_name
	.byte	14                              @ DW_FORM_strp
	.byte	62                              @ DW_AT_encoding
	.byte	11                              @ DW_FORM_data1
	.byte	11                              @ DW_AT_byte_size
	.byte	11                              @ DW_FORM_data1
	.byte	0                               @ EOM(1)
	.byte	0                               @ EOM(2)
	.byte	8                               @ Abbreviation Code
	.byte	36                              @ DW_TAG_base_type
	.byte	0                               @ DW_CHILDREN_no
	.byte	3                               @ DW_AT_name
	.byte	14                              @ DW_FORM_strp
	.byte	11                              @ DW_AT_byte_size
	.byte	11                              @ DW_FORM_data1
	.byte	62                              @ DW_AT_encoding
	.byte	11                              @ DW_FORM_data1
	.byte	0                               @ EOM(1)
	.byte	0                               @ EOM(2)
	.byte	9                               @ Abbreviation Code
	.byte	22                              @ DW_TAG_typedef
	.byte	0                               @ DW_CHILDREN_no
	.byte	73                              @ DW_AT_type
	.byte	19                              @ DW_FORM_ref4
	.byte	3                               @ DW_AT_name
	.byte	14                              @ DW_FORM_strp
	.byte	58                              @ DW_AT_decl_file
	.byte	11                              @ DW_FORM_data1
	.byte	59                              @ DW_AT_decl_line
	.byte	11                              @ DW_FORM_data1
	.byte	0                               @ EOM(1)
	.byte	0                               @ EOM(2)
	.byte	10                              @ Abbreviation Code
	.byte	15                              @ DW_TAG_pointer_type
	.byte	0                               @ DW_CHILDREN_no
	.byte	73                              @ DW_AT_type
	.byte	19                              @ DW_FORM_ref4
	.byte	0                               @ EOM(1)
	.byte	0                               @ EOM(2)
	.byte	11                              @ Abbreviation Code
	.byte	38                              @ DW_TAG_const_type
	.byte	0                               @ DW_CHILDREN_no
	.byte	73                              @ DW_AT_type
	.byte	19                              @ DW_FORM_ref4
	.byte	0                               @ EOM(1)
	.byte	0                               @ EOM(2)
	.byte	12                              @ Abbreviation Code
	.byte	19                              @ DW_TAG_structure_type
	.byte	1                               @ DW_CHILDREN_yes
	.byte	3                               @ DW_AT_name
	.byte	14                              @ DW_FORM_strp
	.byte	11                              @ DW_AT_byte_size
	.byte	11                              @ DW_FORM_data1
	.byte	58                              @ DW_AT_decl_file
	.byte	11                              @ DW_FORM_data1
	.byte	59                              @ DW_AT_decl_line
	.byte	11                              @ DW_FORM_data1
	.byte	0                               @ EOM(1)
	.byte	0                               @ EOM(2)
	.byte	13                              @ Abbreviation Code
	.byte	13                              @ DW_TAG_member
	.byte	0                               @ DW_CHILDREN_no
	.byte	3                               @ DW_AT_name
	.byte	14                              @ DW_FORM_strp
	.byte	73                              @ DW_AT_type
	.byte	19                              @ DW_FORM_ref4
	.byte	58                              @ DW_AT_decl_file
	.byte	11                              @ DW_FORM_data1
	.byte	59                              @ DW_AT_decl_line
	.byte	11                              @ DW_FORM_data1
	.byte	56                              @ DW_AT_data_member_location
	.byte	11                              @ DW_FORM_data1
	.byte	0                               @ EOM(1)
	.byte	0                               @ EOM(2)
	.byte	14                              @ Abbreviation Code
	.byte	52                              @ DW_TAG_variable
	.byte	0                               @ DW_CHILDREN_no
	.byte	2                               @ DW_AT_location
	.byte	10                              @ DW_FORM_block1
	.byte	3                               @ DW_AT_name
	.byte	14                              @ DW_FORM_strp
	.byte	58                              @ DW_AT_decl_file
	.byte	11                              @ DW_FORM_data1
	.byte	59                              @ DW_AT_decl_line
	.byte	11                              @ DW_FORM_data1
	.byte	73                              @ DW_AT_type
	.byte	19                              @ DW_FORM_ref4
	.byte	0                               @ EOM(1)
	.byte	0                               @ EOM(2)
	.byte	15                              @ Abbreviation Code
	.byte	46                              @ DW_TAG_subprogram
	.byte	1                               @ DW_CHILDREN_yes
	.byte	17                              @ DW_AT_low_pc
	.byte	1                               @ DW_FORM_addr
	.byte	18                              @ DW_AT_high_pc
	.byte	1                               @ DW_FORM_addr
	.byte	64                              @ DW_AT_frame_base
	.byte	10                              @ DW_FORM_block1
	.byte	3                               @ DW_AT_name
	.byte	14                              @ DW_FORM_strp
	.byte	58                              @ DW_AT_decl_file
	.byte	11                              @ DW_FORM_data1
	.byte	59                              @ DW_AT_decl_line
	.byte	5                               @ DW_FORM_data2
	.byte	39                              @ DW_AT_prototyped
	.byte	12                              @ DW_FORM_flag
	.byte	73                              @ DW_AT_type
	.byte	19                              @ DW_FORM_ref4
	.byte	63                              @ DW_AT_external
	.byte	12                              @ DW_FORM_flag
	.byte	0                               @ EOM(1)
	.byte	0                               @ EOM(2)
	.byte	16                              @ Abbreviation Code
	.byte	5                               @ DW_TAG_formal_parameter
	.byte	0                               @ DW_CHILDREN_no
	.byte	2                               @ DW_AT_location
	.byte	10                              @ DW_FORM_block1
	.byte	3                               @ DW_AT_name
	.byte	14                              @ DW_FORM_strp
	.byte	58                              @ DW_AT_decl_file
	.byte	11                              @ DW_FORM_data1
	.byte	59                              @ DW_AT_decl_line
	.byte	5                               @ DW_FORM_data2
	.byte	73                              @ DW_AT_type
	.byte	19                              @ DW_FORM_ref4
	.byte	0                               @ EOM(1)
	.byte	0                               @ EOM(2)
	.byte	17                              @ Abbreviation Code
	.byte	52                              @ DW_TAG_variable
	.byte	0                               @ DW_CHILDREN_no
	.byte	2                               @ DW_AT_location
	.byte	10                              @ DW_FORM_block1
	.byte	3                               @ DW_AT_name
	.byte	14                              @ DW_FORM_strp
	.byte	58                              @ DW_AT_decl_file
	.byte	11                              @ DW_FORM_data1
	.byte	59                              @ DW_AT_decl_line
	.byte	5                               @ DW_FORM_data2
	.byte	73                              @ DW_AT_type
	.byte	19                              @ DW_FORM_ref4
	.byte	0                               @ EOM(1)
	.byte	0                               @ EOM(2)
	.byte	18                              @ Abbreviation Code
	.byte	38                              @ DW_TAG_const_type
	.byte	0                               @ DW_CHILDREN_no
	.byte	0                               @ EOM(1)
	.byte	0                               @ EOM(2)
	.byte	19                              @ Abbreviation Code
	.byte	15                              @ DW_TAG_pointer_type
	.byte	0                               @ DW_CHILDREN_no
	.byte	0                               @ EOM(1)
	.byte	0                               @ EOM(2)
	.byte	0                               @ EOM(3)
	.section	.debug_info,"",%progbits
.Lcu_begin0:
	.long	.Ldebug_info_end0-.Ldebug_info_start0 @ Length of Unit
.Ldebug_info_start0:
	.short	3                               @ DWARF version number
	.long	.debug_abbrev                   @ Offset Into Abbrev. Section
	.byte	4                               @ Address Size (in bytes)
	.byte	1                               @ Abbrev [1] 0xb:0x33d DW_TAG_compile_unit
	.long	.Linfo_string0                  @ DW_AT_producer
	.short	12                              @ DW_AT_language
	.long	.Linfo_string1                  @ DW_AT_name
	.long	.Lline_table_start0             @ DW_AT_stmt_list
	.long	.Linfo_string2                  @ DW_AT_comp_dir
	.long	0                               @ DW_AT_low_pc
	.long	.Ldebug_ranges0                 @ DW_AT_ranges
	.byte	2                               @ Abbrev [2] 0x26:0x37 DW_TAG_subprogram
	.long	.Lfunc_begin2                   @ DW_AT_low_pc
	.long	.Lfunc_end2                     @ DW_AT_high_pc
	.byte	1                               @ DW_AT_frame_base
	.byte	93
	.long	.Linfo_string16                 @ DW_AT_name
	.byte	1                               @ DW_AT_decl_file
	.byte	237                             @ DW_AT_decl_line
	.byte	1                               @ DW_AT_prototyped
	.long	766                             @ DW_AT_type
	.byte	1                               @ DW_AT_external
	.byte	3                               @ Abbrev [3] 0x3d:0x11 DW_TAG_variable
	.long	.Linfo_string3                  @ DW_AT_name
	.long	93                              @ DW_AT_type
	.byte	1                               @ DW_AT_decl_file
	.byte	239                             @ DW_AT_decl_line
	.byte	5                               @ DW_AT_location
	.byte	3
	.long	netdev_ip4addr_ntoa.str
	.byte	4                               @ Abbrev [4] 0x4e:0xe DW_TAG_formal_parameter
	.byte	2                               @ DW_AT_location
	.byte	145
	.byte	4
	.long	.Linfo_string11                 @ DW_AT_name
	.byte	1                               @ DW_AT_decl_file
	.byte	237                             @ DW_AT_decl_line
	.long	167                             @ DW_AT_type
	.byte	0                               @ End Of Children Mark
	.byte	5                               @ Abbrev [5] 0x5d:0xc DW_TAG_array_type
	.long	105                             @ DW_AT_type
	.byte	6                               @ Abbrev [6] 0x62:0x6 DW_TAG_subrange_type
	.long	112                             @ DW_AT_type
	.byte	16                              @ DW_AT_count
	.byte	0                               @ End Of Children Mark
	.byte	7                               @ Abbrev [7] 0x69:0x7 DW_TAG_base_type
	.long	.Linfo_string4                  @ DW_AT_name
	.byte	6                               @ DW_AT_encoding
	.byte	1                               @ DW_AT_byte_size
	.byte	8                               @ Abbrev [8] 0x70:0x7 DW_TAG_base_type
	.long	.Linfo_string5                  @ DW_AT_name
	.byte	8                               @ DW_AT_byte_size
	.byte	7                               @ DW_AT_encoding
	.byte	9                               @ Abbrev [9] 0x77:0xb DW_TAG_typedef
	.long	130                             @ DW_AT_type
	.long	.Linfo_string7                  @ DW_AT_name
	.byte	2                               @ DW_AT_decl_file
	.byte	62                              @ DW_AT_decl_line
	.byte	7                               @ Abbrev [7] 0x82:0x7 DW_TAG_base_type
	.long	.Linfo_string6                  @ DW_AT_name
	.byte	8                               @ DW_AT_encoding
	.byte	1                               @ DW_AT_byte_size
	.byte	9                               @ Abbrev [9] 0x89:0xb DW_TAG_typedef
	.long	148                             @ DW_AT_type
	.long	.Linfo_string9                  @ DW_AT_name
	.byte	2                               @ DW_AT_decl_file
	.byte	64                              @ DW_AT_decl_line
	.byte	7                               @ Abbrev [7] 0x94:0x7 DW_TAG_base_type
	.long	.Linfo_string8                  @ DW_AT_name
	.byte	7                               @ DW_AT_encoding
	.byte	4                               @ DW_AT_byte_size
	.byte	10                              @ Abbrev [10] 0x9b:0x5 DW_TAG_pointer_type
	.long	119                             @ DW_AT_type
	.byte	7                               @ Abbrev [7] 0xa0:0x7 DW_TAG_base_type
	.long	.Linfo_string10                 @ DW_AT_name
	.byte	5                               @ DW_AT_encoding
	.byte	4                               @ DW_AT_byte_size
	.byte	10                              @ Abbrev [10] 0xa7:0x5 DW_TAG_pointer_type
	.long	172                             @ DW_AT_type
	.byte	11                              @ Abbrev [11] 0xac:0x5 DW_TAG_const_type
	.long	177                             @ DW_AT_type
	.byte	9                               @ Abbrev [9] 0xb1:0xb DW_TAG_typedef
	.long	188                             @ DW_AT_type
	.long	.Linfo_string13                 @ DW_AT_name
	.byte	3                               @ DW_AT_decl_file
	.byte	101                             @ DW_AT_decl_line
	.byte	12                              @ Abbrev [12] 0xbc:0x15 DW_TAG_structure_type
	.long	.Linfo_string12                 @ DW_AT_name
	.byte	4                               @ DW_AT_byte_size
	.byte	3                               @ DW_AT_decl_file
	.byte	98                              @ DW_AT_decl_line
	.byte	13                              @ Abbrev [13] 0xc4:0xc DW_TAG_member
	.long	.Linfo_string11                 @ DW_AT_name
	.long	137                             @ DW_AT_type
	.byte	3                               @ DW_AT_decl_file
	.byte	100                             @ DW_AT_decl_line
	.byte	0                               @ DW_AT_data_member_location
	.byte	0                               @ End Of Children Mark
	.byte	10                              @ Abbrev [10] 0xd1:0x5 DW_TAG_pointer_type
	.long	177                             @ DW_AT_type
	.byte	2                               @ Abbrev [2] 0xd6:0x7a DW_TAG_subprogram
	.long	.Lfunc_begin0                   @ DW_AT_low_pc
	.long	.Lfunc_end0                     @ DW_AT_high_pc
	.byte	1                               @ DW_AT_frame_base
	.byte	93
	.long	.Linfo_string14                 @ DW_AT_name
	.byte	1                               @ DW_AT_decl_file
	.byte	38                              @ DW_AT_decl_line
	.byte	1                               @ DW_AT_prototyped
	.long	160                             @ DW_AT_type
	.byte	1                               @ DW_AT_external
	.byte	4                               @ Abbrev [4] 0xed:0xe DW_TAG_formal_parameter
	.byte	2                               @ DW_AT_location
	.byte	145
	.byte	48
	.long	.Linfo_string21                 @ DW_AT_name
	.byte	1                               @ DW_AT_decl_file
	.byte	38                              @ DW_AT_decl_line
	.long	782                             @ DW_AT_type
	.byte	4                               @ Abbrev [4] 0xfb:0xe DW_TAG_formal_parameter
	.byte	2                               @ DW_AT_location
	.byte	145
	.byte	44
	.long	.Linfo_string11                 @ DW_AT_name
	.byte	1                               @ DW_AT_decl_file
	.byte	38                              @ DW_AT_decl_line
	.long	209                             @ DW_AT_type
	.byte	14                              @ Abbrev [14] 0x109:0xe DW_TAG_variable
	.byte	2                               @ DW_AT_location
	.byte	145
	.byte	40
	.long	.Linfo_string22                 @ DW_AT_name
	.byte	1                               @ DW_AT_decl_file
	.byte	40                              @ DW_AT_decl_line
	.long	137                             @ DW_AT_type
	.byte	14                              @ Abbrev [14] 0x117:0xe DW_TAG_variable
	.byte	2                               @ DW_AT_location
	.byte	145
	.byte	39
	.long	.Linfo_string23                 @ DW_AT_name
	.byte	1                               @ DW_AT_decl_file
	.byte	41                              @ DW_AT_decl_line
	.long	119                             @ DW_AT_type
	.byte	14                              @ Abbrev [14] 0x125:0xe DW_TAG_variable
	.byte	2                               @ DW_AT_location
	.byte	145
	.byte	38
	.long	.Linfo_string24                 @ DW_AT_name
	.byte	1                               @ DW_AT_decl_file
	.byte	42                              @ DW_AT_decl_line
	.long	105                             @ DW_AT_type
	.byte	14                              @ Abbrev [14] 0x133:0xe DW_TAG_variable
	.byte	2                               @ DW_AT_location
	.byte	145
	.byte	20
	.long	.Linfo_string25                 @ DW_AT_name
	.byte	1                               @ DW_AT_decl_file
	.byte	43                              @ DW_AT_decl_line
	.long	792                             @ DW_AT_type
	.byte	14                              @ Abbrev [14] 0x141:0xe DW_TAG_variable
	.byte	2                               @ DW_AT_location
	.byte	145
	.byte	16
	.long	.Linfo_string26                 @ DW_AT_name
	.byte	1                               @ DW_AT_decl_file
	.byte	44                              @ DW_AT_decl_line
	.long	804                             @ DW_AT_type
	.byte	0                               @ End Of Children Mark
	.byte	2                               @ Abbrev [2] 0x150:0xb2 DW_TAG_subprogram
	.long	.Lfunc_begin1                   @ DW_AT_low_pc
	.long	.Lfunc_end1                     @ DW_AT_high_pc
	.byte	1                               @ DW_AT_frame_base
	.byte	93
	.long	.Linfo_string15                 @ DW_AT_name
	.byte	1                               @ DW_AT_decl_file
	.byte	185                             @ DW_AT_decl_line
	.byte	1                               @ DW_AT_prototyped
	.long	766                             @ DW_AT_type
	.byte	1                               @ DW_AT_external
	.byte	4                               @ Abbrev [4] 0x167:0xe DW_TAG_formal_parameter
	.byte	2                               @ DW_AT_location
	.byte	145
	.byte	32
	.long	.Linfo_string11                 @ DW_AT_name
	.byte	1                               @ DW_AT_decl_file
	.byte	185                             @ DW_AT_decl_line
	.long	167                             @ DW_AT_type
	.byte	4                               @ Abbrev [4] 0x175:0xe DW_TAG_formal_parameter
	.byte	2                               @ DW_AT_location
	.byte	145
	.byte	28
	.long	.Linfo_string27                 @ DW_AT_name
	.byte	1                               @ DW_AT_decl_file
	.byte	185                             @ DW_AT_decl_line
	.long	766                             @ DW_AT_type
	.byte	4                               @ Abbrev [4] 0x183:0xe DW_TAG_formal_parameter
	.byte	2                               @ DW_AT_location
	.byte	145
	.byte	24
	.long	.Linfo_string28                 @ DW_AT_name
	.byte	1                               @ DW_AT_decl_file
	.byte	185                             @ DW_AT_decl_line
	.long	160                             @ DW_AT_type
	.byte	14                              @ Abbrev [14] 0x191:0xe DW_TAG_variable
	.byte	2                               @ DW_AT_location
	.byte	145
	.byte	20
	.long	.Linfo_string29                 @ DW_AT_name
	.byte	1                               @ DW_AT_decl_file
	.byte	187                             @ DW_AT_decl_line
	.long	137                             @ DW_AT_type
	.byte	14                              @ Abbrev [14] 0x19f:0xe DW_TAG_variable
	.byte	2                               @ DW_AT_location
	.byte	145
	.byte	17
	.long	.Linfo_string30                 @ DW_AT_name
	.byte	1                               @ DW_AT_decl_file
	.byte	188                             @ DW_AT_decl_line
	.long	809                             @ DW_AT_type
	.byte	14                              @ Abbrev [14] 0x1ad:0xe DW_TAG_variable
	.byte	2                               @ DW_AT_location
	.byte	145
	.byte	12
	.long	.Linfo_string31                 @ DW_AT_name
	.byte	1                               @ DW_AT_decl_file
	.byte	189                             @ DW_AT_decl_line
	.long	766                             @ DW_AT_type
	.byte	14                              @ Abbrev [14] 0x1bb:0xe DW_TAG_variable
	.byte	2                               @ DW_AT_location
	.byte	145
	.byte	8
	.long	.Linfo_string32                 @ DW_AT_name
	.byte	1                               @ DW_AT_decl_file
	.byte	190                             @ DW_AT_decl_line
	.long	155                             @ DW_AT_type
	.byte	14                              @ Abbrev [14] 0x1c9:0xe DW_TAG_variable
	.byte	2                               @ DW_AT_location
	.byte	145
	.byte	7
	.long	.Linfo_string33                 @ DW_AT_name
	.byte	1                               @ DW_AT_decl_file
	.byte	191                             @ DW_AT_decl_line
	.long	119                             @ DW_AT_type
	.byte	14                              @ Abbrev [14] 0x1d7:0xe DW_TAG_variable
	.byte	2                               @ DW_AT_location
	.byte	145
	.byte	6
	.long	.Linfo_string34                 @ DW_AT_name
	.byte	1                               @ DW_AT_decl_file
	.byte	192                             @ DW_AT_decl_line
	.long	119                             @ DW_AT_type
	.byte	14                              @ Abbrev [14] 0x1e5:0xe DW_TAG_variable
	.byte	2                               @ DW_AT_location
	.byte	145
	.byte	5
	.long	.Linfo_string35                 @ DW_AT_name
	.byte	1                               @ DW_AT_decl_file
	.byte	193                             @ DW_AT_decl_line
	.long	119                             @ DW_AT_type
	.byte	14                              @ Abbrev [14] 0x1f3:0xe DW_TAG_variable
	.byte	2                               @ DW_AT_location
	.byte	145
	.byte	0
	.long	.Linfo_string36                 @ DW_AT_name
	.byte	1                               @ DW_AT_decl_file
	.byte	194                             @ DW_AT_decl_line
	.long	160                             @ DW_AT_type
	.byte	0                               @ End Of Children Mark
	.byte	2                               @ Abbrev [2] 0x202:0x34 DW_TAG_subprogram
	.long	.Lfunc_begin3                   @ DW_AT_low_pc
	.long	.Lfunc_end3                     @ DW_AT_high_pc
	.byte	1                               @ DW_AT_frame_base
	.byte	93
	.long	.Linfo_string17                 @ DW_AT_name
	.byte	1                               @ DW_AT_decl_file
	.byte	251                             @ DW_AT_decl_line
	.byte	1                               @ DW_AT_prototyped
	.long	771                             @ DW_AT_type
	.byte	1                               @ DW_AT_external
	.byte	4                               @ Abbrev [4] 0x219:0xe DW_TAG_formal_parameter
	.byte	2                               @ DW_AT_location
	.byte	145
	.byte	8
	.long	.Linfo_string21                 @ DW_AT_name
	.byte	1                               @ DW_AT_decl_file
	.byte	251                             @ DW_AT_decl_line
	.long	782                             @ DW_AT_type
	.byte	14                              @ Abbrev [14] 0x227:0xe DW_TAG_variable
	.byte	2                               @ DW_AT_location
	.byte	145
	.byte	4
	.long	.Linfo_string22                 @ DW_AT_name
	.byte	1                               @ DW_AT_decl_file
	.byte	253                             @ DW_AT_decl_line
	.long	177                             @ DW_AT_type
	.byte	0                               @ End Of Children Mark
	.byte	15                              @ Abbrev [15] 0x236:0x73 DW_TAG_subprogram
	.long	.Lfunc_begin4                   @ DW_AT_low_pc
	.long	.Lfunc_end4                     @ DW_AT_high_pc
	.byte	1                               @ DW_AT_frame_base
	.byte	93
	.long	.Linfo_string19                 @ DW_AT_name
	.byte	1                               @ DW_AT_decl_file
	.short	554                             @ DW_AT_decl_line
	.byte	1                               @ DW_AT_prototyped
	.long	782                             @ DW_AT_type
	.byte	1                               @ DW_AT_external
	.byte	16                              @ Abbrev [16] 0x24e:0xf DW_TAG_formal_parameter
	.byte	2                               @ DW_AT_location
	.byte	145
	.byte	24
	.long	.Linfo_string37                 @ DW_AT_name
	.byte	1                               @ DW_AT_decl_file
	.short	554                             @ DW_AT_decl_line
	.long	160                             @ DW_AT_type
	.byte	16                              @ Abbrev [16] 0x25d:0xf DW_TAG_formal_parameter
	.byte	2                               @ DW_AT_location
	.byte	145
	.byte	20
	.long	.Linfo_string38                 @ DW_AT_name
	.byte	1                               @ DW_AT_decl_file
	.short	554                             @ DW_AT_decl_line
	.long	821                             @ DW_AT_type
	.byte	16                              @ Abbrev [16] 0x26c:0xf DW_TAG_formal_parameter
	.byte	2                               @ DW_AT_location
	.byte	145
	.byte	16
	.long	.Linfo_string39                 @ DW_AT_name
	.byte	1                               @ DW_AT_decl_file
	.short	554                             @ DW_AT_decl_line
	.long	766                             @ DW_AT_type
	.byte	16                              @ Abbrev [16] 0x27b:0xf DW_TAG_formal_parameter
	.byte	2                               @ DW_AT_location
	.byte	145
	.byte	12
	.long	.Linfo_string40                 @ DW_AT_name
	.byte	1                               @ DW_AT_decl_file
	.short	554                             @ DW_AT_decl_line
	.long	827                             @ DW_AT_type
	.byte	17                              @ Abbrev [17] 0x28a:0xf DW_TAG_variable
	.byte	2                               @ DW_AT_location
	.byte	145
	.byte	8
	.long	.Linfo_string42                 @ DW_AT_name
	.byte	1                               @ DW_AT_decl_file
	.short	559                             @ DW_AT_decl_line
	.long	782                             @ DW_AT_type
	.byte	17                              @ Abbrev [17] 0x299:0xf DW_TAG_variable
	.byte	2                               @ DW_AT_location
	.byte	145
	.byte	4
	.long	.Linfo_string43                 @ DW_AT_name
	.byte	1                               @ DW_AT_decl_file
	.short	560                             @ DW_AT_decl_line
	.long	160                             @ DW_AT_type
	.byte	0                               @ End Of Children Mark
	.byte	15                              @ Abbrev [15] 0x2a9:0x55 DW_TAG_subprogram
	.long	.Lfunc_begin5                   @ DW_AT_low_pc
	.long	.Lfunc_end5                     @ DW_AT_high_pc
	.byte	1                               @ DW_AT_frame_base
	.byte	93
	.long	.Linfo_string20                 @ DW_AT_name
	.byte	1                               @ DW_AT_decl_file
	.short	582                             @ DW_AT_decl_line
	.byte	1                               @ DW_AT_prototyped
	.long	160                             @ DW_AT_type
	.byte	1                               @ DW_AT_external
	.byte	16                              @ Abbrev [16] 0x2c1:0xf DW_TAG_formal_parameter
	.byte	2                               @ DW_AT_location
	.byte	145
	.byte	12
	.long	.Linfo_string37                 @ DW_AT_name
	.byte	1                               @ DW_AT_decl_file
	.short	582                             @ DW_AT_decl_line
	.long	160                             @ DW_AT_type
	.byte	16                              @ Abbrev [16] 0x2d0:0xf DW_TAG_formal_parameter
	.byte	2                               @ DW_AT_location
	.byte	145
	.byte	8
	.long	.Linfo_string38                 @ DW_AT_name
	.byte	1                               @ DW_AT_decl_file
	.short	582                             @ DW_AT_decl_line
	.long	782                             @ DW_AT_type
	.byte	16                              @ Abbrev [16] 0x2df:0xf DW_TAG_formal_parameter
	.byte	2                               @ DW_AT_location
	.byte	145
	.byte	4
	.long	.Linfo_string39                 @ DW_AT_name
	.byte	1                               @ DW_AT_decl_file
	.short	582                             @ DW_AT_decl_line
	.long	838                             @ DW_AT_type
	.byte	17                              @ Abbrev [17] 0x2ee:0xf DW_TAG_variable
	.byte	2                               @ DW_AT_location
	.byte	145
	.byte	0
	.long	.Linfo_string44                 @ DW_AT_name
	.byte	1                               @ DW_AT_decl_file
	.short	587                             @ DW_AT_decl_line
	.long	160                             @ DW_AT_type
	.byte	0                               @ End Of Children Mark
	.byte	10                              @ Abbrev [10] 0x2fe:0x5 DW_TAG_pointer_type
	.long	105                             @ DW_AT_type
	.byte	9                               @ Abbrev [9] 0x303:0xb DW_TAG_typedef
	.long	137                             @ DW_AT_type
	.long	.Linfo_string18                 @ DW_AT_name
	.byte	3                               @ DW_AT_decl_file
	.byte	89                              @ DW_AT_decl_line
	.byte	10                              @ Abbrev [10] 0x30e:0x5 DW_TAG_pointer_type
	.long	787                             @ DW_AT_type
	.byte	11                              @ Abbrev [11] 0x313:0x5 DW_TAG_const_type
	.long	105                             @ DW_AT_type
	.byte	5                               @ Abbrev [5] 0x318:0xc DW_TAG_array_type
	.long	137                             @ DW_AT_type
	.byte	6                               @ Abbrev [6] 0x31d:0x6 DW_TAG_subrange_type
	.long	112                             @ DW_AT_type
	.byte	4                               @ DW_AT_count
	.byte	0                               @ End Of Children Mark
	.byte	10                              @ Abbrev [10] 0x324:0x5 DW_TAG_pointer_type
	.long	137                             @ DW_AT_type
	.byte	5                               @ Abbrev [5] 0x329:0xc DW_TAG_array_type
	.long	105                             @ DW_AT_type
	.byte	6                               @ Abbrev [6] 0x32e:0x6 DW_TAG_subrange_type
	.long	112                             @ DW_AT_type
	.byte	3                               @ DW_AT_count
	.byte	0                               @ End Of Children Mark
	.byte	10                              @ Abbrev [10] 0x335:0x5 DW_TAG_pointer_type
	.long	826                             @ DW_AT_type
	.byte	18                              @ Abbrev [18] 0x33a:0x1 DW_TAG_const_type
	.byte	9                               @ Abbrev [9] 0x33b:0xb DW_TAG_typedef
	.long	160                             @ DW_AT_type
	.long	.Linfo_string41                 @ DW_AT_name
	.byte	2                               @ DW_AT_decl_file
	.byte	58                              @ DW_AT_decl_line
	.byte	19                              @ Abbrev [19] 0x346:0x1 DW_TAG_pointer_type
	.byte	0                               @ End Of Children Mark
.Ldebug_info_end0:
	.section	.debug_ranges,"",%progbits
.Ldebug_ranges0:
	.long	.Lfunc_begin0
	.long	.Lfunc_end0
	.long	.Lfunc_begin1
	.long	.Lfunc_end1
	.long	.Lfunc_begin2
	.long	.Lfunc_end2
	.long	.Lfunc_begin3
	.long	.Lfunc_end3
	.long	.Lfunc_begin4
	.long	.Lfunc_end4
	.long	.Lfunc_begin5
	.long	.Lfunc_end5
	.long	0
	.long	0
	.section	.debug_str,"MS",%progbits,1
.Linfo_string0:
	.asciz	"Component: ARM Compiler 6.16 Tool: armclang [5dfeb700]" @ string offset=0
.Linfo_string1:
	.asciz	"rt-thread/components/net/netdev/src\\netdev_ipaddr.c" @ string offset=55
.Linfo_string2:
	.asciz	"E:\\STM32\\Learning\\STM32H750_ART_PI_RGBLCD" @ string offset=107
.Linfo_string3:
	.asciz	"str"                           @ string offset=149
.Linfo_string4:
	.asciz	"char"                          @ string offset=153
.Linfo_string5:
	.asciz	"__ARRAY_SIZE_TYPE__"           @ string offset=158
.Linfo_string6:
	.asciz	"unsigned char"                 @ string offset=178
.Linfo_string7:
	.asciz	"uint8_t"                       @ string offset=192
.Linfo_string8:
	.asciz	"unsigned int"                  @ string offset=200
.Linfo_string9:
	.asciz	"uint32_t"                      @ string offset=213
.Linfo_string10:
	.asciz	"int"                           @ string offset=222
.Linfo_string11:
	.asciz	"addr"                          @ string offset=226
.Linfo_string12:
	.asciz	"ip4_addr"                      @ string offset=231
.Linfo_string13:
	.asciz	"ip4_addr_t"                    @ string offset=240
.Linfo_string14:
	.asciz	"netdev_ip4addr_aton"           @ string offset=251
.Linfo_string15:
	.asciz	"netdev_ip4addr_ntoa_r"         @ string offset=271
.Linfo_string16:
	.asciz	"netdev_ip4addr_ntoa"           @ string offset=293
.Linfo_string17:
	.asciz	"netdev_ipaddr_addr"            @ string offset=313
.Linfo_string18:
	.asciz	"in_addr_t"                     @ string offset=332
.Linfo_string19:
	.asciz	"netdev_inet_ntop"              @ string offset=342
.Linfo_string20:
	.asciz	"netdev_inet_pton"              @ string offset=359
.Linfo_string21:
	.asciz	"cp"                            @ string offset=376
.Linfo_string22:
	.asciz	"val"                           @ string offset=379
.Linfo_string23:
	.asciz	"base"                          @ string offset=383
.Linfo_string24:
	.asciz	"c"                             @ string offset=388
.Linfo_string25:
	.asciz	"parts"                         @ string offset=390
.Linfo_string26:
	.asciz	"pp"                            @ string offset=396
.Linfo_string27:
	.asciz	"buf"                           @ string offset=399
.Linfo_string28:
	.asciz	"buflen"                        @ string offset=403
.Linfo_string29:
	.asciz	"s_addr"                        @ string offset=410
.Linfo_string30:
	.asciz	"inv"                           @ string offset=417
.Linfo_string31:
	.asciz	"rp"                            @ string offset=421
.Linfo_string32:
	.asciz	"ap"                            @ string offset=424
.Linfo_string33:
	.asciz	"rem"                           @ string offset=427
.Linfo_string34:
	.asciz	"n"                             @ string offset=431
.Linfo_string35:
	.asciz	"i"                             @ string offset=433
.Linfo_string36:
	.asciz	"len"                           @ string offset=435
.Linfo_string37:
	.asciz	"af"                            @ string offset=439
.Linfo_string38:
	.asciz	"src"                           @ string offset=442
.Linfo_string39:
	.asciz	"dst"                           @ string offset=446
.Linfo_string40:
	.asciz	"size"                          @ string offset=450
.Linfo_string41:
	.asciz	"int32_t"                       @ string offset=455
.Linfo_string42:
	.asciz	"ret"                           @ string offset=463
.Linfo_string43:
	.asciz	"size_int"                      @ string offset=467
.Linfo_string44:
	.asciz	"err"                           @ string offset=476
	.ident	"Component: ARM Compiler 6.16 Tool: armclang [5dfeb700]"
	.section	".note.GNU-stack","",%progbits
	.eabi_attribute	30, 6	@ Tag_ABI_optimization_goals
	.ARM_attribute	16, 1	@ Tag_AV_eba
	.section	.debug_line,"",%progbits
.Lline_table_start0:
