	.text
	.syntax unified
	.eabi_attribute	67, "2.09"	@ Tag_conformance
	.cpu	cortex-m7
	.eabi_attribute	6, 13	@ Tag_CPU_arch
	.eabi_attribute	7, 77	@ Tag_CPU_arch_profile
	.eabi_attribute	8, 0	@ Tag_ARM_ISA_use
	.eabi_attribute	9, 2	@ Tag_THUMB_ISA_use
	.fpu	fpv5-d16
	.eabi_attribute	36, 1	@ Tag_FP_HP_extension
	.eabi_attribute	34, 1	@ Tag_CPU_unaligned_access
	.eabi_attribute	17, 1	@ Tag_ABI_PCS_GOT_use
	.eabi_attribute	20, 2	@ Tag_ABI_FP_denormal
	.eabi_attribute	21, 0	@ Tag_ABI_FP_exceptions
	.eabi_attribute	23, 1	@ Tag_ABI_FP_number_model
	.eabi_attribute	24, 1	@ Tag_ABI_align_needed
	.eabi_attribute	25, 1	@ Tag_ABI_align_preserved
	.eabi_attribute	28, 1	@ Tag_ABI_VFP_args
	.eabi_attribute	38, 1	@ Tag_ABI_FP_16bit_format
	.eabi_attribute	18, 2	@ Tag_ABI_PCS_wchar_t
	.eabi_attribute	26, 1	@ Tag_ABI_enum_size
	.eabi_attribute	14, 0	@ Tag_ABI_PCS_R9_use
	.file	"netifapi.c"
	.file	1 "E:\\Smart-access-control\\Hardware\\CODE" "./rt-thread/components/net/lwip-2.0.2/src/include\\lwip/netif.h"
	.file	2 "E:\\Smart-access-control\\Hardware\\CODE" "./rt-thread/components/net/lwip-2.0.2/src/include\\lwip/err.h"
	.file	3 "D:\\Keil_v5\\ARM\\ARMCLANG\\Bin\\..\\include" "stdint.h"
	.file	4 "E:\\Smart-access-control\\Hardware\\CODE" "./rt-thread/components/net/lwip-2.0.2/src/include\\lwip/arch.h"
	.file	5 "E:\\Smart-access-control\\Hardware\\CODE" "./rt-thread/components/net/lwip-2.0.2/src/include\\lwip/priv/tcpip_priv.h"
	.file	6 "E:\\Smart-access-control\\Hardware\\CODE" "./rt-thread/components/net/lwip-2.0.2/src/include\\lwip/netifapi.h"
	.file	7 "E:\\Smart-access-control\\Hardware\\CODE" "./rt-thread/components/net/lwip-2.0.2/src/include\\lwip/ip4_addr.h"
	.file	8 "E:\\Smart-access-control\\Hardware\\CODE" "./rt-thread/components/net/lwip-2.0.2/src/include\\lwip/ip_addr.h"
	.file	9 "E:\\Smart-access-control\\Hardware\\CODE" "./rt-thread/components/net/lwip-2.0.2/src/include\\lwip/pbuf.h"
	.section	.text.netifapi_netif_add,"ax",%progbits
	.hidden	netifapi_netif_add              @ -- Begin function netifapi_netif_add
	.globl	netifapi_netif_add
	.p2align	3
	.type	netifapi_netif_add,%function
	.code	16                              @ @netifapi_netif_add
	.thumb_func
netifapi_netif_add:
.Lfunc_begin0:
	.file	10 "E:\\Smart-access-control\\Hardware\\CODE" "rt-thread/components/net/lwip-2.0.2/src/api/netifapi.c"
	.loc	10 130 0                        @ rt-thread/components/net/lwip-2.0.2/src/api/netifapi.c:130:0
	.fnstart
	.cfi_sections .debug_frame
	.cfi_startproc
@ %bb.0:
	.save	{r7, lr}
	push	{r7, lr}
	.cfi_def_cfa_offset 8
	.cfi_offset lr, -4
	.cfi_offset r7, -8
	.pad	#56
	sub	sp, #56
	.cfi_def_cfa_offset 64
	ldr.w	r12, [sp, #72]
	ldr.w	r12, [sp, #68]
	ldr.w	r12, [sp, #64]
	str	r0, [sp, #52]
	str	r1, [sp, #48]
	str	r2, [sp, #44]
	str	r3, [sp, #40]
.Ltmp0:
	.loc	10 136 7 prologue_end           @ rt-thread/components/net/lwip-2.0.2/src/api/netifapi.c:136:7
	ldr	r0, [sp, #48]
.Ltmp1:
	.loc	10 136 7 is_stmt 0              @ rt-thread/components/net/lwip-2.0.2/src/api/netifapi.c:136:7
	cbnz	r0, .LBB0_2
	b	.LBB0_1
.LBB0_1:
.Ltmp2:
	.loc	10 137 12 is_stmt 1             @ rt-thread/components/net/lwip-2.0.2/src/api/netifapi.c:137:12
	movw	r0, :lower16:ip_addr_any
	movt	r0, :upper16:ip_addr_any
	str	r0, [sp, #48]
	.loc	10 138 3                        @ rt-thread/components/net/lwip-2.0.2/src/api/netifapi.c:138:3
	b	.LBB0_2
.Ltmp3:
.LBB0_2:
	.loc	10 139 7                        @ rt-thread/components/net/lwip-2.0.2/src/api/netifapi.c:139:7
	ldr	r0, [sp, #44]
.Ltmp4:
	.loc	10 139 7 is_stmt 0              @ rt-thread/components/net/lwip-2.0.2/src/api/netifapi.c:139:7
	cbnz	r0, .LBB0_4
	b	.LBB0_3
.LBB0_3:
.Ltmp5:
	.loc	10 140 13 is_stmt 1             @ rt-thread/components/net/lwip-2.0.2/src/api/netifapi.c:140:13
	movw	r0, :lower16:ip_addr_any
	movt	r0, :upper16:ip_addr_any
	str	r0, [sp, #44]
	.loc	10 141 3                        @ rt-thread/components/net/lwip-2.0.2/src/api/netifapi.c:141:3
	b	.LBB0_4
.Ltmp6:
.LBB0_4:
	.loc	10 142 7                        @ rt-thread/components/net/lwip-2.0.2/src/api/netifapi.c:142:7
	ldr	r0, [sp, #40]
.Ltmp7:
	.loc	10 142 7 is_stmt 0              @ rt-thread/components/net/lwip-2.0.2/src/api/netifapi.c:142:7
	cbnz	r0, .LBB0_6
	b	.LBB0_5
.LBB0_5:
.Ltmp8:
	.loc	10 143 8 is_stmt 1              @ rt-thread/components/net/lwip-2.0.2/src/api/netifapi.c:143:8
	movw	r0, :lower16:ip_addr_any
	movt	r0, :upper16:ip_addr_any
	str	r0, [sp, #40]
	.loc	10 144 3                        @ rt-thread/components/net/lwip-2.0.2/src/api/netifapi.c:144:3
	b	.LBB0_6
.Ltmp9:
.LBB0_6:
	.loc	10 147 33                       @ rt-thread/components/net/lwip-2.0.2/src/api/netifapi.c:147:33
	ldr	r0, [sp, #52]
	.loc	10 147 31 is_stmt 0             @ rt-thread/components/net/lwip-2.0.2/src/api/netifapi.c:147:31
	str	r0, [sp, #8]
	.loc	10 149 43 is_stmt 1             @ rt-thread/components/net/lwip-2.0.2/src/api/netifapi.c:149:43
	ldr	r0, [sp, #48]
	.loc	10 149 41 is_stmt 0             @ rt-thread/components/net/lwip-2.0.2/src/api/netifapi.c:149:41
	str	r0, [sp, #12]
	.loc	10 150 43 is_stmt 1             @ rt-thread/components/net/lwip-2.0.2/src/api/netifapi.c:150:43
	ldr	r0, [sp, #44]
	.loc	10 150 41 is_stmt 0             @ rt-thread/components/net/lwip-2.0.2/src/api/netifapi.c:150:41
	str	r0, [sp, #16]
	.loc	10 151 43 is_stmt 1             @ rt-thread/components/net/lwip-2.0.2/src/api/netifapi.c:151:43
	ldr	r0, [sp, #40]
	.loc	10 151 41 is_stmt 0             @ rt-thread/components/net/lwip-2.0.2/src/api/netifapi.c:151:41
	str	r0, [sp, #20]
	.loc	10 153 43 is_stmt 1             @ rt-thread/components/net/lwip-2.0.2/src/api/netifapi.c:153:43
	ldr	r0, [sp, #64]
	.loc	10 153 41 is_stmt 0             @ rt-thread/components/net/lwip-2.0.2/src/api/netifapi.c:153:41
	str	r0, [sp, #24]
	.loc	10 154 43 is_stmt 1             @ rt-thread/components/net/lwip-2.0.2/src/api/netifapi.c:154:43
	ldr	r0, [sp, #68]
	.loc	10 154 41 is_stmt 0             @ rt-thread/components/net/lwip-2.0.2/src/api/netifapi.c:154:41
	str	r0, [sp, #28]
	.loc	10 155 43 is_stmt 1             @ rt-thread/components/net/lwip-2.0.2/src/api/netifapi.c:155:43
	ldr	r0, [sp, #72]
	.loc	10 155 41 is_stmt 0             @ rt-thread/components/net/lwip-2.0.2/src/api/netifapi.c:155:41
	str	r0, [sp, #32]
	.loc	10 156 9 is_stmt 1              @ rt-thread/components/net/lwip-2.0.2/src/api/netifapi.c:156:9
	movw	r0, :lower16:netifapi_do_netif_add
	movt	r0, :upper16:netifapi_do_netif_add
	add	r1, sp, #4
	bl	tcpip_api_call
	.loc	10 156 7 is_stmt 0              @ rt-thread/components/net/lwip-2.0.2/src/api/netifapi.c:156:7
	strb.w	r0, [sp, #39]
	.loc	10 158 10 is_stmt 1             @ rt-thread/components/net/lwip-2.0.2/src/api/netifapi.c:158:10
	ldrsb.w	r0, [sp, #39]
	.loc	10 158 3 is_stmt 0              @ rt-thread/components/net/lwip-2.0.2/src/api/netifapi.c:158:3
	add	sp, #56
	pop	{r7, pc}
.Ltmp10:
.Lfunc_end0:
	.size	netifapi_netif_add, .Lfunc_end0-netifapi_netif_add
	.cfi_endproc
	.cantunwind
	.fnend
                                        @ -- End function
	.section	.text.netifapi_do_netif_add,"ax",%progbits
	.p2align	3                               @ -- Begin function netifapi_do_netif_add
	.type	netifapi_do_netif_add,%function
	.code	16                              @ @netifapi_do_netif_add
	.thumb_func
netifapi_do_netif_add:
.Lfunc_begin1:
	.loc	10 59 0 is_stmt 1               @ rt-thread/components/net/lwip-2.0.2/src/api/netifapi.c:59:0
	.fnstart
	.cfi_startproc
@ %bb.0:
	.save	{r4, r5, r7, lr}
	push	{r4, r5, r7, lr}
	.cfi_def_cfa_offset 16
	.cfi_offset lr, -4
	.cfi_offset r7, -8
	.cfi_offset r5, -12
	.cfi_offset r4, -16
	.pad	#24
	sub	sp, #24
	.cfi_def_cfa_offset 40
	str	r0, [sp, #16]
.Ltmp11:
	.loc	10 62 59 prologue_end           @ rt-thread/components/net/lwip-2.0.2/src/api/netifapi.c:62:59
	ldr	r0, [sp, #16]
	.loc	10 62 24 is_stmt 0              @ rt-thread/components/net/lwip-2.0.2/src/api/netifapi.c:62:24
	str	r0, [sp, #12]
.Ltmp12:
	.loc	10 64 19 is_stmt 1              @ rt-thread/components/net/lwip-2.0.2/src/api/netifapi.c:64:19
	ldr.w	lr, [sp, #12]
	.loc	10 64 24 is_stmt 0              @ rt-thread/components/net/lwip-2.0.2/src/api/netifapi.c:64:24
	ldr.w	r0, [lr, #4]
	.loc	10 66 19 is_stmt 1              @ rt-thread/components/net/lwip-2.0.2/src/api/netifapi.c:66:19
	ldr.w	r1, [lr, #8]
	.loc	10 67 19                        @ rt-thread/components/net/lwip-2.0.2/src/api/netifapi.c:67:19
	ldr.w	r2, [lr, #12]
	.loc	10 68 19                        @ rt-thread/components/net/lwip-2.0.2/src/api/netifapi.c:68:19
	ldr.w	r3, [lr, #16]
	.loc	10 70 32                        @ rt-thread/components/net/lwip-2.0.2/src/api/netifapi.c:70:32
	ldr.w	r12, [lr, #20]
	.loc	10 71 32                        @ rt-thread/components/net/lwip-2.0.2/src/api/netifapi.c:71:32
	ldr.w	r4, [lr, #24]
	.loc	10 72 32                        @ rt-thread/components/net/lwip-2.0.2/src/api/netifapi.c:72:32
	ldr.w	r5, [lr, #28]
	.loc	10 64 8                         @ rt-thread/components/net/lwip-2.0.2/src/api/netifapi.c:64:8
	mov	lr, sp
	str.w	r5, [lr, #8]
	str.w	r4, [lr, #4]
	str.w	r12, [lr]
	bl	netif_add
.Ltmp13:
	.loc	10 64 7 is_stmt 0               @ rt-thread/components/net/lwip-2.0.2/src/api/netifapi.c:64:7
	cbnz	r0, .LBB1_2
	b	.LBB1_1
.LBB1_1:
	.loc	10 0 7                          @ rt-thread/components/net/lwip-2.0.2/src/api/netifapi.c:0:7
	movs	r0, #244
.Ltmp14:
	.loc	10 73 5 is_stmt 1               @ rt-thread/components/net/lwip-2.0.2/src/api/netifapi.c:73:5
	strb.w	r0, [sp, #23]
	b	.LBB1_3
.Ltmp15:
.LBB1_2:
	.loc	10 0 5 is_stmt 0                @ rt-thread/components/net/lwip-2.0.2/src/api/netifapi.c:0:5
	movs	r0, #0
.Ltmp16:
	.loc	10 75 5 is_stmt 1               @ rt-thread/components/net/lwip-2.0.2/src/api/netifapi.c:75:5
	strb.w	r0, [sp, #23]
	b	.LBB1_3
.Ltmp17:
.LBB1_3:
	.loc	10 77 1                         @ rt-thread/components/net/lwip-2.0.2/src/api/netifapi.c:77:1
	ldrsb.w	r0, [sp, #23]
	add	sp, #24
	pop	{r4, r5, r7, pc}
.Ltmp18:
.Lfunc_end1:
	.size	netifapi_do_netif_add, .Lfunc_end1-netifapi_do_netif_add
	.cfi_endproc
	.cantunwind
	.fnend
                                        @ -- End function
	.section	.text.netifapi_netif_set_addr,"ax",%progbits
	.hidden	netifapi_netif_set_addr         @ -- Begin function netifapi_netif_set_addr
	.globl	netifapi_netif_set_addr
	.p2align	3
	.type	netifapi_netif_set_addr,%function
	.code	16                              @ @netifapi_netif_set_addr
	.thumb_func
netifapi_netif_set_addr:
.Lfunc_begin2:
	.loc	10 174 0                        @ rt-thread/components/net/lwip-2.0.2/src/api/netifapi.c:174:0
	.fnstart
	.cfi_startproc
@ %bb.0:
	.save	{r7, lr}
	push	{r7, lr}
	.cfi_def_cfa_offset 8
	.cfi_offset lr, -4
	.cfi_offset r7, -8
	.pad	#56
	sub	sp, #56
	.cfi_def_cfa_offset 64
	str	r0, [sp, #52]
	str	r1, [sp, #48]
	str	r2, [sp, #44]
	str	r3, [sp, #40]
.Ltmp19:
	.loc	10 179 7 prologue_end           @ rt-thread/components/net/lwip-2.0.2/src/api/netifapi.c:179:7
	ldr	r0, [sp, #48]
.Ltmp20:
	.loc	10 179 7 is_stmt 0              @ rt-thread/components/net/lwip-2.0.2/src/api/netifapi.c:179:7
	cbnz	r0, .LBB2_2
	b	.LBB2_1
.LBB2_1:
.Ltmp21:
	.loc	10 180 12 is_stmt 1             @ rt-thread/components/net/lwip-2.0.2/src/api/netifapi.c:180:12
	movw	r0, :lower16:ip_addr_any
	movt	r0, :upper16:ip_addr_any
	str	r0, [sp, #48]
	.loc	10 181 3                        @ rt-thread/components/net/lwip-2.0.2/src/api/netifapi.c:181:3
	b	.LBB2_2
.Ltmp22:
.LBB2_2:
	.loc	10 182 7                        @ rt-thread/components/net/lwip-2.0.2/src/api/netifapi.c:182:7
	ldr	r0, [sp, #44]
.Ltmp23:
	.loc	10 182 7 is_stmt 0              @ rt-thread/components/net/lwip-2.0.2/src/api/netifapi.c:182:7
	cbnz	r0, .LBB2_4
	b	.LBB2_3
.LBB2_3:
.Ltmp24:
	.loc	10 183 13 is_stmt 1             @ rt-thread/components/net/lwip-2.0.2/src/api/netifapi.c:183:13
	movw	r0, :lower16:ip_addr_any
	movt	r0, :upper16:ip_addr_any
	str	r0, [sp, #44]
	.loc	10 184 3                        @ rt-thread/components/net/lwip-2.0.2/src/api/netifapi.c:184:3
	b	.LBB2_4
.Ltmp25:
.LBB2_4:
	.loc	10 185 7                        @ rt-thread/components/net/lwip-2.0.2/src/api/netifapi.c:185:7
	ldr	r0, [sp, #40]
.Ltmp26:
	.loc	10 185 7 is_stmt 0              @ rt-thread/components/net/lwip-2.0.2/src/api/netifapi.c:185:7
	cbnz	r0, .LBB2_6
	b	.LBB2_5
.LBB2_5:
.Ltmp27:
	.loc	10 186 8 is_stmt 1              @ rt-thread/components/net/lwip-2.0.2/src/api/netifapi.c:186:8
	movw	r0, :lower16:ip_addr_any
	movt	r0, :upper16:ip_addr_any
	str	r0, [sp, #40]
	.loc	10 187 3                        @ rt-thread/components/net/lwip-2.0.2/src/api/netifapi.c:187:3
	b	.LBB2_6
.Ltmp28:
.LBB2_6:
	.loc	10 189 33                       @ rt-thread/components/net/lwip-2.0.2/src/api/netifapi.c:189:33
	ldr	r0, [sp, #52]
	.loc	10 189 31 is_stmt 0             @ rt-thread/components/net/lwip-2.0.2/src/api/netifapi.c:189:31
	str	r0, [sp, #8]
	.loc	10 190 43 is_stmt 1             @ rt-thread/components/net/lwip-2.0.2/src/api/netifapi.c:190:43
	ldr	r0, [sp, #48]
	.loc	10 190 41 is_stmt 0             @ rt-thread/components/net/lwip-2.0.2/src/api/netifapi.c:190:41
	str	r0, [sp, #12]
	.loc	10 191 43 is_stmt 1             @ rt-thread/components/net/lwip-2.0.2/src/api/netifapi.c:191:43
	ldr	r0, [sp, #44]
	.loc	10 191 41 is_stmt 0             @ rt-thread/components/net/lwip-2.0.2/src/api/netifapi.c:191:41
	str	r0, [sp, #16]
	.loc	10 192 43 is_stmt 1             @ rt-thread/components/net/lwip-2.0.2/src/api/netifapi.c:192:43
	ldr	r0, [sp, #40]
	.loc	10 192 41 is_stmt 0             @ rt-thread/components/net/lwip-2.0.2/src/api/netifapi.c:192:41
	str	r0, [sp, #20]
	.loc	10 193 9 is_stmt 1              @ rt-thread/components/net/lwip-2.0.2/src/api/netifapi.c:193:9
	movw	r0, :lower16:netifapi_do_netif_set_addr
	movt	r0, :upper16:netifapi_do_netif_set_addr
	add	r1, sp, #4
	bl	tcpip_api_call
	.loc	10 193 7 is_stmt 0              @ rt-thread/components/net/lwip-2.0.2/src/api/netifapi.c:193:7
	strb.w	r0, [sp, #39]
	.loc	10 195 10 is_stmt 1             @ rt-thread/components/net/lwip-2.0.2/src/api/netifapi.c:195:10
	ldrsb.w	r0, [sp, #39]
	.loc	10 195 3 is_stmt 0              @ rt-thread/components/net/lwip-2.0.2/src/api/netifapi.c:195:3
	add	sp, #56
	pop	{r7, pc}
.Ltmp29:
.Lfunc_end2:
	.size	netifapi_netif_set_addr, .Lfunc_end2-netifapi_netif_set_addr
	.cfi_endproc
	.cantunwind
	.fnend
                                        @ -- End function
	.section	.text.netifapi_do_netif_set_addr,"ax",%progbits
	.p2align	3                               @ -- Begin function netifapi_do_netif_set_addr
	.type	netifapi_do_netif_set_addr,%function
	.code	16                              @ @netifapi_do_netif_set_addr
	.thumb_func
netifapi_do_netif_set_addr:
.Lfunc_begin3:
	.loc	10 85 0 is_stmt 1               @ rt-thread/components/net/lwip-2.0.2/src/api/netifapi.c:85:0
	.fnstart
	.cfi_startproc
@ %bb.0:
	.save	{r7, lr}
	push	{r7, lr}
	.cfi_def_cfa_offset 8
	.cfi_offset lr, -4
	.cfi_offset r7, -8
	.pad	#8
	sub	sp, #8
	.cfi_def_cfa_offset 16
	str	r0, [sp, #4]
.Ltmp30:
	.loc	10 88 59 prologue_end           @ rt-thread/components/net/lwip-2.0.2/src/api/netifapi.c:88:59
	ldr	r0, [sp, #4]
	.loc	10 88 24 is_stmt 0              @ rt-thread/components/net/lwip-2.0.2/src/api/netifapi.c:88:24
	str	r0, [sp]
	.loc	10 90 19 is_stmt 1              @ rt-thread/components/net/lwip-2.0.2/src/api/netifapi.c:90:19
	ldr	r3, [sp]
	.loc	10 90 24 is_stmt 0              @ rt-thread/components/net/lwip-2.0.2/src/api/netifapi.c:90:24
	ldr	r0, [r3, #4]
	.loc	10 91 19 is_stmt 1              @ rt-thread/components/net/lwip-2.0.2/src/api/netifapi.c:91:19
	ldr	r1, [r3, #8]
	.loc	10 92 19                        @ rt-thread/components/net/lwip-2.0.2/src/api/netifapi.c:92:19
	ldr	r2, [r3, #12]
	.loc	10 93 19                        @ rt-thread/components/net/lwip-2.0.2/src/api/netifapi.c:93:19
	ldr	r3, [r3, #16]
	.loc	10 90 3                         @ rt-thread/components/net/lwip-2.0.2/src/api/netifapi.c:90:3
	bl	netif_set_addr
	movs	r0, #0
	.loc	10 94 3                         @ rt-thread/components/net/lwip-2.0.2/src/api/netifapi.c:94:3
	add	sp, #8
	pop	{r7, pc}
.Ltmp31:
.Lfunc_end3:
	.size	netifapi_do_netif_set_addr, .Lfunc_end3-netifapi_do_netif_set_addr
	.cfi_endproc
	.cantunwind
	.fnend
                                        @ -- End function
	.section	.text.netifapi_netif_common,"ax",%progbits
	.hidden	netifapi_netif_common           @ -- Begin function netifapi_netif_common
	.globl	netifapi_netif_common
	.p2align	3
	.type	netifapi_netif_common,%function
	.code	16                              @ @netifapi_netif_common
	.thumb_func
netifapi_netif_common:
.Lfunc_begin4:
	.loc	10 208 0                        @ rt-thread/components/net/lwip-2.0.2/src/api/netifapi.c:208:0
	.fnstart
	.cfi_startproc
@ %bb.0:
	.save	{r7, lr}
	push	{r7, lr}
	.cfi_def_cfa_offset 8
	.cfi_offset lr, -4
	.cfi_offset r7, -8
	.pad	#48
	sub	sp, #48
	.cfi_def_cfa_offset 56
	str	r0, [sp, #44]
	str	r1, [sp, #40]
	str	r2, [sp, #36]
.Ltmp32:
	.loc	10 213 33 prologue_end          @ rt-thread/components/net/lwip-2.0.2/src/api/netifapi.c:213:33
	ldr	r0, [sp, #44]
	.loc	10 213 31 is_stmt 0             @ rt-thread/components/net/lwip-2.0.2/src/api/netifapi.c:213:31
	str	r0, [sp, #4]
	.loc	10 214 47 is_stmt 1             @ rt-thread/components/net/lwip-2.0.2/src/api/netifapi.c:214:47
	ldr	r0, [sp, #40]
	.loc	10 214 45 is_stmt 0             @ rt-thread/components/net/lwip-2.0.2/src/api/netifapi.c:214:45
	str	r0, [sp, #8]
	.loc	10 215 47 is_stmt 1             @ rt-thread/components/net/lwip-2.0.2/src/api/netifapi.c:215:47
	ldr	r0, [sp, #36]
	.loc	10 215 45 is_stmt 0             @ rt-thread/components/net/lwip-2.0.2/src/api/netifapi.c:215:45
	str	r0, [sp, #12]
	.loc	10 216 9 is_stmt 1              @ rt-thread/components/net/lwip-2.0.2/src/api/netifapi.c:216:9
	movw	r0, :lower16:netifapi_do_netif_common
	movt	r0, :upper16:netifapi_do_netif_common
	mov	r1, sp
	bl	tcpip_api_call
	.loc	10 216 7 is_stmt 0              @ rt-thread/components/net/lwip-2.0.2/src/api/netifapi.c:216:7
	strb.w	r0, [sp, #35]
	.loc	10 218 10 is_stmt 1             @ rt-thread/components/net/lwip-2.0.2/src/api/netifapi.c:218:10
	ldrsb.w	r0, [sp, #35]
	.loc	10 218 3 is_stmt 0              @ rt-thread/components/net/lwip-2.0.2/src/api/netifapi.c:218:3
	add	sp, #48
	pop	{r7, pc}
.Ltmp33:
.Lfunc_end4:
	.size	netifapi_netif_common, .Lfunc_end4-netifapi_netif_common
	.cfi_endproc
	.cantunwind
	.fnend
                                        @ -- End function
	.section	.text.netifapi_do_netif_common,"ax",%progbits
	.p2align	3                               @ -- Begin function netifapi_do_netif_common
	.type	netifapi_do_netif_common,%function
	.code	16                              @ @netifapi_do_netif_common
	.thumb_func
netifapi_do_netif_common:
.Lfunc_begin5:
	.loc	10 104 0 is_stmt 1              @ rt-thread/components/net/lwip-2.0.2/src/api/netifapi.c:104:0
	.fnstart
	.cfi_startproc
@ %bb.0:
	.save	{r7, lr}
	push	{r7, lr}
	.cfi_def_cfa_offset 8
	.cfi_offset lr, -4
	.cfi_offset r7, -8
	.pad	#16
	sub	sp, #16
	.cfi_def_cfa_offset 24
	str	r0, [sp, #8]
.Ltmp34:
	.loc	10 107 59 prologue_end          @ rt-thread/components/net/lwip-2.0.2/src/api/netifapi.c:107:59
	ldr	r0, [sp, #8]
	.loc	10 107 24 is_stmt 0             @ rt-thread/components/net/lwip-2.0.2/src/api/netifapi.c:107:24
	str	r0, [sp, #4]
.Ltmp35:
	.loc	10 109 7 is_stmt 1              @ rt-thread/components/net/lwip-2.0.2/src/api/netifapi.c:109:7
	ldr	r0, [sp, #4]
	.loc	10 109 23 is_stmt 0             @ rt-thread/components/net/lwip-2.0.2/src/api/netifapi.c:109:23
	ldr	r0, [r0, #12]
.Ltmp36:
	.loc	10 109 7                        @ rt-thread/components/net/lwip-2.0.2/src/api/netifapi.c:109:7
	cbz	r0, .LBB5_2
	b	.LBB5_1
.LBB5_1:
.Ltmp37:
	.loc	10 110 12 is_stmt 1             @ rt-thread/components/net/lwip-2.0.2/src/api/netifapi.c:110:12
	ldr	r1, [sp, #4]
	.loc	10 110 42 is_stmt 0             @ rt-thread/components/net/lwip-2.0.2/src/api/netifapi.c:110:42
	ldr	r0, [r1, #4]
	.loc	10 110 28                       @ rt-thread/components/net/lwip-2.0.2/src/api/netifapi.c:110:28
	ldr	r1, [r1, #12]
	.loc	10 110 12                       @ rt-thread/components/net/lwip-2.0.2/src/api/netifapi.c:110:12
	blx	r1
	.loc	10 110 5                        @ rt-thread/components/net/lwip-2.0.2/src/api/netifapi.c:110:5
	strb.w	r0, [sp, #15]
	b	.LBB5_3
.Ltmp38:
.LBB5_2:
	.loc	10 112 5 is_stmt 1              @ rt-thread/components/net/lwip-2.0.2/src/api/netifapi.c:112:5
	ldr	r1, [sp, #4]
	.loc	10 112 35 is_stmt 0             @ rt-thread/components/net/lwip-2.0.2/src/api/netifapi.c:112:35
	ldr	r0, [r1, #4]
	.loc	10 112 21                       @ rt-thread/components/net/lwip-2.0.2/src/api/netifapi.c:112:21
	ldr	r1, [r1, #8]
	.loc	10 112 5                        @ rt-thread/components/net/lwip-2.0.2/src/api/netifapi.c:112:5
	blx	r1
	movs	r0, #0
	.loc	10 113 5 is_stmt 1              @ rt-thread/components/net/lwip-2.0.2/src/api/netifapi.c:113:5
	strb.w	r0, [sp, #15]
	b	.LBB5_3
.Ltmp39:
.LBB5_3:
	.loc	10 115 1                        @ rt-thread/components/net/lwip-2.0.2/src/api/netifapi.c:115:1
	ldrsb.w	r0, [sp, #15]
	add	sp, #16
	pop	{r7, pc}
.Ltmp40:
.Lfunc_end5:
	.size	netifapi_do_netif_common, .Lfunc_end5-netifapi_do_netif_common
	.cfi_endproc
	.cantunwind
	.fnend
                                        @ -- End function
	.section	.debug_abbrev,"",%progbits
	.byte	1                               @ Abbreviation Code
	.byte	17                              @ DW_TAG_compile_unit
	.byte	1                               @ DW_CHILDREN_yes
	.byte	37                              @ DW_AT_producer
	.byte	14                              @ DW_FORM_strp
	.byte	19                              @ DW_AT_language
	.byte	5                               @ DW_FORM_data2
	.byte	3                               @ DW_AT_name
	.byte	14                              @ DW_FORM_strp
	.byte	16                              @ DW_AT_stmt_list
	.byte	6                               @ DW_FORM_data4
	.byte	27                              @ DW_AT_comp_dir
	.byte	14                              @ DW_FORM_strp
	.byte	17                              @ DW_AT_low_pc
	.byte	1                               @ DW_FORM_addr
	.byte	85                              @ DW_AT_ranges
	.byte	6                               @ DW_FORM_data4
	.byte	0                               @ EOM(1)
	.byte	0                               @ EOM(2)
	.byte	2                               @ Abbreviation Code
	.byte	4                               @ DW_TAG_enumeration_type
	.byte	1                               @ DW_CHILDREN_yes
	.byte	73                              @ DW_AT_type
	.byte	19                              @ DW_FORM_ref4
	.byte	3                               @ DW_AT_name
	.byte	14                              @ DW_FORM_strp
	.byte	11                              @ DW_AT_byte_size
	.byte	11                              @ DW_FORM_data1
	.byte	58                              @ DW_AT_decl_file
	.byte	11                              @ DW_FORM_data1
	.byte	59                              @ DW_AT_decl_line
	.byte	11                              @ DW_FORM_data1
	.byte	0                               @ EOM(1)
	.byte	0                               @ EOM(2)
	.byte	3                               @ Abbreviation Code
	.byte	40                              @ DW_TAG_enumerator
	.byte	0                               @ DW_CHILDREN_no
	.byte	3                               @ DW_AT_name
	.byte	14                              @ DW_FORM_strp
	.byte	28                              @ DW_AT_const_value
	.byte	15                              @ DW_FORM_udata
	.byte	0                               @ EOM(1)
	.byte	0                               @ EOM(2)
	.byte	4                               @ Abbreviation Code
	.byte	36                              @ DW_TAG_base_type
	.byte	0                               @ DW_CHILDREN_no
	.byte	3                               @ DW_AT_name
	.byte	14                              @ DW_FORM_strp
	.byte	62                              @ DW_AT_encoding
	.byte	11                              @ DW_FORM_data1
	.byte	11                              @ DW_AT_byte_size
	.byte	11                              @ DW_FORM_data1
	.byte	0                               @ EOM(1)
	.byte	0                               @ EOM(2)
	.byte	5                               @ Abbreviation Code
	.byte	4                               @ DW_TAG_enumeration_type
	.byte	1                               @ DW_CHILDREN_yes
	.byte	73                              @ DW_AT_type
	.byte	19                              @ DW_FORM_ref4
	.byte	11                              @ DW_AT_byte_size
	.byte	11                              @ DW_FORM_data1
	.byte	58                              @ DW_AT_decl_file
	.byte	11                              @ DW_FORM_data1
	.byte	59                              @ DW_AT_decl_line
	.byte	11                              @ DW_FORM_data1
	.byte	0                               @ EOM(1)
	.byte	0                               @ EOM(2)
	.byte	6                               @ Abbreviation Code
	.byte	40                              @ DW_TAG_enumerator
	.byte	0                               @ DW_CHILDREN_no
	.byte	3                               @ DW_AT_name
	.byte	14                              @ DW_FORM_strp
	.byte	28                              @ DW_AT_const_value
	.byte	13                              @ DW_FORM_sdata
	.byte	0                               @ EOM(1)
	.byte	0                               @ EOM(2)
	.byte	7                               @ Abbreviation Code
	.byte	15                              @ DW_TAG_pointer_type
	.byte	0                               @ DW_CHILDREN_no
	.byte	73                              @ DW_AT_type
	.byte	19                              @ DW_FORM_ref4
	.byte	0                               @ EOM(1)
	.byte	0                               @ EOM(2)
	.byte	8                               @ Abbreviation Code
	.byte	19                              @ DW_TAG_structure_type
	.byte	1                               @ DW_CHILDREN_yes
	.byte	3                               @ DW_AT_name
	.byte	14                              @ DW_FORM_strp
	.byte	11                              @ DW_AT_byte_size
	.byte	11                              @ DW_FORM_data1
	.byte	58                              @ DW_AT_decl_file
	.byte	11                              @ DW_FORM_data1
	.byte	59                              @ DW_AT_decl_line
	.byte	11                              @ DW_FORM_data1
	.byte	0                               @ EOM(1)
	.byte	0                               @ EOM(2)
	.byte	9                               @ Abbreviation Code
	.byte	13                              @ DW_TAG_member
	.byte	0                               @ DW_CHILDREN_no
	.byte	3                               @ DW_AT_name
	.byte	14                              @ DW_FORM_strp
	.byte	73                              @ DW_AT_type
	.byte	19                              @ DW_FORM_ref4
	.byte	58                              @ DW_AT_decl_file
	.byte	11                              @ DW_FORM_data1
	.byte	59                              @ DW_AT_decl_line
	.byte	11                              @ DW_FORM_data1
	.byte	56                              @ DW_AT_data_member_location
	.byte	11                              @ DW_FORM_data1
	.byte	0                               @ EOM(1)
	.byte	0                               @ EOM(2)
	.byte	10                              @ Abbreviation Code
	.byte	23                              @ DW_TAG_union_type
	.byte	1                               @ DW_CHILDREN_yes
	.byte	11                              @ DW_AT_byte_size
	.byte	11                              @ DW_FORM_data1
	.byte	58                              @ DW_AT_decl_file
	.byte	11                              @ DW_FORM_data1
	.byte	59                              @ DW_AT_decl_line
	.byte	11                              @ DW_FORM_data1
	.byte	0                               @ EOM(1)
	.byte	0                               @ EOM(2)
	.byte	11                              @ Abbreviation Code
	.byte	19                              @ DW_TAG_structure_type
	.byte	1                               @ DW_CHILDREN_yes
	.byte	11                              @ DW_AT_byte_size
	.byte	11                              @ DW_FORM_data1
	.byte	58                              @ DW_AT_decl_file
	.byte	11                              @ DW_FORM_data1
	.byte	59                              @ DW_AT_decl_line
	.byte	11                              @ DW_FORM_data1
	.byte	0                               @ EOM(1)
	.byte	0                               @ EOM(2)
	.byte	12                              @ Abbreviation Code
	.byte	22                              @ DW_TAG_typedef
	.byte	0                               @ DW_CHILDREN_no
	.byte	73                              @ DW_AT_type
	.byte	19                              @ DW_FORM_ref4
	.byte	3                               @ DW_AT_name
	.byte	14                              @ DW_FORM_strp
	.byte	58                              @ DW_AT_decl_file
	.byte	11                              @ DW_FORM_data1
	.byte	59                              @ DW_AT_decl_line
	.byte	11                              @ DW_FORM_data1
	.byte	0                               @ EOM(1)
	.byte	0                               @ EOM(2)
	.byte	13                              @ Abbreviation Code
	.byte	13                              @ DW_TAG_member
	.byte	0                               @ DW_CHILDREN_no
	.byte	3                               @ DW_AT_name
	.byte	14                              @ DW_FORM_strp
	.byte	73                              @ DW_AT_type
	.byte	19                              @ DW_FORM_ref4
	.byte	58                              @ DW_AT_decl_file
	.byte	11                              @ DW_FORM_data1
	.byte	59                              @ DW_AT_decl_line
	.byte	5                               @ DW_FORM_data2
	.byte	56                              @ DW_AT_data_member_location
	.byte	11                              @ DW_FORM_data1
	.byte	0                               @ EOM(1)
	.byte	0                               @ EOM(2)
	.byte	14                              @ Abbreviation Code
	.byte	21                              @ DW_TAG_subroutine_type
	.byte	1                               @ DW_CHILDREN_yes
	.byte	73                              @ DW_AT_type
	.byte	19                              @ DW_FORM_ref4
	.byte	39                              @ DW_AT_prototyped
	.byte	12                              @ DW_FORM_flag
	.byte	0                               @ EOM(1)
	.byte	0                               @ EOM(2)
	.byte	15                              @ Abbreviation Code
	.byte	5                               @ DW_TAG_formal_parameter
	.byte	0                               @ DW_CHILDREN_no
	.byte	73                              @ DW_AT_type
	.byte	19                              @ DW_FORM_ref4
	.byte	0                               @ EOM(1)
	.byte	0                               @ EOM(2)
	.byte	16                              @ Abbreviation Code
	.byte	15                              @ DW_TAG_pointer_type
	.byte	0                               @ DW_CHILDREN_no
	.byte	0                               @ EOM(1)
	.byte	0                               @ EOM(2)
	.byte	17                              @ Abbreviation Code
	.byte	38                              @ DW_TAG_const_type
	.byte	0                               @ DW_CHILDREN_no
	.byte	73                              @ DW_AT_type
	.byte	19                              @ DW_FORM_ref4
	.byte	0                               @ EOM(1)
	.byte	0                               @ EOM(2)
	.byte	18                              @ Abbreviation Code
	.byte	21                              @ DW_TAG_subroutine_type
	.byte	1                               @ DW_CHILDREN_yes
	.byte	39                              @ DW_AT_prototyped
	.byte	12                              @ DW_FORM_flag
	.byte	0                               @ EOM(1)
	.byte	0                               @ EOM(2)
	.byte	19                              @ Abbreviation Code
	.byte	1                               @ DW_TAG_array_type
	.byte	1                               @ DW_CHILDREN_yes
	.byte	73                              @ DW_AT_type
	.byte	19                              @ DW_FORM_ref4
	.byte	0                               @ EOM(1)
	.byte	0                               @ EOM(2)
	.byte	20                              @ Abbreviation Code
	.byte	33                              @ DW_TAG_subrange_type
	.byte	0                               @ DW_CHILDREN_no
	.byte	73                              @ DW_AT_type
	.byte	19                              @ DW_FORM_ref4
	.byte	55                              @ DW_AT_count
	.byte	11                              @ DW_FORM_data1
	.byte	0                               @ EOM(1)
	.byte	0                               @ EOM(2)
	.byte	21                              @ Abbreviation Code
	.byte	36                              @ DW_TAG_base_type
	.byte	0                               @ DW_CHILDREN_no
	.byte	3                               @ DW_AT_name
	.byte	14                              @ DW_FORM_strp
	.byte	11                              @ DW_AT_byte_size
	.byte	11                              @ DW_FORM_data1
	.byte	62                              @ DW_AT_encoding
	.byte	11                              @ DW_FORM_data1
	.byte	0                               @ EOM(1)
	.byte	0                               @ EOM(2)
	.byte	22                              @ Abbreviation Code
	.byte	46                              @ DW_TAG_subprogram
	.byte	1                               @ DW_CHILDREN_yes
	.byte	17                              @ DW_AT_low_pc
	.byte	1                               @ DW_FORM_addr
	.byte	18                              @ DW_AT_high_pc
	.byte	1                               @ DW_FORM_addr
	.byte	64                              @ DW_AT_frame_base
	.byte	10                              @ DW_FORM_block1
	.byte	3                               @ DW_AT_name
	.byte	14                              @ DW_FORM_strp
	.byte	58                              @ DW_AT_decl_file
	.byte	11                              @ DW_FORM_data1
	.byte	59                              @ DW_AT_decl_line
	.byte	11                              @ DW_FORM_data1
	.byte	39                              @ DW_AT_prototyped
	.byte	12                              @ DW_FORM_flag
	.byte	73                              @ DW_AT_type
	.byte	19                              @ DW_FORM_ref4
	.byte	63                              @ DW_AT_external
	.byte	12                              @ DW_FORM_flag
	.byte	0                               @ EOM(1)
	.byte	0                               @ EOM(2)
	.byte	23                              @ Abbreviation Code
	.byte	5                               @ DW_TAG_formal_parameter
	.byte	0                               @ DW_CHILDREN_no
	.byte	2                               @ DW_AT_location
	.byte	10                              @ DW_FORM_block1
	.byte	3                               @ DW_AT_name
	.byte	14                              @ DW_FORM_strp
	.byte	58                              @ DW_AT_decl_file
	.byte	11                              @ DW_FORM_data1
	.byte	59                              @ DW_AT_decl_line
	.byte	11                              @ DW_FORM_data1
	.byte	73                              @ DW_AT_type
	.byte	19                              @ DW_FORM_ref4
	.byte	0                               @ EOM(1)
	.byte	0                               @ EOM(2)
	.byte	24                              @ Abbreviation Code
	.byte	52                              @ DW_TAG_variable
	.byte	0                               @ DW_CHILDREN_no
	.byte	2                               @ DW_AT_location
	.byte	10                              @ DW_FORM_block1
	.byte	3                               @ DW_AT_name
	.byte	14                              @ DW_FORM_strp
	.byte	58                              @ DW_AT_decl_file
	.byte	11                              @ DW_FORM_data1
	.byte	59                              @ DW_AT_decl_line
	.byte	11                              @ DW_FORM_data1
	.byte	73                              @ DW_AT_type
	.byte	19                              @ DW_FORM_ref4
	.byte	0                               @ EOM(1)
	.byte	0                               @ EOM(2)
	.byte	25                              @ Abbreviation Code
	.byte	46                              @ DW_TAG_subprogram
	.byte	1                               @ DW_CHILDREN_yes
	.byte	17                              @ DW_AT_low_pc
	.byte	1                               @ DW_FORM_addr
	.byte	18                              @ DW_AT_high_pc
	.byte	1                               @ DW_FORM_addr
	.byte	64                              @ DW_AT_frame_base
	.byte	10                              @ DW_FORM_block1
	.byte	3                               @ DW_AT_name
	.byte	14                              @ DW_FORM_strp
	.byte	58                              @ DW_AT_decl_file
	.byte	11                              @ DW_FORM_data1
	.byte	59                              @ DW_AT_decl_line
	.byte	11                              @ DW_FORM_data1
	.byte	39                              @ DW_AT_prototyped
	.byte	12                              @ DW_FORM_flag
	.byte	73                              @ DW_AT_type
	.byte	19                              @ DW_FORM_ref4
	.byte	0                               @ EOM(1)
	.byte	0                               @ EOM(2)
	.byte	0                               @ EOM(3)
	.section	.debug_info,"",%progbits
.Lcu_begin0:
	.long	.Ldebug_info_end0-.Ldebug_info_start0 @ Length of Unit
.Ldebug_info_start0:
	.short	3                               @ DWARF version number
	.long	.debug_abbrev                   @ Offset Into Abbrev. Section
	.byte	4                               @ Address Size (in bytes)
	.byte	1                               @ Abbrev [1] 0xb:0x6a9 DW_TAG_compile_unit
	.long	.Linfo_string0                  @ DW_AT_producer
	.short	12                              @ DW_AT_language
	.long	.Linfo_string1                  @ DW_AT_name
	.long	.Lline_table_start0             @ DW_AT_stmt_list
	.long	.Linfo_string2                  @ DW_AT_comp_dir
	.long	0                               @ DW_AT_low_pc
	.long	.Ldebug_ranges0                 @ DW_AT_ranges
	.byte	2                               @ Abbrev [2] 0x26:0x19 DW_TAG_enumeration_type
	.long	63                              @ DW_AT_type
	.long	.Linfo_string6                  @ DW_AT_name
	.byte	1                               @ DW_AT_byte_size
	.byte	1                               @ DW_AT_decl_file
	.byte	143                             @ DW_AT_decl_line
	.byte	3                               @ Abbrev [3] 0x32:0x6 DW_TAG_enumerator
	.long	.Linfo_string4                  @ DW_AT_name
	.byte	0                               @ DW_AT_const_value
	.byte	3                               @ Abbrev [3] 0x38:0x6 DW_TAG_enumerator
	.long	.Linfo_string5                  @ DW_AT_name
	.byte	1                               @ DW_AT_const_value
	.byte	0                               @ End Of Children Mark
	.byte	4                               @ Abbrev [4] 0x3f:0x7 DW_TAG_base_type
	.long	.Linfo_string3                  @ DW_AT_name
	.byte	8                               @ DW_AT_encoding
	.byte	1                               @ DW_AT_byte_size
	.byte	5                               @ Abbrev [5] 0x46:0x6f DW_TAG_enumeration_type
	.long	181                             @ DW_AT_type
	.byte	1                               @ DW_AT_byte_size
	.byte	2                               @ DW_AT_decl_file
	.byte	61                              @ DW_AT_decl_line
	.byte	6                               @ Abbrev [6] 0x4e:0x6 DW_TAG_enumerator
	.long	.Linfo_string8                  @ DW_AT_name
	.byte	0                               @ DW_AT_const_value
	.byte	6                               @ Abbrev [6] 0x54:0x6 DW_TAG_enumerator
	.long	.Linfo_string9                  @ DW_AT_name
	.byte	127                             @ DW_AT_const_value
	.byte	6                               @ Abbrev [6] 0x5a:0x6 DW_TAG_enumerator
	.long	.Linfo_string10                 @ DW_AT_name
	.byte	126                             @ DW_AT_const_value
	.byte	6                               @ Abbrev [6] 0x60:0x6 DW_TAG_enumerator
	.long	.Linfo_string11                 @ DW_AT_name
	.byte	125                             @ DW_AT_const_value
	.byte	6                               @ Abbrev [6] 0x66:0x6 DW_TAG_enumerator
	.long	.Linfo_string12                 @ DW_AT_name
	.byte	124                             @ DW_AT_const_value
	.byte	6                               @ Abbrev [6] 0x6c:0x6 DW_TAG_enumerator
	.long	.Linfo_string13                 @ DW_AT_name
	.byte	123                             @ DW_AT_const_value
	.byte	6                               @ Abbrev [6] 0x72:0x6 DW_TAG_enumerator
	.long	.Linfo_string14                 @ DW_AT_name
	.byte	122                             @ DW_AT_const_value
	.byte	6                               @ Abbrev [6] 0x78:0x6 DW_TAG_enumerator
	.long	.Linfo_string15                 @ DW_AT_name
	.byte	121                             @ DW_AT_const_value
	.byte	6                               @ Abbrev [6] 0x7e:0x6 DW_TAG_enumerator
	.long	.Linfo_string16                 @ DW_AT_name
	.byte	120                             @ DW_AT_const_value
	.byte	6                               @ Abbrev [6] 0x84:0x6 DW_TAG_enumerator
	.long	.Linfo_string17                 @ DW_AT_name
	.byte	119                             @ DW_AT_const_value
	.byte	6                               @ Abbrev [6] 0x8a:0x6 DW_TAG_enumerator
	.long	.Linfo_string18                 @ DW_AT_name
	.byte	118                             @ DW_AT_const_value
	.byte	6                               @ Abbrev [6] 0x90:0x6 DW_TAG_enumerator
	.long	.Linfo_string19                 @ DW_AT_name
	.byte	117                             @ DW_AT_const_value
	.byte	6                               @ Abbrev [6] 0x96:0x6 DW_TAG_enumerator
	.long	.Linfo_string20                 @ DW_AT_name
	.byte	116                             @ DW_AT_const_value
	.byte	6                               @ Abbrev [6] 0x9c:0x6 DW_TAG_enumerator
	.long	.Linfo_string21                 @ DW_AT_name
	.byte	115                             @ DW_AT_const_value
	.byte	6                               @ Abbrev [6] 0xa2:0x6 DW_TAG_enumerator
	.long	.Linfo_string22                 @ DW_AT_name
	.byte	114                             @ DW_AT_const_value
	.byte	6                               @ Abbrev [6] 0xa8:0x6 DW_TAG_enumerator
	.long	.Linfo_string23                 @ DW_AT_name
	.byte	113                             @ DW_AT_const_value
	.byte	6                               @ Abbrev [6] 0xae:0x6 DW_TAG_enumerator
	.long	.Linfo_string24                 @ DW_AT_name
	.byte	112                             @ DW_AT_const_value
	.byte	0                               @ End Of Children Mark
	.byte	4                               @ Abbrev [4] 0xb5:0x7 DW_TAG_base_type
	.long	.Linfo_string7                  @ DW_AT_name
	.byte	6                               @ DW_AT_encoding
	.byte	1                               @ DW_AT_byte_size
	.byte	7                               @ Abbrev [7] 0xbc:0x5 DW_TAG_pointer_type
	.long	193                             @ DW_AT_type
	.byte	8                               @ Abbrev [8] 0xc1:0xb4 DW_TAG_structure_type
	.long	.Linfo_string87                 @ DW_AT_name
	.byte	32                              @ DW_AT_byte_size
	.byte	6                               @ DW_AT_decl_file
	.byte	58                              @ DW_AT_decl_line
	.byte	9                               @ Abbrev [9] 0xc9:0xc DW_TAG_member
	.long	.Linfo_string25                 @ DW_AT_name
	.long	373                             @ DW_AT_type
	.byte	6                               @ DW_AT_decl_file
	.byte	59                              @ DW_AT_decl_line
	.byte	0                               @ DW_AT_data_member_location
	.byte	9                               @ Abbrev [9] 0xd5:0xc DW_TAG_member
	.long	.Linfo_string30                 @ DW_AT_name
	.long	416                             @ DW_AT_type
	.byte	6                               @ DW_AT_decl_file
	.byte	60                              @ DW_AT_decl_line
	.byte	4                               @ DW_AT_data_member_location
	.byte	9                               @ Abbrev [9] 0xe1:0xc DW_TAG_member
	.long	.Linfo_string77                 @ DW_AT_name
	.long	237                             @ DW_AT_type
	.byte	6                               @ DW_AT_decl_file
	.byte	76                              @ DW_AT_decl_line
	.byte	8                               @ DW_AT_data_member_location
	.byte	10                              @ Abbrev [10] 0xed:0x87 DW_TAG_union_type
	.byte	24                              @ DW_AT_byte_size
	.byte	6                               @ DW_AT_decl_file
	.byte	61                              @ DW_AT_decl_line
	.byte	9                               @ Abbrev [9] 0xf1:0xc DW_TAG_member
	.long	.Linfo_string78                 @ DW_AT_name
	.long	253                             @ DW_AT_type
	.byte	6                               @ DW_AT_decl_file
	.byte	71                              @ DW_AT_decl_line
	.byte	0                               @ DW_AT_data_member_location
	.byte	11                              @ Abbrev [11] 0xfd:0x4d DW_TAG_structure_type
	.byte	24                              @ DW_AT_byte_size
	.byte	6                               @ DW_AT_decl_file
	.byte	62                              @ DW_AT_decl_line
	.byte	9                               @ Abbrev [9] 0x101:0xc DW_TAG_member
	.long	.Linfo_string79                 @ DW_AT_name
	.long	987                             @ DW_AT_type
	.byte	6                               @ DW_AT_decl_file
	.byte	64                              @ DW_AT_decl_line
	.byte	0                               @ DW_AT_data_member_location
	.byte	9                               @ Abbrev [9] 0x10d:0xc DW_TAG_member
	.long	.Linfo_string40                 @ DW_AT_name
	.long	987                             @ DW_AT_type
	.byte	6                               @ DW_AT_decl_file
	.byte	65                              @ DW_AT_decl_line
	.byte	4                               @ DW_AT_data_member_location
	.byte	9                               @ Abbrev [9] 0x119:0xc DW_TAG_member
	.long	.Linfo_string41                 @ DW_AT_name
	.long	987                             @ DW_AT_type
	.byte	6                               @ DW_AT_decl_file
	.byte	66                              @ DW_AT_decl_line
	.byte	8                               @ DW_AT_data_member_location
	.byte	9                               @ Abbrev [9] 0x125:0xc DW_TAG_member
	.long	.Linfo_string64                 @ DW_AT_name
	.long	919                             @ DW_AT_type
	.byte	6                               @ DW_AT_decl_file
	.byte	68                              @ DW_AT_decl_line
	.byte	12                              @ DW_AT_data_member_location
	.byte	9                               @ Abbrev [9] 0x131:0xc DW_TAG_member
	.long	.Linfo_string80                 @ DW_AT_name
	.long	1152                            @ DW_AT_type
	.byte	6                               @ DW_AT_decl_file
	.byte	69                              @ DW_AT_decl_line
	.byte	16                              @ DW_AT_data_member_location
	.byte	9                               @ Abbrev [9] 0x13d:0xc DW_TAG_member
	.long	.Linfo_string42                 @ DW_AT_name
	.long	755                             @ DW_AT_type
	.byte	6                               @ DW_AT_decl_file
	.byte	70                              @ DW_AT_decl_line
	.byte	20                              @ DW_AT_data_member_location
	.byte	0                               @ End Of Children Mark
	.byte	9                               @ Abbrev [9] 0x14a:0xc DW_TAG_member
	.long	.Linfo_string82                 @ DW_AT_name
	.long	342                             @ DW_AT_type
	.byte	6                               @ DW_AT_decl_file
	.byte	75                              @ DW_AT_decl_line
	.byte	0                               @ DW_AT_data_member_location
	.byte	11                              @ Abbrev [11] 0x156:0x1d DW_TAG_structure_type
	.byte	8                               @ DW_AT_byte_size
	.byte	6                               @ DW_AT_decl_file
	.byte	72                              @ DW_AT_decl_line
	.byte	9                               @ Abbrev [9] 0x15a:0xc DW_TAG_member
	.long	.Linfo_string83                 @ DW_AT_name
	.long	1180                            @ DW_AT_type
	.byte	6                               @ DW_AT_decl_file
	.byte	73                              @ DW_AT_decl_line
	.byte	0                               @ DW_AT_data_member_location
	.byte	9                               @ Abbrev [9] 0x166:0xc DW_TAG_member
	.long	.Linfo_string85                 @ DW_AT_name
	.long	1191                            @ DW_AT_type
	.byte	6                               @ DW_AT_decl_file
	.byte	74                              @ DW_AT_decl_line
	.byte	4                               @ DW_AT_data_member_location
	.byte	0                               @ End Of Children Mark
	.byte	0                               @ End Of Children Mark
	.byte	0                               @ End Of Children Mark
	.byte	8                               @ Abbrev [8] 0x175:0x15 DW_TAG_structure_type
	.long	.Linfo_string29                 @ DW_AT_name
	.byte	1                               @ DW_AT_byte_size
	.byte	5                               @ DW_AT_decl_file
	.byte	97                              @ DW_AT_decl_line
	.byte	9                               @ Abbrev [9] 0x17d:0xc DW_TAG_member
	.long	.Linfo_string26                 @ DW_AT_name
	.long	394                             @ DW_AT_type
	.byte	5                               @ DW_AT_decl_file
	.byte	105                             @ DW_AT_decl_line
	.byte	0                               @ DW_AT_data_member_location
	.byte	0                               @ End Of Children Mark
	.byte	12                              @ Abbrev [12] 0x18a:0xb DW_TAG_typedef
	.long	405                             @ DW_AT_type
	.long	.Linfo_string28                 @ DW_AT_name
	.byte	4                               @ DW_AT_decl_file
	.byte	119                             @ DW_AT_decl_line
	.byte	12                              @ Abbrev [12] 0x195:0xb DW_TAG_typedef
	.long	63                              @ DW_AT_type
	.long	.Linfo_string27                 @ DW_AT_name
	.byte	3                               @ DW_AT_decl_file
	.byte	62                              @ DW_AT_decl_line
	.byte	7                               @ Abbrev [7] 0x1a0:0x5 DW_TAG_pointer_type
	.long	421                             @ DW_AT_type
	.byte	8                               @ Abbrev [8] 0x1a5:0x106 DW_TAG_structure_type
	.long	.Linfo_string30                 @ DW_AT_name
	.byte	76                              @ DW_AT_byte_size
	.byte	1                               @ DW_AT_decl_file
	.byte	225                             @ DW_AT_decl_line
	.byte	9                               @ Abbrev [9] 0x1ad:0xc DW_TAG_member
	.long	.Linfo_string31                 @ DW_AT_name
	.long	416                             @ DW_AT_type
	.byte	1                               @ DW_AT_decl_file
	.byte	227                             @ DW_AT_decl_line
	.byte	0                               @ DW_AT_data_member_location
	.byte	9                               @ Abbrev [9] 0x1b9:0xc DW_TAG_member
	.long	.Linfo_string32                 @ DW_AT_name
	.long	683                             @ DW_AT_type
	.byte	1                               @ DW_AT_decl_file
	.byte	231                             @ DW_AT_decl_line
	.byte	4                               @ DW_AT_data_member_location
	.byte	9                               @ Abbrev [9] 0x1c5:0xc DW_TAG_member
	.long	.Linfo_string40                 @ DW_AT_name
	.long	683                             @ DW_AT_type
	.byte	1                               @ DW_AT_decl_file
	.byte	232                             @ DW_AT_decl_line
	.byte	8                               @ DW_AT_data_member_location
	.byte	9                               @ Abbrev [9] 0x1d1:0xc DW_TAG_member
	.long	.Linfo_string41                 @ DW_AT_name
	.long	683                             @ DW_AT_type
	.byte	1                               @ DW_AT_decl_file
	.byte	233                             @ DW_AT_decl_line
	.byte	12                              @ DW_AT_data_member_location
	.byte	9                               @ Abbrev [9] 0x1dd:0xc DW_TAG_member
	.long	.Linfo_string42                 @ DW_AT_name
	.long	755                             @ DW_AT_type
	.byte	1                               @ DW_AT_decl_file
	.byte	244                             @ DW_AT_decl_line
	.byte	16                              @ DW_AT_data_member_location
	.byte	9                               @ Abbrev [9] 0x1e9:0xc DW_TAG_member
	.long	.Linfo_string57                 @ DW_AT_name
	.long	949                             @ DW_AT_type
	.byte	1                               @ DW_AT_decl_file
	.byte	250                             @ DW_AT_decl_line
	.byte	20                              @ DW_AT_data_member_location
	.byte	9                               @ Abbrev [9] 0x1f5:0xc DW_TAG_member
	.long	.Linfo_string59                 @ DW_AT_name
	.long	997                             @ DW_AT_type
	.byte	1                               @ DW_AT_decl_file
	.byte	255                             @ DW_AT_decl_line
	.byte	24                              @ DW_AT_data_member_location
	.byte	13                              @ Abbrev [13] 0x201:0xd DW_TAG_member
	.long	.Linfo_string61                 @ DW_AT_name
	.long	1030                            @ DW_AT_type
	.byte	1                               @ DW_AT_decl_file
	.short	266                             @ DW_AT_decl_line
	.byte	28                              @ DW_AT_data_member_location
	.byte	13                              @ Abbrev [13] 0x20e:0xd DW_TAG_member
	.long	.Linfo_string63                 @ DW_AT_name
	.long	1030                            @ DW_AT_type
	.byte	1                               @ DW_AT_decl_file
	.short	271                             @ DW_AT_decl_line
	.byte	32                              @ DW_AT_data_member_location
	.byte	13                              @ Abbrev [13] 0x21b:0xd DW_TAG_member
	.long	.Linfo_string64                 @ DW_AT_name
	.long	919                             @ DW_AT_type
	.byte	1                               @ DW_AT_decl_file
	.short	279                             @ DW_AT_decl_line
	.byte	36                              @ DW_AT_data_member_location
	.byte	13                              @ Abbrev [13] 0x228:0xd DW_TAG_member
	.long	.Linfo_string65                 @ DW_AT_name
	.long	1054                            @ DW_AT_type
	.byte	1                               @ DW_AT_decl_file
	.short	281                             @ DW_AT_decl_line
	.byte	40                              @ DW_AT_data_member_location
	.byte	13                              @ Abbrev [13] 0x235:0xd DW_TAG_member
	.long	.Linfo_string67                 @ DW_AT_name
	.long	394                             @ DW_AT_type
	.byte	1                               @ DW_AT_decl_file
	.short	289                             @ DW_AT_decl_line
	.byte	48                              @ DW_AT_data_member_location
	.byte	13                              @ Abbrev [13] 0x242:0xd DW_TAG_member
	.long	.Linfo_string68                 @ DW_AT_name
	.long	1073                            @ DW_AT_type
	.byte	1                               @ DW_AT_decl_file
	.short	293                             @ DW_AT_decl_line
	.byte	52                              @ DW_AT_data_member_location
	.byte	13                              @ Abbrev [13] 0x24f:0xd DW_TAG_member
	.long	.Linfo_string70                 @ DW_AT_name
	.long	920                             @ DW_AT_type
	.byte	1                               @ DW_AT_decl_file
	.short	299                             @ DW_AT_decl_line
	.byte	56                              @ DW_AT_data_member_location
	.byte	13                              @ Abbrev [13] 0x25c:0xd DW_TAG_member
	.long	.Linfo_string71                 @ DW_AT_name
	.long	394                             @ DW_AT_type
	.byte	1                               @ DW_AT_decl_file
	.short	301                             @ DW_AT_decl_line
	.byte	58                              @ DW_AT_data_member_location
	.byte	13                              @ Abbrev [13] 0x269:0xd DW_TAG_member
	.long	.Linfo_string72                 @ DW_AT_name
	.long	1090                            @ DW_AT_type
	.byte	1                               @ DW_AT_decl_file
	.short	303                             @ DW_AT_decl_line
	.byte	59                              @ DW_AT_data_member_location
	.byte	13                              @ Abbrev [13] 0x276:0xd DW_TAG_member
	.long	.Linfo_string53                 @ DW_AT_name
	.long	394                             @ DW_AT_type
	.byte	1                               @ DW_AT_decl_file
	.short	305                             @ DW_AT_decl_line
	.byte	65                              @ DW_AT_data_member_location
	.byte	13                              @ Abbrev [13] 0x283:0xd DW_TAG_member
	.long	.Linfo_string73                 @ DW_AT_name
	.long	1102                            @ DW_AT_type
	.byte	1                               @ DW_AT_decl_file
	.short	307                             @ DW_AT_decl_line
	.byte	66                              @ DW_AT_data_member_location
	.byte	13                              @ Abbrev [13] 0x290:0xd DW_TAG_member
	.long	.Linfo_string74                 @ DW_AT_name
	.long	394                             @ DW_AT_type
	.byte	1                               @ DW_AT_decl_file
	.short	309                             @ DW_AT_decl_line
	.byte	68                              @ DW_AT_data_member_location
	.byte	13                              @ Abbrev [13] 0x29d:0xd DW_TAG_member
	.long	.Linfo_string75                 @ DW_AT_name
	.long	1114                            @ DW_AT_type
	.byte	1                               @ DW_AT_decl_file
	.short	323                             @ DW_AT_decl_line
	.byte	72                              @ DW_AT_data_member_location
	.byte	0                               @ End Of Children Mark
	.byte	12                              @ Abbrev [12] 0x2ab:0xb DW_TAG_typedef
	.long	694                             @ DW_AT_type
	.long	.Linfo_string39                 @ DW_AT_name
	.byte	8                               @ DW_AT_decl_file
	.byte	244                             @ DW_AT_decl_line
	.byte	12                              @ Abbrev [12] 0x2b6:0xb DW_TAG_typedef
	.long	705                             @ DW_AT_type
	.long	.Linfo_string38                 @ DW_AT_name
	.byte	7                               @ DW_AT_decl_file
	.byte	57                              @ DW_AT_decl_line
	.byte	8                               @ Abbrev [8] 0x2c1:0x15 DW_TAG_structure_type
	.long	.Linfo_string37                 @ DW_AT_name
	.byte	4                               @ DW_AT_byte_size
	.byte	7                               @ DW_AT_decl_file
	.byte	51                              @ DW_AT_decl_line
	.byte	9                               @ Abbrev [9] 0x2c9:0xc DW_TAG_member
	.long	.Linfo_string33                 @ DW_AT_name
	.long	726                             @ DW_AT_type
	.byte	7                               @ DW_AT_decl_file
	.byte	52                              @ DW_AT_decl_line
	.byte	0                               @ DW_AT_data_member_location
	.byte	0                               @ End Of Children Mark
	.byte	12                              @ Abbrev [12] 0x2d6:0xb DW_TAG_typedef
	.long	737                             @ DW_AT_type
	.long	.Linfo_string36                 @ DW_AT_name
	.byte	4                               @ DW_AT_decl_file
	.byte	123                             @ DW_AT_decl_line
	.byte	12                              @ Abbrev [12] 0x2e1:0xb DW_TAG_typedef
	.long	748                             @ DW_AT_type
	.long	.Linfo_string35                 @ DW_AT_name
	.byte	3                               @ DW_AT_decl_file
	.byte	64                              @ DW_AT_decl_line
	.byte	4                               @ Abbrev [4] 0x2ec:0x7 DW_TAG_base_type
	.long	.Linfo_string34                 @ DW_AT_name
	.byte	7                               @ DW_AT_encoding
	.byte	4                               @ DW_AT_byte_size
	.byte	12                              @ Abbrev [12] 0x2f3:0xb DW_TAG_typedef
	.long	766                             @ DW_AT_type
	.long	.Linfo_string56                 @ DW_AT_name
	.byte	1                               @ DW_AT_decl_file
	.byte	162                             @ DW_AT_decl_line
	.byte	7                               @ Abbrev [7] 0x2fe:0x5 DW_TAG_pointer_type
	.long	771                             @ DW_AT_type
	.byte	14                              @ Abbrev [14] 0x303:0x11 DW_TAG_subroutine_type
	.long	788                             @ DW_AT_type
	.byte	1                               @ DW_AT_prototyped
	.byte	15                              @ Abbrev [15] 0x309:0x5 DW_TAG_formal_parameter
	.long	821                             @ DW_AT_type
	.byte	15                              @ Abbrev [15] 0x30e:0x5 DW_TAG_formal_parameter
	.long	416                             @ DW_AT_type
	.byte	0                               @ End Of Children Mark
	.byte	12                              @ Abbrev [12] 0x314:0xb DW_TAG_typedef
	.long	799                             @ DW_AT_type
	.long	.Linfo_string45                 @ DW_AT_name
	.byte	2                               @ DW_AT_decl_file
	.byte	57                              @ DW_AT_decl_line
	.byte	12                              @ Abbrev [12] 0x31f:0xb DW_TAG_typedef
	.long	810                             @ DW_AT_type
	.long	.Linfo_string44                 @ DW_AT_name
	.byte	4                               @ DW_AT_decl_file
	.byte	120                             @ DW_AT_decl_line
	.byte	12                              @ Abbrev [12] 0x32a:0xb DW_TAG_typedef
	.long	181                             @ DW_AT_type
	.long	.Linfo_string43                 @ DW_AT_name
	.byte	3                               @ DW_AT_decl_file
	.byte	56                              @ DW_AT_decl_line
	.byte	7                               @ Abbrev [7] 0x335:0x5 DW_TAG_pointer_type
	.long	826                             @ DW_AT_type
	.byte	8                               @ Abbrev [8] 0x33a:0x5d DW_TAG_structure_type
	.long	.Linfo_string55                 @ DW_AT_name
	.byte	16                              @ DW_AT_byte_size
	.byte	9                               @ DW_AT_decl_file
	.byte	142                             @ DW_AT_decl_line
	.byte	9                               @ Abbrev [9] 0x342:0xc DW_TAG_member
	.long	.Linfo_string31                 @ DW_AT_name
	.long	821                             @ DW_AT_type
	.byte	9                               @ DW_AT_decl_file
	.byte	144                             @ DW_AT_decl_line
	.byte	0                               @ DW_AT_data_member_location
	.byte	9                               @ Abbrev [9] 0x34e:0xc DW_TAG_member
	.long	.Linfo_string46                 @ DW_AT_name
	.long	919                             @ DW_AT_type
	.byte	9                               @ DW_AT_decl_file
	.byte	147                             @ DW_AT_decl_line
	.byte	4                               @ DW_AT_data_member_location
	.byte	9                               @ Abbrev [9] 0x35a:0xc DW_TAG_member
	.long	.Linfo_string47                 @ DW_AT_name
	.long	920                             @ DW_AT_type
	.byte	9                               @ DW_AT_decl_file
	.byte	156                             @ DW_AT_decl_line
	.byte	8                               @ DW_AT_data_member_location
	.byte	9                               @ Abbrev [9] 0x366:0xc DW_TAG_member
	.long	.Linfo_string51                 @ DW_AT_name
	.long	920                             @ DW_AT_type
	.byte	9                               @ DW_AT_decl_file
	.byte	159                             @ DW_AT_decl_line
	.byte	10                              @ DW_AT_data_member_location
	.byte	9                               @ Abbrev [9] 0x372:0xc DW_TAG_member
	.long	.Linfo_string52                 @ DW_AT_name
	.long	394                             @ DW_AT_type
	.byte	9                               @ DW_AT_decl_file
	.byte	162                             @ DW_AT_decl_line
	.byte	12                              @ DW_AT_data_member_location
	.byte	9                               @ Abbrev [9] 0x37e:0xc DW_TAG_member
	.long	.Linfo_string53                 @ DW_AT_name
	.long	394                             @ DW_AT_type
	.byte	9                               @ DW_AT_decl_file
	.byte	165                             @ DW_AT_decl_line
	.byte	13                              @ DW_AT_data_member_location
	.byte	9                               @ Abbrev [9] 0x38a:0xc DW_TAG_member
	.long	.Linfo_string54                 @ DW_AT_name
	.long	920                             @ DW_AT_type
	.byte	9                               @ DW_AT_decl_file
	.byte	172                             @ DW_AT_decl_line
	.byte	14                              @ DW_AT_data_member_location
	.byte	0                               @ End Of Children Mark
	.byte	16                              @ Abbrev [16] 0x397:0x1 DW_TAG_pointer_type
	.byte	12                              @ Abbrev [12] 0x398:0xb DW_TAG_typedef
	.long	931                             @ DW_AT_type
	.long	.Linfo_string50                 @ DW_AT_name
	.byte	4                               @ DW_AT_decl_file
	.byte	121                             @ DW_AT_decl_line
	.byte	12                              @ Abbrev [12] 0x3a3:0xb DW_TAG_typedef
	.long	942                             @ DW_AT_type
	.long	.Linfo_string49                 @ DW_AT_name
	.byte	3                               @ DW_AT_decl_file
	.byte	63                              @ DW_AT_decl_line
	.byte	4                               @ Abbrev [4] 0x3ae:0x7 DW_TAG_base_type
	.long	.Linfo_string48                 @ DW_AT_name
	.byte	7                               @ DW_AT_encoding
	.byte	2                               @ DW_AT_byte_size
	.byte	12                              @ Abbrev [12] 0x3b5:0xb DW_TAG_typedef
	.long	960                             @ DW_AT_type
	.long	.Linfo_string58                 @ DW_AT_name
	.byte	1                               @ DW_AT_decl_file
	.byte	173                             @ DW_AT_decl_line
	.byte	7                               @ Abbrev [7] 0x3c0:0x5 DW_TAG_pointer_type
	.long	965                             @ DW_AT_type
	.byte	14                              @ Abbrev [14] 0x3c5:0x16 DW_TAG_subroutine_type
	.long	788                             @ DW_AT_type
	.byte	1                               @ DW_AT_prototyped
	.byte	15                              @ Abbrev [15] 0x3cb:0x5 DW_TAG_formal_parameter
	.long	416                             @ DW_AT_type
	.byte	15                              @ Abbrev [15] 0x3d0:0x5 DW_TAG_formal_parameter
	.long	821                             @ DW_AT_type
	.byte	15                              @ Abbrev [15] 0x3d5:0x5 DW_TAG_formal_parameter
	.long	987                             @ DW_AT_type
	.byte	0                               @ End Of Children Mark
	.byte	7                               @ Abbrev [7] 0x3db:0x5 DW_TAG_pointer_type
	.long	992                             @ DW_AT_type
	.byte	17                              @ Abbrev [17] 0x3e0:0x5 DW_TAG_const_type
	.long	694                             @ DW_AT_type
	.byte	12                              @ Abbrev [12] 0x3e5:0xb DW_TAG_typedef
	.long	1008                            @ DW_AT_type
	.long	.Linfo_string60                 @ DW_AT_name
	.byte	1                               @ DW_AT_decl_file
	.byte	196                             @ DW_AT_decl_line
	.byte	7                               @ Abbrev [7] 0x3f0:0x5 DW_TAG_pointer_type
	.long	1013                            @ DW_AT_type
	.byte	14                              @ Abbrev [14] 0x3f5:0x11 DW_TAG_subroutine_type
	.long	788                             @ DW_AT_type
	.byte	1                               @ DW_AT_prototyped
	.byte	15                              @ Abbrev [15] 0x3fb:0x5 DW_TAG_formal_parameter
	.long	416                             @ DW_AT_type
	.byte	15                              @ Abbrev [15] 0x400:0x5 DW_TAG_formal_parameter
	.long	821                             @ DW_AT_type
	.byte	0                               @ End Of Children Mark
	.byte	12                              @ Abbrev [12] 0x406:0xb DW_TAG_typedef
	.long	1041                            @ DW_AT_type
	.long	.Linfo_string62                 @ DW_AT_name
	.byte	1                               @ DW_AT_decl_file
	.byte	198                             @ DW_AT_decl_line
	.byte	7                               @ Abbrev [7] 0x411:0x5 DW_TAG_pointer_type
	.long	1046                            @ DW_AT_type
	.byte	18                              @ Abbrev [18] 0x416:0x8 DW_TAG_subroutine_type
	.byte	1                               @ DW_AT_prototyped
	.byte	15                              @ Abbrev [15] 0x418:0x5 DW_TAG_formal_parameter
	.long	416                             @ DW_AT_type
	.byte	0                               @ End Of Children Mark
	.byte	19                              @ Abbrev [19] 0x41e:0xc DW_TAG_array_type
	.long	919                             @ DW_AT_type
	.byte	20                              @ Abbrev [20] 0x423:0x6 DW_TAG_subrange_type
	.long	1066                            @ DW_AT_type
	.byte	2                               @ DW_AT_count
	.byte	0                               @ End Of Children Mark
	.byte	21                              @ Abbrev [21] 0x42a:0x7 DW_TAG_base_type
	.long	.Linfo_string66                 @ DW_AT_name
	.byte	8                               @ DW_AT_byte_size
	.byte	7                               @ DW_AT_encoding
	.byte	7                               @ Abbrev [7] 0x431:0x5 DW_TAG_pointer_type
	.long	1078                            @ DW_AT_type
	.byte	17                              @ Abbrev [17] 0x436:0x5 DW_TAG_const_type
	.long	1083                            @ DW_AT_type
	.byte	4                               @ Abbrev [4] 0x43b:0x7 DW_TAG_base_type
	.long	.Linfo_string69                 @ DW_AT_name
	.byte	6                               @ DW_AT_encoding
	.byte	1                               @ DW_AT_byte_size
	.byte	19                              @ Abbrev [19] 0x442:0xc DW_TAG_array_type
	.long	394                             @ DW_AT_type
	.byte	20                              @ Abbrev [20] 0x447:0x6 DW_TAG_subrange_type
	.long	1066                            @ DW_AT_type
	.byte	6                               @ DW_AT_count
	.byte	0                               @ End Of Children Mark
	.byte	19                              @ Abbrev [19] 0x44e:0xc DW_TAG_array_type
	.long	1083                            @ DW_AT_type
	.byte	20                              @ Abbrev [20] 0x453:0x6 DW_TAG_subrange_type
	.long	1066                            @ DW_AT_type
	.byte	2                               @ DW_AT_count
	.byte	0                               @ End Of Children Mark
	.byte	12                              @ Abbrev [12] 0x45a:0xb DW_TAG_typedef
	.long	1125                            @ DW_AT_type
	.long	.Linfo_string76                 @ DW_AT_name
	.byte	1                               @ DW_AT_decl_file
	.byte	201                             @ DW_AT_decl_line
	.byte	7                               @ Abbrev [7] 0x465:0x5 DW_TAG_pointer_type
	.long	1130                            @ DW_AT_type
	.byte	14                              @ Abbrev [14] 0x46a:0x16 DW_TAG_subroutine_type
	.long	788                             @ DW_AT_type
	.byte	1                               @ DW_AT_prototyped
	.byte	15                              @ Abbrev [15] 0x470:0x5 DW_TAG_formal_parameter
	.long	416                             @ DW_AT_type
	.byte	15                              @ Abbrev [15] 0x475:0x5 DW_TAG_formal_parameter
	.long	987                             @ DW_AT_type
	.byte	15                              @ Abbrev [15] 0x47a:0x5 DW_TAG_formal_parameter
	.long	38                              @ DW_AT_type
	.byte	0                               @ End Of Children Mark
	.byte	12                              @ Abbrev [12] 0x480:0xb DW_TAG_typedef
	.long	1163                            @ DW_AT_type
	.long	.Linfo_string81                 @ DW_AT_name
	.byte	1                               @ DW_AT_decl_file
	.byte	155                             @ DW_AT_decl_line
	.byte	7                               @ Abbrev [7] 0x48b:0x5 DW_TAG_pointer_type
	.long	1168                            @ DW_AT_type
	.byte	14                              @ Abbrev [14] 0x490:0xc DW_TAG_subroutine_type
	.long	788                             @ DW_AT_type
	.byte	1                               @ DW_AT_prototyped
	.byte	15                              @ Abbrev [15] 0x496:0x5 DW_TAG_formal_parameter
	.long	416                             @ DW_AT_type
	.byte	0                               @ End Of Children Mark
	.byte	12                              @ Abbrev [12] 0x49c:0xb DW_TAG_typedef
	.long	1041                            @ DW_AT_type
	.long	.Linfo_string84                 @ DW_AT_name
	.byte	6                               @ DW_AT_decl_file
	.byte	55                              @ DW_AT_decl_line
	.byte	12                              @ Abbrev [12] 0x4a7:0xb DW_TAG_typedef
	.long	1163                            @ DW_AT_type
	.long	.Linfo_string86                 @ DW_AT_name
	.byte	6                               @ DW_AT_decl_file
	.byte	56                              @ DW_AT_decl_line
	.byte	22                              @ Abbrev [22] 0x4b2:0x99 DW_TAG_subprogram
	.long	.Lfunc_begin0                   @ DW_AT_low_pc
	.long	.Lfunc_end0                     @ DW_AT_high_pc
	.byte	1                               @ DW_AT_frame_base
	.byte	93
	.long	.Linfo_string88                 @ DW_AT_name
	.byte	10                              @ DW_AT_decl_file
	.byte	125                             @ DW_AT_decl_line
	.byte	1                               @ DW_AT_prototyped
	.long	788                             @ DW_AT_type
	.byte	1                               @ DW_AT_external
	.byte	23                              @ Abbrev [23] 0x4c9:0xe DW_TAG_formal_parameter
	.byte	2                               @ DW_AT_location
	.byte	145
	.byte	52
	.long	.Linfo_string30                 @ DW_AT_name
	.byte	10                              @ DW_AT_decl_file
	.byte	125                             @ DW_AT_decl_line
	.long	416                             @ DW_AT_type
	.byte	23                              @ Abbrev [23] 0x4d7:0xe DW_TAG_formal_parameter
	.byte	2                               @ DW_AT_location
	.byte	145
	.byte	48
	.long	.Linfo_string79                 @ DW_AT_name
	.byte	10                              @ DW_AT_decl_file
	.byte	127                             @ DW_AT_decl_line
	.long	987                             @ DW_AT_type
	.byte	23                              @ Abbrev [23] 0x4e5:0xe DW_TAG_formal_parameter
	.byte	2                               @ DW_AT_location
	.byte	145
	.byte	44
	.long	.Linfo_string40                 @ DW_AT_name
	.byte	10                              @ DW_AT_decl_file
	.byte	127                             @ DW_AT_decl_line
	.long	987                             @ DW_AT_type
	.byte	23                              @ Abbrev [23] 0x4f3:0xe DW_TAG_formal_parameter
	.byte	2                               @ DW_AT_location
	.byte	145
	.byte	40
	.long	.Linfo_string41                 @ DW_AT_name
	.byte	10                              @ DW_AT_decl_file
	.byte	127                             @ DW_AT_decl_line
	.long	987                             @ DW_AT_type
	.byte	23                              @ Abbrev [23] 0x501:0xf DW_TAG_formal_parameter
	.byte	3                               @ DW_AT_location
	.byte	145
	.asciz	"\300"
	.long	.Linfo_string64                 @ DW_AT_name
	.byte	10                              @ DW_AT_decl_file
	.byte	129                             @ DW_AT_decl_line
	.long	919                             @ DW_AT_type
	.byte	23                              @ Abbrev [23] 0x510:0xf DW_TAG_formal_parameter
	.byte	3                               @ DW_AT_location
	.byte	145
	.asciz	"\304"
	.long	.Linfo_string80                 @ DW_AT_name
	.byte	10                              @ DW_AT_decl_file
	.byte	129                             @ DW_AT_decl_line
	.long	1152                            @ DW_AT_type
	.byte	23                              @ Abbrev [23] 0x51f:0xf DW_TAG_formal_parameter
	.byte	3                               @ DW_AT_location
	.byte	145
	.asciz	"\310"
	.long	.Linfo_string42                 @ DW_AT_name
	.byte	10                              @ DW_AT_decl_file
	.byte	129                             @ DW_AT_decl_line
	.long	755                             @ DW_AT_type
	.byte	24                              @ Abbrev [24] 0x52e:0xe DW_TAG_variable
	.byte	2                               @ DW_AT_location
	.byte	145
	.byte	39
	.long	.Linfo_string94                 @ DW_AT_name
	.byte	10                              @ DW_AT_decl_file
	.byte	131                             @ DW_AT_decl_line
	.long	788                             @ DW_AT_type
	.byte	24                              @ Abbrev [24] 0x53c:0xe DW_TAG_variable
	.byte	2                               @ DW_AT_location
	.byte	145
	.byte	4
	.long	.Linfo_string77                 @ DW_AT_name
	.byte	10                              @ DW_AT_decl_file
	.byte	132                             @ DW_AT_decl_line
	.long	193                             @ DW_AT_type
	.byte	0                               @ End Of Children Mark
	.byte	25                              @ Abbrev [25] 0x54b:0x33 DW_TAG_subprogram
	.long	.Lfunc_begin1                   @ DW_AT_low_pc
	.long	.Lfunc_end1                     @ DW_AT_high_pc
	.byte	1                               @ DW_AT_frame_base
	.byte	93
	.long	.Linfo_string89                 @ DW_AT_name
	.byte	10                              @ DW_AT_decl_file
	.byte	58                              @ DW_AT_decl_line
	.byte	1                               @ DW_AT_prototyped
	.long	788                             @ DW_AT_type
	.byte	23                              @ Abbrev [23] 0x561:0xe DW_TAG_formal_parameter
	.byte	2                               @ DW_AT_location
	.byte	145
	.byte	16
	.long	.Linfo_string95                 @ DW_AT_name
	.byte	10                              @ DW_AT_decl_file
	.byte	58                              @ DW_AT_decl_line
	.long	1710                            @ DW_AT_type
	.byte	24                              @ Abbrev [24] 0x56f:0xe DW_TAG_variable
	.byte	2                               @ DW_AT_location
	.byte	145
	.byte	12
	.long	.Linfo_string77                 @ DW_AT_name
	.byte	10                              @ DW_AT_decl_file
	.byte	62                              @ DW_AT_decl_line
	.long	188                             @ DW_AT_type
	.byte	0                               @ End Of Children Mark
	.byte	22                              @ Abbrev [22] 0x57e:0x6c DW_TAG_subprogram
	.long	.Lfunc_begin2                   @ DW_AT_low_pc
	.long	.Lfunc_end2                     @ DW_AT_high_pc
	.byte	1                               @ DW_AT_frame_base
	.byte	93
	.long	.Linfo_string90                 @ DW_AT_name
	.byte	10                              @ DW_AT_decl_file
	.byte	170                             @ DW_AT_decl_line
	.byte	1                               @ DW_AT_prototyped
	.long	788                             @ DW_AT_type
	.byte	1                               @ DW_AT_external
	.byte	23                              @ Abbrev [23] 0x595:0xe DW_TAG_formal_parameter
	.byte	2                               @ DW_AT_location
	.byte	145
	.byte	52
	.long	.Linfo_string30                 @ DW_AT_name
	.byte	10                              @ DW_AT_decl_file
	.byte	170                             @ DW_AT_decl_line
	.long	416                             @ DW_AT_type
	.byte	23                              @ Abbrev [23] 0x5a3:0xe DW_TAG_formal_parameter
	.byte	2                               @ DW_AT_location
	.byte	145
	.byte	48
	.long	.Linfo_string79                 @ DW_AT_name
	.byte	10                              @ DW_AT_decl_file
	.byte	171                             @ DW_AT_decl_line
	.long	987                             @ DW_AT_type
	.byte	23                              @ Abbrev [23] 0x5b1:0xe DW_TAG_formal_parameter
	.byte	2                               @ DW_AT_location
	.byte	145
	.byte	44
	.long	.Linfo_string40                 @ DW_AT_name
	.byte	10                              @ DW_AT_decl_file
	.byte	172                             @ DW_AT_decl_line
	.long	987                             @ DW_AT_type
	.byte	23                              @ Abbrev [23] 0x5bf:0xe DW_TAG_formal_parameter
	.byte	2                               @ DW_AT_location
	.byte	145
	.byte	40
	.long	.Linfo_string41                 @ DW_AT_name
	.byte	10                              @ DW_AT_decl_file
	.byte	173                             @ DW_AT_decl_line
	.long	987                             @ DW_AT_type
	.byte	24                              @ Abbrev [24] 0x5cd:0xe DW_TAG_variable
	.byte	2                               @ DW_AT_location
	.byte	145
	.byte	39
	.long	.Linfo_string94                 @ DW_AT_name
	.byte	10                              @ DW_AT_decl_file
	.byte	175                             @ DW_AT_decl_line
	.long	788                             @ DW_AT_type
	.byte	24                              @ Abbrev [24] 0x5db:0xe DW_TAG_variable
	.byte	2                               @ DW_AT_location
	.byte	145
	.byte	4
	.long	.Linfo_string77                 @ DW_AT_name
	.byte	10                              @ DW_AT_decl_file
	.byte	176                             @ DW_AT_decl_line
	.long	193                             @ DW_AT_type
	.byte	0                               @ End Of Children Mark
	.byte	25                              @ Abbrev [25] 0x5ea:0x33 DW_TAG_subprogram
	.long	.Lfunc_begin3                   @ DW_AT_low_pc
	.long	.Lfunc_end3                     @ DW_AT_high_pc
	.byte	1                               @ DW_AT_frame_base
	.byte	93
	.long	.Linfo_string91                 @ DW_AT_name
	.byte	10                              @ DW_AT_decl_file
	.byte	84                              @ DW_AT_decl_line
	.byte	1                               @ DW_AT_prototyped
	.long	788                             @ DW_AT_type
	.byte	23                              @ Abbrev [23] 0x600:0xe DW_TAG_formal_parameter
	.byte	2                               @ DW_AT_location
	.byte	145
	.byte	4
	.long	.Linfo_string95                 @ DW_AT_name
	.byte	10                              @ DW_AT_decl_file
	.byte	84                              @ DW_AT_decl_line
	.long	1710                            @ DW_AT_type
	.byte	24                              @ Abbrev [24] 0x60e:0xe DW_TAG_variable
	.byte	2                               @ DW_AT_location
	.byte	145
	.byte	0
	.long	.Linfo_string77                 @ DW_AT_name
	.byte	10                              @ DW_AT_decl_file
	.byte	88                              @ DW_AT_decl_line
	.long	188                             @ DW_AT_type
	.byte	0                               @ End Of Children Mark
	.byte	22                              @ Abbrev [22] 0x61d:0x5e DW_TAG_subprogram
	.long	.Lfunc_begin4                   @ DW_AT_low_pc
	.long	.Lfunc_end4                     @ DW_AT_high_pc
	.byte	1                               @ DW_AT_frame_base
	.byte	93
	.long	.Linfo_string92                 @ DW_AT_name
	.byte	10                              @ DW_AT_decl_file
	.byte	206                             @ DW_AT_decl_line
	.byte	1                               @ DW_AT_prototyped
	.long	788                             @ DW_AT_type
	.byte	1                               @ DW_AT_external
	.byte	23                              @ Abbrev [23] 0x634:0xe DW_TAG_formal_parameter
	.byte	2                               @ DW_AT_location
	.byte	145
	.byte	44
	.long	.Linfo_string30                 @ DW_AT_name
	.byte	10                              @ DW_AT_decl_file
	.byte	206                             @ DW_AT_decl_line
	.long	416                             @ DW_AT_type
	.byte	23                              @ Abbrev [23] 0x642:0xe DW_TAG_formal_parameter
	.byte	2                               @ DW_AT_location
	.byte	145
	.byte	40
	.long	.Linfo_string83                 @ DW_AT_name
	.byte	10                              @ DW_AT_decl_file
	.byte	206                             @ DW_AT_decl_line
	.long	1180                            @ DW_AT_type
	.byte	23                              @ Abbrev [23] 0x650:0xe DW_TAG_formal_parameter
	.byte	2                               @ DW_AT_location
	.byte	145
	.byte	36
	.long	.Linfo_string85                 @ DW_AT_name
	.byte	10                              @ DW_AT_decl_file
	.byte	207                             @ DW_AT_decl_line
	.long	1191                            @ DW_AT_type
	.byte	24                              @ Abbrev [24] 0x65e:0xe DW_TAG_variable
	.byte	2                               @ DW_AT_location
	.byte	145
	.byte	35
	.long	.Linfo_string94                 @ DW_AT_name
	.byte	10                              @ DW_AT_decl_file
	.byte	209                             @ DW_AT_decl_line
	.long	788                             @ DW_AT_type
	.byte	24                              @ Abbrev [24] 0x66c:0xe DW_TAG_variable
	.byte	2                               @ DW_AT_location
	.byte	145
	.byte	0
	.long	.Linfo_string77                 @ DW_AT_name
	.byte	10                              @ DW_AT_decl_file
	.byte	210                             @ DW_AT_decl_line
	.long	193                             @ DW_AT_type
	.byte	0                               @ End Of Children Mark
	.byte	25                              @ Abbrev [25] 0x67b:0x33 DW_TAG_subprogram
	.long	.Lfunc_begin5                   @ DW_AT_low_pc
	.long	.Lfunc_end5                     @ DW_AT_high_pc
	.byte	1                               @ DW_AT_frame_base
	.byte	93
	.long	.Linfo_string93                 @ DW_AT_name
	.byte	10                              @ DW_AT_decl_file
	.byte	103                             @ DW_AT_decl_line
	.byte	1                               @ DW_AT_prototyped
	.long	788                             @ DW_AT_type
	.byte	23                              @ Abbrev [23] 0x691:0xe DW_TAG_formal_parameter
	.byte	2                               @ DW_AT_location
	.byte	145
	.byte	8
	.long	.Linfo_string95                 @ DW_AT_name
	.byte	10                              @ DW_AT_decl_file
	.byte	103                             @ DW_AT_decl_line
	.long	1710                            @ DW_AT_type
	.byte	24                              @ Abbrev [24] 0x69f:0xe DW_TAG_variable
	.byte	2                               @ DW_AT_location
	.byte	145
	.byte	4
	.long	.Linfo_string77                 @ DW_AT_name
	.byte	10                              @ DW_AT_decl_file
	.byte	107                             @ DW_AT_decl_line
	.long	188                             @ DW_AT_type
	.byte	0                               @ End Of Children Mark
	.byte	7                               @ Abbrev [7] 0x6ae:0x5 DW_TAG_pointer_type
	.long	373                             @ DW_AT_type
	.byte	0                               @ End Of Children Mark
.Ldebug_info_end0:
	.section	.debug_ranges,"",%progbits
.Ldebug_ranges0:
	.long	.Lfunc_begin0
	.long	.Lfunc_end0
	.long	.Lfunc_begin1
	.long	.Lfunc_end1
	.long	.Lfunc_begin2
	.long	.Lfunc_end2
	.long	.Lfunc_begin3
	.long	.Lfunc_end3
	.long	.Lfunc_begin4
	.long	.Lfunc_end4
	.long	.Lfunc_begin5
	.long	.Lfunc_end5
	.long	0
	.long	0
	.section	.debug_str,"MS",%progbits,1
.Linfo_string0:
	.asciz	"Component: ARM Compiler 6.16 Tool: armclang [5dfeb700]" @ string offset=0
.Linfo_string1:
	.asciz	"rt-thread/components/net/lwip-2.0.2/src/api\\netifapi.c" @ string offset=55
.Linfo_string2:
	.asciz	"E:\\Smart-access-control\\Hardware\\CODE" @ string offset=110
.Linfo_string3:
	.asciz	"unsigned char"                 @ string offset=148
.Linfo_string4:
	.asciz	"NETIF_DEL_MAC_FILTER"          @ string offset=162
.Linfo_string5:
	.asciz	"NETIF_ADD_MAC_FILTER"          @ string offset=183
.Linfo_string6:
	.asciz	"netif_mac_filter_action"       @ string offset=204
.Linfo_string7:
	.asciz	"signed char"                   @ string offset=228
.Linfo_string8:
	.asciz	"ERR_OK"                        @ string offset=240
.Linfo_string9:
	.asciz	"ERR_MEM"                       @ string offset=247
.Linfo_string10:
	.asciz	"ERR_BUF"                       @ string offset=255
.Linfo_string11:
	.asciz	"ERR_TIMEOUT"                   @ string offset=263
.Linfo_string12:
	.asciz	"ERR_RTE"                       @ string offset=275
.Linfo_string13:
	.asciz	"ERR_INPROGRESS"                @ string offset=283
.Linfo_string14:
	.asciz	"ERR_VAL"                       @ string offset=298
.Linfo_string15:
	.asciz	"ERR_WOULDBLOCK"                @ string offset=306
.Linfo_string16:
	.asciz	"ERR_USE"                       @ string offset=321
.Linfo_string17:
	.asciz	"ERR_ALREADY"                   @ string offset=329
.Linfo_string18:
	.asciz	"ERR_ISCONN"                    @ string offset=341
.Linfo_string19:
	.asciz	"ERR_CONN"                      @ string offset=352
.Linfo_string20:
	.asciz	"ERR_IF"                        @ string offset=361
.Linfo_string21:
	.asciz	"ERR_ABRT"                      @ string offset=368
.Linfo_string22:
	.asciz	"ERR_RST"                       @ string offset=377
.Linfo_string23:
	.asciz	"ERR_CLSD"                      @ string offset=385
.Linfo_string24:
	.asciz	"ERR_ARG"                       @ string offset=394
.Linfo_string25:
	.asciz	"call"                          @ string offset=402
.Linfo_string26:
	.asciz	"dummy"                         @ string offset=407
.Linfo_string27:
	.asciz	"uint8_t"                       @ string offset=413
.Linfo_string28:
	.asciz	"u8_t"                          @ string offset=421
.Linfo_string29:
	.asciz	"tcpip_api_call_data"           @ string offset=426
.Linfo_string30:
	.asciz	"netif"                         @ string offset=446
.Linfo_string31:
	.asciz	"next"                          @ string offset=452
.Linfo_string32:
	.asciz	"ip_addr"                       @ string offset=457
.Linfo_string33:
	.asciz	"addr"                          @ string offset=465
.Linfo_string34:
	.asciz	"unsigned int"                  @ string offset=470
.Linfo_string35:
	.asciz	"uint32_t"                      @ string offset=483
.Linfo_string36:
	.asciz	"u32_t"                         @ string offset=492
.Linfo_string37:
	.asciz	"ip4_addr"                      @ string offset=498
.Linfo_string38:
	.asciz	"ip4_addr_t"                    @ string offset=507
.Linfo_string39:
	.asciz	"ip_addr_t"                     @ string offset=518
.Linfo_string40:
	.asciz	"netmask"                       @ string offset=528
.Linfo_string41:
	.asciz	"gw"                            @ string offset=536
.Linfo_string42:
	.asciz	"input"                         @ string offset=539
.Linfo_string43:
	.asciz	"int8_t"                        @ string offset=545
.Linfo_string44:
	.asciz	"s8_t"                          @ string offset=552
.Linfo_string45:
	.asciz	"err_t"                         @ string offset=557
.Linfo_string46:
	.asciz	"payload"                       @ string offset=563
.Linfo_string47:
	.asciz	"tot_len"                       @ string offset=571
.Linfo_string48:
	.asciz	"unsigned short"                @ string offset=579
.Linfo_string49:
	.asciz	"uint16_t"                      @ string offset=594
.Linfo_string50:
	.asciz	"u16_t"                         @ string offset=603
.Linfo_string51:
	.asciz	"len"                           @ string offset=609
.Linfo_string52:
	.asciz	"type"                          @ string offset=613
.Linfo_string53:
	.asciz	"flags"                         @ string offset=618
.Linfo_string54:
	.asciz	"ref"                           @ string offset=624
.Linfo_string55:
	.asciz	"pbuf"                          @ string offset=628
.Linfo_string56:
	.asciz	"netif_input_fn"                @ string offset=633
.Linfo_string57:
	.asciz	"output"                        @ string offset=648
.Linfo_string58:
	.asciz	"netif_output_fn"               @ string offset=655
.Linfo_string59:
	.asciz	"linkoutput"                    @ string offset=671
.Linfo_string60:
	.asciz	"netif_linkoutput_fn"           @ string offset=682
.Linfo_string61:
	.asciz	"status_callback"               @ string offset=702
.Linfo_string62:
	.asciz	"netif_status_callback_fn"      @ string offset=718
.Linfo_string63:
	.asciz	"link_callback"                 @ string offset=743
.Linfo_string64:
	.asciz	"state"                         @ string offset=757
.Linfo_string65:
	.asciz	"client_data"                   @ string offset=763
.Linfo_string66:
	.asciz	"__ARRAY_SIZE_TYPE__"           @ string offset=775
.Linfo_string67:
	.asciz	"rs_count"                      @ string offset=795
.Linfo_string68:
	.asciz	"hostname"                      @ string offset=804
.Linfo_string69:
	.asciz	"char"                          @ string offset=813
.Linfo_string70:
	.asciz	"mtu"                           @ string offset=818
.Linfo_string71:
	.asciz	"hwaddr_len"                    @ string offset=822
.Linfo_string72:
	.asciz	"hwaddr"                        @ string offset=833
.Linfo_string73:
	.asciz	"name"                          @ string offset=840
.Linfo_string74:
	.asciz	"num"                           @ string offset=845
.Linfo_string75:
	.asciz	"igmp_mac_filter"               @ string offset=849
.Linfo_string76:
	.asciz	"netif_igmp_mac_filter_fn"      @ string offset=865
.Linfo_string77:
	.asciz	"msg"                           @ string offset=890
.Linfo_string78:
	.asciz	"add"                           @ string offset=894
.Linfo_string79:
	.asciz	"ipaddr"                        @ string offset=898
.Linfo_string80:
	.asciz	"init"                          @ string offset=905
.Linfo_string81:
	.asciz	"netif_init_fn"                 @ string offset=910
.Linfo_string82:
	.asciz	"common"                        @ string offset=924
.Linfo_string83:
	.asciz	"voidfunc"                      @ string offset=931
.Linfo_string84:
	.asciz	"netifapi_void_fn"              @ string offset=940
.Linfo_string85:
	.asciz	"errtfunc"                      @ string offset=957
.Linfo_string86:
	.asciz	"netifapi_errt_fn"              @ string offset=966
.Linfo_string87:
	.asciz	"netifapi_msg"                  @ string offset=983
.Linfo_string88:
	.asciz	"netifapi_netif_add"            @ string offset=996
.Linfo_string89:
	.asciz	"netifapi_do_netif_add"         @ string offset=1015
.Linfo_string90:
	.asciz	"netifapi_netif_set_addr"       @ string offset=1037
.Linfo_string91:
	.asciz	"netifapi_do_netif_set_addr"    @ string offset=1061
.Linfo_string92:
	.asciz	"netifapi_netif_common"         @ string offset=1088
.Linfo_string93:
	.asciz	"netifapi_do_netif_common"      @ string offset=1110
.Linfo_string94:
	.asciz	"err"                           @ string offset=1135
.Linfo_string95:
	.asciz	"m"                             @ string offset=1139
	.ident	"Component: ARM Compiler 6.16 Tool: armclang [5dfeb700]"
	.section	".note.GNU-stack","",%progbits
	.eabi_attribute	30, 6	@ Tag_ABI_optimization_goals
	.ARM_attribute	16, 1	@ Tag_AV_eba
	.section	.debug_line,"",%progbits
.Lline_table_start0:
