	.text
	.syntax unified
	.eabi_attribute	67, "2.09"	@ Tag_conformance
	.cpu	cortex-m7
	.eabi_attribute	6, 13	@ Tag_CPU_arch
	.eabi_attribute	7, 77	@ Tag_CPU_arch_profile
	.eabi_attribute	8, 0	@ Tag_ARM_ISA_use
	.eabi_attribute	9, 2	@ Tag_THUMB_ISA_use
	.fpu	fpv5-d16
	.eabi_attribute	36, 1	@ Tag_FP_HP_extension
	.eabi_attribute	34, 1	@ Tag_CPU_unaligned_access
	.eabi_attribute	17, 1	@ Tag_ABI_PCS_GOT_use
	.eabi_attribute	20, 2	@ Tag_ABI_FP_denormal
	.eabi_attribute	21, 0	@ Tag_ABI_FP_exceptions
	.eabi_attribute	23, 1	@ Tag_ABI_FP_number_model
	.eabi_attribute	24, 1	@ Tag_ABI_align_needed
	.eabi_attribute	25, 1	@ Tag_ABI_align_preserved
	.eabi_attribute	28, 1	@ Tag_ABI_VFP_args
	.eabi_attribute	38, 1	@ Tag_ABI_FP_16bit_format
	.eabi_attribute	18, 2	@ Tag_ABI_PCS_wchar_t
	.eabi_attribute	26, 1	@ Tag_ABI_enum_size
	.eabi_attribute	14, 0	@ Tag_ABI_PCS_R9_use
	.file	"ping.c"
	.file	1 "D:\\Keil_v5\\ARM\\ARMCLANG\\Bin\\..\\include" "stdint.h"
	.file	2 "E:\\Smart-access-control\\Hardware\\CODE" "./rt-thread/components/net/lwip-2.0.2/src/include\\lwip/arch.h"
	.file	3 "E:\\Smart-access-control\\Hardware\\CODE" "rt-thread/components/net/lwip-2.0.2/src/apps/ping/ping.c"
	.file	4 "E:\\Smart-access-control\\Hardware\\CODE" "./rt-thread/components/net/lwip-2.0.2/src/include\\lwip/err.h"
	.file	5 "E:\\Smart-access-control\\Hardware\\CODE" "./rt-thread/components/net/lwip-2.0.2/src/include\\lwip/sockets.h"
	.file	6 "E:\\Smart-access-control\\Hardware\\CODE" "./rt-thread/components/net/lwip-2.0.2/src/include\\lwip/prot/ip4.h"
	.file	7 "E:\\Smart-access-control\\Hardware\\CODE" "./rt-thread/components/net/lwip-2.0.2/src/include\\lwip/prot/icmp.h"
	.section	.text.lwip_ping_send,"ax",%progbits
	.hidden	lwip_ping_send                  @ -- Begin function lwip_ping_send
	.globl	lwip_ping_send
	.p2align	3
	.type	lwip_ping_send,%function
	.code	16                              @ @lwip_ping_send
	.thumb_func
lwip_ping_send:
.Lfunc_begin0:
	.loc	3 77 0                          @ rt-thread/components/net/lwip-2.0.2/src/apps/ping/ping.c:77:0
	.fnstart
	.cfi_sections .debug_frame
	.cfi_startproc
@ %bb.0:
	@DEBUG_VALUE: lwip_ping_send:s <- $r0
	@DEBUG_VALUE: lwip_ping_send:addr <- $r1
	@DEBUG_VALUE: lwip_ping_send:size <- $r2
	@DEBUG_VALUE: lwip_ping_send:size <- $r2
	.save	{r4, r5, r6, r7, lr}
	push	{r4, r5, r6, r7, lr}
	.cfi_def_cfa_offset 20
	.cfi_offset lr, -4
	.cfi_offset r7, -8
	.cfi_offset r6, -12
	.cfi_offset r5, -16
	.cfi_offset r4, -20
	.pad	#28
	sub	sp, #28
	.cfi_def_cfa_offset 48
.Ltmp0:
	.loc	3 81 50 prologue_end            @ rt-thread/components/net/lwip-2.0.2/src/apps/ping/ping.c:81:50
	add.w	r4, r2, #8
.Ltmp1:
	@DEBUG_VALUE: lwip_ping_send:ping_size <- $r4
	.loc	3 0 50 is_stmt 0                @ rt-thread/components/net/lwip-2.0.2/src/apps/ping/ping.c:0:50
	mov	r6, r1
.Ltmp2:
	@DEBUG_VALUE: lwip_ping_send:addr <- $r6
	@DEBUG_VALUE: lwip_ping_send:addr <- $r6
	.loc	3 82 5 is_stmt 1                @ rt-thread/components/net/lwip-2.0.2/src/apps/ping/ping.c:82:5
	cmp.w	r4, #65536
	mov	r5, r0
.Ltmp3:
	@DEBUG_VALUE: lwip_ping_send:s <- $r5
	@DEBUG_VALUE: lwip_ping_send:s <- $r5
	blt	.LBB0_2
.Ltmp4:
@ %bb.1:
	@DEBUG_VALUE: lwip_ping_send:addr <- $r6
	@DEBUG_VALUE: lwip_ping_send:s <- $r5
	@DEBUG_VALUE: lwip_ping_send:ping_size <- $r4
	@DEBUG_VALUE: lwip_ping_send:size <- $r2
	.loc	3 82 5 is_stmt 0                @ rt-thread/components/net/lwip-2.0.2/src/apps/ping/ping.c:82:5
	adr	r0, .LCPI0_0
	bl	rt_kprintf
.Ltmp5:
	@DEBUG_VALUE: lwip_ping_send:size <- [DW_OP_LLVM_entry_value 1] $r2
	adr	r0, .LCPI0_1
	movs	r1, #82
	bl	sys_arch_assert
.Ltmp6:
.LBB0_2:
	@DEBUG_VALUE: lwip_ping_send:addr <- $r6
	@DEBUG_VALUE: lwip_ping_send:s <- $r5
	@DEBUG_VALUE: lwip_ping_send:ping_size <- $r4
	.loc	3 84 13 is_stmt 1               @ rt-thread/components/net/lwip-2.0.2/src/apps/ping/ping.c:84:13
	mov	r0, r4
	bl	rt_malloc
.Ltmp7:
	@DEBUG_VALUE: lwip_ping_send:iecho <- $r0
	.loc	3 85 9                          @ rt-thread/components/net/lwip-2.0.2/src/apps/ping/ping.c:85:9
	cbz	r0, .LBB0_4
.Ltmp8:
@ %bb.3:
	@DEBUG_VALUE: lwip_ping_send:addr <- $r6
	@DEBUG_VALUE: lwip_ping_send:s <- $r5
	@DEBUG_VALUE: lwip_ping_send:ping_size <- $r4
	@DEBUG_VALUE: lwip_ping_send:iecho <- $r0
	.loc	3 90 5                          @ rt-thread/components/net/lwip-2.0.2/src/apps/ping/ping.c:90:5
	uxth	r1, r4
	.loc	3 0 0 is_stmt 0                 @ rt-thread/components/net/lwip-2.0.2/src/apps/ping/ping.c:0:0
	mov	r7, r0
.Ltmp9:
	@DEBUG_VALUE: lwip_ping_send:iecho <- $r7
	@DEBUG_VALUE: lwip_ping_send:iecho <- $r7
	.loc	3 90 5                          @ rt-thread/components/net/lwip-2.0.2/src/apps/ping/ping.c:90:5
	bl	ping_prepare_echo
	mov.w	r0, #528
	.loc	3 92 16 is_stmt 1               @ rt-thread/components/net/lwip-2.0.2/src/apps/ping/ping.c:92:16
	strh.w	r0, [sp, #12]
	.loc	3 97 32                         @ rt-thread/components/net/lwip-2.0.2/src/apps/ping/ping.c:97:32
	ldr	r0, [r6]
	.loc	3 97 24 is_stmt 0               @ rt-thread/components/net/lwip-2.0.2/src/apps/ping/ping.c:97:24
	str	r0, [sp, #16]
	add	r0, sp, #12
	.loc	3 102 11 is_stmt 1              @ rt-thread/components/net/lwip-2.0.2/src/apps/ping/ping.c:102:11
	str	r0, [sp]
	movs	r3, #0
	movs	r0, #16
	str	r0, [sp, #4]
	mov	r0, r5
	mov	r1, r7
	mov	r2, r4
	bl	lwip_sendto
	mov	r5, r0
.Ltmp10:
	@DEBUG_VALUE: lwip_ping_send:s <- [DW_OP_LLVM_entry_value 1] $r0
	@DEBUG_VALUE: lwip_ping_send:err <- $r5
	.loc	3 103 5                         @ rt-thread/components/net/lwip-2.0.2/src/apps/ping/ping.c:103:5
	mov	r0, r7
	bl	rt_free
	.loc	3 105 12                        @ rt-thread/components/net/lwip-2.0.2/src/apps/ping/ping.c:105:12
	subs	r0, r5, r4
	it	ne
	mvnne	r0, #5
	b	.LBB0_5
.Ltmp11:
.LBB0_4:
	@DEBUG_VALUE: lwip_ping_send:addr <- $r6
	@DEBUG_VALUE: lwip_ping_send:s <- $r5
	@DEBUG_VALUE: lwip_ping_send:ping_size <- $r4
	@DEBUG_VALUE: lwip_ping_send:iecho <- $r0
	.loc	3 0 12 is_stmt 0                @ rt-thread/components/net/lwip-2.0.2/src/apps/ping/ping.c:0:12
	movs	r0, #255
.Ltmp12:
.LBB0_5:
	@DEBUG_VALUE: lwip_ping_send:addr <- $r6
	@DEBUG_VALUE: lwip_ping_send:ping_size <- $r4
	.loc	3 106 1 is_stmt 1               @ rt-thread/components/net/lwip-2.0.2/src/apps/ping/ping.c:106:1
	sxtb	r0, r0
	add	sp, #28
	pop	{r4, r5, r6, r7, pc}
.Ltmp13:
	.p2align	2
@ %bb.6:
	.loc	3 0 1 is_stmt 0                 @ rt-thread/components/net/lwip-2.0.2/src/apps/ping/ping.c:0:1
.LCPI0_0:
.L.str:
	.asciz	"ping_size is too big\000\000\000"
.LCPI0_1:
.L.str.1:
	.asciz	"rt-thread/components/net/lwip-2.0.2/src/apps/ping/ping.c\000\000\000"
.Lfunc_end0:
	.size	lwip_ping_send, .Lfunc_end0-lwip_ping_send
	.cfi_endproc
	.cantunwind
	.fnend
                                        @ -- End function
	.section	.text.ping_prepare_echo,"ax",%progbits
	.p2align	3                               @ -- Begin function ping_prepare_echo
	.type	ping_prepare_echo,%function
	.code	16                              @ @ping_prepare_echo
	.thumb_func
ping_prepare_echo:
.Lfunc_begin1:
	.loc	3 51 0 is_stmt 1                @ rt-thread/components/net/lwip-2.0.2/src/apps/ping/ping.c:51:0
	.fnstart
	.cfi_startproc
@ %bb.0:
	@DEBUG_VALUE: ping_prepare_echo:iecho <- $r0
	@DEBUG_VALUE: ping_prepare_echo:len <- $r1
	.save	{r4, r5, r6, lr}
	push	{r4, r5, r6, lr}
	.cfi_def_cfa_offset 16
	.cfi_offset lr, -4
	.cfi_offset r6, -8
	.cfi_offset r5, -12
	.cfi_offset r4, -16
	mov	r4, r0
.Ltmp14:
	@DEBUG_VALUE: ping_prepare_echo:iecho <- $r4
	movs	r0, #8
.Ltmp15:
	@DEBUG_VALUE: ping_prepare_echo:data_len <- undef
	@DEBUG_VALUE: ping_prepare_echo:iecho <- $r4
	mov	r6, r1
.Ltmp16:
	@DEBUG_VALUE: ping_prepare_echo:len <- $r6
	@DEBUG_VALUE: ping_prepare_echo:len <- $r6
	movs	r2, #0
.Ltmp17:
	.loc	3 55 5 prologue_end             @ rt-thread/components/net/lwip-2.0.2/src/apps/ping/ping.c:55:5
	strh	r0, [r4]
	.loc	3 59 21                         @ rt-thread/components/net/lwip-2.0.2/src/apps/ping/ping.c:59:21
	movw	r0, :lower16:ping_seq_num
	movt	r0, :upper16:ping_seq_num
	movt	r2, #44975
	.loc	3 57 19                         @ rt-thread/components/net/lwip-2.0.2/src/apps/ping/ping.c:57:19
	str.w	r2, [r4, #2]
	.loc	3 59 21                         @ rt-thread/components/net/lwip-2.0.2/src/apps/ping/ping.c:59:21
	ldrh	r3, [r0]
	adds	r1, r3, #1
	strh	r1, [r0]
	uxth	r0, r1
	bl	lwip_htons
.Ltmp18:
	.loc	3 62 5                          @ rt-thread/components/net/lwip-2.0.2/src/apps/ping/ping.c:62:5
	cmp	r6, #8
.Ltmp19:
	.loc	3 59 19                         @ rt-thread/components/net/lwip-2.0.2/src/apps/ping/ping.c:59:19
	strh	r0, [r4, #6]
.Ltmp20:
	@DEBUG_VALUE: ping_prepare_echo:i <- 0
	.loc	3 62 5                          @ rt-thread/components/net/lwip-2.0.2/src/apps/ping/ping.c:62:5
	beq	.LBB1_3
.Ltmp21:
@ %bb.1:
	@DEBUG_VALUE: ping_prepare_echo:len <- $r6
	@DEBUG_VALUE: ping_prepare_echo:iecho <- $r4
	@DEBUG_VALUE: ping_prepare_echo:i <- 0
	rsbs	r0, r6, #0
	movs	r1, #7
.Ltmp22:
	.p2align	2
.LBB1_2:                                @ =>This Inner Loop Header: Depth=1
	@DEBUG_VALUE: ping_prepare_echo:len <- $r6
	@DEBUG_VALUE: ping_prepare_echo:iecho <- $r4
	@DEBUG_VALUE: ping_prepare_echo:i <- [DW_OP_constu 7, DW_OP_minus, DW_OP_stack_value] $r1
	.loc	3 64 61                         @ rt-thread/components/net/lwip-2.0.2/src/apps/ping/ping.c:64:61
	subs	r2, r1, #7
	.loc	3 64 59 is_stmt 0               @ rt-thread/components/net/lwip-2.0.2/src/apps/ping/ping.c:64:59
	adds	r3, r4, r1
.Ltmp23:
	.loc	3 62 19 is_stmt 1               @ rt-thread/components/net/lwip-2.0.2/src/apps/ping/ping.c:62:19
	adds	r1, #1
.Ltmp24:
	adds	r5, r0, r1
.Ltmp25:
	.loc	3 64 59                         @ rt-thread/components/net/lwip-2.0.2/src/apps/ping/ping.c:64:59
	strb	r2, [r3, #1]
.Ltmp26:
	@DEBUG_VALUE: ping_prepare_echo:i <- [DW_OP_constu 6, DW_OP_minus, DW_OP_stack_value] $r1
	.loc	3 62 5                          @ rt-thread/components/net/lwip-2.0.2/src/apps/ping/ping.c:62:5
	adds	r5, #1
	bne	.LBB1_2
.Ltmp27:
.LBB1_3:
	@DEBUG_VALUE: ping_prepare_echo:len <- $r6
	@DEBUG_VALUE: ping_prepare_echo:iecho <- $r4
	.loc	3 70 23                         @ rt-thread/components/net/lwip-2.0.2/src/apps/ping/ping.c:70:23
	mov	r0, r4
	mov	r1, r6
	bl	inet_chksum
	.loc	3 70 21 is_stmt 0               @ rt-thread/components/net/lwip-2.0.2/src/apps/ping/ping.c:70:21
	strh	r0, [r4, #2]
	.loc	3 73 1 is_stmt 1                @ rt-thread/components/net/lwip-2.0.2/src/apps/ping/ping.c:73:1
	pop	{r4, r5, r6, pc}
.Ltmp28:
.Lfunc_end1:
	.size	ping_prepare_echo, .Lfunc_end1-ping_prepare_echo
	.cfi_endproc
	.cantunwind
	.fnend
                                        @ -- End function
	.section	.text.lwip_ping_recv,"ax",%progbits
	.hidden	lwip_ping_recv                  @ -- Begin function lwip_ping_recv
	.globl	lwip_ping_recv
	.p2align	3
	.type	lwip_ping_recv,%function
	.code	16                              @ @lwip_ping_recv
	.thumb_func
lwip_ping_recv:
.Lfunc_begin2:
	.loc	3 109 0                         @ rt-thread/components/net/lwip-2.0.2/src/apps/ping/ping.c:109:0
	.fnstart
	.cfi_startproc
@ %bb.0:
	@DEBUG_VALUE: lwip_ping_recv:s <- $r0
	@DEBUG_VALUE: lwip_ping_recv:ttl <- $r1
	.save	{r4, r5, r6, r7, r8, r9, r10, r11, lr}
	push.w	{r4, r5, r6, r7, r8, r9, r10, r11, lr}
	.cfi_def_cfa_offset 36
	.cfi_offset lr, -4
	.cfi_offset r11, -8
	.cfi_offset r10, -12
	.cfi_offset r9, -16
	.cfi_offset r8, -20
	.cfi_offset r7, -24
	.cfi_offset r6, -28
	.cfi_offset r5, -32
	.cfi_offset r4, -36
	.pad	#100
	sub	sp, #100
	.cfi_def_cfa_offset 136
	mov	r5, r0
.Ltmp29:
	@DEBUG_VALUE: lwip_ping_recv:s <- $r5
	add	r6, sp, #36
	mov	r8, r1
.Ltmp30:
	@DEBUG_VALUE: lwip_ping_recv:ttl <- $r8
	movs	r0, #16
.Ltmp31:
	@DEBUG_VALUE: lwip_ping_recv:fromlen <- 16
	@DEBUG_VALUE: lwip_ping_recv:ttl <- $r8
	@DEBUG_VALUE: lwip_ping_recv:s <- $r5
	.loc	3 111 9 prologue_end            @ rt-thread/components/net/lwip-2.0.2/src/apps/ping/ping.c:111:9
	str	r0, [sp, #32]
.Ltmp32:
	@DEBUG_VALUE: lwip_ping_recv:fromlen <- [DW_OP_plus_uconst 32, DW_OP_deref] $sp
	.loc	3 116 19                        @ rt-thread/components/net/lwip-2.0.2/src/apps/ping/ping.c:116:19
	movs	r2, #64
	movs	r3, #0
	mov	r0, r5
	mov	r1, r6
	add.w	r9, sp, #16
	str.w	r9, [sp]
	add	r4, sp, #32
	str	r4, [sp, #4]
	bl	lwip_recvfrom
	mov	r7, r0
.Ltmp33:
	@DEBUG_VALUE: lwip_ping_recv:len <- $r7
	.loc	3 116 5 is_stmt 0               @ rt-thread/components/net/lwip-2.0.2/src/apps/ping/ping.c:116:5
	cmp	r0, #1
	blt	.LBB2_7
.Ltmp34:
@ %bb.1:
	@DEBUG_VALUE: lwip_ping_recv:ttl <- $r8
	@DEBUG_VALUE: lwip_ping_recv:len <- $r7
	@DEBUG_VALUE: lwip_ping_recv:s <- $r5
	@DEBUG_VALUE: lwip_ping_recv:fromlen <- [DW_OP_plus_uconst 32, DW_OP_deref] $sp
	.loc	3 0 5                           @ rt-thread/components/net/lwip-2.0.2/src/apps/ping/ping.c:0:5
	movw	r11, :lower16:ping_seq_num
	movw	r10, #44975
	movt	r11, :upper16:ping_seq_num
	str.w	r8, [sp, #12]                   @ 4-byte Spill
.Ltmp35:
	@DEBUG_VALUE: lwip_ping_recv:ttl <- [DW_OP_plus_uconst 12] [$sp+0]
	b	.LBB2_3
.Ltmp36:
	.p2align	2
.LBB2_2:                                @   in Loop: Header=BB2_3 Depth=1
	@DEBUG_VALUE: lwip_ping_recv:ttl <- [DW_OP_plus_uconst 12] [$sp+0]
	@DEBUG_VALUE: lwip_ping_recv:len <- $r7
	@DEBUG_VALUE: lwip_ping_recv:s <- $r5
	@DEBUG_VALUE: lwip_ping_recv:fromlen <- [DW_OP_plus_uconst 32, DW_OP_deref] $sp
	@DEBUG_VALUE: lwip_ping_recv:fromlen <- [DW_OP_plus_uconst 32, DW_OP_deref] $sp
	.loc	3 116 19                        @ rt-thread/components/net/lwip-2.0.2/src/apps/ping/ping.c:116:19
	movs	r2, #64
	movs	r3, #0
	mov	r0, r5
	mov	r1, r6
	str.w	r9, [sp]
	str	r4, [sp, #4]
	bl	lwip_recvfrom
	mov	r7, r0
.Ltmp37:
	@DEBUG_VALUE: lwip_ping_recv:len <- $r7
	.loc	3 116 5                         @ rt-thread/components/net/lwip-2.0.2/src/apps/ping/ping.c:116:5
	cmp	r0, #0
	ble	.LBB2_7
.Ltmp38:
.LBB2_3:                                @ =>This Inner Loop Header: Depth=1
	@DEBUG_VALUE: lwip_ping_recv:ttl <- [DW_OP_plus_uconst 12] [$sp+0]
	@DEBUG_VALUE: lwip_ping_recv:len <- $r7
	@DEBUG_VALUE: lwip_ping_recv:s <- $r5
	@DEBUG_VALUE: lwip_ping_recv:fromlen <- [DW_OP_plus_uconst 32, DW_OP_deref] $sp
	.loc	3 118 13 is_stmt 1              @ rt-thread/components/net/lwip-2.0.2/src/apps/ping/ping.c:118:13
	cmp	r7, #28
	blt	.LBB2_2
.Ltmp39:
@ %bb.4:                                @   in Loop: Header=BB2_3 Depth=1
	@DEBUG_VALUE: lwip_ping_recv:ttl <- [DW_OP_plus_uconst 12] [$sp+0]
	@DEBUG_VALUE: lwip_ping_recv:len <- $r7
	@DEBUG_VALUE: lwip_ping_recv:s <- $r5
	@DEBUG_VALUE: lwip_ping_recv:fromlen <- [DW_OP_plus_uconst 32, DW_OP_deref] $sp
	@DEBUG_VALUE: lwip_ping_recv:iphdr <- [DW_OP_plus_uconst 36, DW_OP_stack_value] $sp
	.loc	3 121 54                        @ rt-thread/components/net/lwip-2.0.2/src/apps/ping/ping.c:121:54
	ldrb.w	r0, [sp, #36]
	.loc	3 121 68 is_stmt 0              @ rt-thread/components/net/lwip-2.0.2/src/apps/ping/ping.c:121:68
	and	r0, r0, #15
	.loc	3 121 51                        @ rt-thread/components/net/lwip-2.0.2/src/apps/ping/ping.c:121:51
	add.w	r0, r6, r0, lsl #2
.Ltmp40:
	@DEBUG_VALUE: lwip_ping_recv:iecho <- $r0
	.loc	3 122 25 is_stmt 1              @ rt-thread/components/net/lwip-2.0.2/src/apps/ping/ping.c:122:25
	ldrh	r1, [r0, #4]
	.loc	3 122 40 is_stmt 0              @ rt-thread/components/net/lwip-2.0.2/src/apps/ping/ping.c:122:40
	cmp	r1, r10
	bne	.LBB2_2
.Ltmp41:
@ %bb.5:                                @   in Loop: Header=BB2_3 Depth=1
	@DEBUG_VALUE: lwip_ping_recv:ttl <- [DW_OP_plus_uconst 12] [$sp+0]
	@DEBUG_VALUE: lwip_ping_recv:len <- $r7
	@DEBUG_VALUE: lwip_ping_recv:s <- $r5
	@DEBUG_VALUE: lwip_ping_recv:iecho <- $r0
	@DEBUG_VALUE: lwip_ping_recv:iphdr <- [DW_OP_plus_uconst 36, DW_OP_stack_value] $sp
	@DEBUG_VALUE: lwip_ping_recv:fromlen <- [DW_OP_plus_uconst 32, DW_OP_deref] $sp
	@DEBUG_VALUE: lwip_ping_recv:iecho <- $r0
	.loc	3 122 51                        @ rt-thread/components/net/lwip-2.0.2/src/apps/ping/ping.c:122:51
	ldrh.w	r8, [r0, #6]
	.loc	3 122 60                        @ rt-thread/components/net/lwip-2.0.2/src/apps/ping/ping.c:122:60
	ldrh.w	r0, [r11]
.Ltmp42:
	bl	lwip_htons
.Ltmp43:
	.loc	3 122 17                        @ rt-thread/components/net/lwip-2.0.2/src/apps/ping/ping.c:122:17
	cmp	r8, r0
	bne	.LBB2_2
.Ltmp44:
@ %bb.6:
	@DEBUG_VALUE: lwip_ping_recv:ttl <- [DW_OP_plus_uconst 12] [$sp+0]
	@DEBUG_VALUE: lwip_ping_recv:len <- $r7
	@DEBUG_VALUE: lwip_ping_recv:s <- $r5
	@DEBUG_VALUE: lwip_ping_recv:iphdr <- [DW_OP_plus_uconst 36, DW_OP_stack_value] $sp
	@DEBUG_VALUE: lwip_ping_recv:fromlen <- [DW_OP_plus_uconst 32, DW_OP_deref] $sp
	.loc	3 124 22 is_stmt 1              @ rt-thread/components/net/lwip-2.0.2/src/apps/ping/ping.c:124:22
	ldr	r1, [sp, #12]                   @ 4-byte Reload
.Ltmp45:
	@DEBUG_VALUE: lwip_ping_recv:ttl <- $r1
	.loc	3 124 31 is_stmt 0              @ rt-thread/components/net/lwip-2.0.2/src/apps/ping/ping.c:124:31
	ldrb.w	r0, [sp, #44]
	.loc	3 124 22                        @ rt-thread/components/net/lwip-2.0.2/src/apps/ping/ping.c:124:22
	str	r0, [r1]
.Ltmp46:
.LBB2_7:
	@DEBUG_VALUE: lwip_ping_recv:len <- $r7
	@DEBUG_VALUE: lwip_ping_recv:s <- $r5
	@DEBUG_VALUE: lwip_ping_recv:fromlen <- [DW_OP_plus_uconst 32, DW_OP_deref] $sp
	.loc	3 131 1 is_stmt 1               @ rt-thread/components/net/lwip-2.0.2/src/apps/ping/ping.c:131:1
	mov	r0, r7
	add	sp, #100
	pop.w	{r4, r5, r6, r7, r8, r9, r10, r11, pc}
.Ltmp47:
.Lfunc_end2:
	.size	lwip_ping_recv, .Lfunc_end2-lwip_ping_recv
	.cfi_endproc
	.cantunwind
	.fnend
                                        @ -- End function
	.type	ping_seq_num,%object            @ @ping_seq_num
	.section	.bss.ping_seq_num,"aw",%nobits
	.p2align	1
ping_seq_num:
	.short	0                               @ 0x0
	.size	ping_seq_num, 2

	.file	8 "E:\\Smart-access-control\\Hardware\\CODE" "./rt-thread/components/net/lwip-2.0.2/src/include\\lwip/inet.h"
	.file	9 "E:\\Smart-access-control\\Hardware\\CODE" "./rt-thread/components/net/lwip-2.0.2/src/include\\lwip/ip4_addr.h"
	.file	10 "E:\\Smart-access-control\\Hardware\\CODE" "./rt-thread/components/net/lwip-2.0.2/src/include\\lwip/ip_addr.h"
	.file	11 "D:\\Keil_v5\\ARM\\ARMCLANG\\Bin\\..\\include" "time.h"
	.section	.debug_loc,"",%progbits
.Ldebug_loc0:
	.long	-1
	.long	.Lfunc_begin0                   @   base address
	.long	.Lfunc_begin0-.Lfunc_begin0
	.long	.Ltmp3-.Lfunc_begin0
	.short	1                               @ Loc expr size
	.byte	80                              @ DW_OP_reg0
	.long	.Ltmp3-.Lfunc_begin0
	.long	.Ltmp10-.Lfunc_begin0
	.short	1                               @ Loc expr size
	.byte	85                              @ DW_OP_reg5
	.long	.Ltmp10-.Lfunc_begin0
	.long	.Ltmp11-.Lfunc_begin0
	.short	3                               @ Loc expr size
	.byte	163                             @ DW_OP_entry_value
	.byte	1                               @ 1
	.byte	80                              @ DW_OP_reg0
	.long	.Ltmp11-.Lfunc_begin0
	.long	.Ltmp12-.Lfunc_begin0
	.short	1                               @ Loc expr size
	.byte	85                              @ DW_OP_reg5
	.long	0
	.long	0
.Ldebug_loc1:
	.long	-1
	.long	.Lfunc_begin0                   @   base address
	.long	.Lfunc_begin0-.Lfunc_begin0
	.long	.Ltmp2-.Lfunc_begin0
	.short	1                               @ Loc expr size
	.byte	81                              @ DW_OP_reg1
	.long	.Ltmp2-.Lfunc_begin0
	.long	.Ltmp13-.Lfunc_begin0
	.short	1                               @ Loc expr size
	.byte	86                              @ DW_OP_reg6
	.long	0
	.long	0
.Ldebug_loc2:
	.long	-1
	.long	.Lfunc_begin0                   @   base address
	.long	.Lfunc_begin0-.Lfunc_begin0
	.long	.Ltmp5-.Lfunc_begin0
	.short	1                               @ Loc expr size
	.byte	82                              @ DW_OP_reg2
	.long	.Ltmp5-.Lfunc_begin0
	.long	.Ltmp6-.Lfunc_begin0
	.short	3                               @ Loc expr size
	.byte	163                             @ DW_OP_entry_value
	.byte	1                               @ 1
	.byte	82                              @ DW_OP_reg2
	.long	0
	.long	0
.Ldebug_loc3:
	.long	-1
	.long	.Lfunc_begin0                   @   base address
	.long	.Ltmp1-.Lfunc_begin0
	.long	.Ltmp13-.Lfunc_begin0
	.short	1                               @ Loc expr size
	.byte	84                              @ DW_OP_reg4
	.long	0
	.long	0
.Ldebug_loc4:
	.long	-1
	.long	.Lfunc_begin0                   @   base address
	.long	.Ltmp7-.Lfunc_begin0
	.long	.Ltmp9-.Lfunc_begin0
	.short	1                               @ Loc expr size
	.byte	80                              @ DW_OP_reg0
	.long	.Ltmp9-.Lfunc_begin0
	.long	.Ltmp11-.Lfunc_begin0
	.short	1                               @ Loc expr size
	.byte	87                              @ DW_OP_reg7
	.long	.Ltmp11-.Lfunc_begin0
	.long	.Ltmp12-.Lfunc_begin0
	.short	1                               @ Loc expr size
	.byte	80                              @ DW_OP_reg0
	.long	0
	.long	0
.Ldebug_loc5:
	.long	-1
	.long	.Lfunc_begin0                   @   base address
	.long	.Ltmp10-.Lfunc_begin0
	.long	.Ltmp11-.Lfunc_begin0
	.short	1                               @ Loc expr size
	.byte	85                              @ DW_OP_reg5
	.long	0
	.long	0
.Ldebug_loc6:
	.long	-1
	.long	.Lfunc_begin1                   @   base address
	.long	.Lfunc_begin1-.Lfunc_begin1
	.long	.Ltmp14-.Lfunc_begin1
	.short	1                               @ Loc expr size
	.byte	80                              @ DW_OP_reg0
	.long	.Ltmp14-.Lfunc_begin1
	.long	.Ltmp28-.Lfunc_begin1
	.short	1                               @ Loc expr size
	.byte	84                              @ DW_OP_reg4
	.long	0
	.long	0
.Ldebug_loc7:
	.long	-1
	.long	.Lfunc_begin1                   @   base address
	.long	.Lfunc_begin1-.Lfunc_begin1
	.long	.Ltmp16-.Lfunc_begin1
	.short	1                               @ Loc expr size
	.byte	81                              @ DW_OP_reg1
	.long	.Ltmp16-.Lfunc_begin1
	.long	.Ltmp28-.Lfunc_begin1
	.short	1                               @ Loc expr size
	.byte	86                              @ DW_OP_reg6
	.long	0
	.long	0
.Ldebug_loc8:
	.long	-1
	.long	.Lfunc_begin1                   @   base address
	.long	.Ltmp20-.Lfunc_begin1
	.long	.Ltmp22-.Lfunc_begin1
	.short	1                               @ Loc expr size
	.byte	48                              @ DW_OP_lit0
	.long	0
	.long	0
.Ldebug_loc9:
	.long	-1
	.long	.Lfunc_begin2                   @   base address
	.long	.Lfunc_begin2-.Lfunc_begin2
	.long	.Ltmp29-.Lfunc_begin2
	.short	1                               @ Loc expr size
	.byte	80                              @ DW_OP_reg0
	.long	.Ltmp29-.Lfunc_begin2
	.long	.Ltmp47-.Lfunc_begin2
	.short	1                               @ Loc expr size
	.byte	85                              @ DW_OP_reg5
	.long	0
	.long	0
.Ldebug_loc10:
	.long	-1
	.long	.Lfunc_begin2                   @   base address
	.long	.Lfunc_begin2-.Lfunc_begin2
	.long	.Ltmp30-.Lfunc_begin2
	.short	1                               @ Loc expr size
	.byte	81                              @ DW_OP_reg1
	.long	.Ltmp30-.Lfunc_begin2
	.long	.Ltmp35-.Lfunc_begin2
	.short	1                               @ Loc expr size
	.byte	88                              @ DW_OP_reg8
	.long	.Ltmp35-.Lfunc_begin2
	.long	.Ltmp45-.Lfunc_begin2
	.short	2                               @ Loc expr size
	.byte	125                             @ DW_OP_breg13
	.byte	12                              @ 12
	.long	.Ltmp45-.Lfunc_begin2
	.long	.Ltmp46-.Lfunc_begin2
	.short	1                               @ Loc expr size
	.byte	81                              @ DW_OP_reg1
	.long	0
	.long	0
.Ldebug_loc11:
	.long	-1
	.long	.Lfunc_begin2                   @   base address
	.long	.Ltmp31-.Lfunc_begin2
	.long	.Ltmp32-.Lfunc_begin2
	.short	2                               @ Loc expr size
	.byte	17                              @ DW_OP_consts
	.byte	16                              @ 16
	.long	.Ltmp32-.Lfunc_begin2
	.long	.Lfunc_end2-.Lfunc_begin2
	.short	2                               @ Loc expr size
	.byte	125                             @ DW_OP_breg13
	.byte	32                              @ 32
	.long	0
	.long	0
.Ldebug_loc12:
	.long	-1
	.long	.Lfunc_begin2                   @   base address
	.long	.Ltmp33-.Lfunc_begin2
	.long	.Ltmp47-.Lfunc_begin2
	.short	1                               @ Loc expr size
	.byte	87                              @ DW_OP_reg7
	.long	0
	.long	0
.Ldebug_loc13:
	.long	-1
	.long	.Lfunc_begin2                   @   base address
	.long	.Ltmp40-.Lfunc_begin2
	.long	.Ltmp42-.Lfunc_begin2
	.short	1                               @ Loc expr size
	.byte	80                              @ DW_OP_reg0
	.long	0
	.long	0
	.section	.debug_abbrev,"",%progbits
	.byte	1                               @ Abbreviation Code
	.byte	17                              @ DW_TAG_compile_unit
	.byte	1                               @ DW_CHILDREN_yes
	.byte	37                              @ DW_AT_producer
	.byte	14                              @ DW_FORM_strp
	.byte	19                              @ DW_AT_language
	.byte	5                               @ DW_FORM_data2
	.byte	3                               @ DW_AT_name
	.byte	14                              @ DW_FORM_strp
	.byte	16                              @ DW_AT_stmt_list
	.byte	6                               @ DW_FORM_data4
	.byte	27                              @ DW_AT_comp_dir
	.byte	14                              @ DW_FORM_strp
	.byte	17                              @ DW_AT_low_pc
	.byte	1                               @ DW_FORM_addr
	.byte	85                              @ DW_AT_ranges
	.byte	6                               @ DW_FORM_data4
	.byte	0                               @ EOM(1)
	.byte	0                               @ EOM(2)
	.byte	2                               @ Abbreviation Code
	.byte	52                              @ DW_TAG_variable
	.byte	0                               @ DW_CHILDREN_no
	.byte	3                               @ DW_AT_name
	.byte	14                              @ DW_FORM_strp
	.byte	73                              @ DW_AT_type
	.byte	19                              @ DW_FORM_ref4
	.byte	58                              @ DW_AT_decl_file
	.byte	11                              @ DW_FORM_data1
	.byte	59                              @ DW_AT_decl_line
	.byte	11                              @ DW_FORM_data1
	.byte	2                               @ DW_AT_location
	.byte	10                              @ DW_FORM_block1
	.byte	0                               @ EOM(1)
	.byte	0                               @ EOM(2)
	.byte	3                               @ Abbreviation Code
	.byte	22                              @ DW_TAG_typedef
	.byte	0                               @ DW_CHILDREN_no
	.byte	73                              @ DW_AT_type
	.byte	19                              @ DW_FORM_ref4
	.byte	3                               @ DW_AT_name
	.byte	14                              @ DW_FORM_strp
	.byte	58                              @ DW_AT_decl_file
	.byte	11                              @ DW_FORM_data1
	.byte	59                              @ DW_AT_decl_line
	.byte	11                              @ DW_FORM_data1
	.byte	0                               @ EOM(1)
	.byte	0                               @ EOM(2)
	.byte	4                               @ Abbreviation Code
	.byte	36                              @ DW_TAG_base_type
	.byte	0                               @ DW_CHILDREN_no
	.byte	3                               @ DW_AT_name
	.byte	14                              @ DW_FORM_strp
	.byte	62                              @ DW_AT_encoding
	.byte	11                              @ DW_FORM_data1
	.byte	11                              @ DW_AT_byte_size
	.byte	11                              @ DW_FORM_data1
	.byte	0                               @ EOM(1)
	.byte	0                               @ EOM(2)
	.byte	5                               @ Abbreviation Code
	.byte	4                               @ DW_TAG_enumeration_type
	.byte	1                               @ DW_CHILDREN_yes
	.byte	73                              @ DW_AT_type
	.byte	19                              @ DW_FORM_ref4
	.byte	11                              @ DW_AT_byte_size
	.byte	11                              @ DW_FORM_data1
	.byte	58                              @ DW_AT_decl_file
	.byte	11                              @ DW_FORM_data1
	.byte	59                              @ DW_AT_decl_line
	.byte	11                              @ DW_FORM_data1
	.byte	0                               @ EOM(1)
	.byte	0                               @ EOM(2)
	.byte	6                               @ Abbreviation Code
	.byte	40                              @ DW_TAG_enumerator
	.byte	0                               @ DW_CHILDREN_no
	.byte	3                               @ DW_AT_name
	.byte	14                              @ DW_FORM_strp
	.byte	28                              @ DW_AT_const_value
	.byte	13                              @ DW_FORM_sdata
	.byte	0                               @ EOM(1)
	.byte	0                               @ EOM(2)
	.byte	7                               @ Abbreviation Code
	.byte	15                              @ DW_TAG_pointer_type
	.byte	0                               @ DW_CHILDREN_no
	.byte	73                              @ DW_AT_type
	.byte	19                              @ DW_FORM_ref4
	.byte	0                               @ EOM(1)
	.byte	0                               @ EOM(2)
	.byte	8                               @ Abbreviation Code
	.byte	19                              @ DW_TAG_structure_type
	.byte	1                               @ DW_CHILDREN_yes
	.byte	3                               @ DW_AT_name
	.byte	14                              @ DW_FORM_strp
	.byte	11                              @ DW_AT_byte_size
	.byte	11                              @ DW_FORM_data1
	.byte	58                              @ DW_AT_decl_file
	.byte	11                              @ DW_FORM_data1
	.byte	59                              @ DW_AT_decl_line
	.byte	11                              @ DW_FORM_data1
	.byte	0                               @ EOM(1)
	.byte	0                               @ EOM(2)
	.byte	9                               @ Abbreviation Code
	.byte	13                              @ DW_TAG_member
	.byte	0                               @ DW_CHILDREN_no
	.byte	3                               @ DW_AT_name
	.byte	14                              @ DW_FORM_strp
	.byte	73                              @ DW_AT_type
	.byte	19                              @ DW_FORM_ref4
	.byte	58                              @ DW_AT_decl_file
	.byte	11                              @ DW_FORM_data1
	.byte	59                              @ DW_AT_decl_line
	.byte	11                              @ DW_FORM_data1
	.byte	56                              @ DW_AT_data_member_location
	.byte	11                              @ DW_FORM_data1
	.byte	0                               @ EOM(1)
	.byte	0                               @ EOM(2)
	.byte	10                              @ Abbreviation Code
	.byte	1                               @ DW_TAG_array_type
	.byte	1                               @ DW_CHILDREN_yes
	.byte	73                              @ DW_AT_type
	.byte	19                              @ DW_FORM_ref4
	.byte	0                               @ EOM(1)
	.byte	0                               @ EOM(2)
	.byte	11                              @ Abbreviation Code
	.byte	33                              @ DW_TAG_subrange_type
	.byte	0                               @ DW_CHILDREN_no
	.byte	73                              @ DW_AT_type
	.byte	19                              @ DW_FORM_ref4
	.byte	55                              @ DW_AT_count
	.byte	11                              @ DW_FORM_data1
	.byte	0                               @ EOM(1)
	.byte	0                               @ EOM(2)
	.byte	12                              @ Abbreviation Code
	.byte	36                              @ DW_TAG_base_type
	.byte	0                               @ DW_CHILDREN_no
	.byte	3                               @ DW_AT_name
	.byte	14                              @ DW_FORM_strp
	.byte	11                              @ DW_AT_byte_size
	.byte	11                              @ DW_FORM_data1
	.byte	62                              @ DW_AT_encoding
	.byte	11                              @ DW_FORM_data1
	.byte	0                               @ EOM(1)
	.byte	0                               @ EOM(2)
	.byte	13                              @ Abbreviation Code
	.byte	46                              @ DW_TAG_subprogram
	.byte	1                               @ DW_CHILDREN_yes
	.byte	17                              @ DW_AT_low_pc
	.byte	1                               @ DW_FORM_addr
	.byte	18                              @ DW_AT_high_pc
	.byte	1                               @ DW_FORM_addr
	.byte	64                              @ DW_AT_frame_base
	.byte	10                              @ DW_FORM_block1
	.byte	3                               @ DW_AT_name
	.byte	14                              @ DW_FORM_strp
	.byte	58                              @ DW_AT_decl_file
	.byte	11                              @ DW_FORM_data1
	.byte	59                              @ DW_AT_decl_line
	.byte	11                              @ DW_FORM_data1
	.byte	39                              @ DW_AT_prototyped
	.byte	12                              @ DW_FORM_flag
	.byte	73                              @ DW_AT_type
	.byte	19                              @ DW_FORM_ref4
	.byte	63                              @ DW_AT_external
	.byte	12                              @ DW_FORM_flag
	.byte	0                               @ EOM(1)
	.byte	0                               @ EOM(2)
	.byte	14                              @ Abbreviation Code
	.byte	5                               @ DW_TAG_formal_parameter
	.byte	0                               @ DW_CHILDREN_no
	.byte	2                               @ DW_AT_location
	.byte	6                               @ DW_FORM_data4
	.byte	3                               @ DW_AT_name
	.byte	14                              @ DW_FORM_strp
	.byte	58                              @ DW_AT_decl_file
	.byte	11                              @ DW_FORM_data1
	.byte	59                              @ DW_AT_decl_line
	.byte	11                              @ DW_FORM_data1
	.byte	73                              @ DW_AT_type
	.byte	19                              @ DW_FORM_ref4
	.byte	0                               @ EOM(1)
	.byte	0                               @ EOM(2)
	.byte	15                              @ Abbreviation Code
	.byte	52                              @ DW_TAG_variable
	.byte	0                               @ DW_CHILDREN_no
	.byte	2                               @ DW_AT_location
	.byte	10                              @ DW_FORM_block1
	.byte	3                               @ DW_AT_name
	.byte	14                              @ DW_FORM_strp
	.byte	58                              @ DW_AT_decl_file
	.byte	11                              @ DW_FORM_data1
	.byte	59                              @ DW_AT_decl_line
	.byte	11                              @ DW_FORM_data1
	.byte	73                              @ DW_AT_type
	.byte	19                              @ DW_FORM_ref4
	.byte	0                               @ EOM(1)
	.byte	0                               @ EOM(2)
	.byte	16                              @ Abbreviation Code
	.byte	52                              @ DW_TAG_variable
	.byte	0                               @ DW_CHILDREN_no
	.byte	2                               @ DW_AT_location
	.byte	6                               @ DW_FORM_data4
	.byte	3                               @ DW_AT_name
	.byte	14                              @ DW_FORM_strp
	.byte	58                              @ DW_AT_decl_file
	.byte	11                              @ DW_FORM_data1
	.byte	59                              @ DW_AT_decl_line
	.byte	11                              @ DW_FORM_data1
	.byte	73                              @ DW_AT_type
	.byte	19                              @ DW_FORM_ref4
	.byte	0                               @ EOM(1)
	.byte	0                               @ EOM(2)
	.byte	17                              @ Abbreviation Code
	.byte	46                              @ DW_TAG_subprogram
	.byte	1                               @ DW_CHILDREN_yes
	.byte	17                              @ DW_AT_low_pc
	.byte	1                               @ DW_FORM_addr
	.byte	18                              @ DW_AT_high_pc
	.byte	1                               @ DW_FORM_addr
	.byte	64                              @ DW_AT_frame_base
	.byte	10                              @ DW_FORM_block1
	.byte	3                               @ DW_AT_name
	.byte	14                              @ DW_FORM_strp
	.byte	58                              @ DW_AT_decl_file
	.byte	11                              @ DW_FORM_data1
	.byte	59                              @ DW_AT_decl_line
	.byte	11                              @ DW_FORM_data1
	.byte	39                              @ DW_AT_prototyped
	.byte	12                              @ DW_FORM_flag
	.byte	0                               @ EOM(1)
	.byte	0                               @ EOM(2)
	.byte	18                              @ Abbreviation Code
	.byte	52                              @ DW_TAG_variable
	.byte	0                               @ DW_CHILDREN_no
	.byte	3                               @ DW_AT_name
	.byte	14                              @ DW_FORM_strp
	.byte	58                              @ DW_AT_decl_file
	.byte	11                              @ DW_FORM_data1
	.byte	59                              @ DW_AT_decl_line
	.byte	11                              @ DW_FORM_data1
	.byte	73                              @ DW_AT_type
	.byte	19                              @ DW_FORM_ref4
	.byte	0                               @ EOM(1)
	.byte	0                               @ EOM(2)
	.byte	0                               @ EOM(3)
	.section	.debug_info,"",%progbits
.Lcu_begin0:
	.long	.Ldebug_info_end0-.Ldebug_info_start0 @ Length of Unit
.Ldebug_info_start0:
	.short	3                               @ DWARF version number
	.long	.debug_abbrev                   @ Offset Into Abbrev. Section
	.byte	4                               @ Address Size (in bytes)
	.byte	1                               @ Abbrev [1] 0xb:0x49b DW_TAG_compile_unit
	.long	.Linfo_string0                  @ DW_AT_producer
	.short	12                              @ DW_AT_language
	.long	.Linfo_string1                  @ DW_AT_name
	.long	.Lline_table_start0             @ DW_AT_stmt_list
	.long	.Linfo_string2                  @ DW_AT_comp_dir
	.long	0                               @ DW_AT_low_pc
	.long	.Ldebug_ranges0                 @ DW_AT_ranges
	.byte	2                               @ Abbrev [2] 0x26:0x11 DW_TAG_variable
	.long	.Linfo_string3                  @ DW_AT_name
	.long	55                              @ DW_AT_type
	.byte	3                               @ DW_AT_decl_file
	.byte	43                              @ DW_AT_decl_line
	.byte	5                               @ DW_AT_location
	.byte	3
	.long	ping_seq_num
	.byte	3                               @ Abbrev [3] 0x37:0xb DW_TAG_typedef
	.long	66                              @ DW_AT_type
	.long	.Linfo_string6                  @ DW_AT_name
	.byte	2                               @ DW_AT_decl_file
	.byte	121                             @ DW_AT_decl_line
	.byte	3                               @ Abbrev [3] 0x42:0xb DW_TAG_typedef
	.long	77                              @ DW_AT_type
	.long	.Linfo_string5                  @ DW_AT_name
	.byte	1                               @ DW_AT_decl_file
	.byte	63                              @ DW_AT_decl_line
	.byte	4                               @ Abbrev [4] 0x4d:0x7 DW_TAG_base_type
	.long	.Linfo_string4                  @ DW_AT_name
	.byte	7                               @ DW_AT_encoding
	.byte	2                               @ DW_AT_byte_size
	.byte	5                               @ Abbrev [5] 0x54:0x6f DW_TAG_enumeration_type
	.long	195                             @ DW_AT_type
	.byte	1                               @ DW_AT_byte_size
	.byte	4                               @ DW_AT_decl_file
	.byte	61                              @ DW_AT_decl_line
	.byte	6                               @ Abbrev [6] 0x5c:0x6 DW_TAG_enumerator
	.long	.Linfo_string8                  @ DW_AT_name
	.byte	0                               @ DW_AT_const_value
	.byte	6                               @ Abbrev [6] 0x62:0x6 DW_TAG_enumerator
	.long	.Linfo_string9                  @ DW_AT_name
	.byte	127                             @ DW_AT_const_value
	.byte	6                               @ Abbrev [6] 0x68:0x6 DW_TAG_enumerator
	.long	.Linfo_string10                 @ DW_AT_name
	.byte	126                             @ DW_AT_const_value
	.byte	6                               @ Abbrev [6] 0x6e:0x6 DW_TAG_enumerator
	.long	.Linfo_string11                 @ DW_AT_name
	.byte	125                             @ DW_AT_const_value
	.byte	6                               @ Abbrev [6] 0x74:0x6 DW_TAG_enumerator
	.long	.Linfo_string12                 @ DW_AT_name
	.byte	124                             @ DW_AT_const_value
	.byte	6                               @ Abbrev [6] 0x7a:0x6 DW_TAG_enumerator
	.long	.Linfo_string13                 @ DW_AT_name
	.byte	123                             @ DW_AT_const_value
	.byte	6                               @ Abbrev [6] 0x80:0x6 DW_TAG_enumerator
	.long	.Linfo_string14                 @ DW_AT_name
	.byte	122                             @ DW_AT_const_value
	.byte	6                               @ Abbrev [6] 0x86:0x6 DW_TAG_enumerator
	.long	.Linfo_string15                 @ DW_AT_name
	.byte	121                             @ DW_AT_const_value
	.byte	6                               @ Abbrev [6] 0x8c:0x6 DW_TAG_enumerator
	.long	.Linfo_string16                 @ DW_AT_name
	.byte	120                             @ DW_AT_const_value
	.byte	6                               @ Abbrev [6] 0x92:0x6 DW_TAG_enumerator
	.long	.Linfo_string17                 @ DW_AT_name
	.byte	119                             @ DW_AT_const_value
	.byte	6                               @ Abbrev [6] 0x98:0x6 DW_TAG_enumerator
	.long	.Linfo_string18                 @ DW_AT_name
	.byte	118                             @ DW_AT_const_value
	.byte	6                               @ Abbrev [6] 0x9e:0x6 DW_TAG_enumerator
	.long	.Linfo_string19                 @ DW_AT_name
	.byte	117                             @ DW_AT_const_value
	.byte	6                               @ Abbrev [6] 0xa4:0x6 DW_TAG_enumerator
	.long	.Linfo_string20                 @ DW_AT_name
	.byte	116                             @ DW_AT_const_value
	.byte	6                               @ Abbrev [6] 0xaa:0x6 DW_TAG_enumerator
	.long	.Linfo_string21                 @ DW_AT_name
	.byte	115                             @ DW_AT_const_value
	.byte	6                               @ Abbrev [6] 0xb0:0x6 DW_TAG_enumerator
	.long	.Linfo_string22                 @ DW_AT_name
	.byte	114                             @ DW_AT_const_value
	.byte	6                               @ Abbrev [6] 0xb6:0x6 DW_TAG_enumerator
	.long	.Linfo_string23                 @ DW_AT_name
	.byte	113                             @ DW_AT_const_value
	.byte	6                               @ Abbrev [6] 0xbc:0x6 DW_TAG_enumerator
	.long	.Linfo_string24                 @ DW_AT_name
	.byte	112                             @ DW_AT_const_value
	.byte	0                               @ End Of Children Mark
	.byte	4                               @ Abbrev [4] 0xc3:0x7 DW_TAG_base_type
	.long	.Linfo_string7                  @ DW_AT_name
	.byte	6                               @ DW_AT_encoding
	.byte	1                               @ DW_AT_byte_size
	.byte	7                               @ Abbrev [7] 0xca:0x5 DW_TAG_pointer_type
	.long	207                             @ DW_AT_type
	.byte	8                               @ Abbrev [8] 0xcf:0x2d DW_TAG_structure_type
	.long	.Linfo_string34                 @ DW_AT_name
	.byte	16                              @ DW_AT_byte_size
	.byte	5                               @ DW_AT_decl_file
	.byte	89                              @ DW_AT_decl_line
	.byte	9                               @ Abbrev [9] 0xd7:0xc DW_TAG_member
	.long	.Linfo_string25                 @ DW_AT_name
	.long	252                             @ DW_AT_type
	.byte	5                               @ DW_AT_decl_file
	.byte	90                              @ DW_AT_decl_line
	.byte	0                               @ DW_AT_data_member_location
	.byte	9                               @ Abbrev [9] 0xe3:0xc DW_TAG_member
	.long	.Linfo_string29                 @ DW_AT_name
	.long	281                             @ DW_AT_type
	.byte	5                               @ DW_AT_decl_file
	.byte	91                              @ DW_AT_decl_line
	.byte	1                               @ DW_AT_data_member_location
	.byte	9                               @ Abbrev [9] 0xef:0xc DW_TAG_member
	.long	.Linfo_string31                 @ DW_AT_name
	.long	292                             @ DW_AT_type
	.byte	5                               @ DW_AT_decl_file
	.byte	92                              @ DW_AT_decl_line
	.byte	2                               @ DW_AT_data_member_location
	.byte	0                               @ End Of Children Mark
	.byte	3                               @ Abbrev [3] 0xfc:0xb DW_TAG_typedef
	.long	263                             @ DW_AT_type
	.long	.Linfo_string28                 @ DW_AT_name
	.byte	2                               @ DW_AT_decl_file
	.byte	119                             @ DW_AT_decl_line
	.byte	3                               @ Abbrev [3] 0x107:0xb DW_TAG_typedef
	.long	274                             @ DW_AT_type
	.long	.Linfo_string27                 @ DW_AT_name
	.byte	1                               @ DW_AT_decl_file
	.byte	62                              @ DW_AT_decl_line
	.byte	4                               @ Abbrev [4] 0x112:0x7 DW_TAG_base_type
	.long	.Linfo_string26                 @ DW_AT_name
	.byte	8                               @ DW_AT_encoding
	.byte	1                               @ DW_AT_byte_size
	.byte	3                               @ Abbrev [3] 0x119:0xb DW_TAG_typedef
	.long	252                             @ DW_AT_type
	.long	.Linfo_string30                 @ DW_AT_name
	.byte	5                               @ DW_AT_decl_file
	.byte	58                              @ DW_AT_decl_line
	.byte	10                              @ Abbrev [10] 0x124:0xc DW_TAG_array_type
	.long	304                             @ DW_AT_type
	.byte	11                              @ Abbrev [11] 0x129:0x6 DW_TAG_subrange_type
	.long	311                             @ DW_AT_type
	.byte	14                              @ DW_AT_count
	.byte	0                               @ End Of Children Mark
	.byte	4                               @ Abbrev [4] 0x130:0x7 DW_TAG_base_type
	.long	.Linfo_string32                 @ DW_AT_name
	.byte	6                               @ DW_AT_encoding
	.byte	1                               @ DW_AT_byte_size
	.byte	12                              @ Abbrev [12] 0x137:0x7 DW_TAG_base_type
	.long	.Linfo_string33                 @ DW_AT_name
	.byte	8                               @ DW_AT_byte_size
	.byte	7                               @ DW_AT_encoding
	.byte	7                               @ Abbrev [7] 0x13e:0x5 DW_TAG_pointer_type
	.long	323                             @ DW_AT_type
	.byte	3                               @ Abbrev [3] 0x143:0xb DW_TAG_typedef
	.long	334                             @ DW_AT_type
	.long	.Linfo_string38                 @ DW_AT_name
	.byte	5                               @ DW_AT_decl_file
	.byte	108                             @ DW_AT_decl_line
	.byte	3                               @ Abbrev [3] 0x14e:0xb DW_TAG_typedef
	.long	345                             @ DW_AT_type
	.long	.Linfo_string37                 @ DW_AT_name
	.byte	2                               @ DW_AT_decl_file
	.byte	123                             @ DW_AT_decl_line
	.byte	3                               @ Abbrev [3] 0x159:0xb DW_TAG_typedef
	.long	356                             @ DW_AT_type
	.long	.Linfo_string36                 @ DW_AT_name
	.byte	1                               @ DW_AT_decl_file
	.byte	64                              @ DW_AT_decl_line
	.byte	4                               @ Abbrev [4] 0x164:0x7 DW_TAG_base_type
	.long	.Linfo_string35                 @ DW_AT_name
	.byte	7                               @ DW_AT_encoding
	.byte	4                               @ DW_AT_byte_size
	.byte	4                               @ Abbrev [4] 0x16b:0x7 DW_TAG_base_type
	.long	.Linfo_string39                 @ DW_AT_name
	.byte	5                               @ DW_AT_encoding
	.byte	4                               @ DW_AT_byte_size
	.byte	7                               @ Abbrev [7] 0x172:0x5 DW_TAG_pointer_type
	.long	375                             @ DW_AT_type
	.byte	8                               @ Abbrev [8] 0x177:0x81 DW_TAG_structure_type
	.long	.Linfo_string53                 @ DW_AT_name
	.byte	20                              @ DW_AT_byte_size
	.byte	6                               @ DW_AT_decl_file
	.byte	71                              @ DW_AT_decl_line
	.byte	9                               @ Abbrev [9] 0x17f:0xc DW_TAG_member
	.long	.Linfo_string40                 @ DW_AT_name
	.long	252                             @ DW_AT_type
	.byte	6                               @ DW_AT_decl_file
	.byte	73                              @ DW_AT_decl_line
	.byte	0                               @ DW_AT_data_member_location
	.byte	9                               @ Abbrev [9] 0x18b:0xc DW_TAG_member
	.long	.Linfo_string41                 @ DW_AT_name
	.long	252                             @ DW_AT_type
	.byte	6                               @ DW_AT_decl_file
	.byte	75                              @ DW_AT_decl_line
	.byte	1                               @ DW_AT_data_member_location
	.byte	9                               @ Abbrev [9] 0x197:0xc DW_TAG_member
	.long	.Linfo_string42                 @ DW_AT_name
	.long	55                              @ DW_AT_type
	.byte	6                               @ DW_AT_decl_file
	.byte	77                              @ DW_AT_decl_line
	.byte	2                               @ DW_AT_data_member_location
	.byte	9                               @ Abbrev [9] 0x1a3:0xc DW_TAG_member
	.long	.Linfo_string43                 @ DW_AT_name
	.long	55                              @ DW_AT_type
	.byte	6                               @ DW_AT_decl_file
	.byte	79                              @ DW_AT_decl_line
	.byte	4                               @ DW_AT_data_member_location
	.byte	9                               @ Abbrev [9] 0x1af:0xc DW_TAG_member
	.long	.Linfo_string44                 @ DW_AT_name
	.long	55                              @ DW_AT_type
	.byte	6                               @ DW_AT_decl_file
	.byte	81                              @ DW_AT_decl_line
	.byte	6                               @ DW_AT_data_member_location
	.byte	9                               @ Abbrev [9] 0x1bb:0xc DW_TAG_member
	.long	.Linfo_string45                 @ DW_AT_name
	.long	252                             @ DW_AT_type
	.byte	6                               @ DW_AT_decl_file
	.byte	87                              @ DW_AT_decl_line
	.byte	8                               @ DW_AT_data_member_location
	.byte	9                               @ Abbrev [9] 0x1c7:0xc DW_TAG_member
	.long	.Linfo_string46                 @ DW_AT_name
	.long	252                             @ DW_AT_type
	.byte	6                               @ DW_AT_decl_file
	.byte	89                              @ DW_AT_decl_line
	.byte	9                               @ DW_AT_data_member_location
	.byte	9                               @ Abbrev [9] 0x1d3:0xc DW_TAG_member
	.long	.Linfo_string47                 @ DW_AT_name
	.long	55                              @ DW_AT_type
	.byte	6                               @ DW_AT_decl_file
	.byte	91                              @ DW_AT_decl_line
	.byte	10                              @ DW_AT_data_member_location
	.byte	9                               @ Abbrev [9] 0x1df:0xc DW_TAG_member
	.long	.Linfo_string48                 @ DW_AT_name
	.long	504                             @ DW_AT_type
	.byte	6                               @ DW_AT_decl_file
	.byte	93                              @ DW_AT_decl_line
	.byte	12                              @ DW_AT_data_member_location
	.byte	9                               @ Abbrev [9] 0x1eb:0xc DW_TAG_member
	.long	.Linfo_string52                 @ DW_AT_name
	.long	504                             @ DW_AT_type
	.byte	6                               @ DW_AT_decl_file
	.byte	94                              @ DW_AT_decl_line
	.byte	16                              @ DW_AT_data_member_location
	.byte	0                               @ End Of Children Mark
	.byte	3                               @ Abbrev [3] 0x1f8:0xb DW_TAG_typedef
	.long	515                             @ DW_AT_type
	.long	.Linfo_string51                 @ DW_AT_name
	.byte	6                               @ DW_AT_decl_file
	.byte	61                              @ DW_AT_decl_line
	.byte	8                               @ Abbrev [8] 0x203:0x15 DW_TAG_structure_type
	.long	.Linfo_string50                 @ DW_AT_name
	.byte	4                               @ DW_AT_byte_size
	.byte	6                               @ DW_AT_decl_file
	.byte	53                              @ DW_AT_decl_line
	.byte	9                               @ Abbrev [9] 0x20b:0xc DW_TAG_member
	.long	.Linfo_string49                 @ DW_AT_name
	.long	334                             @ DW_AT_type
	.byte	6                               @ DW_AT_decl_file
	.byte	54                              @ DW_AT_decl_line
	.byte	0                               @ DW_AT_data_member_location
	.byte	0                               @ End Of Children Mark
	.byte	7                               @ Abbrev [7] 0x218:0x5 DW_TAG_pointer_type
	.long	541                             @ DW_AT_type
	.byte	8                               @ Abbrev [8] 0x21d:0x45 DW_TAG_structure_type
	.long	.Linfo_string59                 @ DW_AT_name
	.byte	8                               @ DW_AT_byte_size
	.byte	7                               @ DW_AT_decl_file
	.byte	69                              @ DW_AT_decl_line
	.byte	9                               @ Abbrev [9] 0x225:0xc DW_TAG_member
	.long	.Linfo_string54                 @ DW_AT_name
	.long	252                             @ DW_AT_type
	.byte	7                               @ DW_AT_decl_file
	.byte	70                              @ DW_AT_decl_line
	.byte	0                               @ DW_AT_data_member_location
	.byte	9                               @ Abbrev [9] 0x231:0xc DW_TAG_member
	.long	.Linfo_string55                 @ DW_AT_name
	.long	252                             @ DW_AT_type
	.byte	7                               @ DW_AT_decl_file
	.byte	71                              @ DW_AT_decl_line
	.byte	1                               @ DW_AT_data_member_location
	.byte	9                               @ Abbrev [9] 0x23d:0xc DW_TAG_member
	.long	.Linfo_string56                 @ DW_AT_name
	.long	55                              @ DW_AT_type
	.byte	7                               @ DW_AT_decl_file
	.byte	72                              @ DW_AT_decl_line
	.byte	2                               @ DW_AT_data_member_location
	.byte	9                               @ Abbrev [9] 0x249:0xc DW_TAG_member
	.long	.Linfo_string57                 @ DW_AT_name
	.long	55                              @ DW_AT_type
	.byte	7                               @ DW_AT_decl_file
	.byte	73                              @ DW_AT_decl_line
	.byte	4                               @ DW_AT_data_member_location
	.byte	9                               @ Abbrev [9] 0x255:0xc DW_TAG_member
	.long	.Linfo_string58                 @ DW_AT_name
	.long	55                              @ DW_AT_type
	.byte	7                               @ DW_AT_decl_file
	.byte	74                              @ DW_AT_decl_line
	.byte	6                               @ DW_AT_data_member_location
	.byte	0                               @ End Of Children Mark
	.byte	7                               @ Abbrev [7] 0x262:0x5 DW_TAG_pointer_type
	.long	304                             @ DW_AT_type
	.byte	13                              @ Abbrev [13] 0x267:0x80 DW_TAG_subprogram
	.long	.Lfunc_begin0                   @ DW_AT_low_pc
	.long	.Lfunc_end0                     @ DW_AT_high_pc
	.byte	1                               @ DW_AT_frame_base
	.byte	93
	.long	.Linfo_string60                 @ DW_AT_name
	.byte	3                               @ DW_AT_decl_file
	.byte	76                              @ DW_AT_decl_line
	.byte	1                               @ DW_AT_prototyped
	.long	956                             @ DW_AT_type
	.byte	1                               @ DW_AT_external
	.byte	14                              @ Abbrev [14] 0x27e:0xf DW_TAG_formal_parameter
	.long	.Ldebug_loc0                    @ DW_AT_location
	.long	.Linfo_string77                 @ DW_AT_name
	.byte	3                               @ DW_AT_decl_file
	.byte	76                              @ DW_AT_decl_line
	.long	363                             @ DW_AT_type
	.byte	14                              @ Abbrev [14] 0x28d:0xf DW_TAG_formal_parameter
	.long	.Ldebug_loc1                    @ DW_AT_location
	.long	.Linfo_string49                 @ DW_AT_name
	.byte	3                               @ DW_AT_decl_file
	.byte	76                              @ DW_AT_decl_line
	.long	1113                            @ DW_AT_type
	.byte	14                              @ Abbrev [14] 0x29c:0xf DW_TAG_formal_parameter
	.long	.Ldebug_loc2                    @ DW_AT_location
	.long	.Linfo_string81                 @ DW_AT_name
	.byte	3                               @ DW_AT_decl_file
	.byte	76                              @ DW_AT_decl_line
	.long	363                             @ DW_AT_type
	.byte	15                              @ Abbrev [15] 0x2ab:0xe DW_TAG_variable
	.byte	2                               @ DW_AT_location
	.byte	145
	.byte	12
	.long	.Linfo_string66                 @ DW_AT_name
	.byte	3                               @ DW_AT_decl_file
	.byte	80                              @ DW_AT_decl_line
	.long	989                             @ DW_AT_type
	.byte	16                              @ Abbrev [16] 0x2b9:0xf DW_TAG_variable
	.long	.Ldebug_loc3                    @ DW_AT_location
	.long	.Linfo_string82                 @ DW_AT_name
	.byte	3                               @ DW_AT_decl_file
	.byte	81                              @ DW_AT_decl_line
	.long	363                             @ DW_AT_type
	.byte	16                              @ Abbrev [16] 0x2c8:0xf DW_TAG_variable
	.long	.Ldebug_loc4                    @ DW_AT_location
	.long	.Linfo_string83                 @ DW_AT_name
	.byte	3                               @ DW_AT_decl_file
	.byte	79                              @ DW_AT_decl_line
	.long	536                             @ DW_AT_type
	.byte	16                              @ Abbrev [16] 0x2d7:0xf DW_TAG_variable
	.long	.Ldebug_loc5                    @ DW_AT_location
	.long	.Linfo_string84                 @ DW_AT_name
	.byte	3                               @ DW_AT_decl_file
	.byte	78                              @ DW_AT_decl_line
	.long	363                             @ DW_AT_type
	.byte	0                               @ End Of Children Mark
	.byte	17                              @ Abbrev [17] 0x2e7:0x4b DW_TAG_subprogram
	.long	.Lfunc_begin1                   @ DW_AT_low_pc
	.long	.Lfunc_end1                     @ DW_AT_high_pc
	.byte	1                               @ DW_AT_frame_base
	.byte	93
	.long	.Linfo_string64                 @ DW_AT_name
	.byte	3                               @ DW_AT_decl_file
	.byte	50                              @ DW_AT_decl_line
	.byte	1                               @ DW_AT_prototyped
	.byte	14                              @ Abbrev [14] 0x2f9:0xf DW_TAG_formal_parameter
	.long	.Ldebug_loc6                    @ DW_AT_location
	.long	.Linfo_string83                 @ DW_AT_name
	.byte	3                               @ DW_AT_decl_file
	.byte	50                              @ DW_AT_decl_line
	.long	536                             @ DW_AT_type
	.byte	14                              @ Abbrev [14] 0x308:0xf DW_TAG_formal_parameter
	.long	.Ldebug_loc7                    @ DW_AT_location
	.long	.Linfo_string85                 @ DW_AT_name
	.byte	3                               @ DW_AT_decl_file
	.byte	50                              @ DW_AT_decl_line
	.long	55                              @ DW_AT_type
	.byte	18                              @ Abbrev [18] 0x317:0xb DW_TAG_variable
	.long	.Linfo_string86                 @ DW_AT_name
	.byte	3                               @ DW_AT_decl_file
	.byte	53                              @ DW_AT_decl_line
	.long	1161                            @ DW_AT_type
	.byte	16                              @ Abbrev [16] 0x322:0xf DW_TAG_variable
	.long	.Ldebug_loc8                    @ DW_AT_location
	.long	.Linfo_string88                 @ DW_AT_name
	.byte	3                               @ DW_AT_decl_file
	.byte	52                              @ DW_AT_decl_line
	.long	1161                            @ DW_AT_type
	.byte	0                               @ End Of Children Mark
	.byte	13                              @ Abbrev [13] 0x332:0x8a DW_TAG_subprogram
	.long	.Lfunc_begin2                   @ DW_AT_low_pc
	.long	.Lfunc_end2                     @ DW_AT_high_pc
	.byte	1                               @ DW_AT_frame_base
	.byte	93
	.long	.Linfo_string65                 @ DW_AT_name
	.byte	3                               @ DW_AT_decl_file
	.byte	108                             @ DW_AT_decl_line
	.byte	1                               @ DW_AT_prototyped
	.long	363                             @ DW_AT_type
	.byte	1                               @ DW_AT_external
	.byte	14                              @ Abbrev [14] 0x349:0xf DW_TAG_formal_parameter
	.long	.Ldebug_loc9                    @ DW_AT_location
	.long	.Linfo_string77                 @ DW_AT_name
	.byte	3                               @ DW_AT_decl_file
	.byte	108                             @ DW_AT_decl_line
	.long	363                             @ DW_AT_type
	.byte	14                              @ Abbrev [14] 0x358:0xf DW_TAG_formal_parameter
	.long	.Ldebug_loc10                   @ DW_AT_location
	.long	.Linfo_string91                 @ DW_AT_name
	.byte	3                               @ DW_AT_decl_file
	.byte	108                             @ DW_AT_decl_line
	.long	1184                            @ DW_AT_type
	.byte	15                              @ Abbrev [15] 0x367:0xe DW_TAG_variable
	.byte	2                               @ DW_AT_location
	.byte	145
	.byte	36
	.long	.Linfo_string89                 @ DW_AT_name
	.byte	3                               @ DW_AT_decl_file
	.byte	110                             @ DW_AT_decl_line
	.long	1172                            @ DW_AT_type
	.byte	15                              @ Abbrev [15] 0x375:0xe DW_TAG_variable
	.byte	2                               @ DW_AT_location
	.byte	145
	.byte	16
	.long	.Linfo_string90                 @ DW_AT_name
	.byte	3                               @ DW_AT_decl_file
	.byte	112                             @ DW_AT_decl_line
	.long	989                             @ DW_AT_type
	.byte	16                              @ Abbrev [16] 0x383:0xf DW_TAG_variable
	.long	.Ldebug_loc11                   @ DW_AT_location
	.long	.Linfo_string92                 @ DW_AT_name
	.byte	3                               @ DW_AT_decl_file
	.byte	111                             @ DW_AT_decl_line
	.long	363                             @ DW_AT_type
	.byte	16                              @ Abbrev [16] 0x392:0xf DW_TAG_variable
	.long	.Ldebug_loc12                   @ DW_AT_location
	.long	.Linfo_string85                 @ DW_AT_name
	.byte	3                               @ DW_AT_decl_file
	.byte	111                             @ DW_AT_decl_line
	.long	363                             @ DW_AT_type
	.byte	18                              @ Abbrev [18] 0x3a1:0xb DW_TAG_variable
	.long	.Linfo_string93                 @ DW_AT_name
	.byte	3                               @ DW_AT_decl_file
	.byte	113                             @ DW_AT_decl_line
	.long	370                             @ DW_AT_type
	.byte	16                              @ Abbrev [16] 0x3ac:0xf DW_TAG_variable
	.long	.Ldebug_loc13                   @ DW_AT_location
	.long	.Linfo_string83                 @ DW_AT_name
	.byte	3                               @ DW_AT_decl_file
	.byte	114                             @ DW_AT_decl_line
	.long	536                             @ DW_AT_type
	.byte	0                               @ End Of Children Mark
	.byte	3                               @ Abbrev [3] 0x3bc:0xb DW_TAG_typedef
	.long	967                             @ DW_AT_type
	.long	.Linfo_string63                 @ DW_AT_name
	.byte	4                               @ DW_AT_decl_file
	.byte	57                              @ DW_AT_decl_line
	.byte	3                               @ Abbrev [3] 0x3c7:0xb DW_TAG_typedef
	.long	978                             @ DW_AT_type
	.long	.Linfo_string62                 @ DW_AT_name
	.byte	2                               @ DW_AT_decl_file
	.byte	120                             @ DW_AT_decl_line
	.byte	3                               @ Abbrev [3] 0x3d2:0xb DW_TAG_typedef
	.long	195                             @ DW_AT_type
	.long	.Linfo_string61                 @ DW_AT_name
	.byte	1                               @ DW_AT_decl_file
	.byte	56                              @ DW_AT_decl_line
	.byte	8                               @ Abbrev [8] 0x3dd:0x45 DW_TAG_structure_type
	.long	.Linfo_string76                 @ DW_AT_name
	.byte	16                              @ DW_AT_byte_size
	.byte	5                               @ DW_AT_decl_file
	.byte	68                              @ DW_AT_decl_line
	.byte	9                               @ Abbrev [9] 0x3e5:0xc DW_TAG_member
	.long	.Linfo_string67                 @ DW_AT_name
	.long	252                             @ DW_AT_type
	.byte	5                               @ DW_AT_decl_file
	.byte	69                              @ DW_AT_decl_line
	.byte	0                               @ DW_AT_data_member_location
	.byte	9                               @ Abbrev [9] 0x3f1:0xc DW_TAG_member
	.long	.Linfo_string68                 @ DW_AT_name
	.long	281                             @ DW_AT_type
	.byte	5                               @ DW_AT_decl_file
	.byte	70                              @ DW_AT_decl_line
	.byte	1                               @ DW_AT_data_member_location
	.byte	9                               @ Abbrev [9] 0x3fd:0xc DW_TAG_member
	.long	.Linfo_string69                 @ DW_AT_name
	.long	1058                            @ DW_AT_type
	.byte	5                               @ DW_AT_decl_file
	.byte	71                              @ DW_AT_decl_line
	.byte	2                               @ DW_AT_data_member_location
	.byte	9                               @ Abbrev [9] 0x409:0xc DW_TAG_member
	.long	.Linfo_string71                 @ DW_AT_name
	.long	1069                            @ DW_AT_type
	.byte	5                               @ DW_AT_decl_file
	.byte	72                              @ DW_AT_decl_line
	.byte	4                               @ DW_AT_data_member_location
	.byte	9                               @ Abbrev [9] 0x415:0xc DW_TAG_member
	.long	.Linfo_string75                 @ DW_AT_name
	.long	1101                            @ DW_AT_type
	.byte	5                               @ DW_AT_decl_file
	.byte	74                              @ DW_AT_decl_line
	.byte	8                               @ DW_AT_data_member_location
	.byte	0                               @ End Of Children Mark
	.byte	3                               @ Abbrev [3] 0x422:0xb DW_TAG_typedef
	.long	55                              @ DW_AT_type
	.long	.Linfo_string70                 @ DW_AT_name
	.byte	5                               @ DW_AT_decl_file
	.byte	63                              @ DW_AT_decl_line
	.byte	8                               @ Abbrev [8] 0x42d:0x15 DW_TAG_structure_type
	.long	.Linfo_string74                 @ DW_AT_name
	.byte	4                               @ DW_AT_byte_size
	.byte	8                               @ DW_AT_decl_file
	.byte	58                              @ DW_AT_decl_line
	.byte	9                               @ Abbrev [9] 0x435:0xc DW_TAG_member
	.long	.Linfo_string72                 @ DW_AT_name
	.long	1090                            @ DW_AT_type
	.byte	8                               @ DW_AT_decl_file
	.byte	59                              @ DW_AT_decl_line
	.byte	0                               @ DW_AT_data_member_location
	.byte	0                               @ End Of Children Mark
	.byte	3                               @ Abbrev [3] 0x442:0xb DW_TAG_typedef
	.long	334                             @ DW_AT_type
	.long	.Linfo_string73                 @ DW_AT_name
	.byte	8                               @ DW_AT_decl_file
	.byte	55                              @ DW_AT_decl_line
	.byte	10                              @ Abbrev [10] 0x44d:0xc DW_TAG_array_type
	.long	304                             @ DW_AT_type
	.byte	11                              @ Abbrev [11] 0x452:0x6 DW_TAG_subrange_type
	.long	311                             @ DW_AT_type
	.byte	8                               @ DW_AT_count
	.byte	0                               @ End Of Children Mark
	.byte	7                               @ Abbrev [7] 0x459:0x5 DW_TAG_pointer_type
	.long	1118                            @ DW_AT_type
	.byte	3                               @ Abbrev [3] 0x45e:0xb DW_TAG_typedef
	.long	1129                            @ DW_AT_type
	.long	.Linfo_string80                 @ DW_AT_name
	.byte	10                              @ DW_AT_decl_file
	.byte	244                             @ DW_AT_decl_line
	.byte	3                               @ Abbrev [3] 0x469:0xb DW_TAG_typedef
	.long	1140                            @ DW_AT_type
	.long	.Linfo_string79                 @ DW_AT_name
	.byte	9                               @ DW_AT_decl_file
	.byte	57                              @ DW_AT_decl_line
	.byte	8                               @ Abbrev [8] 0x474:0x15 DW_TAG_structure_type
	.long	.Linfo_string78                 @ DW_AT_name
	.byte	4                               @ DW_AT_byte_size
	.byte	9                               @ DW_AT_decl_file
	.byte	51                              @ DW_AT_decl_line
	.byte	9                               @ Abbrev [9] 0x47c:0xc DW_TAG_member
	.long	.Linfo_string49                 @ DW_AT_name
	.long	334                             @ DW_AT_type
	.byte	9                               @ DW_AT_decl_file
	.byte	52                              @ DW_AT_decl_line
	.byte	0                               @ DW_AT_data_member_location
	.byte	0                               @ End Of Children Mark
	.byte	3                               @ Abbrev [3] 0x489:0xb DW_TAG_typedef
	.long	356                             @ DW_AT_type
	.long	.Linfo_string87                 @ DW_AT_name
	.byte	11                              @ DW_AT_decl_file
	.byte	58                              @ DW_AT_decl_line
	.byte	10                              @ Abbrev [10] 0x494:0xc DW_TAG_array_type
	.long	304                             @ DW_AT_type
	.byte	11                              @ Abbrev [11] 0x499:0x6 DW_TAG_subrange_type
	.long	311                             @ DW_AT_type
	.byte	64                              @ DW_AT_count
	.byte	0                               @ End Of Children Mark
	.byte	7                               @ Abbrev [7] 0x4a0:0x5 DW_TAG_pointer_type
	.long	363                             @ DW_AT_type
	.byte	0                               @ End Of Children Mark
.Ldebug_info_end0:
	.section	.debug_ranges,"",%progbits
.Ldebug_ranges0:
	.long	.Lfunc_begin0
	.long	.Lfunc_end0
	.long	.Lfunc_begin1
	.long	.Lfunc_end1
	.long	.Lfunc_begin2
	.long	.Lfunc_end2
	.long	0
	.long	0
	.section	.debug_str,"MS",%progbits,1
.Linfo_string0:
	.asciz	"Component: ARM Compiler 6.16 Tool: armclang [5dfeb700]" @ string offset=0
.Linfo_string1:
	.asciz	"rt-thread/components/net/lwip-2.0.2/src/apps/ping\\ping.c" @ string offset=55
.Linfo_string2:
	.asciz	"E:\\Smart-access-control\\Hardware\\CODE" @ string offset=112
.Linfo_string3:
	.asciz	"ping_seq_num"                  @ string offset=150
.Linfo_string4:
	.asciz	"unsigned short"                @ string offset=163
.Linfo_string5:
	.asciz	"uint16_t"                      @ string offset=178
.Linfo_string6:
	.asciz	"u16_t"                         @ string offset=187
.Linfo_string7:
	.asciz	"signed char"                   @ string offset=193
.Linfo_string8:
	.asciz	"ERR_OK"                        @ string offset=205
.Linfo_string9:
	.asciz	"ERR_MEM"                       @ string offset=212
.Linfo_string10:
	.asciz	"ERR_BUF"                       @ string offset=220
.Linfo_string11:
	.asciz	"ERR_TIMEOUT"                   @ string offset=228
.Linfo_string12:
	.asciz	"ERR_RTE"                       @ string offset=240
.Linfo_string13:
	.asciz	"ERR_INPROGRESS"                @ string offset=248
.Linfo_string14:
	.asciz	"ERR_VAL"                       @ string offset=263
.Linfo_string15:
	.asciz	"ERR_WOULDBLOCK"                @ string offset=271
.Linfo_string16:
	.asciz	"ERR_USE"                       @ string offset=286
.Linfo_string17:
	.asciz	"ERR_ALREADY"                   @ string offset=294
.Linfo_string18:
	.asciz	"ERR_ISCONN"                    @ string offset=306
.Linfo_string19:
	.asciz	"ERR_CONN"                      @ string offset=317
.Linfo_string20:
	.asciz	"ERR_IF"                        @ string offset=326
.Linfo_string21:
	.asciz	"ERR_ABRT"                      @ string offset=333
.Linfo_string22:
	.asciz	"ERR_RST"                       @ string offset=342
.Linfo_string23:
	.asciz	"ERR_CLSD"                      @ string offset=350
.Linfo_string24:
	.asciz	"ERR_ARG"                       @ string offset=359
.Linfo_string25:
	.asciz	"sa_len"                        @ string offset=367
.Linfo_string26:
	.asciz	"unsigned char"                 @ string offset=374
.Linfo_string27:
	.asciz	"uint8_t"                       @ string offset=388
.Linfo_string28:
	.asciz	"u8_t"                          @ string offset=396
.Linfo_string29:
	.asciz	"sa_family"                     @ string offset=401
.Linfo_string30:
	.asciz	"sa_family_t"                   @ string offset=411
.Linfo_string31:
	.asciz	"sa_data"                       @ string offset=423
.Linfo_string32:
	.asciz	"char"                          @ string offset=431
.Linfo_string33:
	.asciz	"__ARRAY_SIZE_TYPE__"           @ string offset=436
.Linfo_string34:
	.asciz	"sockaddr"                      @ string offset=456
.Linfo_string35:
	.asciz	"unsigned int"                  @ string offset=465
.Linfo_string36:
	.asciz	"uint32_t"                      @ string offset=478
.Linfo_string37:
	.asciz	"u32_t"                         @ string offset=487
.Linfo_string38:
	.asciz	"socklen_t"                     @ string offset=493
.Linfo_string39:
	.asciz	"int"                           @ string offset=503
.Linfo_string40:
	.asciz	"_v_hl"                         @ string offset=507
.Linfo_string41:
	.asciz	"_tos"                          @ string offset=513
.Linfo_string42:
	.asciz	"_len"                          @ string offset=518
.Linfo_string43:
	.asciz	"_id"                           @ string offset=523
.Linfo_string44:
	.asciz	"_offset"                       @ string offset=527
.Linfo_string45:
	.asciz	"_ttl"                          @ string offset=535
.Linfo_string46:
	.asciz	"_proto"                        @ string offset=540
.Linfo_string47:
	.asciz	"_chksum"                       @ string offset=547
.Linfo_string48:
	.asciz	"src"                           @ string offset=555
.Linfo_string49:
	.asciz	"addr"                          @ string offset=559
.Linfo_string50:
	.asciz	"ip4_addr_packed"               @ string offset=564
.Linfo_string51:
	.asciz	"ip4_addr_p_t"                  @ string offset=580
.Linfo_string52:
	.asciz	"dest"                          @ string offset=593
.Linfo_string53:
	.asciz	"ip_hdr"                        @ string offset=598
.Linfo_string54:
	.asciz	"type"                          @ string offset=605
.Linfo_string55:
	.asciz	"code"                          @ string offset=610
.Linfo_string56:
	.asciz	"chksum"                        @ string offset=615
.Linfo_string57:
	.asciz	"id"                            @ string offset=622
.Linfo_string58:
	.asciz	"seqno"                         @ string offset=625
.Linfo_string59:
	.asciz	"icmp_echo_hdr"                 @ string offset=631
.Linfo_string60:
	.asciz	"lwip_ping_send"                @ string offset=645
.Linfo_string61:
	.asciz	"int8_t"                        @ string offset=660
.Linfo_string62:
	.asciz	"s8_t"                          @ string offset=667
.Linfo_string63:
	.asciz	"err_t"                         @ string offset=672
.Linfo_string64:
	.asciz	"ping_prepare_echo"             @ string offset=678
.Linfo_string65:
	.asciz	"lwip_ping_recv"                @ string offset=696
.Linfo_string66:
	.asciz	"to"                            @ string offset=711
.Linfo_string67:
	.asciz	"sin_len"                       @ string offset=714
.Linfo_string68:
	.asciz	"sin_family"                    @ string offset=722
.Linfo_string69:
	.asciz	"sin_port"                      @ string offset=733
.Linfo_string70:
	.asciz	"in_port_t"                     @ string offset=742
.Linfo_string71:
	.asciz	"sin_addr"                      @ string offset=752
.Linfo_string72:
	.asciz	"s_addr"                        @ string offset=761
.Linfo_string73:
	.asciz	"in_addr_t"                     @ string offset=768
.Linfo_string74:
	.asciz	"in_addr"                       @ string offset=778
.Linfo_string75:
	.asciz	"sin_zero"                      @ string offset=786
.Linfo_string76:
	.asciz	"sockaddr_in"                   @ string offset=795
.Linfo_string77:
	.asciz	"s"                             @ string offset=807
.Linfo_string78:
	.asciz	"ip4_addr"                      @ string offset=809
.Linfo_string79:
	.asciz	"ip4_addr_t"                    @ string offset=818
.Linfo_string80:
	.asciz	"ip_addr_t"                     @ string offset=829
.Linfo_string81:
	.asciz	"size"                          @ string offset=839
.Linfo_string82:
	.asciz	"ping_size"                     @ string offset=844
.Linfo_string83:
	.asciz	"iecho"                         @ string offset=854
.Linfo_string84:
	.asciz	"err"                           @ string offset=860
.Linfo_string85:
	.asciz	"len"                           @ string offset=864
.Linfo_string86:
	.asciz	"data_len"                      @ string offset=868
.Linfo_string87:
	.asciz	"size_t"                        @ string offset=877
.Linfo_string88:
	.asciz	"i"                             @ string offset=884
.Linfo_string89:
	.asciz	"buf"                           @ string offset=886
.Linfo_string90:
	.asciz	"from"                          @ string offset=890
.Linfo_string91:
	.asciz	"ttl"                           @ string offset=895
.Linfo_string92:
	.asciz	"fromlen"                       @ string offset=899
.Linfo_string93:
	.asciz	"iphdr"                         @ string offset=907
	.ident	"Component: ARM Compiler 6.16 Tool: armclang [5dfeb700]"
	.section	".note.GNU-stack","",%progbits
	.eabi_attribute	30, 1	@ Tag_ABI_optimization_goals
	.ARM_attribute	16, 1	@ Tag_AV_eba
	.section	.debug_line,"",%progbits
.Lline_table_start0:
