	.text
	.syntax unified
	.eabi_attribute	67, "2.09"	@ Tag_conformance
	.cpu	cortex-m7
	.eabi_attribute	6, 13	@ Tag_CPU_arch
	.eabi_attribute	7, 77	@ Tag_CPU_arch_profile
	.eabi_attribute	8, 0	@ Tag_ARM_ISA_use
	.eabi_attribute	9, 2	@ Tag_THUMB_ISA_use
	.fpu	fpv5-d16
	.eabi_attribute	36, 1	@ Tag_FP_HP_extension
	.eabi_attribute	34, 1	@ Tag_CPU_unaligned_access
	.eabi_attribute	17, 1	@ Tag_ABI_PCS_GOT_use
	.eabi_attribute	20, 2	@ Tag_ABI_FP_denormal
	.eabi_attribute	21, 0	@ Tag_ABI_FP_exceptions
	.eabi_attribute	23, 1	@ Tag_ABI_FP_number_model
	.eabi_attribute	24, 1	@ Tag_ABI_align_needed
	.eabi_attribute	25, 1	@ Tag_ABI_align_preserved
	.eabi_attribute	28, 1	@ Tag_ABI_VFP_args
	.eabi_attribute	38, 1	@ Tag_ABI_FP_16bit_format
	.eabi_attribute	18, 2	@ Tag_ABI_PCS_wchar_t
	.eabi_attribute	26, 1	@ Tag_ABI_enum_size
	.eabi_attribute	14, 0	@ Tag_ABI_PCS_R9_use
	.file	"select.c"
	.file	1 "E:\\Smart-access-control\\Hardware\\CODE" "rt-thread/components/dfs/include\\dfs_poll.h"
	.file	2 "E:\\Smart-access-control\\Hardware\\CODE" "rt-thread/include\\libc/libc_fdset.h"
	.section	.text.select,"ax",%progbits
	.hidden	select                          @ -- Begin function select
	.globl	select
	.p2align	3
	.type	select,%function
	.code	16                              @ @select
	.thumb_func
select:
.Lfunc_begin0:
	.file	3 "E:\\Smart-access-control\\Hardware\\CODE" "rt-thread/components/dfs/src/select.c"
	.loc	3 37 0                          @ rt-thread/components/dfs/src/select.c:37:0
	.fnstart
	.cfi_sections .debug_frame
	.cfi_startproc
@ %bb.0:
	@DEBUG_VALUE: select:nfds <- $r0
	@DEBUG_VALUE: select:readfds <- $r1
	@DEBUG_VALUE: select:writefds <- $r2
	@DEBUG_VALUE: select:exceptfds <- $r3
	.save	{r4, r5, r6, r7, r8, r9, r10, r11, lr}
	push.w	{r4, r5, r6, r7, r8, r9, r10, r11, lr}
	.cfi_def_cfa_offset 36
	.cfi_offset lr, -4
	.cfi_offset r11, -8
	.cfi_offset r10, -12
	.cfi_offset r9, -16
	.cfi_offset r8, -20
	.cfi_offset r7, -24
	.cfi_offset r6, -28
	.cfi_offset r5, -32
	.cfi_offset r4, -36
	.pad	#4
	sub	sp, #4
	.cfi_def_cfa_offset 40
	mov	r9, r0
.Ltmp0:
	@DEBUG_VALUE: select:npfds <- 0
	@DEBUG_VALUE: select:fd <- 0
	@DEBUG_VALUE: select:pollset <- 0
	@DEBUG_VALUE: select:timeout <- [DW_OP_plus_uconst 40] [$sp+0]
	@DEBUG_VALUE: select:nfds <- $r9
	.loc	3 46 5 prologue_end             @ rt-thread/components/dfs/src/select.c:46:5
	cmp	r0, #1
	mov	r11, r3
.Ltmp1:
	@DEBUG_VALUE: select:exceptfds <- $r11
	@DEBUG_VALUE: select:exceptfds <- $r11
	.loc	3 0 5 is_stmt 0                 @ rt-thread/components/dfs/src/select.c:0:5
	mov	r5, r2
.Ltmp2:
	@DEBUG_VALUE: select:writefds <- $r5
	@DEBUG_VALUE: select:writefds <- $r5
	mov	r6, r1
.Ltmp3:
	@DEBUG_VALUE: select:readfds <- $r6
	@DEBUG_VALUE: select:readfds <- $r6
	mov.w	r7, #0
	.loc	3 46 5                          @ rt-thread/components/dfs/src/select.c:46:5
	blt	.LBB0_10
.Ltmp4:
@ %bb.1:
	@DEBUG_VALUE: select:exceptfds <- $r11
	@DEBUG_VALUE: select:nfds <- $r9
	@DEBUG_VALUE: select:readfds <- $r6
	@DEBUG_VALUE: select:writefds <- $r5
	@DEBUG_VALUE: select:timeout <- [DW_OP_plus_uconst 40] [$sp+0]
	@DEBUG_VALUE: select:pollset <- 0
	@DEBUG_VALUE: select:fd <- 0
	@DEBUG_VALUE: select:npfds <- 0
	.loc	3 0 5                           @ rt-thread/components/dfs/src/select.c:0:5
	movs	r0, #0
	b	.LBB0_4
.Ltmp5:
	.p2align	2
.LBB0_2:                                @   in Loop: Header=BB0_4 Depth=1
	@DEBUG_VALUE: select:exceptfds <- $r11
	@DEBUG_VALUE: select:nfds <- $r9
	@DEBUG_VALUE: select:npfds <- $r7
	@DEBUG_VALUE: select:readfds <- $r6
	@DEBUG_VALUE: select:writefds <- $r5
	@DEBUG_VALUE: select:fd <- $r0
	@DEBUG_VALUE: select:timeout <- [DW_OP_plus_uconst 40] [$sp+0]
	@DEBUG_VALUE: select:pollset <- 0
	.loc	3 53 18 is_stmt 1               @ rt-thread/components/dfs/src/select.c:53:18
	adds	r7, #1
.Ltmp6:
	@DEBUG_VALUE: select:npfds <- $r7
.LBB0_3:                                @   in Loop: Header=BB0_4 Depth=1
	@DEBUG_VALUE: select:exceptfds <- $r11
	@DEBUG_VALUE: select:nfds <- $r9
	@DEBUG_VALUE: select:npfds <- $r7
	@DEBUG_VALUE: select:readfds <- $r6
	@DEBUG_VALUE: select:writefds <- $r5
	@DEBUG_VALUE: select:fd <- $r0
	@DEBUG_VALUE: select:timeout <- [DW_OP_plus_uconst 40] [$sp+0]
	@DEBUG_VALUE: select:pollset <- 0
	@DEBUG_VALUE: select:npfds <- $r7
	.loc	3 46 42                         @ rt-thread/components/dfs/src/select.c:46:42
	adds	r0, #1
.Ltmp7:
	@DEBUG_VALUE: select:fd <- $r0
	.loc	3 46 5 is_stmt 0                @ rt-thread/components/dfs/src/select.c:46:5
	cmp	r9, r0
	beq	.LBB0_10
.Ltmp8:
.LBB0_4:                                @ =>This Inner Loop Header: Depth=1
	@DEBUG_VALUE: select:exceptfds <- $r11
	@DEBUG_VALUE: select:nfds <- $r9
	@DEBUG_VALUE: select:readfds <- $r6
	@DEBUG_VALUE: select:writefds <- $r5
	@DEBUG_VALUE: select:timeout <- [DW_OP_plus_uconst 40] [$sp+0]
	@DEBUG_VALUE: select:pollset <- 0
	@DEBUG_VALUE: select:fd <- $r0
	@DEBUG_VALUE: select:npfds <- $r7
	.loc	3 49 24 is_stmt 1               @ rt-thread/components/dfs/src/select.c:49:24
	cbz	r6, .LBB0_6
.Ltmp9:
@ %bb.5:                                @   in Loop: Header=BB0_4 Depth=1
	@DEBUG_VALUE: select:exceptfds <- $r11
	@DEBUG_VALUE: select:nfds <- $r9
	@DEBUG_VALUE: select:npfds <- $r7
	@DEBUG_VALUE: select:readfds <- $r6
	@DEBUG_VALUE: select:writefds <- $r5
	@DEBUG_VALUE: select:fd <- $r0
	@DEBUG_VALUE: select:timeout <- [DW_OP_plus_uconst 40] [$sp+0]
	@DEBUG_VALUE: select:pollset <- 0
	.loc	3 49 27 is_stmt 0               @ rt-thread/components/dfs/src/select.c:49:27
	lsrs	r1, r0, #5
	and	r2, r0, #31
	ldr.w	r1, [r6, r1, lsl #2]
	.loc	3 49 51                         @ rt-thread/components/dfs/src/select.c:49:51
	lsrs	r1, r2
	lsls	r1, r1, #31
	bne	.LBB0_2
.Ltmp10:
.LBB0_6:                                @   in Loop: Header=BB0_4 Depth=1
	@DEBUG_VALUE: select:exceptfds <- $r11
	@DEBUG_VALUE: select:nfds <- $r9
	@DEBUG_VALUE: select:npfds <- $r7
	@DEBUG_VALUE: select:readfds <- $r6
	@DEBUG_VALUE: select:writefds <- $r5
	@DEBUG_VALUE: select:fd <- $r0
	@DEBUG_VALUE: select:timeout <- [DW_OP_plus_uconst 40] [$sp+0]
	@DEBUG_VALUE: select:pollset <- 0
	.loc	3 50 24 is_stmt 1               @ rt-thread/components/dfs/src/select.c:50:24
	cbz	r5, .LBB0_8
.Ltmp11:
@ %bb.7:                                @   in Loop: Header=BB0_4 Depth=1
	@DEBUG_VALUE: select:exceptfds <- $r11
	@DEBUG_VALUE: select:nfds <- $r9
	@DEBUG_VALUE: select:npfds <- $r7
	@DEBUG_VALUE: select:readfds <- $r6
	@DEBUG_VALUE: select:writefds <- $r5
	@DEBUG_VALUE: select:fd <- $r0
	@DEBUG_VALUE: select:timeout <- [DW_OP_plus_uconst 40] [$sp+0]
	@DEBUG_VALUE: select:pollset <- 0
	.loc	3 50 27 is_stmt 0               @ rt-thread/components/dfs/src/select.c:50:27
	lsrs	r1, r0, #5
	and	r2, r0, #31
	ldr.w	r1, [r5, r1, lsl #2]
	.loc	3 50 51                         @ rt-thread/components/dfs/src/select.c:50:51
	lsrs	r1, r2
	lsls	r1, r1, #31
	bne	.LBB0_2
.Ltmp12:
.LBB0_8:                                @   in Loop: Header=BB0_4 Depth=1
	@DEBUG_VALUE: select:exceptfds <- $r11
	@DEBUG_VALUE: select:nfds <- $r9
	@DEBUG_VALUE: select:npfds <- $r7
	@DEBUG_VALUE: select:readfds <- $r6
	@DEBUG_VALUE: select:writefds <- $r5
	@DEBUG_VALUE: select:fd <- $r0
	@DEBUG_VALUE: select:timeout <- [DW_OP_plus_uconst 40] [$sp+0]
	@DEBUG_VALUE: select:pollset <- 0
	.loc	3 51 24 is_stmt 1               @ rt-thread/components/dfs/src/select.c:51:24
	cmp.w	r11, #0
	beq	.LBB0_3
.Ltmp13:
@ %bb.9:                                @   in Loop: Header=BB0_4 Depth=1
	@DEBUG_VALUE: select:exceptfds <- $r11
	@DEBUG_VALUE: select:nfds <- $r9
	@DEBUG_VALUE: select:npfds <- $r7
	@DEBUG_VALUE: select:readfds <- $r6
	@DEBUG_VALUE: select:writefds <- $r5
	@DEBUG_VALUE: select:fd <- $r0
	@DEBUG_VALUE: select:timeout <- [DW_OP_plus_uconst 40] [$sp+0]
	@DEBUG_VALUE: select:pollset <- 0
	.loc	3 51 27 is_stmt 0               @ rt-thread/components/dfs/src/select.c:51:27
	lsrs	r1, r0, #5
	and	r2, r0, #31
	ldr.w	r1, [r11, r1, lsl #2]
.Ltmp14:
	.loc	3 49 13 is_stmt 1               @ rt-thread/components/dfs/src/select.c:49:13
	lsrs	r1, r2
	lsls	r1, r1, #31
.Ltmp15:
	.loc	3 53 18                         @ rt-thread/components/dfs/src/select.c:53:18
	it	ne
	addne	r7, #1
.Ltmp16:
	@DEBUG_VALUE: select:npfds <- $r7
	.loc	3 0 18 is_stmt 0                @ rt-thread/components/dfs/src/select.c:0:18
	b	.LBB0_3
.Ltmp17:
.LBB0_10:
	@DEBUG_VALUE: select:exceptfds <- $r11
	@DEBUG_VALUE: select:nfds <- $r9
	@DEBUG_VALUE: select:readfds <- $r6
	@DEBUG_VALUE: select:writefds <- $r5
	@DEBUG_VALUE: select:timeout <- [DW_OP_plus_uconst 40] [$sp+0]
	@DEBUG_VALUE: select:pollset <- 0
	.loc	3 58 9 is_stmt 1                @ rt-thread/components/dfs/src/select.c:58:9
	cmp	r7, #1
	blt	.LBB0_13
.Ltmp18:
@ %bb.11:
	@DEBUG_VALUE: select:exceptfds <- $r11
	@DEBUG_VALUE: select:nfds <- $r9
	@DEBUG_VALUE: select:readfds <- $r6
	@DEBUG_VALUE: select:writefds <- $r5
	@DEBUG_VALUE: select:timeout <- [DW_OP_plus_uconst 40] [$sp+0]
	@DEBUG_VALUE: select:pollset <- 0
	.loc	3 60 36                         @ rt-thread/components/dfs/src/select.c:60:36
	movs	r1, #8
	mov	r0, r7
	bl	rt_calloc
	mov	r8, r0
.Ltmp19:
	@DEBUG_VALUE: select:pollset <- $r8
	.loc	3 61 13                         @ rt-thread/components/dfs/src/select.c:61:13
	cbnz	r0, .LBB0_14
.Ltmp20:
@ %bb.12:
	@DEBUG_VALUE: select:exceptfds <- $r11
	@DEBUG_VALUE: select:nfds <- $r9
	@DEBUG_VALUE: select:pollset <- $r8
	@DEBUG_VALUE: select:readfds <- $r6
	@DEBUG_VALUE: select:writefds <- $r5
	@DEBUG_VALUE: select:timeout <- [DW_OP_plus_uconst 40] [$sp+0]
	.loc	3 0 13 is_stmt 0                @ rt-thread/components/dfs/src/select.c:0:13
	mov.w	r10, #-1
	b	.LBB0_52
.Ltmp21:
.LBB0_13:
	@DEBUG_VALUE: select:exceptfds <- $r11
	@DEBUG_VALUE: select:nfds <- $r9
	@DEBUG_VALUE: select:readfds <- $r6
	@DEBUG_VALUE: select:writefds <- $r5
	@DEBUG_VALUE: select:timeout <- [DW_OP_plus_uconst 40] [$sp+0]
	@DEBUG_VALUE: select:pollset <- 0
	mov.w	r8, #0
.Ltmp22:
.LBB0_14:
	@DEBUG_VALUE: select:exceptfds <- $r11
	@DEBUG_VALUE: select:nfds <- $r9
	@DEBUG_VALUE: select:readfds <- $r6
	@DEBUG_VALUE: select:writefds <- $r5
	@DEBUG_VALUE: select:timeout <- [DW_OP_plus_uconst 40] [$sp+0]
	@DEBUG_VALUE: select:pollset <- $r8
	@DEBUG_VALUE: select:fd <- 0
	@DEBUG_VALUE: select:ndx <- 0
	movs	r0, #0
.Ltmp23:
	.loc	3 68 5 is_stmt 1                @ rt-thread/components/dfs/src/select.c:68:5
	cmp.w	r9, #1
	blt	.LBB0_25
.Ltmp24:
@ %bb.15:
	@DEBUG_VALUE: select:exceptfds <- $r11
	@DEBUG_VALUE: select:nfds <- $r9
	@DEBUG_VALUE: select:pollset <- $r8
	@DEBUG_VALUE: select:readfds <- $r6
	@DEBUG_VALUE: select:writefds <- $r5
	@DEBUG_VALUE: select:timeout <- [DW_OP_plus_uconst 40] [$sp+0]
	@DEBUG_VALUE: select:ndx <- 0
	@DEBUG_VALUE: select:fd <- 0
	.loc	3 0 5 is_stmt 0                 @ rt-thread/components/dfs/src/select.c:0:5
	movs	r1, #0
	b	.LBB0_17
.Ltmp25:
	.p2align	2
.LBB0_16:                               @   in Loop: Header=BB0_17 Depth=1
	@DEBUG_VALUE: select:exceptfds <- $r11
	@DEBUG_VALUE: select:nfds <- $r9
	@DEBUG_VALUE: select:pollset <- $r8
	@DEBUG_VALUE: select:readfds <- $r6
	@DEBUG_VALUE: select:writefds <- $r5
	@DEBUG_VALUE: select:fd <- $r1
	@DEBUG_VALUE: select:ndx <- $r0
	@DEBUG_VALUE: select:timeout <- [DW_OP_plus_uconst 40] [$sp+0]
	.loc	3 68 40                         @ rt-thread/components/dfs/src/select.c:68:40
	adds	r1, #1
.Ltmp26:
	@DEBUG_VALUE: select:fd <- $r1
	.loc	3 99 13 is_stmt 1               @ rt-thread/components/dfs/src/select.c:99:13
	add	r0, r2
.Ltmp27:
	@DEBUG_VALUE: select:ndx <- $r0
	.loc	3 68 5                          @ rt-thread/components/dfs/src/select.c:68:5
	cmp	r9, r1
	@DEBUG_VALUE: incr <- $r2
	beq	.LBB0_25
.Ltmp28:
.LBB0_17:                               @ =>This Inner Loop Header: Depth=1
	@DEBUG_VALUE: select:exceptfds <- $r11
	@DEBUG_VALUE: select:nfds <- $r9
	@DEBUG_VALUE: select:pollset <- $r8
	@DEBUG_VALUE: select:readfds <- $r6
	@DEBUG_VALUE: select:writefds <- $r5
	@DEBUG_VALUE: select:timeout <- [DW_OP_plus_uconst 40] [$sp+0]
	@DEBUG_VALUE: select:fd <- $r1
	@DEBUG_VALUE: select:ndx <- $r0
	@DEBUG_VALUE: incr <- 0
	.loc	3 0 5 is_stmt 0                 @ rt-thread/components/dfs/src/select.c:0:5
	cbz	r6, .LBB0_20
.Ltmp29:
@ %bb.18:                               @   in Loop: Header=BB0_17 Depth=1
	@DEBUG_VALUE: select:exceptfds <- $r11
	@DEBUG_VALUE: select:nfds <- $r9
	@DEBUG_VALUE: select:pollset <- $r8
	@DEBUG_VALUE: select:readfds <- $r6
	@DEBUG_VALUE: select:writefds <- $r5
	@DEBUG_VALUE: select:fd <- $r1
	@DEBUG_VALUE: select:ndx <- $r0
	@DEBUG_VALUE: select:timeout <- [DW_OP_plus_uconst 40] [$sp+0]
	@DEBUG_VALUE: incr <- 0
	.loc	3 79 24 is_stmt 1               @ rt-thread/components/dfs/src/select.c:79:24
	lsrs	r2, r1, #5
	and	r3, r1, #31
	ldr.w	r2, [r6, r2, lsl #2]
.Ltmp30:
	.loc	3 79 13 is_stmt 0               @ rt-thread/components/dfs/src/select.c:79:13
	lsrs	r2, r3
	lsls	r2, r2, #31
	beq	.LBB0_20
.Ltmp31:
@ %bb.19:                               @   in Loop: Header=BB0_17 Depth=1
	@DEBUG_VALUE: select:exceptfds <- $r11
	@DEBUG_VALUE: select:nfds <- $r9
	@DEBUG_VALUE: select:pollset <- $r8
	@DEBUG_VALUE: select:readfds <- $r6
	@DEBUG_VALUE: select:writefds <- $r5
	@DEBUG_VALUE: select:fd <- $r1
	@DEBUG_VALUE: select:ndx <- $r0
	@DEBUG_VALUE: select:timeout <- [DW_OP_plus_uconst 40] [$sp+0]
	@DEBUG_VALUE: incr <- 0
	.loc	3 81 26 is_stmt 1               @ rt-thread/components/dfs/src/select.c:81:26
	add.w	r2, r8, r0, lsl #3
	.loc	3 81 37 is_stmt 0               @ rt-thread/components/dfs/src/select.c:81:37
	str.w	r1, [r8, r0, lsl #3]
	.loc	3 82 33 is_stmt 1               @ rt-thread/components/dfs/src/select.c:82:33
	ldrh	r3, [r2, #4]
	orr	r3, r3, #1
	strh	r3, [r2, #4]
	movs	r2, #1
.Ltmp32:
	@DEBUG_VALUE: incr <- 1
	@DEBUG_VALUE: incr <- $r2
	.loc	3 86 22                         @ rt-thread/components/dfs/src/select.c:86:22
	cbnz	r5, .LBB0_21
	b	.LBB0_23
.Ltmp33:
	.p2align	2
.LBB0_20:                               @   in Loop: Header=BB0_17 Depth=1
	@DEBUG_VALUE: select:exceptfds <- $r11
	@DEBUG_VALUE: select:nfds <- $r9
	@DEBUG_VALUE: select:pollset <- $r8
	@DEBUG_VALUE: select:readfds <- $r6
	@DEBUG_VALUE: select:writefds <- $r5
	@DEBUG_VALUE: select:fd <- $r1
	@DEBUG_VALUE: select:ndx <- $r0
	@DEBUG_VALUE: select:timeout <- [DW_OP_plus_uconst 40] [$sp+0]
	@DEBUG_VALUE: incr <- 0
	.loc	3 0 22 is_stmt 0                @ rt-thread/components/dfs/src/select.c:0:22
	movs	r2, #0
.Ltmp34:
	@DEBUG_VALUE: incr <- $r2
	.loc	3 86 22                         @ rt-thread/components/dfs/src/select.c:86:22
	cbz	r5, .LBB0_23
.Ltmp35:
.LBB0_21:                               @   in Loop: Header=BB0_17 Depth=1
	@DEBUG_VALUE: select:exceptfds <- $r11
	@DEBUG_VALUE: select:nfds <- $r9
	@DEBUG_VALUE: select:pollset <- $r8
	@DEBUG_VALUE: select:readfds <- $r6
	@DEBUG_VALUE: select:writefds <- $r5
	@DEBUG_VALUE: incr <- $r2
	@DEBUG_VALUE: select:fd <- $r1
	@DEBUG_VALUE: select:ndx <- $r0
	@DEBUG_VALUE: select:timeout <- [DW_OP_plus_uconst 40] [$sp+0]
	.loc	3 86 25                         @ rt-thread/components/dfs/src/select.c:86:25
	lsrs	r3, r1, #5
	and	r4, r1, #31
	ldr.w	r3, [r5, r3, lsl #2]
.Ltmp36:
	.loc	3 86 13                         @ rt-thread/components/dfs/src/select.c:86:13
	lsrs	r3, r4
	lsls	r3, r3, #31
	beq	.LBB0_23
.Ltmp37:
@ %bb.22:                               @   in Loop: Header=BB0_17 Depth=1
	@DEBUG_VALUE: select:exceptfds <- $r11
	@DEBUG_VALUE: select:nfds <- $r9
	@DEBUG_VALUE: select:pollset <- $r8
	@DEBUG_VALUE: select:readfds <- $r6
	@DEBUG_VALUE: select:writefds <- $r5
	@DEBUG_VALUE: incr <- $r2
	@DEBUG_VALUE: select:fd <- $r1
	@DEBUG_VALUE: select:ndx <- $r0
	@DEBUG_VALUE: select:timeout <- [DW_OP_plus_uconst 40] [$sp+0]
	.loc	3 88 26 is_stmt 1               @ rt-thread/components/dfs/src/select.c:88:26
	add.w	r2, r8, r0, lsl #3
.Ltmp38:
	.loc	3 88 34 is_stmt 0               @ rt-thread/components/dfs/src/select.c:88:34
	str.w	r1, [r8, r0, lsl #3]
	.loc	3 89 33 is_stmt 1               @ rt-thread/components/dfs/src/select.c:89:33
	ldrh	r3, [r2, #4]
	orr	r3, r3, #2
	strh	r3, [r2, #4]
	movs	r2, #1
.Ltmp39:
	@DEBUG_VALUE: incr <- 1
.LBB0_23:                               @   in Loop: Header=BB0_17 Depth=1
	@DEBUG_VALUE: select:exceptfds <- $r11
	@DEBUG_VALUE: select:nfds <- $r9
	@DEBUG_VALUE: select:pollset <- $r8
	@DEBUG_VALUE: select:readfds <- $r6
	@DEBUG_VALUE: select:writefds <- $r5
	@DEBUG_VALUE: select:fd <- $r1
	@DEBUG_VALUE: select:ndx <- $r0
	@DEBUG_VALUE: select:timeout <- [DW_OP_plus_uconst 40] [$sp+0]
	@DEBUG_VALUE: incr <- $r2
	.loc	3 93 23                         @ rt-thread/components/dfs/src/select.c:93:23
	cmp.w	r11, #0
	beq	.LBB0_16
.Ltmp40:
@ %bb.24:                               @   in Loop: Header=BB0_17 Depth=1
	@DEBUG_VALUE: select:exceptfds <- $r11
	@DEBUG_VALUE: select:nfds <- $r9
	@DEBUG_VALUE: select:pollset <- $r8
	@DEBUG_VALUE: select:readfds <- $r6
	@DEBUG_VALUE: select:writefds <- $r5
	@DEBUG_VALUE: incr <- $r2
	@DEBUG_VALUE: select:fd <- $r1
	@DEBUG_VALUE: select:ndx <- $r0
	@DEBUG_VALUE: select:timeout <- [DW_OP_plus_uconst 40] [$sp+0]
	.loc	3 93 26 is_stmt 0               @ rt-thread/components/dfs/src/select.c:93:26
	lsrs	r3, r1, #5
	and	r4, r1, #31
	ldr.w	r3, [r11, r3, lsl #2]
.Ltmp41:
	.loc	3 93 13                         @ rt-thread/components/dfs/src/select.c:93:13
	lsrs	r3, r4
	lsls	r3, r3, #31
.Ltmp42:
	.loc	3 95 29 is_stmt 1               @ rt-thread/components/dfs/src/select.c:95:29
	itt	ne
	strne.w	r1, [r8, r0, lsl #3]
	movne	r2, #1
.Ltmp43:
	@DEBUG_VALUE: incr <- 1
	.loc	3 0 29 is_stmt 0                @ rt-thread/components/dfs/src/select.c:0:29
	b	.LBB0_16
.Ltmp44:
.LBB0_25:
	@DEBUG_VALUE: select:exceptfds <- $r11
	@DEBUG_VALUE: select:nfds <- $r9
	@DEBUG_VALUE: select:pollset <- $r8
	@DEBUG_VALUE: select:readfds <- $r6
	@DEBUG_VALUE: select:writefds <- $r5
	@DEBUG_VALUE: select:timeout <- [DW_OP_plus_uconst 40] [$sp+0]
	.loc	3 102 5 is_stmt 1               @ rt-thread/components/dfs/src/select.c:102:5
	cmp	r0, r7
	ldr.w	r10, [sp, #40]
	beq	.LBB0_27
.Ltmp45:
@ %bb.26:
	@DEBUG_VALUE: select:exceptfds <- $r11
	@DEBUG_VALUE: select:nfds <- $r9
	@DEBUG_VALUE: select:pollset <- $r8
	@DEBUG_VALUE: select:readfds <- $r6
	@DEBUG_VALUE: select:writefds <- $r5
	@DEBUG_VALUE: select:timeout <- [DW_OP_plus_uconst 40] [$sp+0]
	.loc	3 102 5 is_stmt 0               @ rt-thread/components/dfs/src/select.c:102:5
	adr	r0, .LCPI0_0
	adr	r1, .LCPI0_1
	movs	r2, #102
	bl	rt_assert_handler
.Ltmp46:
.LBB0_27:
	@DEBUG_VALUE: select:exceptfds <- $r11
	@DEBUG_VALUE: select:nfds <- $r9
	@DEBUG_VALUE: select:pollset <- $r8
	@DEBUG_VALUE: select:readfds <- $r6
	@DEBUG_VALUE: select:writefds <- $r5
	@DEBUG_VALUE: select:timeout <- [DW_OP_plus_uconst 40] [$sp+0]
	.loc	3 105 9 is_stmt 1               @ rt-thread/components/dfs/src/select.c:105:9
	cmp.w	r10, #0
	beq	.LBB0_29
.Ltmp47:
@ %bb.28:
	@DEBUG_VALUE: select:exceptfds <- $r11
	@DEBUG_VALUE: select:nfds <- $r9
	@DEBUG_VALUE: select:pollset <- $r8
	@DEBUG_VALUE: select:readfds <- $r6
	@DEBUG_VALUE: select:writefds <- $r5
	@DEBUG_VALUE: select:timeout <- [DW_OP_plus_uconst 40] [$sp+0]
	.loc	3 107 50                        @ rt-thread/components/dfs/src/select.c:107:50
	ldr.w	r0, [r10, #4]
	movw	r1, #19923
	movt	r1, #4194
	mov.w	r3, #1000
	.loc	3 107 58 is_stmt 0              @ rt-thread/components/dfs/src/select.c:107:58
	smmul	r0, r0, r1
	.loc	3 107 25                        @ rt-thread/components/dfs/src/select.c:107:25
	ldr.w	r1, [r10]
	.loc	3 107 58                        @ rt-thread/components/dfs/src/select.c:107:58
	asrs	r2, r0, #6
	add.w	r0, r2, r0, lsr #31
	.loc	3 107 39                        @ rt-thread/components/dfs/src/select.c:107:39
	mla	r2, r1, r3, r0
.Ltmp48:
	@DEBUG_VALUE: select:msec <- $r2
	.loc	3 0 39                          @ rt-thread/components/dfs/src/select.c:0:39
	b	.LBB0_30
.Ltmp49:
.LBB0_29:
	@DEBUG_VALUE: select:exceptfds <- $r11
	@DEBUG_VALUE: select:nfds <- $r9
	@DEBUG_VALUE: select:pollset <- $r8
	@DEBUG_VALUE: select:readfds <- $r6
	@DEBUG_VALUE: select:writefds <- $r5
	@DEBUG_VALUE: select:timeout <- [DW_OP_plus_uconst 40] [$sp+0]
	mov.w	r2, #-1
.Ltmp50:
.LBB0_30:
	@DEBUG_VALUE: select:exceptfds <- $r11
	@DEBUG_VALUE: select:nfds <- $r9
	@DEBUG_VALUE: select:pollset <- $r8
	@DEBUG_VALUE: select:readfds <- $r6
	@DEBUG_VALUE: select:writefds <- $r5
	@DEBUG_VALUE: select:timeout <- [DW_OP_plus_uconst 40] [$sp+0]
	@DEBUG_VALUE: select:msec <- $r2
	.loc	3 116 11 is_stmt 1              @ rt-thread/components/dfs/src/select.c:116:11
	mov	r0, r8
	mov	r1, r7
	bl	poll
.Ltmp51:
	mov	r10, r0
.Ltmp52:
	@DEBUG_VALUE: select:ret <- $r10
	.loc	3 119 9                         @ rt-thread/components/dfs/src/select.c:119:9
	cbz	r6, .LBB0_32
.Ltmp53:
@ %bb.31:
	@DEBUG_VALUE: select:exceptfds <- $r11
	@DEBUG_VALUE: select:ret <- $r10
	@DEBUG_VALUE: select:nfds <- $r9
	@DEBUG_VALUE: select:pollset <- $r8
	@DEBUG_VALUE: select:readfds <- $r6
	@DEBUG_VALUE: select:writefds <- $r5
	@DEBUG_VALUE: select:timeout <- [DW_OP_plus_uconst 40] [$sp+0]
	.loc	3 121 9                         @ rt-thread/components/dfs/src/select.c:121:9
	mov	r0, r6
	mov	r1, r9
	bl	fdszero
.Ltmp54:
.LBB0_32:
	@DEBUG_VALUE: select:exceptfds <- $r11
	@DEBUG_VALUE: select:ret <- $r10
	@DEBUG_VALUE: select:nfds <- $r9
	@DEBUG_VALUE: select:pollset <- $r8
	@DEBUG_VALUE: select:readfds <- $r6
	@DEBUG_VALUE: select:writefds <- $r5
	@DEBUG_VALUE: select:timeout <- [DW_OP_plus_uconst 40] [$sp+0]
	.loc	3 124 9                         @ rt-thread/components/dfs/src/select.c:124:9
	cbz	r5, .LBB0_34
.Ltmp55:
@ %bb.33:
	@DEBUG_VALUE: select:exceptfds <- $r11
	@DEBUG_VALUE: select:ret <- $r10
	@DEBUG_VALUE: select:nfds <- $r9
	@DEBUG_VALUE: select:pollset <- $r8
	@DEBUG_VALUE: select:readfds <- $r6
	@DEBUG_VALUE: select:writefds <- $r5
	@DEBUG_VALUE: select:timeout <- [DW_OP_plus_uconst 40] [$sp+0]
	.loc	3 126 9                         @ rt-thread/components/dfs/src/select.c:126:9
	mov	r0, r5
	mov	r1, r9
	bl	fdszero
.Ltmp56:
.LBB0_34:
	@DEBUG_VALUE: select:exceptfds <- $r11
	@DEBUG_VALUE: select:ret <- $r10
	@DEBUG_VALUE: select:nfds <- $r9
	@DEBUG_VALUE: select:pollset <- $r8
	@DEBUG_VALUE: select:readfds <- $r6
	@DEBUG_VALUE: select:writefds <- $r5
	@DEBUG_VALUE: select:timeout <- [DW_OP_plus_uconst 40] [$sp+0]
	.loc	3 129 9                         @ rt-thread/components/dfs/src/select.c:129:9
	cmp.w	r11, #0
	beq	.LBB0_36
.Ltmp57:
@ %bb.35:
	@DEBUG_VALUE: select:exceptfds <- $r11
	@DEBUG_VALUE: select:ret <- $r10
	@DEBUG_VALUE: select:nfds <- $r9
	@DEBUG_VALUE: select:pollset <- $r8
	@DEBUG_VALUE: select:readfds <- $r6
	@DEBUG_VALUE: select:writefds <- $r5
	@DEBUG_VALUE: select:timeout <- [DW_OP_plus_uconst 40] [$sp+0]
	.loc	3 131 9                         @ rt-thread/components/dfs/src/select.c:131:9
	mov	r0, r11
	mov	r1, r9
	bl	fdszero
.Ltmp58:
.LBB0_36:
	@DEBUG_VALUE: select:exceptfds <- $r11
	@DEBUG_VALUE: select:ret <- $r10
	@DEBUG_VALUE: select:nfds <- $r9
	@DEBUG_VALUE: select:pollset <- $r8
	@DEBUG_VALUE: select:readfds <- $r6
	@DEBUG_VALUE: select:writefds <- $r5
	@DEBUG_VALUE: select:timeout <- [DW_OP_plus_uconst 40] [$sp+0]
	.loc	3 136 9                         @ rt-thread/components/dfs/src/select.c:136:9
	cmp.w	r10, #1
	blt	.LBB0_50
.Ltmp59:
@ %bb.37:
	@DEBUG_VALUE: select:exceptfds <- $r11
	@DEBUG_VALUE: select:ret <- $r10
	@DEBUG_VALUE: select:nfds <- $r9
	@DEBUG_VALUE: select:pollset <- $r8
	@DEBUG_VALUE: select:readfds <- $r6
	@DEBUG_VALUE: select:writefds <- $r5
	@DEBUG_VALUE: select:timeout <- [DW_OP_plus_uconst 40] [$sp+0]
	@DEBUG_VALUE: select:ndx <- 0
	@DEBUG_VALUE: select:ret <- 0
	.loc	3 139 9                         @ rt-thread/components/dfs/src/select.c:139:9
	cmp	r7, #1
	blt	.LBB0_49
.Ltmp60:
@ %bb.38:
	@DEBUG_VALUE: select:exceptfds <- $r11
	@DEBUG_VALUE: select:nfds <- $r9
	@DEBUG_VALUE: select:pollset <- $r8
	@DEBUG_VALUE: select:readfds <- $r6
	@DEBUG_VALUE: select:writefds <- $r5
	@DEBUG_VALUE: select:timeout <- [DW_OP_plus_uconst 40] [$sp+0]
	@DEBUG_VALUE: select:ret <- 0
	@DEBUG_VALUE: select:ndx <- 0
	add.w	r0, r8, #6
	mov.w	r10, #0
	movs	r1, #1
	b	.LBB0_40
.Ltmp61:
	.p2align	2
.LBB0_39:                               @   in Loop: Header=BB0_40 Depth=1
	@DEBUG_VALUE: select:exceptfds <- $r11
	@DEBUG_VALUE: select:ret <- $r10
	@DEBUG_VALUE: select:nfds <- $r9
	@DEBUG_VALUE: select:pollset <- $r8
	@DEBUG_VALUE: select:readfds <- $r6
	@DEBUG_VALUE: select:writefds <- $r5
	@DEBUG_VALUE: select:timeout <- [DW_OP_plus_uconst 40] [$sp+0]
	@DEBUG_VALUE: select:ndx <- [DW_OP_plus_uconst 1, DW_OP_stack_value] undef
	@DEBUG_VALUE: select:ret <- $r10
	.loc	3 139 27 is_stmt 0              @ rt-thread/components/dfs/src/select.c:139:27
	subs	r7, #1
	add.w	r0, r0, #8
.Ltmp62:
	.loc	3 139 9                         @ rt-thread/components/dfs/src/select.c:139:9
	beq	.LBB0_50
.Ltmp63:
.LBB0_40:                               @ =>This Inner Loop Header: Depth=1
	@DEBUG_VALUE: select:exceptfds <- $r11
	@DEBUG_VALUE: select:nfds <- $r9
	@DEBUG_VALUE: select:pollset <- $r8
	@DEBUG_VALUE: select:readfds <- $r6
	@DEBUG_VALUE: select:writefds <- $r5
	@DEBUG_VALUE: select:timeout <- [DW_OP_plus_uconst 40] [$sp+0]
	@DEBUG_VALUE: select:ndx <- undef
	@DEBUG_VALUE: select:ret <- $r10
	.loc	3 147 17 is_stmt 1              @ rt-thread/components/dfs/src/select.c:147:17
	cbz	r6, .LBB0_43
.Ltmp64:
@ %bb.41:                               @   in Loop: Header=BB0_40 Depth=1
	@DEBUG_VALUE: select:exceptfds <- $r11
	@DEBUG_VALUE: select:ret <- $r10
	@DEBUG_VALUE: select:nfds <- $r9
	@DEBUG_VALUE: select:pollset <- $r8
	@DEBUG_VALUE: select:readfds <- $r6
	@DEBUG_VALUE: select:writefds <- $r5
	@DEBUG_VALUE: select:timeout <- [DW_OP_plus_uconst 40] [$sp+0]
	.loc	3 149 34                        @ rt-thread/components/dfs/src/select.c:149:34
	ldrh	r2, [r0]
.Ltmp65:
	.loc	3 149 21 is_stmt 0              @ rt-thread/components/dfs/src/select.c:149:21
	tst.w	r2, #9
	beq	.LBB0_43
.Ltmp66:
@ %bb.42:                               @   in Loop: Header=BB0_40 Depth=1
	@DEBUG_VALUE: select:exceptfds <- $r11
	@DEBUG_VALUE: select:ret <- $r10
	@DEBUG_VALUE: select:nfds <- $r9
	@DEBUG_VALUE: select:pollset <- $r8
	@DEBUG_VALUE: select:readfds <- $r6
	@DEBUG_VALUE: select:writefds <- $r5
	@DEBUG_VALUE: select:timeout <- [DW_OP_plus_uconst 40] [$sp+0]
	.loc	3 151 21 is_stmt 1              @ rt-thread/components/dfs/src/select.c:151:21
	ldr	r2, [r0, #-6]
	.loc	3 152 24                        @ rt-thread/components/dfs/src/select.c:152:24
	add.w	r10, r10, #1
.Ltmp67:
	@DEBUG_VALUE: select:ret <- $r10
	.loc	3 151 21                        @ rt-thread/components/dfs/src/select.c:151:21
	lsrs	r3, r2, #5
	and	r2, r2, #31
	lsl.w	r2, r1, r2
	ldr.w	r4, [r6, r3, lsl #2]
	orrs	r2, r4
	str.w	r2, [r6, r3, lsl #2]
.Ltmp68:
.LBB0_43:                               @   in Loop: Header=BB0_40 Depth=1
	@DEBUG_VALUE: select:exceptfds <- $r11
	@DEBUG_VALUE: select:ret <- $r10
	@DEBUG_VALUE: select:nfds <- $r9
	@DEBUG_VALUE: select:pollset <- $r8
	@DEBUG_VALUE: select:readfds <- $r6
	@DEBUG_VALUE: select:writefds <- $r5
	@DEBUG_VALUE: select:timeout <- [DW_OP_plus_uconst 40] [$sp+0]
	@DEBUG_VALUE: select:ret <- $r10
	.loc	3 157 17                        @ rt-thread/components/dfs/src/select.c:157:17
	cbz	r5, .LBB0_46
.Ltmp69:
@ %bb.44:                               @   in Loop: Header=BB0_40 Depth=1
	@DEBUG_VALUE: select:exceptfds <- $r11
	@DEBUG_VALUE: select:ret <- $r10
	@DEBUG_VALUE: select:nfds <- $r9
	@DEBUG_VALUE: select:pollset <- $r8
	@DEBUG_VALUE: select:readfds <- $r6
	@DEBUG_VALUE: select:writefds <- $r5
	@DEBUG_VALUE: select:timeout <- [DW_OP_plus_uconst 40] [$sp+0]
	.loc	3 159 34                        @ rt-thread/components/dfs/src/select.c:159:34
	ldrh	r2, [r0]
.Ltmp70:
	.loc	3 159 21 is_stmt 0              @ rt-thread/components/dfs/src/select.c:159:21
	lsls	r2, r2, #30
	bpl	.LBB0_46
.Ltmp71:
@ %bb.45:                               @   in Loop: Header=BB0_40 Depth=1
	@DEBUG_VALUE: select:exceptfds <- $r11
	@DEBUG_VALUE: select:ret <- $r10
	@DEBUG_VALUE: select:nfds <- $r9
	@DEBUG_VALUE: select:pollset <- $r8
	@DEBUG_VALUE: select:readfds <- $r6
	@DEBUG_VALUE: select:writefds <- $r5
	@DEBUG_VALUE: select:timeout <- [DW_OP_plus_uconst 40] [$sp+0]
	.loc	3 161 21 is_stmt 1              @ rt-thread/components/dfs/src/select.c:161:21
	ldr	r2, [r0, #-6]
	.loc	3 162 24                        @ rt-thread/components/dfs/src/select.c:162:24
	add.w	r10, r10, #1
.Ltmp72:
	@DEBUG_VALUE: select:ret <- $r10
	.loc	3 161 21                        @ rt-thread/components/dfs/src/select.c:161:21
	lsrs	r3, r2, #5
	and	r2, r2, #31
	lsl.w	r2, r1, r2
	ldr.w	r4, [r5, r3, lsl #2]
	orrs	r2, r4
	str.w	r2, [r5, r3, lsl #2]
.Ltmp73:
.LBB0_46:                               @   in Loop: Header=BB0_40 Depth=1
	@DEBUG_VALUE: select:exceptfds <- $r11
	@DEBUG_VALUE: select:ret <- $r10
	@DEBUG_VALUE: select:nfds <- $r9
	@DEBUG_VALUE: select:pollset <- $r8
	@DEBUG_VALUE: select:readfds <- $r6
	@DEBUG_VALUE: select:writefds <- $r5
	@DEBUG_VALUE: select:timeout <- [DW_OP_plus_uconst 40] [$sp+0]
	@DEBUG_VALUE: select:ret <- $r10
	.loc	3 167 17                        @ rt-thread/components/dfs/src/select.c:167:17
	cmp.w	r11, #0
	beq	.LBB0_39
.Ltmp74:
@ %bb.47:                               @   in Loop: Header=BB0_40 Depth=1
	@DEBUG_VALUE: select:exceptfds <- $r11
	@DEBUG_VALUE: select:ret <- $r10
	@DEBUG_VALUE: select:nfds <- $r9
	@DEBUG_VALUE: select:pollset <- $r8
	@DEBUG_VALUE: select:readfds <- $r6
	@DEBUG_VALUE: select:writefds <- $r5
	@DEBUG_VALUE: select:timeout <- [DW_OP_plus_uconst 40] [$sp+0]
	.loc	3 169 34                        @ rt-thread/components/dfs/src/select.c:169:34
	ldrh	r2, [r0]
.Ltmp75:
	.loc	3 169 21 is_stmt 0              @ rt-thread/components/dfs/src/select.c:169:21
	lsls	r2, r2, #29
	bpl	.LBB0_39
.Ltmp76:
@ %bb.48:                               @   in Loop: Header=BB0_40 Depth=1
	@DEBUG_VALUE: select:exceptfds <- $r11
	@DEBUG_VALUE: select:ret <- $r10
	@DEBUG_VALUE: select:nfds <- $r9
	@DEBUG_VALUE: select:pollset <- $r8
	@DEBUG_VALUE: select:readfds <- $r6
	@DEBUG_VALUE: select:writefds <- $r5
	@DEBUG_VALUE: select:timeout <- [DW_OP_plus_uconst 40] [$sp+0]
	.loc	3 171 21 is_stmt 1              @ rt-thread/components/dfs/src/select.c:171:21
	ldr	r2, [r0, #-6]
	.loc	3 172 24                        @ rt-thread/components/dfs/src/select.c:172:24
	add.w	r10, r10, #1
.Ltmp77:
	@DEBUG_VALUE: select:ret <- $r10
	.loc	3 171 21                        @ rt-thread/components/dfs/src/select.c:171:21
	lsrs	r3, r2, #5
	and	r2, r2, #31
	lsl.w	r2, r1, r2
	ldr.w	r4, [r11, r3, lsl #2]
	orrs	r2, r4
	str.w	r2, [r11, r3, lsl #2]
	b	.LBB0_39
.Ltmp78:
.LBB0_49:
	@DEBUG_VALUE: select:exceptfds <- $r11
	@DEBUG_VALUE: select:nfds <- $r9
	@DEBUG_VALUE: select:pollset <- $r8
	@DEBUG_VALUE: select:readfds <- $r6
	@DEBUG_VALUE: select:writefds <- $r5
	@DEBUG_VALUE: select:timeout <- [DW_OP_plus_uconst 40] [$sp+0]
	@DEBUG_VALUE: select:ret <- 0
	@DEBUG_VALUE: select:ndx <- 0
	.loc	3 0 21 is_stmt 0                @ rt-thread/components/dfs/src/select.c:0:21
	mov.w	r10, #0
.Ltmp79:
.LBB0_50:
	@DEBUG_VALUE: select:exceptfds <- $r11
	@DEBUG_VALUE: select:nfds <- $r9
	@DEBUG_VALUE: select:pollset <- $r8
	@DEBUG_VALUE: select:readfds <- $r6
	@DEBUG_VALUE: select:writefds <- $r5
	@DEBUG_VALUE: select:timeout <- [DW_OP_plus_uconst 40] [$sp+0]
	@DEBUG_VALUE: select:ret <- $r10
	.loc	3 178 9 is_stmt 1               @ rt-thread/components/dfs/src/select.c:178:9
	cmp.w	r8, #0
	beq	.LBB0_52
.Ltmp80:
@ %bb.51:
	@DEBUG_VALUE: select:exceptfds <- $r11
	@DEBUG_VALUE: select:ret <- $r10
	@DEBUG_VALUE: select:nfds <- $r9
	@DEBUG_VALUE: select:pollset <- $r8
	@DEBUG_VALUE: select:readfds <- $r6
	@DEBUG_VALUE: select:writefds <- $r5
	@DEBUG_VALUE: select:timeout <- [DW_OP_plus_uconst 40] [$sp+0]
	.loc	3 178 18 is_stmt 0              @ rt-thread/components/dfs/src/select.c:178:18
	mov	r0, r8
	bl	rt_free
.Ltmp81:
.LBB0_52:
	@DEBUG_VALUE: select:exceptfds <- $r11
	@DEBUG_VALUE: select:nfds <- $r9
	@DEBUG_VALUE: select:pollset <- $r8
	@DEBUG_VALUE: select:readfds <- $r6
	@DEBUG_VALUE: select:writefds <- $r5
	@DEBUG_VALUE: select:timeout <- [DW_OP_plus_uconst 40] [$sp+0]
	.loc	3 181 1 is_stmt 1               @ rt-thread/components/dfs/src/select.c:181:1
	mov	r0, r10
	add	sp, #4
	pop.w	{r4, r5, r6, r7, r8, r9, r10, r11, pc}
.Ltmp82:
	.p2align	2
@ %bb.53:
	.loc	3 0 1 is_stmt 0                 @ rt-thread/components/dfs/src/select.c:0:1
.LCPI0_0:
.L.str:
	.asciz	"ndx == npfds\000\000\000"
.LCPI0_1:
.L__FUNCTION__.select:
	.asciz	"select\000"
.Lfunc_end0:
	.size	select, .Lfunc_end0-select
	.cfi_endproc
	.cantunwind
	.fnend
                                        @ -- End function
	.section	.text.fdszero,"ax",%progbits
	.p2align	3                               @ -- Begin function fdszero
	.type	fdszero,%function
	.code	16                              @ @fdszero
	.thumb_func
fdszero:
.Lfunc_begin1:
	.loc	3 20 0 is_stmt 1                @ rt-thread/components/dfs/src/select.c:20:0
	.fnstart
	.cfi_startproc
@ %bb.0:
	@DEBUG_VALUE: fdszero:set <- $r0
	@DEBUG_VALUE: fdszero:nfds <- $r1
	@DEBUG_VALUE: fdszero:nfds <- $r1
	.save	{r4, r5, r6, lr}
	push	{r4, r5, r6, lr}
	.cfi_def_cfa_offset 16
	.cfi_offset lr, -4
	.cfi_offset r6, -8
	.cfi_offset r5, -12
	.cfi_offset r4, -16
.Ltmp83:
	@DEBUG_VALUE: fdszero:m <- $r0
	.loc	3 29 5 prologue_end             @ rt-thread/components/dfs/src/select.c:29:5
	cmp	r1, #1
.Ltmp84:
	@DEBUG_VALUE: fdszero:n <- 0
	@DEBUG_VALUE: fdszero:m <- $r0
	@DEBUG_VALUE: fdszero:set <- $r0
	.loc	3 34 1                          @ rt-thread/components/dfs/src/select.c:34:1
	it	lt
	poplt	{r4, r5, r6, pc}
.Ltmp85:
.LBB1_1:
	@DEBUG_VALUE: fdszero:nfds <- $r1
	@DEBUG_VALUE: fdszero:m <- $r0
	@DEBUG_VALUE: fdszero:set <- $r0
	@DEBUG_VALUE: fdszero:n <- 0
	.loc	3 0 1 is_stmt 0                 @ rt-thread/components/dfs/src/select.c:0:1
	mov	r4, r1
.Ltmp86:
	@DEBUG_VALUE: fdszero:nfds <- $r4
	@DEBUG_VALUE: fdszero:nfds <- $r4
	mov	r5, r0
.Ltmp87:
	@DEBUG_VALUE: fdszero:set <- $r5
	@DEBUG_VALUE: fdszero:set <- $r5
	@DEBUG_VALUE: fdszero:m <- $r5
	movs	r6, #0
	@DEBUG_VALUE: fdszero:m <- $r5
.Ltmp88:
	.p2align	2
.LBB1_2:                                @ =>This Inner Loop Header: Depth=1
	@DEBUG_VALUE: fdszero:m <- $r5
	@DEBUG_VALUE: fdszero:nfds <- $r4
	@DEBUG_VALUE: fdszero:m <- $r5
	@DEBUG_VALUE: fdszero:n <- $r6
	.loc	3 31 9 is_stmt 1                @ rt-thread/components/dfs/src/select.c:31:9
	movs	r1, #0
	movs	r2, #4
	mov	r0, r5
	bl	rt_memset
.Ltmp89:
	.loc	3 29 29                         @ rt-thread/components/dfs/src/select.c:29:29
	adds	r6, #32
.Ltmp90:
	@DEBUG_VALUE: fdszero:n <- $r6
	.loc	3 32 11                         @ rt-thread/components/dfs/src/select.c:32:11
	adds	r5, #4
.Ltmp91:
	@DEBUG_VALUE: fdszero:set <- [DW_OP_LLVM_entry_value 1] $r0
	@DEBUG_VALUE: fdszero:m <- $r5
	.loc	3 29 5                          @ rt-thread/components/dfs/src/select.c:29:5
	cmp	r6, r4
	blt	.LBB1_2
.Ltmp92:
@ %bb.3:
	@DEBUG_VALUE: fdszero:n <- $r6
	@DEBUG_VALUE: fdszero:m <- $r5
	@DEBUG_VALUE: fdszero:nfds <- $r4
	.loc	3 34 1                          @ rt-thread/components/dfs/src/select.c:34:1
	pop	{r4, r5, r6, pc}
.Ltmp93:
.Lfunc_end1:
	.size	fdszero, .Lfunc_end1-fdszero
	.cfi_endproc
	.cantunwind
	.fnend
                                        @ -- End function
	.file	4 "E:\\Smart-access-control\\Hardware\\CODE" "rt-thread/components/libc/compilers/common\\sys/time.h"
	.section	.debug_loc,"",%progbits
.Ldebug_loc0:
	.long	-1
	.long	.Lfunc_begin0                   @   base address
	.long	.Lfunc_begin0-.Lfunc_begin0
	.long	.Ltmp0-.Lfunc_begin0
	.short	1                               @ Loc expr size
	.byte	80                              @ DW_OP_reg0
	.long	.Ltmp0-.Lfunc_begin0
	.long	.Ltmp82-.Lfunc_begin0
	.short	1                               @ Loc expr size
	.byte	89                              @ DW_OP_reg9
	.long	0
	.long	0
.Ldebug_loc1:
	.long	-1
	.long	.Lfunc_begin0                   @   base address
	.long	.Lfunc_begin0-.Lfunc_begin0
	.long	.Ltmp3-.Lfunc_begin0
	.short	1                               @ Loc expr size
	.byte	81                              @ DW_OP_reg1
	.long	.Ltmp3-.Lfunc_begin0
	.long	.Ltmp82-.Lfunc_begin0
	.short	1                               @ Loc expr size
	.byte	86                              @ DW_OP_reg6
	.long	0
	.long	0
.Ldebug_loc2:
	.long	-1
	.long	.Lfunc_begin0                   @   base address
	.long	.Lfunc_begin0-.Lfunc_begin0
	.long	.Ltmp2-.Lfunc_begin0
	.short	1                               @ Loc expr size
	.byte	82                              @ DW_OP_reg2
	.long	.Ltmp2-.Lfunc_begin0
	.long	.Ltmp82-.Lfunc_begin0
	.short	1                               @ Loc expr size
	.byte	85                              @ DW_OP_reg5
	.long	0
	.long	0
.Ldebug_loc3:
	.long	-1
	.long	.Lfunc_begin0                   @   base address
	.long	.Lfunc_begin0-.Lfunc_begin0
	.long	.Ltmp1-.Lfunc_begin0
	.short	1                               @ Loc expr size
	.byte	83                              @ DW_OP_reg3
	.long	.Ltmp1-.Lfunc_begin0
	.long	.Ltmp82-.Lfunc_begin0
	.short	1                               @ Loc expr size
	.byte	91                              @ DW_OP_reg11
	.long	0
	.long	0
.Ldebug_loc4:
	.long	-1
	.long	.Lfunc_begin0                   @   base address
	.long	.Ltmp0-.Lfunc_begin0
	.long	.Ltmp5-.Lfunc_begin0
	.short	2                               @ Loc expr size
	.byte	17                              @ DW_OP_consts
	.byte	0                               @ 0
	.long	.Ltmp5-.Lfunc_begin0
	.long	.Ltmp17-.Lfunc_begin0
	.short	1                               @ Loc expr size
	.byte	87                              @ DW_OP_reg7
	.long	0
	.long	0
.Ldebug_loc5:
	.long	-1
	.long	.Lfunc_begin0                   @   base address
	.long	.Ltmp0-.Lfunc_begin0
	.long	.Ltmp5-.Lfunc_begin0
	.short	2                               @ Loc expr size
	.byte	17                              @ DW_OP_consts
	.byte	0                               @ 0
	.long	.Ltmp5-.Lfunc_begin0
	.long	.Ltmp17-.Lfunc_begin0
	.short	1                               @ Loc expr size
	.byte	80                              @ DW_OP_reg0
	.long	.Ltmp22-.Lfunc_begin0
	.long	.Ltmp25-.Lfunc_begin0
	.short	2                               @ Loc expr size
	.byte	17                              @ DW_OP_consts
	.byte	0                               @ 0
	.long	.Ltmp25-.Lfunc_begin0
	.long	.Ltmp44-.Lfunc_begin0
	.short	1                               @ Loc expr size
	.byte	81                              @ DW_OP_reg1
	.long	0
	.long	0
.Ldebug_loc6:
	.long	-1
	.long	.Lfunc_begin0                   @   base address
	.long	.Ltmp0-.Lfunc_begin0
	.long	.Ltmp19-.Lfunc_begin0
	.short	1                               @ Loc expr size
	.byte	48                              @ DW_OP_lit0
	.long	.Ltmp19-.Lfunc_begin0
	.long	.Ltmp21-.Lfunc_begin0
	.short	1                               @ Loc expr size
	.byte	88                              @ DW_OP_reg8
	.long	.Ltmp21-.Lfunc_begin0
	.long	.Ltmp22-.Lfunc_begin0
	.short	1                               @ Loc expr size
	.byte	48                              @ DW_OP_lit0
	.long	.Ltmp22-.Lfunc_begin0
	.long	.Ltmp82-.Lfunc_begin0
	.short	1                               @ Loc expr size
	.byte	88                              @ DW_OP_reg8
	.long	0
	.long	0
.Ldebug_loc7:
	.long	-1
	.long	.Lfunc_begin0                   @   base address
	.long	.Ltmp22-.Lfunc_begin0
	.long	.Ltmp25-.Lfunc_begin0
	.short	2                               @ Loc expr size
	.byte	17                              @ DW_OP_consts
	.byte	0                               @ 0
	.long	.Ltmp25-.Lfunc_begin0
	.long	.Ltmp44-.Lfunc_begin0
	.short	1                               @ Loc expr size
	.byte	80                              @ DW_OP_reg0
	.long	.Ltmp59-.Lfunc_begin0
	.long	.Ltmp61-.Lfunc_begin0
	.short	2                               @ Loc expr size
	.byte	17                              @ DW_OP_consts
	.byte	0                               @ 0
	.long	.Ltmp78-.Lfunc_begin0
	.long	.Ltmp79-.Lfunc_begin0
	.short	2                               @ Loc expr size
	.byte	17                              @ DW_OP_consts
	.byte	0                               @ 0
	.long	0
	.long	0
.Ldebug_loc8:
	.long	-1
	.long	.Lfunc_begin0                   @   base address
	.long	.Ltmp29-.Lfunc_begin0
	.long	.Ltmp32-.Lfunc_begin0
	.short	2                               @ Loc expr size
	.byte	17                              @ DW_OP_consts
	.byte	0                               @ 0
	.long	.Ltmp32-.Lfunc_begin0
	.long	.Ltmp33-.Lfunc_begin0
	.short	1                               @ Loc expr size
	.byte	82                              @ DW_OP_reg2
	.long	.Ltmp33-.Lfunc_begin0
	.long	.Ltmp34-.Lfunc_begin0
	.short	2                               @ Loc expr size
	.byte	17                              @ DW_OP_consts
	.byte	0                               @ 0
	.long	.Ltmp34-.Lfunc_begin0
	.long	.Ltmp38-.Lfunc_begin0
	.short	1                               @ Loc expr size
	.byte	82                              @ DW_OP_reg2
	.long	.Ltmp39-.Lfunc_begin0
	.long	.Ltmp43-.Lfunc_begin0
	.short	1                               @ Loc expr size
	.byte	82                              @ DW_OP_reg2
	.long	.Ltmp43-.Lfunc_begin0
	.long	.Ltmp44-.Lfunc_begin0
	.short	2                               @ Loc expr size
	.byte	17                              @ DW_OP_consts
	.byte	1                               @ 1
	.long	0
	.long	0
.Ldebug_loc9:
	.long	-1
	.long	.Lfunc_begin0                   @   base address
	.long	.Ltmp48-.Lfunc_begin0
	.long	.Ltmp49-.Lfunc_begin0
	.short	1                               @ Loc expr size
	.byte	82                              @ DW_OP_reg2
	.long	.Ltmp50-.Lfunc_begin0
	.long	.Ltmp51-.Lfunc_begin0
	.short	1                               @ Loc expr size
	.byte	82                              @ DW_OP_reg2
	.long	0
	.long	0
.Ldebug_loc10:
	.long	-1
	.long	.Lfunc_begin0                   @   base address
	.long	.Ltmp52-.Lfunc_begin0
	.long	.Ltmp59-.Lfunc_begin0
	.short	1                               @ Loc expr size
	.byte	90                              @ DW_OP_reg10
	.long	.Ltmp59-.Lfunc_begin0
	.long	.Ltmp61-.Lfunc_begin0
	.short	2                               @ Loc expr size
	.byte	17                              @ DW_OP_consts
	.byte	0                               @ 0
	.long	.Ltmp61-.Lfunc_begin0
	.long	.Ltmp78-.Lfunc_begin0
	.short	1                               @ Loc expr size
	.byte	90                              @ DW_OP_reg10
	.long	.Ltmp78-.Lfunc_begin0
	.long	.Ltmp79-.Lfunc_begin0
	.short	2                               @ Loc expr size
	.byte	17                              @ DW_OP_consts
	.byte	0                               @ 0
	.long	.Ltmp79-.Lfunc_begin0
	.long	.Ltmp81-.Lfunc_begin0
	.short	1                               @ Loc expr size
	.byte	90                              @ DW_OP_reg10
	.long	0
	.long	0
.Ldebug_loc11:
	.long	-1
	.long	.Lfunc_begin1                   @   base address
	.long	.Lfunc_begin1-.Lfunc_begin1
	.long	.Ltmp87-.Lfunc_begin1
	.short	1                               @ Loc expr size
	.byte	80                              @ DW_OP_reg0
	.long	.Ltmp87-.Lfunc_begin1
	.long	.Ltmp88-.Lfunc_begin1
	.short	1                               @ Loc expr size
	.byte	85                              @ DW_OP_reg5
	.long	.Ltmp91-.Lfunc_begin1
	.long	.Ltmp92-.Lfunc_begin1
	.short	3                               @ Loc expr size
	.byte	163                             @ DW_OP_entry_value
	.byte	1                               @ 1
	.byte	80                              @ DW_OP_reg0
	.long	0
	.long	0
.Ldebug_loc12:
	.long	-1
	.long	.Lfunc_begin1                   @   base address
	.long	.Lfunc_begin1-.Lfunc_begin1
	.long	.Ltmp86-.Lfunc_begin1
	.short	1                               @ Loc expr size
	.byte	81                              @ DW_OP_reg1
	.long	.Ltmp86-.Lfunc_begin1
	.long	.Ltmp93-.Lfunc_begin1
	.short	1                               @ Loc expr size
	.byte	84                              @ DW_OP_reg4
	.long	0
	.long	0
.Ldebug_loc13:
	.long	-1
	.long	.Lfunc_begin1                   @   base address
	.long	.Ltmp83-.Lfunc_begin1
	.long	.Ltmp87-.Lfunc_begin1
	.short	1                               @ Loc expr size
	.byte	80                              @ DW_OP_reg0
	.long	.Ltmp87-.Lfunc_begin1
	.long	.Ltmp93-.Lfunc_begin1
	.short	1                               @ Loc expr size
	.byte	85                              @ DW_OP_reg5
	.long	0
	.long	0
.Ldebug_loc14:
	.long	-1
	.long	.Lfunc_begin1                   @   base address
	.long	.Ltmp84-.Lfunc_begin1
	.long	.Ltmp88-.Lfunc_begin1
	.short	2                               @ Loc expr size
	.byte	17                              @ DW_OP_consts
	.byte	0                               @ 0
	.long	.Ltmp88-.Lfunc_begin1
	.long	.Ltmp93-.Lfunc_begin1
	.short	1                               @ Loc expr size
	.byte	86                              @ DW_OP_reg6
	.long	0
	.long	0
	.section	.debug_abbrev,"",%progbits
	.byte	1                               @ Abbreviation Code
	.byte	17                              @ DW_TAG_compile_unit
	.byte	1                               @ DW_CHILDREN_yes
	.byte	37                              @ DW_AT_producer
	.byte	14                              @ DW_FORM_strp
	.byte	19                              @ DW_AT_language
	.byte	5                               @ DW_FORM_data2
	.byte	3                               @ DW_AT_name
	.byte	14                              @ DW_FORM_strp
	.byte	16                              @ DW_AT_stmt_list
	.byte	6                               @ DW_FORM_data4
	.byte	27                              @ DW_AT_comp_dir
	.byte	14                              @ DW_FORM_strp
	.byte	17                              @ DW_AT_low_pc
	.byte	1                               @ DW_FORM_addr
	.byte	85                              @ DW_AT_ranges
	.byte	6                               @ DW_FORM_data4
	.byte	0                               @ EOM(1)
	.byte	0                               @ EOM(2)
	.byte	2                               @ Abbreviation Code
	.byte	15                              @ DW_TAG_pointer_type
	.byte	0                               @ DW_CHILDREN_no
	.byte	73                              @ DW_AT_type
	.byte	19                              @ DW_FORM_ref4
	.byte	0                               @ EOM(1)
	.byte	0                               @ EOM(2)
	.byte	3                               @ Abbreviation Code
	.byte	19                              @ DW_TAG_structure_type
	.byte	1                               @ DW_CHILDREN_yes
	.byte	3                               @ DW_AT_name
	.byte	14                              @ DW_FORM_strp
	.byte	11                              @ DW_AT_byte_size
	.byte	11                              @ DW_FORM_data1
	.byte	58                              @ DW_AT_decl_file
	.byte	11                              @ DW_FORM_data1
	.byte	59                              @ DW_AT_decl_line
	.byte	11                              @ DW_FORM_data1
	.byte	0                               @ EOM(1)
	.byte	0                               @ EOM(2)
	.byte	4                               @ Abbreviation Code
	.byte	13                              @ DW_TAG_member
	.byte	0                               @ DW_CHILDREN_no
	.byte	3                               @ DW_AT_name
	.byte	14                              @ DW_FORM_strp
	.byte	73                              @ DW_AT_type
	.byte	19                              @ DW_FORM_ref4
	.byte	58                              @ DW_AT_decl_file
	.byte	11                              @ DW_FORM_data1
	.byte	59                              @ DW_AT_decl_line
	.byte	11                              @ DW_FORM_data1
	.byte	56                              @ DW_AT_data_member_location
	.byte	11                              @ DW_FORM_data1
	.byte	0                               @ EOM(1)
	.byte	0                               @ EOM(2)
	.byte	5                               @ Abbreviation Code
	.byte	36                              @ DW_TAG_base_type
	.byte	0                               @ DW_CHILDREN_no
	.byte	3                               @ DW_AT_name
	.byte	14                              @ DW_FORM_strp
	.byte	62                              @ DW_AT_encoding
	.byte	11                              @ DW_FORM_data1
	.byte	11                              @ DW_AT_byte_size
	.byte	11                              @ DW_FORM_data1
	.byte	0                               @ EOM(1)
	.byte	0                               @ EOM(2)
	.byte	6                               @ Abbreviation Code
	.byte	22                              @ DW_TAG_typedef
	.byte	0                               @ DW_CHILDREN_no
	.byte	73                              @ DW_AT_type
	.byte	19                              @ DW_FORM_ref4
	.byte	3                               @ DW_AT_name
	.byte	14                              @ DW_FORM_strp
	.byte	58                              @ DW_AT_decl_file
	.byte	11                              @ DW_FORM_data1
	.byte	59                              @ DW_AT_decl_line
	.byte	11                              @ DW_FORM_data1
	.byte	0                               @ EOM(1)
	.byte	0                               @ EOM(2)
	.byte	7                               @ Abbreviation Code
	.byte	46                              @ DW_TAG_subprogram
	.byte	1                               @ DW_CHILDREN_yes
	.byte	17                              @ DW_AT_low_pc
	.byte	1                               @ DW_FORM_addr
	.byte	18                              @ DW_AT_high_pc
	.byte	1                               @ DW_FORM_addr
	.byte	64                              @ DW_AT_frame_base
	.byte	10                              @ DW_FORM_block1
	.byte	3                               @ DW_AT_name
	.byte	14                              @ DW_FORM_strp
	.byte	58                              @ DW_AT_decl_file
	.byte	11                              @ DW_FORM_data1
	.byte	59                              @ DW_AT_decl_line
	.byte	11                              @ DW_FORM_data1
	.byte	39                              @ DW_AT_prototyped
	.byte	12                              @ DW_FORM_flag
	.byte	73                              @ DW_AT_type
	.byte	19                              @ DW_FORM_ref4
	.byte	63                              @ DW_AT_external
	.byte	12                              @ DW_FORM_flag
	.byte	0                               @ EOM(1)
	.byte	0                               @ EOM(2)
	.byte	8                               @ Abbreviation Code
	.byte	5                               @ DW_TAG_formal_parameter
	.byte	0                               @ DW_CHILDREN_no
	.byte	2                               @ DW_AT_location
	.byte	6                               @ DW_FORM_data4
	.byte	3                               @ DW_AT_name
	.byte	14                              @ DW_FORM_strp
	.byte	58                              @ DW_AT_decl_file
	.byte	11                              @ DW_FORM_data1
	.byte	59                              @ DW_AT_decl_line
	.byte	11                              @ DW_FORM_data1
	.byte	73                              @ DW_AT_type
	.byte	19                              @ DW_FORM_ref4
	.byte	0                               @ EOM(1)
	.byte	0                               @ EOM(2)
	.byte	9                               @ Abbreviation Code
	.byte	5                               @ DW_TAG_formal_parameter
	.byte	0                               @ DW_CHILDREN_no
	.byte	2                               @ DW_AT_location
	.byte	10                              @ DW_FORM_block1
	.byte	3                               @ DW_AT_name
	.byte	14                              @ DW_FORM_strp
	.byte	58                              @ DW_AT_decl_file
	.byte	11                              @ DW_FORM_data1
	.byte	59                              @ DW_AT_decl_line
	.byte	11                              @ DW_FORM_data1
	.byte	73                              @ DW_AT_type
	.byte	19                              @ DW_FORM_ref4
	.byte	0                               @ EOM(1)
	.byte	0                               @ EOM(2)
	.byte	10                              @ Abbreviation Code
	.byte	52                              @ DW_TAG_variable
	.byte	0                               @ DW_CHILDREN_no
	.byte	2                               @ DW_AT_location
	.byte	6                               @ DW_FORM_data4
	.byte	3                               @ DW_AT_name
	.byte	14                              @ DW_FORM_strp
	.byte	58                              @ DW_AT_decl_file
	.byte	11                              @ DW_FORM_data1
	.byte	59                              @ DW_AT_decl_line
	.byte	11                              @ DW_FORM_data1
	.byte	73                              @ DW_AT_type
	.byte	19                              @ DW_FORM_ref4
	.byte	0                               @ EOM(1)
	.byte	0                               @ EOM(2)
	.byte	11                              @ Abbreviation Code
	.byte	11                              @ DW_TAG_lexical_block
	.byte	1                               @ DW_CHILDREN_yes
	.byte	85                              @ DW_AT_ranges
	.byte	6                               @ DW_FORM_data4
	.byte	0                               @ EOM(1)
	.byte	0                               @ EOM(2)
	.byte	12                              @ Abbreviation Code
	.byte	46                              @ DW_TAG_subprogram
	.byte	1                               @ DW_CHILDREN_yes
	.byte	17                              @ DW_AT_low_pc
	.byte	1                               @ DW_FORM_addr
	.byte	18                              @ DW_AT_high_pc
	.byte	1                               @ DW_FORM_addr
	.byte	64                              @ DW_AT_frame_base
	.byte	10                              @ DW_FORM_block1
	.byte	3                               @ DW_AT_name
	.byte	14                              @ DW_FORM_strp
	.byte	58                              @ DW_AT_decl_file
	.byte	11                              @ DW_FORM_data1
	.byte	59                              @ DW_AT_decl_line
	.byte	11                              @ DW_FORM_data1
	.byte	39                              @ DW_AT_prototyped
	.byte	12                              @ DW_FORM_flag
	.byte	0                               @ EOM(1)
	.byte	0                               @ EOM(2)
	.byte	13                              @ Abbreviation Code
	.byte	1                               @ DW_TAG_array_type
	.byte	1                               @ DW_CHILDREN_yes
	.byte	73                              @ DW_AT_type
	.byte	19                              @ DW_FORM_ref4
	.byte	0                               @ EOM(1)
	.byte	0                               @ EOM(2)
	.byte	14                              @ Abbreviation Code
	.byte	33                              @ DW_TAG_subrange_type
	.byte	0                               @ DW_CHILDREN_no
	.byte	73                              @ DW_AT_type
	.byte	19                              @ DW_FORM_ref4
	.byte	55                              @ DW_AT_count
	.byte	11                              @ DW_FORM_data1
	.byte	0                               @ EOM(1)
	.byte	0                               @ EOM(2)
	.byte	15                              @ Abbreviation Code
	.byte	36                              @ DW_TAG_base_type
	.byte	0                               @ DW_CHILDREN_no
	.byte	3                               @ DW_AT_name
	.byte	14                              @ DW_FORM_strp
	.byte	11                              @ DW_AT_byte_size
	.byte	11                              @ DW_FORM_data1
	.byte	62                              @ DW_AT_encoding
	.byte	11                              @ DW_FORM_data1
	.byte	0                               @ EOM(1)
	.byte	0                               @ EOM(2)
	.byte	0                               @ EOM(3)
	.section	.debug_info,"",%progbits
.Lcu_begin0:
	.long	.Ldebug_info_end0-.Ldebug_info_start0 @ Length of Unit
.Ldebug_info_start0:
	.short	3                               @ DWARF version number
	.long	.debug_abbrev                   @ Offset Into Abbrev. Section
	.byte	4                               @ Address Size (in bytes)
	.byte	1                               @ Abbrev [1] 0xb:0x1f1 DW_TAG_compile_unit
	.long	.Linfo_string0                  @ DW_AT_producer
	.short	12                              @ DW_AT_language
	.long	.Linfo_string1                  @ DW_AT_name
	.long	.Lline_table_start0             @ DW_AT_stmt_list
	.long	.Linfo_string2                  @ DW_AT_comp_dir
	.long	0                               @ DW_AT_low_pc
	.long	.Ldebug_ranges1                 @ DW_AT_ranges
	.byte	2                               @ Abbrev [2] 0x26:0x5 DW_TAG_pointer_type
	.long	43                              @ DW_AT_type
	.byte	3                               @ Abbrev [3] 0x2b:0x2d DW_TAG_structure_type
	.long	.Linfo_string8                  @ DW_AT_name
	.byte	8                               @ DW_AT_byte_size
	.byte	1                               @ DW_AT_decl_file
	.byte	34                              @ DW_AT_decl_line
	.byte	4                               @ Abbrev [4] 0x33:0xc DW_TAG_member
	.long	.Linfo_string3                  @ DW_AT_name
	.long	88                              @ DW_AT_type
	.byte	1                               @ DW_AT_decl_file
	.byte	36                              @ DW_AT_decl_line
	.byte	0                               @ DW_AT_data_member_location
	.byte	4                               @ Abbrev [4] 0x3f:0xc DW_TAG_member
	.long	.Linfo_string5                  @ DW_AT_name
	.long	95                              @ DW_AT_type
	.byte	1                               @ DW_AT_decl_file
	.byte	37                              @ DW_AT_decl_line
	.byte	4                               @ DW_AT_data_member_location
	.byte	4                               @ Abbrev [4] 0x4b:0xc DW_TAG_member
	.long	.Linfo_string7                  @ DW_AT_name
	.long	95                              @ DW_AT_type
	.byte	1                               @ DW_AT_decl_file
	.byte	38                              @ DW_AT_decl_line
	.byte	6                               @ DW_AT_data_member_location
	.byte	0                               @ End Of Children Mark
	.byte	5                               @ Abbrev [5] 0x58:0x7 DW_TAG_base_type
	.long	.Linfo_string4                  @ DW_AT_name
	.byte	5                               @ DW_AT_encoding
	.byte	4                               @ DW_AT_byte_size
	.byte	5                               @ Abbrev [5] 0x5f:0x7 DW_TAG_base_type
	.long	.Linfo_string6                  @ DW_AT_name
	.byte	5                               @ DW_AT_encoding
	.byte	2                               @ DW_AT_byte_size
	.byte	2                               @ Abbrev [2] 0x66:0x5 DW_TAG_pointer_type
	.long	107                             @ DW_AT_type
	.byte	6                               @ Abbrev [6] 0x6b:0xb DW_TAG_typedef
	.long	118                             @ DW_AT_type
	.long	.Linfo_string10                 @ DW_AT_name
	.byte	2                               @ DW_AT_decl_file
	.byte	43                              @ DW_AT_decl_line
	.byte	5                               @ Abbrev [5] 0x76:0x7 DW_TAG_base_type
	.long	.Linfo_string9                  @ DW_AT_name
	.byte	5                               @ DW_AT_encoding
	.byte	4                               @ DW_AT_byte_size
	.byte	7                               @ Abbrev [7] 0x7d:0xd1 DW_TAG_subprogram
	.long	.Lfunc_begin0                   @ DW_AT_low_pc
	.long	.Lfunc_end0                     @ DW_AT_high_pc
	.byte	1                               @ DW_AT_frame_base
	.byte	93
	.long	.Linfo_string11                 @ DW_AT_name
	.byte	3                               @ DW_AT_decl_file
	.byte	36                              @ DW_AT_decl_line
	.byte	1                               @ DW_AT_prototyped
	.long	88                              @ DW_AT_type
	.byte	1                               @ DW_AT_external
	.byte	8                               @ Abbrev [8] 0x94:0xf DW_TAG_formal_parameter
	.long	.Ldebug_loc0                    @ DW_AT_location
	.long	.Linfo_string13                 @ DW_AT_name
	.byte	3                               @ DW_AT_decl_file
	.byte	36                              @ DW_AT_decl_line
	.long	88                              @ DW_AT_type
	.byte	8                               @ Abbrev [8] 0xa3:0xf DW_TAG_formal_parameter
	.long	.Ldebug_loc1                    @ DW_AT_location
	.long	.Linfo_string14                 @ DW_AT_name
	.byte	3                               @ DW_AT_decl_file
	.byte	36                              @ DW_AT_decl_line
	.long	413                             @ DW_AT_type
	.byte	8                               @ Abbrev [8] 0xb2:0xf DW_TAG_formal_parameter
	.long	.Ldebug_loc2                    @ DW_AT_location
	.long	.Linfo_string18                 @ DW_AT_name
	.byte	3                               @ DW_AT_decl_file
	.byte	36                              @ DW_AT_decl_line
	.long	413                             @ DW_AT_type
	.byte	8                               @ Abbrev [8] 0xc1:0xf DW_TAG_formal_parameter
	.long	.Ldebug_loc3                    @ DW_AT_location
	.long	.Linfo_string19                 @ DW_AT_name
	.byte	3                               @ DW_AT_decl_file
	.byte	36                              @ DW_AT_decl_line
	.long	413                             @ DW_AT_type
	.byte	9                               @ Abbrev [9] 0xd0:0xe DW_TAG_formal_parameter
	.byte	2                               @ DW_AT_location
	.byte	145
	.byte	40
	.long	.Linfo_string22                 @ DW_AT_name
	.byte	3                               @ DW_AT_decl_file
	.byte	36                              @ DW_AT_decl_line
	.long	469                             @ DW_AT_type
	.byte	10                              @ Abbrev [10] 0xde:0xf DW_TAG_variable
	.long	.Ldebug_loc4                    @ DW_AT_location
	.long	.Linfo_string20                 @ DW_AT_name
	.byte	3                               @ DW_AT_decl_file
	.byte	39                              @ DW_AT_decl_line
	.long	88                              @ DW_AT_type
	.byte	10                              @ Abbrev [10] 0xed:0xf DW_TAG_variable
	.long	.Ldebug_loc5                    @ DW_AT_location
	.long	.Linfo_string3                  @ DW_AT_name
	.byte	3                               @ DW_AT_decl_file
	.byte	38                              @ DW_AT_decl_line
	.long	88                              @ DW_AT_type
	.byte	10                              @ Abbrev [10] 0xfc:0xf DW_TAG_variable
	.long	.Ldebug_loc6                    @ DW_AT_location
	.long	.Linfo_string21                 @ DW_AT_name
	.byte	3                               @ DW_AT_decl_file
	.byte	43                              @ DW_AT_decl_line
	.long	38                              @ DW_AT_type
	.byte	10                              @ Abbrev [10] 0x10b:0xf DW_TAG_variable
	.long	.Ldebug_loc7                    @ DW_AT_location
	.long	.Linfo_string26                 @ DW_AT_name
	.byte	3                               @ DW_AT_decl_file
	.byte	41                              @ DW_AT_decl_line
	.long	88                              @ DW_AT_type
	.byte	10                              @ Abbrev [10] 0x11a:0xf DW_TAG_variable
	.long	.Ldebug_loc9                    @ DW_AT_location
	.long	.Linfo_string28                 @ DW_AT_name
	.byte	3                               @ DW_AT_decl_file
	.byte	40                              @ DW_AT_decl_line
	.long	88                              @ DW_AT_type
	.byte	10                              @ Abbrev [10] 0x129:0xf DW_TAG_variable
	.long	.Ldebug_loc10                   @ DW_AT_location
	.long	.Linfo_string29                 @ DW_AT_name
	.byte	3                               @ DW_AT_decl_file
	.byte	42                              @ DW_AT_decl_line
	.long	88                              @ DW_AT_type
	.byte	11                              @ Abbrev [11] 0x138:0x15 DW_TAG_lexical_block
	.long	.Ldebug_ranges0                 @ DW_AT_ranges
	.byte	10                              @ Abbrev [10] 0x13d:0xf DW_TAG_variable
	.long	.Ldebug_loc8                    @ DW_AT_location
	.long	.Linfo_string27                 @ DW_AT_name
	.byte	3                               @ DW_AT_decl_file
	.byte	70                              @ DW_AT_decl_line
	.long	88                              @ DW_AT_type
	.byte	0                               @ End Of Children Mark
	.byte	0                               @ End Of Children Mark
	.byte	12                              @ Abbrev [12] 0x14e:0x4f DW_TAG_subprogram
	.long	.Lfunc_begin1                   @ DW_AT_low_pc
	.long	.Lfunc_end1                     @ DW_AT_high_pc
	.byte	1                               @ DW_AT_frame_base
	.byte	93
	.long	.Linfo_string12                 @ DW_AT_name
	.byte	3                               @ DW_AT_decl_file
	.byte	19                              @ DW_AT_decl_line
	.byte	1                               @ DW_AT_prototyped
	.byte	8                               @ Abbrev [8] 0x160:0xf DW_TAG_formal_parameter
	.long	.Ldebug_loc11                   @ DW_AT_location
	.long	.Linfo_string30                 @ DW_AT_name
	.byte	3                               @ DW_AT_decl_file
	.byte	19                              @ DW_AT_decl_line
	.long	413                             @ DW_AT_type
	.byte	8                               @ Abbrev [8] 0x16f:0xf DW_TAG_formal_parameter
	.long	.Ldebug_loc12                   @ DW_AT_location
	.long	.Linfo_string13                 @ DW_AT_name
	.byte	3                               @ DW_AT_decl_file
	.byte	19                              @ DW_AT_decl_line
	.long	88                              @ DW_AT_type
	.byte	10                              @ Abbrev [10] 0x17e:0xf DW_TAG_variable
	.long	.Ldebug_loc13                   @ DW_AT_location
	.long	.Linfo_string31                 @ DW_AT_name
	.byte	3                               @ DW_AT_decl_file
	.byte	21                              @ DW_AT_decl_line
	.long	102                             @ DW_AT_type
	.byte	10                              @ Abbrev [10] 0x18d:0xf DW_TAG_variable
	.long	.Ldebug_loc14                   @ DW_AT_location
	.long	.Linfo_string32                 @ DW_AT_name
	.byte	3                               @ DW_AT_decl_file
	.byte	22                              @ DW_AT_decl_line
	.long	88                              @ DW_AT_type
	.byte	0                               @ End Of Children Mark
	.byte	2                               @ Abbrev [2] 0x19d:0x5 DW_TAG_pointer_type
	.long	418                             @ DW_AT_type
	.byte	6                               @ Abbrev [6] 0x1a2:0xb DW_TAG_typedef
	.long	429                             @ DW_AT_type
	.long	.Linfo_string17                 @ DW_AT_name
	.byte	2                               @ DW_AT_decl_file
	.byte	53                              @ DW_AT_decl_line
	.byte	3                               @ Abbrev [3] 0x1ad:0x15 DW_TAG_structure_type
	.long	.Linfo_string17                 @ DW_AT_name
	.byte	4                               @ DW_AT_byte_size
	.byte	2                               @ DW_AT_decl_file
	.byte	51                              @ DW_AT_decl_line
	.byte	4                               @ Abbrev [4] 0x1b5:0xc DW_TAG_member
	.long	.Linfo_string15                 @ DW_AT_name
	.long	450                             @ DW_AT_type
	.byte	2                               @ DW_AT_decl_file
	.byte	52                              @ DW_AT_decl_line
	.byte	0                               @ DW_AT_data_member_location
	.byte	0                               @ End Of Children Mark
	.byte	13                              @ Abbrev [13] 0x1c2:0xc DW_TAG_array_type
	.long	107                             @ DW_AT_type
	.byte	14                              @ Abbrev [14] 0x1c7:0x6 DW_TAG_subrange_type
	.long	462                             @ DW_AT_type
	.byte	1                               @ DW_AT_count
	.byte	0                               @ End Of Children Mark
	.byte	15                              @ Abbrev [15] 0x1ce:0x7 DW_TAG_base_type
	.long	.Linfo_string16                 @ DW_AT_name
	.byte	8                               @ DW_AT_byte_size
	.byte	7                               @ DW_AT_encoding
	.byte	2                               @ Abbrev [2] 0x1d5:0x5 DW_TAG_pointer_type
	.long	474                             @ DW_AT_type
	.byte	3                               @ Abbrev [3] 0x1da:0x21 DW_TAG_structure_type
	.long	.Linfo_string25                 @ DW_AT_name
	.byte	8                               @ DW_AT_byte_size
	.byte	4                               @ DW_AT_decl_file
	.byte	24                              @ DW_AT_decl_line
	.byte	4                               @ Abbrev [4] 0x1e2:0xc DW_TAG_member
	.long	.Linfo_string23                 @ DW_AT_name
	.long	118                             @ DW_AT_type
	.byte	4                               @ DW_AT_decl_file
	.byte	25                              @ DW_AT_decl_line
	.byte	0                               @ DW_AT_data_member_location
	.byte	4                               @ Abbrev [4] 0x1ee:0xc DW_TAG_member
	.long	.Linfo_string24                 @ DW_AT_name
	.long	118                             @ DW_AT_type
	.byte	4                               @ DW_AT_decl_file
	.byte	26                              @ DW_AT_decl_line
	.byte	4                               @ DW_AT_data_member_location
	.byte	0                               @ End Of Children Mark
	.byte	0                               @ End Of Children Mark
.Ldebug_info_end0:
	.section	.debug_ranges,"",%progbits
.Ldebug_ranges0:
	.long	.Ltmp26
	.long	.Ltmp27
	.long	.Ltmp29
	.long	.Ltmp44
	.long	0
	.long	0
.Ldebug_ranges1:
	.long	.Lfunc_begin0
	.long	.Lfunc_end0
	.long	.Lfunc_begin1
	.long	.Lfunc_end1
	.long	0
	.long	0
	.section	.debug_str,"MS",%progbits,1
.Linfo_string0:
	.asciz	"Component: ARM Compiler 6.16 Tool: armclang [5dfeb700]" @ string offset=0
.Linfo_string1:
	.asciz	"rt-thread/components/dfs/src\\select.c" @ string offset=55
.Linfo_string2:
	.asciz	"E:\\Smart-access-control\\Hardware\\CODE" @ string offset=93
.Linfo_string3:
	.asciz	"fd"                            @ string offset=131
.Linfo_string4:
	.asciz	"int"                           @ string offset=134
.Linfo_string5:
	.asciz	"events"                        @ string offset=138
.Linfo_string6:
	.asciz	"short"                         @ string offset=145
.Linfo_string7:
	.asciz	"revents"                       @ string offset=151
.Linfo_string8:
	.asciz	"pollfd"                        @ string offset=159
.Linfo_string9:
	.asciz	"long int"                      @ string offset=166
.Linfo_string10:
	.asciz	"fd_mask"                       @ string offset=175
.Linfo_string11:
	.asciz	"select"                        @ string offset=183
.Linfo_string12:
	.asciz	"fdszero"                       @ string offset=190
.Linfo_string13:
	.asciz	"nfds"                          @ string offset=198
.Linfo_string14:
	.asciz	"readfds"                       @ string offset=203
.Linfo_string15:
	.asciz	"fds_bits"                      @ string offset=211
.Linfo_string16:
	.asciz	"__ARRAY_SIZE_TYPE__"           @ string offset=220
.Linfo_string17:
	.asciz	"_types_fd_set"                 @ string offset=240
.Linfo_string18:
	.asciz	"writefds"                      @ string offset=254
.Linfo_string19:
	.asciz	"exceptfds"                     @ string offset=263
.Linfo_string20:
	.asciz	"npfds"                         @ string offset=273
.Linfo_string21:
	.asciz	"pollset"                       @ string offset=279
.Linfo_string22:
	.asciz	"timeout"                       @ string offset=287
.Linfo_string23:
	.asciz	"tv_sec"                        @ string offset=295
.Linfo_string24:
	.asciz	"tv_usec"                       @ string offset=302
.Linfo_string25:
	.asciz	"timeval"                       @ string offset=310
.Linfo_string26:
	.asciz	"ndx"                           @ string offset=318
.Linfo_string27:
	.asciz	"incr"                          @ string offset=322
.Linfo_string28:
	.asciz	"msec"                          @ string offset=327
.Linfo_string29:
	.asciz	"ret"                           @ string offset=332
.Linfo_string30:
	.asciz	"set"                           @ string offset=336
.Linfo_string31:
	.asciz	"m"                             @ string offset=340
.Linfo_string32:
	.asciz	"n"                             @ string offset=342
	.ident	"Component: ARM Compiler 6.16 Tool: armclang [5dfeb700]"
	.section	".note.GNU-stack","",%progbits
	.eabi_attribute	30, 1	@ Tag_ABI_optimization_goals
	.ARM_attribute	16, 1	@ Tag_AV_eba
	.section	.debug_line,"",%progbits
.Lline_table_start0:
