	.text
	.syntax unified
	.eabi_attribute	67, "2.09"	@ Tag_conformance
	.cpu	cortex-m7
	.eabi_attribute	6, 13	@ Tag_CPU_arch
	.eabi_attribute	7, 77	@ Tag_CPU_arch_profile
	.eabi_attribute	8, 0	@ Tag_ARM_ISA_use
	.eabi_attribute	9, 2	@ Tag_THUMB_ISA_use
	.fpu	fpv5-d16
	.eabi_attribute	36, 1	@ Tag_FP_HP_extension
	.eabi_attribute	34, 1	@ Tag_CPU_unaligned_access
	.eabi_attribute	17, 1	@ Tag_ABI_PCS_GOT_use
	.eabi_attribute	20, 2	@ Tag_ABI_FP_denormal
	.eabi_attribute	21, 0	@ Tag_ABI_FP_exceptions
	.eabi_attribute	23, 1	@ Tag_ABI_FP_number_model
	.eabi_attribute	24, 1	@ Tag_ABI_align_needed
	.eabi_attribute	25, 1	@ Tag_ABI_align_preserved
	.eabi_attribute	28, 1	@ Tag_ABI_VFP_args
	.eabi_attribute	38, 1	@ Tag_ABI_FP_16bit_format
	.eabi_attribute	18, 2	@ Tag_ABI_PCS_wchar_t
	.eabi_attribute	26, 1	@ Tag_ABI_enum_size
	.eabi_attribute	14, 0	@ Tag_ABI_PCS_R9_use
	.file	"showmem.c"
	.file	1 "E:\\Smart-access-control\\Hardware\\CODE" "rt-thread/include\\rtdef.h"
	.section	.text.rt_hw_show_memory,"ax",%progbits
	.hidden	rt_hw_show_memory               @ -- Begin function rt_hw_show_memory
	.globl	rt_hw_show_memory
	.p2align	3
	.type	rt_hw_show_memory,%function
	.code	16                              @ @rt_hw_show_memory
	.thumb_func
rt_hw_show_memory:
.Lfunc_begin0:
	.file	2 "E:\\Smart-access-control\\Hardware\\CODE" "rt-thread/libcpu/arm/common/showmem.c"
	.loc	2 14 0                          @ rt-thread/libcpu/arm/common/showmem.c:14:0
	.fnstart
	.cfi_sections .debug_frame
	.cfi_startproc
@ %bb.0:
	@DEBUG_VALUE: rt_hw_show_memory:addr <- $r0
	@DEBUG_VALUE: rt_hw_show_memory:size <- $r1
	.save	{r4, r5, r6, r7, r8, r9, r10, lr}
	push.w	{r4, r5, r6, r7, r8, r9, r10, lr}
	.cfi_def_cfa_offset 32
	.cfi_offset lr, -4
	.cfi_offset r10, -8
	.cfi_offset r9, -12
	.cfi_offset r8, -16
	.cfi_offset r7, -20
	.cfi_offset r6, -24
	.cfi_offset r5, -28
	.cfi_offset r4, -32
	mov	r4, r0
.Ltmp0:
	@DEBUG_VALUE: rt_hw_show_memory:j <- 0
	@DEBUG_VALUE: rt_hw_show_memory:i <- 0
	@DEBUG_VALUE: rt_hw_show_memory:addr <- $r4
	mov	r5, r1
.Ltmp1:
	@DEBUG_VALUE: rt_hw_show_memory:size <- $r5
	@DEBUG_VALUE: rt_hw_show_memory:size <- $r5
	.loc	2 17 2 prologue_end             @ rt-thread/libcpu/arm/common/showmem.c:17:2
	cbnz	r0, .LBB0_2
.Ltmp2:
@ %bb.1:
	@DEBUG_VALUE: rt_hw_show_memory:size <- $r5
	@DEBUG_VALUE: rt_hw_show_memory:addr <- $r4
	@DEBUG_VALUE: rt_hw_show_memory:i <- 0
	@DEBUG_VALUE: rt_hw_show_memory:j <- 0
	.loc	2 17 2 is_stmt 0                @ rt-thread/libcpu/arm/common/showmem.c:17:2
	adr	r0, .LCPI0_0
	adr	r1, .LCPI0_1
	movs	r2, #17
	bl	rt_assert_handler
.Ltmp3:
.LBB0_2:
	@DEBUG_VALUE: rt_hw_show_memory:size <- $r5
	@DEBUG_VALUE: rt_hw_show_memory:addr <- $r4
	@DEBUG_VALUE: rt_hw_show_memory:i <- 0
	@DEBUG_VALUE: rt_hw_show_memory:j <- 0
	.loc	2 20 18 is_stmt 1               @ rt-thread/libcpu/arm/common/showmem.c:20:18
	adds	r0, r5, #3
	.loc	2 20 10 is_stmt 0               @ rt-thread/libcpu/arm/common/showmem.c:20:10
	bic	r10, r0, #3
	@DEBUG_VALUE: rt_hw_show_memory:i <- 0
.Ltmp4:
	@DEBUG_VALUE: rt_hw_show_memory:size <- $r10
	@DEBUG_VALUE: rt_hw_show_memory:addr <- [DW_OP_constu 18446744073709551600, DW_OP_and, DW_OP_stack_value] undef
	.loc	2 22 2 is_stmt 1                @ rt-thread/libcpu/arm/common/showmem.c:22:2
	cmp.w	r10, #0
	@DEBUG_VALUE: rt_hw_show_memory:addr <- [DW_OP_constu 18446744073709551600, DW_OP_and, DW_OP_stack_value] undef
	.loc	2 38 1                          @ rt-thread/libcpu/arm/common/showmem.c:38:1
	it	eq
	popeq.w	{r4, r5, r6, r7, r8, r9, r10, pc}
.Ltmp5:
.LBB0_3:
	@DEBUG_VALUE: rt_hw_show_memory:i <- 0
	@DEBUG_VALUE: rt_hw_show_memory:j <- 0
	.loc	2 19 14                         @ rt-thread/libcpu/arm/common/showmem.c:19:14
	bic	r4, r4, #15
.Ltmp6:
	@DEBUG_VALUE: rt_hw_show_memory:addr <- $r4
	.loc	2 0 14 is_stmt 0                @ rt-thread/libcpu/arm/common/showmem.c:0:14
	movs	r7, #0
	adr.w	r8, .LCPI0_2
	adr	r6, .LCPI0_3
	adr.w	r9, .LCPI0_4
.Ltmp7:
	.p2align	2
.LBB0_4:                                @ =>This Loop Header: Depth=1
                                        @     Child Loop BB0_5 Depth 2
	@DEBUG_VALUE: rt_hw_show_memory:addr <- $r4
	@DEBUG_VALUE: rt_hw_show_memory:i <- $r7
	.loc	2 24 3 is_stmt 1                @ rt-thread/libcpu/arm/common/showmem.c:24:3
	mov	r0, r8
	mov	r1, r4
	bl	rt_kprintf
	movs	r5, #0
.Ltmp8:
	@DEBUG_VALUE: rt_hw_show_memory:j <- 0
	.p2align	2
.LBB0_5:                                @   Parent Loop BB0_4 Depth=1
                                        @ =>  This Inner Loop Header: Depth=2
	@DEBUG_VALUE: rt_hw_show_memory:addr <- undef
	@DEBUG_VALUE: rt_hw_show_memory:i <- undef
	@DEBUG_VALUE: rt_hw_show_memory:j <- undef
	.loc	2 28 27                         @ rt-thread/libcpu/arm/common/showmem.c:28:27
	ldr	r1, [r4, r5]
	.loc	2 28 4 is_stmt 0                @ rt-thread/libcpu/arm/common/showmem.c:28:4
	mov	r0, r6
	bl	rt_kprintf
.Ltmp9:
	@DEBUG_VALUE: rt_hw_show_memory:j <- [DW_OP_plus_uconst 1, DW_OP_stack_value] undef
	@DEBUG_VALUE: rt_hw_show_memory:i <- [DW_OP_plus_uconst 1, DW_OP_stack_value] undef
	@DEBUG_VALUE: rt_hw_show_memory:addr <- [DW_OP_plus_uconst 4, DW_OP_stack_value] undef
	.loc	2 26 13 is_stmt 1               @ rt-thread/libcpu/arm/common/showmem.c:26:13
	adds	r5, #4
.Ltmp10:
	.loc	2 26 3 is_stmt 0                @ rt-thread/libcpu/arm/common/showmem.c:26:3
	cmp	r5, #16
	bne	.LBB0_5
.Ltmp11:
@ %bb.6:                                @   in Loop: Header=BB0_4 Depth=1
	.loc	2 34 3 is_stmt 1                @ rt-thread/libcpu/arm/common/showmem.c:34:3
	mov	r0, r9
.Ltmp12:
	.loc	2 26 3                          @ rt-thread/libcpu/arm/common/showmem.c:26:3
	adds	r7, #4
.Ltmp13:
	.loc	2 34 3                          @ rt-thread/libcpu/arm/common/showmem.c:34:3
	bl	rt_kprintf
.Ltmp14:
	@DEBUG_VALUE: rt_hw_show_memory:i <- $r7
	@DEBUG_VALUE: rt_hw_show_memory:addr <- [DW_OP_plus_uconst 4, DW_OP_stack_value] undef
	.loc	2 22 2                          @ rt-thread/libcpu/arm/common/showmem.c:22:2
	cmp	r7, r10
	add	r4, r5
	blo	.LBB0_4
.Ltmp15:
@ %bb.7:
	@DEBUG_VALUE: rt_hw_show_memory:i <- $r7
	.loc	2 38 1                          @ rt-thread/libcpu/arm/common/showmem.c:38:1
	pop.w	{r4, r5, r6, r7, r8, r9, r10, pc}
.Ltmp16:
	.p2align	2
@ %bb.8:
	.loc	2 0 1 is_stmt 0                 @ rt-thread/libcpu/arm/common/showmem.c:0:1
.LCPI0_0:
.L.str:
	.asciz	"addr\000\000\000"
.LCPI0_1:
.L__FUNCTION__.rt_hw_show_memory:
	.asciz	"rt_hw_show_memory\000\000"
.LCPI0_2:
.L.str.1:
	.asciz	"0x%08x: \000\000\000"
.LCPI0_3:
.L.str.2:
	.asciz	"0x%08x  \000\000\000"
.LCPI0_4:
.L.str.3:
	.asciz	"\n\000\000"
.Lfunc_end0:
	.size	rt_hw_show_memory, .Lfunc_end0-rt_hw_show_memory
	.cfi_endproc
	.cantunwind
	.fnend
                                        @ -- End function
	.section	.debug_loc,"",%progbits
.Ldebug_loc0:
	.long	.Lfunc_begin0-.Lfunc_begin0
	.long	.Ltmp0-.Lfunc_begin0
	.short	1                               @ Loc expr size
	.byte	80                              @ DW_OP_reg0
	.long	.Ltmp0-.Lfunc_begin0
	.long	.Ltmp4-.Lfunc_begin0
	.short	1                               @ Loc expr size
	.byte	84                              @ DW_OP_reg4
	.long	.Ltmp6-.Lfunc_begin0
	.long	.Ltmp8-.Lfunc_begin0
	.short	1                               @ Loc expr size
	.byte	84                              @ DW_OP_reg4
	.long	0
	.long	0
.Ldebug_loc1:
	.long	.Lfunc_begin0-.Lfunc_begin0
	.long	.Ltmp1-.Lfunc_begin0
	.short	1                               @ Loc expr size
	.byte	81                              @ DW_OP_reg1
	.long	.Ltmp1-.Lfunc_begin0
	.long	.Ltmp4-.Lfunc_begin0
	.short	1                               @ Loc expr size
	.byte	85                              @ DW_OP_reg5
	.long	.Ltmp4-.Lfunc_begin0
	.long	.Ltmp5-.Lfunc_begin0
	.short	1                               @ Loc expr size
	.byte	90                              @ DW_OP_reg10
	.long	0
	.long	0
.Ldebug_loc2:
	.long	.Ltmp0-.Lfunc_begin0
	.long	.Ltmp7-.Lfunc_begin0
	.short	2                               @ Loc expr size
	.byte	17                              @ DW_OP_consts
	.byte	0                               @ 0
	.long	0
	.long	0
.Ldebug_loc3:
	.long	.Ltmp0-.Lfunc_begin0
	.long	.Ltmp7-.Lfunc_begin0
	.short	2                               @ Loc expr size
	.byte	17                              @ DW_OP_consts
	.byte	0                               @ 0
	.long	.Ltmp7-.Lfunc_begin0
	.long	.Ltmp8-.Lfunc_begin0
	.short	1                               @ Loc expr size
	.byte	87                              @ DW_OP_reg7
	.long	.Ltmp14-.Lfunc_begin0
	.long	.Ltmp16-.Lfunc_begin0
	.short	1                               @ Loc expr size
	.byte	87                              @ DW_OP_reg7
	.long	0
	.long	0
	.section	.debug_abbrev,"",%progbits
	.byte	1                               @ Abbreviation Code
	.byte	17                              @ DW_TAG_compile_unit
	.byte	1                               @ DW_CHILDREN_yes
	.byte	37                              @ DW_AT_producer
	.byte	14                              @ DW_FORM_strp
	.byte	19                              @ DW_AT_language
	.byte	5                               @ DW_FORM_data2
	.byte	3                               @ DW_AT_name
	.byte	14                              @ DW_FORM_strp
	.byte	16                              @ DW_AT_stmt_list
	.byte	6                               @ DW_FORM_data4
	.byte	27                              @ DW_AT_comp_dir
	.byte	14                              @ DW_FORM_strp
	.byte	17                              @ DW_AT_low_pc
	.byte	1                               @ DW_FORM_addr
	.byte	18                              @ DW_AT_high_pc
	.byte	1                               @ DW_FORM_addr
	.byte	0                               @ EOM(1)
	.byte	0                               @ EOM(2)
	.byte	2                               @ Abbreviation Code
	.byte	15                              @ DW_TAG_pointer_type
	.byte	0                               @ DW_CHILDREN_no
	.byte	73                              @ DW_AT_type
	.byte	19                              @ DW_FORM_ref4
	.byte	0                               @ EOM(1)
	.byte	0                               @ EOM(2)
	.byte	3                               @ Abbreviation Code
	.byte	22                              @ DW_TAG_typedef
	.byte	0                               @ DW_CHILDREN_no
	.byte	73                              @ DW_AT_type
	.byte	19                              @ DW_FORM_ref4
	.byte	3                               @ DW_AT_name
	.byte	14                              @ DW_FORM_strp
	.byte	58                              @ DW_AT_decl_file
	.byte	11                              @ DW_FORM_data1
	.byte	59                              @ DW_AT_decl_line
	.byte	11                              @ DW_FORM_data1
	.byte	0                               @ EOM(1)
	.byte	0                               @ EOM(2)
	.byte	4                               @ Abbreviation Code
	.byte	36                              @ DW_TAG_base_type
	.byte	0                               @ DW_CHILDREN_no
	.byte	3                               @ DW_AT_name
	.byte	14                              @ DW_FORM_strp
	.byte	62                              @ DW_AT_encoding
	.byte	11                              @ DW_FORM_data1
	.byte	11                              @ DW_AT_byte_size
	.byte	11                              @ DW_FORM_data1
	.byte	0                               @ EOM(1)
	.byte	0                               @ EOM(2)
	.byte	5                               @ Abbreviation Code
	.byte	46                              @ DW_TAG_subprogram
	.byte	1                               @ DW_CHILDREN_yes
	.byte	17                              @ DW_AT_low_pc
	.byte	1                               @ DW_FORM_addr
	.byte	18                              @ DW_AT_high_pc
	.byte	1                               @ DW_FORM_addr
	.byte	64                              @ DW_AT_frame_base
	.byte	10                              @ DW_FORM_block1
	.byte	3                               @ DW_AT_name
	.byte	14                              @ DW_FORM_strp
	.byte	58                              @ DW_AT_decl_file
	.byte	11                              @ DW_FORM_data1
	.byte	59                              @ DW_AT_decl_line
	.byte	11                              @ DW_FORM_data1
	.byte	39                              @ DW_AT_prototyped
	.byte	12                              @ DW_FORM_flag
	.byte	63                              @ DW_AT_external
	.byte	12                              @ DW_FORM_flag
	.byte	0                               @ EOM(1)
	.byte	0                               @ EOM(2)
	.byte	6                               @ Abbreviation Code
	.byte	5                               @ DW_TAG_formal_parameter
	.byte	0                               @ DW_CHILDREN_no
	.byte	2                               @ DW_AT_location
	.byte	6                               @ DW_FORM_data4
	.byte	3                               @ DW_AT_name
	.byte	14                              @ DW_FORM_strp
	.byte	58                              @ DW_AT_decl_file
	.byte	11                              @ DW_FORM_data1
	.byte	59                              @ DW_AT_decl_line
	.byte	11                              @ DW_FORM_data1
	.byte	73                              @ DW_AT_type
	.byte	19                              @ DW_FORM_ref4
	.byte	0                               @ EOM(1)
	.byte	0                               @ EOM(2)
	.byte	7                               @ Abbreviation Code
	.byte	52                              @ DW_TAG_variable
	.byte	0                               @ DW_CHILDREN_no
	.byte	2                               @ DW_AT_location
	.byte	6                               @ DW_FORM_data4
	.byte	3                               @ DW_AT_name
	.byte	14                              @ DW_FORM_strp
	.byte	58                              @ DW_AT_decl_file
	.byte	11                              @ DW_FORM_data1
	.byte	59                              @ DW_AT_decl_line
	.byte	11                              @ DW_FORM_data1
	.byte	73                              @ DW_AT_type
	.byte	19                              @ DW_FORM_ref4
	.byte	0                               @ EOM(1)
	.byte	0                               @ EOM(2)
	.byte	0                               @ EOM(3)
	.section	.debug_info,"",%progbits
.Lcu_begin0:
	.long	.Ldebug_info_end0-.Ldebug_info_start0 @ Length of Unit
.Ldebug_info_start0:
	.short	3                               @ DWARF version number
	.long	.debug_abbrev                   @ Offset Into Abbrev. Section
	.byte	4                               @ Address Size (in bytes)
	.byte	1                               @ Abbrev [1] 0xb:0x8a DW_TAG_compile_unit
	.long	.Linfo_string0                  @ DW_AT_producer
	.short	12                              @ DW_AT_language
	.long	.Linfo_string1                  @ DW_AT_name
	.long	.Lline_table_start0             @ DW_AT_stmt_list
	.long	.Linfo_string2                  @ DW_AT_comp_dir
	.long	.Lfunc_begin0                   @ DW_AT_low_pc
	.long	.Lfunc_end0                     @ DW_AT_high_pc
	.byte	2                               @ Abbrev [2] 0x26:0x5 DW_TAG_pointer_type
	.long	43                              @ DW_AT_type
	.byte	3                               @ Abbrev [3] 0x2b:0xb DW_TAG_typedef
	.long	54                              @ DW_AT_type
	.long	.Linfo_string4                  @ DW_AT_name
	.byte	1                               @ DW_AT_decl_file
	.byte	69                              @ DW_AT_decl_line
	.byte	4                               @ Abbrev [4] 0x36:0x7 DW_TAG_base_type
	.long	.Linfo_string3                  @ DW_AT_name
	.byte	7                               @ DW_AT_encoding
	.byte	4                               @ DW_AT_byte_size
	.byte	5                               @ Abbrev [5] 0x3d:0x50 DW_TAG_subprogram
	.long	.Lfunc_begin0                   @ DW_AT_low_pc
	.long	.Lfunc_end0                     @ DW_AT_high_pc
	.byte	1                               @ DW_AT_frame_base
	.byte	93
	.long	.Linfo_string5                  @ DW_AT_name
	.byte	2                               @ DW_AT_decl_file
	.byte	13                              @ DW_AT_decl_line
	.byte	1                               @ DW_AT_prototyped
	.byte	1                               @ DW_AT_external
	.byte	6                               @ Abbrev [6] 0x50:0xf DW_TAG_formal_parameter
	.long	.Ldebug_loc0                    @ DW_AT_location
	.long	.Linfo_string6                  @ DW_AT_name
	.byte	2                               @ DW_AT_decl_file
	.byte	13                              @ DW_AT_decl_line
	.long	43                              @ DW_AT_type
	.byte	6                               @ Abbrev [6] 0x5f:0xf DW_TAG_formal_parameter
	.long	.Ldebug_loc1                    @ DW_AT_location
	.long	.Linfo_string7                  @ DW_AT_name
	.byte	2                               @ DW_AT_decl_file
	.byte	13                              @ DW_AT_decl_line
	.long	43                              @ DW_AT_type
	.byte	7                               @ Abbrev [7] 0x6e:0xf DW_TAG_variable
	.long	.Ldebug_loc2                    @ DW_AT_location
	.long	.Linfo_string8                  @ DW_AT_name
	.byte	2                               @ DW_AT_decl_file
	.byte	15                              @ DW_AT_decl_line
	.long	141                             @ DW_AT_type
	.byte	7                               @ Abbrev [7] 0x7d:0xf DW_TAG_variable
	.long	.Ldebug_loc3                    @ DW_AT_location
	.long	.Linfo_string10                 @ DW_AT_name
	.byte	2                               @ DW_AT_decl_file
	.byte	15                              @ DW_AT_decl_line
	.long	141                             @ DW_AT_type
	.byte	0                               @ End Of Children Mark
	.byte	4                               @ Abbrev [4] 0x8d:0x7 DW_TAG_base_type
	.long	.Linfo_string9                  @ DW_AT_name
	.byte	5                               @ DW_AT_encoding
	.byte	4                               @ DW_AT_byte_size
	.byte	0                               @ End Of Children Mark
.Ldebug_info_end0:
	.section	.debug_str,"MS",%progbits,1
.Linfo_string0:
	.asciz	"Component: ARM Compiler 6.16 Tool: armclang [5dfeb700]" @ string offset=0
.Linfo_string1:
	.asciz	"rt-thread/libcpu/arm/common\\showmem.c" @ string offset=55
.Linfo_string2:
	.asciz	"E:\\Smart-access-control\\Hardware\\CODE" @ string offset=93
.Linfo_string3:
	.asciz	"unsigned int"                  @ string offset=131
.Linfo_string4:
	.asciz	"rt_uint32_t"                   @ string offset=144
.Linfo_string5:
	.asciz	"rt_hw_show_memory"             @ string offset=156
.Linfo_string6:
	.asciz	"addr"                          @ string offset=174
.Linfo_string7:
	.asciz	"size"                          @ string offset=179
.Linfo_string8:
	.asciz	"j"                             @ string offset=184
.Linfo_string9:
	.asciz	"int"                           @ string offset=186
.Linfo_string10:
	.asciz	"i"                             @ string offset=190
	.ident	"Component: ARM Compiler 6.16 Tool: armclang [5dfeb700]"
	.section	".note.GNU-stack","",%progbits
	.eabi_attribute	30, 1	@ Tag_ABI_optimization_goals
	.ARM_attribute	16, 1	@ Tag_AV_eba
	.section	.debug_line,"",%progbits
.Lline_table_start0:
