	.text
	.syntax unified
	.eabi_attribute	67, "2.09"	@ Tag_conformance
	.cpu	cortex-m7
	.eabi_attribute	6, 13	@ Tag_CPU_arch
	.eabi_attribute	7, 77	@ Tag_CPU_arch_profile
	.eabi_attribute	8, 0	@ Tag_ARM_ISA_use
	.eabi_attribute	9, 2	@ Tag_THUMB_ISA_use
	.fpu	fpv5-d16
	.eabi_attribute	36, 1	@ Tag_FP_HP_extension
	.eabi_attribute	34, 1	@ Tag_CPU_unaligned_access
	.eabi_attribute	17, 1	@ Tag_ABI_PCS_GOT_use
	.eabi_attribute	20, 2	@ Tag_ABI_FP_denormal
	.eabi_attribute	21, 0	@ Tag_ABI_FP_exceptions
	.eabi_attribute	23, 1	@ Tag_ABI_FP_number_model
	.eabi_attribute	24, 1	@ Tag_ABI_align_needed
	.eabi_attribute	25, 1	@ Tag_ABI_align_preserved
	.eabi_attribute	28, 1	@ Tag_ABI_VFP_args
	.eabi_attribute	38, 1	@ Tag_ABI_FP_16bit_format
	.eabi_attribute	18, 2	@ Tag_ABI_PCS_wchar_t
	.eabi_attribute	26, 1	@ Tag_ABI_enum_size
	.eabi_attribute	14, 0	@ Tag_ABI_PCS_R9_use
	.file	"sys.c"
	.file	1 "E:\\Smart-access-control\\Hardware\\CODE" "./rt-thread/components/net/lwip-2.0.2/src/include\\lwip/err.h"
	.section	.text.sys_msleep,"ax",%progbits
	.hidden	sys_msleep                      @ -- Begin function sys_msleep
	.globl	sys_msleep
	.p2align	3
	.type	sys_msleep,%function
	.code	16                              @ @sys_msleep
	.thumb_func
sys_msleep:
.Lfunc_begin0:
	.file	2 "E:\\Smart-access-control\\Hardware\\CODE" "rt-thread/components/net/lwip-2.0.2/src/core/sys.c"
	.loc	2 94 0                          @ rt-thread/components/net/lwip-2.0.2/src/core/sys.c:94:0
	.fnstart
	.cfi_sections .debug_frame
	.cfi_startproc
@ %bb.0:
	.save	{r7, lr}
	push	{r7, lr}
	.cfi_def_cfa_offset 8
	.cfi_offset lr, -4
	.cfi_offset r7, -8
	.pad	#16
	sub	sp, #16
	.cfi_def_cfa_offset 24
	str	r0, [sp, #12]
.Ltmp0:
	.loc	2 95 7 prologue_end             @ rt-thread/components/net/lwip-2.0.2/src/core/sys.c:95:7
	ldr	r0, [sp, #12]
.Ltmp1:
	.loc	2 95 7 is_stmt 0                @ rt-thread/components/net/lwip-2.0.2/src/core/sys.c:95:7
	cbz	r0, .LBB0_4
	b	.LBB0_1
.LBB0_1:
	.loc	2 0 7                           @ rt-thread/components/net/lwip-2.0.2/src/core/sys.c:0:7
	add	r0, sp, #8
	movs	r1, #0
.Ltmp2:
	.loc	2 97 17 is_stmt 1               @ rt-thread/components/net/lwip-2.0.2/src/core/sys.c:97:17
	bl	sys_sem_new
	.loc	2 97 11 is_stmt 0               @ rt-thread/components/net/lwip-2.0.2/src/core/sys.c:97:11
	strb.w	r0, [sp, #7]
.Ltmp3:
	.loc	2 98 9 is_stmt 1                @ rt-thread/components/net/lwip-2.0.2/src/core/sys.c:98:9
	ldrsb.w	r0, [sp, #7]
.Ltmp4:
	.loc	2 98 9 is_stmt 0                @ rt-thread/components/net/lwip-2.0.2/src/core/sys.c:98:9
	cbnz	r0, .LBB0_3
	b	.LBB0_2
.LBB0_2:
.Ltmp5:
	.loc	2 99 36 is_stmt 1               @ rt-thread/components/net/lwip-2.0.2/src/core/sys.c:99:36
	ldr	r1, [sp, #12]
	add	r0, sp, #8
	.loc	2 99 7 is_stmt 0                @ rt-thread/components/net/lwip-2.0.2/src/core/sys.c:99:7
	str	r0, [sp]                        @ 4-byte Spill
	bl	sys_arch_sem_wait
                                        @ kill: def $r1 killed $r0
	.loc	2 100 7 is_stmt 1               @ rt-thread/components/net/lwip-2.0.2/src/core/sys.c:100:7
	ldr	r0, [sp]                        @ 4-byte Reload
	bl	sys_sem_free
	.loc	2 101 5                         @ rt-thread/components/net/lwip-2.0.2/src/core/sys.c:101:5
	b	.LBB0_3
.Ltmp6:
.LBB0_3:
	.loc	2 102 3                         @ rt-thread/components/net/lwip-2.0.2/src/core/sys.c:102:3
	b	.LBB0_4
.Ltmp7:
.LBB0_4:
	.loc	2 103 1                         @ rt-thread/components/net/lwip-2.0.2/src/core/sys.c:103:1
	add	sp, #16
	pop	{r7, pc}
.Ltmp8:
.Lfunc_end0:
	.size	sys_msleep, .Lfunc_end0-sys_msleep
	.cfi_endproc
	.cantunwind
	.fnend
                                        @ -- End function
	.file	3 "D:\\Keil_v5\\ARM\\ARMCLANG\\Bin\\..\\include" "stdint.h"
	.file	4 "E:\\Smart-access-control\\Hardware\\CODE" "./rt-thread/components/net/lwip-2.0.2/src/include\\lwip/arch.h"
	.file	5 "E:\\Smart-access-control\\Hardware\\CODE" "rt-thread/include\\rtdef.h"
	.file	6 "E:\\Smart-access-control\\Hardware\\CODE" "./rt-thread/components/net/lwip-2.0.2/src/arch/include\\arch/sys_arch.h"
	.section	.debug_abbrev,"",%progbits
	.byte	1                               @ Abbreviation Code
	.byte	17                              @ DW_TAG_compile_unit
	.byte	1                               @ DW_CHILDREN_yes
	.byte	37                              @ DW_AT_producer
	.byte	14                              @ DW_FORM_strp
	.byte	19                              @ DW_AT_language
	.byte	5                               @ DW_FORM_data2
	.byte	3                               @ DW_AT_name
	.byte	14                              @ DW_FORM_strp
	.byte	16                              @ DW_AT_stmt_list
	.byte	6                               @ DW_FORM_data4
	.byte	27                              @ DW_AT_comp_dir
	.byte	14                              @ DW_FORM_strp
	.byte	17                              @ DW_AT_low_pc
	.byte	1                               @ DW_FORM_addr
	.byte	18                              @ DW_AT_high_pc
	.byte	1                               @ DW_FORM_addr
	.byte	0                               @ EOM(1)
	.byte	0                               @ EOM(2)
	.byte	2                               @ Abbreviation Code
	.byte	4                               @ DW_TAG_enumeration_type
	.byte	1                               @ DW_CHILDREN_yes
	.byte	73                              @ DW_AT_type
	.byte	19                              @ DW_FORM_ref4
	.byte	11                              @ DW_AT_byte_size
	.byte	11                              @ DW_FORM_data1
	.byte	58                              @ DW_AT_decl_file
	.byte	11                              @ DW_FORM_data1
	.byte	59                              @ DW_AT_decl_line
	.byte	11                              @ DW_FORM_data1
	.byte	0                               @ EOM(1)
	.byte	0                               @ EOM(2)
	.byte	3                               @ Abbreviation Code
	.byte	40                              @ DW_TAG_enumerator
	.byte	0                               @ DW_CHILDREN_no
	.byte	3                               @ DW_AT_name
	.byte	14                              @ DW_FORM_strp
	.byte	28                              @ DW_AT_const_value
	.byte	13                              @ DW_FORM_sdata
	.byte	0                               @ EOM(1)
	.byte	0                               @ EOM(2)
	.byte	4                               @ Abbreviation Code
	.byte	36                              @ DW_TAG_base_type
	.byte	0                               @ DW_CHILDREN_no
	.byte	3                               @ DW_AT_name
	.byte	14                              @ DW_FORM_strp
	.byte	62                              @ DW_AT_encoding
	.byte	11                              @ DW_FORM_data1
	.byte	11                              @ DW_AT_byte_size
	.byte	11                              @ DW_FORM_data1
	.byte	0                               @ EOM(1)
	.byte	0                               @ EOM(2)
	.byte	5                               @ Abbreviation Code
	.byte	46                              @ DW_TAG_subprogram
	.byte	1                               @ DW_CHILDREN_yes
	.byte	17                              @ DW_AT_low_pc
	.byte	1                               @ DW_FORM_addr
	.byte	18                              @ DW_AT_high_pc
	.byte	1                               @ DW_FORM_addr
	.byte	64                              @ DW_AT_frame_base
	.byte	10                              @ DW_FORM_block1
	.byte	3                               @ DW_AT_name
	.byte	14                              @ DW_FORM_strp
	.byte	58                              @ DW_AT_decl_file
	.byte	11                              @ DW_FORM_data1
	.byte	59                              @ DW_AT_decl_line
	.byte	11                              @ DW_FORM_data1
	.byte	39                              @ DW_AT_prototyped
	.byte	12                              @ DW_FORM_flag
	.byte	63                              @ DW_AT_external
	.byte	12                              @ DW_FORM_flag
	.byte	0                               @ EOM(1)
	.byte	0                               @ EOM(2)
	.byte	6                               @ Abbreviation Code
	.byte	5                               @ DW_TAG_formal_parameter
	.byte	0                               @ DW_CHILDREN_no
	.byte	2                               @ DW_AT_location
	.byte	10                              @ DW_FORM_block1
	.byte	3                               @ DW_AT_name
	.byte	14                              @ DW_FORM_strp
	.byte	58                              @ DW_AT_decl_file
	.byte	11                              @ DW_FORM_data1
	.byte	59                              @ DW_AT_decl_line
	.byte	11                              @ DW_FORM_data1
	.byte	73                              @ DW_AT_type
	.byte	19                              @ DW_FORM_ref4
	.byte	0                               @ EOM(1)
	.byte	0                               @ EOM(2)
	.byte	7                               @ Abbreviation Code
	.byte	11                              @ DW_TAG_lexical_block
	.byte	1                               @ DW_CHILDREN_yes
	.byte	17                              @ DW_AT_low_pc
	.byte	1                               @ DW_FORM_addr
	.byte	18                              @ DW_AT_high_pc
	.byte	1                               @ DW_FORM_addr
	.byte	0                               @ EOM(1)
	.byte	0                               @ EOM(2)
	.byte	8                               @ Abbreviation Code
	.byte	52                              @ DW_TAG_variable
	.byte	0                               @ DW_CHILDREN_no
	.byte	2                               @ DW_AT_location
	.byte	10                              @ DW_FORM_block1
	.byte	3                               @ DW_AT_name
	.byte	14                              @ DW_FORM_strp
	.byte	58                              @ DW_AT_decl_file
	.byte	11                              @ DW_FORM_data1
	.byte	59                              @ DW_AT_decl_line
	.byte	11                              @ DW_FORM_data1
	.byte	73                              @ DW_AT_type
	.byte	19                              @ DW_FORM_ref4
	.byte	0                               @ EOM(1)
	.byte	0                               @ EOM(2)
	.byte	9                               @ Abbreviation Code
	.byte	22                              @ DW_TAG_typedef
	.byte	0                               @ DW_CHILDREN_no
	.byte	73                              @ DW_AT_type
	.byte	19                              @ DW_FORM_ref4
	.byte	3                               @ DW_AT_name
	.byte	14                              @ DW_FORM_strp
	.byte	58                              @ DW_AT_decl_file
	.byte	11                              @ DW_FORM_data1
	.byte	59                              @ DW_AT_decl_line
	.byte	11                              @ DW_FORM_data1
	.byte	0                               @ EOM(1)
	.byte	0                               @ EOM(2)
	.byte	10                              @ Abbreviation Code
	.byte	22                              @ DW_TAG_typedef
	.byte	0                               @ DW_CHILDREN_no
	.byte	73                              @ DW_AT_type
	.byte	19                              @ DW_FORM_ref4
	.byte	3                               @ DW_AT_name
	.byte	14                              @ DW_FORM_strp
	.byte	58                              @ DW_AT_decl_file
	.byte	11                              @ DW_FORM_data1
	.byte	59                              @ DW_AT_decl_line
	.byte	5                               @ DW_FORM_data2
	.byte	0                               @ EOM(1)
	.byte	0                               @ EOM(2)
	.byte	11                              @ Abbreviation Code
	.byte	15                              @ DW_TAG_pointer_type
	.byte	0                               @ DW_CHILDREN_no
	.byte	73                              @ DW_AT_type
	.byte	19                              @ DW_FORM_ref4
	.byte	0                               @ EOM(1)
	.byte	0                               @ EOM(2)
	.byte	12                              @ Abbreviation Code
	.byte	19                              @ DW_TAG_structure_type
	.byte	1                               @ DW_CHILDREN_yes
	.byte	3                               @ DW_AT_name
	.byte	14                              @ DW_FORM_strp
	.byte	11                              @ DW_AT_byte_size
	.byte	11                              @ DW_FORM_data1
	.byte	58                              @ DW_AT_decl_file
	.byte	11                              @ DW_FORM_data1
	.byte	59                              @ DW_AT_decl_line
	.byte	5                               @ DW_FORM_data2
	.byte	0                               @ EOM(1)
	.byte	0                               @ EOM(2)
	.byte	13                              @ Abbreviation Code
	.byte	13                              @ DW_TAG_member
	.byte	0                               @ DW_CHILDREN_no
	.byte	3                               @ DW_AT_name
	.byte	14                              @ DW_FORM_strp
	.byte	73                              @ DW_AT_type
	.byte	19                              @ DW_FORM_ref4
	.byte	58                              @ DW_AT_decl_file
	.byte	11                              @ DW_FORM_data1
	.byte	59                              @ DW_AT_decl_line
	.byte	5                               @ DW_FORM_data2
	.byte	56                              @ DW_AT_data_member_location
	.byte	11                              @ DW_FORM_data1
	.byte	0                               @ EOM(1)
	.byte	0                               @ EOM(2)
	.byte	14                              @ Abbreviation Code
	.byte	1                               @ DW_TAG_array_type
	.byte	1                               @ DW_CHILDREN_yes
	.byte	73                              @ DW_AT_type
	.byte	19                              @ DW_FORM_ref4
	.byte	0                               @ EOM(1)
	.byte	0                               @ EOM(2)
	.byte	15                              @ Abbreviation Code
	.byte	33                              @ DW_TAG_subrange_type
	.byte	0                               @ DW_CHILDREN_no
	.byte	73                              @ DW_AT_type
	.byte	19                              @ DW_FORM_ref4
	.byte	55                              @ DW_AT_count
	.byte	11                              @ DW_FORM_data1
	.byte	0                               @ EOM(1)
	.byte	0                               @ EOM(2)
	.byte	16                              @ Abbreviation Code
	.byte	36                              @ DW_TAG_base_type
	.byte	0                               @ DW_CHILDREN_no
	.byte	3                               @ DW_AT_name
	.byte	14                              @ DW_FORM_strp
	.byte	11                              @ DW_AT_byte_size
	.byte	11                              @ DW_FORM_data1
	.byte	62                              @ DW_AT_encoding
	.byte	11                              @ DW_FORM_data1
	.byte	0                               @ EOM(1)
	.byte	0                               @ EOM(2)
	.byte	0                               @ EOM(3)
	.section	.debug_info,"",%progbits
.Lcu_begin0:
	.long	.Ldebug_info_end0-.Ldebug_info_start0 @ Length of Unit
.Ldebug_info_start0:
	.short	3                               @ DWARF version number
	.long	.debug_abbrev                   @ Offset Into Abbrev. Section
	.byte	4                               @ Address Size (in bytes)
	.byte	1                               @ Abbrev [1] 0xb:0x23a DW_TAG_compile_unit
	.long	.Linfo_string0                  @ DW_AT_producer
	.short	12                              @ DW_AT_language
	.long	.Linfo_string1                  @ DW_AT_name
	.long	.Lline_table_start0             @ DW_AT_stmt_list
	.long	.Linfo_string2                  @ DW_AT_comp_dir
	.long	.Lfunc_begin0                   @ DW_AT_low_pc
	.long	.Lfunc_end0                     @ DW_AT_high_pc
	.byte	2                               @ Abbrev [2] 0x26:0x6f DW_TAG_enumeration_type
	.long	149                             @ DW_AT_type
	.byte	1                               @ DW_AT_byte_size
	.byte	1                               @ DW_AT_decl_file
	.byte	61                              @ DW_AT_decl_line
	.byte	3                               @ Abbrev [3] 0x2e:0x6 DW_TAG_enumerator
	.long	.Linfo_string4                  @ DW_AT_name
	.byte	0                               @ DW_AT_const_value
	.byte	3                               @ Abbrev [3] 0x34:0x6 DW_TAG_enumerator
	.long	.Linfo_string5                  @ DW_AT_name
	.byte	127                             @ DW_AT_const_value
	.byte	3                               @ Abbrev [3] 0x3a:0x6 DW_TAG_enumerator
	.long	.Linfo_string6                  @ DW_AT_name
	.byte	126                             @ DW_AT_const_value
	.byte	3                               @ Abbrev [3] 0x40:0x6 DW_TAG_enumerator
	.long	.Linfo_string7                  @ DW_AT_name
	.byte	125                             @ DW_AT_const_value
	.byte	3                               @ Abbrev [3] 0x46:0x6 DW_TAG_enumerator
	.long	.Linfo_string8                  @ DW_AT_name
	.byte	124                             @ DW_AT_const_value
	.byte	3                               @ Abbrev [3] 0x4c:0x6 DW_TAG_enumerator
	.long	.Linfo_string9                  @ DW_AT_name
	.byte	123                             @ DW_AT_const_value
	.byte	3                               @ Abbrev [3] 0x52:0x6 DW_TAG_enumerator
	.long	.Linfo_string10                 @ DW_AT_name
	.byte	122                             @ DW_AT_const_value
	.byte	3                               @ Abbrev [3] 0x58:0x6 DW_TAG_enumerator
	.long	.Linfo_string11                 @ DW_AT_name
	.byte	121                             @ DW_AT_const_value
	.byte	3                               @ Abbrev [3] 0x5e:0x6 DW_TAG_enumerator
	.long	.Linfo_string12                 @ DW_AT_name
	.byte	120                             @ DW_AT_const_value
	.byte	3                               @ Abbrev [3] 0x64:0x6 DW_TAG_enumerator
	.long	.Linfo_string13                 @ DW_AT_name
	.byte	119                             @ DW_AT_const_value
	.byte	3                               @ Abbrev [3] 0x6a:0x6 DW_TAG_enumerator
	.long	.Linfo_string14                 @ DW_AT_name
	.byte	118                             @ DW_AT_const_value
	.byte	3                               @ Abbrev [3] 0x70:0x6 DW_TAG_enumerator
	.long	.Linfo_string15                 @ DW_AT_name
	.byte	117                             @ DW_AT_const_value
	.byte	3                               @ Abbrev [3] 0x76:0x6 DW_TAG_enumerator
	.long	.Linfo_string16                 @ DW_AT_name
	.byte	116                             @ DW_AT_const_value
	.byte	3                               @ Abbrev [3] 0x7c:0x6 DW_TAG_enumerator
	.long	.Linfo_string17                 @ DW_AT_name
	.byte	115                             @ DW_AT_const_value
	.byte	3                               @ Abbrev [3] 0x82:0x6 DW_TAG_enumerator
	.long	.Linfo_string18                 @ DW_AT_name
	.byte	114                             @ DW_AT_const_value
	.byte	3                               @ Abbrev [3] 0x88:0x6 DW_TAG_enumerator
	.long	.Linfo_string19                 @ DW_AT_name
	.byte	113                             @ DW_AT_const_value
	.byte	3                               @ Abbrev [3] 0x8e:0x6 DW_TAG_enumerator
	.long	.Linfo_string20                 @ DW_AT_name
	.byte	112                             @ DW_AT_const_value
	.byte	0                               @ End Of Children Mark
	.byte	4                               @ Abbrev [4] 0x95:0x7 DW_TAG_base_type
	.long	.Linfo_string3                  @ DW_AT_name
	.byte	6                               @ DW_AT_encoding
	.byte	1                               @ DW_AT_byte_size
	.byte	5                               @ Abbrev [5] 0x9c:0x48 DW_TAG_subprogram
	.long	.Lfunc_begin0                   @ DW_AT_low_pc
	.long	.Lfunc_end0                     @ DW_AT_high_pc
	.byte	1                               @ DW_AT_frame_base
	.byte	93
	.long	.Linfo_string21                 @ DW_AT_name
	.byte	2                               @ DW_AT_decl_file
	.byte	93                              @ DW_AT_decl_line
	.byte	1                               @ DW_AT_prototyped
	.byte	1                               @ DW_AT_external
	.byte	6                               @ Abbrev [6] 0xaf:0xe DW_TAG_formal_parameter
	.byte	2                               @ DW_AT_location
	.byte	145
	.byte	12
	.long	.Linfo_string22                 @ DW_AT_name
	.byte	2                               @ DW_AT_decl_file
	.byte	93                              @ DW_AT_decl_line
	.long	228                             @ DW_AT_type
	.byte	7                               @ Abbrev [7] 0xbd:0x26 DW_TAG_lexical_block
	.long	.Ltmp2                          @ DW_AT_low_pc
	.long	.Ltmp7                          @ DW_AT_high_pc
	.byte	8                               @ Abbrev [8] 0xc6:0xe DW_TAG_variable
	.byte	2                               @ DW_AT_location
	.byte	145
	.byte	8
	.long	.Linfo_string26                 @ DW_AT_name
	.byte	2                               @ DW_AT_decl_file
	.byte	96                              @ DW_AT_decl_line
	.long	257                             @ DW_AT_type
	.byte	8                               @ Abbrev [8] 0xd4:0xe DW_TAG_variable
	.byte	2                               @ DW_AT_location
	.byte	145
	.byte	7
	.long	.Linfo_string50                 @ DW_AT_name
	.byte	2                               @ DW_AT_decl_file
	.byte	97                              @ DW_AT_decl_line
	.long	547                             @ DW_AT_type
	.byte	0                               @ End Of Children Mark
	.byte	0                               @ End Of Children Mark
	.byte	9                               @ Abbrev [9] 0xe4:0xb DW_TAG_typedef
	.long	239                             @ DW_AT_type
	.long	.Linfo_string25                 @ DW_AT_name
	.byte	4                               @ DW_AT_decl_file
	.byte	123                             @ DW_AT_decl_line
	.byte	9                               @ Abbrev [9] 0xef:0xb DW_TAG_typedef
	.long	250                             @ DW_AT_type
	.long	.Linfo_string24                 @ DW_AT_name
	.byte	3                               @ DW_AT_decl_file
	.byte	64                              @ DW_AT_decl_line
	.byte	4                               @ Abbrev [4] 0xfa:0x7 DW_TAG_base_type
	.long	.Linfo_string23                 @ DW_AT_name
	.byte	7                               @ DW_AT_encoding
	.byte	4                               @ DW_AT_byte_size
	.byte	9                               @ Abbrev [9] 0x101:0xb DW_TAG_typedef
	.long	268                             @ DW_AT_type
	.long	.Linfo_string49                 @ DW_AT_name
	.byte	6                               @ DW_AT_decl_file
	.byte	57                              @ DW_AT_decl_line
	.byte	10                              @ Abbrev [10] 0x10c:0xc DW_TAG_typedef
	.long	280                             @ DW_AT_type
	.long	.Linfo_string48                 @ DW_AT_name
	.byte	5                               @ DW_AT_decl_file
	.short	671                             @ DW_AT_decl_line
	.byte	11                              @ Abbrev [11] 0x118:0x5 DW_TAG_pointer_type
	.long	285                             @ DW_AT_type
	.byte	12                              @ Abbrev [12] 0x11d:0x31 DW_TAG_structure_type
	.long	.Linfo_string47                 @ DW_AT_name
	.byte	32                              @ DW_AT_byte_size
	.byte	5                               @ DW_AT_decl_file
	.short	664                             @ DW_AT_decl_line
	.byte	13                              @ Abbrev [13] 0x126:0xd DW_TAG_member
	.long	.Linfo_string27                 @ DW_AT_name
	.long	334                             @ DW_AT_type
	.byte	5                               @ DW_AT_decl_file
	.short	666                             @ DW_AT_decl_line
	.byte	0                               @ DW_AT_data_member_location
	.byte	13                              @ Abbrev [13] 0x133:0xd DW_TAG_member
	.long	.Linfo_string43                 @ DW_AT_name
	.long	529                             @ DW_AT_type
	.byte	5                               @ DW_AT_decl_file
	.short	668                             @ DW_AT_decl_line
	.byte	28                              @ DW_AT_data_member_location
	.byte	13                              @ Abbrev [13] 0x140:0xd DW_TAG_member
	.long	.Linfo_string46                 @ DW_AT_name
	.long	529                             @ DW_AT_type
	.byte	5                               @ DW_AT_decl_file
	.short	669                             @ DW_AT_decl_line
	.byte	30                              @ DW_AT_data_member_location
	.byte	0                               @ End Of Children Mark
	.byte	12                              @ Abbrev [12] 0x14e:0x24 DW_TAG_structure_type
	.long	.Linfo_string42                 @ DW_AT_name
	.byte	28                              @ DW_AT_byte_size
	.byte	5                               @ DW_AT_decl_file
	.short	653                             @ DW_AT_decl_line
	.byte	13                              @ Abbrev [13] 0x157:0xd DW_TAG_member
	.long	.Linfo_string27                 @ DW_AT_name
	.long	370                             @ DW_AT_type
	.byte	5                               @ DW_AT_decl_file
	.short	655                             @ DW_AT_decl_line
	.byte	0                               @ DW_AT_data_member_location
	.byte	13                              @ Abbrev [13] 0x164:0xd DW_TAG_member
	.long	.Linfo_string41                 @ DW_AT_name
	.long	476                             @ DW_AT_type
	.byte	5                               @ DW_AT_decl_file
	.short	657                             @ DW_AT_decl_line
	.byte	20                              @ DW_AT_data_member_location
	.byte	0                               @ End Of Children Mark
	.byte	12                              @ Abbrev [12] 0x172:0x3e DW_TAG_structure_type
	.long	.Linfo_string40                 @ DW_AT_name
	.byte	20                              @ DW_AT_byte_size
	.byte	5                               @ DW_AT_decl_file
	.short	343                             @ DW_AT_decl_line
	.byte	13                              @ Abbrev [13] 0x17b:0xd DW_TAG_member
	.long	.Linfo_string28                 @ DW_AT_name
	.long	432                             @ DW_AT_type
	.byte	5                               @ DW_AT_decl_file
	.short	345                             @ DW_AT_decl_line
	.byte	0                               @ DW_AT_data_member_location
	.byte	13                              @ Abbrev [13] 0x188:0xd DW_TAG_member
	.long	.Linfo_string31                 @ DW_AT_name
	.long	458                             @ DW_AT_type
	.byte	5                               @ DW_AT_decl_file
	.short	346                             @ DW_AT_decl_line
	.byte	8                               @ DW_AT_data_member_location
	.byte	13                              @ Abbrev [13] 0x195:0xd DW_TAG_member
	.long	.Linfo_string34                 @ DW_AT_name
	.long	458                             @ DW_AT_type
	.byte	5                               @ DW_AT_decl_file
	.short	347                             @ DW_AT_decl_line
	.byte	9                               @ DW_AT_data_member_location
	.byte	13                              @ Abbrev [13] 0x1a2:0xd DW_TAG_member
	.long	.Linfo_string35                 @ DW_AT_name
	.long	476                             @ DW_AT_type
	.byte	5                               @ DW_AT_decl_file
	.short	352                             @ DW_AT_decl_line
	.byte	12                              @ DW_AT_data_member_location
	.byte	0                               @ End Of Children Mark
	.byte	14                              @ Abbrev [14] 0x1b0:0xc DW_TAG_array_type
	.long	444                             @ DW_AT_type
	.byte	15                              @ Abbrev [15] 0x1b5:0x6 DW_TAG_subrange_type
	.long	451                             @ DW_AT_type
	.byte	8                               @ DW_AT_count
	.byte	0                               @ End Of Children Mark
	.byte	4                               @ Abbrev [4] 0x1bc:0x7 DW_TAG_base_type
	.long	.Linfo_string29                 @ DW_AT_name
	.byte	6                               @ DW_AT_encoding
	.byte	1                               @ DW_AT_byte_size
	.byte	16                              @ Abbrev [16] 0x1c3:0x7 DW_TAG_base_type
	.long	.Linfo_string30                 @ DW_AT_name
	.byte	8                               @ DW_AT_byte_size
	.byte	7                               @ DW_AT_encoding
	.byte	9                               @ Abbrev [9] 0x1ca:0xb DW_TAG_typedef
	.long	469                             @ DW_AT_type
	.long	.Linfo_string33                 @ DW_AT_name
	.byte	5                               @ DW_AT_decl_file
	.byte	67                              @ DW_AT_decl_line
	.byte	4                               @ Abbrev [4] 0x1d5:0x7 DW_TAG_base_type
	.long	.Linfo_string32                 @ DW_AT_name
	.byte	8                               @ DW_AT_encoding
	.byte	1                               @ DW_AT_byte_size
	.byte	10                              @ Abbrev [10] 0x1dc:0xc DW_TAG_typedef
	.long	488                             @ DW_AT_type
	.long	.Linfo_string39                 @ DW_AT_name
	.byte	5                               @ DW_AT_decl_file
	.short	318                             @ DW_AT_decl_line
	.byte	12                              @ Abbrev [12] 0x1e8:0x24 DW_TAG_structure_type
	.long	.Linfo_string38                 @ DW_AT_name
	.byte	8                               @ DW_AT_byte_size
	.byte	5                               @ DW_AT_decl_file
	.short	313                             @ DW_AT_decl_line
	.byte	13                              @ Abbrev [13] 0x1f1:0xd DW_TAG_member
	.long	.Linfo_string36                 @ DW_AT_name
	.long	524                             @ DW_AT_type
	.byte	5                               @ DW_AT_decl_file
	.short	315                             @ DW_AT_decl_line
	.byte	0                               @ DW_AT_data_member_location
	.byte	13                              @ Abbrev [13] 0x1fe:0xd DW_TAG_member
	.long	.Linfo_string37                 @ DW_AT_name
	.long	524                             @ DW_AT_type
	.byte	5                               @ DW_AT_decl_file
	.short	316                             @ DW_AT_decl_line
	.byte	4                               @ DW_AT_data_member_location
	.byte	0                               @ End Of Children Mark
	.byte	11                              @ Abbrev [11] 0x20c:0x5 DW_TAG_pointer_type
	.long	488                             @ DW_AT_type
	.byte	9                               @ Abbrev [9] 0x211:0xb DW_TAG_typedef
	.long	540                             @ DW_AT_type
	.long	.Linfo_string45                 @ DW_AT_name
	.byte	5                               @ DW_AT_decl_file
	.byte	68                              @ DW_AT_decl_line
	.byte	4                               @ Abbrev [4] 0x21c:0x7 DW_TAG_base_type
	.long	.Linfo_string44                 @ DW_AT_name
	.byte	7                               @ DW_AT_encoding
	.byte	2                               @ DW_AT_byte_size
	.byte	9                               @ Abbrev [9] 0x223:0xb DW_TAG_typedef
	.long	558                             @ DW_AT_type
	.long	.Linfo_string53                 @ DW_AT_name
	.byte	1                               @ DW_AT_decl_file
	.byte	57                              @ DW_AT_decl_line
	.byte	9                               @ Abbrev [9] 0x22e:0xb DW_TAG_typedef
	.long	569                             @ DW_AT_type
	.long	.Linfo_string52                 @ DW_AT_name
	.byte	4                               @ DW_AT_decl_file
	.byte	120                             @ DW_AT_decl_line
	.byte	9                               @ Abbrev [9] 0x239:0xb DW_TAG_typedef
	.long	149                             @ DW_AT_type
	.long	.Linfo_string51                 @ DW_AT_name
	.byte	3                               @ DW_AT_decl_file
	.byte	56                              @ DW_AT_decl_line
	.byte	0                               @ End Of Children Mark
.Ldebug_info_end0:
	.section	.debug_str,"MS",%progbits,1
.Linfo_string0:
	.asciz	"Component: ARM Compiler 6.16 Tool: armclang [5dfeb700]" @ string offset=0
.Linfo_string1:
	.asciz	"rt-thread/components/net/lwip-2.0.2/src/core\\sys.c" @ string offset=55
.Linfo_string2:
	.asciz	"E:\\Smart-access-control\\Hardware\\CODE" @ string offset=106
.Linfo_string3:
	.asciz	"signed char"                   @ string offset=144
.Linfo_string4:
	.asciz	"ERR_OK"                        @ string offset=156
.Linfo_string5:
	.asciz	"ERR_MEM"                       @ string offset=163
.Linfo_string6:
	.asciz	"ERR_BUF"                       @ string offset=171
.Linfo_string7:
	.asciz	"ERR_TIMEOUT"                   @ string offset=179
.Linfo_string8:
	.asciz	"ERR_RTE"                       @ string offset=191
.Linfo_string9:
	.asciz	"ERR_INPROGRESS"                @ string offset=199
.Linfo_string10:
	.asciz	"ERR_VAL"                       @ string offset=214
.Linfo_string11:
	.asciz	"ERR_WOULDBLOCK"                @ string offset=222
.Linfo_string12:
	.asciz	"ERR_USE"                       @ string offset=237
.Linfo_string13:
	.asciz	"ERR_ALREADY"                   @ string offset=245
.Linfo_string14:
	.asciz	"ERR_ISCONN"                    @ string offset=257
.Linfo_string15:
	.asciz	"ERR_CONN"                      @ string offset=268
.Linfo_string16:
	.asciz	"ERR_IF"                        @ string offset=277
.Linfo_string17:
	.asciz	"ERR_ABRT"                      @ string offset=284
.Linfo_string18:
	.asciz	"ERR_RST"                       @ string offset=293
.Linfo_string19:
	.asciz	"ERR_CLSD"                      @ string offset=301
.Linfo_string20:
	.asciz	"ERR_ARG"                       @ string offset=310
.Linfo_string21:
	.asciz	"sys_msleep"                    @ string offset=318
.Linfo_string22:
	.asciz	"ms"                            @ string offset=329
.Linfo_string23:
	.asciz	"unsigned int"                  @ string offset=332
.Linfo_string24:
	.asciz	"uint32_t"                      @ string offset=345
.Linfo_string25:
	.asciz	"u32_t"                         @ string offset=354
.Linfo_string26:
	.asciz	"delaysem"                      @ string offset=360
.Linfo_string27:
	.asciz	"parent"                        @ string offset=369
.Linfo_string28:
	.asciz	"name"                          @ string offset=376
.Linfo_string29:
	.asciz	"char"                          @ string offset=381
.Linfo_string30:
	.asciz	"__ARRAY_SIZE_TYPE__"           @ string offset=386
.Linfo_string31:
	.asciz	"type"                          @ string offset=406
.Linfo_string32:
	.asciz	"unsigned char"                 @ string offset=411
.Linfo_string33:
	.asciz	"rt_uint8_t"                    @ string offset=425
.Linfo_string34:
	.asciz	"flag"                          @ string offset=436
.Linfo_string35:
	.asciz	"list"                          @ string offset=441
.Linfo_string36:
	.asciz	"next"                          @ string offset=446
.Linfo_string37:
	.asciz	"prev"                          @ string offset=451
.Linfo_string38:
	.asciz	"rt_list_node"                  @ string offset=456
.Linfo_string39:
	.asciz	"rt_list_t"                     @ string offset=469
.Linfo_string40:
	.asciz	"rt_object"                     @ string offset=479
.Linfo_string41:
	.asciz	"suspend_thread"                @ string offset=489
.Linfo_string42:
	.asciz	"rt_ipc_object"                 @ string offset=504
.Linfo_string43:
	.asciz	"value"                         @ string offset=518
.Linfo_string44:
	.asciz	"unsigned short"                @ string offset=524
.Linfo_string45:
	.asciz	"rt_uint16_t"                   @ string offset=539
.Linfo_string46:
	.asciz	"reserved"                      @ string offset=551
.Linfo_string47:
	.asciz	"rt_semaphore"                  @ string offset=560
.Linfo_string48:
	.asciz	"rt_sem_t"                      @ string offset=573
.Linfo_string49:
	.asciz	"sys_sem_t"                     @ string offset=582
.Linfo_string50:
	.asciz	"err"                           @ string offset=592
.Linfo_string51:
	.asciz	"int8_t"                        @ string offset=596
.Linfo_string52:
	.asciz	"s8_t"                          @ string offset=603
.Linfo_string53:
	.asciz	"err_t"                         @ string offset=608
	.ident	"Component: ARM Compiler 6.16 Tool: armclang [5dfeb700]"
	.section	".note.GNU-stack","",%progbits
	.eabi_attribute	30, 6	@ Tag_ABI_optimization_goals
	.ARM_attribute	16, 1	@ Tag_AV_eba
	.section	.debug_line,"",%progbits
.Lline_table_start0:
