	.text
	.syntax unified
	.eabi_attribute	67, "2.09"	@ Tag_conformance
	.cpu	cortex-m7
	.eabi_attribute	6, 13	@ Tag_CPU_arch
	.eabi_attribute	7, 77	@ Tag_CPU_arch_profile
	.eabi_attribute	8, 0	@ Tag_ARM_ISA_use
	.eabi_attribute	9, 2	@ Tag_THUMB_ISA_use
	.fpu	fpv5-d16
	.eabi_attribute	36, 1	@ Tag_FP_HP_extension
	.eabi_attribute	34, 1	@ Tag_CPU_unaligned_access
	.eabi_attribute	17, 1	@ Tag_ABI_PCS_GOT_use
	.eabi_attribute	20, 2	@ Tag_ABI_FP_denormal
	.eabi_attribute	21, 0	@ Tag_ABI_FP_exceptions
	.eabi_attribute	23, 1	@ Tag_ABI_FP_number_model
	.eabi_attribute	24, 1	@ Tag_ABI_align_needed
	.eabi_attribute	25, 1	@ Tag_ABI_align_preserved
	.eabi_attribute	28, 1	@ Tag_ABI_VFP_args
	.eabi_attribute	38, 1	@ Tag_ABI_FP_16bit_format
	.eabi_attribute	18, 2	@ Tag_ABI_PCS_wchar_t
	.eabi_attribute	26, 1	@ Tag_ABI_enum_size
	.eabi_attribute	14, 0	@ Tag_ABI_PCS_R9_use
	.file	"umqtt_transport.c"
	.file	1 "E:\\STM32\\Learning\\STM32H750_ART_PI_RGBLCD" "./packages/umqtt-latest/inc\\umqtt.h"
	.section	.text.umqtt_trans_connect,"ax",%progbits
	.hidden	umqtt_trans_connect             @ -- Begin function umqtt_trans_connect
	.globl	umqtt_trans_connect
	.p2align	3
	.type	umqtt_trans_connect,%function
	.code	16                              @ @umqtt_trans_connect
	.thumb_func
umqtt_trans_connect:
.Lfunc_begin0:
	.file	2 "E:\\STM32\\Learning\\STM32H750_ART_PI_RGBLCD" "packages/umqtt-latest/src/trans/umqtt_transport.c"
	.loc	2 178 0                         @ packages/umqtt-latest/src/trans/umqtt_transport.c:178:0
	.fnstart
	.cfi_sections .debug_frame
	.cfi_startproc
@ %bb.0:
	.save	{r7, lr}
	push	{r7, lr}
	.cfi_def_cfa_offset 8
	.cfi_offset lr, -4
	.cfi_offset r7, -8
	.pad	#16
	sub	sp, #16
	.cfi_def_cfa_offset 24
	str	r0, [sp, #12]
	str	r1, [sp, #8]
	movs	r0, #0
.Ltmp0:
	.loc	2 179 9 prologue_end            @ packages/umqtt-latest/src/trans/umqtt_transport.c:179:9
	str	r0, [sp, #4]
	.loc	2 180 22                        @ packages/umqtt-latest/src/trans/umqtt_transport.c:180:22
	str	r0, [sp]
	.loc	2 182 6                         @ packages/umqtt-latest/src/trans/umqtt_transport.c:182:6
	ldr	r1, [sp, #8]
	mov.w	r0, #-1
	.loc	2 182 11 is_stmt 0              @ packages/umqtt-latest/src/trans/umqtt_transport.c:182:11
	str	r0, [r1]
	.loc	2 183 30 is_stmt 1              @ packages/umqtt-latest/src/trans/umqtt_transport.c:183:30
	ldr	r0, [sp, #12]
	mov	r1, sp
	.loc	2 183 12 is_stmt 0              @ packages/umqtt-latest/src/trans/umqtt_transport.c:183:12
	bl	umqtt_resolve_uri
	.loc	2 183 10                        @ packages/umqtt-latest/src/trans/umqtt_transport.c:183:10
	str	r0, [sp, #4]
.Ltmp1:
	.loc	2 184 10 is_stmt 1              @ packages/umqtt-latest/src/trans/umqtt_transport.c:184:10
	ldr	r0, [sp, #4]
	.loc	2 184 20 is_stmt 0              @ packages/umqtt-latest/src/trans/umqtt_transport.c:184:20
	cmp	r0, #0
	bmi	.LBB0_2
	b	.LBB0_1
.LBB0_1:
	.loc	2 184 24                        @ packages/umqtt-latest/src/trans/umqtt_transport.c:184:24
	ldr	r0, [sp]
.Ltmp2:
	.loc	2 184 9                         @ packages/umqtt-latest/src/trans/umqtt_transport.c:184:9
	cbnz	r0, .LBB0_5
	b	.LBB0_2
.LBB0_2:
.Ltmp3:
	.loc	2 186 9 is_stmt 1               @ packages/umqtt-latest/src/trans/umqtt_transport.c:186:9
	b	.LBB0_3
.LBB0_3:
.Ltmp4:
	.loc	2 186 9 is_stmt 0               @ packages/umqtt-latest/src/trans/umqtt_transport.c:186:9
	movw	r0, :lower16:.L.str
	movt	r0, :upper16:.L.str
	bl	rt_kprintf
	movw	r0, :lower16:.L.str.1
	movt	r0, :upper16:.L.str.1
	bl	rt_kprintf
	movw	r0, :lower16:.L.str.2
	movt	r0, :upper16:.L.str.2
	bl	rt_kprintf
	b	.LBB0_4
.Ltmp5:
.LBB0_4:
	.loc	2 0 9                           @ packages/umqtt-latest/src/trans/umqtt_transport.c:0:9
	mov.w	r0, #-1
	.loc	2 187 14 is_stmt 1              @ packages/umqtt-latest/src/trans/umqtt_transport.c:187:14
	str	r0, [sp, #4]
	.loc	2 188 9                         @ packages/umqtt-latest/src/trans/umqtt_transport.c:188:9
	b	.LBB0_18
.Ltmp6:
.LBB0_5:
	.loc	2 191 18                        @ packages/umqtt-latest/src/trans/umqtt_transport.c:191:18
	ldr	r0, [sp]
	ldr	r0, [r0, #4]
	movs	r1, #1
	movs	r2, #0
	bl	sal_socket
	.loc	2 191 11 is_stmt 0              @ packages/umqtt-latest/src/trans/umqtt_transport.c:191:11
	ldr	r1, [sp, #8]
	.loc	2 191 16                        @ packages/umqtt-latest/src/trans/umqtt_transport.c:191:16
	str	r0, [r1]
.Ltmp7:
	.loc	2 191 9                         @ packages/umqtt-latest/src/trans/umqtt_transport.c:191:9
	cmp.w	r0, #-1
	bgt	.LBB0_9
	b	.LBB0_6
.LBB0_6:
.Ltmp8:
	.loc	2 193 9 is_stmt 1               @ packages/umqtt-latest/src/trans/umqtt_transport.c:193:9
	b	.LBB0_7
.LBB0_7:
.Ltmp9:
	.loc	2 193 9 is_stmt 0               @ packages/umqtt-latest/src/trans/umqtt_transport.c:193:9
	movw	r0, :lower16:.L.str
	movt	r0, :upper16:.L.str
	bl	rt_kprintf
	movw	r0, :lower16:.L.str.3
	movt	r0, :upper16:.L.str.3
	bl	rt_kprintf
	movw	r0, :lower16:.L.str.2
	movt	r0, :upper16:.L.str.2
	bl	rt_kprintf
	b	.LBB0_8
.Ltmp10:
.LBB0_8:
	.loc	2 0 9                           @ packages/umqtt-latest/src/trans/umqtt_transport.c:0:9
	mov.w	r0, #-1
	.loc	2 194 14 is_stmt 1              @ packages/umqtt-latest/src/trans/umqtt_transport.c:194:14
	str	r0, [sp, #4]
	.loc	2 195 9                         @ packages/umqtt-latest/src/trans/umqtt_transport.c:195:9
	b	.LBB0_18
.Ltmp11:
.LBB0_9:
	.loc	2 198 12                        @ packages/umqtt-latest/src/trans/umqtt_transport.c:198:12
	ldr	r0, [sp, #8]
	ldr	r0, [r0]
	movw	r1, #26238
	movt	r1, #16388
	movs	r2, #0
	bl	sal_ioctlsocket
	.loc	2 198 10 is_stmt 0              @ packages/umqtt-latest/src/trans/umqtt_transport.c:198:10
	str	r0, [sp, #4]
.Ltmp12:
	.loc	2 199 9 is_stmt 1               @ packages/umqtt-latest/src/trans/umqtt_transport.c:199:9
	ldr	r0, [sp, #4]
.Ltmp13:
	.loc	2 199 9 is_stmt 0               @ packages/umqtt-latest/src/trans/umqtt_transport.c:199:9
	cmp.w	r0, #-1
	bgt	.LBB0_13
	b	.LBB0_10
.LBB0_10:
.Ltmp14:
	.loc	2 201 9 is_stmt 1               @ packages/umqtt-latest/src/trans/umqtt_transport.c:201:9
	b	.LBB0_11
.LBB0_11:
.Ltmp15:
	.loc	2 201 9 is_stmt 0               @ packages/umqtt-latest/src/trans/umqtt_transport.c:201:9
	movw	r0, :lower16:.L.str
	movt	r0, :upper16:.L.str
	bl	rt_kprintf
	movw	r0, :lower16:.L.str.4
	movt	r0, :upper16:.L.str.4
	bl	rt_kprintf
	movw	r0, :lower16:.L.str.2
	movt	r0, :upper16:.L.str.2
	bl	rt_kprintf
	b	.LBB0_12
.Ltmp16:
.LBB0_12:
	.loc	2 0 9                           @ packages/umqtt-latest/src/trans/umqtt_transport.c:0:9
	mov.w	r0, #-1
	.loc	2 202 14 is_stmt 1              @ packages/umqtt-latest/src/trans/umqtt_transport.c:202:14
	str	r0, [sp, #4]
	.loc	2 203 9                         @ packages/umqtt-latest/src/trans/umqtt_transport.c:203:9
	b	.LBB0_18
.Ltmp17:
.LBB0_13:
	.loc	2 206 17                        @ packages/umqtt-latest/src/trans/umqtt_transport.c:206:17
	ldr	r0, [sp, #8]
	ldr	r0, [r0]
	ldr	r1, [sp]
	ldr	r2, [r1, #16]
	ldr	r1, [r1, #20]
	bl	sal_connect
	.loc	2 206 15 is_stmt 0              @ packages/umqtt-latest/src/trans/umqtt_transport.c:206:15
	str	r0, [sp, #4]
.Ltmp18:
	.loc	2 206 9                         @ packages/umqtt-latest/src/trans/umqtt_transport.c:206:9
	cmp.w	r0, #-1
	bgt	.LBB0_17
	b	.LBB0_14
.LBB0_14:
.Ltmp19:
	.loc	2 208 9 is_stmt 1               @ packages/umqtt-latest/src/trans/umqtt_transport.c:208:9
	b	.LBB0_15
.LBB0_15:
.Ltmp20:
	.loc	2 208 9 is_stmt 0               @ packages/umqtt-latest/src/trans/umqtt_transport.c:208:9
	movw	r0, :lower16:.L.str
	movt	r0, :upper16:.L.str
	bl	rt_kprintf
	movw	r0, :lower16:.L.str.5
	movt	r0, :upper16:.L.str.5
	bl	rt_kprintf
	movw	r0, :lower16:.L.str.2
	movt	r0, :upper16:.L.str.2
	bl	rt_kprintf
	b	.LBB0_16
.Ltmp21:
.LBB0_16:
	.loc	2 209 9 is_stmt 1               @ packages/umqtt-latest/src/trans/umqtt_transport.c:209:9
	ldr	r0, [sp, #8]
	ldr	r0, [r0]
	bl	sal_closesocket
	.loc	2 210 10                        @ packages/umqtt-latest/src/trans/umqtt_transport.c:210:10
	ldr	r1, [sp, #8]
	mov.w	r0, #-1
	.loc	2 210 15 is_stmt 0              @ packages/umqtt-latest/src/trans/umqtt_transport.c:210:15
	str	r0, [r1]
	.loc	2 211 14 is_stmt 1              @ packages/umqtt-latest/src/trans/umqtt_transport.c:211:14
	str	r0, [sp, #4]
	.loc	2 212 9                         @ packages/umqtt-latest/src/trans/umqtt_transport.c:212:9
	b	.LBB0_18
.Ltmp22:
.LBB0_17:
	.loc	2 206 76                        @ packages/umqtt-latest/src/trans/umqtt_transport.c:206:76
	b	.LBB0_18
.Ltmp23:
.LBB0_18:
	@DEBUG_LABEL: umqtt_trans_connect:exit
	.loc	2 216 9                         @ packages/umqtt-latest/src/trans/umqtt_transport.c:216:9
	ldr	r0, [sp]
.Ltmp24:
	.loc	2 216 9 is_stmt 0               @ packages/umqtt-latest/src/trans/umqtt_transport.c:216:9
	cbz	r0, .LBB0_20
	b	.LBB0_19
.LBB0_19:
.Ltmp25:
	.loc	2 217 22 is_stmt 1              @ packages/umqtt-latest/src/trans/umqtt_transport.c:217:22
	ldr	r0, [sp]
	.loc	2 217 9 is_stmt 0               @ packages/umqtt-latest/src/trans/umqtt_transport.c:217:9
	bl	freeaddrinfo
	movs	r0, #0
	.loc	2 218 18 is_stmt 1              @ packages/umqtt-latest/src/trans/umqtt_transport.c:218:18
	str	r0, [sp]
	.loc	2 219 5                         @ packages/umqtt-latest/src/trans/umqtt_transport.c:219:5
	b	.LBB0_20
.Ltmp26:
.LBB0_20:
	.loc	2 220 12                        @ packages/umqtt-latest/src/trans/umqtt_transport.c:220:12
	ldr	r0, [sp, #4]
	.loc	2 220 5 is_stmt 0               @ packages/umqtt-latest/src/trans/umqtt_transport.c:220:5
	add	sp, #16
	pop	{r7, pc}
.Ltmp27:
.Lfunc_end0:
	.size	umqtt_trans_connect, .Lfunc_end0-umqtt_trans_connect
	.cfi_endproc
	.cantunwind
	.fnend
                                        @ -- End function
	.section	.text.umqtt_resolve_uri,"ax",%progbits
	.p2align	3                               @ -- Begin function umqtt_resolve_uri
	.type	umqtt_resolve_uri,%function
	.code	16                              @ @umqtt_resolve_uri
	.thumb_func
umqtt_resolve_uri:
.Lfunc_begin1:
	.loc	2 54 0 is_stmt 1                @ packages/umqtt-latest/src/trans/umqtt_transport.c:54:0
	.fnstart
	.cfi_startproc
@ %bb.0:
	.save	{r7, lr}
	push	{r7, lr}
	.cfi_def_cfa_offset 8
	.cfi_offset lr, -4
	.cfi_offset r7, -8
	.pad	#104
	sub	sp, #104
	.cfi_def_cfa_offset 112
	str	r0, [sp, #100]
	str	r1, [sp, #96]
	movs	r0, #0
.Ltmp28:
	.loc	2 55 9 prologue_end             @ packages/umqtt-latest/src/trans/umqtt_transport.c:55:9
	str	r0, [sp, #16]                   @ 4-byte Spill
	str	r0, [sp, #92]
	.loc	2 56 9                          @ packages/umqtt-latest/src/trans/umqtt_transport.c:56:9
	str	r0, [sp, #88]
	.loc	2 56 22 is_stmt 0               @ packages/umqtt-latest/src/trans/umqtt_transport.c:56:22
	str	r0, [sp, #84]
	.loc	2 56 41                         @ packages/umqtt-latest/src/trans/umqtt_transport.c:56:41
	str	r0, [sp, #80]
	.loc	2 58 10 is_stmt 1               @ packages/umqtt-latest/src/trans/umqtt_transport.c:58:10
	strh.w	r0, [sp, #72]
	str	r0, [sp, #68]
	.loc	2 63 17                         @ packages/umqtt-latest/src/trans/umqtt_transport.c:63:17
	str	r0, [sp, #28]
	.loc	2 64 11                         @ packages/umqtt-latest/src/trans/umqtt_transport.c:64:11
	str	r0, [sp, #24]
	.loc	2 65 23                         @ packages/umqtt-latest/src/trans/umqtt_transport.c:65:23
	ldr	r0, [sp, #100]
	.loc	2 65 17 is_stmt 0               @ packages/umqtt-latest/src/trans/umqtt_transport.c:65:17
	str	r0, [sp, #20]
	.loc	2 66 22 is_stmt 1               @ packages/umqtt-latest/src/trans/umqtt_transport.c:66:22
	ldr	r0, [sp, #20]
	.loc	2 66 15 is_stmt 0               @ packages/umqtt-latest/src/trans/umqtt_transport.c:66:15
	bl	strlen
	.loc	2 66 13                         @ packages/umqtt-latest/src/trans/umqtt_transport.c:66:13
	str	r0, [sp, #88]
.Ltmp29:
	.loc	2 69 17 is_stmt 1               @ packages/umqtt-latest/src/trans/umqtt_transport.c:69:17
	ldr	r0, [sp, #20]
	.loc	2 69 9 is_stmt 0                @ packages/umqtt-latest/src/trans/umqtt_transport.c:69:9
	movw	r1, :lower16:.L.str.6
	movt	r1, :upper16:.L.str.6
	movs	r2, #6
	bl	strncmp
.Ltmp30:
	.loc	2 69 9                          @ packages/umqtt-latest/src/trans/umqtt_transport.c:69:9
	cbnz	r0, .LBB1_2
	b	.LBB1_1
.LBB1_1:
.Ltmp31:
	.loc	2 71 21 is_stmt 1               @ packages/umqtt-latest/src/trans/umqtt_transport.c:71:21
	ldr	r0, [sp, #20]
	.loc	2 71 25 is_stmt 0               @ packages/umqtt-latest/src/trans/umqtt_transport.c:71:25
	adds	r0, #6
	.loc	2 71 19                         @ packages/umqtt-latest/src/trans/umqtt_transport.c:71:19
	str	r0, [sp, #28]
	.loc	2 72 5 is_stmt 1                @ packages/umqtt-latest/src/trans/umqtt_transport.c:72:5
	b	.LBB1_6
.Ltmp32:
.LBB1_2:
	.loc	2 73 22                         @ packages/umqtt-latest/src/trans/umqtt_transport.c:73:22
	ldr	r0, [sp, #20]
	.loc	2 73 14 is_stmt 0               @ packages/umqtt-latest/src/trans/umqtt_transport.c:73:14
	movw	r1, :lower16:.L.str.7
	movt	r1, :upper16:.L.str.7
	movs	r2, #6
	bl	strncmp
.Ltmp33:
	.loc	2 73 14                         @ packages/umqtt-latest/src/trans/umqtt_transport.c:73:14
	cbnz	r0, .LBB1_4
	b	.LBB1_3
.LBB1_3:
.Ltmp34:
	.loc	2 75 21 is_stmt 1               @ packages/umqtt-latest/src/trans/umqtt_transport.c:75:21
	ldr	r0, [sp, #20]
	.loc	2 75 25 is_stmt 0               @ packages/umqtt-latest/src/trans/umqtt_transport.c:75:25
	adds	r0, #6
	.loc	2 75 19                         @ packages/umqtt-latest/src/trans/umqtt_transport.c:75:19
	str	r0, [sp, #28]
	.loc	2 77 5 is_stmt 1                @ packages/umqtt-latest/src/trans/umqtt_transport.c:77:5
	b	.LBB1_5
.Ltmp35:
.LBB1_4:
	.loc	2 0 5 is_stmt 0                 @ packages/umqtt-latest/src/trans/umqtt_transport.c:0:5
	mvn	r0, #7
.Ltmp36:
	.loc	2 80 12 is_stmt 1               @ packages/umqtt-latest/src/trans/umqtt_transport.c:80:12
	str	r0, [sp, #92]
	.loc	2 81 9                          @ packages/umqtt-latest/src/trans/umqtt_transport.c:81:9
	b	.LBB1_32
.Ltmp37:
.LBB1_5:
	.loc	2 0 9 is_stmt 0                 @ packages/umqtt-latest/src/trans/umqtt_transport.c:0:9
	b	.LBB1_6
.LBB1_6:
.Ltmp38:
	.loc	2 84 9 is_stmt 1                @ packages/umqtt-latest/src/trans/umqtt_transport.c:84:9
	ldr	r0, [sp, #28]
	ldrsb.w	r0, [r0]
.Ltmp39:
	.loc	2 84 9 is_stmt 0                @ packages/umqtt-latest/src/trans/umqtt_transport.c:84:9
	cmp	r0, #91
	bne	.LBB1_16
	b	.LBB1_7
.LBB1_7:
.Ltmp40:
	.loc	2 86 19 is_stmt 1               @ packages/umqtt-latest/src/trans/umqtt_transport.c:86:19
	ldr	r0, [sp, #28]
	adds	r0, #1
	str	r0, [sp, #28]
	.loc	2 87 22                         @ packages/umqtt-latest/src/trans/umqtt_transport.c:87:22
	ldr	r0, [sp, #28]
	.loc	2 87 15 is_stmt 0               @ packages/umqtt-latest/src/trans/umqtt_transport.c:87:15
	movw	r1, :lower16:.L.str.8
	movt	r1, :upper16:.L.str.8
	bl	strstr
	.loc	2 87 13                         @ packages/umqtt-latest/src/trans/umqtt_transport.c:87:13
	str	r0, [sp, #76]
.Ltmp41:
	.loc	2 88 14 is_stmt 1               @ packages/umqtt-latest/src/trans/umqtt_transport.c:88:14
	ldr	r0, [sp, #76]
.Ltmp42:
	.loc	2 88 13 is_stmt 0               @ packages/umqtt-latest/src/trans/umqtt_transport.c:88:13
	cbnz	r0, .LBB1_9
	b	.LBB1_8
.LBB1_8:
	.loc	2 0 13                          @ packages/umqtt-latest/src/trans/umqtt_transport.c:0:13
	mvn	r0, #7
.Ltmp43:
	.loc	2 89 16 is_stmt 1               @ packages/umqtt-latest/src/trans/umqtt_transport.c:89:16
	str	r0, [sp, #92]
	.loc	2 90 13                         @ packages/umqtt-latest/src/trans/umqtt_transport.c:90:13
	b	.LBB1_32
.Ltmp44:
.LBB1_9:
	.loc	2 92 25                         @ packages/umqtt-latest/src/trans/umqtt_transport.c:92:25
	ldr	r0, [sp, #76]
	.loc	2 92 31 is_stmt 0               @ packages/umqtt-latest/src/trans/umqtt_transport.c:92:31
	ldr	r1, [sp, #28]
	.loc	2 92 29                         @ packages/umqtt-latest/src/trans/umqtt_transport.c:92:29
	subs	r0, r0, r1
	.loc	2 92 23                         @ packages/umqtt-latest/src/trans/umqtt_transport.c:92:23
	str	r0, [sp, #84]
.Ltmp45:
	.loc	2 93 14 is_stmt 1               @ packages/umqtt-latest/src/trans/umqtt_transport.c:93:14
	ldr	r0, [sp, #84]
	.loc	2 93 33 is_stmt 0               @ packages/umqtt-latest/src/trans/umqtt_transport.c:93:33
	cmp	r0, #1
	blt	.LBB1_11
	b	.LBB1_10
.LBB1_10:
	.loc	2 93 37                         @ packages/umqtt-latest/src/trans/umqtt_transport.c:93:37
	ldr	r0, [sp, #84]
	.loc	2 93 53                         @ packages/umqtt-latest/src/trans/umqtt_transport.c:93:53
	ldr	r1, [sp, #88]
.Ltmp46:
	.loc	2 93 13                         @ packages/umqtt-latest/src/trans/umqtt_transport.c:93:13
	cmp	r0, r1
	ble	.LBB1_12
	b	.LBB1_11
.LBB1_11:
	.loc	2 0 13                          @ packages/umqtt-latest/src/trans/umqtt_transport.c:0:13
	mvn	r0, #7
.Ltmp47:
	.loc	2 94 16 is_stmt 1               @ packages/umqtt-latest/src/trans/umqtt_transport.c:94:16
	str	r0, [sp, #92]
	.loc	2 95 13                         @ packages/umqtt-latest/src/trans/umqtt_transport.c:95:13
	b	.LBB1_32
.Ltmp48:
.LBB1_12:
	.loc	2 98 20                         @ packages/umqtt-latest/src/trans/umqtt_transport.c:98:20
	ldr	r0, [sp, #88]
	.loc	2 98 34 is_stmt 0               @ packages/umqtt-latest/src/trans/umqtt_transport.c:98:34
	ldr	r1, [sp, #84]
	.loc	2 98 32                         @ packages/umqtt-latest/src/trans/umqtt_transport.c:98:32
	subs	r0, r0, r1
	.loc	2 98 48                         @ packages/umqtt-latest/src/trans/umqtt_transport.c:98:48
	subs	r0, #9
	.loc	2 98 18                         @ packages/umqtt-latest/src/trans/umqtt_transport.c:98:18
	str	r0, [sp, #80]
.Ltmp49:
	.loc	2 99 14 is_stmt 1               @ packages/umqtt-latest/src/trans/umqtt_transport.c:99:14
	ldr	r0, [sp, #80]
	.loc	2 99 29 is_stmt 0               @ packages/umqtt-latest/src/trans/umqtt_transport.c:99:29
	cmp	r0, #5
	bgt	.LBB1_14
	b	.LBB1_13
.LBB1_13:
	.loc	2 99 33                         @ packages/umqtt-latest/src/trans/umqtt_transport.c:99:33
	ldr	r0, [sp, #80]
.Ltmp50:
	.loc	2 99 13                         @ packages/umqtt-latest/src/trans/umqtt_transport.c:99:13
	cmp	r0, #0
	bgt	.LBB1_15
	b	.LBB1_14
.LBB1_14:
	.loc	2 0 13                          @ packages/umqtt-latest/src/trans/umqtt_transport.c:0:13
	mvn	r0, #7
.Ltmp51:
	.loc	2 100 16 is_stmt 1              @ packages/umqtt-latest/src/trans/umqtt_transport.c:100:16
	str	r0, [sp, #92]
	.loc	2 101 13                        @ packages/umqtt-latest/src/trans/umqtt_transport.c:101:13
	b	.LBB1_32
.Ltmp52:
.LBB1_15:
	.loc	2 104 27                        @ packages/umqtt-latest/src/trans/umqtt_transport.c:104:27
	ldr	r0, [sp, #28]
	.loc	2 104 39 is_stmt 0              @ packages/umqtt-latest/src/trans/umqtt_transport.c:104:39
	ldr	r1, [sp, #84]
	.loc	2 104 37                        @ packages/umqtt-latest/src/trans/umqtt_transport.c:104:37
	add	r0, r1
	.loc	2 104 53                        @ packages/umqtt-latest/src/trans/umqtt_transport.c:104:53
	adds	r1, r0, #2
	.loc	2 104 58                        @ packages/umqtt-latest/src/trans/umqtt_transport.c:104:58
	ldr	r2, [sp, #80]
	add	r0, sp, #68
	.loc	2 104 9                         @ packages/umqtt-latest/src/trans/umqtt_transport.c:104:9
	str	r0, [sp, #12]                   @ 4-byte Spill
	bl	strncpy
	ldr	r1, [sp, #12]                   @ 4-byte Reload
	.loc	2 105 18 is_stmt 1              @ packages/umqtt-latest/src/trans/umqtt_transport.c:105:18
	ldr	r2, [sp, #80]
	movs	r0, #0
	.loc	2 105 28 is_stmt 0              @ packages/umqtt-latest/src/trans/umqtt_transport.c:105:28
	strb	r0, [r1, r2]
	.loc	2 107 5 is_stmt 1               @ packages/umqtt-latest/src/trans/umqtt_transport.c:107:5
	b	.LBB1_25
.Ltmp53:
.LBB1_16:
	.loc	2 110 22                        @ packages/umqtt-latest/src/trans/umqtt_transport.c:110:22
	ldr	r0, [sp, #28]
	.loc	2 110 15 is_stmt 0              @ packages/umqtt-latest/src/trans/umqtt_transport.c:110:15
	movw	r1, :lower16:.L.str.9
	movt	r1, :upper16:.L.str.9
	bl	strstr
	.loc	2 110 13                        @ packages/umqtt-latest/src/trans/umqtt_transport.c:110:13
	str	r0, [sp, #76]
.Ltmp54:
	.loc	2 111 14 is_stmt 1              @ packages/umqtt-latest/src/trans/umqtt_transport.c:111:14
	ldr	r0, [sp, #76]
.Ltmp55:
	.loc	2 111 13 is_stmt 0              @ packages/umqtt-latest/src/trans/umqtt_transport.c:111:13
	cbnz	r0, .LBB1_18
	b	.LBB1_17
.LBB1_17:
	.loc	2 0 13                          @ packages/umqtt-latest/src/trans/umqtt_transport.c:0:13
	mvn	r0, #7
.Ltmp56:
	.loc	2 113 16 is_stmt 1              @ packages/umqtt-latest/src/trans/umqtt_transport.c:113:16
	str	r0, [sp, #92]
	.loc	2 114 13                        @ packages/umqtt-latest/src/trans/umqtt_transport.c:114:13
	b	.LBB1_32
.Ltmp57:
.LBB1_18:
	.loc	2 116 25                        @ packages/umqtt-latest/src/trans/umqtt_transport.c:116:25
	ldr	r0, [sp, #76]
	.loc	2 116 31 is_stmt 0              @ packages/umqtt-latest/src/trans/umqtt_transport.c:116:31
	ldr	r1, [sp, #28]
	.loc	2 116 29                        @ packages/umqtt-latest/src/trans/umqtt_transport.c:116:29
	subs	r0, r0, r1
	.loc	2 116 23                        @ packages/umqtt-latest/src/trans/umqtt_transport.c:116:23
	str	r0, [sp, #84]
.Ltmp58:
	.loc	2 117 14 is_stmt 1              @ packages/umqtt-latest/src/trans/umqtt_transport.c:117:14
	ldr	r0, [sp, #84]
	.loc	2 117 33 is_stmt 0              @ packages/umqtt-latest/src/trans/umqtt_transport.c:117:33
	cmp	r0, #1
	blt	.LBB1_20
	b	.LBB1_19
.LBB1_19:
	.loc	2 117 37                        @ packages/umqtt-latest/src/trans/umqtt_transport.c:117:37
	ldr	r0, [sp, #84]
	.loc	2 117 53                        @ packages/umqtt-latest/src/trans/umqtt_transport.c:117:53
	ldr	r1, [sp, #88]
.Ltmp59:
	.loc	2 117 13                        @ packages/umqtt-latest/src/trans/umqtt_transport.c:117:13
	cmp	r0, r1
	ble	.LBB1_21
	b	.LBB1_20
.LBB1_20:
	.loc	2 0 13                          @ packages/umqtt-latest/src/trans/umqtt_transport.c:0:13
	mvn	r0, #7
.Ltmp60:
	.loc	2 119 16 is_stmt 1              @ packages/umqtt-latest/src/trans/umqtt_transport.c:119:16
	str	r0, [sp, #92]
	.loc	2 120 13                        @ packages/umqtt-latest/src/trans/umqtt_transport.c:120:13
	b	.LBB1_32
.Ltmp61:
.LBB1_21:
	.loc	2 122 20                        @ packages/umqtt-latest/src/trans/umqtt_transport.c:122:20
	ldr	r0, [sp, #88]
	.loc	2 122 34 is_stmt 0              @ packages/umqtt-latest/src/trans/umqtt_transport.c:122:34
	ldr	r1, [sp, #84]
	.loc	2 122 48                        @ packages/umqtt-latest/src/trans/umqtt_transport.c:122:48
	mvns	r1, r1
	add	r0, r1
	subs	r0, #6
	.loc	2 122 18                        @ packages/umqtt-latest/src/trans/umqtt_transport.c:122:18
	str	r0, [sp, #80]
.Ltmp62:
	.loc	2 123 14 is_stmt 1              @ packages/umqtt-latest/src/trans/umqtt_transport.c:123:14
	ldr	r0, [sp, #80]
	.loc	2 123 29 is_stmt 0              @ packages/umqtt-latest/src/trans/umqtt_transport.c:123:29
	cmp	r0, #5
	bgt	.LBB1_23
	b	.LBB1_22
.LBB1_22:
	.loc	2 123 33                        @ packages/umqtt-latest/src/trans/umqtt_transport.c:123:33
	ldr	r0, [sp, #80]
.Ltmp63:
	.loc	2 123 13                        @ packages/umqtt-latest/src/trans/umqtt_transport.c:123:13
	cmp	r0, #0
	bgt	.LBB1_24
	b	.LBB1_23
.LBB1_23:
	.loc	2 0 13                          @ packages/umqtt-latest/src/trans/umqtt_transport.c:0:13
	mvn	r0, #7
.Ltmp64:
	.loc	2 125 16 is_stmt 1              @ packages/umqtt-latest/src/trans/umqtt_transport.c:125:16
	str	r0, [sp, #92]
	.loc	2 126 13                        @ packages/umqtt-latest/src/trans/umqtt_transport.c:126:13
	b	.LBB1_32
.Ltmp65:
.LBB1_24:
	.loc	2 129 27                        @ packages/umqtt-latest/src/trans/umqtt_transport.c:129:27
	ldr	r0, [sp, #28]
	.loc	2 129 39 is_stmt 0              @ packages/umqtt-latest/src/trans/umqtt_transport.c:129:39
	ldr	r1, [sp, #84]
	.loc	2 129 37                        @ packages/umqtt-latest/src/trans/umqtt_transport.c:129:37
	add	r0, r1
	.loc	2 129 53                        @ packages/umqtt-latest/src/trans/umqtt_transport.c:129:53
	adds	r1, r0, #1
	.loc	2 129 58                        @ packages/umqtt-latest/src/trans/umqtt_transport.c:129:58
	ldr	r2, [sp, #80]
	add	r0, sp, #68
	.loc	2 129 9                         @ packages/umqtt-latest/src/trans/umqtt_transport.c:129:9
	str	r0, [sp, #8]                    @ 4-byte Spill
	bl	strncpy
	ldr	r1, [sp, #8]                    @ 4-byte Reload
	.loc	2 130 18 is_stmt 1              @ packages/umqtt-latest/src/trans/umqtt_transport.c:130:18
	ldr	r2, [sp, #80]
	movs	r0, #0
	.loc	2 130 28 is_stmt 0              @ packages/umqtt-latest/src/trans/umqtt_transport.c:130:28
	strb	r0, [r1, r2]
	b	.LBB1_25
.Ltmp66:
.LBB1_25:
	.loc	2 137 35 is_stmt 1              @ packages/umqtt-latest/src/trans/umqtt_transport.c:137:35
	ldr	r0, [sp, #84]
	.loc	2 137 49 is_stmt 0              @ packages/umqtt-latest/src/trans/umqtt_transport.c:137:49
	adds	r0, #1
	.loc	2 137 25                        @ packages/umqtt-latest/src/trans/umqtt_transport.c:137:25
	bl	rt_malloc
	.loc	2 137 23                        @ packages/umqtt-latest/src/trans/umqtt_transport.c:137:23
	str	r0, [sp, #24]
.Ltmp67:
	.loc	2 139 14 is_stmt 1              @ packages/umqtt-latest/src/trans/umqtt_transport.c:139:14
	ldr	r0, [sp, #24]
.Ltmp68:
	.loc	2 139 13 is_stmt 0              @ packages/umqtt-latest/src/trans/umqtt_transport.c:139:13
	cbnz	r0, .LBB1_27
	b	.LBB1_26
.LBB1_26:
	.loc	2 0 13                          @ packages/umqtt-latest/src/trans/umqtt_transport.c:0:13
	mvn	r0, #1
.Ltmp69:
	.loc	2 141 16 is_stmt 1              @ packages/umqtt-latest/src/trans/umqtt_transport.c:141:16
	str	r0, [sp, #92]
	.loc	2 142 13                        @ packages/umqtt-latest/src/trans/umqtt_transport.c:142:13
	b	.LBB1_32
.Ltmp70:
.LBB1_27:
	.loc	2 145 16                        @ packages/umqtt-latest/src/trans/umqtt_transport.c:145:16
	ldr	r0, [sp, #24]
	.loc	2 145 31 is_stmt 0              @ packages/umqtt-latest/src/trans/umqtt_transport.c:145:31
	ldr	r1, [sp, #28]
	.loc	2 145 42                        @ packages/umqtt-latest/src/trans/umqtt_transport.c:145:42
	ldr	r2, [sp, #84]
	.loc	2 145 9                         @ packages/umqtt-latest/src/trans/umqtt_transport.c:145:9
	bl	__aeabi_memcpy
	.loc	2 146 9 is_stmt 1               @ packages/umqtt-latest/src/trans/umqtt_transport.c:146:9
	ldr	r1, [sp, #24]
	.loc	2 146 23 is_stmt 0              @ packages/umqtt-latest/src/trans/umqtt_transport.c:146:23
	ldr	r2, [sp, #84]
	movs	r0, #0
	.loc	2 146 38                        @ packages/umqtt-latest/src/trans/umqtt_transport.c:146:38
	str	r0, [sp, #4]                    @ 4-byte Spill
	strb	r0, [r1, r2]
	.loc	2 148 9 is_stmt 1               @ packages/umqtt-latest/src/trans/umqtt_transport.c:148:9
	str	r0, [sp, #64]
	str	r0, [sp, #60]
	str	r0, [sp, #56]
	str	r0, [sp, #52]
	str	r0, [sp, #48]
	str	r0, [sp, #44]
	str	r0, [sp, #40]
	str	r0, [sp, #36]
	.loc	2 150 27                        @ packages/umqtt-latest/src/trans/umqtt_transport.c:150:27
	ldr	r0, [sp, #24]
	.loc	2 150 59 is_stmt 0              @ packages/umqtt-latest/src/trans/umqtt_transport.c:150:59
	ldr	r3, [sp, #96]
	add	r1, sp, #68
	add	r2, sp, #36
	.loc	2 150 15                        @ packages/umqtt-latest/src/trans/umqtt_transport.c:150:15
	bl	getaddrinfo
	.loc	2 150 13                        @ packages/umqtt-latest/src/trans/umqtt_transport.c:150:13
	str	r0, [sp, #32]
.Ltmp71:
	.loc	2 151 13 is_stmt 1              @ packages/umqtt-latest/src/trans/umqtt_transport.c:151:13
	ldr	r0, [sp, #32]
.Ltmp72:
	.loc	2 151 13 is_stmt 0              @ packages/umqtt-latest/src/trans/umqtt_transport.c:151:13
	cbz	r0, .LBB1_31
	b	.LBB1_28
.LBB1_28:
.Ltmp73:
	.loc	2 153 13 is_stmt 1              @ packages/umqtt-latest/src/trans/umqtt_transport.c:153:13
	b	.LBB1_29
.LBB1_29:
.Ltmp74:
	.loc	2 153 13 is_stmt 0              @ packages/umqtt-latest/src/trans/umqtt_transport.c:153:13
	movw	r0, :lower16:.L.str
	movt	r0, :upper16:.L.str
	bl	rt_kprintf
	ldr	r1, [sp, #32]
	ldr	r2, [sp, #24]
	movw	r0, :lower16:.L.str.10
	movt	r0, :upper16:.L.str.10
	bl	rt_kprintf
	movw	r0, :lower16:.L.str.2
	movt	r0, :upper16:.L.str.2
	bl	rt_kprintf
	b	.LBB1_30
.Ltmp75:
.LBB1_30:
	.loc	2 0 13                          @ packages/umqtt-latest/src/trans/umqtt_transport.c:0:13
	mov.w	r0, #-1
	.loc	2 154 16 is_stmt 1              @ packages/umqtt-latest/src/trans/umqtt_transport.c:154:16
	str	r0, [sp, #92]
	.loc	2 155 13                        @ packages/umqtt-latest/src/trans/umqtt_transport.c:155:13
	b	.LBB1_32
.Ltmp76:
.LBB1_31:
	.loc	2 157 5                         @ packages/umqtt-latest/src/trans/umqtt_transport.c:157:5
	b	.LBB1_32
.Ltmp77:
.LBB1_32:
	@DEBUG_LABEL: umqtt_resolve_uri:exit
	.loc	2 160 9                         @ packages/umqtt-latest/src/trans/umqtt_transport.c:160:9
	ldr	r0, [sp, #24]
.Ltmp78:
	.loc	2 160 9 is_stmt 0               @ packages/umqtt-latest/src/trans/umqtt_transport.c:160:9
	cbz	r0, .LBB1_34
	b	.LBB1_33
.LBB1_33:
.Ltmp79:
	.loc	2 162 17 is_stmt 1              @ packages/umqtt-latest/src/trans/umqtt_transport.c:162:17
	ldr	r0, [sp, #24]
	.loc	2 162 9 is_stmt 0               @ packages/umqtt-latest/src/trans/umqtt_transport.c:162:9
	bl	rt_free
	movs	r0, #0
	.loc	2 163 23 is_stmt 1              @ packages/umqtt-latest/src/trans/umqtt_transport.c:163:23
	str	r0, [sp, #24]
	.loc	2 164 5                         @ packages/umqtt-latest/src/trans/umqtt_transport.c:164:5
	b	.LBB1_34
.Ltmp80:
.LBB1_34:
	.loc	2 165 12                        @ packages/umqtt-latest/src/trans/umqtt_transport.c:165:12
	ldr	r0, [sp, #92]
	.loc	2 165 5 is_stmt 0               @ packages/umqtt-latest/src/trans/umqtt_transport.c:165:5
	add	sp, #104
	pop	{r7, pc}
.Ltmp81:
.Lfunc_end1:
	.size	umqtt_resolve_uri, .Lfunc_end1-umqtt_resolve_uri
	.cfi_endproc
	.cantunwind
	.fnend
                                        @ -- End function
	.section	.text.umqtt_trans_disconnect,"ax",%progbits
	.hidden	umqtt_trans_disconnect          @ -- Begin function umqtt_trans_disconnect
	.globl	umqtt_trans_disconnect
	.p2align	3
	.type	umqtt_trans_disconnect,%function
	.code	16                              @ @umqtt_trans_disconnect
	.thumb_func
umqtt_trans_disconnect:
.Lfunc_begin2:
	.loc	2 232 0 is_stmt 1               @ packages/umqtt-latest/src/trans/umqtt_transport.c:232:0
	.fnstart
	.cfi_startproc
@ %bb.0:
	.save	{r7, lr}
	push	{r7, lr}
	.cfi_def_cfa_offset 8
	.cfi_offset lr, -4
	.cfi_offset r7, -8
	.pad	#16
	sub	sp, #16
	.cfi_def_cfa_offset 24
	str	r0, [sp, #8]
	movs	r0, #0
.Ltmp82:
	.loc	2 233 9 prologue_end            @ packages/umqtt-latest/src/trans/umqtt_transport.c:233:9
	str	r0, [sp, #4]
	.loc	2 234 12                        @ packages/umqtt-latest/src/trans/umqtt_transport.c:234:12
	ldr	r0, [sp, #8]
	bl	sal_closesocket
	.loc	2 234 10 is_stmt 0              @ packages/umqtt-latest/src/trans/umqtt_transport.c:234:10
	str	r0, [sp, #4]
.Ltmp83:
	.loc	2 235 9 is_stmt 1               @ packages/umqtt-latest/src/trans/umqtt_transport.c:235:9
	ldr	r0, [sp, #4]
.Ltmp84:
	.loc	2 235 9 is_stmt 0               @ packages/umqtt-latest/src/trans/umqtt_transport.c:235:9
	cmp.w	r0, #-1
	bgt	.LBB2_2
	b	.LBB2_1
.LBB2_1:
.Ltmp85:
	.loc	2 236 17 is_stmt 1              @ packages/umqtt-latest/src/trans/umqtt_transport.c:236:17
	bl	_rt_errno
	ldr	r0, [r0]
	.loc	2 236 16 is_stmt 0              @ packages/umqtt-latest/src/trans/umqtt_transport.c:236:16
	rsbs	r0, r0, #0
	.loc	2 236 9                         @ packages/umqtt-latest/src/trans/umqtt_transport.c:236:9
	str	r0, [sp, #12]
	b	.LBB2_3
.Ltmp86:
.LBB2_2:
	.loc	2 237 12 is_stmt 1              @ packages/umqtt-latest/src/trans/umqtt_transport.c:237:12
	ldr	r0, [sp, #4]
	.loc	2 237 5 is_stmt 0               @ packages/umqtt-latest/src/trans/umqtt_transport.c:237:5
	str	r0, [sp, #12]
	b	.LBB2_3
.LBB2_3:
	.loc	2 238 1 is_stmt 1               @ packages/umqtt-latest/src/trans/umqtt_transport.c:238:1
	ldr	r0, [sp, #12]
	add	sp, #16
	pop	{r7, pc}
.Ltmp87:
.Lfunc_end2:
	.size	umqtt_trans_disconnect, .Lfunc_end2-umqtt_trans_disconnect
	.cfi_endproc
	.cantunwind
	.fnend
                                        @ -- End function
	.section	.text.umqtt_trans_send,"ax",%progbits
	.hidden	umqtt_trans_send                @ -- Begin function umqtt_trans_send
	.globl	umqtt_trans_send
	.p2align	3
	.type	umqtt_trans_send,%function
	.code	16                              @ @umqtt_trans_send
	.thumb_func
umqtt_trans_send:
.Lfunc_begin3:
	.loc	2 252 0                         @ packages/umqtt-latest/src/trans/umqtt_transport.c:252:0
	.fnstart
	.cfi_startproc
@ %bb.0:
	.save	{r7, lr}
	push	{r7, lr}
	.cfi_def_cfa_offset 8
	.cfi_offset lr, -4
	.cfi_offset r7, -8
	.pad	#40
	sub	sp, #40
	.cfi_def_cfa_offset 48
	str	r0, [sp, #32]
	str	r1, [sp, #28]
	str	r2, [sp, #24]
	str	r3, [sp, #20]
	movs	r0, #0
.Ltmp88:
	.loc	2 253 9 prologue_end            @ packages/umqtt-latest/src/trans/umqtt_transport.c:253:9
	str	r0, [sp, #16]
	.loc	2 254 17                        @ packages/umqtt-latest/src/trans/umqtt_transport.c:254:17
	str	r0, [sp, #12]
	.loc	2 255 5                         @ packages/umqtt-latest/src/trans/umqtt_transport.c:255:5
	b	.LBB3_1
.LBB3_1:                                @ =>This Inner Loop Header: Depth=1
	.loc	2 255 12 is_stmt 0              @ packages/umqtt-latest/src/trans/umqtt_transport.c:255:12
	ldr	r0, [sp, #12]
	.loc	2 255 21                        @ packages/umqtt-latest/src/trans/umqtt_transport.c:255:21
	ldr	r1, [sp, #24]
	.loc	2 255 5                         @ packages/umqtt-latest/src/trans/umqtt_transport.c:255:5
	cmp	r0, r1
	bhs	.LBB3_5
	b	.LBB3_2
.LBB3_2:                                @   in Loop: Header=BB3_1 Depth=1
.Ltmp89:
	.loc	2 257 16 is_stmt 1              @ packages/umqtt-latest/src/trans/umqtt_transport.c:257:16
	ldr	r0, [sp, #32]
	ldr	r1, [sp, #28]
	ldr	r3, [sp, #12]
	add	r1, r3
	ldr	r2, [sp, #24]
	subs	r2, r2, r3
	mov	r12, sp
	movs	r3, #0
	str.w	r3, [r12, #4]
	str.w	r3, [r12]
	bl	sal_sendto
	.loc	2 257 14 is_stmt 0              @ packages/umqtt-latest/src/trans/umqtt_transport.c:257:14
	str	r0, [sp, #16]
.Ltmp90:
	.loc	2 258 13 is_stmt 1              @ packages/umqtt-latest/src/trans/umqtt_transport.c:258:13
	ldr	r0, [sp, #16]
.Ltmp91:
	.loc	2 258 13 is_stmt 0              @ packages/umqtt-latest/src/trans/umqtt_transport.c:258:13
	cmp.w	r0, #-1
	bgt	.LBB3_4
	b	.LBB3_3
.LBB3_3:
.Ltmp92:
	.loc	2 259 21 is_stmt 1              @ packages/umqtt-latest/src/trans/umqtt_transport.c:259:21
	bl	_rt_errno
	ldr	r0, [r0]
	.loc	2 259 20 is_stmt 0              @ packages/umqtt-latest/src/trans/umqtt_transport.c:259:20
	rsbs	r0, r0, #0
	.loc	2 259 13                        @ packages/umqtt-latest/src/trans/umqtt_transport.c:259:13
	str	r0, [sp, #36]
	b	.LBB3_6
.Ltmp93:
.LBB3_4:                                @   in Loop: Header=BB3_1 Depth=1
	.loc	2 260 19 is_stmt 1              @ packages/umqtt-latest/src/trans/umqtt_transport.c:260:19
	ldr	r1, [sp, #16]
	.loc	2 260 16 is_stmt 0              @ packages/umqtt-latest/src/trans/umqtt_transport.c:260:16
	ldr	r0, [sp, #12]
	add	r0, r1
	str	r0, [sp, #12]
.Ltmp94:
	.loc	2 255 5 is_stmt 1               @ packages/umqtt-latest/src/trans/umqtt_transport.c:255:5
	b	.LBB3_1
.LBB3_5:
	.loc	2 263 12                        @ packages/umqtt-latest/src/trans/umqtt_transport.c:263:12
	ldr	r0, [sp, #16]
	.loc	2 263 5 is_stmt 0               @ packages/umqtt-latest/src/trans/umqtt_transport.c:263:5
	str	r0, [sp, #36]
	b	.LBB3_6
.LBB3_6:
	.loc	2 264 1 is_stmt 1               @ packages/umqtt-latest/src/trans/umqtt_transport.c:264:1
	ldr	r0, [sp, #36]
	add	sp, #40
	pop	{r7, pc}
.Ltmp95:
.Lfunc_end3:
	.size	umqtt_trans_send, .Lfunc_end3-umqtt_trans_send
	.cfi_endproc
	.cantunwind
	.fnend
                                        @ -- End function
	.section	.text.umqtt_trans_recv,"ax",%progbits
	.hidden	umqtt_trans_recv                @ -- Begin function umqtt_trans_recv
	.globl	umqtt_trans_recv
	.p2align	3
	.type	umqtt_trans_recv,%function
	.code	16                              @ @umqtt_trans_recv
	.thumb_func
umqtt_trans_recv:
.Lfunc_begin4:
	.loc	2 277 0                         @ packages/umqtt-latest/src/trans/umqtt_transport.c:277:0
	.fnstart
	.cfi_startproc
@ %bb.0:
	.save	{r7, lr}
	push	{r7, lr}
	.cfi_def_cfa_offset 8
	.cfi_offset lr, -4
	.cfi_offset r7, -8
	.pad	#24
	sub	sp, #24
	.cfi_def_cfa_offset 32
	str	r0, [sp, #20]
	str	r1, [sp, #16]
	str	r2, [sp, #12]
.Ltmp96:
	.loc	2 278 12 prologue_end           @ packages/umqtt-latest/src/trans/umqtt_transport.c:278:12
	ldr	r0, [sp, #20]
	ldr	r1, [sp, #16]
	ldr	r2, [sp, #12]
	mov	r12, sp
	movs	r3, #0
	str.w	r3, [r12, #4]
	str.w	r3, [r12]
	bl	sal_recvfrom
	.loc	2 278 5 is_stmt 0               @ packages/umqtt-latest/src/trans/umqtt_transport.c:278:5
	add	sp, #24
	pop	{r7, pc}
.Ltmp97:
.Lfunc_end4:
	.size	umqtt_trans_recv, .Lfunc_end4-umqtt_trans_recv
	.cfi_endproc
	.cantunwind
	.fnend
                                        @ -- End function
	.type	.L.str,%object                  @ @.str
	.section	.rodata.str1.1,"aMS",%progbits,1
.L.str:
	.asciz	"[E/umqtt.transport] "
	.size	.L.str, 21

	.type	.L.str.1,%object                @ @.str.1
.L.str.1:
	.asciz	"resolve uri err"
	.size	.L.str.1, 16

	.type	.L.str.2,%object                @ @.str.2
.L.str.2:
	.asciz	"\n"
	.size	.L.str.2, 2

	.type	.L.str.3,%object                @ @.str.3
.L.str.3:
	.asciz	"create socket error!"
	.size	.L.str.3, 21

	.type	.L.str.4,%object                @ @.str.4
.L.str.4:
	.asciz	" iocontrol socket error!"
	.size	.L.str.4, 25

	.type	.L.str.5,%object                @ @.str.5
.L.str.5:
	.asciz	" connect err!"
	.size	.L.str.5, 14

	.type	.L.str.6,%object                @ @.str.6
.L.str.6:
	.asciz	"tcp://"
	.size	.L.str.6, 7

	.type	.L.str.7,%object                @ @.str.7
.L.str.7:
	.asciz	"ssl://"
	.size	.L.str.7, 7

	.type	.L.str.8,%object                @ @.str.8
.L.str.8:
	.asciz	"]"
	.size	.L.str.8, 2

	.type	.L.str.9,%object                @ @.str.9
.L.str.9:
	.asciz	":"
	.size	.L.str.9, 2

	.type	.L.str.10,%object               @ @.str.10
.L.str.10:
	.asciz	"getaddrinfo err: %d '%s'"
	.size	.L.str.10, 25

	.file	3 "E:\\STM32\\Learning\\STM32H750_ART_PI_RGBLCD" "./rt-thread/components/net/sal_socket/include\\sal_netdb.h"
	.file	4 "D:\\Keil_v5\\ARM\\ARMCLANG\\Bin\\..\\include" "stdint.h"
	.file	5 "E:\\STM32\\Learning\\STM32H750_ART_PI_RGBLCD" "./rt-thread/components/net/sal_socket/include/sal_socket.h"
	.file	6 "E:\\STM32\\Learning\\STM32H750_ART_PI_RGBLCD" "rt-thread/include\\rtdef.h"
	.section	.debug_abbrev,"",%progbits
	.byte	1                               @ Abbreviation Code
	.byte	17                              @ DW_TAG_compile_unit
	.byte	1                               @ DW_CHILDREN_yes
	.byte	37                              @ DW_AT_producer
	.byte	14                              @ DW_FORM_strp
	.byte	19                              @ DW_AT_language
	.byte	5                               @ DW_FORM_data2
	.byte	3                               @ DW_AT_name
	.byte	14                              @ DW_FORM_strp
	.byte	16                              @ DW_AT_stmt_list
	.byte	6                               @ DW_FORM_data4
	.byte	27                              @ DW_AT_comp_dir
	.byte	14                              @ DW_FORM_strp
	.byte	17                              @ DW_AT_low_pc
	.byte	1                               @ DW_FORM_addr
	.byte	85                              @ DW_AT_ranges
	.byte	6                               @ DW_FORM_data4
	.byte	0                               @ EOM(1)
	.byte	0                               @ EOM(2)
	.byte	2                               @ Abbreviation Code
	.byte	4                               @ DW_TAG_enumeration_type
	.byte	1                               @ DW_CHILDREN_yes
	.byte	73                              @ DW_AT_type
	.byte	19                              @ DW_FORM_ref4
	.byte	3                               @ DW_AT_name
	.byte	14                              @ DW_FORM_strp
	.byte	11                              @ DW_AT_byte_size
	.byte	11                              @ DW_FORM_data1
	.byte	58                              @ DW_AT_decl_file
	.byte	11                              @ DW_FORM_data1
	.byte	59                              @ DW_AT_decl_line
	.byte	11                              @ DW_FORM_data1
	.byte	0                               @ EOM(1)
	.byte	0                               @ EOM(2)
	.byte	3                               @ Abbreviation Code
	.byte	40                              @ DW_TAG_enumerator
	.byte	0                               @ DW_CHILDREN_no
	.byte	3                               @ DW_AT_name
	.byte	14                              @ DW_FORM_strp
	.byte	28                              @ DW_AT_const_value
	.byte	13                              @ DW_FORM_sdata
	.byte	0                               @ EOM(1)
	.byte	0                               @ EOM(2)
	.byte	4                               @ Abbreviation Code
	.byte	36                              @ DW_TAG_base_type
	.byte	0                               @ DW_CHILDREN_no
	.byte	3                               @ DW_AT_name
	.byte	14                              @ DW_FORM_strp
	.byte	62                              @ DW_AT_encoding
	.byte	11                              @ DW_FORM_data1
	.byte	11                              @ DW_AT_byte_size
	.byte	11                              @ DW_FORM_data1
	.byte	0                               @ EOM(1)
	.byte	0                               @ EOM(2)
	.byte	5                               @ Abbreviation Code
	.byte	46                              @ DW_TAG_subprogram
	.byte	1                               @ DW_CHILDREN_yes
	.byte	17                              @ DW_AT_low_pc
	.byte	1                               @ DW_FORM_addr
	.byte	18                              @ DW_AT_high_pc
	.byte	1                               @ DW_FORM_addr
	.byte	64                              @ DW_AT_frame_base
	.byte	10                              @ DW_FORM_block1
	.byte	3                               @ DW_AT_name
	.byte	14                              @ DW_FORM_strp
	.byte	58                              @ DW_AT_decl_file
	.byte	11                              @ DW_FORM_data1
	.byte	59                              @ DW_AT_decl_line
	.byte	11                              @ DW_FORM_data1
	.byte	39                              @ DW_AT_prototyped
	.byte	12                              @ DW_FORM_flag
	.byte	73                              @ DW_AT_type
	.byte	19                              @ DW_FORM_ref4
	.byte	63                              @ DW_AT_external
	.byte	12                              @ DW_FORM_flag
	.byte	0                               @ EOM(1)
	.byte	0                               @ EOM(2)
	.byte	6                               @ Abbreviation Code
	.byte	5                               @ DW_TAG_formal_parameter
	.byte	0                               @ DW_CHILDREN_no
	.byte	2                               @ DW_AT_location
	.byte	10                              @ DW_FORM_block1
	.byte	3                               @ DW_AT_name
	.byte	14                              @ DW_FORM_strp
	.byte	58                              @ DW_AT_decl_file
	.byte	11                              @ DW_FORM_data1
	.byte	59                              @ DW_AT_decl_line
	.byte	11                              @ DW_FORM_data1
	.byte	73                              @ DW_AT_type
	.byte	19                              @ DW_FORM_ref4
	.byte	0                               @ EOM(1)
	.byte	0                               @ EOM(2)
	.byte	7                               @ Abbreviation Code
	.byte	52                              @ DW_TAG_variable
	.byte	0                               @ DW_CHILDREN_no
	.byte	2                               @ DW_AT_location
	.byte	10                              @ DW_FORM_block1
	.byte	3                               @ DW_AT_name
	.byte	14                              @ DW_FORM_strp
	.byte	58                              @ DW_AT_decl_file
	.byte	11                              @ DW_FORM_data1
	.byte	59                              @ DW_AT_decl_line
	.byte	11                              @ DW_FORM_data1
	.byte	73                              @ DW_AT_type
	.byte	19                              @ DW_FORM_ref4
	.byte	0                               @ EOM(1)
	.byte	0                               @ EOM(2)
	.byte	8                               @ Abbreviation Code
	.byte	10                              @ DW_TAG_label
	.byte	0                               @ DW_CHILDREN_no
	.byte	3                               @ DW_AT_name
	.byte	14                              @ DW_FORM_strp
	.byte	58                              @ DW_AT_decl_file
	.byte	11                              @ DW_FORM_data1
	.byte	59                              @ DW_AT_decl_line
	.byte	11                              @ DW_FORM_data1
	.byte	17                              @ DW_AT_low_pc
	.byte	1                               @ DW_FORM_addr
	.byte	0                               @ EOM(1)
	.byte	0                               @ EOM(2)
	.byte	9                               @ Abbreviation Code
	.byte	46                              @ DW_TAG_subprogram
	.byte	1                               @ DW_CHILDREN_yes
	.byte	17                              @ DW_AT_low_pc
	.byte	1                               @ DW_FORM_addr
	.byte	18                              @ DW_AT_high_pc
	.byte	1                               @ DW_FORM_addr
	.byte	64                              @ DW_AT_frame_base
	.byte	10                              @ DW_FORM_block1
	.byte	3                               @ DW_AT_name
	.byte	14                              @ DW_FORM_strp
	.byte	58                              @ DW_AT_decl_file
	.byte	11                              @ DW_FORM_data1
	.byte	59                              @ DW_AT_decl_line
	.byte	11                              @ DW_FORM_data1
	.byte	39                              @ DW_AT_prototyped
	.byte	12                              @ DW_FORM_flag
	.byte	73                              @ DW_AT_type
	.byte	19                              @ DW_FORM_ref4
	.byte	0                               @ EOM(1)
	.byte	0                               @ EOM(2)
	.byte	10                              @ Abbreviation Code
	.byte	46                              @ DW_TAG_subprogram
	.byte	1                               @ DW_CHILDREN_yes
	.byte	17                              @ DW_AT_low_pc
	.byte	1                               @ DW_FORM_addr
	.byte	18                              @ DW_AT_high_pc
	.byte	1                               @ DW_FORM_addr
	.byte	64                              @ DW_AT_frame_base
	.byte	10                              @ DW_FORM_block1
	.byte	3                               @ DW_AT_name
	.byte	14                              @ DW_FORM_strp
	.byte	58                              @ DW_AT_decl_file
	.byte	11                              @ DW_FORM_data1
	.byte	59                              @ DW_AT_decl_line
	.byte	5                               @ DW_FORM_data2
	.byte	39                              @ DW_AT_prototyped
	.byte	12                              @ DW_FORM_flag
	.byte	73                              @ DW_AT_type
	.byte	19                              @ DW_FORM_ref4
	.byte	63                              @ DW_AT_external
	.byte	12                              @ DW_FORM_flag
	.byte	0                               @ EOM(1)
	.byte	0                               @ EOM(2)
	.byte	11                              @ Abbreviation Code
	.byte	5                               @ DW_TAG_formal_parameter
	.byte	0                               @ DW_CHILDREN_no
	.byte	2                               @ DW_AT_location
	.byte	10                              @ DW_FORM_block1
	.byte	3                               @ DW_AT_name
	.byte	14                              @ DW_FORM_strp
	.byte	58                              @ DW_AT_decl_file
	.byte	11                              @ DW_FORM_data1
	.byte	59                              @ DW_AT_decl_line
	.byte	5                               @ DW_FORM_data2
	.byte	73                              @ DW_AT_type
	.byte	19                              @ DW_FORM_ref4
	.byte	0                               @ EOM(1)
	.byte	0                               @ EOM(2)
	.byte	12                              @ Abbreviation Code
	.byte	15                              @ DW_TAG_pointer_type
	.byte	0                               @ DW_CHILDREN_no
	.byte	73                              @ DW_AT_type
	.byte	19                              @ DW_FORM_ref4
	.byte	0                               @ EOM(1)
	.byte	0                               @ EOM(2)
	.byte	13                              @ Abbreviation Code
	.byte	38                              @ DW_TAG_const_type
	.byte	0                               @ DW_CHILDREN_no
	.byte	73                              @ DW_AT_type
	.byte	19                              @ DW_FORM_ref4
	.byte	0                               @ EOM(1)
	.byte	0                               @ EOM(2)
	.byte	14                              @ Abbreviation Code
	.byte	19                              @ DW_TAG_structure_type
	.byte	1                               @ DW_CHILDREN_yes
	.byte	3                               @ DW_AT_name
	.byte	14                              @ DW_FORM_strp
	.byte	11                              @ DW_AT_byte_size
	.byte	11                              @ DW_FORM_data1
	.byte	58                              @ DW_AT_decl_file
	.byte	11                              @ DW_FORM_data1
	.byte	59                              @ DW_AT_decl_line
	.byte	11                              @ DW_FORM_data1
	.byte	0                               @ EOM(1)
	.byte	0                               @ EOM(2)
	.byte	15                              @ Abbreviation Code
	.byte	13                              @ DW_TAG_member
	.byte	0                               @ DW_CHILDREN_no
	.byte	3                               @ DW_AT_name
	.byte	14                              @ DW_FORM_strp
	.byte	73                              @ DW_AT_type
	.byte	19                              @ DW_FORM_ref4
	.byte	58                              @ DW_AT_decl_file
	.byte	11                              @ DW_FORM_data1
	.byte	59                              @ DW_AT_decl_line
	.byte	11                              @ DW_FORM_data1
	.byte	56                              @ DW_AT_data_member_location
	.byte	11                              @ DW_FORM_data1
	.byte	0                               @ EOM(1)
	.byte	0                               @ EOM(2)
	.byte	16                              @ Abbreviation Code
	.byte	22                              @ DW_TAG_typedef
	.byte	0                               @ DW_CHILDREN_no
	.byte	73                              @ DW_AT_type
	.byte	19                              @ DW_FORM_ref4
	.byte	3                               @ DW_AT_name
	.byte	14                              @ DW_FORM_strp
	.byte	58                              @ DW_AT_decl_file
	.byte	11                              @ DW_FORM_data1
	.byte	59                              @ DW_AT_decl_line
	.byte	11                              @ DW_FORM_data1
	.byte	0                               @ EOM(1)
	.byte	0                               @ EOM(2)
	.byte	17                              @ Abbreviation Code
	.byte	1                               @ DW_TAG_array_type
	.byte	1                               @ DW_CHILDREN_yes
	.byte	73                              @ DW_AT_type
	.byte	19                              @ DW_FORM_ref4
	.byte	0                               @ EOM(1)
	.byte	0                               @ EOM(2)
	.byte	18                              @ Abbreviation Code
	.byte	33                              @ DW_TAG_subrange_type
	.byte	0                               @ DW_CHILDREN_no
	.byte	73                              @ DW_AT_type
	.byte	19                              @ DW_FORM_ref4
	.byte	55                              @ DW_AT_count
	.byte	11                              @ DW_FORM_data1
	.byte	0                               @ EOM(1)
	.byte	0                               @ EOM(2)
	.byte	19                              @ Abbreviation Code
	.byte	36                              @ DW_TAG_base_type
	.byte	0                               @ DW_CHILDREN_no
	.byte	3                               @ DW_AT_name
	.byte	14                              @ DW_FORM_strp
	.byte	11                              @ DW_AT_byte_size
	.byte	11                              @ DW_FORM_data1
	.byte	62                              @ DW_AT_encoding
	.byte	11                              @ DW_FORM_data1
	.byte	0                               @ EOM(1)
	.byte	0                               @ EOM(2)
	.byte	0                               @ EOM(3)
	.section	.debug_info,"",%progbits
.Lcu_begin0:
	.long	.Ldebug_info_end0-.Ldebug_info_start0 @ Length of Unit
.Ldebug_info_start0:
	.short	3                               @ DWARF version number
	.long	.debug_abbrev                   @ Offset Into Abbrev. Section
	.byte	4                               @ Address Size (in bytes)
	.byte	1                               @ Abbrev [1] 0xb:0x3fc DW_TAG_compile_unit
	.long	.Linfo_string0                  @ DW_AT_producer
	.short	12                              @ DW_AT_language
	.long	.Linfo_string1                  @ DW_AT_name
	.long	.Lline_table_start0             @ DW_AT_stmt_list
	.long	.Linfo_string2                  @ DW_AT_comp_dir
	.long	0                               @ DW_AT_low_pc
	.long	.Ldebug_ranges0                 @ DW_AT_ranges
	.byte	2                               @ Abbrev [2] 0x26:0x73 DW_TAG_enumeration_type
	.long	153                             @ DW_AT_type
	.long	.Linfo_string21                 @ DW_AT_name
	.byte	1                               @ DW_AT_byte_size
	.byte	1                               @ DW_AT_decl_file
	.byte	33                              @ DW_AT_decl_line
	.byte	3                               @ Abbrev [3] 0x32:0x6 DW_TAG_enumerator
	.long	.Linfo_string4                  @ DW_AT_name
	.byte	0                               @ DW_AT_const_value
	.byte	3                               @ Abbrev [3] 0x38:0x6 DW_TAG_enumerator
	.long	.Linfo_string5                  @ DW_AT_name
	.byte	127                             @ DW_AT_const_value
	.byte	3                               @ Abbrev [3] 0x3e:0x6 DW_TAG_enumerator
	.long	.Linfo_string6                  @ DW_AT_name
	.byte	126                             @ DW_AT_const_value
	.byte	3                               @ Abbrev [3] 0x44:0x6 DW_TAG_enumerator
	.long	.Linfo_string7                  @ DW_AT_name
	.byte	125                             @ DW_AT_const_value
	.byte	3                               @ Abbrev [3] 0x4a:0x6 DW_TAG_enumerator
	.long	.Linfo_string8                  @ DW_AT_name
	.byte	124                             @ DW_AT_const_value
	.byte	3                               @ Abbrev [3] 0x50:0x6 DW_TAG_enumerator
	.long	.Linfo_string9                  @ DW_AT_name
	.byte	123                             @ DW_AT_const_value
	.byte	3                               @ Abbrev [3] 0x56:0x6 DW_TAG_enumerator
	.long	.Linfo_string10                 @ DW_AT_name
	.byte	122                             @ DW_AT_const_value
	.byte	3                               @ Abbrev [3] 0x5c:0x6 DW_TAG_enumerator
	.long	.Linfo_string11                 @ DW_AT_name
	.byte	121                             @ DW_AT_const_value
	.byte	3                               @ Abbrev [3] 0x62:0x6 DW_TAG_enumerator
	.long	.Linfo_string12                 @ DW_AT_name
	.byte	120                             @ DW_AT_const_value
	.byte	3                               @ Abbrev [3] 0x68:0x6 DW_TAG_enumerator
	.long	.Linfo_string13                 @ DW_AT_name
	.byte	119                             @ DW_AT_const_value
	.byte	3                               @ Abbrev [3] 0x6e:0x6 DW_TAG_enumerator
	.long	.Linfo_string14                 @ DW_AT_name
	.byte	118                             @ DW_AT_const_value
	.byte	3                               @ Abbrev [3] 0x74:0x6 DW_TAG_enumerator
	.long	.Linfo_string15                 @ DW_AT_name
	.byte	117                             @ DW_AT_const_value
	.byte	3                               @ Abbrev [3] 0x7a:0x6 DW_TAG_enumerator
	.long	.Linfo_string16                 @ DW_AT_name
	.byte	116                             @ DW_AT_const_value
	.byte	3                               @ Abbrev [3] 0x80:0x6 DW_TAG_enumerator
	.long	.Linfo_string17                 @ DW_AT_name
	.byte	115                             @ DW_AT_const_value
	.byte	3                               @ Abbrev [3] 0x86:0x6 DW_TAG_enumerator
	.long	.Linfo_string18                 @ DW_AT_name
	.byte	114                             @ DW_AT_const_value
	.byte	3                               @ Abbrev [3] 0x8c:0x6 DW_TAG_enumerator
	.long	.Linfo_string19                 @ DW_AT_name
	.byte	113                             @ DW_AT_const_value
	.byte	3                               @ Abbrev [3] 0x92:0x6 DW_TAG_enumerator
	.long	.Linfo_string20                 @ DW_AT_name
	.byte	112                             @ DW_AT_const_value
	.byte	0                               @ End Of Children Mark
	.byte	4                               @ Abbrev [4] 0x99:0x7 DW_TAG_base_type
	.long	.Linfo_string3                  @ DW_AT_name
	.byte	6                               @ DW_AT_encoding
	.byte	1                               @ DW_AT_byte_size
	.byte	5                               @ Abbrev [5] 0xa0:0x5b DW_TAG_subprogram
	.long	.Lfunc_begin0                   @ DW_AT_low_pc
	.long	.Lfunc_end0                     @ DW_AT_high_pc
	.byte	1                               @ DW_AT_frame_base
	.byte	93
	.long	.Linfo_string22                 @ DW_AT_name
	.byte	2                               @ DW_AT_decl_file
	.byte	177                             @ DW_AT_decl_line
	.byte	1                               @ DW_AT_prototyped
	.long	705                             @ DW_AT_type
	.byte	1                               @ DW_AT_external
	.byte	6                               @ Abbrev [6] 0xb7:0xe DW_TAG_formal_parameter
	.byte	2                               @ DW_AT_location
	.byte	145
	.byte	12
	.long	.Linfo_string28                 @ DW_AT_name
	.byte	2                               @ DW_AT_decl_file
	.byte	177                             @ DW_AT_decl_line
	.long	712                             @ DW_AT_type
	.byte	6                               @ Abbrev [6] 0xc5:0xe DW_TAG_formal_parameter
	.byte	2                               @ DW_AT_location
	.byte	145
	.byte	8
	.long	.Linfo_string30                 @ DW_AT_name
	.byte	2                               @ DW_AT_decl_file
	.byte	177                             @ DW_AT_decl_line
	.long	729                             @ DW_AT_type
	.byte	7                               @ Abbrev [7] 0xd3:0xe DW_TAG_variable
	.byte	2                               @ DW_AT_location
	.byte	145
	.byte	4
	.long	.Linfo_string31                 @ DW_AT_name
	.byte	2                               @ DW_AT_decl_file
	.byte	179                             @ DW_AT_decl_line
	.long	705                             @ DW_AT_type
	.byte	7                               @ Abbrev [7] 0xe1:0xe DW_TAG_variable
	.byte	2                               @ DW_AT_location
	.byte	145
	.byte	0
	.long	.Linfo_string32                 @ DW_AT_name
	.byte	2                               @ DW_AT_decl_file
	.byte	180                             @ DW_AT_decl_line
	.long	734                             @ DW_AT_type
	.byte	8                               @ Abbrev [8] 0xef:0xb DW_TAG_label
	.long	.Linfo_string53                 @ DW_AT_name
	.byte	2                               @ DW_AT_decl_file
	.byte	215                             @ DW_AT_decl_line
	.long	.Ltmp23                         @ DW_AT_low_pc
	.byte	0                               @ End Of Children Mark
	.byte	9                               @ Abbrev [9] 0xfb:0xe0 DW_TAG_subprogram
	.long	.Lfunc_begin1                   @ DW_AT_low_pc
	.long	.Lfunc_end1                     @ DW_AT_high_pc
	.byte	1                               @ DW_AT_frame_base
	.byte	93
	.long	.Linfo_string24                 @ DW_AT_name
	.byte	2                               @ DW_AT_decl_file
	.byte	53                              @ DW_AT_decl_line
	.byte	1                               @ DW_AT_prototyped
	.long	705                             @ DW_AT_type
	.byte	6                               @ Abbrev [6] 0x111:0xf DW_TAG_formal_parameter
	.byte	3                               @ DW_AT_location
	.byte	145
	.asciz	"\344"
	.long	.Linfo_string54                 @ DW_AT_name
	.byte	2                               @ DW_AT_decl_file
	.byte	53                              @ DW_AT_decl_line
	.long	712                             @ DW_AT_type
	.byte	6                               @ Abbrev [6] 0x120:0xf DW_TAG_formal_parameter
	.byte	3                               @ DW_AT_location
	.byte	145
	.asciz	"\340"
	.long	.Linfo_string55                 @ DW_AT_name
	.byte	2                               @ DW_AT_decl_file
	.byte	53                              @ DW_AT_decl_line
	.long	976                             @ DW_AT_type
	.byte	7                               @ Abbrev [7] 0x12f:0xf DW_TAG_variable
	.byte	3                               @ DW_AT_location
	.byte	145
	.asciz	"\334"
	.long	.Linfo_string56                 @ DW_AT_name
	.byte	2                               @ DW_AT_decl_file
	.byte	55                              @ DW_AT_decl_line
	.long	705                             @ DW_AT_type
	.byte	7                               @ Abbrev [7] 0x13e:0xf DW_TAG_variable
	.byte	3                               @ DW_AT_location
	.byte	145
	.asciz	"\330"
	.long	.Linfo_string57                 @ DW_AT_name
	.byte	2                               @ DW_AT_decl_file
	.byte	56                              @ DW_AT_decl_line
	.long	705                             @ DW_AT_type
	.byte	7                               @ Abbrev [7] 0x14d:0xf DW_TAG_variable
	.byte	3                               @ DW_AT_location
	.byte	145
	.asciz	"\324"
	.long	.Linfo_string58                 @ DW_AT_name
	.byte	2                               @ DW_AT_decl_file
	.byte	56                              @ DW_AT_decl_line
	.long	705                             @ DW_AT_type
	.byte	7                               @ Abbrev [7] 0x15c:0xf DW_TAG_variable
	.byte	3                               @ DW_AT_location
	.byte	145
	.asciz	"\320"
	.long	.Linfo_string59                 @ DW_AT_name
	.byte	2                               @ DW_AT_decl_file
	.byte	56                              @ DW_AT_decl_line
	.long	705                             @ DW_AT_type
	.byte	7                               @ Abbrev [7] 0x16b:0xf DW_TAG_variable
	.byte	3                               @ DW_AT_location
	.byte	145
	.asciz	"\314"
	.long	.Linfo_string60                 @ DW_AT_name
	.byte	2                               @ DW_AT_decl_file
	.byte	57                              @ DW_AT_decl_line
	.long	971                             @ DW_AT_type
	.byte	7                               @ Abbrev [7] 0x17a:0xf DW_TAG_variable
	.byte	3                               @ DW_AT_location
	.byte	145
	.asciz	"\304"
	.long	.Linfo_string61                 @ DW_AT_name
	.byte	2                               @ DW_AT_decl_file
	.byte	58                              @ DW_AT_decl_line
	.long	981                             @ DW_AT_type
	.byte	7                               @ Abbrev [7] 0x189:0xe DW_TAG_variable
	.byte	2                               @ DW_AT_location
	.byte	145
	.byte	36
	.long	.Linfo_string62                 @ DW_AT_name
	.byte	2                               @ DW_AT_decl_file
	.byte	60                              @ DW_AT_decl_line
	.long	739                             @ DW_AT_type
	.byte	7                               @ Abbrev [7] 0x197:0xe DW_TAG_variable
	.byte	2                               @ DW_AT_location
	.byte	145
	.byte	32
	.long	.Linfo_string63                 @ DW_AT_name
	.byte	2                               @ DW_AT_decl_file
	.byte	61                              @ DW_AT_decl_line
	.long	705                             @ DW_AT_type
	.byte	7                               @ Abbrev [7] 0x1a5:0xe DW_TAG_variable
	.byte	2                               @ DW_AT_location
	.byte	145
	.byte	28
	.long	.Linfo_string64                 @ DW_AT_name
	.byte	2                               @ DW_AT_decl_file
	.byte	63                              @ DW_AT_decl_line
	.long	712                             @ DW_AT_type
	.byte	7                               @ Abbrev [7] 0x1b3:0xe DW_TAG_variable
	.byte	2                               @ DW_AT_location
	.byte	145
	.byte	24
	.long	.Linfo_string65                 @ DW_AT_name
	.byte	2                               @ DW_AT_decl_file
	.byte	64                              @ DW_AT_decl_line
	.long	971                             @ DW_AT_type
	.byte	7                               @ Abbrev [7] 0x1c1:0xe DW_TAG_variable
	.byte	2                               @ DW_AT_location
	.byte	145
	.byte	20
	.long	.Linfo_string28                 @ DW_AT_name
	.byte	2                               @ DW_AT_decl_file
	.byte	65                              @ DW_AT_decl_line
	.long	712                             @ DW_AT_type
	.byte	8                               @ Abbrev [8] 0x1cf:0xb DW_TAG_label
	.long	.Linfo_string53                 @ DW_AT_name
	.byte	2                               @ DW_AT_decl_file
	.byte	159                             @ DW_AT_decl_line
	.long	.Ltmp77                         @ DW_AT_low_pc
	.byte	0                               @ End Of Children Mark
	.byte	5                               @ Abbrev [5] 0x1db:0x34 DW_TAG_subprogram
	.long	.Lfunc_begin2                   @ DW_AT_low_pc
	.long	.Lfunc_end2                     @ DW_AT_high_pc
	.byte	1                               @ DW_AT_frame_base
	.byte	93
	.long	.Linfo_string25                 @ DW_AT_name
	.byte	2                               @ DW_AT_decl_file
	.byte	231                             @ DW_AT_decl_line
	.byte	1                               @ DW_AT_prototyped
	.long	705                             @ DW_AT_type
	.byte	1                               @ DW_AT_external
	.byte	6                               @ Abbrev [6] 0x1f2:0xe DW_TAG_formal_parameter
	.byte	2                               @ DW_AT_location
	.byte	145
	.byte	8
	.long	.Linfo_string30                 @ DW_AT_name
	.byte	2                               @ DW_AT_decl_file
	.byte	231                             @ DW_AT_decl_line
	.long	705                             @ DW_AT_type
	.byte	7                               @ Abbrev [7] 0x200:0xe DW_TAG_variable
	.byte	2                               @ DW_AT_location
	.byte	145
	.byte	4
	.long	.Linfo_string31                 @ DW_AT_name
	.byte	2                               @ DW_AT_decl_file
	.byte	233                             @ DW_AT_decl_line
	.long	705                             @ DW_AT_type
	.byte	0                               @ End Of Children Mark
	.byte	5                               @ Abbrev [5] 0x20f:0x6c DW_TAG_subprogram
	.long	.Lfunc_begin3                   @ DW_AT_low_pc
	.long	.Lfunc_end3                     @ DW_AT_high_pc
	.byte	1                               @ DW_AT_frame_base
	.byte	93
	.long	.Linfo_string26                 @ DW_AT_name
	.byte	2                               @ DW_AT_decl_file
	.byte	251                             @ DW_AT_decl_line
	.byte	1                               @ DW_AT_prototyped
	.long	705                             @ DW_AT_type
	.byte	1                               @ DW_AT_external
	.byte	6                               @ Abbrev [6] 0x226:0xe DW_TAG_formal_parameter
	.byte	2                               @ DW_AT_location
	.byte	145
	.byte	32
	.long	.Linfo_string30                 @ DW_AT_name
	.byte	2                               @ DW_AT_decl_file
	.byte	251                             @ DW_AT_decl_line
	.long	705                             @ DW_AT_type
	.byte	6                               @ Abbrev [6] 0x234:0xe DW_TAG_formal_parameter
	.byte	2                               @ DW_AT_location
	.byte	145
	.byte	28
	.long	.Linfo_string66                 @ DW_AT_name
	.byte	2                               @ DW_AT_decl_file
	.byte	251                             @ DW_AT_decl_line
	.long	993                             @ DW_AT_type
	.byte	6                               @ Abbrev [6] 0x242:0xe DW_TAG_formal_parameter
	.byte	2                               @ DW_AT_location
	.byte	145
	.byte	24
	.long	.Linfo_string68                 @ DW_AT_name
	.byte	2                               @ DW_AT_decl_file
	.byte	251                             @ DW_AT_decl_line
	.long	1014                            @ DW_AT_type
	.byte	6                               @ Abbrev [6] 0x250:0xe DW_TAG_formal_parameter
	.byte	2                               @ DW_AT_location
	.byte	145
	.byte	20
	.long	.Linfo_string70                 @ DW_AT_name
	.byte	2                               @ DW_AT_decl_file
	.byte	251                             @ DW_AT_decl_line
	.long	705                             @ DW_AT_type
	.byte	7                               @ Abbrev [7] 0x25e:0xe DW_TAG_variable
	.byte	2                               @ DW_AT_location
	.byte	145
	.byte	16
	.long	.Linfo_string31                 @ DW_AT_name
	.byte	2                               @ DW_AT_decl_file
	.byte	253                             @ DW_AT_decl_line
	.long	705                             @ DW_AT_type
	.byte	7                               @ Abbrev [7] 0x26c:0xe DW_TAG_variable
	.byte	2                               @ DW_AT_location
	.byte	145
	.byte	12
	.long	.Linfo_string71                 @ DW_AT_name
	.byte	2                               @ DW_AT_decl_file
	.byte	254                             @ DW_AT_decl_line
	.long	1014                            @ DW_AT_type
	.byte	0                               @ End Of Children Mark
	.byte	10                              @ Abbrev [10] 0x27b:0x46 DW_TAG_subprogram
	.long	.Lfunc_begin4                   @ DW_AT_low_pc
	.long	.Lfunc_end4                     @ DW_AT_high_pc
	.byte	1                               @ DW_AT_frame_base
	.byte	93
	.long	.Linfo_string27                 @ DW_AT_name
	.byte	2                               @ DW_AT_decl_file
	.short	276                             @ DW_AT_decl_line
	.byte	1                               @ DW_AT_prototyped
	.long	705                             @ DW_AT_type
	.byte	1                               @ DW_AT_external
	.byte	11                              @ Abbrev [11] 0x293:0xf DW_TAG_formal_parameter
	.byte	2                               @ DW_AT_location
	.byte	145
	.byte	20
	.long	.Linfo_string30                 @ DW_AT_name
	.byte	2                               @ DW_AT_decl_file
	.short	276                             @ DW_AT_decl_line
	.long	705                             @ DW_AT_type
	.byte	11                              @ Abbrev [11] 0x2a2:0xf DW_TAG_formal_parameter
	.byte	2                               @ DW_AT_location
	.byte	145
	.byte	16
	.long	.Linfo_string72                 @ DW_AT_name
	.byte	2                               @ DW_AT_decl_file
	.short	276                             @ DW_AT_decl_line
	.long	1025                            @ DW_AT_type
	.byte	11                              @ Abbrev [11] 0x2b1:0xf DW_TAG_formal_parameter
	.byte	2                               @ DW_AT_location
	.byte	145
	.byte	12
	.long	.Linfo_string68                 @ DW_AT_name
	.byte	2                               @ DW_AT_decl_file
	.short	276                             @ DW_AT_decl_line
	.long	1014                            @ DW_AT_type
	.byte	0                               @ End Of Children Mark
	.byte	4                               @ Abbrev [4] 0x2c1:0x7 DW_TAG_base_type
	.long	.Linfo_string23                 @ DW_AT_name
	.byte	5                               @ DW_AT_encoding
	.byte	4                               @ DW_AT_byte_size
	.byte	12                              @ Abbrev [12] 0x2c8:0x5 DW_TAG_pointer_type
	.long	717                             @ DW_AT_type
	.byte	13                              @ Abbrev [13] 0x2cd:0x5 DW_TAG_const_type
	.long	722                             @ DW_AT_type
	.byte	4                               @ Abbrev [4] 0x2d2:0x7 DW_TAG_base_type
	.long	.Linfo_string29                 @ DW_AT_name
	.byte	6                               @ DW_AT_encoding
	.byte	1                               @ DW_AT_byte_size
	.byte	12                              @ Abbrev [12] 0x2d9:0x5 DW_TAG_pointer_type
	.long	705                             @ DW_AT_type
	.byte	12                              @ Abbrev [12] 0x2de:0x5 DW_TAG_pointer_type
	.long	739                             @ DW_AT_type
	.byte	14                              @ Abbrev [14] 0x2e3:0x69 DW_TAG_structure_type
	.long	.Linfo_string52                 @ DW_AT_name
	.byte	32                              @ DW_AT_byte_size
	.byte	3                               @ DW_AT_decl_file
	.byte	60                              @ DW_AT_decl_line
	.byte	15                              @ Abbrev [15] 0x2eb:0xc DW_TAG_member
	.long	.Linfo_string33                 @ DW_AT_name
	.long	705                             @ DW_AT_type
	.byte	3                               @ DW_AT_decl_file
	.byte	61                              @ DW_AT_decl_line
	.byte	0                               @ DW_AT_data_member_location
	.byte	15                              @ Abbrev [15] 0x2f7:0xc DW_TAG_member
	.long	.Linfo_string34                 @ DW_AT_name
	.long	705                             @ DW_AT_type
	.byte	3                               @ DW_AT_decl_file
	.byte	62                              @ DW_AT_decl_line
	.byte	4                               @ DW_AT_data_member_location
	.byte	15                              @ Abbrev [15] 0x303:0xc DW_TAG_member
	.long	.Linfo_string35                 @ DW_AT_name
	.long	705                             @ DW_AT_type
	.byte	3                               @ DW_AT_decl_file
	.byte	63                              @ DW_AT_decl_line
	.byte	8                               @ DW_AT_data_member_location
	.byte	15                              @ Abbrev [15] 0x30f:0xc DW_TAG_member
	.long	.Linfo_string36                 @ DW_AT_name
	.long	705                             @ DW_AT_type
	.byte	3                               @ DW_AT_decl_file
	.byte	64                              @ DW_AT_decl_line
	.byte	12                              @ DW_AT_data_member_location
	.byte	15                              @ Abbrev [15] 0x31b:0xc DW_TAG_member
	.long	.Linfo_string37                 @ DW_AT_name
	.long	844                             @ DW_AT_type
	.byte	3                               @ DW_AT_decl_file
	.byte	65                              @ DW_AT_decl_line
	.byte	16                              @ DW_AT_data_member_location
	.byte	15                              @ Abbrev [15] 0x327:0xc DW_TAG_member
	.long	.Linfo_string41                 @ DW_AT_name
	.long	873                             @ DW_AT_type
	.byte	3                               @ DW_AT_decl_file
	.byte	66                              @ DW_AT_decl_line
	.byte	20                              @ DW_AT_data_member_location
	.byte	15                              @ Abbrev [15] 0x333:0xc DW_TAG_member
	.long	.Linfo_string50                 @ DW_AT_name
	.long	971                             @ DW_AT_type
	.byte	3                               @ DW_AT_decl_file
	.byte	67                              @ DW_AT_decl_line
	.byte	24                              @ DW_AT_data_member_location
	.byte	15                              @ Abbrev [15] 0x33f:0xc DW_TAG_member
	.long	.Linfo_string51                 @ DW_AT_name
	.long	734                             @ DW_AT_type
	.byte	3                               @ DW_AT_decl_file
	.byte	68                              @ DW_AT_decl_line
	.byte	28                              @ DW_AT_data_member_location
	.byte	0                               @ End Of Children Mark
	.byte	16                              @ Abbrev [16] 0x34c:0xb DW_TAG_typedef
	.long	855                             @ DW_AT_type
	.long	.Linfo_string40                 @ DW_AT_name
	.byte	5                               @ DW_AT_decl_file
	.byte	21                              @ DW_AT_decl_line
	.byte	16                              @ Abbrev [16] 0x357:0xb DW_TAG_typedef
	.long	866                             @ DW_AT_type
	.long	.Linfo_string39                 @ DW_AT_name
	.byte	4                               @ DW_AT_decl_file
	.byte	64                              @ DW_AT_decl_line
	.byte	4                               @ Abbrev [4] 0x362:0x7 DW_TAG_base_type
	.long	.Linfo_string38                 @ DW_AT_name
	.byte	7                               @ DW_AT_encoding
	.byte	4                               @ DW_AT_byte_size
	.byte	12                              @ Abbrev [12] 0x369:0x5 DW_TAG_pointer_type
	.long	878                             @ DW_AT_type
	.byte	14                              @ Abbrev [14] 0x36e:0x2d DW_TAG_structure_type
	.long	.Linfo_string49                 @ DW_AT_name
	.byte	16                              @ DW_AT_byte_size
	.byte	5                               @ DW_AT_decl_file
	.byte	153                             @ DW_AT_decl_line
	.byte	15                              @ Abbrev [15] 0x376:0xc DW_TAG_member
	.long	.Linfo_string42                 @ DW_AT_name
	.long	923                             @ DW_AT_type
	.byte	5                               @ DW_AT_decl_file
	.byte	155                             @ DW_AT_decl_line
	.byte	0                               @ DW_AT_data_member_location
	.byte	15                              @ Abbrev [15] 0x382:0xc DW_TAG_member
	.long	.Linfo_string45                 @ DW_AT_name
	.long	941                             @ DW_AT_type
	.byte	5                               @ DW_AT_decl_file
	.byte	156                             @ DW_AT_decl_line
	.byte	1                               @ DW_AT_data_member_location
	.byte	15                              @ Abbrev [15] 0x38e:0xc DW_TAG_member
	.long	.Linfo_string47                 @ DW_AT_name
	.long	952                             @ DW_AT_type
	.byte	5                               @ DW_AT_decl_file
	.byte	157                             @ DW_AT_decl_line
	.byte	2                               @ DW_AT_data_member_location
	.byte	0                               @ End Of Children Mark
	.byte	16                              @ Abbrev [16] 0x39b:0xb DW_TAG_typedef
	.long	934                             @ DW_AT_type
	.long	.Linfo_string44                 @ DW_AT_name
	.byte	4                               @ DW_AT_decl_file
	.byte	62                              @ DW_AT_decl_line
	.byte	4                               @ Abbrev [4] 0x3a6:0x7 DW_TAG_base_type
	.long	.Linfo_string43                 @ DW_AT_name
	.byte	8                               @ DW_AT_encoding
	.byte	1                               @ DW_AT_byte_size
	.byte	16                              @ Abbrev [16] 0x3ad:0xb DW_TAG_typedef
	.long	923                             @ DW_AT_type
	.long	.Linfo_string46                 @ DW_AT_name
	.byte	5                               @ DW_AT_decl_file
	.byte	25                              @ DW_AT_decl_line
	.byte	17                              @ Abbrev [17] 0x3b8:0xc DW_TAG_array_type
	.long	722                             @ DW_AT_type
	.byte	18                              @ Abbrev [18] 0x3bd:0x6 DW_TAG_subrange_type
	.long	964                             @ DW_AT_type
	.byte	14                              @ DW_AT_count
	.byte	0                               @ End Of Children Mark
	.byte	19                              @ Abbrev [19] 0x3c4:0x7 DW_TAG_base_type
	.long	.Linfo_string48                 @ DW_AT_name
	.byte	8                               @ DW_AT_byte_size
	.byte	7                               @ DW_AT_encoding
	.byte	12                              @ Abbrev [12] 0x3cb:0x5 DW_TAG_pointer_type
	.long	722                             @ DW_AT_type
	.byte	12                              @ Abbrev [12] 0x3d0:0x5 DW_TAG_pointer_type
	.long	734                             @ DW_AT_type
	.byte	17                              @ Abbrev [17] 0x3d5:0xc DW_TAG_array_type
	.long	722                             @ DW_AT_type
	.byte	18                              @ Abbrev [18] 0x3da:0x6 DW_TAG_subrange_type
	.long	964                             @ DW_AT_type
	.byte	6                               @ DW_AT_count
	.byte	0                               @ End Of Children Mark
	.byte	12                              @ Abbrev [12] 0x3e1:0x5 DW_TAG_pointer_type
	.long	998                             @ DW_AT_type
	.byte	13                              @ Abbrev [13] 0x3e6:0x5 DW_TAG_const_type
	.long	1003                            @ DW_AT_type
	.byte	16                              @ Abbrev [16] 0x3eb:0xb DW_TAG_typedef
	.long	934                             @ DW_AT_type
	.long	.Linfo_string67                 @ DW_AT_name
	.byte	6                               @ DW_AT_decl_file
	.byte	67                              @ DW_AT_decl_line
	.byte	16                              @ Abbrev [16] 0x3f6:0xb DW_TAG_typedef
	.long	866                             @ DW_AT_type
	.long	.Linfo_string69                 @ DW_AT_name
	.byte	6                               @ DW_AT_decl_file
	.byte	69                              @ DW_AT_decl_line
	.byte	12                              @ Abbrev [12] 0x401:0x5 DW_TAG_pointer_type
	.long	1003                            @ DW_AT_type
	.byte	0                               @ End Of Children Mark
.Ldebug_info_end0:
	.section	.debug_ranges,"",%progbits
.Ldebug_ranges0:
	.long	.Lfunc_begin0
	.long	.Lfunc_end0
	.long	.Lfunc_begin1
	.long	.Lfunc_end1
	.long	.Lfunc_begin2
	.long	.Lfunc_end2
	.long	.Lfunc_begin3
	.long	.Lfunc_end3
	.long	.Lfunc_begin4
	.long	.Lfunc_end4
	.long	0
	.long	0
	.section	.debug_str,"MS",%progbits,1
.Linfo_string0:
	.asciz	"Component: ARM Compiler 6.16 Tool: armclang [5dfeb700]" @ string offset=0
.Linfo_string1:
	.asciz	"packages/umqtt-latest/src/trans\\umqtt_transport.c" @ string offset=55
.Linfo_string2:
	.asciz	"E:\\STM32\\Learning\\STM32H750_ART_PI_RGBLCD" @ string offset=105
.Linfo_string3:
	.asciz	"signed char"                   @ string offset=147
.Linfo_string4:
	.asciz	"UMQTT_OK"                      @ string offset=159
.Linfo_string5:
	.asciz	"UMQTT_FAILED"                  @ string offset=168
.Linfo_string6:
	.asciz	"UMQTT_MEM_FULL"                @ string offset=181
.Linfo_string7:
	.asciz	"UMQTT_TIMEOUT"                 @ string offset=196
.Linfo_string8:
	.asciz	"UMQTT_ENCODE_ERROR"            @ string offset=210
.Linfo_string9:
	.asciz	"UMQTT_DECODE_ERROR"            @ string offset=229
.Linfo_string10:
	.asciz	"UMQTT_SEND_TIMEOUT"            @ string offset=248
.Linfo_string11:
	.asciz	"UMQTT_SEND_FAILED"             @ string offset=267
.Linfo_string12:
	.asciz	"UMQTT_INPARAMS_NULL"           @ string offset=285
.Linfo_string13:
	.asciz	"UMQTT_BUFFER_TOO_SHORT"        @ string offset=305
.Linfo_string14:
	.asciz	"UMQTT_READ_ERROR"              @ string offset=328
.Linfo_string15:
	.asciz	"UMQTT_READ_FAILED"             @ string offset=345
.Linfo_string16:
	.asciz	"UMQTT_READ_TIMEOUT"            @ string offset=363
.Linfo_string17:
	.asciz	"UMQTT_FIN_ACK"                 @ string offset=382
.Linfo_string18:
	.asciz	"UMQTT_RECONNECT_FAILED"        @ string offset=396
.Linfo_string19:
	.asciz	"UMQTT_SOCK_CONNECT_FAILED"     @ string offset=419
.Linfo_string20:
	.asciz	"UMQTT_DISCONNECT"              @ string offset=445
.Linfo_string21:
	.asciz	"umqtt_err_code"                @ string offset=462
.Linfo_string22:
	.asciz	"umqtt_trans_connect"           @ string offset=477
.Linfo_string23:
	.asciz	"int"                           @ string offset=497
.Linfo_string24:
	.asciz	"umqtt_resolve_uri"             @ string offset=501
.Linfo_string25:
	.asciz	"umqtt_trans_disconnect"        @ string offset=519
.Linfo_string26:
	.asciz	"umqtt_trans_send"              @ string offset=542
.Linfo_string27:
	.asciz	"umqtt_trans_recv"              @ string offset=559
.Linfo_string28:
	.asciz	"uri"                           @ string offset=576
.Linfo_string29:
	.asciz	"char"                          @ string offset=580
.Linfo_string30:
	.asciz	"sock"                          @ string offset=585
.Linfo_string31:
	.asciz	"_ret"                          @ string offset=590
.Linfo_string32:
	.asciz	"addr_res"                      @ string offset=595
.Linfo_string33:
	.asciz	"ai_flags"                      @ string offset=604
.Linfo_string34:
	.asciz	"ai_family"                     @ string offset=613
.Linfo_string35:
	.asciz	"ai_socktype"                   @ string offset=623
.Linfo_string36:
	.asciz	"ai_protocol"                   @ string offset=635
.Linfo_string37:
	.asciz	"ai_addrlen"                    @ string offset=647
.Linfo_string38:
	.asciz	"unsigned int"                  @ string offset=658
.Linfo_string39:
	.asciz	"uint32_t"                      @ string offset=671
.Linfo_string40:
	.asciz	"socklen_t"                     @ string offset=680
.Linfo_string41:
	.asciz	"ai_addr"                       @ string offset=690
.Linfo_string42:
	.asciz	"sa_len"                        @ string offset=698
.Linfo_string43:
	.asciz	"unsigned char"                 @ string offset=705
.Linfo_string44:
	.asciz	"uint8_t"                       @ string offset=719
.Linfo_string45:
	.asciz	"sa_family"                     @ string offset=727
.Linfo_string46:
	.asciz	"sa_family_t"                   @ string offset=737
.Linfo_string47:
	.asciz	"sa_data"                       @ string offset=749
.Linfo_string48:
	.asciz	"__ARRAY_SIZE_TYPE__"           @ string offset=757
.Linfo_string49:
	.asciz	"sockaddr"                      @ string offset=777
.Linfo_string50:
	.asciz	"ai_canonname"                  @ string offset=786
.Linfo_string51:
	.asciz	"ai_next"                       @ string offset=799
.Linfo_string52:
	.asciz	"addrinfo"                      @ string offset=807
.Linfo_string53:
	.asciz	"exit"                          @ string offset=816
.Linfo_string54:
	.asciz	"umqtt_uri"                     @ string offset=821
.Linfo_string55:
	.asciz	"res"                           @ string offset=831
.Linfo_string56:
	.asciz	"rc"                            @ string offset=835
.Linfo_string57:
	.asciz	"uri_len"                       @ string offset=838
.Linfo_string58:
	.asciz	"host_addr_len"                 @ string offset=846
.Linfo_string59:
	.asciz	"port_len"                      @ string offset=860
.Linfo_string60:
	.asciz	"ptr"                           @ string offset=869
.Linfo_string61:
	.asciz	"port_str"                      @ string offset=873
.Linfo_string62:
	.asciz	"hint"                          @ string offset=882
.Linfo_string63:
	.asciz	"ret"                           @ string offset=887
.Linfo_string64:
	.asciz	"host_addr"                     @ string offset=891
.Linfo_string65:
	.asciz	"host_addr_new"                 @ string offset=901
.Linfo_string66:
	.asciz	"send_buf"                      @ string offset=915
.Linfo_string67:
	.asciz	"rt_uint8_t"                    @ string offset=924
.Linfo_string68:
	.asciz	"buf_len"                       @ string offset=935
.Linfo_string69:
	.asciz	"rt_uint32_t"                   @ string offset=943
.Linfo_string70:
	.asciz	"timeout"                       @ string offset=955
.Linfo_string71:
	.asciz	"offset"                        @ string offset=963
.Linfo_string72:
	.asciz	"recv_buf"                      @ string offset=970
	.ident	"Component: ARM Compiler 6.16 Tool: armclang [5dfeb700]"
	.section	".note.GNU-stack","",%progbits
	.eabi_attribute	30, 6	@ Tag_ABI_optimization_goals
	.ARM_attribute	16, 1	@ Tag_AV_eba
	.section	.debug_line,"",%progbits
.Lline_table_start0:
