	.text
	.syntax unified
	.eabi_attribute	67, "2.09"	@ Tag_conformance
	.cpu	cortex-m7
	.eabi_attribute	6, 13	@ Tag_CPU_arch
	.eabi_attribute	7, 77	@ Tag_CPU_arch_profile
	.eabi_attribute	8, 0	@ Tag_ARM_ISA_use
	.eabi_attribute	9, 2	@ Tag_THUMB_ISA_use
	.fpu	fpv5-d16
	.eabi_attribute	36, 1	@ Tag_FP_HP_extension
	.eabi_attribute	34, 1	@ Tag_CPU_unaligned_access
	.eabi_attribute	17, 1	@ Tag_ABI_PCS_GOT_use
	.eabi_attribute	20, 2	@ Tag_ABI_FP_denormal
	.eabi_attribute	21, 0	@ Tag_ABI_FP_exceptions
	.eabi_attribute	23, 1	@ Tag_ABI_FP_number_model
	.eabi_attribute	24, 1	@ Tag_ABI_align_needed
	.eabi_attribute	25, 1	@ Tag_ABI_align_preserved
	.eabi_attribute	28, 1	@ Tag_ABI_VFP_args
	.eabi_attribute	38, 1	@ Tag_ABI_FP_16bit_format
	.eabi_attribute	18, 2	@ Tag_ABI_PCS_wchar_t
	.eabi_attribute	26, 1	@ Tag_ABI_enum_size
	.eabi_attribute	14, 0	@ Tag_ABI_PCS_R9_use
	.file	"waitqueue.c"
	.file	1 "E:\\STM32\\Learning\\STM32H750_ART_PI_RGBLCD" "rt-thread/include\\rtdef.h"
	.file	2 "E:\\STM32\\Learning\\STM32H750_ART_PI_RGBLCD" "rt-thread/components/drivers/include/ipc/waitqueue.h"
	.section	.text.rt_wqueue_add,"ax",%progbits
	.hidden	rt_wqueue_add                   @ -- Begin function rt_wqueue_add
	.globl	rt_wqueue_add
	.p2align	3
	.type	rt_wqueue_add,%function
	.code	16                              @ @rt_wqueue_add
	.thumb_func
rt_wqueue_add:
.Lfunc_begin0:
	.file	3 "E:\\STM32\\Learning\\STM32H750_ART_PI_RGBLCD" "rt-thread/components/drivers/src/waitqueue.c"
	.loc	3 19 0                          @ rt-thread/components/drivers/src/waitqueue.c:19:0
	.fnstart
	.cfi_sections .debug_frame
	.cfi_startproc
@ %bb.0:
	.save	{r7, lr}
	push	{r7, lr}
	.cfi_def_cfa_offset 8
	.cfi_offset lr, -4
	.cfi_offset r7, -8
	.pad	#16
	sub	sp, #16
	.cfi_def_cfa_offset 24
	str	r0, [sp, #12]
	str	r1, [sp, #8]
.Ltmp0:
	.loc	3 22 13 prologue_end            @ rt-thread/components/drivers/src/waitqueue.c:22:13
	bl	rt_hw_interrupt_disable
	.loc	3 22 11 is_stmt 0               @ rt-thread/components/drivers/src/waitqueue.c:22:11
	str	r0, [sp, #4]
	.loc	3 23 29 is_stmt 1               @ rt-thread/components/drivers/src/waitqueue.c:23:29
	ldr	r0, [sp, #12]
	.loc	3 23 36 is_stmt 0               @ rt-thread/components/drivers/src/waitqueue.c:23:36
	adds	r0, #4
	.loc	3 23 53                         @ rt-thread/components/drivers/src/waitqueue.c:23:53
	ldr	r1, [sp, #8]
	.loc	3 23 59                         @ rt-thread/components/drivers/src/waitqueue.c:23:59
	adds	r1, #4
	.loc	3 23 5                          @ rt-thread/components/drivers/src/waitqueue.c:23:5
	bl	rt_list_insert_before
	.loc	3 24 28 is_stmt 1               @ rt-thread/components/drivers/src/waitqueue.c:24:28
	ldr	r0, [sp, #4]
	.loc	3 24 5 is_stmt 0                @ rt-thread/components/drivers/src/waitqueue.c:24:5
	bl	rt_hw_interrupt_enable
	.loc	3 25 1 is_stmt 1                @ rt-thread/components/drivers/src/waitqueue.c:25:1
	add	sp, #16
	pop	{r7, pc}
.Ltmp1:
.Lfunc_end0:
	.size	rt_wqueue_add, .Lfunc_end0-rt_wqueue_add
	.cfi_endproc
	.cantunwind
	.fnend
                                        @ -- End function
	.section	.text.rt_list_insert_before,"ax",%progbits
	.p2align	3                               @ -- Begin function rt_list_insert_before
	.type	rt_list_insert_before,%function
	.code	16                              @ @rt_list_insert_before
	.thumb_func
rt_list_insert_before:
.Lfunc_begin1:
	.file	4 "E:\\STM32\\Learning\\STM32H750_ART_PI_RGBLCD" "rt-thread/include\\rtservice.h"
	.loc	4 74 0                          @ rt-thread/include\rtservice.h:74:0
	.fnstart
	.cfi_startproc
@ %bb.0:
	.pad	#8
	sub	sp, #8
	.cfi_def_cfa_offset 8
	str	r0, [sp, #4]
	str	r1, [sp]
.Ltmp2:
	.loc	4 75 21 prologue_end            @ rt-thread/include\rtservice.h:75:21
	ldr	r0, [sp]
	.loc	4 75 5 is_stmt 0                @ rt-thread/include\rtservice.h:75:5
	ldr	r1, [sp, #4]
	.loc	4 75 8                          @ rt-thread/include\rtservice.h:75:8
	ldr	r1, [r1, #4]
	.loc	4 75 19                         @ rt-thread/include\rtservice.h:75:19
	str	r0, [r1]
	.loc	4 76 15 is_stmt 1               @ rt-thread/include\rtservice.h:76:15
	ldr	r0, [sp, #4]
	.loc	4 76 18 is_stmt 0               @ rt-thread/include\rtservice.h:76:18
	ldr	r0, [r0, #4]
	.loc	4 76 5                          @ rt-thread/include\rtservice.h:76:5
	ldr	r1, [sp]
	.loc	4 76 13                         @ rt-thread/include\rtservice.h:76:13
	str	r0, [r1, #4]
	.loc	4 78 15 is_stmt 1               @ rt-thread/include\rtservice.h:78:15
	ldr	r0, [sp]
	.loc	4 78 5 is_stmt 0                @ rt-thread/include\rtservice.h:78:5
	ldr	r1, [sp, #4]
	.loc	4 78 13                         @ rt-thread/include\rtservice.h:78:13
	str	r0, [r1, #4]
	.loc	4 79 15 is_stmt 1               @ rt-thread/include\rtservice.h:79:15
	ldr	r0, [sp, #4]
	.loc	4 79 5 is_stmt 0                @ rt-thread/include\rtservice.h:79:5
	ldr	r1, [sp]
	.loc	4 79 13                         @ rt-thread/include\rtservice.h:79:13
	str	r0, [r1]
	.loc	4 80 1 is_stmt 1                @ rt-thread/include\rtservice.h:80:1
	add	sp, #8
	bx	lr
.Ltmp3:
.Lfunc_end1:
	.size	rt_list_insert_before, .Lfunc_end1-rt_list_insert_before
	.cfi_endproc
	.cantunwind
	.fnend
                                        @ -- End function
	.section	.text.rt_wqueue_remove,"ax",%progbits
	.hidden	rt_wqueue_remove                @ -- Begin function rt_wqueue_remove
	.globl	rt_wqueue_remove
	.p2align	3
	.type	rt_wqueue_remove,%function
	.code	16                              @ @rt_wqueue_remove
	.thumb_func
rt_wqueue_remove:
.Lfunc_begin2:
	.loc	3 28 0                          @ rt-thread/components/drivers/src/waitqueue.c:28:0
	.fnstart
	.cfi_startproc
@ %bb.0:
	.save	{r7, lr}
	push	{r7, lr}
	.cfi_def_cfa_offset 8
	.cfi_offset lr, -4
	.cfi_offset r7, -8
	.pad	#8
	sub	sp, #8
	.cfi_def_cfa_offset 16
	str	r0, [sp, #4]
.Ltmp4:
	.loc	3 31 13 prologue_end            @ rt-thread/components/drivers/src/waitqueue.c:31:13
	bl	rt_hw_interrupt_disable
	.loc	3 31 11 is_stmt 0               @ rt-thread/components/drivers/src/waitqueue.c:31:11
	str	r0, [sp]
	.loc	3 32 22 is_stmt 1               @ rt-thread/components/drivers/src/waitqueue.c:32:22
	ldr	r0, [sp, #4]
	.loc	3 32 28 is_stmt 0               @ rt-thread/components/drivers/src/waitqueue.c:32:28
	adds	r0, #4
	.loc	3 32 5                          @ rt-thread/components/drivers/src/waitqueue.c:32:5
	bl	rt_list_remove
	.loc	3 33 28 is_stmt 1               @ rt-thread/components/drivers/src/waitqueue.c:33:28
	ldr	r0, [sp]
	.loc	3 33 5 is_stmt 0                @ rt-thread/components/drivers/src/waitqueue.c:33:5
	bl	rt_hw_interrupt_enable
	.loc	3 34 1 is_stmt 1                @ rt-thread/components/drivers/src/waitqueue.c:34:1
	add	sp, #8
	pop	{r7, pc}
.Ltmp5:
.Lfunc_end2:
	.size	rt_wqueue_remove, .Lfunc_end2-rt_wqueue_remove
	.cfi_endproc
	.cantunwind
	.fnend
                                        @ -- End function
	.section	.text.rt_list_remove,"ax",%progbits
	.p2align	3                               @ -- Begin function rt_list_remove
	.type	rt_list_remove,%function
	.code	16                              @ @rt_list_remove
	.thumb_func
rt_list_remove:
.Lfunc_begin3:
	.loc	4 87 0                          @ rt-thread/include\rtservice.h:87:0
	.fnstart
	.cfi_startproc
@ %bb.0:
	.pad	#4
	sub	sp, #4
	.cfi_def_cfa_offset 4
	str	r0, [sp]
.Ltmp6:
	.loc	4 88 21 prologue_end            @ rt-thread/include\rtservice.h:88:21
	ldr	r0, [sp]
	.loc	4 88 8 is_stmt 0                @ rt-thread/include\rtservice.h:88:8
	ldr	r1, [r0]
	.loc	4 88 24                         @ rt-thread/include\rtservice.h:88:24
	ldr	r0, [r0, #4]
	.loc	4 88 19                         @ rt-thread/include\rtservice.h:88:19
	str	r0, [r1, #4]
	.loc	4 89 21 is_stmt 1               @ rt-thread/include\rtservice.h:89:21
	ldr	r1, [sp]
	.loc	4 89 24 is_stmt 0               @ rt-thread/include\rtservice.h:89:24
	ldr	r0, [r1]
	.loc	4 89 8                          @ rt-thread/include\rtservice.h:89:8
	ldr	r1, [r1, #4]
	.loc	4 89 19                         @ rt-thread/include\rtservice.h:89:19
	str	r0, [r1]
	.loc	4 91 25 is_stmt 1               @ rt-thread/include\rtservice.h:91:25
	ldr	r0, [sp]
	.loc	4 91 23 is_stmt 0               @ rt-thread/include\rtservice.h:91:23
	str	r0, [r0, #4]
	.loc	4 91 5                          @ rt-thread/include\rtservice.h:91:5
	ldr	r1, [sp]
	.loc	4 91 13                         @ rt-thread/include\rtservice.h:91:13
	str	r0, [r1]
	.loc	4 92 1 is_stmt 1                @ rt-thread/include\rtservice.h:92:1
	add	sp, #4
	bx	lr
.Ltmp7:
.Lfunc_end3:
	.size	rt_list_remove, .Lfunc_end3-rt_list_remove
	.cfi_endproc
	.cantunwind
	.fnend
                                        @ -- End function
	.section	.text.__wqueue_default_wake,"ax",%progbits
	.hidden	__wqueue_default_wake           @ -- Begin function __wqueue_default_wake
	.globl	__wqueue_default_wake
	.p2align	3
	.type	__wqueue_default_wake,%function
	.code	16                              @ @__wqueue_default_wake
	.thumb_func
__wqueue_default_wake:
.Lfunc_begin4:
	.loc	3 37 0                          @ rt-thread/components/drivers/src/waitqueue.c:37:0
	.fnstart
	.cfi_startproc
@ %bb.0:
	.pad	#8
	sub	sp, #8
	.cfi_def_cfa_offset 8
	str	r0, [sp, #4]
	str	r1, [sp]
	movs	r0, #0
.Ltmp8:
	.loc	3 38 5 prologue_end             @ rt-thread/components/drivers/src/waitqueue.c:38:5
	add	sp, #8
	bx	lr
.Ltmp9:
.Lfunc_end4:
	.size	__wqueue_default_wake, .Lfunc_end4-__wqueue_default_wake
	.cfi_endproc
	.cantunwind
	.fnend
                                        @ -- End function
	.section	.text.rt_wqueue_wakeup,"ax",%progbits
	.hidden	rt_wqueue_wakeup                @ -- Begin function rt_wqueue_wakeup
	.globl	rt_wqueue_wakeup
	.p2align	3
	.type	rt_wqueue_wakeup,%function
	.code	16                              @ @rt_wqueue_wakeup
	.thumb_func
rt_wqueue_wakeup:
.Lfunc_begin5:
	.loc	3 42 0                          @ rt-thread/components/drivers/src/waitqueue.c:42:0
	.fnstart
	.cfi_startproc
@ %bb.0:
	.save	{r7, lr}
	push	{r7, lr}
	.cfi_def_cfa_offset 8
	.cfi_offset lr, -4
	.cfi_offset r7, -8
	.pad	#32
	sub	sp, #32
	.cfi_def_cfa_offset 40
	str	r0, [sp, #28]
	str	r1, [sp, #24]
	movs	r0, #0
.Ltmp10:
	.loc	3 44 18 prologue_end            @ rt-thread/components/drivers/src/waitqueue.c:44:18
	str	r0, [sp, #16]
	.loc	3 50 20                         @ rt-thread/components/drivers/src/waitqueue.c:50:20
	ldr	r0, [sp, #28]
	.loc	3 50 27 is_stmt 0               @ rt-thread/components/drivers/src/waitqueue.c:50:27
	adds	r0, #4
	.loc	3 50 16                         @ rt-thread/components/drivers/src/waitqueue.c:50:16
	str	r0, [sp, #12]
	.loc	3 52 13 is_stmt 1               @ rt-thread/components/drivers/src/waitqueue.c:52:13
	bl	rt_hw_interrupt_disable
	.loc	3 52 11 is_stmt 0               @ rt-thread/components/drivers/src/waitqueue.c:52:11
	str	r0, [sp, #20]
	.loc	3 54 5 is_stmt 1                @ rt-thread/components/drivers/src/waitqueue.c:54:5
	ldr	r1, [sp, #28]
	movs	r0, #1
	.loc	3 54 17 is_stmt 0               @ rt-thread/components/drivers/src/waitqueue.c:54:17
	str	r0, [r1]
.Ltmp11:
	.loc	3 56 27 is_stmt 1               @ rt-thread/components/drivers/src/waitqueue.c:56:27
	ldr	r0, [sp, #12]
	.loc	3 56 11 is_stmt 0               @ rt-thread/components/drivers/src/waitqueue.c:56:11
	bl	rt_list_isempty
.Ltmp12:
	.loc	3 56 9                          @ rt-thread/components/drivers/src/waitqueue.c:56:9
	cbnz	r0, .LBB5_8
	b	.LBB5_1
.LBB5_1:
.Ltmp13:
	.loc	3 58 21 is_stmt 1               @ rt-thread/components/drivers/src/waitqueue.c:58:21
	ldr	r0, [sp, #12]
	.loc	3 58 33 is_stmt 0               @ rt-thread/components/drivers/src/waitqueue.c:58:33
	ldr	r0, [r0]
	.loc	3 58 19                         @ rt-thread/components/drivers/src/waitqueue.c:58:19
	str	r0, [sp, #8]
	.loc	3 58 14                         @ rt-thread/components/drivers/src/waitqueue.c:58:14
	b	.LBB5_2
.LBB5_2:                                @ =>This Inner Loop Header: Depth=1
.Ltmp14:
	.loc	3 58 39                         @ rt-thread/components/drivers/src/waitqueue.c:58:39
	ldr	r0, [sp, #8]
	.loc	3 58 47                         @ rt-thread/components/drivers/src/waitqueue.c:58:47
	ldr	r1, [sp, #12]
.Ltmp15:
	.loc	3 58 9                          @ rt-thread/components/drivers/src/waitqueue.c:58:9
	cmp	r0, r1
	beq	.LBB5_7
	b	.LBB5_3
.LBB5_3:                                @   in Loop: Header=BB5_2 Depth=1
.Ltmp16:
	.loc	3 60 21 is_stmt 1               @ rt-thread/components/drivers/src/waitqueue.c:60:21
	ldr	r0, [sp, #8]
	subs	r0, #4
	.loc	3 60 19 is_stmt 0               @ rt-thread/components/drivers/src/waitqueue.c:60:19
	str	r0, [sp, #4]
.Ltmp17:
	.loc	3 61 17 is_stmt 1               @ rt-thread/components/drivers/src/waitqueue.c:61:17
	ldr	r0, [sp, #4]
	.loc	3 61 24 is_stmt 0               @ rt-thread/components/drivers/src/waitqueue.c:61:24
	ldr	r2, [r0, #12]
	.loc	3 61 38                         @ rt-thread/components/drivers/src/waitqueue.c:61:38
	ldr	r1, [sp, #24]
	.loc	3 61 17                         @ rt-thread/components/drivers/src/waitqueue.c:61:17
	blx	r2
.Ltmp18:
	.loc	3 61 17                         @ rt-thread/components/drivers/src/waitqueue.c:61:17
	cbnz	r0, .LBB5_5
	b	.LBB5_4
.LBB5_4:
.Ltmp19:
	.loc	3 63 34 is_stmt 1               @ rt-thread/components/drivers/src/waitqueue.c:63:34
	ldr	r0, [sp, #4]
	.loc	3 63 41 is_stmt 0               @ rt-thread/components/drivers/src/waitqueue.c:63:41
	ldr	r0, [r0]
	.loc	3 63 17                         @ rt-thread/components/drivers/src/waitqueue.c:63:17
	bl	rt_thread_resume
	movs	r0, #1
	.loc	3 64 31 is_stmt 1               @ rt-thread/components/drivers/src/waitqueue.c:64:31
	str	r0, [sp, #16]
	.loc	3 66 34                         @ rt-thread/components/drivers/src/waitqueue.c:66:34
	ldr	r0, [sp, #4]
	.loc	3 66 17 is_stmt 0               @ rt-thread/components/drivers/src/waitqueue.c:66:17
	bl	rt_wqueue_remove
	.loc	3 67 17 is_stmt 1               @ rt-thread/components/drivers/src/waitqueue.c:67:17
	b	.LBB5_7
.Ltmp20:
.LBB5_5:                                @   in Loop: Header=BB5_2 Depth=1
	.loc	3 69 9                          @ rt-thread/components/drivers/src/waitqueue.c:69:9
	b	.LBB5_6
.Ltmp21:
.LBB5_6:                                @   in Loop: Header=BB5_2 Depth=1
	.loc	3 58 66                         @ rt-thread/components/drivers/src/waitqueue.c:58:66
	ldr	r0, [sp, #8]
	.loc	3 58 72 is_stmt 0               @ rt-thread/components/drivers/src/waitqueue.c:58:72
	ldr	r0, [r0]
	.loc	3 58 64                         @ rt-thread/components/drivers/src/waitqueue.c:58:64
	str	r0, [sp, #8]
	.loc	3 58 9                          @ rt-thread/components/drivers/src/waitqueue.c:58:9
	b	.LBB5_2
.Ltmp22:
.LBB5_7:
	.loc	3 70 5 is_stmt 1                @ rt-thread/components/drivers/src/waitqueue.c:70:5
	b	.LBB5_8
.Ltmp23:
.LBB5_8:
	.loc	3 71 28                         @ rt-thread/components/drivers/src/waitqueue.c:71:28
	ldr	r0, [sp, #20]
	.loc	3 71 5 is_stmt 0                @ rt-thread/components/drivers/src/waitqueue.c:71:5
	bl	rt_hw_interrupt_enable
.Ltmp24:
	.loc	3 73 9 is_stmt 1                @ rt-thread/components/drivers/src/waitqueue.c:73:9
	ldr	r0, [sp, #16]
.Ltmp25:
	.loc	3 73 9 is_stmt 0                @ rt-thread/components/drivers/src/waitqueue.c:73:9
	cbz	r0, .LBB5_10
	b	.LBB5_9
.LBB5_9:
.Ltmp26:
	.loc	3 74 9 is_stmt 1                @ rt-thread/components/drivers/src/waitqueue.c:74:9
	bl	rt_schedule
	b	.LBB5_10
.Ltmp27:
.LBB5_10:
	.loc	3 75 1                          @ rt-thread/components/drivers/src/waitqueue.c:75:1
	add	sp, #32
	pop	{r7, pc}
.Ltmp28:
.Lfunc_end5:
	.size	rt_wqueue_wakeup, .Lfunc_end5-rt_wqueue_wakeup
	.cfi_endproc
	.cantunwind
	.fnend
                                        @ -- End function
	.section	.text.rt_list_isempty,"ax",%progbits
	.p2align	3                               @ -- Begin function rt_list_isempty
	.type	rt_list_isempty,%function
	.code	16                              @ @rt_list_isempty
	.thumb_func
rt_list_isempty:
.Lfunc_begin6:
	.loc	4 99 0                          @ rt-thread/include\rtservice.h:99:0
	.fnstart
	.cfi_startproc
@ %bb.0:
	.pad	#4
	sub	sp, #4
	.cfi_def_cfa_offset 4
	str	r0, [sp]
.Ltmp29:
	.loc	4 100 12 prologue_end           @ rt-thread/include\rtservice.h:100:12
	ldr	r1, [sp]
	.loc	4 100 15 is_stmt 0              @ rt-thread/include\rtservice.h:100:15
	ldr	r0, [r1]
	.loc	4 100 20                        @ rt-thread/include\rtservice.h:100:20
	subs	r0, r0, r1
	clz	r0, r0
	lsrs	r0, r0, #5
	.loc	4 100 5                         @ rt-thread/include\rtservice.h:100:5
	add	sp, #4
	bx	lr
.Ltmp30:
.Lfunc_end6:
	.size	rt_list_isempty, .Lfunc_end6-rt_list_isempty
	.cfi_endproc
	.cantunwind
	.fnend
                                        @ -- End function
	.section	.text.rt_wqueue_wait,"ax",%progbits
	.hidden	rt_wqueue_wait                  @ -- Begin function rt_wqueue_wait
	.globl	rt_wqueue_wait
	.p2align	3
	.type	rt_wqueue_wait,%function
	.code	16                              @ @rt_wqueue_wait
	.thumb_func
rt_wqueue_wait:
.Lfunc_begin7:
	.loc	3 78 0 is_stmt 1                @ rt-thread/components/drivers/src/waitqueue.c:78:0
	.fnstart
	.cfi_startproc
@ %bb.0:
	.save	{r7, lr}
	push	{r7, lr}
	.cfi_def_cfa_offset 8
	.cfi_offset lr, -4
	.cfi_offset r7, -8
	.pad	#64
	sub	sp, #64
	.cfi_def_cfa_offset 72
	str	r0, [sp, #56]
	str	r1, [sp, #52]
	str	r2, [sp, #48]
.Ltmp31:
	.loc	3 80 23 prologue_end            @ rt-thread/components/drivers/src/waitqueue.c:80:23
	bl	rt_thread_self
	.loc	3 80 17 is_stmt 0               @ rt-thread/components/drivers/src/waitqueue.c:80:17
	str	r0, [sp, #40]
	.loc	3 81 25 is_stmt 1               @ rt-thread/components/drivers/src/waitqueue.c:81:25
	ldr	r0, [sp, #40]
	.loc	3 81 30 is_stmt 0               @ rt-thread/components/drivers/src/waitqueue.c:81:30
	adds	r0, #76
	.loc	3 81 17                         @ rt-thread/components/drivers/src/waitqueue.c:81:17
	str	r0, [sp, #36]
	.loc	3 86 5 is_stmt 1                @ rt-thread/components/drivers/src/waitqueue.c:86:5
	b	.LBB7_1
.LBB7_1:
.Ltmp32:
	.loc	3 86 5 is_stmt 0                @ rt-thread/components/drivers/src/waitqueue.c:86:5
	bl	rt_hw_interrupt_disable
	str	r0, [sp, #8]
.Ltmp33:
	.loc	3 86 5                          @ rt-thread/components/drivers/src/waitqueue.c:86:5
	bl	rt_interrupt_get_nest
.Ltmp34:
	.loc	3 86 5                          @ rt-thread/components/drivers/src/waitqueue.c:86:5
	cbz	r0, .LBB7_3
	b	.LBB7_2
.LBB7_2:
.Ltmp35:
	.loc	3 86 5                          @ rt-thread/components/drivers/src/waitqueue.c:86:5
	movw	r0, :lower16:.L.str
	movt	r0, :upper16:.L.str
	movw	r1, :lower16:.L__FUNCTION__.rt_wqueue_wait
	movt	r1, :upper16:.L__FUNCTION__.rt_wqueue_wait
	movs	r2, #86
	bl	rt_assert_handler
.Ltmp36:
	.loc	3 86 5                          @ rt-thread/components/drivers/src/waitqueue.c:86:5
	b	.LBB7_3
.Ltmp37:
.LBB7_3:
	.loc	3 86 5                          @ rt-thread/components/drivers/src/waitqueue.c:86:5
	ldr	r0, [sp, #8]
	bl	rt_hw_interrupt_enable
	b	.LBB7_4
.Ltmp38:
.LBB7_4:
	.loc	3 88 37 is_stmt 1               @ rt-thread/components/drivers/src/waitqueue.c:88:37
	ldr	r0, [sp, #48]
	.loc	3 88 12 is_stmt 0               @ rt-thread/components/drivers/src/waitqueue.c:88:12
	bl	rt_tick_from_millisecond
	.loc	3 88 10                         @ rt-thread/components/drivers/src/waitqueue.c:88:10
	str	r0, [sp, #44]
.Ltmp39:
	.loc	3 90 10 is_stmt 1               @ rt-thread/components/drivers/src/waitqueue.c:90:10
	ldr	r0, [sp, #52]
	.loc	3 90 21 is_stmt 0               @ rt-thread/components/drivers/src/waitqueue.c:90:21
	cbnz	r0, .LBB7_6
	b	.LBB7_5
.LBB7_5:
	.loc	3 90 25                         @ rt-thread/components/drivers/src/waitqueue.c:90:25
	ldr	r0, [sp, #44]
.Ltmp40:
	.loc	3 90 9                          @ rt-thread/components/drivers/src/waitqueue.c:90:9
	cbnz	r0, .LBB7_7
	b	.LBB7_6
.LBB7_6:
	.loc	3 0 9                           @ rt-thread/components/drivers/src/waitqueue.c:0:9
	movs	r0, #0
.Ltmp41:
	.loc	3 91 9 is_stmt 1                @ rt-thread/components/drivers/src/waitqueue.c:91:9
	str	r0, [sp, #60]
	b	.LBB7_13
.Ltmp42:
.LBB7_7:
	.loc	3 93 29                         @ rt-thread/components/drivers/src/waitqueue.c:93:29
	bl	rt_thread_self
	.loc	3 93 27 is_stmt 0               @ rt-thread/components/drivers/src/waitqueue.c:93:27
	str	r0, [sp, #16]
	movs	r0, #0
	.loc	3 94 16 is_stmt 1               @ rt-thread/components/drivers/src/waitqueue.c:94:16
	str	r0, [sp, #32]
	.loc	3 95 19                         @ rt-thread/components/drivers/src/waitqueue.c:95:19
	movw	r0, :lower16:__wqueue_default_wake
	movt	r0, :upper16:__wqueue_default_wake
	str	r0, [sp, #28]
	add	r0, sp, #16
	.loc	3 96 26                         @ rt-thread/components/drivers/src/waitqueue.c:96:26
	adds	r0, #4
	.loc	3 96 5 is_stmt 0                @ rt-thread/components/drivers/src/waitqueue.c:96:5
	bl	rt_list_init
	.loc	3 98 13 is_stmt 1               @ rt-thread/components/drivers/src/waitqueue.c:98:13
	bl	rt_hw_interrupt_disable
	.loc	3 98 11 is_stmt 0               @ rt-thread/components/drivers/src/waitqueue.c:98:11
	str	r0, [sp, #12]
.Ltmp43:
	.loc	3 99 9 is_stmt 1                @ rt-thread/components/drivers/src/waitqueue.c:99:9
	ldr	r0, [sp, #56]
	.loc	3 99 16 is_stmt 0               @ rt-thread/components/drivers/src/waitqueue.c:99:16
	ldr	r0, [r0]
.Ltmp44:
	.loc	3 99 9                          @ rt-thread/components/drivers/src/waitqueue.c:99:9
	cmp	r0, #1
	bne	.LBB7_9
	b	.LBB7_8
.LBB7_8:
.Ltmp45:
	.loc	3 102 9 is_stmt 1               @ rt-thread/components/drivers/src/waitqueue.c:102:9
	b	.LBB7_12
.Ltmp46:
.LBB7_9:
	.loc	3 105 19                        @ rt-thread/components/drivers/src/waitqueue.c:105:19
	ldr	r0, [sp, #56]
	add	r1, sp, #16
	.loc	3 105 5 is_stmt 0               @ rt-thread/components/drivers/src/waitqueue.c:105:5
	bl	rt_wqueue_add
	.loc	3 106 23 is_stmt 1              @ rt-thread/components/drivers/src/waitqueue.c:106:23
	ldr	r0, [sp, #40]
	.loc	3 106 5 is_stmt 0               @ rt-thread/components/drivers/src/waitqueue.c:106:5
	bl	rt_thread_suspend
.Ltmp47:
	.loc	3 109 9 is_stmt 1               @ rt-thread/components/drivers/src/waitqueue.c:109:9
	ldr	r0, [sp, #44]
.Ltmp48:
	.loc	3 109 9 is_stmt 0               @ rt-thread/components/drivers/src/waitqueue.c:109:9
	adds	r0, #1
	cbz	r0, .LBB7_11
	b	.LBB7_10
.LBB7_10:
.Ltmp49:
	.loc	3 111 26 is_stmt 1              @ rt-thread/components/drivers/src/waitqueue.c:111:26
	ldr	r0, [sp, #36]
	movs	r1, #0
	add	r2, sp, #44
	.loc	3 111 9 is_stmt 0               @ rt-thread/components/drivers/src/waitqueue.c:111:9
	bl	rt_timer_control
	.loc	3 115 24 is_stmt 1              @ rt-thread/components/drivers/src/waitqueue.c:115:24
	ldr	r0, [sp, #36]
	.loc	3 115 9 is_stmt 0               @ rt-thread/components/drivers/src/waitqueue.c:115:9
	bl	rt_timer_start
	.loc	3 116 5 is_stmt 1               @ rt-thread/components/drivers/src/waitqueue.c:116:5
	b	.LBB7_11
.Ltmp50:
.LBB7_11:
	.loc	3 117 28                        @ rt-thread/components/drivers/src/waitqueue.c:117:28
	ldr	r0, [sp, #12]
	.loc	3 117 5 is_stmt 0               @ rt-thread/components/drivers/src/waitqueue.c:117:5
	bl	rt_hw_interrupt_enable
	.loc	3 119 5 is_stmt 1               @ rt-thread/components/drivers/src/waitqueue.c:119:5
	bl	rt_schedule
	.loc	3 121 13                        @ rt-thread/components/drivers/src/waitqueue.c:121:13
	bl	rt_hw_interrupt_disable
	.loc	3 121 11 is_stmt 0              @ rt-thread/components/drivers/src/waitqueue.c:121:11
	str	r0, [sp, #12]
	.loc	3 121 5                         @ rt-thread/components/drivers/src/waitqueue.c:121:5
	b	.LBB7_12
.LBB7_12:
.Ltmp51:
	@DEBUG_LABEL: rt_wqueue_wait:__exit_wakeup
	.loc	3 124 5 is_stmt 1               @ rt-thread/components/drivers/src/waitqueue.c:124:5
	ldr	r1, [sp, #56]
	movs	r0, #0
	.loc	3 124 17 is_stmt 0              @ rt-thread/components/drivers/src/waitqueue.c:124:17
	str	r0, [sp, #4]                    @ 4-byte Spill
	str	r0, [r1]
	.loc	3 125 28 is_stmt 1              @ rt-thread/components/drivers/src/waitqueue.c:125:28
	ldr	r0, [sp, #12]
	.loc	3 125 5 is_stmt 0               @ rt-thread/components/drivers/src/waitqueue.c:125:5
	bl	rt_hw_interrupt_enable
	add	r0, sp, #16
	.loc	3 127 5 is_stmt 1               @ rt-thread/components/drivers/src/waitqueue.c:127:5
	bl	rt_wqueue_remove
	ldr	r0, [sp, #4]                    @ 4-byte Reload
	.loc	3 129 5                         @ rt-thread/components/drivers/src/waitqueue.c:129:5
	str	r0, [sp, #60]
	b	.LBB7_13
.LBB7_13:
	.loc	3 130 1                         @ rt-thread/components/drivers/src/waitqueue.c:130:1
	ldr	r0, [sp, #60]
	add	sp, #64
	pop	{r7, pc}
.Ltmp52:
.Lfunc_end7:
	.size	rt_wqueue_wait, .Lfunc_end7-rt_wqueue_wait
	.cfi_endproc
	.cantunwind
	.fnend
                                        @ -- End function
	.section	.text.rt_list_init,"ax",%progbits
	.p2align	3                               @ -- Begin function rt_list_init
	.type	rt_list_init,%function
	.code	16                              @ @rt_list_init
	.thumb_func
rt_list_init:
.Lfunc_begin8:
	.loc	4 48 0                          @ rt-thread/include\rtservice.h:48:0
	.fnstart
	.cfi_startproc
@ %bb.0:
	.pad	#4
	sub	sp, #4
	.cfi_def_cfa_offset 4
	str	r0, [sp]
.Ltmp53:
	.loc	4 49 25 prologue_end            @ rt-thread/include\rtservice.h:49:25
	ldr	r0, [sp]
	.loc	4 49 23 is_stmt 0               @ rt-thread/include\rtservice.h:49:23
	str	r0, [r0, #4]
	.loc	4 49 5                          @ rt-thread/include\rtservice.h:49:5
	ldr	r1, [sp]
	.loc	4 49 13                         @ rt-thread/include\rtservice.h:49:13
	str	r0, [r1]
	.loc	4 50 1 is_stmt 1                @ rt-thread/include\rtservice.h:50:1
	add	sp, #4
	bx	lr
.Ltmp54:
.Lfunc_end8:
	.size	rt_list_init, .Lfunc_end8-rt_list_init
	.cfi_endproc
	.cantunwind
	.fnend
                                        @ -- End function
	.type	.L.str,%object                  @ @.str
	.section	.rodata.str1.1,"aMS",%progbits,1
.L.str:
	.asciz	"0"
	.size	.L.str, 2

	.type	.L__FUNCTION__.rt_wqueue_wait,%object @ @__FUNCTION__.rt_wqueue_wait
.L__FUNCTION__.rt_wqueue_wait:
	.asciz	"rt_wqueue_wait"
	.size	.L__FUNCTION__.rt_wqueue_wait, 15

	.section	.debug_abbrev,"",%progbits
	.byte	1                               @ Abbreviation Code
	.byte	17                              @ DW_TAG_compile_unit
	.byte	1                               @ DW_CHILDREN_yes
	.byte	37                              @ DW_AT_producer
	.byte	14                              @ DW_FORM_strp
	.byte	19                              @ DW_AT_language
	.byte	5                               @ DW_FORM_data2
	.byte	3                               @ DW_AT_name
	.byte	14                              @ DW_FORM_strp
	.byte	16                              @ DW_AT_stmt_list
	.byte	6                               @ DW_FORM_data4
	.byte	27                              @ DW_AT_comp_dir
	.byte	14                              @ DW_FORM_strp
	.byte	17                              @ DW_AT_low_pc
	.byte	1                               @ DW_FORM_addr
	.byte	85                              @ DW_AT_ranges
	.byte	6                               @ DW_FORM_data4
	.byte	0                               @ EOM(1)
	.byte	0                               @ EOM(2)
	.byte	2                               @ Abbreviation Code
	.byte	15                              @ DW_TAG_pointer_type
	.byte	0                               @ DW_CHILDREN_no
	.byte	73                              @ DW_AT_type
	.byte	19                              @ DW_FORM_ref4
	.byte	0                               @ EOM(1)
	.byte	0                               @ EOM(2)
	.byte	3                               @ Abbreviation Code
	.byte	19                              @ DW_TAG_structure_type
	.byte	1                               @ DW_CHILDREN_yes
	.byte	3                               @ DW_AT_name
	.byte	14                              @ DW_FORM_strp
	.byte	11                              @ DW_AT_byte_size
	.byte	11                              @ DW_FORM_data1
	.byte	58                              @ DW_AT_decl_file
	.byte	11                              @ DW_FORM_data1
	.byte	59                              @ DW_AT_decl_line
	.byte	11                              @ DW_FORM_data1
	.byte	0                               @ EOM(1)
	.byte	0                               @ EOM(2)
	.byte	4                               @ Abbreviation Code
	.byte	13                              @ DW_TAG_member
	.byte	0                               @ DW_CHILDREN_no
	.byte	3                               @ DW_AT_name
	.byte	14                              @ DW_FORM_strp
	.byte	73                              @ DW_AT_type
	.byte	19                              @ DW_FORM_ref4
	.byte	58                              @ DW_AT_decl_file
	.byte	11                              @ DW_FORM_data1
	.byte	59                              @ DW_AT_decl_line
	.byte	11                              @ DW_FORM_data1
	.byte	56                              @ DW_AT_data_member_location
	.byte	11                              @ DW_FORM_data1
	.byte	0                               @ EOM(1)
	.byte	0                               @ EOM(2)
	.byte	5                               @ Abbreviation Code
	.byte	22                              @ DW_TAG_typedef
	.byte	0                               @ DW_CHILDREN_no
	.byte	73                              @ DW_AT_type
	.byte	19                              @ DW_FORM_ref4
	.byte	3                               @ DW_AT_name
	.byte	14                              @ DW_FORM_strp
	.byte	58                              @ DW_AT_decl_file
	.byte	11                              @ DW_FORM_data1
	.byte	59                              @ DW_AT_decl_line
	.byte	5                               @ DW_FORM_data2
	.byte	0                               @ EOM(1)
	.byte	0                               @ EOM(2)
	.byte	6                               @ Abbreviation Code
	.byte	19                              @ DW_TAG_structure_type
	.byte	1                               @ DW_CHILDREN_yes
	.byte	3                               @ DW_AT_name
	.byte	14                              @ DW_FORM_strp
	.byte	11                              @ DW_AT_byte_size
	.byte	11                              @ DW_FORM_data1
	.byte	58                              @ DW_AT_decl_file
	.byte	11                              @ DW_FORM_data1
	.byte	59                              @ DW_AT_decl_line
	.byte	5                               @ DW_FORM_data2
	.byte	0                               @ EOM(1)
	.byte	0                               @ EOM(2)
	.byte	7                               @ Abbreviation Code
	.byte	13                              @ DW_TAG_member
	.byte	0                               @ DW_CHILDREN_no
	.byte	3                               @ DW_AT_name
	.byte	14                              @ DW_FORM_strp
	.byte	73                              @ DW_AT_type
	.byte	19                              @ DW_FORM_ref4
	.byte	58                              @ DW_AT_decl_file
	.byte	11                              @ DW_FORM_data1
	.byte	59                              @ DW_AT_decl_line
	.byte	5                               @ DW_FORM_data2
	.byte	56                              @ DW_AT_data_member_location
	.byte	11                              @ DW_FORM_data1
	.byte	0                               @ EOM(1)
	.byte	0                               @ EOM(2)
	.byte	8                               @ Abbreviation Code
	.byte	1                               @ DW_TAG_array_type
	.byte	1                               @ DW_CHILDREN_yes
	.byte	73                              @ DW_AT_type
	.byte	19                              @ DW_FORM_ref4
	.byte	0                               @ EOM(1)
	.byte	0                               @ EOM(2)
	.byte	9                               @ Abbreviation Code
	.byte	33                              @ DW_TAG_subrange_type
	.byte	0                               @ DW_CHILDREN_no
	.byte	73                              @ DW_AT_type
	.byte	19                              @ DW_FORM_ref4
	.byte	55                              @ DW_AT_count
	.byte	11                              @ DW_FORM_data1
	.byte	0                               @ EOM(1)
	.byte	0                               @ EOM(2)
	.byte	10                              @ Abbreviation Code
	.byte	36                              @ DW_TAG_base_type
	.byte	0                               @ DW_CHILDREN_no
	.byte	3                               @ DW_AT_name
	.byte	14                              @ DW_FORM_strp
	.byte	62                              @ DW_AT_encoding
	.byte	11                              @ DW_FORM_data1
	.byte	11                              @ DW_AT_byte_size
	.byte	11                              @ DW_FORM_data1
	.byte	0                               @ EOM(1)
	.byte	0                               @ EOM(2)
	.byte	11                              @ Abbreviation Code
	.byte	36                              @ DW_TAG_base_type
	.byte	0                               @ DW_CHILDREN_no
	.byte	3                               @ DW_AT_name
	.byte	14                              @ DW_FORM_strp
	.byte	11                              @ DW_AT_byte_size
	.byte	11                              @ DW_FORM_data1
	.byte	62                              @ DW_AT_encoding
	.byte	11                              @ DW_FORM_data1
	.byte	0                               @ EOM(1)
	.byte	0                               @ EOM(2)
	.byte	12                              @ Abbreviation Code
	.byte	22                              @ DW_TAG_typedef
	.byte	0                               @ DW_CHILDREN_no
	.byte	73                              @ DW_AT_type
	.byte	19                              @ DW_FORM_ref4
	.byte	3                               @ DW_AT_name
	.byte	14                              @ DW_FORM_strp
	.byte	58                              @ DW_AT_decl_file
	.byte	11                              @ DW_FORM_data1
	.byte	59                              @ DW_AT_decl_line
	.byte	11                              @ DW_FORM_data1
	.byte	0                               @ EOM(1)
	.byte	0                               @ EOM(2)
	.byte	13                              @ Abbreviation Code
	.byte	15                              @ DW_TAG_pointer_type
	.byte	0                               @ DW_CHILDREN_no
	.byte	0                               @ EOM(1)
	.byte	0                               @ EOM(2)
	.byte	14                              @ Abbreviation Code
	.byte	21                              @ DW_TAG_subroutine_type
	.byte	1                               @ DW_CHILDREN_yes
	.byte	39                              @ DW_AT_prototyped
	.byte	12                              @ DW_FORM_flag
	.byte	0                               @ EOM(1)
	.byte	0                               @ EOM(2)
	.byte	15                              @ Abbreviation Code
	.byte	5                               @ DW_TAG_formal_parameter
	.byte	0                               @ DW_CHILDREN_no
	.byte	73                              @ DW_AT_type
	.byte	19                              @ DW_FORM_ref4
	.byte	0                               @ EOM(1)
	.byte	0                               @ EOM(2)
	.byte	16                              @ Abbreviation Code
	.byte	21                              @ DW_TAG_subroutine_type
	.byte	1                               @ DW_CHILDREN_yes
	.byte	73                              @ DW_AT_type
	.byte	19                              @ DW_FORM_ref4
	.byte	39                              @ DW_AT_prototyped
	.byte	12                              @ DW_FORM_flag
	.byte	0                               @ EOM(1)
	.byte	0                               @ EOM(2)
	.byte	17                              @ Abbreviation Code
	.byte	46                              @ DW_TAG_subprogram
	.byte	1                               @ DW_CHILDREN_yes
	.byte	17                              @ DW_AT_low_pc
	.byte	1                               @ DW_FORM_addr
	.byte	18                              @ DW_AT_high_pc
	.byte	1                               @ DW_FORM_addr
	.byte	64                              @ DW_AT_frame_base
	.byte	10                              @ DW_FORM_block1
	.byte	3                               @ DW_AT_name
	.byte	14                              @ DW_FORM_strp
	.byte	58                              @ DW_AT_decl_file
	.byte	11                              @ DW_FORM_data1
	.byte	59                              @ DW_AT_decl_line
	.byte	11                              @ DW_FORM_data1
	.byte	39                              @ DW_AT_prototyped
	.byte	12                              @ DW_FORM_flag
	.byte	63                              @ DW_AT_external
	.byte	12                              @ DW_FORM_flag
	.byte	0                               @ EOM(1)
	.byte	0                               @ EOM(2)
	.byte	18                              @ Abbreviation Code
	.byte	5                               @ DW_TAG_formal_parameter
	.byte	0                               @ DW_CHILDREN_no
	.byte	2                               @ DW_AT_location
	.byte	10                              @ DW_FORM_block1
	.byte	3                               @ DW_AT_name
	.byte	14                              @ DW_FORM_strp
	.byte	58                              @ DW_AT_decl_file
	.byte	11                              @ DW_FORM_data1
	.byte	59                              @ DW_AT_decl_line
	.byte	11                              @ DW_FORM_data1
	.byte	73                              @ DW_AT_type
	.byte	19                              @ DW_FORM_ref4
	.byte	0                               @ EOM(1)
	.byte	0                               @ EOM(2)
	.byte	19                              @ Abbreviation Code
	.byte	52                              @ DW_TAG_variable
	.byte	0                               @ DW_CHILDREN_no
	.byte	2                               @ DW_AT_location
	.byte	10                              @ DW_FORM_block1
	.byte	3                               @ DW_AT_name
	.byte	14                              @ DW_FORM_strp
	.byte	58                              @ DW_AT_decl_file
	.byte	11                              @ DW_FORM_data1
	.byte	59                              @ DW_AT_decl_line
	.byte	11                              @ DW_FORM_data1
	.byte	73                              @ DW_AT_type
	.byte	19                              @ DW_FORM_ref4
	.byte	0                               @ EOM(1)
	.byte	0                               @ EOM(2)
	.byte	20                              @ Abbreviation Code
	.byte	46                              @ DW_TAG_subprogram
	.byte	1                               @ DW_CHILDREN_yes
	.byte	17                              @ DW_AT_low_pc
	.byte	1                               @ DW_FORM_addr
	.byte	18                              @ DW_AT_high_pc
	.byte	1                               @ DW_FORM_addr
	.byte	64                              @ DW_AT_frame_base
	.byte	10                              @ DW_FORM_block1
	.byte	3                               @ DW_AT_name
	.byte	14                              @ DW_FORM_strp
	.byte	58                              @ DW_AT_decl_file
	.byte	11                              @ DW_FORM_data1
	.byte	59                              @ DW_AT_decl_line
	.byte	11                              @ DW_FORM_data1
	.byte	39                              @ DW_AT_prototyped
	.byte	12                              @ DW_FORM_flag
	.byte	0                               @ EOM(1)
	.byte	0                               @ EOM(2)
	.byte	21                              @ Abbreviation Code
	.byte	46                              @ DW_TAG_subprogram
	.byte	1                               @ DW_CHILDREN_yes
	.byte	17                              @ DW_AT_low_pc
	.byte	1                               @ DW_FORM_addr
	.byte	18                              @ DW_AT_high_pc
	.byte	1                               @ DW_FORM_addr
	.byte	64                              @ DW_AT_frame_base
	.byte	10                              @ DW_FORM_block1
	.byte	3                               @ DW_AT_name
	.byte	14                              @ DW_FORM_strp
	.byte	58                              @ DW_AT_decl_file
	.byte	11                              @ DW_FORM_data1
	.byte	59                              @ DW_AT_decl_line
	.byte	11                              @ DW_FORM_data1
	.byte	39                              @ DW_AT_prototyped
	.byte	12                              @ DW_FORM_flag
	.byte	73                              @ DW_AT_type
	.byte	19                              @ DW_FORM_ref4
	.byte	63                              @ DW_AT_external
	.byte	12                              @ DW_FORM_flag
	.byte	0                               @ EOM(1)
	.byte	0                               @ EOM(2)
	.byte	22                              @ Abbreviation Code
	.byte	46                              @ DW_TAG_subprogram
	.byte	1                               @ DW_CHILDREN_yes
	.byte	17                              @ DW_AT_low_pc
	.byte	1                               @ DW_FORM_addr
	.byte	18                              @ DW_AT_high_pc
	.byte	1                               @ DW_FORM_addr
	.byte	64                              @ DW_AT_frame_base
	.byte	10                              @ DW_FORM_block1
	.byte	3                               @ DW_AT_name
	.byte	14                              @ DW_FORM_strp
	.byte	58                              @ DW_AT_decl_file
	.byte	11                              @ DW_FORM_data1
	.byte	59                              @ DW_AT_decl_line
	.byte	11                              @ DW_FORM_data1
	.byte	39                              @ DW_AT_prototyped
	.byte	12                              @ DW_FORM_flag
	.byte	73                              @ DW_AT_type
	.byte	19                              @ DW_FORM_ref4
	.byte	0                               @ EOM(1)
	.byte	0                               @ EOM(2)
	.byte	23                              @ Abbreviation Code
	.byte	10                              @ DW_TAG_label
	.byte	0                               @ DW_CHILDREN_no
	.byte	3                               @ DW_AT_name
	.byte	14                              @ DW_FORM_strp
	.byte	58                              @ DW_AT_decl_file
	.byte	11                              @ DW_FORM_data1
	.byte	59                              @ DW_AT_decl_line
	.byte	11                              @ DW_FORM_data1
	.byte	17                              @ DW_AT_low_pc
	.byte	1                               @ DW_FORM_addr
	.byte	0                               @ EOM(1)
	.byte	0                               @ EOM(2)
	.byte	24                              @ Abbreviation Code
	.byte	11                              @ DW_TAG_lexical_block
	.byte	1                               @ DW_CHILDREN_yes
	.byte	17                              @ DW_AT_low_pc
	.byte	1                               @ DW_FORM_addr
	.byte	18                              @ DW_AT_high_pc
	.byte	1                               @ DW_FORM_addr
	.byte	0                               @ EOM(1)
	.byte	0                               @ EOM(2)
	.byte	25                              @ Abbreviation Code
	.byte	38                              @ DW_TAG_const_type
	.byte	0                               @ DW_CHILDREN_no
	.byte	73                              @ DW_AT_type
	.byte	19                              @ DW_FORM_ref4
	.byte	0                               @ EOM(1)
	.byte	0                               @ EOM(2)
	.byte	0                               @ EOM(3)
	.section	.debug_info,"",%progbits
.Lcu_begin0:
	.long	.Ldebug_info_end0-.Ldebug_info_start0 @ Length of Unit
.Ldebug_info_start0:
	.short	3                               @ DWARF version number
	.long	.debug_abbrev                   @ Offset Into Abbrev. Section
	.byte	4                               @ Address Size (in bytes)
	.byte	1                               @ Abbrev [1] 0xb:0x5d8 DW_TAG_compile_unit
	.long	.Linfo_string0                  @ DW_AT_producer
	.short	12                              @ DW_AT_language
	.long	.Linfo_string1                  @ DW_AT_name
	.long	.Lline_table_start0             @ DW_AT_stmt_list
	.long	.Linfo_string2                  @ DW_AT_comp_dir
	.long	0                               @ DW_AT_low_pc
	.long	.Ldebug_ranges0                 @ DW_AT_ranges
	.byte	2                               @ Abbrev [2] 0x26:0x5 DW_TAG_pointer_type
	.long	43                              @ DW_AT_type
	.byte	3                               @ Abbrev [3] 0x2b:0x39 DW_TAG_structure_type
	.long	.Linfo_string55                 @ DW_AT_name
	.byte	20                              @ DW_AT_byte_size
	.byte	2                               @ DW_AT_decl_file
	.byte	23                              @ DW_AT_decl_line
	.byte	4                               @ Abbrev [4] 0x33:0xc DW_TAG_member
	.long	.Linfo_string3                  @ DW_AT_name
	.long	100                             @ DW_AT_type
	.byte	2                               @ DW_AT_decl_file
	.byte	25                              @ DW_AT_decl_line
	.byte	0                               @ DW_AT_data_member_location
	.byte	4                               @ Abbrev [4] 0x3f:0xc DW_TAG_member
	.long	.Linfo_string11                 @ DW_AT_name
	.long	457                             @ DW_AT_type
	.byte	2                               @ DW_AT_decl_file
	.byte	26                              @ DW_AT_decl_line
	.byte	4                               @ DW_AT_data_member_location
	.byte	4                               @ Abbrev [4] 0x4b:0xc DW_TAG_member
	.long	.Linfo_string51                 @ DW_AT_name
	.long	775                             @ DW_AT_type
	.byte	2                               @ DW_AT_decl_file
	.byte	28                              @ DW_AT_decl_line
	.byte	12                              @ DW_AT_data_member_location
	.byte	4                               @ Abbrev [4] 0x57:0xc DW_TAG_member
	.long	.Linfo_string54                 @ DW_AT_name
	.long	511                             @ DW_AT_type
	.byte	2                               @ DW_AT_decl_file
	.byte	29                              @ DW_AT_decl_line
	.byte	16                              @ DW_AT_data_member_location
	.byte	0                               @ End Of Children Mark
	.byte	5                               @ Abbrev [5] 0x64:0xc DW_TAG_typedef
	.long	112                             @ DW_AT_type
	.long	.Linfo_string50                 @ DW_AT_name
	.byte	1                               @ DW_AT_decl_file
	.short	628                             @ DW_AT_decl_line
	.byte	2                               @ Abbrev [2] 0x70:0x5 DW_TAG_pointer_type
	.long	117                             @ DW_AT_type
	.byte	6                               @ Abbrev [6] 0x75:0x128 DW_TAG_structure_type
	.long	.Linfo_string49                 @ DW_AT_name
	.byte	128                             @ DW_AT_byte_size
	.byte	1                               @ DW_AT_decl_file
	.short	553                             @ DW_AT_decl_line
	.byte	7                               @ Abbrev [7] 0x7e:0xd DW_TAG_member
	.long	.Linfo_string4                  @ DW_AT_name
	.long	413                             @ DW_AT_type
	.byte	1                               @ DW_AT_decl_file
	.short	556                             @ DW_AT_decl_line
	.byte	0                               @ DW_AT_data_member_location
	.byte	7                               @ Abbrev [7] 0x8b:0xd DW_TAG_member
	.long	.Linfo_string7                  @ DW_AT_name
	.long	439                             @ DW_AT_type
	.byte	1                               @ DW_AT_decl_file
	.short	557                             @ DW_AT_decl_line
	.byte	8                               @ DW_AT_data_member_location
	.byte	7                               @ Abbrev [7] 0x98:0xd DW_TAG_member
	.long	.Linfo_string10                 @ DW_AT_name
	.long	439                             @ DW_AT_type
	.byte	1                               @ DW_AT_decl_file
	.short	558                             @ DW_AT_decl_line
	.byte	9                               @ DW_AT_data_member_location
	.byte	7                               @ Abbrev [7] 0xa5:0xd DW_TAG_member
	.long	.Linfo_string11                 @ DW_AT_name
	.long	457                             @ DW_AT_type
	.byte	1                               @ DW_AT_decl_file
	.short	564                             @ DW_AT_decl_line
	.byte	12                              @ DW_AT_data_member_location
	.byte	7                               @ Abbrev [7] 0xb2:0xd DW_TAG_member
	.long	.Linfo_string16                 @ DW_AT_name
	.long	457                             @ DW_AT_type
	.byte	1                               @ DW_AT_decl_file
	.short	565                             @ DW_AT_decl_line
	.byte	20                              @ DW_AT_data_member_location
	.byte	7                               @ Abbrev [7] 0xbf:0xd DW_TAG_member
	.long	.Linfo_string17                 @ DW_AT_name
	.long	510                             @ DW_AT_type
	.byte	1                               @ DW_AT_decl_file
	.short	568                             @ DW_AT_decl_line
	.byte	28                              @ DW_AT_data_member_location
	.byte	7                               @ Abbrev [7] 0xcc:0xd DW_TAG_member
	.long	.Linfo_string18                 @ DW_AT_name
	.long	510                             @ DW_AT_type
	.byte	1                               @ DW_AT_decl_file
	.short	569                             @ DW_AT_decl_line
	.byte	32                              @ DW_AT_data_member_location
	.byte	7                               @ Abbrev [7] 0xd9:0xd DW_TAG_member
	.long	.Linfo_string19                 @ DW_AT_name
	.long	510                             @ DW_AT_type
	.byte	1                               @ DW_AT_decl_file
	.short	570                             @ DW_AT_decl_line
	.byte	36                              @ DW_AT_data_member_location
	.byte	7                               @ Abbrev [7] 0xe6:0xd DW_TAG_member
	.long	.Linfo_string20                 @ DW_AT_name
	.long	510                             @ DW_AT_type
	.byte	1                               @ DW_AT_decl_file
	.short	571                             @ DW_AT_decl_line
	.byte	40                              @ DW_AT_data_member_location
	.byte	7                               @ Abbrev [7] 0xf3:0xd DW_TAG_member
	.long	.Linfo_string21                 @ DW_AT_name
	.long	511                             @ DW_AT_type
	.byte	1                               @ DW_AT_decl_file
	.short	572                             @ DW_AT_decl_line
	.byte	44                              @ DW_AT_data_member_location
	.byte	7                               @ Abbrev [7] 0x100:0xd DW_TAG_member
	.long	.Linfo_string24                 @ DW_AT_name
	.long	529                             @ DW_AT_type
	.byte	1                               @ DW_AT_decl_file
	.short	575                             @ DW_AT_decl_line
	.byte	48                              @ DW_AT_data_member_location
	.byte	7                               @ Abbrev [7] 0x10d:0xd DW_TAG_member
	.long	.Linfo_string28                 @ DW_AT_name
	.long	439                             @ DW_AT_type
	.byte	1                               @ DW_AT_decl_file
	.short	577                             @ DW_AT_decl_line
	.byte	52                              @ DW_AT_data_member_location
	.byte	7                               @ Abbrev [7] 0x11a:0xd DW_TAG_member
	.long	.Linfo_string29                 @ DW_AT_name
	.long	439                             @ DW_AT_type
	.byte	1                               @ DW_AT_decl_file
	.short	589                             @ DW_AT_decl_line
	.byte	53                              @ DW_AT_data_member_location
	.byte	7                               @ Abbrev [7] 0x127:0xd DW_TAG_member
	.long	.Linfo_string30                 @ DW_AT_name
	.long	439                             @ DW_AT_type
	.byte	1                               @ DW_AT_decl_file
	.short	590                             @ DW_AT_decl_line
	.byte	54                              @ DW_AT_data_member_location
	.byte	7                               @ Abbrev [7] 0x134:0xd DW_TAG_member
	.long	.Linfo_string31                 @ DW_AT_name
	.long	511                             @ DW_AT_type
	.byte	1                               @ DW_AT_decl_file
	.short	595                             @ DW_AT_decl_line
	.byte	56                              @ DW_AT_data_member_location
	.byte	7                               @ Abbrev [7] 0x141:0xd DW_TAG_member
	.long	.Linfo_string32                 @ DW_AT_name
	.long	511                             @ DW_AT_type
	.byte	1                               @ DW_AT_decl_file
	.short	599                             @ DW_AT_decl_line
	.byte	60                              @ DW_AT_data_member_location
	.byte	7                               @ Abbrev [7] 0x14e:0xd DW_TAG_member
	.long	.Linfo_string33                 @ DW_AT_name
	.long	439                             @ DW_AT_type
	.byte	1                               @ DW_AT_decl_file
	.short	600                             @ DW_AT_decl_line
	.byte	64                              @ DW_AT_data_member_location
	.byte	7                               @ Abbrev [7] 0x15b:0xd DW_TAG_member
	.long	.Linfo_string34                 @ DW_AT_name
	.long	558                             @ DW_AT_type
	.byte	1                               @ DW_AT_decl_file
	.short	614                             @ DW_AT_decl_line
	.byte	68                              @ DW_AT_data_member_location
	.byte	7                               @ Abbrev [7] 0x168:0xd DW_TAG_member
	.long	.Linfo_string37                 @ DW_AT_name
	.long	558                             @ DW_AT_type
	.byte	1                               @ DW_AT_decl_file
	.short	615                             @ DW_AT_decl_line
	.byte	72                              @ DW_AT_data_member_location
	.byte	7                               @ Abbrev [7] 0x175:0xd DW_TAG_member
	.long	.Linfo_string38                 @ DW_AT_name
	.long	576                             @ DW_AT_type
	.byte	1                               @ DW_AT_decl_file
	.short	617                             @ DW_AT_decl_line
	.byte	76                              @ DW_AT_data_member_location
	.byte	7                               @ Abbrev [7] 0x182:0xd DW_TAG_member
	.long	.Linfo_string47                 @ DW_AT_name
	.long	762                             @ DW_AT_type
	.byte	1                               @ DW_AT_decl_file
	.short	619                             @ DW_AT_decl_line
	.byte	120                             @ DW_AT_data_member_location
	.byte	7                               @ Abbrev [7] 0x18f:0xd DW_TAG_member
	.long	.Linfo_string48                 @ DW_AT_name
	.long	558                             @ DW_AT_type
	.byte	1                               @ DW_AT_decl_file
	.short	626                             @ DW_AT_decl_line
	.byte	124                             @ DW_AT_data_member_location
	.byte	0                               @ End Of Children Mark
	.byte	8                               @ Abbrev [8] 0x19d:0xc DW_TAG_array_type
	.long	425                             @ DW_AT_type
	.byte	9                               @ Abbrev [9] 0x1a2:0x6 DW_TAG_subrange_type
	.long	432                             @ DW_AT_type
	.byte	8                               @ DW_AT_count
	.byte	0                               @ End Of Children Mark
	.byte	10                              @ Abbrev [10] 0x1a9:0x7 DW_TAG_base_type
	.long	.Linfo_string5                  @ DW_AT_name
	.byte	6                               @ DW_AT_encoding
	.byte	1                               @ DW_AT_byte_size
	.byte	11                              @ Abbrev [11] 0x1b0:0x7 DW_TAG_base_type
	.long	.Linfo_string6                  @ DW_AT_name
	.byte	8                               @ DW_AT_byte_size
	.byte	7                               @ DW_AT_encoding
	.byte	12                              @ Abbrev [12] 0x1b7:0xb DW_TAG_typedef
	.long	450                             @ DW_AT_type
	.long	.Linfo_string9                  @ DW_AT_name
	.byte	1                               @ DW_AT_decl_file
	.byte	67                              @ DW_AT_decl_line
	.byte	10                              @ Abbrev [10] 0x1c2:0x7 DW_TAG_base_type
	.long	.Linfo_string8                  @ DW_AT_name
	.byte	8                               @ DW_AT_encoding
	.byte	1                               @ DW_AT_byte_size
	.byte	5                               @ Abbrev [5] 0x1c9:0xc DW_TAG_typedef
	.long	469                             @ DW_AT_type
	.long	.Linfo_string15                 @ DW_AT_name
	.byte	1                               @ DW_AT_decl_file
	.short	318                             @ DW_AT_decl_line
	.byte	6                               @ Abbrev [6] 0x1d5:0x24 DW_TAG_structure_type
	.long	.Linfo_string14                 @ DW_AT_name
	.byte	8                               @ DW_AT_byte_size
	.byte	1                               @ DW_AT_decl_file
	.short	313                             @ DW_AT_decl_line
	.byte	7                               @ Abbrev [7] 0x1de:0xd DW_TAG_member
	.long	.Linfo_string12                 @ DW_AT_name
	.long	505                             @ DW_AT_type
	.byte	1                               @ DW_AT_decl_file
	.short	315                             @ DW_AT_decl_line
	.byte	0                               @ DW_AT_data_member_location
	.byte	7                               @ Abbrev [7] 0x1eb:0xd DW_TAG_member
	.long	.Linfo_string13                 @ DW_AT_name
	.long	505                             @ DW_AT_type
	.byte	1                               @ DW_AT_decl_file
	.short	316                             @ DW_AT_decl_line
	.byte	4                               @ DW_AT_data_member_location
	.byte	0                               @ End Of Children Mark
	.byte	2                               @ Abbrev [2] 0x1f9:0x5 DW_TAG_pointer_type
	.long	469                             @ DW_AT_type
	.byte	13                              @ Abbrev [13] 0x1fe:0x1 DW_TAG_pointer_type
	.byte	12                              @ Abbrev [12] 0x1ff:0xb DW_TAG_typedef
	.long	522                             @ DW_AT_type
	.long	.Linfo_string23                 @ DW_AT_name
	.byte	1                               @ DW_AT_decl_file
	.byte	69                              @ DW_AT_decl_line
	.byte	10                              @ Abbrev [10] 0x20a:0x7 DW_TAG_base_type
	.long	.Linfo_string22                 @ DW_AT_name
	.byte	7                               @ DW_AT_encoding
	.byte	4                               @ DW_AT_byte_size
	.byte	12                              @ Abbrev [12] 0x211:0xb DW_TAG_typedef
	.long	540                             @ DW_AT_type
	.long	.Linfo_string27                 @ DW_AT_name
	.byte	1                               @ DW_AT_decl_file
	.byte	84                              @ DW_AT_decl_line
	.byte	12                              @ Abbrev [12] 0x21c:0xb DW_TAG_typedef
	.long	551                             @ DW_AT_type
	.long	.Linfo_string26                 @ DW_AT_name
	.byte	1                               @ DW_AT_decl_file
	.byte	81                              @ DW_AT_decl_line
	.byte	10                              @ Abbrev [10] 0x227:0x7 DW_TAG_base_type
	.long	.Linfo_string25                 @ DW_AT_name
	.byte	5                               @ DW_AT_encoding
	.byte	4                               @ DW_AT_byte_size
	.byte	12                              @ Abbrev [12] 0x22e:0xb DW_TAG_typedef
	.long	569                             @ DW_AT_type
	.long	.Linfo_string36                 @ DW_AT_name
	.byte	1                               @ DW_AT_decl_file
	.byte	82                              @ DW_AT_decl_line
	.byte	10                              @ Abbrev [10] 0x239:0x7 DW_TAG_base_type
	.long	.Linfo_string35                 @ DW_AT_name
	.byte	7                               @ DW_AT_encoding
	.byte	4                               @ DW_AT_byte_size
	.byte	6                               @ Abbrev [6] 0x240:0x58 DW_TAG_structure_type
	.long	.Linfo_string46                 @ DW_AT_name
	.byte	44                              @ DW_AT_byte_size
	.byte	1                               @ DW_AT_decl_file
	.short	448                             @ DW_AT_decl_line
	.byte	7                               @ Abbrev [7] 0x249:0xd DW_TAG_member
	.long	.Linfo_string39                 @ DW_AT_name
	.long	664                             @ DW_AT_type
	.byte	1                               @ DW_AT_decl_file
	.short	450                             @ DW_AT_decl_line
	.byte	0                               @ DW_AT_data_member_location
	.byte	7                               @ Abbrev [7] 0x256:0xd DW_TAG_member
	.long	.Linfo_string42                 @ DW_AT_name
	.long	726                             @ DW_AT_type
	.byte	1                               @ DW_AT_decl_file
	.short	452                             @ DW_AT_decl_line
	.byte	20                              @ DW_AT_data_member_location
	.byte	7                               @ Abbrev [7] 0x263:0xd DW_TAG_member
	.long	.Linfo_string43                 @ DW_AT_name
	.long	738                             @ DW_AT_type
	.byte	1                               @ DW_AT_decl_file
	.short	454                             @ DW_AT_decl_line
	.byte	28                              @ DW_AT_data_member_location
	.byte	7                               @ Abbrev [7] 0x270:0xd DW_TAG_member
	.long	.Linfo_string19                 @ DW_AT_name
	.long	510                             @ DW_AT_type
	.byte	1                               @ DW_AT_decl_file
	.short	455                             @ DW_AT_decl_line
	.byte	32                              @ DW_AT_data_member_location
	.byte	7                               @ Abbrev [7] 0x27d:0xd DW_TAG_member
	.long	.Linfo_string34                 @ DW_AT_name
	.long	751                             @ DW_AT_type
	.byte	1                               @ DW_AT_decl_file
	.short	457                             @ DW_AT_decl_line
	.byte	36                              @ DW_AT_data_member_location
	.byte	7                               @ Abbrev [7] 0x28a:0xd DW_TAG_member
	.long	.Linfo_string45                 @ DW_AT_name
	.long	751                             @ DW_AT_type
	.byte	1                               @ DW_AT_decl_file
	.short	458                             @ DW_AT_decl_line
	.byte	40                              @ DW_AT_data_member_location
	.byte	0                               @ End Of Children Mark
	.byte	6                               @ Abbrev [6] 0x298:0x3e DW_TAG_structure_type
	.long	.Linfo_string41                 @ DW_AT_name
	.byte	20                              @ DW_AT_byte_size
	.byte	1                               @ DW_AT_decl_file
	.short	343                             @ DW_AT_decl_line
	.byte	7                               @ Abbrev [7] 0x2a1:0xd DW_TAG_member
	.long	.Linfo_string4                  @ DW_AT_name
	.long	413                             @ DW_AT_type
	.byte	1                               @ DW_AT_decl_file
	.short	345                             @ DW_AT_decl_line
	.byte	0                               @ DW_AT_data_member_location
	.byte	7                               @ Abbrev [7] 0x2ae:0xd DW_TAG_member
	.long	.Linfo_string7                  @ DW_AT_name
	.long	439                             @ DW_AT_type
	.byte	1                               @ DW_AT_decl_file
	.short	346                             @ DW_AT_decl_line
	.byte	8                               @ DW_AT_data_member_location
	.byte	7                               @ Abbrev [7] 0x2bb:0xd DW_TAG_member
	.long	.Linfo_string40                 @ DW_AT_name
	.long	439                             @ DW_AT_type
	.byte	1                               @ DW_AT_decl_file
	.short	347                             @ DW_AT_decl_line
	.byte	9                               @ DW_AT_data_member_location
	.byte	7                               @ Abbrev [7] 0x2c8:0xd DW_TAG_member
	.long	.Linfo_string11                 @ DW_AT_name
	.long	457                             @ DW_AT_type
	.byte	1                               @ DW_AT_decl_file
	.short	352                             @ DW_AT_decl_line
	.byte	12                              @ DW_AT_data_member_location
	.byte	0                               @ End Of Children Mark
	.byte	8                               @ Abbrev [8] 0x2d6:0xc DW_TAG_array_type
	.long	457                             @ DW_AT_type
	.byte	9                               @ Abbrev [9] 0x2db:0x6 DW_TAG_subrange_type
	.long	432                             @ DW_AT_type
	.byte	1                               @ DW_AT_count
	.byte	0                               @ End Of Children Mark
	.byte	2                               @ Abbrev [2] 0x2e2:0x5 DW_TAG_pointer_type
	.long	743                             @ DW_AT_type
	.byte	14                              @ Abbrev [14] 0x2e7:0x8 DW_TAG_subroutine_type
	.byte	1                               @ DW_AT_prototyped
	.byte	15                              @ Abbrev [15] 0x2e9:0x5 DW_TAG_formal_parameter
	.long	510                             @ DW_AT_type
	.byte	0                               @ End Of Children Mark
	.byte	12                              @ Abbrev [12] 0x2ef:0xb DW_TAG_typedef
	.long	511                             @ DW_AT_type
	.long	.Linfo_string44                 @ DW_AT_name
	.byte	1                               @ DW_AT_decl_file
	.byte	86                              @ DW_AT_decl_line
	.byte	2                               @ Abbrev [2] 0x2fa:0x5 DW_TAG_pointer_type
	.long	767                             @ DW_AT_type
	.byte	14                              @ Abbrev [14] 0x2ff:0x8 DW_TAG_subroutine_type
	.byte	1                               @ DW_AT_prototyped
	.byte	15                              @ Abbrev [15] 0x301:0x5 DW_TAG_formal_parameter
	.long	112                             @ DW_AT_type
	.byte	0                               @ End Of Children Mark
	.byte	12                              @ Abbrev [12] 0x307:0xb DW_TAG_typedef
	.long	786                             @ DW_AT_type
	.long	.Linfo_string53                 @ DW_AT_name
	.byte	2                               @ DW_AT_decl_file
	.byte	21                              @ DW_AT_decl_line
	.byte	2                               @ Abbrev [2] 0x312:0x5 DW_TAG_pointer_type
	.long	791                             @ DW_AT_type
	.byte	16                              @ Abbrev [16] 0x317:0x11 DW_TAG_subroutine_type
	.long	808                             @ DW_AT_type
	.byte	1                               @ DW_AT_prototyped
	.byte	15                              @ Abbrev [15] 0x31d:0x5 DW_TAG_formal_parameter
	.long	38                              @ DW_AT_type
	.byte	15                              @ Abbrev [15] 0x322:0x5 DW_TAG_formal_parameter
	.long	510                             @ DW_AT_type
	.byte	0                               @ End Of Children Mark
	.byte	10                              @ Abbrev [10] 0x328:0x7 DW_TAG_base_type
	.long	.Linfo_string52                 @ DW_AT_name
	.byte	5                               @ DW_AT_encoding
	.byte	4                               @ DW_AT_byte_size
	.byte	2                               @ Abbrev [2] 0x32f:0x5 DW_TAG_pointer_type
	.long	425                             @ DW_AT_type
	.byte	17                              @ Abbrev [17] 0x334:0x3e DW_TAG_subprogram
	.long	.Lfunc_begin0                   @ DW_AT_low_pc
	.long	.Lfunc_end0                     @ DW_AT_high_pc
	.byte	1                               @ DW_AT_frame_base
	.byte	93
	.long	.Linfo_string56                 @ DW_AT_name
	.byte	3                               @ DW_AT_decl_file
	.byte	18                              @ DW_AT_decl_line
	.byte	1                               @ DW_AT_prototyped
	.byte	1                               @ DW_AT_external
	.byte	18                              @ Abbrev [18] 0x347:0xe DW_TAG_formal_parameter
	.byte	2                               @ DW_AT_location
	.byte	145
	.byte	12
	.long	.Linfo_string65                 @ DW_AT_name
	.byte	3                               @ DW_AT_decl_file
	.byte	18                              @ DW_AT_decl_line
	.long	1421                            @ DW_AT_type
	.byte	18                              @ Abbrev [18] 0x355:0xe DW_TAG_formal_parameter
	.byte	2                               @ DW_AT_location
	.byte	145
	.byte	8
	.long	.Linfo_string69                 @ DW_AT_name
	.byte	3                               @ DW_AT_decl_file
	.byte	18                              @ DW_AT_decl_line
	.long	38                              @ DW_AT_type
	.byte	19                              @ Abbrev [19] 0x363:0xe DW_TAG_variable
	.byte	2                               @ DW_AT_location
	.byte	145
	.byte	4
	.long	.Linfo_string70                 @ DW_AT_name
	.byte	3                               @ DW_AT_decl_file
	.byte	20                              @ DW_AT_decl_line
	.long	540                             @ DW_AT_type
	.byte	0                               @ End Of Children Mark
	.byte	20                              @ Abbrev [20] 0x372:0x2f DW_TAG_subprogram
	.long	.Lfunc_begin1                   @ DW_AT_low_pc
	.long	.Lfunc_end1                     @ DW_AT_high_pc
	.byte	1                               @ DW_AT_frame_base
	.byte	93
	.long	.Linfo_string57                 @ DW_AT_name
	.byte	4                               @ DW_AT_decl_file
	.byte	73                              @ DW_AT_decl_line
	.byte	1                               @ DW_AT_prototyped
	.byte	18                              @ Abbrev [18] 0x384:0xe DW_TAG_formal_parameter
	.byte	2                               @ DW_AT_location
	.byte	145
	.byte	4
	.long	.Linfo_string71                 @ DW_AT_name
	.byte	4                               @ DW_AT_decl_file
	.byte	73                              @ DW_AT_decl_line
	.long	1474                            @ DW_AT_type
	.byte	18                              @ Abbrev [18] 0x392:0xe DW_TAG_formal_parameter
	.byte	2                               @ DW_AT_location
	.byte	145
	.byte	0
	.long	.Linfo_string72                 @ DW_AT_name
	.byte	4                               @ DW_AT_decl_file
	.byte	73                              @ DW_AT_decl_line
	.long	1474                            @ DW_AT_type
	.byte	0                               @ End Of Children Mark
	.byte	17                              @ Abbrev [17] 0x3a1:0x30 DW_TAG_subprogram
	.long	.Lfunc_begin2                   @ DW_AT_low_pc
	.long	.Lfunc_end2                     @ DW_AT_high_pc
	.byte	1                               @ DW_AT_frame_base
	.byte	93
	.long	.Linfo_string58                 @ DW_AT_name
	.byte	3                               @ DW_AT_decl_file
	.byte	27                              @ DW_AT_decl_line
	.byte	1                               @ DW_AT_prototyped
	.byte	1                               @ DW_AT_external
	.byte	18                              @ Abbrev [18] 0x3b4:0xe DW_TAG_formal_parameter
	.byte	2                               @ DW_AT_location
	.byte	145
	.byte	4
	.long	.Linfo_string69                 @ DW_AT_name
	.byte	3                               @ DW_AT_decl_file
	.byte	27                              @ DW_AT_decl_line
	.long	38                              @ DW_AT_type
	.byte	19                              @ Abbrev [19] 0x3c2:0xe DW_TAG_variable
	.byte	2                               @ DW_AT_location
	.byte	145
	.byte	0
	.long	.Linfo_string70                 @ DW_AT_name
	.byte	3                               @ DW_AT_decl_file
	.byte	29                              @ DW_AT_decl_line
	.long	540                             @ DW_AT_type
	.byte	0                               @ End Of Children Mark
	.byte	20                              @ Abbrev [20] 0x3d1:0x21 DW_TAG_subprogram
	.long	.Lfunc_begin3                   @ DW_AT_low_pc
	.long	.Lfunc_end3                     @ DW_AT_high_pc
	.byte	1                               @ DW_AT_frame_base
	.byte	93
	.long	.Linfo_string59                 @ DW_AT_name
	.byte	4                               @ DW_AT_decl_file
	.byte	86                              @ DW_AT_decl_line
	.byte	1                               @ DW_AT_prototyped
	.byte	18                              @ Abbrev [18] 0x3e3:0xe DW_TAG_formal_parameter
	.byte	2                               @ DW_AT_location
	.byte	145
	.byte	0
	.long	.Linfo_string72                 @ DW_AT_name
	.byte	4                               @ DW_AT_decl_file
	.byte	86                              @ DW_AT_decl_line
	.long	1474                            @ DW_AT_type
	.byte	0                               @ End Of Children Mark
	.byte	21                              @ Abbrev [21] 0x3f2:0x34 DW_TAG_subprogram
	.long	.Lfunc_begin4                   @ DW_AT_low_pc
	.long	.Lfunc_end4                     @ DW_AT_high_pc
	.byte	1                               @ DW_AT_frame_base
	.byte	93
	.long	.Linfo_string60                 @ DW_AT_name
	.byte	3                               @ DW_AT_decl_file
	.byte	36                              @ DW_AT_decl_line
	.byte	1                               @ DW_AT_prototyped
	.long	808                             @ DW_AT_type
	.byte	1                               @ DW_AT_external
	.byte	18                              @ Abbrev [18] 0x409:0xe DW_TAG_formal_parameter
	.byte	2                               @ DW_AT_location
	.byte	145
	.byte	4
	.long	.Linfo_string73                 @ DW_AT_name
	.byte	3                               @ DW_AT_decl_file
	.byte	36                              @ DW_AT_decl_line
	.long	38                              @ DW_AT_type
	.byte	18                              @ Abbrev [18] 0x417:0xe DW_TAG_formal_parameter
	.byte	2                               @ DW_AT_location
	.byte	145
	.byte	0
	.long	.Linfo_string54                 @ DW_AT_name
	.byte	3                               @ DW_AT_decl_file
	.byte	36                              @ DW_AT_decl_line
	.long	510                             @ DW_AT_type
	.byte	0                               @ End Of Children Mark
	.byte	17                              @ Abbrev [17] 0x426:0x76 DW_TAG_subprogram
	.long	.Lfunc_begin5                   @ DW_AT_low_pc
	.long	.Lfunc_end5                     @ DW_AT_high_pc
	.byte	1                               @ DW_AT_frame_base
	.byte	93
	.long	.Linfo_string61                 @ DW_AT_name
	.byte	3                               @ DW_AT_decl_file
	.byte	41                              @ DW_AT_decl_line
	.byte	1                               @ DW_AT_prototyped
	.byte	1                               @ DW_AT_external
	.byte	18                              @ Abbrev [18] 0x439:0xe DW_TAG_formal_parameter
	.byte	2                               @ DW_AT_location
	.byte	145
	.byte	28
	.long	.Linfo_string65                 @ DW_AT_name
	.byte	3                               @ DW_AT_decl_file
	.byte	41                              @ DW_AT_decl_line
	.long	1421                            @ DW_AT_type
	.byte	18                              @ Abbrev [18] 0x447:0xe DW_TAG_formal_parameter
	.byte	2                               @ DW_AT_location
	.byte	145
	.byte	24
	.long	.Linfo_string54                 @ DW_AT_name
	.byte	3                               @ DW_AT_decl_file
	.byte	41                              @ DW_AT_decl_line
	.long	510                             @ DW_AT_type
	.byte	19                              @ Abbrev [19] 0x455:0xe DW_TAG_variable
	.byte	2                               @ DW_AT_location
	.byte	145
	.byte	20
	.long	.Linfo_string70                 @ DW_AT_name
	.byte	3                               @ DW_AT_decl_file
	.byte	43                              @ DW_AT_decl_line
	.long	540                             @ DW_AT_type
	.byte	19                              @ Abbrev [19] 0x463:0xe DW_TAG_variable
	.byte	2                               @ DW_AT_location
	.byte	145
	.byte	16
	.long	.Linfo_string74                 @ DW_AT_name
	.byte	3                               @ DW_AT_decl_file
	.byte	44                              @ DW_AT_decl_line
	.long	808                             @ DW_AT_type
	.byte	19                              @ Abbrev [19] 0x471:0xe DW_TAG_variable
	.byte	2                               @ DW_AT_location
	.byte	145
	.byte	12
	.long	.Linfo_string75                 @ DW_AT_name
	.byte	3                               @ DW_AT_decl_file
	.byte	46                              @ DW_AT_decl_line
	.long	1474                            @ DW_AT_type
	.byte	19                              @ Abbrev [19] 0x47f:0xe DW_TAG_variable
	.byte	2                               @ DW_AT_location
	.byte	145
	.byte	8
	.long	.Linfo_string69                 @ DW_AT_name
	.byte	3                               @ DW_AT_decl_file
	.byte	47                              @ DW_AT_decl_line
	.long	505                             @ DW_AT_type
	.byte	19                              @ Abbrev [19] 0x48d:0xe DW_TAG_variable
	.byte	2                               @ DW_AT_location
	.byte	145
	.byte	4
	.long	.Linfo_string18                 @ DW_AT_name
	.byte	3                               @ DW_AT_decl_file
	.byte	48                              @ DW_AT_decl_line
	.long	38                              @ DW_AT_type
	.byte	0                               @ End Of Children Mark
	.byte	22                              @ Abbrev [22] 0x49c:0x25 DW_TAG_subprogram
	.long	.Lfunc_begin6                   @ DW_AT_low_pc
	.long	.Lfunc_end6                     @ DW_AT_high_pc
	.byte	1                               @ DW_AT_frame_base
	.byte	93
	.long	.Linfo_string62                 @ DW_AT_name
	.byte	4                               @ DW_AT_decl_file
	.byte	98                              @ DW_AT_decl_line
	.byte	1                               @ DW_AT_prototyped
	.long	808                             @ DW_AT_type
	.byte	18                              @ Abbrev [18] 0x4b2:0xe DW_TAG_formal_parameter
	.byte	2                               @ DW_AT_location
	.byte	145
	.byte	0
	.long	.Linfo_string71                 @ DW_AT_name
	.byte	4                               @ DW_AT_decl_file
	.byte	98                              @ DW_AT_decl_line
	.long	1479                            @ DW_AT_type
	.byte	0                               @ End Of Children Mark
	.byte	21                              @ Abbrev [21] 0x4c1:0xab DW_TAG_subprogram
	.long	.Lfunc_begin7                   @ DW_AT_low_pc
	.long	.Lfunc_end7                     @ DW_AT_high_pc
	.byte	1                               @ DW_AT_frame_base
	.byte	93
	.long	.Linfo_string63                 @ DW_AT_name
	.byte	3                               @ DW_AT_decl_file
	.byte	77                              @ DW_AT_decl_line
	.byte	1                               @ DW_AT_prototyped
	.long	808                             @ DW_AT_type
	.byte	1                               @ DW_AT_external
	.byte	18                              @ Abbrev [18] 0x4d8:0xe DW_TAG_formal_parameter
	.byte	2                               @ DW_AT_location
	.byte	145
	.byte	56
	.long	.Linfo_string65                 @ DW_AT_name
	.byte	3                               @ DW_AT_decl_file
	.byte	77                              @ DW_AT_decl_line
	.long	1421                            @ DW_AT_type
	.byte	18                              @ Abbrev [18] 0x4e6:0xe DW_TAG_formal_parameter
	.byte	2                               @ DW_AT_location
	.byte	145
	.byte	52
	.long	.Linfo_string76                 @ DW_AT_name
	.byte	3                               @ DW_AT_decl_file
	.byte	77                              @ DW_AT_decl_line
	.long	808                             @ DW_AT_type
	.byte	18                              @ Abbrev [18] 0x4f4:0xe DW_TAG_formal_parameter
	.byte	2                               @ DW_AT_location
	.byte	145
	.byte	48
	.long	.Linfo_string77                 @ DW_AT_name
	.byte	3                               @ DW_AT_decl_file
	.byte	77                              @ DW_AT_decl_line
	.long	808                             @ DW_AT_type
	.byte	19                              @ Abbrev [19] 0x502:0xe DW_TAG_variable
	.byte	2                               @ DW_AT_location
	.byte	145
	.byte	44
	.long	.Linfo_string78                 @ DW_AT_name
	.byte	3                               @ DW_AT_decl_file
	.byte	79                              @ DW_AT_decl_line
	.long	808                             @ DW_AT_type
	.byte	19                              @ Abbrev [19] 0x510:0xe DW_TAG_variable
	.byte	2                               @ DW_AT_location
	.byte	145
	.byte	40
	.long	.Linfo_string79                 @ DW_AT_name
	.byte	3                               @ DW_AT_decl_file
	.byte	80                              @ DW_AT_decl_line
	.long	100                             @ DW_AT_type
	.byte	19                              @ Abbrev [19] 0x51e:0xe DW_TAG_variable
	.byte	2                               @ DW_AT_location
	.byte	145
	.byte	36
	.long	.Linfo_string80                 @ DW_AT_name
	.byte	3                               @ DW_AT_decl_file
	.byte	81                              @ DW_AT_decl_line
	.long	1489                            @ DW_AT_type
	.byte	19                              @ Abbrev [19] 0x52c:0xe DW_TAG_variable
	.byte	2                               @ DW_AT_location
	.byte	145
	.byte	16
	.long	.Linfo_string82                 @ DW_AT_name
	.byte	3                               @ DW_AT_decl_file
	.byte	82                              @ DW_AT_decl_line
	.long	43                              @ DW_AT_type
	.byte	19                              @ Abbrev [19] 0x53a:0xe DW_TAG_variable
	.byte	2                               @ DW_AT_location
	.byte	145
	.byte	12
	.long	.Linfo_string70                 @ DW_AT_name
	.byte	3                               @ DW_AT_decl_file
	.byte	83                              @ DW_AT_decl_line
	.long	540                             @ DW_AT_type
	.byte	23                              @ Abbrev [23] 0x548:0xb DW_TAG_label
	.long	.Linfo_string83                 @ DW_AT_name
	.byte	3                               @ DW_AT_decl_file
	.byte	123                             @ DW_AT_decl_line
	.long	.Ltmp51                         @ DW_AT_low_pc
	.byte	24                              @ Abbrev [24] 0x553:0x18 DW_TAG_lexical_block
	.long	.Ltmp32                         @ DW_AT_low_pc
	.long	.Ltmp38                         @ DW_AT_high_pc
	.byte	19                              @ Abbrev [19] 0x55c:0xe DW_TAG_variable
	.byte	2                               @ DW_AT_location
	.byte	145
	.byte	8
	.long	.Linfo_string70                 @ DW_AT_name
	.byte	3                               @ DW_AT_decl_file
	.byte	86                              @ DW_AT_decl_line
	.long	540                             @ DW_AT_type
	.byte	0                               @ End Of Children Mark
	.byte	0                               @ End Of Children Mark
	.byte	20                              @ Abbrev [20] 0x56c:0x21 DW_TAG_subprogram
	.long	.Lfunc_begin8                   @ DW_AT_low_pc
	.long	.Lfunc_end8                     @ DW_AT_high_pc
	.byte	1                               @ DW_AT_frame_base
	.byte	93
	.long	.Linfo_string64                 @ DW_AT_name
	.byte	4                               @ DW_AT_decl_file
	.byte	47                              @ DW_AT_decl_line
	.byte	1                               @ DW_AT_prototyped
	.byte	18                              @ Abbrev [18] 0x57e:0xe DW_TAG_formal_parameter
	.byte	2                               @ DW_AT_location
	.byte	145
	.byte	0
	.long	.Linfo_string71                 @ DW_AT_name
	.byte	4                               @ DW_AT_decl_file
	.byte	47                              @ DW_AT_decl_line
	.long	1474                            @ DW_AT_type
	.byte	0                               @ End Of Children Mark
	.byte	2                               @ Abbrev [2] 0x58d:0x5 DW_TAG_pointer_type
	.long	1426                            @ DW_AT_type
	.byte	5                               @ Abbrev [5] 0x592:0xc DW_TAG_typedef
	.long	1438                            @ DW_AT_type
	.long	.Linfo_string68                 @ DW_AT_name
	.byte	1                               @ DW_AT_decl_file
	.short	945                             @ DW_AT_decl_line
	.byte	6                               @ Abbrev [6] 0x59e:0x24 DW_TAG_structure_type
	.long	.Linfo_string67                 @ DW_AT_name
	.byte	12                              @ DW_AT_byte_size
	.byte	1                               @ DW_AT_decl_file
	.short	940                             @ DW_AT_decl_line
	.byte	7                               @ Abbrev [7] 0x5a7:0xd DW_TAG_member
	.long	.Linfo_string40                 @ DW_AT_name
	.long	511                             @ DW_AT_type
	.byte	1                               @ DW_AT_decl_file
	.short	942                             @ DW_AT_decl_line
	.byte	0                               @ DW_AT_data_member_location
	.byte	7                               @ Abbrev [7] 0x5b4:0xd DW_TAG_member
	.long	.Linfo_string66                 @ DW_AT_name
	.long	457                             @ DW_AT_type
	.byte	1                               @ DW_AT_decl_file
	.short	943                             @ DW_AT_decl_line
	.byte	4                               @ DW_AT_data_member_location
	.byte	0                               @ End Of Children Mark
	.byte	2                               @ Abbrev [2] 0x5c2:0x5 DW_TAG_pointer_type
	.long	457                             @ DW_AT_type
	.byte	2                               @ Abbrev [2] 0x5c7:0x5 DW_TAG_pointer_type
	.long	1484                            @ DW_AT_type
	.byte	25                              @ Abbrev [25] 0x5cc:0x5 DW_TAG_const_type
	.long	457                             @ DW_AT_type
	.byte	5                               @ Abbrev [5] 0x5d1:0xc DW_TAG_typedef
	.long	1501                            @ DW_AT_type
	.long	.Linfo_string81                 @ DW_AT_name
	.byte	1                               @ DW_AT_decl_file
	.short	460                             @ DW_AT_decl_line
	.byte	2                               @ Abbrev [2] 0x5dd:0x5 DW_TAG_pointer_type
	.long	576                             @ DW_AT_type
	.byte	0                               @ End Of Children Mark
.Ldebug_info_end0:
	.section	.debug_ranges,"",%progbits
.Ldebug_ranges0:
	.long	.Lfunc_begin0
	.long	.Lfunc_end0
	.long	.Lfunc_begin1
	.long	.Lfunc_end1
	.long	.Lfunc_begin2
	.long	.Lfunc_end2
	.long	.Lfunc_begin3
	.long	.Lfunc_end3
	.long	.Lfunc_begin4
	.long	.Lfunc_end4
	.long	.Lfunc_begin5
	.long	.Lfunc_end5
	.long	.Lfunc_begin6
	.long	.Lfunc_end6
	.long	.Lfunc_begin7
	.long	.Lfunc_end7
	.long	.Lfunc_begin8
	.long	.Lfunc_end8
	.long	0
	.long	0
	.section	.debug_str,"MS",%progbits,1
.Linfo_string0:
	.asciz	"Component: ARM Compiler 6.16 Tool: armclang [5dfeb700]" @ string offset=0
.Linfo_string1:
	.asciz	"rt-thread/components/drivers/src\\waitqueue.c" @ string offset=55
.Linfo_string2:
	.asciz	"E:\\STM32\\Learning\\STM32H750_ART_PI_RGBLCD" @ string offset=100
.Linfo_string3:
	.asciz	"polling_thread"                @ string offset=142
.Linfo_string4:
	.asciz	"name"                          @ string offset=157
.Linfo_string5:
	.asciz	"char"                          @ string offset=162
.Linfo_string6:
	.asciz	"__ARRAY_SIZE_TYPE__"           @ string offset=167
.Linfo_string7:
	.asciz	"type"                          @ string offset=187
.Linfo_string8:
	.asciz	"unsigned char"                 @ string offset=192
.Linfo_string9:
	.asciz	"rt_uint8_t"                    @ string offset=206
.Linfo_string10:
	.asciz	"flags"                         @ string offset=217
.Linfo_string11:
	.asciz	"list"                          @ string offset=223
.Linfo_string12:
	.asciz	"next"                          @ string offset=228
.Linfo_string13:
	.asciz	"prev"                          @ string offset=233
.Linfo_string14:
	.asciz	"rt_list_node"                  @ string offset=238
.Linfo_string15:
	.asciz	"rt_list_t"                     @ string offset=251
.Linfo_string16:
	.asciz	"tlist"                         @ string offset=261
.Linfo_string17:
	.asciz	"sp"                            @ string offset=267
.Linfo_string18:
	.asciz	"entry"                         @ string offset=270
.Linfo_string19:
	.asciz	"parameter"                     @ string offset=276
.Linfo_string20:
	.asciz	"stack_addr"                    @ string offset=286
.Linfo_string21:
	.asciz	"stack_size"                    @ string offset=297
.Linfo_string22:
	.asciz	"unsigned int"                  @ string offset=308
.Linfo_string23:
	.asciz	"rt_uint32_t"                   @ string offset=321
.Linfo_string24:
	.asciz	"error"                         @ string offset=333
.Linfo_string25:
	.asciz	"long int"                      @ string offset=339
.Linfo_string26:
	.asciz	"rt_base_t"                     @ string offset=348
.Linfo_string27:
	.asciz	"rt_err_t"                      @ string offset=358
.Linfo_string28:
	.asciz	"stat"                          @ string offset=367
.Linfo_string29:
	.asciz	"current_priority"              @ string offset=372
.Linfo_string30:
	.asciz	"init_priority"                 @ string offset=389
.Linfo_string31:
	.asciz	"number_mask"                   @ string offset=403
.Linfo_string32:
	.asciz	"event_set"                     @ string offset=415
.Linfo_string33:
	.asciz	"event_info"                    @ string offset=425
.Linfo_string34:
	.asciz	"init_tick"                     @ string offset=436
.Linfo_string35:
	.asciz	"long unsigned int"             @ string offset=446
.Linfo_string36:
	.asciz	"rt_ubase_t"                    @ string offset=464
.Linfo_string37:
	.asciz	"remaining_tick"                @ string offset=475
.Linfo_string38:
	.asciz	"thread_timer"                  @ string offset=490
.Linfo_string39:
	.asciz	"parent"                        @ string offset=503
.Linfo_string40:
	.asciz	"flag"                          @ string offset=510
.Linfo_string41:
	.asciz	"rt_object"                     @ string offset=515
.Linfo_string42:
	.asciz	"row"                           @ string offset=525
.Linfo_string43:
	.asciz	"timeout_func"                  @ string offset=529
.Linfo_string44:
	.asciz	"rt_tick_t"                     @ string offset=542
.Linfo_string45:
	.asciz	"timeout_tick"                  @ string offset=552
.Linfo_string46:
	.asciz	"rt_timer"                      @ string offset=565
.Linfo_string47:
	.asciz	"cleanup"                       @ string offset=574
.Linfo_string48:
	.asciz	"user_data"                     @ string offset=582
.Linfo_string49:
	.asciz	"rt_thread"                     @ string offset=592
.Linfo_string50:
	.asciz	"rt_thread_t"                   @ string offset=602
.Linfo_string51:
	.asciz	"wakeup"                        @ string offset=614
.Linfo_string52:
	.asciz	"int"                           @ string offset=621
.Linfo_string53:
	.asciz	"rt_wqueue_func_t"              @ string offset=625
.Linfo_string54:
	.asciz	"key"                           @ string offset=642
.Linfo_string55:
	.asciz	"rt_wqueue_node"                @ string offset=646
.Linfo_string56:
	.asciz	"rt_wqueue_add"                 @ string offset=661
.Linfo_string57:
	.asciz	"rt_list_insert_before"         @ string offset=675
.Linfo_string58:
	.asciz	"rt_wqueue_remove"              @ string offset=697
.Linfo_string59:
	.asciz	"rt_list_remove"                @ string offset=714
.Linfo_string60:
	.asciz	"__wqueue_default_wake"         @ string offset=729
.Linfo_string61:
	.asciz	"rt_wqueue_wakeup"              @ string offset=751
.Linfo_string62:
	.asciz	"rt_list_isempty"               @ string offset=768
.Linfo_string63:
	.asciz	"rt_wqueue_wait"                @ string offset=784
.Linfo_string64:
	.asciz	"rt_list_init"                  @ string offset=799
.Linfo_string65:
	.asciz	"queue"                         @ string offset=812
.Linfo_string66:
	.asciz	"waiting_list"                  @ string offset=818
.Linfo_string67:
	.asciz	"rt_wqueue"                     @ string offset=831
.Linfo_string68:
	.asciz	"rt_wqueue_t"                   @ string offset=841
.Linfo_string69:
	.asciz	"node"                          @ string offset=853
.Linfo_string70:
	.asciz	"level"                         @ string offset=858
.Linfo_string71:
	.asciz	"l"                             @ string offset=864
.Linfo_string72:
	.asciz	"n"                             @ string offset=866
.Linfo_string73:
	.asciz	"wait"                          @ string offset=868
.Linfo_string74:
	.asciz	"need_schedule"                 @ string offset=873
.Linfo_string75:
	.asciz	"queue_list"                    @ string offset=887
.Linfo_string76:
	.asciz	"condition"                     @ string offset=898
.Linfo_string77:
	.asciz	"msec"                          @ string offset=908
.Linfo_string78:
	.asciz	"tick"                          @ string offset=913
.Linfo_string79:
	.asciz	"tid"                           @ string offset=918
.Linfo_string80:
	.asciz	"tmr"                           @ string offset=922
.Linfo_string81:
	.asciz	"rt_timer_t"                    @ string offset=926
.Linfo_string82:
	.asciz	"__wait"                        @ string offset=937
.Linfo_string83:
	.asciz	"__exit_wakeup"                 @ string offset=944
	.ident	"Component: ARM Compiler 6.16 Tool: armclang [5dfeb700]"
	.section	".note.GNU-stack","",%progbits
	.eabi_attribute	30, 6	@ Tag_ABI_optimization_goals
	.ARM_attribute	16, 1	@ Tag_AV_eba
	.section	.debug_line,"",%progbits
.Lline_table_start0:
