	.text
	.syntax unified
	.eabi_attribute	67, "2.09"	@ Tag_conformance
	.cpu	cortex-m7
	.eabi_attribute	6, 13	@ Tag_CPU_arch
	.eabi_attribute	7, 77	@ Tag_CPU_arch_profile
	.eabi_attribute	8, 0	@ Tag_ARM_ISA_use
	.eabi_attribute	9, 2	@ Tag_THUMB_ISA_use
	.fpu	fpv5-d16
	.eabi_attribute	36, 1	@ Tag_FP_HP_extension
	.eabi_attribute	34, 1	@ Tag_CPU_unaligned_access
	.eabi_attribute	17, 1	@ Tag_ABI_PCS_GOT_use
	.eabi_attribute	20, 2	@ Tag_ABI_FP_denormal
	.eabi_attribute	21, 0	@ Tag_ABI_FP_exceptions
	.eabi_attribute	23, 1	@ Tag_ABI_FP_number_model
	.eabi_attribute	24, 1	@ Tag_ABI_align_needed
	.eabi_attribute	25, 1	@ Tag_ABI_align_preserved
	.eabi_attribute	28, 1	@ Tag_ABI_VFP_args
	.eabi_attribute	38, 1	@ Tag_ABI_FP_16bit_format
	.eabi_attribute	18, 2	@ Tag_ABI_PCS_wchar_t
	.eabi_attribute	26, 1	@ Tag_ABI_enum_size
	.eabi_attribute	14, 0	@ Tag_ABI_PCS_R9_use
	.file	"wifi_config.c"
	.file	1 "E:\\STM32\\Learning\\STM32H750_ART_PI_RGBLCD" "./rt-thread/components/drivers/wlan\\wlan_cfg.h"
	.file	2 "E:\\STM32\\Learning\\STM32H750_ART_PI_RGBLCD" "board/port/wifi_config.c"
	.section	.text.wlan_autoconnect_init,"ax",%progbits
	.hidden	wlan_autoconnect_init           @ -- Begin function wlan_autoconnect_init
	.globl	wlan_autoconnect_init
	.p2align	3
	.type	wlan_autoconnect_init,%function
	.code	16                              @ @wlan_autoconnect_init
	.thumb_func
wlan_autoconnect_init:
.Lfunc_begin0:
	.loc	2 256 0                         @ board/port/wifi_config.c:256:0
	.fnstart
	.cfi_sections .debug_frame
	.cfi_startproc
@ %bb.0:
	.save	{r7, lr}
	push	{r7, lr}
	.cfi_def_cfa_offset 8
	.cfi_offset lr, -4
	.cfi_offset r7, -8
.Ltmp0:
	.loc	2 257 5 prologue_end            @ board/port/wifi_config.c:257:5
	bl	fal_init
	.loc	2 258 5                         @ board/port/wifi_config.c:258:5
	bl	easyflash_init
	.loc	2 260 5                         @ board/port/wifi_config.c:260:5
	movw	r0, :lower16:ops
	movt	r0, :upper16:ops
	bl	rt_wlan_cfg_set_ops
	.loc	2 261 5                         @ board/port/wifi_config.c:261:5
	bl	rt_wlan_cfg_cache_refresh
	.loc	2 262 1                         @ board/port/wifi_config.c:262:1
	pop	{r7, pc}
.Ltmp1:
.Lfunc_end0:
	.size	wlan_autoconnect_init, .Lfunc_end0-wlan_autoconnect_init
	.cfi_endproc
	.cantunwind
	.fnend
                                        @ -- End function
	.section	.text.read_cfg,"ax",%progbits
	.p2align	3                               @ -- Begin function read_cfg
	.type	read_cfg,%function
	.code	16                              @ @read_cfg
	.thumb_func
read_cfg:
.Lfunc_begin1:
	.loc	2 209 0                         @ board/port/wifi_config.c:209:0
	.fnstart
	.cfi_startproc
@ %bb.0:
	.save	{r7, lr}
	push	{r7, lr}
	.cfi_def_cfa_offset 8
	.cfi_offset lr, -4
	.cfi_offset r7, -8
	.pad	#16
	sub	sp, #16
	.cfi_def_cfa_offset 24
	str	r0, [sp, #8]
	str	r1, [sp, #4]
.Ltmp2:
	.loc	2 212 38 prologue_end           @ board/port/wifi_config.c:212:38
	ldr	r1, [sp, #8]
	.loc	2 212 44 is_stmt 0              @ board/port/wifi_config.c:212:44
	ldr	r2, [sp, #4]
	.loc	2 212 5                         @ board/port/wifi_config.c:212:5
	movw	r0, :lower16:.L.str
	movt	r0, :upper16:.L.str
	mov	r3, sp
	bl	ef_get_env_blob
.Ltmp3:
	.loc	2 213 9 is_stmt 1               @ board/port/wifi_config.c:213:9
	ldr	r0, [sp]
.Ltmp4:
	.loc	2 213 9 is_stmt 0               @ board/port/wifi_config.c:213:9
	cbnz	r0, .LBB1_2
	b	.LBB1_1
.LBB1_1:
	.loc	2 0 9                           @ board/port/wifi_config.c:0:9
	movs	r0, #0
.Ltmp5:
	.loc	2 215 9 is_stmt 1               @ board/port/wifi_config.c:215:9
	str	r0, [sp, #12]
	b	.LBB1_3
.Ltmp6:
.LBB1_2:
	.loc	2 218 12                        @ board/port/wifi_config.c:218:12
	ldr	r0, [sp, #4]
	.loc	2 218 5 is_stmt 0               @ board/port/wifi_config.c:218:5
	str	r0, [sp, #12]
	b	.LBB1_3
.LBB1_3:
	.loc	2 219 1 is_stmt 1               @ board/port/wifi_config.c:219:1
	ldr	r0, [sp, #12]
	add	sp, #16
	pop	{r7, pc}
.Ltmp7:
.Lfunc_end1:
	.size	read_cfg, .Lfunc_end1-read_cfg
	.cfi_endproc
	.cantunwind
	.fnend
                                        @ -- End function
	.section	.text.get_len,"ax",%progbits
	.p2align	3                               @ -- Begin function get_len
	.type	get_len,%function
	.code	16                              @ @get_len
	.thumb_func
get_len:
.Lfunc_begin2:
	.loc	2 222 0                         @ board/port/wifi_config.c:222:0
	.fnstart
	.cfi_startproc
@ %bb.0:
	.save	{r7, lr}
	push	{r7, lr}
	.cfi_def_cfa_offset 8
	.cfi_offset lr, -4
	.cfi_offset r7, -8
	.pad	#16
	sub	sp, #16
	.cfi_def_cfa_offset 24
.Ltmp8:
	.loc	2 226 5 prologue_end            @ board/port/wifi_config.c:226:5
	movw	r0, :lower16:.L.str.1
	movt	r0, :upper16:.L.str.1
	add	r1, sp, #8
	movs	r2, #4
	add	r3, sp, #4
	bl	ef_get_env_blob
.Ltmp9:
	.loc	2 227 9                         @ board/port/wifi_config.c:227:9
	ldr	r0, [sp, #4]
.Ltmp10:
	.loc	2 227 9 is_stmt 0               @ board/port/wifi_config.c:227:9
	cbnz	r0, .LBB2_2
	b	.LBB2_1
.LBB2_1:
	.loc	2 0 9                           @ board/port/wifi_config.c:0:9
	movs	r0, #0
.Ltmp11:
	.loc	2 229 9 is_stmt 1               @ board/port/wifi_config.c:229:9
	str	r0, [sp, #12]
	b	.LBB2_3
.Ltmp12:
.LBB2_2:
	.loc	2 232 12                        @ board/port/wifi_config.c:232:12
	ldr	r0, [sp, #8]
	.loc	2 232 5 is_stmt 0               @ board/port/wifi_config.c:232:5
	str	r0, [sp, #12]
	b	.LBB2_3
.LBB2_3:
	.loc	2 233 1 is_stmt 1               @ board/port/wifi_config.c:233:1
	ldr	r0, [sp, #12]
	add	sp, #16
	pop	{r7, pc}
.Ltmp13:
.Lfunc_end2:
	.size	get_len, .Lfunc_end2-get_len
	.cfi_endproc
	.cantunwind
	.fnend
                                        @ -- End function
	.section	.text.write_cfg,"ax",%progbits
	.p2align	3                               @ -- Begin function write_cfg
	.type	write_cfg,%function
	.code	16                              @ @write_cfg
	.thumb_func
write_cfg:
.Lfunc_begin3:
	.loc	2 236 0                         @ board/port/wifi_config.c:236:0
	.fnstart
	.cfi_startproc
@ %bb.0:
	.save	{r7, lr}
	push	{r7, lr}
	.cfi_def_cfa_offset 8
	.cfi_offset lr, -4
	.cfi_offset r7, -8
	.pad	#8
	sub	sp, #8
	.cfi_def_cfa_offset 16
	str	r0, [sp, #4]
	str	r1, [sp]
.Ltmp14:
	.loc	2 238 5 prologue_end            @ board/port/wifi_config.c:238:5
	movw	r0, :lower16:.L.str.1
	movt	r0, :upper16:.L.str.1
	mov	r1, sp
	movs	r2, #4
	bl	ef_set_env_blob
	.loc	2 241 38                        @ board/port/wifi_config.c:241:38
	ldr	r1, [sp, #4]
	.loc	2 241 44 is_stmt 0              @ board/port/wifi_config.c:241:44
	ldr	r2, [sp]
	.loc	2 241 5                         @ board/port/wifi_config.c:241:5
	movw	r0, :lower16:.L.str
	movt	r0, :upper16:.L.str
	bl	ef_set_env_blob
	.loc	2 243 12 is_stmt 1              @ board/port/wifi_config.c:243:12
	ldr	r0, [sp]
	.loc	2 243 5 is_stmt 0               @ board/port/wifi_config.c:243:5
	add	sp, #8
	pop	{r7, pc}
.Ltmp15:
.Lfunc_end3:
	.size	write_cfg, .Lfunc_end3-write_cfg
	.cfi_endproc
	.cantunwind
	.fnend
                                        @ -- End function
	.type	ops,%object                     @ @ops
	.section	.rodata.ops,"a",%progbits
	.p2align	2
ops:
	.long	read_cfg
	.long	get_len
	.long	write_cfg
	.size	ops, 12

	.type	.L.str,%object                  @ @.str
	.section	.rodata.str1.1,"aMS",%progbits,1
.L.str:
	.asciz	"wlan_cfg_info"
	.size	.L.str, 14

	.type	.L.str.1,%object                @ @.str.1
.L.str.1:
	.asciz	"wlan_cfg_len"
	.size	.L.str.1, 13

	.file	3 "D:\\Keil_v5\\ARM\\ARMCLANG\\Bin\\..\\include" "time.h"
	.section	.debug_abbrev,"",%progbits
	.byte	1                               @ Abbreviation Code
	.byte	17                              @ DW_TAG_compile_unit
	.byte	1                               @ DW_CHILDREN_yes
	.byte	37                              @ DW_AT_producer
	.byte	14                              @ DW_FORM_strp
	.byte	19                              @ DW_AT_language
	.byte	5                               @ DW_FORM_data2
	.byte	3                               @ DW_AT_name
	.byte	14                              @ DW_FORM_strp
	.byte	16                              @ DW_AT_stmt_list
	.byte	6                               @ DW_FORM_data4
	.byte	27                              @ DW_AT_comp_dir
	.byte	14                              @ DW_FORM_strp
	.byte	17                              @ DW_AT_low_pc
	.byte	1                               @ DW_FORM_addr
	.byte	85                              @ DW_AT_ranges
	.byte	6                               @ DW_FORM_data4
	.byte	0                               @ EOM(1)
	.byte	0                               @ EOM(2)
	.byte	2                               @ Abbreviation Code
	.byte	52                              @ DW_TAG_variable
	.byte	0                               @ DW_CHILDREN_no
	.byte	3                               @ DW_AT_name
	.byte	14                              @ DW_FORM_strp
	.byte	73                              @ DW_AT_type
	.byte	19                              @ DW_FORM_ref4
	.byte	58                              @ DW_AT_decl_file
	.byte	11                              @ DW_FORM_data1
	.byte	59                              @ DW_AT_decl_line
	.byte	11                              @ DW_FORM_data1
	.byte	2                               @ DW_AT_location
	.byte	10                              @ DW_FORM_block1
	.byte	0                               @ EOM(1)
	.byte	0                               @ EOM(2)
	.byte	3                               @ Abbreviation Code
	.byte	38                              @ DW_TAG_const_type
	.byte	0                               @ DW_CHILDREN_no
	.byte	73                              @ DW_AT_type
	.byte	19                              @ DW_FORM_ref4
	.byte	0                               @ EOM(1)
	.byte	0                               @ EOM(2)
	.byte	4                               @ Abbreviation Code
	.byte	19                              @ DW_TAG_structure_type
	.byte	1                               @ DW_CHILDREN_yes
	.byte	3                               @ DW_AT_name
	.byte	14                              @ DW_FORM_strp
	.byte	11                              @ DW_AT_byte_size
	.byte	11                              @ DW_FORM_data1
	.byte	58                              @ DW_AT_decl_file
	.byte	11                              @ DW_FORM_data1
	.byte	59                              @ DW_AT_decl_line
	.byte	11                              @ DW_FORM_data1
	.byte	0                               @ EOM(1)
	.byte	0                               @ EOM(2)
	.byte	5                               @ Abbreviation Code
	.byte	13                              @ DW_TAG_member
	.byte	0                               @ DW_CHILDREN_no
	.byte	3                               @ DW_AT_name
	.byte	14                              @ DW_FORM_strp
	.byte	73                              @ DW_AT_type
	.byte	19                              @ DW_FORM_ref4
	.byte	58                              @ DW_AT_decl_file
	.byte	11                              @ DW_FORM_data1
	.byte	59                              @ DW_AT_decl_line
	.byte	11                              @ DW_FORM_data1
	.byte	56                              @ DW_AT_data_member_location
	.byte	11                              @ DW_FORM_data1
	.byte	0                               @ EOM(1)
	.byte	0                               @ EOM(2)
	.byte	6                               @ Abbreviation Code
	.byte	15                              @ DW_TAG_pointer_type
	.byte	0                               @ DW_CHILDREN_no
	.byte	73                              @ DW_AT_type
	.byte	19                              @ DW_FORM_ref4
	.byte	0                               @ EOM(1)
	.byte	0                               @ EOM(2)
	.byte	7                               @ Abbreviation Code
	.byte	21                              @ DW_TAG_subroutine_type
	.byte	1                               @ DW_CHILDREN_yes
	.byte	73                              @ DW_AT_type
	.byte	19                              @ DW_FORM_ref4
	.byte	39                              @ DW_AT_prototyped
	.byte	12                              @ DW_FORM_flag
	.byte	0                               @ EOM(1)
	.byte	0                               @ EOM(2)
	.byte	8                               @ Abbreviation Code
	.byte	5                               @ DW_TAG_formal_parameter
	.byte	0                               @ DW_CHILDREN_no
	.byte	73                              @ DW_AT_type
	.byte	19                              @ DW_FORM_ref4
	.byte	0                               @ EOM(1)
	.byte	0                               @ EOM(2)
	.byte	9                               @ Abbreviation Code
	.byte	36                              @ DW_TAG_base_type
	.byte	0                               @ DW_CHILDREN_no
	.byte	3                               @ DW_AT_name
	.byte	14                              @ DW_FORM_strp
	.byte	62                              @ DW_AT_encoding
	.byte	11                              @ DW_FORM_data1
	.byte	11                              @ DW_AT_byte_size
	.byte	11                              @ DW_FORM_data1
	.byte	0                               @ EOM(1)
	.byte	0                               @ EOM(2)
	.byte	10                              @ Abbreviation Code
	.byte	15                              @ DW_TAG_pointer_type
	.byte	0                               @ DW_CHILDREN_no
	.byte	0                               @ EOM(1)
	.byte	0                               @ EOM(2)
	.byte	11                              @ Abbreviation Code
	.byte	21                              @ DW_TAG_subroutine_type
	.byte	0                               @ DW_CHILDREN_no
	.byte	73                              @ DW_AT_type
	.byte	19                              @ DW_FORM_ref4
	.byte	39                              @ DW_AT_prototyped
	.byte	12                              @ DW_FORM_flag
	.byte	0                               @ EOM(1)
	.byte	0                               @ EOM(2)
	.byte	12                              @ Abbreviation Code
	.byte	46                              @ DW_TAG_subprogram
	.byte	0                               @ DW_CHILDREN_no
	.byte	17                              @ DW_AT_low_pc
	.byte	1                               @ DW_FORM_addr
	.byte	18                              @ DW_AT_high_pc
	.byte	1                               @ DW_FORM_addr
	.byte	64                              @ DW_AT_frame_base
	.byte	10                              @ DW_FORM_block1
	.byte	3                               @ DW_AT_name
	.byte	14                              @ DW_FORM_strp
	.byte	58                              @ DW_AT_decl_file
	.byte	11                              @ DW_FORM_data1
	.byte	59                              @ DW_AT_decl_line
	.byte	11                              @ DW_FORM_data1
	.byte	39                              @ DW_AT_prototyped
	.byte	12                              @ DW_FORM_flag
	.byte	63                              @ DW_AT_external
	.byte	12                              @ DW_FORM_flag
	.byte	0                               @ EOM(1)
	.byte	0                               @ EOM(2)
	.byte	13                              @ Abbreviation Code
	.byte	46                              @ DW_TAG_subprogram
	.byte	1                               @ DW_CHILDREN_yes
	.byte	17                              @ DW_AT_low_pc
	.byte	1                               @ DW_FORM_addr
	.byte	18                              @ DW_AT_high_pc
	.byte	1                               @ DW_FORM_addr
	.byte	64                              @ DW_AT_frame_base
	.byte	10                              @ DW_FORM_block1
	.byte	3                               @ DW_AT_name
	.byte	14                              @ DW_FORM_strp
	.byte	58                              @ DW_AT_decl_file
	.byte	11                              @ DW_FORM_data1
	.byte	59                              @ DW_AT_decl_line
	.byte	11                              @ DW_FORM_data1
	.byte	39                              @ DW_AT_prototyped
	.byte	12                              @ DW_FORM_flag
	.byte	73                              @ DW_AT_type
	.byte	19                              @ DW_FORM_ref4
	.byte	0                               @ EOM(1)
	.byte	0                               @ EOM(2)
	.byte	14                              @ Abbreviation Code
	.byte	5                               @ DW_TAG_formal_parameter
	.byte	0                               @ DW_CHILDREN_no
	.byte	2                               @ DW_AT_location
	.byte	10                              @ DW_FORM_block1
	.byte	3                               @ DW_AT_name
	.byte	14                              @ DW_FORM_strp
	.byte	58                              @ DW_AT_decl_file
	.byte	11                              @ DW_FORM_data1
	.byte	59                              @ DW_AT_decl_line
	.byte	11                              @ DW_FORM_data1
	.byte	73                              @ DW_AT_type
	.byte	19                              @ DW_FORM_ref4
	.byte	0                               @ EOM(1)
	.byte	0                               @ EOM(2)
	.byte	15                              @ Abbreviation Code
	.byte	52                              @ DW_TAG_variable
	.byte	0                               @ DW_CHILDREN_no
	.byte	2                               @ DW_AT_location
	.byte	10                              @ DW_FORM_block1
	.byte	3                               @ DW_AT_name
	.byte	14                              @ DW_FORM_strp
	.byte	58                              @ DW_AT_decl_file
	.byte	11                              @ DW_FORM_data1
	.byte	59                              @ DW_AT_decl_line
	.byte	11                              @ DW_FORM_data1
	.byte	73                              @ DW_AT_type
	.byte	19                              @ DW_FORM_ref4
	.byte	0                               @ EOM(1)
	.byte	0                               @ EOM(2)
	.byte	16                              @ Abbreviation Code
	.byte	22                              @ DW_TAG_typedef
	.byte	0                               @ DW_CHILDREN_no
	.byte	73                              @ DW_AT_type
	.byte	19                              @ DW_FORM_ref4
	.byte	3                               @ DW_AT_name
	.byte	14                              @ DW_FORM_strp
	.byte	58                              @ DW_AT_decl_file
	.byte	11                              @ DW_FORM_data1
	.byte	59                              @ DW_AT_decl_line
	.byte	11                              @ DW_FORM_data1
	.byte	0                               @ EOM(1)
	.byte	0                               @ EOM(2)
	.byte	0                               @ EOM(3)
	.section	.debug_info,"",%progbits
.Lcu_begin0:
	.long	.Ldebug_info_end0-.Ldebug_info_start0 @ Length of Unit
.Ldebug_info_start0:
	.short	3                               @ DWARF version number
	.long	.debug_abbrev                   @ Offset Into Abbrev. Section
	.byte	4                               @ Address Size (in bytes)
	.byte	1                               @ Abbrev [1] 0xb:0x154 DW_TAG_compile_unit
	.long	.Linfo_string0                  @ DW_AT_producer
	.short	12                              @ DW_AT_language
	.long	.Linfo_string1                  @ DW_AT_name
	.long	.Lline_table_start0             @ DW_AT_stmt_list
	.long	.Linfo_string2                  @ DW_AT_comp_dir
	.long	0                               @ DW_AT_low_pc
	.long	.Ldebug_ranges0                 @ DW_AT_ranges
	.byte	2                               @ Abbrev [2] 0x26:0x11 DW_TAG_variable
	.long	.Linfo_string3                  @ DW_AT_name
	.long	55                              @ DW_AT_type
	.byte	2                               @ DW_AT_decl_file
	.byte	248                             @ DW_AT_decl_line
	.byte	5                               @ DW_AT_location
	.byte	3
	.long	ops
	.byte	3                               @ Abbrev [3] 0x37:0x5 DW_TAG_const_type
	.long	60                              @ DW_AT_type
	.byte	4                               @ Abbrev [4] 0x3c:0x2d DW_TAG_structure_type
	.long	.Linfo_string8                  @ DW_AT_name
	.byte	12                              @ DW_AT_byte_size
	.byte	1                               @ DW_AT_decl_file
	.byte	34                              @ DW_AT_decl_line
	.byte	5                               @ Abbrev [5] 0x44:0xc DW_TAG_member
	.long	.Linfo_string4                  @ DW_AT_name
	.long	105                             @ DW_AT_type
	.byte	1                               @ DW_AT_decl_file
	.byte	36                              @ DW_AT_decl_line
	.byte	0                               @ DW_AT_data_member_location
	.byte	5                               @ Abbrev [5] 0x50:0xc DW_TAG_member
	.long	.Linfo_string6                  @ DW_AT_name
	.long	135                             @ DW_AT_type
	.byte	1                               @ DW_AT_decl_file
	.byte	37                              @ DW_AT_decl_line
	.byte	4                               @ DW_AT_data_member_location
	.byte	5                               @ Abbrev [5] 0x5c:0xc DW_TAG_member
	.long	.Linfo_string7                  @ DW_AT_name
	.long	105                             @ DW_AT_type
	.byte	1                               @ DW_AT_decl_file
	.byte	38                              @ DW_AT_decl_line
	.byte	8                               @ DW_AT_data_member_location
	.byte	0                               @ End Of Children Mark
	.byte	6                               @ Abbrev [6] 0x69:0x5 DW_TAG_pointer_type
	.long	110                             @ DW_AT_type
	.byte	7                               @ Abbrev [7] 0x6e:0x11 DW_TAG_subroutine_type
	.long	127                             @ DW_AT_type
	.byte	1                               @ DW_AT_prototyped
	.byte	8                               @ Abbrev [8] 0x74:0x5 DW_TAG_formal_parameter
	.long	134                             @ DW_AT_type
	.byte	8                               @ Abbrev [8] 0x79:0x5 DW_TAG_formal_parameter
	.long	127                             @ DW_AT_type
	.byte	0                               @ End Of Children Mark
	.byte	9                               @ Abbrev [9] 0x7f:0x7 DW_TAG_base_type
	.long	.Linfo_string5                  @ DW_AT_name
	.byte	5                               @ DW_AT_encoding
	.byte	4                               @ DW_AT_byte_size
	.byte	10                              @ Abbrev [10] 0x86:0x1 DW_TAG_pointer_type
	.byte	6                               @ Abbrev [6] 0x87:0x5 DW_TAG_pointer_type
	.long	140                             @ DW_AT_type
	.byte	11                              @ Abbrev [11] 0x8c:0x6 DW_TAG_subroutine_type
	.long	127                             @ DW_AT_type
	.byte	1                               @ DW_AT_prototyped
	.byte	12                              @ Abbrev [12] 0x92:0x13 DW_TAG_subprogram
	.long	.Lfunc_begin0                   @ DW_AT_low_pc
	.long	.Lfunc_end0                     @ DW_AT_high_pc
	.byte	1                               @ DW_AT_frame_base
	.byte	93
	.long	.Linfo_string9                  @ DW_AT_name
	.byte	2                               @ DW_AT_decl_file
	.byte	255                             @ DW_AT_decl_line
	.byte	1                               @ DW_AT_prototyped
	.byte	1                               @ DW_AT_external
	.byte	13                              @ Abbrev [13] 0xa5:0x41 DW_TAG_subprogram
	.long	.Lfunc_begin1                   @ DW_AT_low_pc
	.long	.Lfunc_end1                     @ DW_AT_high_pc
	.byte	1                               @ DW_AT_frame_base
	.byte	93
	.long	.Linfo_string4                  @ DW_AT_name
	.byte	2                               @ DW_AT_decl_file
	.byte	208                             @ DW_AT_decl_line
	.byte	1                               @ DW_AT_prototyped
	.long	127                             @ DW_AT_type
	.byte	14                              @ Abbrev [14] 0xbb:0xe DW_TAG_formal_parameter
	.byte	2                               @ DW_AT_location
	.byte	145
	.byte	8
	.long	.Linfo_string10                 @ DW_AT_name
	.byte	2                               @ DW_AT_decl_file
	.byte	208                             @ DW_AT_decl_line
	.long	134                             @ DW_AT_type
	.byte	14                              @ Abbrev [14] 0xc9:0xe DW_TAG_formal_parameter
	.byte	2                               @ DW_AT_location
	.byte	145
	.byte	4
	.long	.Linfo_string11                 @ DW_AT_name
	.byte	2                               @ DW_AT_decl_file
	.byte	208                             @ DW_AT_decl_line
	.long	127                             @ DW_AT_type
	.byte	15                              @ Abbrev [15] 0xd7:0xe DW_TAG_variable
	.byte	2                               @ DW_AT_location
	.byte	145
	.byte	0
	.long	.Linfo_string12                 @ DW_AT_name
	.byte	2                               @ DW_AT_decl_file
	.byte	210                             @ DW_AT_decl_line
	.long	332                             @ DW_AT_type
	.byte	0                               @ End Of Children Mark
	.byte	13                              @ Abbrev [13] 0xe6:0x33 DW_TAG_subprogram
	.long	.Lfunc_begin2                   @ DW_AT_low_pc
	.long	.Lfunc_end2                     @ DW_AT_high_pc
	.byte	1                               @ DW_AT_frame_base
	.byte	93
	.long	.Linfo_string6                  @ DW_AT_name
	.byte	2                               @ DW_AT_decl_file
	.byte	221                             @ DW_AT_decl_line
	.byte	1                               @ DW_AT_prototyped
	.long	127                             @ DW_AT_type
	.byte	15                              @ Abbrev [15] 0xfc:0xe DW_TAG_variable
	.byte	2                               @ DW_AT_location
	.byte	145
	.byte	8
	.long	.Linfo_string11                 @ DW_AT_name
	.byte	2                               @ DW_AT_decl_file
	.byte	223                             @ DW_AT_decl_line
	.long	127                             @ DW_AT_type
	.byte	15                              @ Abbrev [15] 0x10a:0xe DW_TAG_variable
	.byte	2                               @ DW_AT_location
	.byte	145
	.byte	4
	.long	.Linfo_string12                 @ DW_AT_name
	.byte	2                               @ DW_AT_decl_file
	.byte	224                             @ DW_AT_decl_line
	.long	332                             @ DW_AT_type
	.byte	0                               @ End Of Children Mark
	.byte	13                              @ Abbrev [13] 0x119:0x33 DW_TAG_subprogram
	.long	.Lfunc_begin3                   @ DW_AT_low_pc
	.long	.Lfunc_end3                     @ DW_AT_high_pc
	.byte	1                               @ DW_AT_frame_base
	.byte	93
	.long	.Linfo_string7                  @ DW_AT_name
	.byte	2                               @ DW_AT_decl_file
	.byte	235                             @ DW_AT_decl_line
	.byte	1                               @ DW_AT_prototyped
	.long	127                             @ DW_AT_type
	.byte	14                              @ Abbrev [14] 0x12f:0xe DW_TAG_formal_parameter
	.byte	2                               @ DW_AT_location
	.byte	145
	.byte	4
	.long	.Linfo_string10                 @ DW_AT_name
	.byte	2                               @ DW_AT_decl_file
	.byte	235                             @ DW_AT_decl_line
	.long	134                             @ DW_AT_type
	.byte	14                              @ Abbrev [14] 0x13d:0xe DW_TAG_formal_parameter
	.byte	2                               @ DW_AT_location
	.byte	145
	.byte	0
	.long	.Linfo_string11                 @ DW_AT_name
	.byte	2                               @ DW_AT_decl_file
	.byte	235                             @ DW_AT_decl_line
	.long	127                             @ DW_AT_type
	.byte	0                               @ End Of Children Mark
	.byte	16                              @ Abbrev [16] 0x14c:0xb DW_TAG_typedef
	.long	343                             @ DW_AT_type
	.long	.Linfo_string14                 @ DW_AT_name
	.byte	3                               @ DW_AT_decl_file
	.byte	58                              @ DW_AT_decl_line
	.byte	9                               @ Abbrev [9] 0x157:0x7 DW_TAG_base_type
	.long	.Linfo_string13                 @ DW_AT_name
	.byte	7                               @ DW_AT_encoding
	.byte	4                               @ DW_AT_byte_size
	.byte	0                               @ End Of Children Mark
.Ldebug_info_end0:
	.section	.debug_ranges,"",%progbits
.Ldebug_ranges0:
	.long	.Lfunc_begin0
	.long	.Lfunc_end0
	.long	.Lfunc_begin1
	.long	.Lfunc_end1
	.long	.Lfunc_begin2
	.long	.Lfunc_end2
	.long	.Lfunc_begin3
	.long	.Lfunc_end3
	.long	0
	.long	0
	.section	.debug_str,"MS",%progbits,1
.Linfo_string0:
	.asciz	"Component: ARM Compiler 6.16 Tool: armclang [5dfeb700]" @ string offset=0
.Linfo_string1:
	.asciz	"board/port\\wifi_config.c"     @ string offset=55
.Linfo_string2:
	.asciz	"E:\\STM32\\Learning\\STM32H750_ART_PI_RGBLCD" @ string offset=80
.Linfo_string3:
	.asciz	"ops"                           @ string offset=122
.Linfo_string4:
	.asciz	"read_cfg"                      @ string offset=126
.Linfo_string5:
	.asciz	"int"                           @ string offset=135
.Linfo_string6:
	.asciz	"get_len"                       @ string offset=139
.Linfo_string7:
	.asciz	"write_cfg"                     @ string offset=147
.Linfo_string8:
	.asciz	"rt_wlan_cfg_ops"               @ string offset=157
.Linfo_string9:
	.asciz	"wlan_autoconnect_init"         @ string offset=173
.Linfo_string10:
	.asciz	"buff"                          @ string offset=195
.Linfo_string11:
	.asciz	"len"                           @ string offset=200
.Linfo_string12:
	.asciz	"saved_len"                     @ string offset=204
.Linfo_string13:
	.asciz	"unsigned int"                  @ string offset=214
.Linfo_string14:
	.asciz	"size_t"                        @ string offset=227
	.ident	"Component: ARM Compiler 6.16 Tool: armclang [5dfeb700]"
	.section	".note.GNU-stack","",%progbits
	.eabi_attribute	30, 6	@ Tag_ABI_optimization_goals
	.ARM_attribute	16, 1	@ Tag_AV_eba
	.section	.debug_line,"",%progbits
.Lline_table_start0:
