	.text
	.syntax unified
	.eabi_attribute	67, "2.09"	@ Tag_conformance
	.cpu	cortex-m7
	.eabi_attribute	6, 13	@ Tag_CPU_arch
	.eabi_attribute	7, 77	@ Tag_CPU_arch_profile
	.eabi_attribute	8, 0	@ Tag_ARM_ISA_use
	.eabi_attribute	9, 2	@ Tag_THUMB_ISA_use
	.fpu	fpv5-d16
	.eabi_attribute	36, 1	@ Tag_FP_HP_extension
	.eabi_attribute	34, 1	@ Tag_CPU_unaligned_access
	.eabi_attribute	17, 1	@ Tag_ABI_PCS_GOT_use
	.eabi_attribute	20, 2	@ Tag_ABI_FP_denormal
	.eabi_attribute	21, 0	@ Tag_ABI_FP_exceptions
	.eabi_attribute	23, 1	@ Tag_ABI_FP_number_model
	.eabi_attribute	24, 1	@ Tag_ABI_align_needed
	.eabi_attribute	25, 1	@ Tag_ABI_align_preserved
	.eabi_attribute	28, 1	@ Tag_ABI_VFP_args
	.eabi_attribute	38, 1	@ Tag_ABI_FP_16bit_format
	.eabi_attribute	18, 2	@ Tag_ABI_PCS_wchar_t
	.eabi_attribute	26, 1	@ Tag_ABI_enum_size
	.eabi_attribute	14, 0	@ Tag_ABI_PCS_R9_use
	.file	"wlan_workqueue.c"
	.file	1 "E:\\Smart-access-control\\Hardware\\CODE" "rt-thread/include\\rtdef.h"
	.file	2 "E:\\Smart-access-control\\Hardware\\CODE" "rt-thread/components/drivers/wlan/wlan_workqueue.c"
	.file	3 "E:\\Smart-access-control\\Hardware\\CODE" "rt-thread/components/drivers/include\\ipc/workqueue.h"
	.section	.text.rt_wlan_get_workqueue,"ax",%progbits
	.hidden	rt_wlan_get_workqueue           @ -- Begin function rt_wlan_get_workqueue
	.globl	rt_wlan_get_workqueue
	.p2align	3
	.type	rt_wlan_get_workqueue,%function
	.code	16                              @ @rt_wlan_get_workqueue
	.thumb_func
rt_wlan_get_workqueue:
.Lfunc_begin0:
	.loc	2 40 0                          @ rt-thread/components/drivers/wlan/wlan_workqueue.c:40:0
	.fnstart
	.cfi_sections .debug_frame
	.cfi_startproc
@ %bb.0:
	.loc	2 41 12 prologue_end            @ rt-thread/components/drivers/wlan/wlan_workqueue.c:41:12
	movw	r0, :lower16:wlan_workqueue
	movt	r0, :upper16:wlan_workqueue
	ldr	r0, [r0]
	.loc	2 41 5 is_stmt 0                @ rt-thread/components/drivers/wlan/wlan_workqueue.c:41:5
	bx	lr
.Ltmp0:
.Lfunc_end0:
	.size	rt_wlan_get_workqueue, .Lfunc_end0-rt_wlan_get_workqueue
	.cfi_endproc
	.cantunwind
	.fnend
                                        @ -- End function
	.section	.text.rt_wlan_workqueue_dowork,"ax",%progbits
	.hidden	rt_wlan_workqueue_dowork        @ -- Begin function rt_wlan_workqueue_dowork
	.globl	rt_wlan_workqueue_dowork
	.p2align	3
	.type	rt_wlan_workqueue_dowork,%function
	.code	16                              @ @rt_wlan_workqueue_dowork
	.thumb_func
rt_wlan_workqueue_dowork:
.Lfunc_begin1:
	.loc	2 45 0 is_stmt 1                @ rt-thread/components/drivers/wlan/wlan_workqueue.c:45:0
	.fnstart
	.cfi_startproc
@ %bb.0:
	@DEBUG_VALUE: rt_wlan_workqueue_dowork:func <- $r0
	@DEBUG_VALUE: rt_wlan_workqueue_dowork:parameter <- $r1
	@DEBUG_VALUE: rt_wlan_workqueue_dowork:func <- $r0
	.save	{r4, r5, r6, r7, lr}
	push	{r4, r5, r6, r7, lr}
	.cfi_def_cfa_offset 20
	.cfi_offset lr, -4
	.cfi_offset r7, -8
	.cfi_offset r6, -12
	.cfi_offset r5, -16
	.cfi_offset r4, -20
	.pad	#4
	sub	sp, #4
	.cfi_def_cfa_offset 24
.Ltmp1:
	@DEBUG_VALUE: rt_wlan_workqueue_dowork:err <- 0
	@DEBUG_VALUE: rt_wlan_workqueue_dowork:parameter <- $r1
	.loc	2 50 9 prologue_end             @ rt-thread/components/drivers/wlan/wlan_workqueue.c:50:9
	cbz	r0, .LBB1_5
.Ltmp2:
@ %bb.1:
	@DEBUG_VALUE: rt_wlan_workqueue_dowork:parameter <- $r1
	@DEBUG_VALUE: rt_wlan_workqueue_dowork:func <- $r0
	@DEBUG_VALUE: rt_wlan_workqueue_dowork:err <- 0
	.loc	2 56 9                          @ rt-thread/components/drivers/wlan/wlan_workqueue.c:56:9
	movw	r7, :lower16:wlan_workqueue
	mov	r4, r0
.Ltmp3:
	@DEBUG_VALUE: rt_wlan_workqueue_dowork:func <- $r4
	@DEBUG_VALUE: rt_wlan_workqueue_dowork:func <- $r4
	@DEBUG_VALUE: rt_wlan_workqueue_dowork:parameter <- $r1
	movt	r7, :upper16:wlan_workqueue
	ldr	r0, [r7]
.Ltmp4:
	.loc	2 56 9 is_stmt 0                @ rt-thread/components/drivers/wlan/wlan_workqueue.c:56:9
	cmp	r0, #0
	beq	.LBB1_6
.Ltmp5:
@ %bb.2:
	@DEBUG_VALUE: rt_wlan_workqueue_dowork:func <- $r4
	@DEBUG_VALUE: rt_wlan_workqueue_dowork:parameter <- $r1
	@DEBUG_VALUE: rt_wlan_workqueue_dowork:err <- 0
	.loc	2 62 17 is_stmt 1               @ rt-thread/components/drivers/wlan/wlan_workqueue.c:62:17
	movs	r0, #76
	mov	r6, r1
.Ltmp6:
	@DEBUG_VALUE: rt_wlan_workqueue_dowork:parameter <- $r6
	@DEBUG_VALUE: rt_wlan_workqueue_dowork:parameter <- $r6
	bl	rt_malloc
.Ltmp7:
	@DEBUG_VALUE: rt_wlan_workqueue_dowork:wlan_work <- $r0
	.loc	2 63 9                          @ rt-thread/components/drivers/wlan/wlan_workqueue.c:63:9
	cmp	r0, #0
	beq	.LBB1_7
.Ltmp8:
@ %bb.3:
	@DEBUG_VALUE: rt_wlan_workqueue_dowork:parameter <- $r6
	@DEBUG_VALUE: rt_wlan_workqueue_dowork:func <- $r4
	@DEBUG_VALUE: rt_wlan_workqueue_dowork:wlan_work <- $r0
	@DEBUG_VALUE: rt_wlan_workqueue_dowork:err <- 0
	.loc	2 70 5                          @ rt-thread/components/drivers/wlan/wlan_workqueue.c:70:5
	mov	r1, r0
	.loc	2 0 0 is_stmt 0                 @ rt-thread/components/drivers/wlan/wlan_workqueue.c:0:0
	mov	r5, r0
.Ltmp9:
	@DEBUG_VALUE: rt_wlan_workqueue_dowork:wlan_work <- $r5
	@DEBUG_VALUE: rt_wlan_workqueue_dowork:wlan_work <- $r5
	.loc	2 68 20 is_stmt 1               @ rt-thread/components/drivers/wlan/wlan_workqueue.c:68:20
	strd	r4, r6, [r0, #68]
	.loc	2 70 5                          @ rt-thread/components/drivers/wlan/wlan_workqueue.c:70:5
	bl	rt_work_init
	.loc	2 71 31                         @ rt-thread/components/drivers/wlan/wlan_workqueue.c:71:31
	ldr	r0, [r7]
	.loc	2 71 11 is_stmt 0               @ rt-thread/components/drivers/wlan/wlan_workqueue.c:71:11
	mov	r1, r5
	bl	rt_workqueue_dowork
.Ltmp10:
	@DEBUG_VALUE: rt_wlan_workqueue_dowork:err <- $r0
	.loc	2 72 9 is_stmt 1                @ rt-thread/components/drivers/wlan/wlan_workqueue.c:72:9
	cmp	r0, #0
	beq	.LBB1_8
.Ltmp11:
@ %bb.4:
	@DEBUG_VALUE: rt_wlan_workqueue_dowork:parameter <- $r6
	@DEBUG_VALUE: rt_wlan_workqueue_dowork:wlan_work <- $r5
	@DEBUG_VALUE: rt_wlan_workqueue_dowork:func <- $r4
	@DEBUG_VALUE: rt_wlan_workqueue_dowork:err <- $r0
	.loc	2 0 0 is_stmt 0                 @ rt-thread/components/drivers/wlan/wlan_workqueue.c:0:0
	mov	r4, r0
.Ltmp12:
	@DEBUG_VALUE: rt_wlan_workqueue_dowork:err <- $r4
	@DEBUG_VALUE: rt_wlan_workqueue_dowork:func <- [DW_OP_LLVM_entry_value 1] $r0
	@DEBUG_VALUE: rt_wlan_workqueue_dowork:err <- $r4
	.loc	2 74 9 is_stmt 1                @ rt-thread/components/drivers/wlan/wlan_workqueue.c:74:9
	movw	r0, :lower16:.L.str
	movt	r0, :upper16:.L.str
	bl	rt_kprintf
	movw	r1, :lower16:.L__FUNCTION__.rt_wlan_workqueue_dowork
	adr	r0, .LCPI1_0
	movt	r1, :upper16:.L__FUNCTION__.rt_wlan_workqueue_dowork
	movs	r2, #74
	bl	rt_kprintf
	movw	r0, :lower16:.L.str.2
	movt	r0, :upper16:.L.str.2
	bl	rt_kprintf
.Ltmp13:
	.loc	2 75 9                          @ rt-thread/components/drivers/wlan/wlan_workqueue.c:75:9
	mov	r0, r5
	bl	rt_free
	b	.LBB1_9
.Ltmp14:
.LBB1_5:
	@DEBUG_VALUE: rt_wlan_workqueue_dowork:parameter <- $r1
	@DEBUG_VALUE: rt_wlan_workqueue_dowork:func <- $r0
	@DEBUG_VALUE: rt_wlan_workqueue_dowork:err <- 0
	.loc	2 52 9                          @ rt-thread/components/drivers/wlan/wlan_workqueue.c:52:9
	movw	r0, :lower16:.L.str
.Ltmp15:
	@DEBUG_VALUE: rt_wlan_workqueue_dowork:func <- [DW_OP_LLVM_entry_value 1] $r0
	movt	r0, :upper16:.L.str
	bl	rt_kprintf
.Ltmp16:
	@DEBUG_VALUE: rt_wlan_workqueue_dowork:parameter <- [DW_OP_LLVM_entry_value 1] $r1
	movw	r1, :lower16:.L__FUNCTION__.rt_wlan_workqueue_dowork
	adr	r0, .LCPI1_3
	movt	r1, :upper16:.L__FUNCTION__.rt_wlan_workqueue_dowork
	movs	r2, #52
	bl	rt_kprintf
	movw	r0, :lower16:.L.str.2
	movt	r0, :upper16:.L.str.2
	bl	rt_kprintf
	mvn	r4, #9
.Ltmp17:
	.loc	2 53 9                          @ rt-thread/components/drivers/wlan/wlan_workqueue.c:53:9
	b	.LBB1_9
.Ltmp18:
.LBB1_6:
	@DEBUG_VALUE: rt_wlan_workqueue_dowork:func <- $r4
	@DEBUG_VALUE: rt_wlan_workqueue_dowork:parameter <- $r1
	@DEBUG_VALUE: rt_wlan_workqueue_dowork:err <- 0
	.loc	2 58 9                          @ rt-thread/components/drivers/wlan/wlan_workqueue.c:58:9
	movw	r0, :lower16:.L.str
	movt	r0, :upper16:.L.str
	bl	rt_kprintf
.Ltmp19:
	@DEBUG_VALUE: rt_wlan_workqueue_dowork:parameter <- [DW_OP_LLVM_entry_value 1] $r1
	movw	r1, :lower16:.L__FUNCTION__.rt_wlan_workqueue_dowork
	adr	r0, .LCPI1_2
	movt	r1, :upper16:.L__FUNCTION__.rt_wlan_workqueue_dowork
	movs	r2, #58
	bl	rt_kprintf
	movw	r0, :lower16:.L.str.2
	movt	r0, :upper16:.L.str.2
	bl	rt_kprintf
	mov.w	r4, #-1
.Ltmp20:
	@DEBUG_VALUE: rt_wlan_workqueue_dowork:func <- [DW_OP_LLVM_entry_value 1] $r0
	.loc	2 59 9                          @ rt-thread/components/drivers/wlan/wlan_workqueue.c:59:9
	b	.LBB1_9
.Ltmp21:
.LBB1_7:
	@DEBUG_VALUE: rt_wlan_workqueue_dowork:parameter <- $r6
	@DEBUG_VALUE: rt_wlan_workqueue_dowork:func <- $r4
	@DEBUG_VALUE: rt_wlan_workqueue_dowork:wlan_work <- $r0
	@DEBUG_VALUE: rt_wlan_workqueue_dowork:err <- 0
	.loc	2 65 9                          @ rt-thread/components/drivers/wlan/wlan_workqueue.c:65:9
	movw	r0, :lower16:.L.str
.Ltmp22:
	movt	r0, :upper16:.L.str
	bl	rt_kprintf
	movw	r1, :lower16:.L__FUNCTION__.rt_wlan_workqueue_dowork
	adr	r0, .LCPI1_1
	movt	r1, :upper16:.L__FUNCTION__.rt_wlan_workqueue_dowork
	movs	r2, #65
	bl	rt_kprintf
	movw	r0, :lower16:.L.str.2
	movt	r0, :upper16:.L.str.2
	bl	rt_kprintf
	mvn	r4, #4
.Ltmp23:
	@DEBUG_VALUE: rt_wlan_workqueue_dowork:func <- [DW_OP_LLVM_entry_value 1] $r0
	.loc	2 66 9                          @ rt-thread/components/drivers/wlan/wlan_workqueue.c:66:9
	b	.LBB1_9
.Ltmp24:
.LBB1_8:
	@DEBUG_VALUE: rt_wlan_workqueue_dowork:parameter <- $r6
	@DEBUG_VALUE: rt_wlan_workqueue_dowork:wlan_work <- $r5
	@DEBUG_VALUE: rt_wlan_workqueue_dowork:func <- $r4
	@DEBUG_VALUE: rt_wlan_workqueue_dowork:err <- $r0
	.loc	2 0 9 is_stmt 0                 @ rt-thread/components/drivers/wlan/wlan_workqueue.c:0:9
	movs	r4, #0
.Ltmp25:
	@DEBUG_VALUE: rt_wlan_workqueue_dowork:func <- [DW_OP_LLVM_entry_value 1] $r0
.LBB1_9:
	.loc	2 79 1 is_stmt 1                @ rt-thread/components/drivers/wlan/wlan_workqueue.c:79:1
	mov	r0, r4
	add	sp, #4
	pop	{r4, r5, r6, r7, pc}
.Ltmp26:
	.p2align	2
@ %bb.10:
	.loc	2 0 1 is_stmt 0                 @ rt-thread/components/drivers/wlan/wlan_workqueue.c:0:1
.LCPI1_0:
.L.str.5:
	.asciz	"F:%s L:%d do work failed\000\000\000"
.LCPI1_1:
.L.str.4:
	.asciz	"F:%s L:%d create work failed\000\000\000"
.LCPI1_2:
.L.str.3:
	.asciz	"F:%s L:%d not init wlan work queue\000"
.LCPI1_3:
.L.str.1:
	.asciz	"F:%s L:%d func is null\000"
.Lfunc_end1:
	.size	rt_wlan_workqueue_dowork, .Lfunc_end1-rt_wlan_workqueue_dowork
	.cfi_endproc
	.cantunwind
	.fnend
                                        @ -- End function
	.section	.text.rt_work_init,"ax",%progbits
	.p2align	3                               @ -- Begin function rt_work_init
	.type	rt_work_init,%function
	.code	16                              @ @rt_work_init
	.thumb_func
rt_work_init:
.Lfunc_begin2:
	.loc	3 73 0 is_stmt 1                @ rt-thread/components/drivers/include\ipc/workqueue.h:73:0
	.fnstart
	.cfi_startproc
@ %bb.0:
	@DEBUG_VALUE: rt_work_init:work <- $r0
	@DEBUG_VALUE: rt_work_init:work_data <- $r1
	.save	{r4, r5, r7, lr}
	push	{r4, r5, r7, lr}
	.cfi_def_cfa_offset 16
	.cfi_offset lr, -4
	.cfi_offset r7, -8
	.cfi_offset r5, -12
	.cfi_offset r4, -16
	mov	r4, r1
.Ltmp27:
	@DEBUG_VALUE: rt_work_init:work_data <- $r4
	mov	r5, r0
	@DEBUG_VALUE: rt_work_init:work_data <- $r4
.Ltmp28:
	@DEBUG_VALUE: rt_work_init:work <- $r5
	.loc	3 74 5 prologue_end             @ rt-thread/components/drivers/include\ipc/workqueue.h:74:5
	bl	rt_list_init
	.loc	3 75 21                         @ rt-thread/components/drivers/include\ipc/workqueue.h:75:21
	movw	r0, :lower16:rt_wlan_workqueue_fun
	movs	r1, #0
	movt	r0, :upper16:rt_wlan_workqueue_fun
.Ltmp29:
	@DEBUG_VALUE: rt_work_init:work_func <- $r0
	.loc	3 77 21                         @ rt-thread/components/drivers/include\ipc/workqueue.h:77:21
	str	r1, [r5, #64]
	.loc	3 75 21                         @ rt-thread/components/drivers/include\ipc/workqueue.h:75:21
	strd	r0, r4, [r5, #8]
	.loc	3 78 17                         @ rt-thread/components/drivers/include\ipc/workqueue.h:78:17
	str	r1, [r5, #16]
	.loc	3 80 1                          @ rt-thread/components/drivers/include\ipc/workqueue.h:80:1
	pop	{r4, r5, r7, pc}
.Ltmp30:
.Lfunc_end2:
	.size	rt_work_init, .Lfunc_end2-rt_work_init
	.cfi_endproc
	.cantunwind
	.fnend
                                        @ -- End function
	.section	.text.rt_wlan_workqueue_fun,"ax",%progbits
	.p2align	3                               @ -- Begin function rt_wlan_workqueue_fun
	.type	rt_wlan_workqueue_fun,%function
	.code	16                              @ @rt_wlan_workqueue_fun
	.thumb_func
rt_wlan_workqueue_fun:
.Lfunc_begin3:
	.loc	2 32 0                          @ rt-thread/components/drivers/wlan/wlan_workqueue.c:32:0
	.fnstart
	.cfi_startproc
@ %bb.0:
	@DEBUG_VALUE: rt_wlan_workqueue_fun:work <- $r0
	@DEBUG_VALUE: rt_wlan_workqueue_fun:work_data <- $r1
	.save	{r4, lr}
	push	{r4, lr}
	.cfi_def_cfa_offset 8
	.cfi_offset lr, -4
	.cfi_offset r4, -8
.Ltmp31:
	@DEBUG_VALUE: rt_wlan_workqueue_fun:wlan_work <- $r1
	mov	r4, r1
.Ltmp32:
	@DEBUG_VALUE: rt_wlan_workqueue_fun:wlan_work <- $r4
	@DEBUG_VALUE: rt_wlan_workqueue_fun:work_data <- $r4
	.loc	2 35 16 prologue_end            @ rt-thread/components/drivers/wlan/wlan_workqueue.c:35:16
	ldr	r1, [r1, #68]
	.loc	2 35 31 is_stmt 0               @ rt-thread/components/drivers/wlan/wlan_workqueue.c:35:31
	ldr	r0, [r4, #72]
.Ltmp33:
	@DEBUG_VALUE: rt_wlan_workqueue_fun:work <- [DW_OP_LLVM_entry_value 1] $r0
	.loc	2 35 5                          @ rt-thread/components/drivers/wlan/wlan_workqueue.c:35:5
	blx	r1
	.loc	2 36 5 is_stmt 1                @ rt-thread/components/drivers/wlan/wlan_workqueue.c:36:5
	mov	r0, r4
	bl	rt_free
	.loc	2 37 1                          @ rt-thread/components/drivers/wlan/wlan_workqueue.c:37:1
	pop	{r4, pc}
.Ltmp34:
.Lfunc_end3:
	.size	rt_wlan_workqueue_fun, .Lfunc_end3-rt_wlan_workqueue_fun
	.cfi_endproc
	.cantunwind
	.fnend
                                        @ -- End function
	.section	.text.rt_wlan_workqueue_init,"ax",%progbits
	.hidden	rt_wlan_workqueue_init          @ -- Begin function rt_wlan_workqueue_init
	.globl	rt_wlan_workqueue_init
	.p2align	3
	.type	rt_wlan_workqueue_init,%function
	.code	16                              @ @rt_wlan_workqueue_init
	.thumb_func
rt_wlan_workqueue_init:
.Lfunc_begin4:
	.loc	2 82 0                          @ rt-thread/components/drivers/wlan/wlan_workqueue.c:82:0
	.fnstart
	.cfi_startproc
@ %bb.0:
	.save	{r4, lr}
	push	{r4, lr}
	.cfi_def_cfa_offset 8
	.cfi_offset lr, -4
	.cfi_offset r4, -8
.Ltmp35:
	.loc	2 85 9 prologue_end             @ rt-thread/components/drivers/wlan/wlan_workqueue.c:85:9
	movw	r4, :lower16:rt_wlan_workqueue_init._init_flag
	movt	r4, :upper16:rt_wlan_workqueue_init._init_flag
	ldrb	r0, [r4]
.Ltmp36:
	.loc	2 85 9 is_stmt 0                @ rt-thread/components/drivers/wlan/wlan_workqueue.c:85:9
	cbnz	r0, .LBB4_3
@ %bb.1:
.Ltmp37:
	.loc	2 87 26 is_stmt 1               @ rt-thread/components/drivers/wlan/wlan_workqueue.c:87:26
	adr	r0, .LCPI4_0
	mov.w	r1, #2048
	movs	r2, #15
	bl	rt_workqueue_create
	.loc	2 87 24 is_stmt 0               @ rt-thread/components/drivers/wlan/wlan_workqueue.c:87:24
	movw	r1, :lower16:wlan_workqueue
	movt	r1, :upper16:wlan_workqueue
	str	r0, [r1]
	.loc	2 89 13 is_stmt 1               @ rt-thread/components/drivers/wlan/wlan_workqueue.c:89:13
	cbz	r0, .LBB4_4
@ %bb.2:
	.loc	2 0 13 is_stmt 0                @ rt-thread/components/drivers/wlan/wlan_workqueue.c:0:13
	movs	r0, #1
	.loc	2 94 20 is_stmt 1               @ rt-thread/components/drivers/wlan/wlan_workqueue.c:94:20
	strb	r0, [r4]
.Ltmp38:
.LBB4_3:
	.loc	2 0 20 is_stmt 0                @ rt-thread/components/drivers/wlan/wlan_workqueue.c:0:20
	movs	r0, #0
	.loc	2 98 1 is_stmt 1                @ rt-thread/components/drivers/wlan/wlan_workqueue.c:98:1
	pop	{r4, pc}
.LBB4_4:
.Ltmp39:
	.loc	2 91 13                         @ rt-thread/components/drivers/wlan/wlan_workqueue.c:91:13
	movw	r0, :lower16:.L.str
	movt	r0, :upper16:.L.str
	bl	rt_kprintf
	adr	r0, .LCPI4_1
	adr	r1, .LCPI4_2
	movs	r2, #91
	bl	rt_kprintf
	movw	r0, :lower16:.L.str.2
	movt	r0, :upper16:.L.str.2
	bl	rt_kprintf
	mov.w	r0, #-1
.Ltmp40:
	.loc	2 98 1                          @ rt-thread/components/drivers/wlan/wlan_workqueue.c:98:1
	pop	{r4, pc}
.Ltmp41:
	.p2align	2
@ %bb.5:
	.loc	2 0 1 is_stmt 0                 @ rt-thread/components/drivers/wlan/wlan_workqueue.c:0:1
.LCPI4_0:
.L.str.6:
	.asciz	"wlan\000\000\000"
.LCPI4_1:
.L.str.7:
	.asciz	"F:%s L:%d wlan work queue create failed"
.LCPI4_2:
.L__FUNCTION__.rt_wlan_workqueue_init:
	.asciz	"rt_wlan_workqueue_init\000"
.Lfunc_end4:
	.size	rt_wlan_workqueue_init, .Lfunc_end4-rt_wlan_workqueue_init
	.cfi_endproc
	.cantunwind
	.fnend
                                        @ -- End function
	.section	.text.rt_list_init,"ax",%progbits
	.p2align	3                               @ -- Begin function rt_list_init
	.type	rt_list_init,%function
	.code	16                              @ @rt_list_init
	.thumb_func
rt_list_init:
.Lfunc_begin5:
	.file	4 "E:\\Smart-access-control\\Hardware\\CODE" "rt-thread/include\\rtservice.h"
	.loc	4 48 0 is_stmt 1                @ rt-thread/include\rtservice.h:48:0
	.fnstart
	.cfi_startproc
@ %bb.0:
	@DEBUG_VALUE: rt_list_init:l <- $r0
	@DEBUG_VALUE: rt_list_init:l <- $r0
	.loc	4 49 13 prologue_end            @ rt-thread/include\rtservice.h:49:13
	strd	r0, r0, [r0]
	.loc	4 50 1                          @ rt-thread/include\rtservice.h:50:1
	bx	lr
.Ltmp42:
.Lfunc_end5:
	.size	rt_list_init, .Lfunc_end5-rt_list_init
	.cfi_endproc
	.cantunwind
	.fnend
                                        @ -- End function
	.type	wlan_workqueue,%object          @ @wlan_workqueue
	.section	.bss.wlan_workqueue,"aw",%nobits
	.p2align	2
wlan_workqueue:
	.long	0
	.size	wlan_workqueue, 4

	.type	.L.str,%object                  @ @.str
	.section	.rodata.str1.1,"aMS",%progbits,1
.L.str:
	.asciz	"[E/WLAN.work] "
	.size	.L.str, 15

	.type	.L__FUNCTION__.rt_wlan_workqueue_dowork,%object @ @__FUNCTION__.rt_wlan_workqueue_dowork
.L__FUNCTION__.rt_wlan_workqueue_dowork:
	.asciz	"rt_wlan_workqueue_dowork"
	.size	.L__FUNCTION__.rt_wlan_workqueue_dowork, 25

	.type	.L.str.2,%object                @ @.str.2
.L.str.2:
	.asciz	"\n"
	.size	.L.str.2, 2

	.type	rt_wlan_workqueue_init._init_flag,%object @ @rt_wlan_workqueue_init._init_flag
	.section	.bss.rt_wlan_workqueue_init._init_flag,"aw",%nobits
rt_wlan_workqueue_init._init_flag:
	.byte	0                               @ 0x0
	.size	rt_wlan_workqueue_init._init_flag, 1

	.hidden	__rt_init_rt_wlan_workqueue_init @ @__rt_init_rt_wlan_workqueue_init
	.type	__rt_init_rt_wlan_workqueue_init,%object
	.section	.rti_fn.2,"a",%progbits
	.globl	__rt_init_rt_wlan_workqueue_init
	.p2align	2
__rt_init_rt_wlan_workqueue_init:
__tagsym$$used.0:
	.long	rt_wlan_workqueue_init
	.size	__rt_init_rt_wlan_workqueue_init, 4

	.globl	__rt_init_rt_wlan_workqueue_init
	.section	.debug_loc,"",%progbits
.Ldebug_loc0:
	.long	-1
	.long	.Lfunc_begin1                   @   base address
	.long	.Lfunc_begin1-.Lfunc_begin1
	.long	.Ltmp3-.Lfunc_begin1
	.short	1                               @ Loc expr size
	.byte	80                              @ DW_OP_reg0
	.long	.Ltmp3-.Lfunc_begin1
	.long	.Ltmp12-.Lfunc_begin1
	.short	1                               @ Loc expr size
	.byte	84                              @ DW_OP_reg4
	.long	.Ltmp12-.Lfunc_begin1
	.long	.Ltmp14-.Lfunc_begin1
	.short	3                               @ Loc expr size
	.byte	163                             @ DW_OP_entry_value
	.byte	1                               @ 1
	.byte	80                              @ DW_OP_reg0
	.long	.Ltmp14-.Lfunc_begin1
	.long	.Ltmp15-.Lfunc_begin1
	.short	1                               @ Loc expr size
	.byte	80                              @ DW_OP_reg0
	.long	.Ltmp15-.Lfunc_begin1
	.long	.Ltmp18-.Lfunc_begin1
	.short	3                               @ Loc expr size
	.byte	163                             @ DW_OP_entry_value
	.byte	1                               @ 1
	.byte	80                              @ DW_OP_reg0
	.long	.Ltmp18-.Lfunc_begin1
	.long	.Ltmp20-.Lfunc_begin1
	.short	1                               @ Loc expr size
	.byte	84                              @ DW_OP_reg4
	.long	.Ltmp20-.Lfunc_begin1
	.long	.Ltmp21-.Lfunc_begin1
	.short	3                               @ Loc expr size
	.byte	163                             @ DW_OP_entry_value
	.byte	1                               @ 1
	.byte	80                              @ DW_OP_reg0
	.long	.Ltmp21-.Lfunc_begin1
	.long	.Ltmp23-.Lfunc_begin1
	.short	1                               @ Loc expr size
	.byte	84                              @ DW_OP_reg4
	.long	.Ltmp23-.Lfunc_begin1
	.long	.Ltmp24-.Lfunc_begin1
	.short	3                               @ Loc expr size
	.byte	163                             @ DW_OP_entry_value
	.byte	1                               @ 1
	.byte	80                              @ DW_OP_reg0
	.long	.Ltmp24-.Lfunc_begin1
	.long	.Ltmp25-.Lfunc_begin1
	.short	1                               @ Loc expr size
	.byte	84                              @ DW_OP_reg4
	.long	0
	.long	0
.Ldebug_loc1:
	.long	-1
	.long	.Lfunc_begin1                   @   base address
	.long	.Lfunc_begin1-.Lfunc_begin1
	.long	.Ltmp6-.Lfunc_begin1
	.short	1                               @ Loc expr size
	.byte	81                              @ DW_OP_reg1
	.long	.Ltmp6-.Lfunc_begin1
	.long	.Ltmp14-.Lfunc_begin1
	.short	1                               @ Loc expr size
	.byte	86                              @ DW_OP_reg6
	.long	.Ltmp14-.Lfunc_begin1
	.long	.Ltmp16-.Lfunc_begin1
	.short	1                               @ Loc expr size
	.byte	81                              @ DW_OP_reg1
	.long	.Ltmp16-.Lfunc_begin1
	.long	.Ltmp18-.Lfunc_begin1
	.short	3                               @ Loc expr size
	.byte	163                             @ DW_OP_entry_value
	.byte	1                               @ 1
	.byte	81                              @ DW_OP_reg1
	.long	.Ltmp18-.Lfunc_begin1
	.long	.Ltmp19-.Lfunc_begin1
	.short	1                               @ Loc expr size
	.byte	81                              @ DW_OP_reg1
	.long	.Ltmp19-.Lfunc_begin1
	.long	.Ltmp21-.Lfunc_begin1
	.short	3                               @ Loc expr size
	.byte	163                             @ DW_OP_entry_value
	.byte	1                               @ 1
	.byte	81                              @ DW_OP_reg1
	.long	.Ltmp21-.Lfunc_begin1
	.long	.Ltmp25-.Lfunc_begin1
	.short	1                               @ Loc expr size
	.byte	86                              @ DW_OP_reg6
	.long	0
	.long	0
.Ldebug_loc2:
	.long	-1
	.long	.Lfunc_begin1                   @   base address
	.long	.Ltmp1-.Lfunc_begin1
	.long	.Ltmp10-.Lfunc_begin1
	.short	1                               @ Loc expr size
	.byte	48                              @ DW_OP_lit0
	.long	.Ltmp10-.Lfunc_begin1
	.long	.Ltmp12-.Lfunc_begin1
	.short	1                               @ Loc expr size
	.byte	80                              @ DW_OP_reg0
	.long	.Ltmp12-.Lfunc_begin1
	.long	.Ltmp14-.Lfunc_begin1
	.short	1                               @ Loc expr size
	.byte	84                              @ DW_OP_reg4
	.long	.Ltmp14-.Lfunc_begin1
	.long	.Ltmp24-.Lfunc_begin1
	.short	1                               @ Loc expr size
	.byte	48                              @ DW_OP_lit0
	.long	.Ltmp24-.Lfunc_begin1
	.long	.Ltmp25-.Lfunc_begin1
	.short	1                               @ Loc expr size
	.byte	80                              @ DW_OP_reg0
	.long	0
	.long	0
.Ldebug_loc3:
	.long	-1
	.long	.Lfunc_begin1                   @   base address
	.long	.Ltmp7-.Lfunc_begin1
	.long	.Ltmp9-.Lfunc_begin1
	.short	1                               @ Loc expr size
	.byte	80                              @ DW_OP_reg0
	.long	.Ltmp9-.Lfunc_begin1
	.long	.Ltmp14-.Lfunc_begin1
	.short	1                               @ Loc expr size
	.byte	85                              @ DW_OP_reg5
	.long	.Ltmp21-.Lfunc_begin1
	.long	.Ltmp22-.Lfunc_begin1
	.short	1                               @ Loc expr size
	.byte	80                              @ DW_OP_reg0
	.long	.Ltmp24-.Lfunc_begin1
	.long	.Ltmp25-.Lfunc_begin1
	.short	1                               @ Loc expr size
	.byte	85                              @ DW_OP_reg5
	.long	0
	.long	0
.Ldebug_loc4:
	.long	-1
	.long	.Lfunc_begin2                   @   base address
	.long	.Lfunc_begin2-.Lfunc_begin2
	.long	.Ltmp28-.Lfunc_begin2
	.short	1                               @ Loc expr size
	.byte	80                              @ DW_OP_reg0
	.long	.Ltmp28-.Lfunc_begin2
	.long	.Ltmp30-.Lfunc_begin2
	.short	1                               @ Loc expr size
	.byte	85                              @ DW_OP_reg5
	.long	0
	.long	0
.Ldebug_loc5:
	.long	-1
	.long	.Lfunc_begin2                   @   base address
	.long	.Lfunc_begin2-.Lfunc_begin2
	.long	.Ltmp27-.Lfunc_begin2
	.short	1                               @ Loc expr size
	.byte	81                              @ DW_OP_reg1
	.long	.Ltmp27-.Lfunc_begin2
	.long	.Ltmp30-.Lfunc_begin2
	.short	1                               @ Loc expr size
	.byte	84                              @ DW_OP_reg4
	.long	0
	.long	0
.Ldebug_loc6:
	.long	-1
	.long	.Lfunc_begin2                   @   base address
	.long	.Ltmp29-.Lfunc_begin2
	.long	.Lfunc_end2-.Lfunc_begin2
	.short	1                               @ Loc expr size
	.byte	80                              @ DW_OP_reg0
	.long	0
	.long	0
.Ldebug_loc7:
	.long	-1
	.long	.Lfunc_begin3                   @   base address
	.long	.Lfunc_begin3-.Lfunc_begin3
	.long	.Ltmp33-.Lfunc_begin3
	.short	1                               @ Loc expr size
	.byte	80                              @ DW_OP_reg0
	.long	.Ltmp33-.Lfunc_begin3
	.long	.Lfunc_end3-.Lfunc_begin3
	.short	3                               @ Loc expr size
	.byte	163                             @ DW_OP_entry_value
	.byte	1                               @ 1
	.byte	80                              @ DW_OP_reg0
	.long	0
	.long	0
.Ldebug_loc8:
	.long	-1
	.long	.Lfunc_begin3                   @   base address
	.long	.Lfunc_begin3-.Lfunc_begin3
	.long	.Ltmp32-.Lfunc_begin3
	.short	1                               @ Loc expr size
	.byte	81                              @ DW_OP_reg1
	.long	.Ltmp32-.Lfunc_begin3
	.long	.Ltmp34-.Lfunc_begin3
	.short	1                               @ Loc expr size
	.byte	84                              @ DW_OP_reg4
	.long	0
	.long	0
.Ldebug_loc9:
	.long	-1
	.long	.Lfunc_begin3                   @   base address
	.long	.Ltmp31-.Lfunc_begin3
	.long	.Ltmp32-.Lfunc_begin3
	.short	1                               @ Loc expr size
	.byte	81                              @ DW_OP_reg1
	.long	.Ltmp32-.Lfunc_begin3
	.long	.Ltmp34-.Lfunc_begin3
	.short	1                               @ Loc expr size
	.byte	84                              @ DW_OP_reg4
	.long	0
	.long	0
	.section	.debug_abbrev,"",%progbits
	.byte	1                               @ Abbreviation Code
	.byte	17                              @ DW_TAG_compile_unit
	.byte	1                               @ DW_CHILDREN_yes
	.byte	37                              @ DW_AT_producer
	.byte	14                              @ DW_FORM_strp
	.byte	19                              @ DW_AT_language
	.byte	5                               @ DW_FORM_data2
	.byte	3                               @ DW_AT_name
	.byte	14                              @ DW_FORM_strp
	.byte	16                              @ DW_AT_stmt_list
	.byte	6                               @ DW_FORM_data4
	.byte	27                              @ DW_AT_comp_dir
	.byte	14                              @ DW_FORM_strp
	.byte	17                              @ DW_AT_low_pc
	.byte	1                               @ DW_FORM_addr
	.byte	85                              @ DW_AT_ranges
	.byte	6                               @ DW_FORM_data4
	.byte	0                               @ EOM(1)
	.byte	0                               @ EOM(2)
	.byte	2                               @ Abbreviation Code
	.byte	46                              @ DW_TAG_subprogram
	.byte	1                               @ DW_CHILDREN_yes
	.byte	17                              @ DW_AT_low_pc
	.byte	1                               @ DW_FORM_addr
	.byte	18                              @ DW_AT_high_pc
	.byte	1                               @ DW_FORM_addr
	.byte	64                              @ DW_AT_frame_base
	.byte	10                              @ DW_FORM_block1
	.byte	3                               @ DW_AT_name
	.byte	14                              @ DW_FORM_strp
	.byte	58                              @ DW_AT_decl_file
	.byte	11                              @ DW_FORM_data1
	.byte	59                              @ DW_AT_decl_line
	.byte	11                              @ DW_FORM_data1
	.byte	39                              @ DW_AT_prototyped
	.byte	12                              @ DW_FORM_flag
	.byte	73                              @ DW_AT_type
	.byte	19                              @ DW_FORM_ref4
	.byte	63                              @ DW_AT_external
	.byte	12                              @ DW_FORM_flag
	.byte	0                               @ EOM(1)
	.byte	0                               @ EOM(2)
	.byte	3                               @ Abbreviation Code
	.byte	52                              @ DW_TAG_variable
	.byte	0                               @ DW_CHILDREN_no
	.byte	3                               @ DW_AT_name
	.byte	14                              @ DW_FORM_strp
	.byte	73                              @ DW_AT_type
	.byte	19                              @ DW_FORM_ref4
	.byte	58                              @ DW_AT_decl_file
	.byte	11                              @ DW_FORM_data1
	.byte	59                              @ DW_AT_decl_line
	.byte	11                              @ DW_FORM_data1
	.byte	2                               @ DW_AT_location
	.byte	10                              @ DW_FORM_block1
	.byte	0                               @ EOM(1)
	.byte	0                               @ EOM(2)
	.byte	4                               @ Abbreviation Code
	.byte	22                              @ DW_TAG_typedef
	.byte	0                               @ DW_CHILDREN_no
	.byte	73                              @ DW_AT_type
	.byte	19                              @ DW_FORM_ref4
	.byte	3                               @ DW_AT_name
	.byte	14                              @ DW_FORM_strp
	.byte	58                              @ DW_AT_decl_file
	.byte	11                              @ DW_FORM_data1
	.byte	59                              @ DW_AT_decl_line
	.byte	11                              @ DW_FORM_data1
	.byte	0                               @ EOM(1)
	.byte	0                               @ EOM(2)
	.byte	5                               @ Abbreviation Code
	.byte	36                              @ DW_TAG_base_type
	.byte	0                               @ DW_CHILDREN_no
	.byte	3                               @ DW_AT_name
	.byte	14                              @ DW_FORM_strp
	.byte	62                              @ DW_AT_encoding
	.byte	11                              @ DW_FORM_data1
	.byte	11                              @ DW_AT_byte_size
	.byte	11                              @ DW_FORM_data1
	.byte	0                               @ EOM(1)
	.byte	0                               @ EOM(2)
	.byte	6                               @ Abbreviation Code
	.byte	52                              @ DW_TAG_variable
	.byte	0                               @ DW_CHILDREN_no
	.byte	3                               @ DW_AT_name
	.byte	14                              @ DW_FORM_strp
	.byte	73                              @ DW_AT_type
	.byte	19                              @ DW_FORM_ref4
	.byte	63                              @ DW_AT_external
	.byte	12                              @ DW_FORM_flag
	.byte	58                              @ DW_AT_decl_file
	.byte	11                              @ DW_FORM_data1
	.byte	59                              @ DW_AT_decl_line
	.byte	11                              @ DW_FORM_data1
	.byte	2                               @ DW_AT_location
	.byte	10                              @ DW_FORM_block1
	.byte	0                               @ EOM(1)
	.byte	0                               @ EOM(2)
	.byte	7                               @ Abbreviation Code
	.byte	38                              @ DW_TAG_const_type
	.byte	0                               @ DW_CHILDREN_no
	.byte	73                              @ DW_AT_type
	.byte	19                              @ DW_FORM_ref4
	.byte	0                               @ EOM(1)
	.byte	0                               @ EOM(2)
	.byte	8                               @ Abbreviation Code
	.byte	15                              @ DW_TAG_pointer_type
	.byte	0                               @ DW_CHILDREN_no
	.byte	73                              @ DW_AT_type
	.byte	19                              @ DW_FORM_ref4
	.byte	0                               @ EOM(1)
	.byte	0                               @ EOM(2)
	.byte	9                               @ Abbreviation Code
	.byte	21                              @ DW_TAG_subroutine_type
	.byte	0                               @ DW_CHILDREN_no
	.byte	73                              @ DW_AT_type
	.byte	19                              @ DW_FORM_ref4
	.byte	39                              @ DW_AT_prototyped
	.byte	12                              @ DW_FORM_flag
	.byte	0                               @ EOM(1)
	.byte	0                               @ EOM(2)
	.byte	10                              @ Abbreviation Code
	.byte	19                              @ DW_TAG_structure_type
	.byte	1                               @ DW_CHILDREN_yes
	.byte	3                               @ DW_AT_name
	.byte	14                              @ DW_FORM_strp
	.byte	11                              @ DW_AT_byte_size
	.byte	11                              @ DW_FORM_data1
	.byte	58                              @ DW_AT_decl_file
	.byte	11                              @ DW_FORM_data1
	.byte	59                              @ DW_AT_decl_line
	.byte	11                              @ DW_FORM_data1
	.byte	0                               @ EOM(1)
	.byte	0                               @ EOM(2)
	.byte	11                              @ Abbreviation Code
	.byte	13                              @ DW_TAG_member
	.byte	0                               @ DW_CHILDREN_no
	.byte	3                               @ DW_AT_name
	.byte	14                              @ DW_FORM_strp
	.byte	73                              @ DW_AT_type
	.byte	19                              @ DW_FORM_ref4
	.byte	58                              @ DW_AT_decl_file
	.byte	11                              @ DW_FORM_data1
	.byte	59                              @ DW_AT_decl_line
	.byte	11                              @ DW_FORM_data1
	.byte	56                              @ DW_AT_data_member_location
	.byte	11                              @ DW_FORM_data1
	.byte	0                               @ EOM(1)
	.byte	0                               @ EOM(2)
	.byte	12                              @ Abbreviation Code
	.byte	22                              @ DW_TAG_typedef
	.byte	0                               @ DW_CHILDREN_no
	.byte	73                              @ DW_AT_type
	.byte	19                              @ DW_FORM_ref4
	.byte	3                               @ DW_AT_name
	.byte	14                              @ DW_FORM_strp
	.byte	58                              @ DW_AT_decl_file
	.byte	11                              @ DW_FORM_data1
	.byte	59                              @ DW_AT_decl_line
	.byte	5                               @ DW_FORM_data2
	.byte	0                               @ EOM(1)
	.byte	0                               @ EOM(2)
	.byte	13                              @ Abbreviation Code
	.byte	19                              @ DW_TAG_structure_type
	.byte	1                               @ DW_CHILDREN_yes
	.byte	3                               @ DW_AT_name
	.byte	14                              @ DW_FORM_strp
	.byte	11                              @ DW_AT_byte_size
	.byte	11                              @ DW_FORM_data1
	.byte	58                              @ DW_AT_decl_file
	.byte	11                              @ DW_FORM_data1
	.byte	59                              @ DW_AT_decl_line
	.byte	5                               @ DW_FORM_data2
	.byte	0                               @ EOM(1)
	.byte	0                               @ EOM(2)
	.byte	14                              @ Abbreviation Code
	.byte	13                              @ DW_TAG_member
	.byte	0                               @ DW_CHILDREN_no
	.byte	3                               @ DW_AT_name
	.byte	14                              @ DW_FORM_strp
	.byte	73                              @ DW_AT_type
	.byte	19                              @ DW_FORM_ref4
	.byte	58                              @ DW_AT_decl_file
	.byte	11                              @ DW_FORM_data1
	.byte	59                              @ DW_AT_decl_line
	.byte	5                               @ DW_FORM_data2
	.byte	56                              @ DW_AT_data_member_location
	.byte	11                              @ DW_FORM_data1
	.byte	0                               @ EOM(1)
	.byte	0                               @ EOM(2)
	.byte	15                              @ Abbreviation Code
	.byte	21                              @ DW_TAG_subroutine_type
	.byte	1                               @ DW_CHILDREN_yes
	.byte	39                              @ DW_AT_prototyped
	.byte	12                              @ DW_FORM_flag
	.byte	0                               @ EOM(1)
	.byte	0                               @ EOM(2)
	.byte	16                              @ Abbreviation Code
	.byte	5                               @ DW_TAG_formal_parameter
	.byte	0                               @ DW_CHILDREN_no
	.byte	73                              @ DW_AT_type
	.byte	19                              @ DW_FORM_ref4
	.byte	0                               @ EOM(1)
	.byte	0                               @ EOM(2)
	.byte	17                              @ Abbreviation Code
	.byte	15                              @ DW_TAG_pointer_type
	.byte	0                               @ DW_CHILDREN_no
	.byte	0                               @ EOM(1)
	.byte	0                               @ EOM(2)
	.byte	18                              @ Abbreviation Code
	.byte	1                               @ DW_TAG_array_type
	.byte	1                               @ DW_CHILDREN_yes
	.byte	73                              @ DW_AT_type
	.byte	19                              @ DW_FORM_ref4
	.byte	0                               @ EOM(1)
	.byte	0                               @ EOM(2)
	.byte	19                              @ Abbreviation Code
	.byte	33                              @ DW_TAG_subrange_type
	.byte	0                               @ DW_CHILDREN_no
	.byte	73                              @ DW_AT_type
	.byte	19                              @ DW_FORM_ref4
	.byte	55                              @ DW_AT_count
	.byte	11                              @ DW_FORM_data1
	.byte	0                               @ EOM(1)
	.byte	0                               @ EOM(2)
	.byte	20                              @ Abbreviation Code
	.byte	36                              @ DW_TAG_base_type
	.byte	0                               @ DW_CHILDREN_no
	.byte	3                               @ DW_AT_name
	.byte	14                              @ DW_FORM_strp
	.byte	11                              @ DW_AT_byte_size
	.byte	11                              @ DW_FORM_data1
	.byte	62                              @ DW_AT_encoding
	.byte	11                              @ DW_FORM_data1
	.byte	0                               @ EOM(1)
	.byte	0                               @ EOM(2)
	.byte	21                              @ Abbreviation Code
	.byte	46                              @ DW_TAG_subprogram
	.byte	0                               @ DW_CHILDREN_no
	.byte	17                              @ DW_AT_low_pc
	.byte	1                               @ DW_FORM_addr
	.byte	18                              @ DW_AT_high_pc
	.byte	1                               @ DW_FORM_addr
	.byte	64                              @ DW_AT_frame_base
	.byte	10                              @ DW_FORM_block1
	.byte	3                               @ DW_AT_name
	.byte	14                              @ DW_FORM_strp
	.byte	58                              @ DW_AT_decl_file
	.byte	11                              @ DW_FORM_data1
	.byte	59                              @ DW_AT_decl_line
	.byte	11                              @ DW_FORM_data1
	.byte	39                              @ DW_AT_prototyped
	.byte	12                              @ DW_FORM_flag
	.byte	73                              @ DW_AT_type
	.byte	19                              @ DW_FORM_ref4
	.byte	63                              @ DW_AT_external
	.byte	12                              @ DW_FORM_flag
	.byte	0                               @ EOM(1)
	.byte	0                               @ EOM(2)
	.byte	22                              @ Abbreviation Code
	.byte	5                               @ DW_TAG_formal_parameter
	.byte	0                               @ DW_CHILDREN_no
	.byte	2                               @ DW_AT_location
	.byte	6                               @ DW_FORM_data4
	.byte	3                               @ DW_AT_name
	.byte	14                              @ DW_FORM_strp
	.byte	58                              @ DW_AT_decl_file
	.byte	11                              @ DW_FORM_data1
	.byte	59                              @ DW_AT_decl_line
	.byte	11                              @ DW_FORM_data1
	.byte	73                              @ DW_AT_type
	.byte	19                              @ DW_FORM_ref4
	.byte	0                               @ EOM(1)
	.byte	0                               @ EOM(2)
	.byte	23                              @ Abbreviation Code
	.byte	52                              @ DW_TAG_variable
	.byte	0                               @ DW_CHILDREN_no
	.byte	2                               @ DW_AT_location
	.byte	6                               @ DW_FORM_data4
	.byte	3                               @ DW_AT_name
	.byte	14                              @ DW_FORM_strp
	.byte	58                              @ DW_AT_decl_file
	.byte	11                              @ DW_FORM_data1
	.byte	59                              @ DW_AT_decl_line
	.byte	11                              @ DW_FORM_data1
	.byte	73                              @ DW_AT_type
	.byte	19                              @ DW_FORM_ref4
	.byte	0                               @ EOM(1)
	.byte	0                               @ EOM(2)
	.byte	24                              @ Abbreviation Code
	.byte	46                              @ DW_TAG_subprogram
	.byte	1                               @ DW_CHILDREN_yes
	.byte	17                              @ DW_AT_low_pc
	.byte	1                               @ DW_FORM_addr
	.byte	18                              @ DW_AT_high_pc
	.byte	1                               @ DW_FORM_addr
	.byte	64                              @ DW_AT_frame_base
	.byte	10                              @ DW_FORM_block1
	.byte	3                               @ DW_AT_name
	.byte	14                              @ DW_FORM_strp
	.byte	58                              @ DW_AT_decl_file
	.byte	11                              @ DW_FORM_data1
	.byte	59                              @ DW_AT_decl_line
	.byte	11                              @ DW_FORM_data1
	.byte	39                              @ DW_AT_prototyped
	.byte	12                              @ DW_FORM_flag
	.byte	0                               @ EOM(1)
	.byte	0                               @ EOM(2)
	.byte	25                              @ Abbreviation Code
	.byte	5                               @ DW_TAG_formal_parameter
	.byte	0                               @ DW_CHILDREN_no
	.byte	2                               @ DW_AT_location
	.byte	10                              @ DW_FORM_block1
	.byte	3                               @ DW_AT_name
	.byte	14                              @ DW_FORM_strp
	.byte	58                              @ DW_AT_decl_file
	.byte	11                              @ DW_FORM_data1
	.byte	59                              @ DW_AT_decl_line
	.byte	11                              @ DW_FORM_data1
	.byte	73                              @ DW_AT_type
	.byte	19                              @ DW_FORM_ref4
	.byte	0                               @ EOM(1)
	.byte	0                               @ EOM(2)
	.byte	0                               @ EOM(3)
	.section	.debug_info,"",%progbits
.Lcu_begin0:
	.long	.Ldebug_info_end0-.Ldebug_info_start0 @ Length of Unit
.Ldebug_info_start0:
	.short	3                               @ DWARF version number
	.long	.debug_abbrev                   @ Offset Into Abbrev. Section
	.byte	4                               @ Address Size (in bytes)
	.byte	1                               @ Abbrev [1] 0xb:0x5a0 DW_TAG_compile_unit
	.long	.Linfo_string0                  @ DW_AT_producer
	.short	12                              @ DW_AT_language
	.long	.Linfo_string1                  @ DW_AT_name
	.long	.Lline_table_start0             @ DW_AT_stmt_list
	.long	.Linfo_string2                  @ DW_AT_comp_dir
	.long	0                               @ DW_AT_low_pc
	.long	.Ldebug_ranges0                 @ DW_AT_ranges
	.byte	2                               @ Abbrev [2] 0x26:0x2f DW_TAG_subprogram
	.long	.Lfunc_begin4                   @ DW_AT_low_pc
	.long	.Lfunc_end4                     @ DW_AT_high_pc
	.byte	1                               @ DW_AT_frame_base
	.byte	93
	.long	.Linfo_string78                 @ DW_AT_name
	.byte	2                               @ DW_AT_decl_file
	.byte	81                              @ DW_AT_decl_line
	.byte	1                               @ DW_AT_prototyped
	.long	148                             @ DW_AT_type
	.byte	1                               @ DW_AT_external
	.byte	3                               @ Abbrev [3] 0x3d:0x17 DW_TAG_variable
	.long	.Linfo_string3                  @ DW_AT_name
	.long	85                              @ DW_AT_type
	.byte	2                               @ DW_AT_decl_file
	.byte	83                              @ DW_AT_decl_line
	.byte	11                              @ DW_AT_location
	.byte	3
	.long	rt_wlan_workqueue_init._init_flag
	.byte	148
	.byte	1
	.byte	49
	.byte	30
	.byte	48
	.byte	34
	.byte	0                               @ End Of Children Mark
	.byte	4                               @ Abbrev [4] 0x55:0xb DW_TAG_typedef
	.long	96                              @ DW_AT_type
	.long	.Linfo_string5                  @ DW_AT_name
	.byte	1                               @ DW_AT_decl_file
	.byte	64                              @ DW_AT_decl_line
	.byte	5                               @ Abbrev [5] 0x60:0x7 DW_TAG_base_type
	.long	.Linfo_string4                  @ DW_AT_name
	.byte	6                               @ DW_AT_encoding
	.byte	1                               @ DW_AT_byte_size
	.byte	6                               @ Abbrev [6] 0x67:0x12 DW_TAG_variable
	.long	.Linfo_string6                  @ DW_AT_name
	.long	121                             @ DW_AT_type
	.byte	1                               @ DW_AT_external
	.byte	2                               @ DW_AT_decl_file
	.byte	99                              @ DW_AT_decl_line
	.byte	5                               @ DW_AT_location
	.byte	3
	.long	__rt_init_rt_wlan_workqueue_init
	.byte	7                               @ Abbrev [7] 0x79:0x5 DW_TAG_const_type
	.long	126                             @ DW_AT_type
	.byte	4                               @ Abbrev [4] 0x7e:0xb DW_TAG_typedef
	.long	137                             @ DW_AT_type
	.long	.Linfo_string8                  @ DW_AT_name
	.byte	1                               @ DW_AT_decl_file
	.byte	192                             @ DW_AT_decl_line
	.byte	8                               @ Abbrev [8] 0x89:0x5 DW_TAG_pointer_type
	.long	142                             @ DW_AT_type
	.byte	9                               @ Abbrev [9] 0x8e:0x6 DW_TAG_subroutine_type
	.long	148                             @ DW_AT_type
	.byte	1                               @ DW_AT_prototyped
	.byte	5                               @ Abbrev [5] 0x94:0x7 DW_TAG_base_type
	.long	.Linfo_string7                  @ DW_AT_name
	.byte	5                               @ DW_AT_encoding
	.byte	4                               @ DW_AT_byte_size
	.byte	3                               @ Abbrev [3] 0x9b:0x11 DW_TAG_variable
	.long	.Linfo_string9                  @ DW_AT_name
	.long	172                             @ DW_AT_type
	.byte	2                               @ DW_AT_decl_file
	.byte	29                              @ DW_AT_decl_line
	.byte	5                               @ DW_AT_location
	.byte	3
	.long	wlan_workqueue
	.byte	8                               @ Abbrev [8] 0xac:0x5 DW_TAG_pointer_type
	.long	177                             @ DW_AT_type
	.byte	10                              @ Abbrev [10] 0xb1:0x39 DW_TAG_structure_type
	.long	.Linfo_string73                 @ DW_AT_name
	.byte	48                              @ DW_AT_byte_size
	.byte	3                               @ DW_AT_decl_file
	.byte	29                              @ DW_AT_decl_line
	.byte	11                              @ Abbrev [11] 0xb9:0xc DW_TAG_member
	.long	.Linfo_string10                 @ DW_AT_name
	.long	234                             @ DW_AT_type
	.byte	3                               @ DW_AT_decl_file
	.byte	31                              @ DW_AT_decl_line
	.byte	0                               @ DW_AT_data_member_location
	.byte	11                              @ Abbrev [11] 0xc5:0xc DW_TAG_member
	.long	.Linfo_string15                 @ DW_AT_name
	.long	287                             @ DW_AT_type
	.byte	3                               @ DW_AT_decl_file
	.byte	32                              @ DW_AT_decl_line
	.byte	8                               @ DW_AT_data_member_location
	.byte	11                              @ Abbrev [11] 0xd1:0xc DW_TAG_member
	.long	.Linfo_string43                 @ DW_AT_name
	.long	670                             @ DW_AT_type
	.byte	3                               @ DW_AT_decl_file
	.byte	34                              @ DW_AT_decl_line
	.byte	12                              @ DW_AT_data_member_location
	.byte	11                              @ Abbrev [11] 0xdd:0xc DW_TAG_member
	.long	.Linfo_string49                 @ DW_AT_name
	.long	755                             @ DW_AT_type
	.byte	3                               @ DW_AT_decl_file
	.byte	35                              @ DW_AT_decl_line
	.byte	44                              @ DW_AT_data_member_location
	.byte	0                               @ End Of Children Mark
	.byte	12                              @ Abbrev [12] 0xea:0xc DW_TAG_typedef
	.long	246                             @ DW_AT_type
	.long	.Linfo_string14                 @ DW_AT_name
	.byte	1                               @ DW_AT_decl_file
	.short	318                             @ DW_AT_decl_line
	.byte	13                              @ Abbrev [13] 0xf6:0x24 DW_TAG_structure_type
	.long	.Linfo_string13                 @ DW_AT_name
	.byte	8                               @ DW_AT_byte_size
	.byte	1                               @ DW_AT_decl_file
	.short	313                             @ DW_AT_decl_line
	.byte	14                              @ Abbrev [14] 0xff:0xd DW_TAG_member
	.long	.Linfo_string11                 @ DW_AT_name
	.long	282                             @ DW_AT_type
	.byte	1                               @ DW_AT_decl_file
	.short	315                             @ DW_AT_decl_line
	.byte	0                               @ DW_AT_data_member_location
	.byte	14                              @ Abbrev [14] 0x10c:0xd DW_TAG_member
	.long	.Linfo_string12                 @ DW_AT_name
	.long	282                             @ DW_AT_type
	.byte	1                               @ DW_AT_decl_file
	.short	316                             @ DW_AT_decl_line
	.byte	4                               @ DW_AT_data_member_location
	.byte	0                               @ End Of Children Mark
	.byte	8                               @ Abbrev [8] 0x11a:0x5 DW_TAG_pointer_type
	.long	246                             @ DW_AT_type
	.byte	8                               @ Abbrev [8] 0x11f:0x5 DW_TAG_pointer_type
	.long	292                             @ DW_AT_type
	.byte	10                              @ Abbrev [10] 0x124:0x5d DW_TAG_structure_type
	.long	.Linfo_string42                 @ DW_AT_name
	.byte	68                              @ DW_AT_byte_size
	.byte	3                               @ DW_AT_decl_file
	.byte	38                              @ DW_AT_decl_line
	.byte	11                              @ Abbrev [11] 0x12c:0xc DW_TAG_member
	.long	.Linfo_string16                 @ DW_AT_name
	.long	234                             @ DW_AT_type
	.byte	3                               @ DW_AT_decl_file
	.byte	40                              @ DW_AT_decl_line
	.byte	0                               @ DW_AT_data_member_location
	.byte	11                              @ Abbrev [11] 0x138:0xc DW_TAG_member
	.long	.Linfo_string17                 @ DW_AT_name
	.long	385                             @ DW_AT_type
	.byte	3                               @ DW_AT_decl_file
	.byte	42                              @ DW_AT_decl_line
	.byte	8                               @ DW_AT_data_member_location
	.byte	11                              @ Abbrev [11] 0x144:0xc DW_TAG_member
	.long	.Linfo_string18                 @ DW_AT_name
	.long	403                             @ DW_AT_type
	.byte	3                               @ DW_AT_decl_file
	.byte	43                              @ DW_AT_decl_line
	.byte	12                              @ DW_AT_data_member_location
	.byte	11                              @ Abbrev [11] 0x150:0xc DW_TAG_member
	.long	.Linfo_string19                 @ DW_AT_name
	.long	404                             @ DW_AT_type
	.byte	3                               @ DW_AT_decl_file
	.byte	44                              @ DW_AT_decl_line
	.byte	16                              @ DW_AT_data_member_location
	.byte	11                              @ Abbrev [11] 0x15c:0xc DW_TAG_member
	.long	.Linfo_string22                 @ DW_AT_name
	.long	404                             @ DW_AT_type
	.byte	3                               @ DW_AT_decl_file
	.byte	45                              @ DW_AT_decl_line
	.byte	18                              @ DW_AT_data_member_location
	.byte	11                              @ Abbrev [11] 0x168:0xc DW_TAG_member
	.long	.Linfo_string23                 @ DW_AT_name
	.long	422                             @ DW_AT_type
	.byte	3                               @ DW_AT_decl_file
	.byte	46                              @ DW_AT_decl_line
	.byte	20                              @ DW_AT_data_member_location
	.byte	11                              @ Abbrev [11] 0x174:0xc DW_TAG_member
	.long	.Linfo_string41                 @ DW_AT_name
	.long	172                             @ DW_AT_type
	.byte	3                               @ DW_AT_decl_file
	.byte	47                              @ DW_AT_decl_line
	.byte	64                              @ DW_AT_data_member_location
	.byte	0                               @ End Of Children Mark
	.byte	8                               @ Abbrev [8] 0x181:0x5 DW_TAG_pointer_type
	.long	390                             @ DW_AT_type
	.byte	15                              @ Abbrev [15] 0x186:0xd DW_TAG_subroutine_type
	.byte	1                               @ DW_AT_prototyped
	.byte	16                              @ Abbrev [16] 0x188:0x5 DW_TAG_formal_parameter
	.long	287                             @ DW_AT_type
	.byte	16                              @ Abbrev [16] 0x18d:0x5 DW_TAG_formal_parameter
	.long	403                             @ DW_AT_type
	.byte	0                               @ End Of Children Mark
	.byte	17                              @ Abbrev [17] 0x193:0x1 DW_TAG_pointer_type
	.byte	4                               @ Abbrev [4] 0x194:0xb DW_TAG_typedef
	.long	415                             @ DW_AT_type
	.long	.Linfo_string21                 @ DW_AT_name
	.byte	1                               @ DW_AT_decl_file
	.byte	68                              @ DW_AT_decl_line
	.byte	5                               @ Abbrev [5] 0x19f:0x7 DW_TAG_base_type
	.long	.Linfo_string20                 @ DW_AT_name
	.byte	7                               @ DW_AT_encoding
	.byte	2                               @ DW_AT_byte_size
	.byte	13                              @ Abbrev [13] 0x1a6:0x58 DW_TAG_structure_type
	.long	.Linfo_string40                 @ DW_AT_name
	.byte	44                              @ DW_AT_byte_size
	.byte	1                               @ DW_AT_decl_file
	.short	448                             @ DW_AT_decl_line
	.byte	14                              @ Abbrev [14] 0x1af:0xd DW_TAG_member
	.long	.Linfo_string24                 @ DW_AT_name
	.long	510                             @ DW_AT_type
	.byte	1                               @ DW_AT_decl_file
	.short	450                             @ DW_AT_decl_line
	.byte	0                               @ DW_AT_data_member_location
	.byte	14                              @ Abbrev [14] 0x1bc:0xd DW_TAG_member
	.long	.Linfo_string32                 @ DW_AT_name
	.long	616                             @ DW_AT_type
	.byte	1                               @ DW_AT_decl_file
	.short	452                             @ DW_AT_decl_line
	.byte	20                              @ DW_AT_data_member_location
	.byte	14                              @ Abbrev [14] 0x1c9:0xd DW_TAG_member
	.long	.Linfo_string33                 @ DW_AT_name
	.long	628                             @ DW_AT_type
	.byte	1                               @ DW_AT_decl_file
	.short	454                             @ DW_AT_decl_line
	.byte	28                              @ DW_AT_data_member_location
	.byte	14                              @ Abbrev [14] 0x1d6:0xd DW_TAG_member
	.long	.Linfo_string34                 @ DW_AT_name
	.long	403                             @ DW_AT_type
	.byte	1                               @ DW_AT_decl_file
	.short	455                             @ DW_AT_decl_line
	.byte	32                              @ DW_AT_data_member_location
	.byte	14                              @ Abbrev [14] 0x1e3:0xd DW_TAG_member
	.long	.Linfo_string35                 @ DW_AT_name
	.long	641                             @ DW_AT_type
	.byte	1                               @ DW_AT_decl_file
	.short	457                             @ DW_AT_decl_line
	.byte	36                              @ DW_AT_data_member_location
	.byte	14                              @ Abbrev [14] 0x1f0:0xd DW_TAG_member
	.long	.Linfo_string39                 @ DW_AT_name
	.long	641                             @ DW_AT_type
	.byte	1                               @ DW_AT_decl_file
	.short	458                             @ DW_AT_decl_line
	.byte	40                              @ DW_AT_data_member_location
	.byte	0                               @ End Of Children Mark
	.byte	13                              @ Abbrev [13] 0x1fe:0x3e DW_TAG_structure_type
	.long	.Linfo_string31                 @ DW_AT_name
	.byte	20                              @ DW_AT_byte_size
	.byte	1                               @ DW_AT_decl_file
	.short	343                             @ DW_AT_decl_line
	.byte	14                              @ Abbrev [14] 0x207:0xd DW_TAG_member
	.long	.Linfo_string25                 @ DW_AT_name
	.long	572                             @ DW_AT_type
	.byte	1                               @ DW_AT_decl_file
	.short	345                             @ DW_AT_decl_line
	.byte	0                               @ DW_AT_data_member_location
	.byte	14                              @ Abbrev [14] 0x214:0xd DW_TAG_member
	.long	.Linfo_string22                 @ DW_AT_name
	.long	598                             @ DW_AT_type
	.byte	1                               @ DW_AT_decl_file
	.short	346                             @ DW_AT_decl_line
	.byte	8                               @ DW_AT_data_member_location
	.byte	14                              @ Abbrev [14] 0x221:0xd DW_TAG_member
	.long	.Linfo_string30                 @ DW_AT_name
	.long	598                             @ DW_AT_type
	.byte	1                               @ DW_AT_decl_file
	.short	347                             @ DW_AT_decl_line
	.byte	9                               @ DW_AT_data_member_location
	.byte	14                              @ Abbrev [14] 0x22e:0xd DW_TAG_member
	.long	.Linfo_string16                 @ DW_AT_name
	.long	234                             @ DW_AT_type
	.byte	1                               @ DW_AT_decl_file
	.short	352                             @ DW_AT_decl_line
	.byte	12                              @ DW_AT_data_member_location
	.byte	0                               @ End Of Children Mark
	.byte	18                              @ Abbrev [18] 0x23c:0xc DW_TAG_array_type
	.long	584                             @ DW_AT_type
	.byte	19                              @ Abbrev [19] 0x241:0x6 DW_TAG_subrange_type
	.long	591                             @ DW_AT_type
	.byte	8                               @ DW_AT_count
	.byte	0                               @ End Of Children Mark
	.byte	5                               @ Abbrev [5] 0x248:0x7 DW_TAG_base_type
	.long	.Linfo_string26                 @ DW_AT_name
	.byte	6                               @ DW_AT_encoding
	.byte	1                               @ DW_AT_byte_size
	.byte	20                              @ Abbrev [20] 0x24f:0x7 DW_TAG_base_type
	.long	.Linfo_string27                 @ DW_AT_name
	.byte	8                               @ DW_AT_byte_size
	.byte	7                               @ DW_AT_encoding
	.byte	4                               @ Abbrev [4] 0x256:0xb DW_TAG_typedef
	.long	609                             @ DW_AT_type
	.long	.Linfo_string29                 @ DW_AT_name
	.byte	1                               @ DW_AT_decl_file
	.byte	67                              @ DW_AT_decl_line
	.byte	5                               @ Abbrev [5] 0x261:0x7 DW_TAG_base_type
	.long	.Linfo_string28                 @ DW_AT_name
	.byte	8                               @ DW_AT_encoding
	.byte	1                               @ DW_AT_byte_size
	.byte	18                              @ Abbrev [18] 0x268:0xc DW_TAG_array_type
	.long	234                             @ DW_AT_type
	.byte	19                              @ Abbrev [19] 0x26d:0x6 DW_TAG_subrange_type
	.long	591                             @ DW_AT_type
	.byte	1                               @ DW_AT_count
	.byte	0                               @ End Of Children Mark
	.byte	8                               @ Abbrev [8] 0x274:0x5 DW_TAG_pointer_type
	.long	633                             @ DW_AT_type
	.byte	15                              @ Abbrev [15] 0x279:0x8 DW_TAG_subroutine_type
	.byte	1                               @ DW_AT_prototyped
	.byte	16                              @ Abbrev [16] 0x27b:0x5 DW_TAG_formal_parameter
	.long	403                             @ DW_AT_type
	.byte	0                               @ End Of Children Mark
	.byte	4                               @ Abbrev [4] 0x281:0xb DW_TAG_typedef
	.long	652                             @ DW_AT_type
	.long	.Linfo_string38                 @ DW_AT_name
	.byte	1                               @ DW_AT_decl_file
	.byte	86                              @ DW_AT_decl_line
	.byte	4                               @ Abbrev [4] 0x28c:0xb DW_TAG_typedef
	.long	663                             @ DW_AT_type
	.long	.Linfo_string37                 @ DW_AT_name
	.byte	1                               @ DW_AT_decl_file
	.byte	69                              @ DW_AT_decl_line
	.byte	5                               @ Abbrev [5] 0x297:0x7 DW_TAG_base_type
	.long	.Linfo_string36                 @ DW_AT_name
	.byte	7                               @ DW_AT_encoding
	.byte	4                               @ DW_AT_byte_size
	.byte	13                              @ Abbrev [13] 0x29e:0x31 DW_TAG_structure_type
	.long	.Linfo_string48                 @ DW_AT_name
	.byte	32                              @ DW_AT_byte_size
	.byte	1                               @ DW_AT_decl_file
	.short	664                             @ DW_AT_decl_line
	.byte	14                              @ Abbrev [14] 0x2a7:0xd DW_TAG_member
	.long	.Linfo_string24                 @ DW_AT_name
	.long	719                             @ DW_AT_type
	.byte	1                               @ DW_AT_decl_file
	.short	666                             @ DW_AT_decl_line
	.byte	0                               @ DW_AT_data_member_location
	.byte	14                              @ Abbrev [14] 0x2b4:0xd DW_TAG_member
	.long	.Linfo_string46                 @ DW_AT_name
	.long	404                             @ DW_AT_type
	.byte	1                               @ DW_AT_decl_file
	.short	668                             @ DW_AT_decl_line
	.byte	28                              @ DW_AT_data_member_location
	.byte	14                              @ Abbrev [14] 0x2c1:0xd DW_TAG_member
	.long	.Linfo_string47                 @ DW_AT_name
	.long	404                             @ DW_AT_type
	.byte	1                               @ DW_AT_decl_file
	.short	669                             @ DW_AT_decl_line
	.byte	30                              @ DW_AT_data_member_location
	.byte	0                               @ End Of Children Mark
	.byte	13                              @ Abbrev [13] 0x2cf:0x24 DW_TAG_structure_type
	.long	.Linfo_string45                 @ DW_AT_name
	.byte	28                              @ DW_AT_byte_size
	.byte	1                               @ DW_AT_decl_file
	.short	653                             @ DW_AT_decl_line
	.byte	14                              @ Abbrev [14] 0x2d8:0xd DW_TAG_member
	.long	.Linfo_string24                 @ DW_AT_name
	.long	510                             @ DW_AT_type
	.byte	1                               @ DW_AT_decl_file
	.short	655                             @ DW_AT_decl_line
	.byte	0                               @ DW_AT_data_member_location
	.byte	14                              @ Abbrev [14] 0x2e5:0xd DW_TAG_member
	.long	.Linfo_string44                 @ DW_AT_name
	.long	234                             @ DW_AT_type
	.byte	1                               @ DW_AT_decl_file
	.short	657                             @ DW_AT_decl_line
	.byte	20                              @ DW_AT_data_member_location
	.byte	0                               @ End Of Children Mark
	.byte	12                              @ Abbrev [12] 0x2f3:0xc DW_TAG_typedef
	.long	767                             @ DW_AT_type
	.long	.Linfo_string72                 @ DW_AT_name
	.byte	1                               @ DW_AT_decl_file
	.short	628                             @ DW_AT_decl_line
	.byte	8                               @ Abbrev [8] 0x2ff:0x5 DW_TAG_pointer_type
	.long	772                             @ DW_AT_type
	.byte	13                              @ Abbrev [13] 0x304:0x128 DW_TAG_structure_type
	.long	.Linfo_string71                 @ DW_AT_name
	.byte	128                             @ DW_AT_byte_size
	.byte	1                               @ DW_AT_decl_file
	.short	553                             @ DW_AT_decl_line
	.byte	14                              @ Abbrev [14] 0x30d:0xd DW_TAG_member
	.long	.Linfo_string25                 @ DW_AT_name
	.long	572                             @ DW_AT_type
	.byte	1                               @ DW_AT_decl_file
	.short	556                             @ DW_AT_decl_line
	.byte	0                               @ DW_AT_data_member_location
	.byte	14                              @ Abbrev [14] 0x31a:0xd DW_TAG_member
	.long	.Linfo_string22                 @ DW_AT_name
	.long	598                             @ DW_AT_type
	.byte	1                               @ DW_AT_decl_file
	.short	557                             @ DW_AT_decl_line
	.byte	8                               @ DW_AT_data_member_location
	.byte	14                              @ Abbrev [14] 0x327:0xd DW_TAG_member
	.long	.Linfo_string19                 @ DW_AT_name
	.long	598                             @ DW_AT_type
	.byte	1                               @ DW_AT_decl_file
	.short	558                             @ DW_AT_decl_line
	.byte	9                               @ DW_AT_data_member_location
	.byte	14                              @ Abbrev [14] 0x334:0xd DW_TAG_member
	.long	.Linfo_string16                 @ DW_AT_name
	.long	234                             @ DW_AT_type
	.byte	1                               @ DW_AT_decl_file
	.short	564                             @ DW_AT_decl_line
	.byte	12                              @ DW_AT_data_member_location
	.byte	14                              @ Abbrev [14] 0x341:0xd DW_TAG_member
	.long	.Linfo_string50                 @ DW_AT_name
	.long	234                             @ DW_AT_type
	.byte	1                               @ DW_AT_decl_file
	.short	565                             @ DW_AT_decl_line
	.byte	20                              @ DW_AT_data_member_location
	.byte	14                              @ Abbrev [14] 0x34e:0xd DW_TAG_member
	.long	.Linfo_string51                 @ DW_AT_name
	.long	403                             @ DW_AT_type
	.byte	1                               @ DW_AT_decl_file
	.short	568                             @ DW_AT_decl_line
	.byte	28                              @ DW_AT_data_member_location
	.byte	14                              @ Abbrev [14] 0x35b:0xd DW_TAG_member
	.long	.Linfo_string52                 @ DW_AT_name
	.long	403                             @ DW_AT_type
	.byte	1                               @ DW_AT_decl_file
	.short	569                             @ DW_AT_decl_line
	.byte	32                              @ DW_AT_data_member_location
	.byte	14                              @ Abbrev [14] 0x368:0xd DW_TAG_member
	.long	.Linfo_string34                 @ DW_AT_name
	.long	403                             @ DW_AT_type
	.byte	1                               @ DW_AT_decl_file
	.short	570                             @ DW_AT_decl_line
	.byte	36                              @ DW_AT_data_member_location
	.byte	14                              @ Abbrev [14] 0x375:0xd DW_TAG_member
	.long	.Linfo_string53                 @ DW_AT_name
	.long	403                             @ DW_AT_type
	.byte	1                               @ DW_AT_decl_file
	.short	571                             @ DW_AT_decl_line
	.byte	40                              @ DW_AT_data_member_location
	.byte	14                              @ Abbrev [14] 0x382:0xd DW_TAG_member
	.long	.Linfo_string54                 @ DW_AT_name
	.long	652                             @ DW_AT_type
	.byte	1                               @ DW_AT_decl_file
	.short	572                             @ DW_AT_decl_line
	.byte	44                              @ DW_AT_data_member_location
	.byte	14                              @ Abbrev [14] 0x38f:0xd DW_TAG_member
	.long	.Linfo_string55                 @ DW_AT_name
	.long	1068                            @ DW_AT_type
	.byte	1                               @ DW_AT_decl_file
	.short	575                             @ DW_AT_decl_line
	.byte	48                              @ DW_AT_data_member_location
	.byte	14                              @ Abbrev [14] 0x39c:0xd DW_TAG_member
	.long	.Linfo_string59                 @ DW_AT_name
	.long	598                             @ DW_AT_type
	.byte	1                               @ DW_AT_decl_file
	.short	577                             @ DW_AT_decl_line
	.byte	52                              @ DW_AT_data_member_location
	.byte	14                              @ Abbrev [14] 0x3a9:0xd DW_TAG_member
	.long	.Linfo_string60                 @ DW_AT_name
	.long	598                             @ DW_AT_type
	.byte	1                               @ DW_AT_decl_file
	.short	589                             @ DW_AT_decl_line
	.byte	53                              @ DW_AT_data_member_location
	.byte	14                              @ Abbrev [14] 0x3b6:0xd DW_TAG_member
	.long	.Linfo_string61                 @ DW_AT_name
	.long	598                             @ DW_AT_type
	.byte	1                               @ DW_AT_decl_file
	.short	590                             @ DW_AT_decl_line
	.byte	54                              @ DW_AT_data_member_location
	.byte	14                              @ Abbrev [14] 0x3c3:0xd DW_TAG_member
	.long	.Linfo_string62                 @ DW_AT_name
	.long	652                             @ DW_AT_type
	.byte	1                               @ DW_AT_decl_file
	.short	595                             @ DW_AT_decl_line
	.byte	56                              @ DW_AT_data_member_location
	.byte	14                              @ Abbrev [14] 0x3d0:0xd DW_TAG_member
	.long	.Linfo_string63                 @ DW_AT_name
	.long	652                             @ DW_AT_type
	.byte	1                               @ DW_AT_decl_file
	.short	599                             @ DW_AT_decl_line
	.byte	60                              @ DW_AT_data_member_location
	.byte	14                              @ Abbrev [14] 0x3dd:0xd DW_TAG_member
	.long	.Linfo_string64                 @ DW_AT_name
	.long	598                             @ DW_AT_type
	.byte	1                               @ DW_AT_decl_file
	.short	600                             @ DW_AT_decl_line
	.byte	64                              @ DW_AT_data_member_location
	.byte	14                              @ Abbrev [14] 0x3ea:0xd DW_TAG_member
	.long	.Linfo_string35                 @ DW_AT_name
	.long	1097                            @ DW_AT_type
	.byte	1                               @ DW_AT_decl_file
	.short	614                             @ DW_AT_decl_line
	.byte	68                              @ DW_AT_data_member_location
	.byte	14                              @ Abbrev [14] 0x3f7:0xd DW_TAG_member
	.long	.Linfo_string67                 @ DW_AT_name
	.long	1097                            @ DW_AT_type
	.byte	1                               @ DW_AT_decl_file
	.short	615                             @ DW_AT_decl_line
	.byte	72                              @ DW_AT_data_member_location
	.byte	14                              @ Abbrev [14] 0x404:0xd DW_TAG_member
	.long	.Linfo_string68                 @ DW_AT_name
	.long	422                             @ DW_AT_type
	.byte	1                               @ DW_AT_decl_file
	.short	617                             @ DW_AT_decl_line
	.byte	76                              @ DW_AT_data_member_location
	.byte	14                              @ Abbrev [14] 0x411:0xd DW_TAG_member
	.long	.Linfo_string69                 @ DW_AT_name
	.long	1115                            @ DW_AT_type
	.byte	1                               @ DW_AT_decl_file
	.short	619                             @ DW_AT_decl_line
	.byte	120                             @ DW_AT_data_member_location
	.byte	14                              @ Abbrev [14] 0x41e:0xd DW_TAG_member
	.long	.Linfo_string70                 @ DW_AT_name
	.long	1097                            @ DW_AT_type
	.byte	1                               @ DW_AT_decl_file
	.short	626                             @ DW_AT_decl_line
	.byte	124                             @ DW_AT_data_member_location
	.byte	0                               @ End Of Children Mark
	.byte	4                               @ Abbrev [4] 0x42c:0xb DW_TAG_typedef
	.long	1079                            @ DW_AT_type
	.long	.Linfo_string58                 @ DW_AT_name
	.byte	1                               @ DW_AT_decl_file
	.byte	84                              @ DW_AT_decl_line
	.byte	4                               @ Abbrev [4] 0x437:0xb DW_TAG_typedef
	.long	1090                            @ DW_AT_type
	.long	.Linfo_string57                 @ DW_AT_name
	.byte	1                               @ DW_AT_decl_file
	.byte	81                              @ DW_AT_decl_line
	.byte	5                               @ Abbrev [5] 0x442:0x7 DW_TAG_base_type
	.long	.Linfo_string56                 @ DW_AT_name
	.byte	5                               @ DW_AT_encoding
	.byte	4                               @ DW_AT_byte_size
	.byte	4                               @ Abbrev [4] 0x449:0xb DW_TAG_typedef
	.long	1108                            @ DW_AT_type
	.long	.Linfo_string66                 @ DW_AT_name
	.byte	1                               @ DW_AT_decl_file
	.byte	82                              @ DW_AT_decl_line
	.byte	5                               @ Abbrev [5] 0x454:0x7 DW_TAG_base_type
	.long	.Linfo_string65                 @ DW_AT_name
	.byte	7                               @ DW_AT_encoding
	.byte	4                               @ DW_AT_byte_size
	.byte	8                               @ Abbrev [8] 0x45b:0x5 DW_TAG_pointer_type
	.long	1120                            @ DW_AT_type
	.byte	15                              @ Abbrev [15] 0x460:0x8 DW_TAG_subroutine_type
	.byte	1                               @ DW_AT_prototyped
	.byte	16                              @ Abbrev [16] 0x462:0x5 DW_TAG_formal_parameter
	.long	767                             @ DW_AT_type
	.byte	0                               @ End Of Children Mark
	.byte	21                              @ Abbrev [21] 0x468:0x17 DW_TAG_subprogram
	.long	.Lfunc_begin0                   @ DW_AT_low_pc
	.long	.Lfunc_end0                     @ DW_AT_high_pc
	.byte	1                               @ DW_AT_frame_base
	.byte	93
	.long	.Linfo_string74                 @ DW_AT_name
	.byte	2                               @ DW_AT_decl_file
	.byte	39                              @ DW_AT_decl_line
	.byte	1                               @ DW_AT_prototyped
	.long	172                             @ DW_AT_type
	.byte	1                               @ DW_AT_external
	.byte	2                               @ Abbrev [2] 0x47f:0x54 DW_TAG_subprogram
	.long	.Lfunc_begin1                   @ DW_AT_low_pc
	.long	.Lfunc_end1                     @ DW_AT_high_pc
	.byte	1                               @ DW_AT_frame_base
	.byte	93
	.long	.Linfo_string75                 @ DW_AT_name
	.byte	2                               @ DW_AT_decl_file
	.byte	44                              @ DW_AT_decl_line
	.byte	1                               @ DW_AT_prototyped
	.long	1068                            @ DW_AT_type
	.byte	1                               @ DW_AT_external
	.byte	22                              @ Abbrev [22] 0x496:0xf DW_TAG_formal_parameter
	.long	.Ldebug_loc0                    @ DW_AT_location
	.long	.Linfo_string80                 @ DW_AT_name
	.byte	2                               @ DW_AT_decl_file
	.byte	44                              @ DW_AT_decl_line
	.long	628                             @ DW_AT_type
	.byte	22                              @ Abbrev [22] 0x4a5:0xf DW_TAG_formal_parameter
	.long	.Ldebug_loc1                    @ DW_AT_location
	.long	.Linfo_string34                 @ DW_AT_name
	.byte	2                               @ DW_AT_decl_file
	.byte	44                              @ DW_AT_decl_line
	.long	403                             @ DW_AT_type
	.byte	23                              @ Abbrev [23] 0x4b4:0xf DW_TAG_variable
	.long	.Ldebug_loc2                    @ DW_AT_location
	.long	.Linfo_string81                 @ DW_AT_name
	.byte	2                               @ DW_AT_decl_file
	.byte	47                              @ DW_AT_decl_line
	.long	1068                            @ DW_AT_type
	.byte	23                              @ Abbrev [23] 0x4c3:0xf DW_TAG_variable
	.long	.Ldebug_loc3                    @ DW_AT_location
	.long	.Linfo_string82                 @ DW_AT_name
	.byte	2                               @ DW_AT_decl_file
	.byte	46                              @ DW_AT_decl_line
	.long	1395                            @ DW_AT_type
	.byte	0                               @ End Of Children Mark
	.byte	24                              @ Abbrev [24] 0x4d3:0x40 DW_TAG_subprogram
	.long	.Lfunc_begin2                   @ DW_AT_low_pc
	.long	.Lfunc_end2                     @ DW_AT_high_pc
	.byte	1                               @ DW_AT_frame_base
	.byte	93
	.long	.Linfo_string76                 @ DW_AT_name
	.byte	3                               @ DW_AT_decl_file
	.byte	71                              @ DW_AT_decl_line
	.byte	1                               @ DW_AT_prototyped
	.byte	22                              @ Abbrev [22] 0x4e5:0xf DW_TAG_formal_parameter
	.long	.Ldebug_loc4                    @ DW_AT_location
	.long	.Linfo_string83                 @ DW_AT_name
	.byte	3                               @ DW_AT_decl_file
	.byte	71                              @ DW_AT_decl_line
	.long	287                             @ DW_AT_type
	.byte	22                              @ Abbrev [22] 0x4f4:0xf DW_TAG_formal_parameter
	.long	.Ldebug_loc6                    @ DW_AT_location
	.long	.Linfo_string17                 @ DW_AT_name
	.byte	3                               @ DW_AT_decl_file
	.byte	71                              @ DW_AT_decl_line
	.long	385                             @ DW_AT_type
	.byte	22                              @ Abbrev [22] 0x503:0xf DW_TAG_formal_parameter
	.long	.Ldebug_loc5                    @ DW_AT_location
	.long	.Linfo_string18                 @ DW_AT_name
	.byte	3                               @ DW_AT_decl_file
	.byte	72                              @ DW_AT_decl_line
	.long	403                             @ DW_AT_type
	.byte	0                               @ End Of Children Mark
	.byte	24                              @ Abbrev [24] 0x513:0x40 DW_TAG_subprogram
	.long	.Lfunc_begin3                   @ DW_AT_low_pc
	.long	.Lfunc_end3                     @ DW_AT_high_pc
	.byte	1                               @ DW_AT_frame_base
	.byte	93
	.long	.Linfo_string77                 @ DW_AT_name
	.byte	2                               @ DW_AT_decl_file
	.byte	31                              @ DW_AT_decl_line
	.byte	1                               @ DW_AT_prototyped
	.byte	22                              @ Abbrev [22] 0x525:0xf DW_TAG_formal_parameter
	.long	.Ldebug_loc7                    @ DW_AT_location
	.long	.Linfo_string83                 @ DW_AT_name
	.byte	2                               @ DW_AT_decl_file
	.byte	31                              @ DW_AT_decl_line
	.long	287                             @ DW_AT_type
	.byte	22                              @ Abbrev [22] 0x534:0xf DW_TAG_formal_parameter
	.long	.Ldebug_loc8                    @ DW_AT_location
	.long	.Linfo_string18                 @ DW_AT_name
	.byte	2                               @ DW_AT_decl_file
	.byte	31                              @ DW_AT_decl_line
	.long	403                             @ DW_AT_type
	.byte	23                              @ Abbrev [23] 0x543:0xf DW_TAG_variable
	.long	.Ldebug_loc9                    @ DW_AT_location
	.long	.Linfo_string82                 @ DW_AT_name
	.byte	2                               @ DW_AT_decl_file
	.byte	33                              @ DW_AT_decl_line
	.long	1395                            @ DW_AT_type
	.byte	0                               @ End Of Children Mark
	.byte	24                              @ Abbrev [24] 0x553:0x20 DW_TAG_subprogram
	.long	.Lfunc_begin5                   @ DW_AT_low_pc
	.long	.Lfunc_end5                     @ DW_AT_high_pc
	.byte	1                               @ DW_AT_frame_base
	.byte	93
	.long	.Linfo_string79                 @ DW_AT_name
	.byte	4                               @ DW_AT_decl_file
	.byte	47                              @ DW_AT_decl_line
	.byte	1                               @ DW_AT_prototyped
	.byte	25                              @ Abbrev [25] 0x565:0xd DW_TAG_formal_parameter
	.byte	1                               @ DW_AT_location
	.byte	80
	.long	.Linfo_string86                 @ DW_AT_name
	.byte	4                               @ DW_AT_decl_file
	.byte	47                              @ DW_AT_decl_line
	.long	1445                            @ DW_AT_type
	.byte	0                               @ End Of Children Mark
	.byte	8                               @ Abbrev [8] 0x573:0x5 DW_TAG_pointer_type
	.long	1400                            @ DW_AT_type
	.byte	10                              @ Abbrev [10] 0x578:0x2d DW_TAG_structure_type
	.long	.Linfo_string85                 @ DW_AT_name
	.byte	76                              @ DW_AT_byte_size
	.byte	2                               @ DW_AT_decl_file
	.byte	22                              @ DW_AT_decl_line
	.byte	11                              @ Abbrev [11] 0x580:0xc DW_TAG_member
	.long	.Linfo_string83                 @ DW_AT_name
	.long	292                             @ DW_AT_type
	.byte	2                               @ DW_AT_decl_file
	.byte	24                              @ DW_AT_decl_line
	.byte	0                               @ DW_AT_data_member_location
	.byte	11                              @ Abbrev [11] 0x58c:0xc DW_TAG_member
	.long	.Linfo_string84                 @ DW_AT_name
	.long	628                             @ DW_AT_type
	.byte	2                               @ DW_AT_decl_file
	.byte	25                              @ DW_AT_decl_line
	.byte	68                              @ DW_AT_data_member_location
	.byte	11                              @ Abbrev [11] 0x598:0xc DW_TAG_member
	.long	.Linfo_string34                 @ DW_AT_name
	.long	403                             @ DW_AT_type
	.byte	2                               @ DW_AT_decl_file
	.byte	26                              @ DW_AT_decl_line
	.byte	72                              @ DW_AT_data_member_location
	.byte	0                               @ End Of Children Mark
	.byte	8                               @ Abbrev [8] 0x5a5:0x5 DW_TAG_pointer_type
	.long	234                             @ DW_AT_type
	.byte	0                               @ End Of Children Mark
.Ldebug_info_end0:
	.section	.debug_ranges,"",%progbits
.Ldebug_ranges0:
	.long	.Lfunc_begin0
	.long	.Lfunc_end0
	.long	.Lfunc_begin1
	.long	.Lfunc_end1
	.long	.Lfunc_begin2
	.long	.Lfunc_end2
	.long	.Lfunc_begin3
	.long	.Lfunc_end3
	.long	.Lfunc_begin4
	.long	.Lfunc_end4
	.long	.Lfunc_begin5
	.long	.Lfunc_end5
	.long	0
	.long	0
	.section	.debug_str,"MS",%progbits,1
.Linfo_string0:
	.asciz	"Component: ARM Compiler 6.16 Tool: armclang [5dfeb700]" @ string offset=0
.Linfo_string1:
	.asciz	"rt-thread/components/drivers/wlan\\wlan_workqueue.c" @ string offset=55
.Linfo_string2:
	.asciz	"E:\\Smart-access-control\\Hardware\\CODE" @ string offset=106
.Linfo_string3:
	.asciz	"_init_flag"                    @ string offset=144
.Linfo_string4:
	.asciz	"signed char"                   @ string offset=155
.Linfo_string5:
	.asciz	"rt_int8_t"                     @ string offset=167
.Linfo_string6:
	.asciz	"__rt_init_rt_wlan_workqueue_init" @ string offset=177
.Linfo_string7:
	.asciz	"int"                           @ string offset=210
.Linfo_string8:
	.asciz	"init_fn_t"                     @ string offset=214
.Linfo_string9:
	.asciz	"wlan_workqueue"                @ string offset=224
.Linfo_string10:
	.asciz	"work_list"                     @ string offset=239
.Linfo_string11:
	.asciz	"next"                          @ string offset=249
.Linfo_string12:
	.asciz	"prev"                          @ string offset=254
.Linfo_string13:
	.asciz	"rt_list_node"                  @ string offset=259
.Linfo_string14:
	.asciz	"rt_list_t"                     @ string offset=272
.Linfo_string15:
	.asciz	"work_current"                  @ string offset=282
.Linfo_string16:
	.asciz	"list"                          @ string offset=295
.Linfo_string17:
	.asciz	"work_func"                     @ string offset=300
.Linfo_string18:
	.asciz	"work_data"                     @ string offset=310
.Linfo_string19:
	.asciz	"flags"                         @ string offset=320
.Linfo_string20:
	.asciz	"unsigned short"                @ string offset=326
.Linfo_string21:
	.asciz	"rt_uint16_t"                   @ string offset=341
.Linfo_string22:
	.asciz	"type"                          @ string offset=353
.Linfo_string23:
	.asciz	"timer"                         @ string offset=358
.Linfo_string24:
	.asciz	"parent"                        @ string offset=364
.Linfo_string25:
	.asciz	"name"                          @ string offset=371
.Linfo_string26:
	.asciz	"char"                          @ string offset=376
.Linfo_string27:
	.asciz	"__ARRAY_SIZE_TYPE__"           @ string offset=381
.Linfo_string28:
	.asciz	"unsigned char"                 @ string offset=401
.Linfo_string29:
	.asciz	"rt_uint8_t"                    @ string offset=415
.Linfo_string30:
	.asciz	"flag"                          @ string offset=426
.Linfo_string31:
	.asciz	"rt_object"                     @ string offset=431
.Linfo_string32:
	.asciz	"row"                           @ string offset=441
.Linfo_string33:
	.asciz	"timeout_func"                  @ string offset=445
.Linfo_string34:
	.asciz	"parameter"                     @ string offset=458
.Linfo_string35:
	.asciz	"init_tick"                     @ string offset=468
.Linfo_string36:
	.asciz	"unsigned int"                  @ string offset=478
.Linfo_string37:
	.asciz	"rt_uint32_t"                   @ string offset=491
.Linfo_string38:
	.asciz	"rt_tick_t"                     @ string offset=503
.Linfo_string39:
	.asciz	"timeout_tick"                  @ string offset=513
.Linfo_string40:
	.asciz	"rt_timer"                      @ string offset=526
.Linfo_string41:
	.asciz	"workqueue"                     @ string offset=535
.Linfo_string42:
	.asciz	"rt_work"                       @ string offset=545
.Linfo_string43:
	.asciz	"sem"                           @ string offset=553
.Linfo_string44:
	.asciz	"suspend_thread"                @ string offset=557
.Linfo_string45:
	.asciz	"rt_ipc_object"                 @ string offset=572
.Linfo_string46:
	.asciz	"value"                         @ string offset=586
.Linfo_string47:
	.asciz	"reserved"                      @ string offset=592
.Linfo_string48:
	.asciz	"rt_semaphore"                  @ string offset=601
.Linfo_string49:
	.asciz	"work_thread"                   @ string offset=614
.Linfo_string50:
	.asciz	"tlist"                         @ string offset=626
.Linfo_string51:
	.asciz	"sp"                            @ string offset=632
.Linfo_string52:
	.asciz	"entry"                         @ string offset=635
.Linfo_string53:
	.asciz	"stack_addr"                    @ string offset=641
.Linfo_string54:
	.asciz	"stack_size"                    @ string offset=652
.Linfo_string55:
	.asciz	"error"                         @ string offset=663
.Linfo_string56:
	.asciz	"long int"                      @ string offset=669
.Linfo_string57:
	.asciz	"rt_base_t"                     @ string offset=678
.Linfo_string58:
	.asciz	"rt_err_t"                      @ string offset=688
.Linfo_string59:
	.asciz	"stat"                          @ string offset=697
.Linfo_string60:
	.asciz	"current_priority"              @ string offset=702
.Linfo_string61:
	.asciz	"init_priority"                 @ string offset=719
.Linfo_string62:
	.asciz	"number_mask"                   @ string offset=733
.Linfo_string63:
	.asciz	"event_set"                     @ string offset=745
.Linfo_string64:
	.asciz	"event_info"                    @ string offset=755
.Linfo_string65:
	.asciz	"long unsigned int"             @ string offset=766
.Linfo_string66:
	.asciz	"rt_ubase_t"                    @ string offset=784
.Linfo_string67:
	.asciz	"remaining_tick"                @ string offset=795
.Linfo_string68:
	.asciz	"thread_timer"                  @ string offset=810
.Linfo_string69:
	.asciz	"cleanup"                       @ string offset=823
.Linfo_string70:
	.asciz	"user_data"                     @ string offset=831
.Linfo_string71:
	.asciz	"rt_thread"                     @ string offset=841
.Linfo_string72:
	.asciz	"rt_thread_t"                   @ string offset=851
.Linfo_string73:
	.asciz	"rt_workqueue"                  @ string offset=863
.Linfo_string74:
	.asciz	"rt_wlan_get_workqueue"         @ string offset=876
.Linfo_string75:
	.asciz	"rt_wlan_workqueue_dowork"      @ string offset=898
.Linfo_string76:
	.asciz	"rt_work_init"                  @ string offset=923
.Linfo_string77:
	.asciz	"rt_wlan_workqueue_fun"         @ string offset=936
.Linfo_string78:
	.asciz	"rt_wlan_workqueue_init"        @ string offset=958
.Linfo_string79:
	.asciz	"rt_list_init"                  @ string offset=981
.Linfo_string80:
	.asciz	"func"                          @ string offset=994
.Linfo_string81:
	.asciz	"err"                           @ string offset=999
.Linfo_string82:
	.asciz	"wlan_work"                     @ string offset=1003
.Linfo_string83:
	.asciz	"work"                          @ string offset=1013
.Linfo_string84:
	.asciz	"fun"                           @ string offset=1018
.Linfo_string85:
	.asciz	"rt_wlan_work"                  @ string offset=1022
.Linfo_string86:
	.asciz	"l"                             @ string offset=1035
	.ident	"Component: ARM Compiler 6.16 Tool: armclang [5dfeb700]"
	.section	".note.GNU-stack","",%progbits
	.eabi_attribute	30, 1	@ Tag_ABI_optimization_goals
	.ARM_attribute	16, 1	@ Tag_AV_eba
	.section	.debug_line,"",%progbits
.Lline_table_start0:
